3.7225 	WARNING 	We strongly recommend you activate the PTB sound engine in PsychoPy prefs as the preferred audio engine. Its timing is vastly superior. Your prefs are currently set to use ['sounddevice', 'PTB', 'pyo', 'pygame'] (in that order).
12.6049 	WARNING 	User requested fullscreen with size [800 600], but screen is actually [1280, 1024]. Using actual size
13.3237 	EXP 	Created window1 = Window(allowGUI=False, allowStencil=False, autoLog=True, backendConf=UNKNOWN, bitsMode=UNKNOWN, blendMode='avg', bpc=(8, 8, 8), color=array([0, 0, 0]), colorSpace='rgb', depthBits=8, fullscr=<method-wrapper '__getattribute__' of attributeSetter object at 0x0000022DA5A837B8>, gamma=None, gammaErrorPolicy='raise', lms=UNKNOWN, monitor=<psychopy.monitors.calibTools.Monitor object at 0x0000022DA59EFF28>, multiSample=False, name='window1', numSamples=2, pos=[0.0, 0.0], screen=0, size=array([1280, 1024]), stencilBits=0, stereo=False, units='height', useFBO=True, useRetina=False, viewOri=0.0, viewPos=None, viewScale=None, waitBlanking=True, winType='pyglet')
13.3239 	EXP 	window1: mouseVisible = True
13.3239 	EXP 	window1: recordFrameIntervals = False
13.4900 	EXP 	window1: recordFrameIntervals = True
13.6734 	EXP 	window1: recordFrameIntervals = False
23.4360 	WARNING 	Monitor specification not found. Creating a temporary one...
23.4498 	WARNING 	User requested fullscreen with size [800 600], but screen is actually [1280, 1024]. Using actual size
24.0234 	EXP 	Created window1 = Window(allowGUI=True, allowStencil=False, autoLog=True, backendConf=UNKNOWN, bitsMode=UNKNOWN, blendMode='avg', bpc=(8, 8, 8), color=array([0, 0, 0]), colorSpace='rgb', depthBits=8, fullscr=<method-wrapper '__getattribute__' of attributeSetter object at 0x0000022DA5A837B8>, gamma=None, gammaErrorPolicy='raise', lms=UNKNOWN, monitor=<psychopy.monitors.calibTools.Monitor object at 0x0000022DAC130860>, multiSample=False, name='window1', numSamples=2, pos=[0.0, 0.0], screen=0, size=array([1280, 1024]), stencilBits=0, stereo=False, units='pix', useFBO=False, useRetina=False, viewOri=0.0, viewPos=None, viewScale=None, waitBlanking=True, winType='pyglet')
24.0235 	EXP 	window1: mouseVisible = True
24.0238 	EXP 	window1: mouseVisible = False
24.0238 	EXP 	window1: mouseVisible = False
24.1319 	EXP 	Sound sound_pop set volume 1.000
24.1319 	EXP 	Sound sound_pop2 set volume 1.000
24.1319 	EXP 	Sound sound_pop3 set volume 1.000
24.2436 	EXP 	Sound sound_pop4 set volume 1.000
24.2437 	EXP 	Sound sound_pop5 set volume 1.000
24.2437 	EXP 	Sound sound_pop6 set volume 1.000
24.2510 	EXP 	Sound clickedSound set volume 1.000
24.2542 	EXP 	Sound sound_pop7 set volume 1.000
24.2641 	EXP 	Sound clickedSound set volume 1.000
24.2932 	EXP 	Sound sound_pop set volume 1.000
24.2932 	EXP 	Sound sound_pop2 set volume 1.000
24.2932 	EXP 	Sound sound_pop3 set volume 1.000
24.3977 	EXP 	Sound sound_pop4 set volume 1.000
24.3977 	EXP 	Sound sound_pop5 set volume 1.000
24.3978 	EXP 	Sound sound_pop6 set volume 1.000
24.4051 	EXP 	Sound clickedSound set volume 1.000
24.4082 	EXP 	Sound sound_pop7 set volume 1.000
24.4172 	EXP 	Sound clickedSound set volume 1.000
24.4797 	EXP 	Created sequence: random, trialTypes=1, nReps=2, seed=None
24.4799 	EXP 	New trial (rep=0, index=0): None
26.6409 	DATA 	Keypress: escape
26.7956 	EXP 	window1: mouseVisible = True
