2.6393 	WARNING 	We strongly recommend you activate the PTB sound engine in PsychoPy prefs as the preferred audio engine. Its timing is vastly superior. Your prefs are currently set to use ['sounddevice', 'PTB', 'pyo', 'pygame'] (in that order).
11.6600 	EXP 	Created window1 = Window(allowGUI=False, allowStencil=False, autoLog=True, backendConf=UNKNOWN, bitsMode=UNKNOWN, blendMode='avg', bpc=(8, 8, 8), color=array([0, 0, 0]), colorSpace='rgb', depthBits=8, fullscr=<method-wrapper '__getattribute__' of attributeSetter object at 0x000002CE49F7F588>, gamma=None, gammaErrorPolicy='raise', lms=UNKNOWN, monitor=<psychopy.monitors.calibTools.Monitor object at 0x000002CE49FE3CF8>, multiSample=False, name='window1', numSamples=2, pos=[0.0, 0.0], screen=0, size=array([1280, 1024]), stencilBits=0, stereo=False, units='height', useFBO=True, useRetina=False, viewOri=0.0, viewPos=None, viewScale=None, waitBlanking=True, winType='pyglet')
11.6602 	EXP 	window1: mouseVisible = True
11.6602 	EXP 	window1: recordFrameIntervals = False
11.8264 	EXP 	window1: recordFrameIntervals = True
12.0098 	EXP 	window1: recordFrameIntervals = False
24.4022 	EXP 	Created Instructions = TextStim(__class__=<class 'psychopy.visual.text.TextStim'>, alignHoriz=method-wrapper(...), alignText='center', alignVert=method-wrapper(...), anchorHoriz='center', anchorVert='center', antialias=True, autoLog=True, bold=False, color=array([1., 1., 1.]), colorSpace='rgb', contrast=1.0, depth=0.0, flipHoriz=False, flipVert=False, font='Arial', fontFiles=[], height=0.03, italic=False, languageStyle='LTR', name='Instructions', opacity=1, ori=0, pos=array([0., 0.]), rgb=UNKNOWN, text=str(...), units='height', win=Window(...), wrapWidth=1)
24.4064 	EXP 	Created Triplet1 = ImageStim(__class__=<class 'psychopy.visual.image.ImageStim'>, autoLog=True, color=array([1., 1., 1.]), colorSpace='rgb', contrast=1.0, depth=-1.0, flipHoriz=False, flipVert=False, image='sin', interpolate=True, mask=None, maskParams=None, name='Triplet1', opacity=1, ori=0.0, pos=array([0., 0.]), size=array([0.3, 0.3]), texRes=128, units='height', win=Window(...))
24.4094 	EXP 	Created Triplet2 = ImageStim(__class__=<class 'psychopy.visual.image.ImageStim'>, autoLog=True, color=array([1., 1., 1.]), colorSpace='rgb', contrast=1.0, depth=-2.0, flipHoriz=False, flipVert=False, image='sin', interpolate=True, mask=None, maskParams=None, name='Triplet2', opacity=1, ori=0.0, pos=array([0., 0.]), size=array([0.3, 0.3]), texRes=128, units='height', win=Window(...))
24.4137 	EXP 	Created Triplet3 = ImageStim(__class__=<class 'psychopy.visual.image.ImageStim'>, autoLog=True, color=array([1., 1., 1.]), colorSpace='rgb', contrast=1.0, depth=-3.0, flipHoriz=False, flipVert=False, image='sin', interpolate=True, mask=None, maskParams=None, name='Triplet3', opacity=1, ori=0.0, pos=array([0., 0.]), size=array([0.3, 0.3]), texRes=128, units='height', win=Window(...))
24.4292 	EXP 	Sound sound_pop set volume 1.000
24.4292 	EXP 	Sound sound_pop2 set volume 1.000
24.4292 	EXP 	Sound sound_pop3 set volume 1.000
24.5180 	EXP 	Created Mask = ImageStim(__class__=<class 'psychopy.visual.image.ImageStim'>, autoLog=True, color=array([1., 1., 1.]), colorSpace='rgb', contrast=1.0, depth=0.0, flipHoriz=False, flipVert=False, image='images/Mask.png', interpolate=True, mask=None, maskParams=None, name='Mask', opacity=1, ori=0.0, pos=array([0., 0.]), size=array([1.5, 0.5]), texRes=128, units='height', win=Window(...))
24.5264 	EXP 	Created img1 = ImageStim(__class__=<class 'psychopy.visual.image.ImageStim'>, autoLog=True, color=array([1., 1., 1.]), colorSpace='rgb', contrast=1.0, depth=-1.0, flipHoriz=False, flipVert=False, image='sin', interpolate=True, mask=None, maskParams=None, name='img1', opacity=1, ori=0.0, pos=array([0., 0.]), size=array([0.3, 0.3]), texRes=128, units='height', win=Window(...))
24.5308 	EXP 	Created img2 = ImageStim(__class__=<class 'psychopy.visual.image.ImageStim'>, autoLog=True, color=array([1., 1., 1.]), colorSpace='rgb', contrast=1.0, depth=-2.0, flipHoriz=False, flipVert=False, image='sin', interpolate=True, mask=None, maskParams=None, name='img2', opacity=1, ori=0.0, pos=array([0., 0.]), size=array([0.3, 0.3]), texRes=128, units='height', win=Window(...))
24.5352 	EXP 	Created img3 = ImageStim(__class__=<class 'psychopy.visual.image.ImageStim'>, autoLog=True, color=array([1., 1., 1.]), colorSpace='rgb', contrast=1.0, depth=-3.0, flipHoriz=False, flipVert=False, image='sin', interpolate=True, mask=None, maskParams=None, name='img3', opacity=1, ori=0.0, pos=array([0., 0.]), size=array([0.3, 0.3]), texRes=128, units='height', win=Window(...))
24.5353 	EXP 	Sound sound_pop4 set volume 1.000
24.5353 	EXP 	Sound sound_pop5 set volume 1.000
24.5353 	EXP 	Sound sound_pop6 set volume 1.000
24.5403 	EXP 	Created text_2 = TextStim(__class__=<class 'psychopy.visual.text.TextStim'>, alignHoriz=method-wrapper(...), alignText='center', alignVert=method-wrapper(...), anchorHoriz='center', anchorVert='center', antialias=True, autoLog=True, bold=False, color=array([1., 1., 1.]), colorSpace='rgb', contrast=1.0, depth=0.0, flipHoriz=False, flipVert=False, font='Arial', fontFiles=[], height=0.03, italic=False, languageStyle='LTR', name='text_2', opacity=1, ori=0, pos=array([0., 0.]), rgb=UNKNOWN, text=str(...), units='height', win=Window(...), wrapWidth=1)
24.5433 	EXP 	Created text = TextStim(__class__=<class 'psychopy.visual.text.TextStim'>, alignHoriz=method-wrapper(...), alignText='center', alignVert=method-wrapper(...), anchorHoriz='center', anchorVert='center', antialias=True, autoLog=True, bold=False, color=array([1., 1., 1.]), colorSpace='rgb', contrast=1.0, depth=-1.0, flipHoriz=False, flipVert=False, font='Arial', fontFiles=[], height=0.03, italic=False, languageStyle='LTR', name='text', opacity=1, ori=0, pos=array([0., 0.]), rgb=UNKNOWN, text=str(...), units='height', win=Window(...), wrapWidth=1)
24.5442 	EXP 	Created sameText = TextStim(__class__=<class 'psychopy.visual.text.TextStim'>, alignHoriz=method-wrapper(...), alignText='center', alignVert=method-wrapper(...), anchorHoriz='center', anchorVert='center', antialias=True, autoLog=True, bold=False, color=array([1., 1., 1.]), colorSpace='rgb', contrast=1.0, depth=-2.0, flipHoriz=False, flipVert=False, font='Arial', fontFiles=[], height=0.03, italic=False, languageStyle='LTR', name='sameText', opacity=1, ori=0, pos=array([-0.2, -0.3]), rgb=UNKNOWN, text='', units='height', win=Window(...), wrapWidth=1)
24.5452 	EXP 	Created diffText = TextStim(__class__=<class 'psychopy.visual.text.TextStim'>, alignHoriz=method-wrapper(...), alignText='center', alignVert=method-wrapper(...), anchorHoriz='center', anchorVert='center', antialias=True, autoLog=True, bold=False, color=array([1., 1., 1.]), colorSpace='rgb', contrast=1.0, depth=-3.0, flipHoriz=False, flipVert=False, font='Arial', fontFiles=[], height=0.03, italic=False, languageStyle='LTR', name='diffText', opacity=1, ori=0, pos=array([ 0.2, -0.3]), rgb=UNKNOWN, text='', units='height', win=Window(...), wrapWidth=1)
24.5471 	EXP 	Created leftCL = Rect(__class__=<class 'psychopy.visual.rect.Rect'>, autoDraw=False, autoLog=True, closeShape=True, color=method-wrapper(...), colorSpace='rgb', contrast=None, depth=-4.0, fillColor=array([1., 1., 1.]), fillColorSpace='rgb', fillRGB=array([1., 1., 1.]), interpolate=True, lineColor=array([1., 1., 1.]), lineColorSpace='rgb', lineRGB=array([1, 1, 1]), lineWidth=3, name='leftCL', opacity=0.5, ori=0.0, pos=array([-0.2, -0.3]), size=array([-0.2, -0.2]), units='height', vertices=ndarray(...), win=Window(...))
24.5484 	EXP 	Created rightCL = Rect(__class__=<class 'psychopy.visual.rect.Rect'>, autoDraw=False, autoLog=True, closeShape=True, color=method-wrapper(...), colorSpace='rgb', contrast=None, depth=-5.0, fillColor=array([1., 1., 1.]), fillColorSpace='rgb', fillRGB=array([1., 1., 1.]), interpolate=True, lineColor=array([1., 1., 1.]), lineColorSpace='rgb', lineRGB=array([1, 1, 1]), lineWidth=3, name='rightCL', opacity=0.5, ori=0.0, pos=array([ 0.2, -0.3]), size=array([0.2, 0.2]), units='height', vertices=ndarray(...), win=Window(...))
24.5485 	EXP 	window1: mouseVisible = True
24.5486 	EXP 	Sound clickedSound set volume 1.000
24.5519 	EXP 	Created retIMG = ImageStim(__class__=<class 'psychopy.visual.image.ImageStim'>, autoLog=True, color=array([1., 1., 1.]), colorSpace='rgb', contrast=1.0, depth=-1.0, flipHoriz=False, flipVert=False, image='sin', interpolate=True, mask=None, maskParams=None, name='retIMG', opacity=1, ori=0.0, pos=array([0., 0.]), size=array([0.3, 0.3]), texRes=128, units='height', win=Window(...))
24.5520 	EXP 	Sound sound_pop7 set volume 1.000
24.5548 	EXP 	Created question_text = TextStim(__class__=<class 'psychopy.visual.text.TextStim'>, alignHoriz=method-wrapper(...), alignText='center', alignVert=method-wrapper(...), anchorHoriz='center', anchorVert='center', antialias=True, autoLog=True, bold=False, color=array([1., 1., 1.]), colorSpace='rgb', contrast=1.0, depth=0.0, flipHoriz=False, flipVert=False, font='Arial', fontFiles=[], height=0.03, italic=False, languageStyle='LTR', name='question_text', opacity=1, ori=0, pos=array([0. , 0.3]), rgb=UNKNOWN, text='When did you see this object?', units='height', win=Window(...), wrapWidth=1)
24.5575 	EXP 	Created decisionQ_2 = TextStim(__class__=<class 'psychopy.visual.text.TextStim'>, alignHoriz=method-wrapper(...), alignText='center', alignVert=method-wrapper(...), anchorHoriz='center', anchorVert='center', antialias=True, autoLog=True, bold=False, color=array([1., 1., 1.]), colorSpace='rgb', contrast=1.0, depth=-1.0, flipHoriz=False, flipVert=False, font='Arial', fontFiles=[], height=0.03, italic=False, languageStyle='LTR', name='decisionQ_2', opacity=1, ori=0, pos=array([0. , 0.3]), rgb=UNKNOWN, text='When did you see this object?', units='height', win=Window(...), wrapWidth=1)
24.5584 	EXP 	Created first_left = Rect(__class__=<class 'psychopy.visual.rect.Rect'>, autoDraw=False, autoLog=True, closeShape=True, color=method-wrapper(...), colorSpace='rgb', contrast=None, depth=-2.0, fillColor=array([1, 1, 1]), fillColorSpace='rgb', fillRGB=array([1, 1, 1]), interpolate=True, lineColor=array([1., 1., 1.]), lineColorSpace='rgb', lineRGB=array([1, 1, 1]), lineWidth=3, name='first_left', opacity=0.5, ori=0.0, pos=array([0. , 0.1]), size=array([0.15, 0.15]), units='height', vertices=ndarray(...), win=Window(...))
24.5592 	EXP 	Created second_middle = Rect(__class__=<class 'psychopy.visual.rect.Rect'>, autoDraw=False, autoLog=True, closeShape=True, color=method-wrapper(...), colorSpace='rgb', contrast=None, depth=-3.0, fillColor=array([1, 1, 1]), fillColorSpace='rgb', fillRGB=array([1, 1, 1]), interpolate=True, lineColor=array([1., 1., 1.]), lineColorSpace='rgb', lineRGB=array([1, 1, 1]), lineWidth=3, name='second_middle', opacity=0.5, ori=0.0, pos=array([ 0. , -0.1]), size=array([0.15, 0.15]), units='height', vertices=ndarray(...), win=Window(...))
24.5601 	EXP 	Created third_right = Rect(__class__=<class 'psychopy.visual.rect.Rect'>, autoDraw=False, autoLog=True, closeShape=True, color=method-wrapper(...), colorSpace='rgb', contrast=None, depth=-4.0, fillColor=array([1, 1, 1]), fillColorSpace='rgb', fillRGB=array([1, 1, 1]), interpolate=True, lineColor=array([1., 1., 1.]), lineColorSpace='rgb', lineRGB=array([1, 1, 1]), lineWidth=3, name='third_right', opacity=0.5, ori=0.0, pos=array([ 0. , -0.3]), size=array([0.15, 0.15]), units='height', vertices=ndarray(...), win=Window(...))
24.5634 	EXP 	Created First = TextStim(__class__=<class 'psychopy.visual.text.TextStim'>, alignHoriz=method-wrapper(...), alignText='center', alignVert=method-wrapper(...), anchorHoriz='center', anchorVert='center', antialias=True, autoLog=True, bold=False, color=array([1., 1., 1.]), colorSpace='rgb', contrast=1.0, depth=-5.0, flipHoriz=False, flipVert=False, font='Arial', fontFiles=[], height=0.03, italic=False, languageStyle='LTR', name='First', opacity=1, ori=0, pos=array([0. , 0.1]), rgb=UNKNOWN, text='First', units='height', win=Window(...), wrapWidth=1)
24.5660 	EXP 	Created Second = TextStim(__class__=<class 'psychopy.visual.text.TextStim'>, alignHoriz=method-wrapper(...), alignText='center', alignVert=method-wrapper(...), anchorHoriz='center', anchorVert='center', antialias=True, autoLog=True, bold=False, color=array([1., 1., 1.]), colorSpace='rgb', contrast=1.0, depth=-6.0, flipHoriz=False, flipVert=False, font='Arial', fontFiles=[], height=0.03, italic=False, languageStyle='LTR', name='Second', opacity=1, ori=0, pos=array([ 0. , -0.1]), rgb=UNKNOWN, text='Second', units='height', win=Window(...), wrapWidth=1)
24.5687 	EXP 	Created Third = TextStim(__class__=<class 'psychopy.visual.text.TextStim'>, alignHoriz=method-wrapper(...), alignText='center', alignVert=method-wrapper(...), anchorHoriz='center', anchorVert='center', antialias=True, autoLog=True, bold=False, color=array([1., 1., 1.]), colorSpace='rgb', contrast=1.0, depth=-7.0, flipHoriz=False, flipVert=False, font='Arial', fontFiles=[], height=0.03, italic=False, languageStyle='LTR', name='Third', opacity=1, ori=0, pos=array([ 0. , -0.3]), rgb=UNKNOWN, text='Third', units='height', win=Window(...), wrapWidth=1)
24.5687 	EXP 	window1: mouseVisible = True
24.5688 	EXP 	Sound clickedSound set volume 1.000
24.5776 	EXP 	Created BlockBreak = TextStim(__class__=<class 'psychopy.visual.text.TextStim'>, alignHoriz=method-wrapper(...), alignText='center', alignVert=method-wrapper(...), anchorHoriz='center', anchorVert='center', antialias=True, autoLog=True, bold=False, color=array([1., 1., 1.]), colorSpace='rgb', contrast=1.0, depth=0.0, flipHoriz=False, flipVert=False, font='Arial', fontFiles=[], height=0.03, italic=False, languageStyle='LTR', name='BlockBreak', opacity=1, ori=0, pos=array([0., 0.]), rgb=UNKNOWN, text=str(...), units='height', win=Window(...), wrapWidth=1)
24.5874 	EXP 	Created text_4 = TextStim(__class__=<class 'psychopy.visual.text.TextStim'>, alignHoriz=method-wrapper(...), alignText='center', alignVert=method-wrapper(...), anchorHoriz='center', anchorVert='center', antialias=True, autoLog=True, bold=False, color=array([1., 1., 1.]), colorSpace='rgb', contrast=1.0, depth=-1.0, flipHoriz=False, flipVert=False, font='Open Sans', fontFiles=[], height=0.03, italic=False, languageStyle='LTR', name='text_4', opacity=1, ori=0.0, pos=array([0., 0.]), rgb=UNKNOWN, text=str(...), units='height', win=Window(...), wrapWidth=1)
24.5909 	EXP 	Created Triplet1 = ImageStim(__class__=<class 'psychopy.visual.image.ImageStim'>, autoLog=True, color=array([1., 1., 1.]), colorSpace='rgb', contrast=1.0, depth=-1.0, flipHoriz=False, flipVert=False, image='sin', interpolate=True, mask=None, maskParams=None, name='Triplet1', opacity=1, ori=0.0, pos=array([0., 0.]), size=array([0.3, 0.3]), texRes=128, units='height', win=Window(...))
24.5953 	EXP 	Created Triplet2 = ImageStim(__class__=<class 'psychopy.visual.image.ImageStim'>, autoLog=True, color=array([1., 1., 1.]), colorSpace='rgb', contrast=1.0, depth=-2.0, flipHoriz=False, flipVert=False, image='sin', interpolate=True, mask=None, maskParams=None, name='Triplet2', opacity=1, ori=0.0, pos=array([0., 0.]), size=array([0.3, 0.3]), texRes=128, units='height', win=Window(...))
24.5998 	EXP 	Created Triplet3 = ImageStim(__class__=<class 'psychopy.visual.image.ImageStim'>, autoLog=True, color=array([1., 1., 1.]), colorSpace='rgb', contrast=1.0, depth=-3.0, flipHoriz=False, flipVert=False, image='sin', interpolate=True, mask=None, maskParams=None, name='Triplet3', opacity=1, ori=0.0, pos=array([0., 0.]), size=array([0.3, 0.3]), texRes=128, units='height', win=Window(...))
24.5998 	EXP 	Sound sound_pop set volume 1.000
24.5999 	EXP 	Sound sound_pop2 set volume 1.000
24.5999 	EXP 	Sound sound_pop3 set volume 1.000
24.6850 	EXP 	Created Mask = ImageStim(__class__=<class 'psychopy.visual.image.ImageStim'>, autoLog=True, color=array([1., 1., 1.]), colorSpace='rgb', contrast=1.0, depth=0.0, flipHoriz=False, flipVert=False, image='images/Mask.png', interpolate=True, mask=None, maskParams=None, name='Mask', opacity=1, ori=0.0, pos=array([0., 0.]), size=array([1.5, 0.5]), texRes=128, units='height', win=Window(...))
24.6924 	EXP 	Created img1 = ImageStim(__class__=<class 'psychopy.visual.image.ImageStim'>, autoLog=True, color=array([1., 1., 1.]), colorSpace='rgb', contrast=1.0, depth=-1.0, flipHoriz=False, flipVert=False, image='sin', interpolate=True, mask=None, maskParams=None, name='img1', opacity=1, ori=0.0, pos=array([0., 0.]), size=array([0.3, 0.3]), texRes=128, units='height', win=Window(...))
24.6968 	EXP 	Created img2 = ImageStim(__class__=<class 'psychopy.visual.image.ImageStim'>, autoLog=True, color=array([1., 1., 1.]), colorSpace='rgb', contrast=1.0, depth=-2.0, flipHoriz=False, flipVert=False, image='sin', interpolate=True, mask=None, maskParams=None, name='img2', opacity=1, ori=0.0, pos=array([0., 0.]), size=array([0.3, 0.3]), texRes=128, units='height', win=Window(...))
24.7011 	EXP 	Created img3 = ImageStim(__class__=<class 'psychopy.visual.image.ImageStim'>, autoLog=True, color=array([1., 1., 1.]), colorSpace='rgb', contrast=1.0, depth=-3.0, flipHoriz=False, flipVert=False, image='sin', interpolate=True, mask=None, maskParams=None, name='img3', opacity=1, ori=0.0, pos=array([0., 0.]), size=array([0.3, 0.3]), texRes=128, units='height', win=Window(...))
24.7012 	EXP 	Sound sound_pop4 set volume 1.000
24.7012 	EXP 	Sound sound_pop5 set volume 1.000
24.7012 	EXP 	Sound sound_pop6 set volume 1.000
24.7043 	EXP 	Created text_2 = TextStim(__class__=<class 'psychopy.visual.text.TextStim'>, alignHoriz=method-wrapper(...), alignText='center', alignVert=method-wrapper(...), anchorHoriz='center', anchorVert='center', antialias=True, autoLog=True, bold=False, color=array([1., 1., 1.]), colorSpace='rgb', contrast=1.0, depth=0.0, flipHoriz=False, flipVert=False, font='Arial', fontFiles=[], height=0.03, italic=False, languageStyle='LTR', name='text_2', opacity=1, ori=0, pos=array([0., 0.]), rgb=UNKNOWN, text=str(...), units='height', win=Window(...), wrapWidth=1)
24.7073 	EXP 	Created text = TextStim(__class__=<class 'psychopy.visual.text.TextStim'>, alignHoriz=method-wrapper(...), alignText='center', alignVert=method-wrapper(...), anchorHoriz='center', anchorVert='center', antialias=True, autoLog=True, bold=False, color=array([1., 1., 1.]), colorSpace='rgb', contrast=1.0, depth=-1.0, flipHoriz=False, flipVert=False, font='Arial', fontFiles=[], height=0.03, italic=False, languageStyle='LTR', name='text', opacity=1, ori=0, pos=array([0., 0.]), rgb=UNKNOWN, text=str(...), units='height', win=Window(...), wrapWidth=1)
24.7083 	EXP 	Created sameText = TextStim(__class__=<class 'psychopy.visual.text.TextStim'>, alignHoriz=method-wrapper(...), alignText='center', alignVert=method-wrapper(...), anchorHoriz='center', anchorVert='center', antialias=True, autoLog=True, bold=False, color=array([1., 1., 1.]), colorSpace='rgb', contrast=1.0, depth=-2.0, flipHoriz=False, flipVert=False, font='Arial', fontFiles=[], height=0.03, italic=False, languageStyle='LTR', name='sameText', opacity=1, ori=0, pos=array([-0.2, -0.3]), rgb=UNKNOWN, text='', units='height', win=Window(...), wrapWidth=1)
24.7093 	EXP 	Created diffText = TextStim(__class__=<class 'psychopy.visual.text.TextStim'>, alignHoriz=method-wrapper(...), alignText='center', alignVert=method-wrapper(...), anchorHoriz='center', anchorVert='center', antialias=True, autoLog=True, bold=False, color=array([1., 1., 1.]), colorSpace='rgb', contrast=1.0, depth=-3.0, flipHoriz=False, flipVert=False, font='Arial', fontFiles=[], height=0.03, italic=False, languageStyle='LTR', name='diffText', opacity=1, ori=0, pos=array([ 0.2, -0.3]), rgb=UNKNOWN, text='', units='height', win=Window(...), wrapWidth=1)
24.7108 	EXP 	Created leftCL = Rect(__class__=<class 'psychopy.visual.rect.Rect'>, autoDraw=False, autoLog=True, closeShape=True, color=method-wrapper(...), colorSpace='rgb', contrast=None, depth=-4.0, fillColor=array([1., 1., 1.]), fillColorSpace='rgb', fillRGB=array([1., 1., 1.]), interpolate=True, lineColor=array([1., 1., 1.]), lineColorSpace='rgb', lineRGB=array([1, 1, 1]), lineWidth=3, name='leftCL', opacity=0.5, ori=0.0, pos=array([-0.2, -0.3]), size=array([-0.2, -0.2]), units='height', vertices=ndarray(...), win=Window(...))
24.7122 	EXP 	Created rightCL = Rect(__class__=<class 'psychopy.visual.rect.Rect'>, autoDraw=False, autoLog=True, closeShape=True, color=method-wrapper(...), colorSpace='rgb', contrast=None, depth=-5.0, fillColor=array([1., 1., 1.]), fillColorSpace='rgb', fillRGB=array([1., 1., 1.]), interpolate=True, lineColor=array([1., 1., 1.]), lineColorSpace='rgb', lineRGB=array([1, 1, 1]), lineWidth=3, name='rightCL', opacity=0.5, ori=0.0, pos=array([ 0.2, -0.3]), size=array([0.2, 0.2]), units='height', vertices=ndarray(...), win=Window(...))
24.7123 	EXP 	window1: mouseVisible = True
24.7124 	EXP 	Sound clickedSound set volume 1.000
24.7168 	EXP 	Created retIMG = ImageStim(__class__=<class 'psychopy.visual.image.ImageStim'>, autoLog=True, color=array([1., 1., 1.]), colorSpace='rgb', contrast=1.0, depth=-1.0, flipHoriz=False, flipVert=False, image='sin', interpolate=True, mask=None, maskParams=None, name='retIMG', opacity=1, ori=0.0, pos=array([0., 0.]), size=array([0.3, 0.3]), texRes=128, units='height', win=Window(...))
24.7169 	EXP 	Sound sound_pop7 set volume 1.000
24.7196 	EXP 	Created question_text = TextStim(__class__=<class 'psychopy.visual.text.TextStim'>, alignHoriz=method-wrapper(...), alignText='center', alignVert=method-wrapper(...), anchorHoriz='center', anchorVert='center', antialias=True, autoLog=True, bold=False, color=array([1., 1., 1.]), colorSpace='rgb', contrast=1.0, depth=0.0, flipHoriz=False, flipVert=False, font='Arial', fontFiles=[], height=0.03, italic=False, languageStyle='LTR', name='question_text', opacity=1, ori=0, pos=array([0. , 0.3]), rgb=UNKNOWN, text='When did you see this object?', units='height', win=Window(...), wrapWidth=1)
24.7222 	EXP 	Created decisionQ_2 = TextStim(__class__=<class 'psychopy.visual.text.TextStim'>, alignHoriz=method-wrapper(...), alignText='center', alignVert=method-wrapper(...), anchorHoriz='center', anchorVert='center', antialias=True, autoLog=True, bold=False, color=array([1., 1., 1.]), colorSpace='rgb', contrast=1.0, depth=-1.0, flipHoriz=False, flipVert=False, font='Arial', fontFiles=[], height=0.03, italic=False, languageStyle='LTR', name='decisionQ_2', opacity=1, ori=0, pos=array([0. , 0.3]), rgb=UNKNOWN, text='When did you see this object?', units='height', win=Window(...), wrapWidth=1)
24.7232 	EXP 	Created first_left = Rect(__class__=<class 'psychopy.visual.rect.Rect'>, autoDraw=False, autoLog=True, closeShape=True, color=method-wrapper(...), colorSpace='rgb', contrast=None, depth=-2.0, fillColor=array([1, 1, 1]), fillColorSpace='rgb', fillRGB=array([1, 1, 1]), interpolate=True, lineColor=array([1., 1., 1.]), lineColorSpace='rgb', lineRGB=array([1, 1, 1]), lineWidth=3, name='first_left', opacity=0.5, ori=0.0, pos=array([0. , 0.1]), size=array([0.15, 0.15]), units='height', vertices=ndarray(...), win=Window(...))
24.7241 	EXP 	Created second_middle = Rect(__class__=<class 'psychopy.visual.rect.Rect'>, autoDraw=False, autoLog=True, closeShape=True, color=method-wrapper(...), colorSpace='rgb', contrast=None, depth=-3.0, fillColor=array([1, 1, 1]), fillColorSpace='rgb', fillRGB=array([1, 1, 1]), interpolate=True, lineColor=array([1., 1., 1.]), lineColorSpace='rgb', lineRGB=array([1, 1, 1]), lineWidth=3, name='second_middle', opacity=0.5, ori=0.0, pos=array([ 0. , -0.1]), size=array([0.15, 0.15]), units='height', vertices=ndarray(...), win=Window(...))
24.7249 	EXP 	Created third_right = Rect(__class__=<class 'psychopy.visual.rect.Rect'>, autoDraw=False, autoLog=True, closeShape=True, color=method-wrapper(...), colorSpace='rgb', contrast=None, depth=-4.0, fillColor=array([1, 1, 1]), fillColorSpace='rgb', fillRGB=array([1, 1, 1]), interpolate=True, lineColor=array([1., 1., 1.]), lineColorSpace='rgb', lineRGB=array([1, 1, 1]), lineWidth=3, name='third_right', opacity=0.5, ori=0.0, pos=array([ 0. , -0.3]), size=array([0.15, 0.15]), units='height', vertices=ndarray(...), win=Window(...))
24.7269 	EXP 	Created First = TextStim(__class__=<class 'psychopy.visual.text.TextStim'>, alignHoriz=method-wrapper(...), alignText='center', alignVert=method-wrapper(...), anchorHoriz='center', anchorVert='center', antialias=True, autoLog=True, bold=False, color=array([1., 1., 1.]), colorSpace='rgb', contrast=1.0, depth=-5.0, flipHoriz=False, flipVert=False, font='Arial', fontFiles=[], height=0.03, italic=False, languageStyle='LTR', name='First', opacity=1, ori=0, pos=array([0. , 0.1]), rgb=UNKNOWN, text='First', units='height', win=Window(...), wrapWidth=1)
24.7290 	EXP 	Created Second = TextStim(__class__=<class 'psychopy.visual.text.TextStim'>, alignHoriz=method-wrapper(...), alignText='center', alignVert=method-wrapper(...), anchorHoriz='center', anchorVert='center', antialias=True, autoLog=True, bold=False, color=array([1., 1., 1.]), colorSpace='rgb', contrast=1.0, depth=-6.0, flipHoriz=False, flipVert=False, font='Arial', fontFiles=[], height=0.03, italic=False, languageStyle='LTR', name='Second', opacity=1, ori=0, pos=array([ 0. , -0.1]), rgb=UNKNOWN, text='Second', units='height', win=Window(...), wrapWidth=1)
24.7310 	EXP 	Created Third = TextStim(__class__=<class 'psychopy.visual.text.TextStim'>, alignHoriz=method-wrapper(...), alignText='center', alignVert=method-wrapper(...), anchorHoriz='center', anchorVert='center', antialias=True, autoLog=True, bold=False, color=array([1., 1., 1.]), colorSpace='rgb', contrast=1.0, depth=-7.0, flipHoriz=False, flipVert=False, font='Arial', fontFiles=[], height=0.03, italic=False, languageStyle='LTR', name='Third', opacity=1, ori=0, pos=array([ 0. , -0.3]), rgb=UNKNOWN, text='Third', units='height', win=Window(...), wrapWidth=1)
24.7311 	EXP 	window1: mouseVisible = True
24.7312 	EXP 	Sound clickedSound set volume 1.000
24.7344 	EXP 	Created end = TextStim(__class__=<class 'psychopy.visual.text.TextStim'>, alignHoriz=method-wrapper(...), alignText='center', alignVert=method-wrapper(...), anchorHoriz='center', anchorVert='center', antialias=True, autoLog=True, bold=False, color=array([1., 1., 1.]), colorSpace='rgb', contrast=1.0, depth=0.0, flipHoriz=False, flipVert=False, font='Arial', fontFiles=[], height=0.03, italic=False, languageStyle='LTR', name='end', opacity=1, ori=0, pos=array([0., 0.]), rgb=UNKNOWN, text=str(...), units='height', win=Window(...), wrapWidth=1)
24.7882 	EXP 	Instructions: autoDraw = True
24.7919 	EXP 	Created sequence: random, trialTypes=1, nReps=2, seed=None
24.7921 	EXP 	New trial (rep=0, index=0): None
24.9559 	EXP 	Instructions: autoDraw = False
24.9559 	EXP 	Triplet1: pos = array([0.5, 0. ])
24.9559 	EXP 	Triplet1: image = 'images/OBJ_156.png'
24.9559 	EXP 	Triplet2: pos = array([0., 0.])
24.9559 	EXP 	Triplet2: image = 'images/OBJ_181.png'
24.9559 	EXP 	Triplet3: pos = array([-0.5,  0. ])
24.9559 	EXP 	Triplet3: image = 'images/OBJ_49.png'
24.9559 	EXP 	Triplet1: autoDraw = True
26.4555 	EXP 	Triplet1: autoDraw = False
26.9387 	EXP 	Triplet2: autoDraw = True
28.4383 	EXP 	Triplet2: autoDraw = False
28.9381 	EXP 	Triplet3: autoDraw = True
30.4377 	EXP 	Triplet3: autoDraw = False
30.4377 	EXP 	Triplet1: autoDraw = False
30.4377 	EXP 	Triplet2: autoDraw = False
30.4377 	EXP 	Triplet3: autoDraw = False
30.4377 	EXP 	Mask: autoDraw = True
32.0705 	EXP 	Mask: autoDraw = False
32.0705 	EXP 	Mask: autoDraw = False
32.0705 	EXP 	img1: pos = array([-0.5,  0. ])
32.0705 	EXP 	img1: image = 'images/OBJ_49.png'
32.0705 	EXP 	img2: pos = array([0., 0.])
32.0705 	EXP 	img2: image = 'images/OBJ_156.png'
32.0705 	EXP 	img3: pos = array([0.5, 0. ])
32.0705 	EXP 	img3: image = 'images/OBJ_181.png'
32.0705 	EXP 	img1: autoDraw = True
33.5701 	EXP 	img1: autoDraw = False
34.0533 	EXP 	img2: autoDraw = True
35.5529 	EXP 	img2: autoDraw = False
36.0527 	EXP 	img3: autoDraw = True
37.5523 	EXP 	img3: autoDraw = False
37.5523 	EXP 	img1: autoDraw = False
37.5523 	EXP 	img2: autoDraw = False
37.5523 	EXP 	img3: autoDraw = False
37.5523 	EXP 	text_2: autoDraw = True
38.5521 	EXP 	text_2: autoDraw = False
38.5521 	EXP 	text_2: autoDraw = False
38.5521 	EXP 	sameText: text = 'Same'
38.5521 	EXP 	diffText: text = 'Different'
38.5521 	EXP 	text: autoDraw = True
38.5521 	EXP 	sameText: autoDraw = True
38.5521 	EXP 	diffText: autoDraw = True
38.5521 	EXP 	leftCL: autoDraw = True
38.5521 	EXP 	rightCL: autoDraw = True
40.0850 	DATA 	Mouse: Left button down, pos=(462,229)
40.1016 	EXP 	text: autoDraw = False
40.1016 	EXP 	sameText: autoDraw = False
40.1016 	EXP 	diffText: autoDraw = False
40.1016 	EXP 	leftCL: autoDraw = False
40.1016 	EXP 	rightCL: autoDraw = False
40.1865 	DATA 	Mouse:  Left button up, pos=(462,229)
40.5866 	EXP 	New trial (rep=1, index=0): None
40.6681 	EXP 	Triplet1: pos = array([0.5, 0. ])
40.6681 	EXP 	Triplet1: image = 'images/OBJ_94.png'
40.6681 	EXP 	Triplet2: pos = array([0., 0.])
40.6681 	EXP 	Triplet2: image = 'images/OBJ_67.png'
40.6681 	EXP 	Triplet3: pos = array([-0.5,  0. ])
40.6681 	EXP 	Triplet3: image = 'images/OBJ_147.png'
40.6681 	EXP 	Triplet1: autoDraw = True
42.1676 	EXP 	Triplet1: autoDraw = False
42.6508 	EXP 	Triplet2: autoDraw = True
44.1504 	EXP 	Triplet2: autoDraw = False
44.6503 	EXP 	Triplet3: autoDraw = True
46.1498 	EXP 	Triplet3: autoDraw = False
46.1498 	EXP 	Triplet1: autoDraw = False
46.1498 	EXP 	Triplet2: autoDraw = False
46.1498 	EXP 	Triplet3: autoDraw = False
46.1498 	EXP 	Mask: autoDraw = True
47.6994 	EXP 	Mask: autoDraw = False
47.6994 	EXP 	Mask: autoDraw = False
47.6994 	EXP 	img1: pos = array([0.5, 0. ])
47.6994 	EXP 	img1: image = 'images/OBJ_94.png'
47.6994 	EXP 	img2: pos = array([0., 0.])
47.6994 	EXP 	img2: image = 'images/OBJ_67.png'
47.6994 	EXP 	img3: pos = array([-0.5,  0. ])
47.6994 	EXP 	img3: image = 'images/OBJ_147.png'
47.6994 	EXP 	img1: autoDraw = True
49.1989 	EXP 	img1: autoDraw = False
49.6821 	EXP 	img2: autoDraw = True
51.1817 	EXP 	img2: autoDraw = False
51.6815 	EXP 	img3: autoDraw = True
53.1810 	EXP 	img3: autoDraw = False
53.1810 	EXP 	img1: autoDraw = False
53.1810 	EXP 	img2: autoDraw = False
53.1810 	EXP 	img3: autoDraw = False
53.1810 	EXP 	text_2: autoDraw = True
54.1808 	EXP 	text_2: autoDraw = False
54.1808 	EXP 	text_2: autoDraw = False
54.1808 	EXP 	sameText: text = 'Same'
54.1808 	EXP 	diffText: text = 'Different'
54.1808 	EXP 	text: autoDraw = True
54.1808 	EXP 	sameText: autoDraw = True
54.1808 	EXP 	diffText: autoDraw = True
54.1808 	EXP 	leftCL: autoDraw = True
54.1808 	EXP 	rightCL: autoDraw = True
55.2514 	DATA 	Mouse: Left button down, pos=(432,160)
55.2805 	EXP 	text: autoDraw = False
55.2805 	EXP 	sameText: autoDraw = False
55.2805 	EXP 	diffText: autoDraw = False
55.2805 	EXP 	leftCL: autoDraw = False
55.2805 	EXP 	rightCL: autoDraw = False
55.3491 	DATA 	Mouse:  Left button up, pos=(432,160)
55.7679 	EXP 	Created sequence: random, trialTypes=1, nReps=3, seed=None
55.7680 	EXP 	New trial (rep=0, index=0): None
55.8305 	EXP 	retIMG: image = 'images/OBJ_67.png'
55.8305 	EXP 	retIMG: autoDraw = True
57.3299 	EXP 	retIMG: autoDraw = False
57.3299 	EXP 	retIMG: autoDraw = False
57.3299 	EXP 	question_text: autoDraw = True
58.3296 	EXP 	question_text: autoDraw = False
58.3296 	EXP 	question_text: autoDraw = False
58.3296 	EXP 	decisionQ_2: autoDraw = True
58.3296 	EXP 	first_left: autoDraw = True
58.3296 	EXP 	second_middle: autoDraw = True
58.3296 	EXP 	third_right: autoDraw = True
58.3296 	EXP 	First: autoDraw = True
58.3296 	EXP 	Second: autoDraw = True
58.3296 	EXP 	Third: autoDraw = True
58.8462 	DATA 	Mouse: Left button down, pos=(617,410)
58.8628 	EXP 	decisionQ_2: autoDraw = False
58.8628 	EXP 	first_left: autoDraw = False
58.8628 	EXP 	second_middle: autoDraw = False
58.8628 	EXP 	third_right: autoDraw = False
58.8628 	EXP 	First: autoDraw = False
58.8628 	EXP 	Second: autoDraw = False
58.8628 	EXP 	Third: autoDraw = False
58.9314 	DATA 	Mouse:  Left button up, pos=(617,412)
59.3474 	EXP 	New trial (rep=1, index=0): None
59.3793 	EXP 	retIMG: image = 'images/OBJ_147.png'
59.3793 	EXP 	retIMG: autoDraw = True
60.8789 	EXP 	retIMG: autoDraw = False
60.8789 	EXP 	retIMG: autoDraw = False
60.8789 	EXP 	question_text: autoDraw = True
61.8786 	EXP 	question_text: autoDraw = False
61.8786 	EXP 	question_text: autoDraw = False
61.8786 	EXP 	decisionQ_2: autoDraw = True
61.8786 	EXP 	first_left: autoDraw = True
61.8786 	EXP 	second_middle: autoDraw = True
61.8786 	EXP 	third_right: autoDraw = True
61.8786 	EXP 	First: autoDraw = True
61.8786 	EXP 	Second: autoDraw = True
61.8786 	EXP 	Third: autoDraw = True
62.4995 	DATA 	Mouse: Left button down, pos=(657,237)
62.5284 	EXP 	decisionQ_2: autoDraw = False
62.5284 	EXP 	first_left: autoDraw = False
62.5284 	EXP 	second_middle: autoDraw = False
62.5284 	EXP 	third_right: autoDraw = False
62.5284 	EXP 	First: autoDraw = False
62.5284 	EXP 	Second: autoDraw = False
62.5284 	EXP 	Third: autoDraw = False
62.6135 	DATA 	Mouse:  Left button up, pos=(657,237)
63.0135 	EXP 	New trial (rep=2, index=0): None
63.0449 	EXP 	retIMG: image = 'images/OBJ_94.png'
63.0449 	EXP 	retIMG: autoDraw = True
64.5445 	EXP 	retIMG: autoDraw = False
64.5445 	EXP 	retIMG: autoDraw = False
64.5445 	EXP 	question_text: autoDraw = True
65.5442 	EXP 	question_text: autoDraw = False
65.5442 	EXP 	question_text: autoDraw = False
65.5442 	EXP 	decisionQ_2: autoDraw = True
65.5442 	EXP 	first_left: autoDraw = True
65.5442 	EXP 	second_middle: autoDraw = True
65.5442 	EXP 	third_right: autoDraw = True
65.5442 	EXP 	First: autoDraw = True
65.5442 	EXP 	Second: autoDraw = True
65.5442 	EXP 	Third: autoDraw = True
66.3775 	DATA 	Mouse: Left button down, pos=(672,621)
66.3939 	EXP 	decisionQ_2: autoDraw = False
66.3939 	EXP 	first_left: autoDraw = False
66.3939 	EXP 	second_middle: autoDraw = False
66.3939 	EXP 	third_right: autoDraw = False
66.3939 	EXP 	First: autoDraw = False
66.3939 	EXP 	Second: autoDraw = False
66.3939 	EXP 	Third: autoDraw = False
66.5291 	DATA 	Mouse:  Left button up, pos=(672,621)
66.8938 	EXP 	BlockBreak: autoDraw = True
71.4630 	EXP 	Created sequence: random, trialTypes=1, nReps=2, seed=None
71.4631 	EXP 	New trial (rep=0, index=0): None
71.6287 	EXP 	window1: mouseVisible = True
