3.1764 	WARNING 	We strongly recommend you activate the PTB sound engine in PsychoPy prefs as the preferred audio engine. Its timing is vastly superior. Your prefs are currently set to use ['sounddevice', 'PTB', 'pyo', 'pygame'] (in that order).
8.2819 	WARNING 	Monitor specification not found. Creating a temporary one...
8.3022 	WARNING 	User requested fullscreen with size [800 600], but screen is actually [1280, 1024]. Using actual size
8.8501 	EXP 	Created window1 = Window(allowGUI=True, allowStencil=False, autoLog=True, backendConf=UNKNOWN, bitsMode=UNKNOWN, blendMode='avg', bpc=(8, 8, 8), color=array([0, 0, 0]), colorSpace='rgb', depthBits=8, fullscr=<method-wrapper '__getattribute__' of attributeSetter object at 0x000001A4B0A88040>, gamma=None, gammaErrorPolicy='raise', lms=UNKNOWN, monitor=<psychopy.monitors.calibTools.Monitor object at 0x000001A4B0FC5730>, multiSample=False, name='window1', numSamples=2, pos=(0, 0), screen=0, size=array([1280, 1024]), stencilBits=0, stereo=False, units='pix', useFBO=False, useRetina=False, viewOri=0.0, viewPos=None, viewScale=None, waitBlanking=True, winType='pyglet')
8.8501 	EXP 	window1: mouseVisible = True
8.8504 	EXP 	window1: mouseVisible = False
10.3417 	DATA 	Keypress: return
10.8536 	DATA 	Keypress: return
32.6223 	EXP 	window1: units = 'pix'
34.2724 	DATA 	Keypress: o
34.2727 	EXP 	window1: units = 'pix'
34.2947 	WARNING 	User requested fullscreen with size [1280  720], but screen is actually [1280, 1024]. Using actual size
34.6942 	EXP 	Created window1 = Window(allowGUI=False, allowStencil=False, autoLog=True, backendConf=UNKNOWN, bitsMode=UNKNOWN, blendMode='avg', bpc=(8, 8, 8), color=array([0, 0, 0]), colorSpace='rgb', depthBits=8, fullscr=<method-wrapper '__getattribute__' of attributeSetter object at 0x000001A4B0A88040>, gamma=None, gammaErrorPolicy='raise', lms=UNKNOWN, monitor=<psychopy.monitors.calibTools.Monitor object at 0x000001A4B6EC5550>, multiSample=False, name='window1', numSamples=2, pos=(0, 0), screen=0, size=array([1280, 1024]), stencilBits=0, stereo=False, units='height', useFBO=True, useRetina=False, viewOri=0.0, viewPos=None, viewScale=None, waitBlanking=True, winType='pyglet')
34.6944 	EXP 	window1: mouseVisible = True
34.6944 	EXP 	window1: Attempting to measure frame rate of screen (0) ...
34.6944 	EXP 	window1: recordFrameIntervals = False
34.8606 	EXP 	window1: recordFrameIntervals = True
35.0441 	EXP 	Screen (0) actual frame rate measured at 59.94Hz
35.0441 	EXP 	window1: recordFrameIntervals = False
35.2297 	EXP 	Created Instructions = TextStim(__class__=<class 'psychopy.visual.text.TextStim'>, alignHoriz=method-wrapper(...), alignText='center', alignVert=method-wrapper(...), anchorHoriz='center', anchorVert='center', antialias=True, autoDraw=False, autoLog=True, bold=False, color=array([1, 1, 1]), colorSpace='rgb', contrast=1.0, depth=0.0, flipHoriz=False, flipVert=False, font='Arial', fontFiles=[], height=0.03, italic=False, languageStyle='LTR', name='Instructions', opacity=1.0, ori=0, pos=array([0., 0.]), rgb=UNKNOWN, text=str(...), units='height', win=Window(...), wrapWidth=1)
35.2335 	EXP 	Created Triplet1 = ImageStim(__class__=<class 'psychopy.visual.image.ImageStim'>, anchor=('center', 'center'), autoLog=True, color=array([1, 1, 1]), colorSpace='rgb', contrast=1.0, depth=-1.0, flipHoriz=False, flipVert=False, image='sin', interpolate=True, mask=None, maskParams=None, name='Triplet1', opacity=1.0, ori=0.0, pos=array([0., 0.]), size=array([0.3, 0.3]), texRes=128, units='height', win=Window(...))
35.2373 	EXP 	Created Triplet2 = ImageStim(__class__=<class 'psychopy.visual.image.ImageStim'>, anchor=('center', 'center'), autoLog=True, color=array([1, 1, 1]), colorSpace='rgb', contrast=1.0, depth=-2.0, flipHoriz=False, flipVert=False, image='sin', interpolate=True, mask=None, maskParams=None, name='Triplet2', opacity=1.0, ori=0.0, pos=array([0., 0.]), size=array([0.3, 0.3]), texRes=128, units='height', win=Window(...))
35.2449 	EXP 	Created Triplet3 = ImageStim(__class__=<class 'psychopy.visual.image.ImageStim'>, anchor=('center', 'center'), autoLog=True, color=array([1, 1, 1]), colorSpace='rgb', contrast=1.0, depth=-3.0, flipHoriz=False, flipVert=False, image='sin', interpolate=True, mask=None, maskParams=None, name='Triplet3', opacity=1.0, ori=0.0, pos=array([0., 0.]), size=array([0.3, 0.3]), texRes=128, units='height', win=Window(...))
35.2449 	EXP 	Sound sound_pop set volume 1.000
35.2450 	EXP 	Sound sound_pop2 set volume 1.000
35.2450 	EXP 	Sound sound_pop3 set volume 1.000
35.3320 	EXP 	Created Mask = ImageStim(__class__=<class 'psychopy.visual.image.ImageStim'>, anchor=('center', 'center'), autoLog=True, color=array([1, 1, 1]), colorSpace='rgb', contrast=1.0, depth=0.0, flipHoriz=False, flipVert=False, image='images/Mask.png', interpolate=True, mask=None, maskParams=None, name='Mask', opacity=1.0, ori=0.0, pos=array([0., 0.]), size=array([1.5, 0.5]), texRes=128, units='height', win=Window(...))
35.3412 	EXP 	Created img1 = ImageStim(__class__=<class 'psychopy.visual.image.ImageStim'>, anchor=('center', 'center'), autoLog=True, color=array([1, 1, 1]), colorSpace='rgb', contrast=1.0, depth=-1.0, flipHoriz=False, flipVert=False, image='sin', interpolate=True, mask=None, maskParams=None, name='img1', opacity=1.0, ori=0.0, pos=array([0., 0.]), size=array([0.3, 0.3]), texRes=128, units='height', win=Window(...))
35.3472 	EXP 	Created img2 = ImageStim(__class__=<class 'psychopy.visual.image.ImageStim'>, anchor=('center', 'center'), autoLog=True, color=array([1, 1, 1]), colorSpace='rgb', contrast=1.0, depth=-2.0, flipHoriz=False, flipVert=False, image='sin', interpolate=True, mask=None, maskParams=None, name='img2', opacity=1.0, ori=0.0, pos=array([0., 0.]), size=array([0.3, 0.3]), texRes=128, units='height', win=Window(...))
35.3517 	EXP 	Created img3 = ImageStim(__class__=<class 'psychopy.visual.image.ImageStim'>, anchor=('center', 'center'), autoLog=True, color=array([1, 1, 1]), colorSpace='rgb', contrast=1.0, depth=-3.0, flipHoriz=False, flipVert=False, image='sin', interpolate=True, mask=None, maskParams=None, name='img3', opacity=1.0, ori=0.0, pos=array([0., 0.]), size=array([0.3, 0.3]), texRes=128, units='height', win=Window(...))
35.3518 	EXP 	Sound sound_pop4 set volume 1.000
35.3518 	EXP 	Sound sound_pop5 set volume 1.000
35.3518 	EXP 	Sound sound_pop6 set volume 1.000
35.3558 	EXP 	Created text_2 = TextStim(__class__=<class 'psychopy.visual.text.TextStim'>, alignHoriz=method-wrapper(...), alignText='center', alignVert=method-wrapper(...), anchorHoriz='center', anchorVert='center', antialias=True, autoDraw=False, autoLog=True, bold=False, color=array([1, 1, 1]), colorSpace='rgb', contrast=1.0, depth=0.0, flipHoriz=False, flipVert=False, font='Arial', fontFiles=[], height=0.03, italic=False, languageStyle='LTR', name='text_2', opacity=1.0, ori=0, pos=array([0., 0.]), rgb=UNKNOWN, text=str(...), units='height', win=Window(...), wrapWidth=1)
35.3593 	EXP 	Created text = TextStim(__class__=<class 'psychopy.visual.text.TextStim'>, alignHoriz=method-wrapper(...), alignText='center', alignVert=method-wrapper(...), anchorHoriz='center', anchorVert='center', antialias=True, autoDraw=False, autoLog=True, bold=False, color=array([1, 1, 1]), colorSpace='rgb', contrast=1.0, depth=-1.0, flipHoriz=False, flipVert=False, font='Arial', fontFiles=[], height=0.03, italic=False, languageStyle='LTR', name='text', opacity=1.0, ori=0, pos=array([0., 0.]), rgb=UNKNOWN, text=str(...), units='height', win=Window(...), wrapWidth=1)
35.3598 	EXP 	Created sameText = TextStim(__class__=<class 'psychopy.visual.text.TextStim'>, alignHoriz=method-wrapper(...), alignText='center', alignVert=method-wrapper(...), anchorHoriz='center', anchorVert='center', antialias=True, autoDraw=False, autoLog=True, bold=False, color=array([1, 1, 1]), colorSpace='rgb', contrast=1.0, depth=-2.0, flipHoriz=False, flipVert=False, font='Arial', fontFiles=[], height=0.03, italic=False, languageStyle='LTR', name='sameText', opacity=1.0, ori=0, pos=array([-0.2, -0.3]), rgb=UNKNOWN, text='', units='height', win=Window(...), wrapWidth=1)
35.3602 	EXP 	Created diffText = TextStim(__class__=<class 'psychopy.visual.text.TextStim'>, alignHoriz=method-wrapper(...), alignText='center', alignVert=method-wrapper(...), anchorHoriz='center', anchorVert='center', antialias=True, autoDraw=False, autoLog=True, bold=False, color=array([1, 1, 1]), colorSpace='rgb', contrast=1.0, depth=-3.0, flipHoriz=False, flipVert=False, font='Arial', fontFiles=[], height=0.03, italic=False, languageStyle='LTR', name='diffText', opacity=1.0, ori=0, pos=array([ 0.2, -0.3]), rgb=UNKNOWN, text='', units='height', win=Window(...), wrapWidth=1)
35.3612 	EXP 	Created leftCL = Rect(__class__=<class 'psychopy.visual.rect.Rect'>, anchor=('center', 'center'), autoDraw=False, autoLog=True, closeShape=True, color=method-wrapper(...), colorSpace='rgb', contrast=None, depth=-4.0, fillColor=array([1., 1., 1.]), fillColorSpace='rgb', fillRGB=array([1., 1., 1.]), interpolate=True, lineColor=array([1, 1, 1]), lineColorSpace='rgb', lineRGB=array([1, 1, 1]), lineWidth=3, name='leftCL', opacity=0.5, ori=0.0, pos=array([-0.2, -0.3]), size=array([-0.2, -0.2]), units='height', vertices=ndarray(...), win=Window(...))
35.3621 	EXP 	Created rightCL = Rect(__class__=<class 'psychopy.visual.rect.Rect'>, anchor=('center', 'center'), autoDraw=False, autoLog=True, closeShape=True, color=method-wrapper(...), colorSpace='rgb', contrast=None, depth=-5.0, fillColor=array([1., 1., 1.]), fillColorSpace='rgb', fillRGB=array([1., 1., 1.]), interpolate=True, lineColor=array([1, 1, 1]), lineColorSpace='rgb', lineRGB=array([1, 1, 1]), lineWidth=3, name='rightCL', opacity=0.5, ori=0.0, pos=array([ 0.2, -0.3]), size=array([0.2, 0.2]), units='height', vertices=ndarray(...), win=Window(...))
35.3621 	EXP 	window1: mouseVisible = True
35.3622 	EXP 	Sound clickedSound set volume 1.000
35.3659 	EXP 	Created retIMG = ImageStim(__class__=<class 'psychopy.visual.image.ImageStim'>, anchor=('center', 'center'), autoLog=True, color=array([1, 1, 1]), colorSpace='rgb', contrast=1.0, depth=-1.0, flipHoriz=False, flipVert=False, image='sin', interpolate=True, mask=None, maskParams=None, name='retIMG', opacity=1.0, ori=0.0, pos=array([0., 0.]), size=array([0.3, 0.3]), texRes=128, units='height', win=Window(...))
35.3659 	EXP 	Sound sound_pop7 set volume 1.000
35.3681 	EXP 	Created question_text = TextStim(__class__=<class 'psychopy.visual.text.TextStim'>, alignHoriz=method-wrapper(...), alignText='center', alignVert=method-wrapper(...), anchorHoriz='center', anchorVert='center', antialias=True, autoDraw=False, autoLog=True, bold=False, color=array([1, 1, 1]), colorSpace='rgb', contrast=1.0, depth=0.0, flipHoriz=False, flipVert=False, font='Arial', fontFiles=[], height=0.03, italic=False, languageStyle='LTR', name='question_text', opacity=1.0, ori=0, pos=array([0. , 0.3]), rgb=UNKNOWN, text='When did you see this object?', units='height', win=Window(...), wrapWidth=1)
35.3702 	EXP 	Created decisionQ_2 = TextStim(__class__=<class 'psychopy.visual.text.TextStim'>, alignHoriz=method-wrapper(...), alignText='center', alignVert=method-wrapper(...), anchorHoriz='center', anchorVert='center', antialias=True, autoDraw=False, autoLog=True, bold=False, color=array([1, 1, 1]), colorSpace='rgb', contrast=1.0, depth=-1.0, flipHoriz=False, flipVert=False, font='Arial', fontFiles=[], height=0.03, italic=False, languageStyle='LTR', name='decisionQ_2', opacity=1.0, ori=0, pos=array([0. , 0.3]), rgb=UNKNOWN, text='When did you see this object?', units='height', win=Window(...), wrapWidth=1)
35.3709 	EXP 	Created first_left = Rect(__class__=<class 'psychopy.visual.rect.Rect'>, anchor=('center', 'center'), autoDraw=False, autoLog=True, closeShape=True, color=method-wrapper(...), colorSpace='rgb', contrast=None, depth=-2.0, fillColor=array([1, 1, 1]), fillColorSpace='rgb', fillRGB=array([1, 1, 1]), interpolate=True, lineColor=array([1, 1, 1]), lineColorSpace='rgb', lineRGB=array([1, 1, 1]), lineWidth=3, name='first_left', opacity=0.5, ori=0.0, pos=array([0. , 0.1]), size=array([0.15, 0.15]), units='height', vertices=ndarray(...), win=Window(...))
35.3716 	EXP 	Created second_middle = Rect(__class__=<class 'psychopy.visual.rect.Rect'>, anchor=('center', 'center'), autoDraw=False, autoLog=True, closeShape=True, color=method-wrapper(...), colorSpace='rgb', contrast=None, depth=-3.0, fillColor=array([1, 1, 1]), fillColorSpace='rgb', fillRGB=array([1, 1, 1]), interpolate=True, lineColor=array([1, 1, 1]), lineColorSpace='rgb', lineRGB=array([1, 1, 1]), lineWidth=3, name='second_middle', opacity=0.5, ori=0.0, pos=array([ 0. , -0.1]), size=array([0.15, 0.15]), units='height', vertices=ndarray(...), win=Window(...))
35.3723 	EXP 	Created third_right = Rect(__class__=<class 'psychopy.visual.rect.Rect'>, anchor=('center', 'center'), autoDraw=False, autoLog=True, closeShape=True, color=method-wrapper(...), colorSpace='rgb', contrast=None, depth=-4.0, fillColor=array([1, 1, 1]), fillColorSpace='rgb', fillRGB=array([1, 1, 1]), interpolate=True, lineColor=array([1, 1, 1]), lineColorSpace='rgb', lineRGB=array([1, 1, 1]), lineWidth=3, name='third_right', opacity=0.5, ori=0.0, pos=array([ 0. , -0.3]), size=array([0.15, 0.15]), units='height', vertices=ndarray(...), win=Window(...))
35.3752 	EXP 	Created First = TextStim(__class__=<class 'psychopy.visual.text.TextStim'>, alignHoriz=method-wrapper(...), alignText='center', alignVert=method-wrapper(...), anchorHoriz='center', anchorVert='center', antialias=True, autoDraw=False, autoLog=True, bold=False, color=array([1, 1, 1]), colorSpace='rgb', contrast=1.0, depth=-5.0, flipHoriz=False, flipVert=False, font='Arial', fontFiles=[], height=0.03, italic=False, languageStyle='LTR', name='First', opacity=1.0, ori=0, pos=array([0. , 0.1]), rgb=UNKNOWN, text='First', units='height', win=Window(...), wrapWidth=1)
35.3771 	EXP 	Created Second = TextStim(__class__=<class 'psychopy.visual.text.TextStim'>, alignHoriz=method-wrapper(...), alignText='center', alignVert=method-wrapper(...), anchorHoriz='center', anchorVert='center', antialias=True, autoDraw=False, autoLog=True, bold=False, color=array([1, 1, 1]), colorSpace='rgb', contrast=1.0, depth=-6.0, flipHoriz=False, flipVert=False, font='Arial', fontFiles=[], height=0.03, italic=False, languageStyle='LTR', name='Second', opacity=1.0, ori=0, pos=array([ 0. , -0.1]), rgb=UNKNOWN, text='Second', units='height', win=Window(...), wrapWidth=1)
35.3790 	EXP 	Created Third = TextStim(__class__=<class 'psychopy.visual.text.TextStim'>, alignHoriz=method-wrapper(...), alignText='center', alignVert=method-wrapper(...), anchorHoriz='center', anchorVert='center', antialias=True, autoDraw=False, autoLog=True, bold=False, color=array([1, 1, 1]), colorSpace='rgb', contrast=1.0, depth=-7.0, flipHoriz=False, flipVert=False, font='Arial', fontFiles=[], height=0.03, italic=False, languageStyle='LTR', name='Third', opacity=1.0, ori=0, pos=array([ 0. , -0.3]), rgb=UNKNOWN, text='Third', units='height', win=Window(...), wrapWidth=1)
35.3790 	EXP 	window1: mouseVisible = True
35.3791 	EXP 	Sound clickedSound set volume 1.000
35.3865 	EXP 	Created BlockBreak = TextStim(__class__=<class 'psychopy.visual.text.TextStim'>, alignHoriz=method-wrapper(...), alignText='center', alignVert=method-wrapper(...), anchorHoriz='center', anchorVert='center', antialias=True, autoDraw=False, autoLog=True, bold=False, color=array([1, 1, 1]), colorSpace='rgb', contrast=1.0, depth=0.0, flipHoriz=False, flipVert=False, font='Arial', fontFiles=[], height=0.03, italic=False, languageStyle='LTR', name='BlockBreak', opacity=1.0, ori=0, pos=array([0., 0.]), rgb=UNKNOWN, text=str(...), units='height', win=Window(...), wrapWidth=1)
35.3989 	EXP 	Created text_4 = TextStim(__class__=<class 'psychopy.visual.text.TextStim'>, alignHoriz=method-wrapper(...), alignText='center', alignVert=method-wrapper(...), anchorHoriz='center', anchorVert='center', antialias=True, autoDraw=False, autoLog=True, bold=False, color=array([1, 1, 1]), colorSpace='rgb', contrast=1.0, depth=-1.0, flipHoriz=False, flipVert=False, font='Open Sans', fontFiles=[], height=0.03, italic=False, languageStyle='LTR', name='text_4', opacity=1.0, ori=0.0, pos=array([0., 0.]), rgb=UNKNOWN, text=str(...), units='height', win=Window(...), wrapWidth=1)
35.4025 	EXP 	Created Triplet1 = ImageStim(__class__=<class 'psychopy.visual.image.ImageStim'>, anchor=('center', 'center'), autoLog=True, color=array([1, 1, 1]), colorSpace='rgb', contrast=1.0, depth=-1.0, flipHoriz=False, flipVert=False, image='sin', interpolate=True, mask=None, maskParams=None, name='Triplet1', opacity=1.0, ori=0.0, pos=array([0., 0.]), size=array([0.3, 0.3]), texRes=128, units='height', win=Window(...))
35.4070 	EXP 	Created Triplet2 = ImageStim(__class__=<class 'psychopy.visual.image.ImageStim'>, anchor=('center', 'center'), autoLog=True, color=array([1, 1, 1]), colorSpace='rgb', contrast=1.0, depth=-2.0, flipHoriz=False, flipVert=False, image='sin', interpolate=True, mask=None, maskParams=None, name='Triplet2', opacity=1.0, ori=0.0, pos=array([0., 0.]), size=array([0.3, 0.3]), texRes=128, units='height', win=Window(...))
35.4113 	EXP 	Created Triplet3 = ImageStim(__class__=<class 'psychopy.visual.image.ImageStim'>, anchor=('center', 'center'), autoLog=True, color=array([1, 1, 1]), colorSpace='rgb', contrast=1.0, depth=-3.0, flipHoriz=False, flipVert=False, image='sin', interpolate=True, mask=None, maskParams=None, name='Triplet3', opacity=1.0, ori=0.0, pos=array([0., 0.]), size=array([0.3, 0.3]), texRes=128, units='height', win=Window(...))
35.4113 	EXP 	Sound sound_pop set volume 1.000
35.4114 	EXP 	Sound sound_pop2 set volume 1.000
35.4114 	EXP 	Sound sound_pop3 set volume 1.000
35.4978 	EXP 	Created Mask = ImageStim(__class__=<class 'psychopy.visual.image.ImageStim'>, anchor=('center', 'center'), autoLog=True, color=array([1, 1, 1]), colorSpace='rgb', contrast=1.0, depth=0.0, flipHoriz=False, flipVert=False, image='images/Mask.png', interpolate=True, mask=None, maskParams=None, name='Mask', opacity=1.0, ori=0.0, pos=array([0., 0.]), size=array([1.5, 0.5]), texRes=128, units='height', win=Window(...))
35.5037 	EXP 	Created img1 = ImageStim(__class__=<class 'psychopy.visual.image.ImageStim'>, anchor=('center', 'center'), autoLog=True, color=array([1, 1, 1]), colorSpace='rgb', contrast=1.0, depth=-1.0, flipHoriz=False, flipVert=False, image='sin', interpolate=True, mask=None, maskParams=None, name='img1', opacity=1.0, ori=0.0, pos=array([0., 0.]), size=array([0.3, 0.3]), texRes=128, units='height', win=Window(...))
35.5082 	EXP 	Created img2 = ImageStim(__class__=<class 'psychopy.visual.image.ImageStim'>, anchor=('center', 'center'), autoLog=True, color=array([1, 1, 1]), colorSpace='rgb', contrast=1.0, depth=-2.0, flipHoriz=False, flipVert=False, image='sin', interpolate=True, mask=None, maskParams=None, name='img2', opacity=1.0, ori=0.0, pos=array([0., 0.]), size=array([0.3, 0.3]), texRes=128, units='height', win=Window(...))
35.5127 	EXP 	Created img3 = ImageStim(__class__=<class 'psychopy.visual.image.ImageStim'>, anchor=('center', 'center'), autoLog=True, color=array([1, 1, 1]), colorSpace='rgb', contrast=1.0, depth=-3.0, flipHoriz=False, flipVert=False, image='sin', interpolate=True, mask=None, maskParams=None, name='img3', opacity=1.0, ori=0.0, pos=array([0., 0.]), size=array([0.3, 0.3]), texRes=128, units='height', win=Window(...))
35.5128 	EXP 	Sound sound_pop4 set volume 1.000
35.5128 	EXP 	Sound sound_pop5 set volume 1.000
35.5128 	EXP 	Sound sound_pop6 set volume 1.000
35.5165 	EXP 	Created text_2 = TextStim(__class__=<class 'psychopy.visual.text.TextStim'>, alignHoriz=method-wrapper(...), alignText='center', alignVert=method-wrapper(...), anchorHoriz='center', anchorVert='center', antialias=True, autoDraw=False, autoLog=True, bold=False, color=array([1, 1, 1]), colorSpace='rgb', contrast=1.0, depth=0.0, flipHoriz=False, flipVert=False, font='Arial', fontFiles=[], height=0.03, italic=False, languageStyle='LTR', name='text_2', opacity=1.0, ori=0, pos=array([0., 0.]), rgb=UNKNOWN, text=str(...), units='height', win=Window(...), wrapWidth=1)
35.5190 	EXP 	Created text = TextStim(__class__=<class 'psychopy.visual.text.TextStim'>, alignHoriz=method-wrapper(...), alignText='center', alignVert=method-wrapper(...), anchorHoriz='center', anchorVert='center', antialias=True, autoDraw=False, autoLog=True, bold=False, color=array([1, 1, 1]), colorSpace='rgb', contrast=1.0, depth=-1.0, flipHoriz=False, flipVert=False, font='Arial', fontFiles=[], height=0.03, italic=False, languageStyle='LTR', name='text', opacity=1.0, ori=0, pos=array([0., 0.]), rgb=UNKNOWN, text=str(...), units='height', win=Window(...), wrapWidth=1)
35.5195 	EXP 	Created sameText = TextStim(__class__=<class 'psychopy.visual.text.TextStim'>, alignHoriz=method-wrapper(...), alignText='center', alignVert=method-wrapper(...), anchorHoriz='center', anchorVert='center', antialias=True, autoDraw=False, autoLog=True, bold=False, color=array([1, 1, 1]), colorSpace='rgb', contrast=1.0, depth=-2.0, flipHoriz=False, flipVert=False, font='Arial', fontFiles=[], height=0.03, italic=False, languageStyle='LTR', name='sameText', opacity=1.0, ori=0, pos=array([-0.2, -0.3]), rgb=UNKNOWN, text='', units='height', win=Window(...), wrapWidth=1)
35.5199 	EXP 	Created diffText = TextStim(__class__=<class 'psychopy.visual.text.TextStim'>, alignHoriz=method-wrapper(...), alignText='center', alignVert=method-wrapper(...), anchorHoriz='center', anchorVert='center', antialias=True, autoDraw=False, autoLog=True, bold=False, color=array([1, 1, 1]), colorSpace='rgb', contrast=1.0, depth=-3.0, flipHoriz=False, flipVert=False, font='Arial', fontFiles=[], height=0.03, italic=False, languageStyle='LTR', name='diffText', opacity=1.0, ori=0, pos=array([ 0.2, -0.3]), rgb=UNKNOWN, text='', units='height', win=Window(...), wrapWidth=1)
35.5208 	EXP 	Created leftCL = Rect(__class__=<class 'psychopy.visual.rect.Rect'>, anchor=('center', 'center'), autoDraw=False, autoLog=True, closeShape=True, color=method-wrapper(...), colorSpace='rgb', contrast=None, depth=-4.0, fillColor=array([1., 1., 1.]), fillColorSpace='rgb', fillRGB=array([1., 1., 1.]), interpolate=True, lineColor=array([1, 1, 1]), lineColorSpace='rgb', lineRGB=array([1, 1, 1]), lineWidth=3, name='leftCL', opacity=0.5, ori=0.0, pos=array([-0.2, -0.3]), size=array([-0.2, -0.2]), units='height', vertices=ndarray(...), win=Window(...))
35.5217 	EXP 	Created rightCL = Rect(__class__=<class 'psychopy.visual.rect.Rect'>, anchor=('center', 'center'), autoDraw=False, autoLog=True, closeShape=True, color=method-wrapper(...), colorSpace='rgb', contrast=None, depth=-5.0, fillColor=array([1., 1., 1.]), fillColorSpace='rgb', fillRGB=array([1., 1., 1.]), interpolate=True, lineColor=array([1, 1, 1]), lineColorSpace='rgb', lineRGB=array([1, 1, 1]), lineWidth=3, name='rightCL', opacity=0.5, ori=0.0, pos=array([ 0.2, -0.3]), size=array([0.2, 0.2]), units='height', vertices=ndarray(...), win=Window(...))
35.5217 	EXP 	window1: mouseVisible = True
35.5218 	EXP 	Sound clickedSound set volume 1.000
35.5253 	EXP 	Created retIMG = ImageStim(__class__=<class 'psychopy.visual.image.ImageStim'>, anchor=('center', 'center'), autoLog=True, color=array([1, 1, 1]), colorSpace='rgb', contrast=1.0, depth=-1.0, flipHoriz=False, flipVert=False, image='sin', interpolate=True, mask=None, maskParams=None, name='retIMG', opacity=1.0, ori=0.0, pos=array([0., 0.]), size=array([0.3, 0.3]), texRes=128, units='height', win=Window(...))
35.5253 	EXP 	Sound sound_pop7 set volume 1.000
35.5275 	EXP 	Created question_text = TextStim(__class__=<class 'psychopy.visual.text.TextStim'>, alignHoriz=method-wrapper(...), alignText='center', alignVert=method-wrapper(...), anchorHoriz='center', anchorVert='center', antialias=True, autoDraw=False, autoLog=True, bold=False, color=array([1, 1, 1]), colorSpace='rgb', contrast=1.0, depth=0.0, flipHoriz=False, flipVert=False, font='Arial', fontFiles=[], height=0.03, italic=False, languageStyle='LTR', name='question_text', opacity=1.0, ori=0, pos=array([0. , 0.3]), rgb=UNKNOWN, text='When did you see this object?', units='height', win=Window(...), wrapWidth=1)
35.5296 	EXP 	Created decisionQ_2 = TextStim(__class__=<class 'psychopy.visual.text.TextStim'>, alignHoriz=method-wrapper(...), alignText='center', alignVert=method-wrapper(...), anchorHoriz='center', anchorVert='center', antialias=True, autoDraw=False, autoLog=True, bold=False, color=array([1, 1, 1]), colorSpace='rgb', contrast=1.0, depth=-1.0, flipHoriz=False, flipVert=False, font='Arial', fontFiles=[], height=0.03, italic=False, languageStyle='LTR', name='decisionQ_2', opacity=1.0, ori=0, pos=array([0. , 0.3]), rgb=UNKNOWN, text='When did you see this object?', units='height', win=Window(...), wrapWidth=1)
35.5303 	EXP 	Created first_left = Rect(__class__=<class 'psychopy.visual.rect.Rect'>, anchor=('center', 'center'), autoDraw=False, autoLog=True, closeShape=True, color=method-wrapper(...), colorSpace='rgb', contrast=None, depth=-2.0, fillColor=array([1, 1, 1]), fillColorSpace='rgb', fillRGB=array([1, 1, 1]), interpolate=True, lineColor=array([1, 1, 1]), lineColorSpace='rgb', lineRGB=array([1, 1, 1]), lineWidth=3, name='first_left', opacity=0.5, ori=0.0, pos=array([0. , 0.1]), size=array([0.15, 0.15]), units='height', vertices=ndarray(...), win=Window(...))
35.5310 	EXP 	Created second_middle = Rect(__class__=<class 'psychopy.visual.rect.Rect'>, anchor=('center', 'center'), autoDraw=False, autoLog=True, closeShape=True, color=method-wrapper(...), colorSpace='rgb', contrast=None, depth=-3.0, fillColor=array([1, 1, 1]), fillColorSpace='rgb', fillRGB=array([1, 1, 1]), interpolate=True, lineColor=array([1, 1, 1]), lineColorSpace='rgb', lineRGB=array([1, 1, 1]), lineWidth=3, name='second_middle', opacity=0.5, ori=0.0, pos=array([ 0. , -0.1]), size=array([0.15, 0.15]), units='height', vertices=ndarray(...), win=Window(...))
35.5317 	EXP 	Created third_right = Rect(__class__=<class 'psychopy.visual.rect.Rect'>, anchor=('center', 'center'), autoDraw=False, autoLog=True, closeShape=True, color=method-wrapper(...), colorSpace='rgb', contrast=None, depth=-4.0, fillColor=array([1, 1, 1]), fillColorSpace='rgb', fillRGB=array([1, 1, 1]), interpolate=True, lineColor=array([1, 1, 1]), lineColorSpace='rgb', lineRGB=array([1, 1, 1]), lineWidth=3, name='third_right', opacity=0.5, ori=0.0, pos=array([ 0. , -0.3]), size=array([0.15, 0.15]), units='height', vertices=ndarray(...), win=Window(...))
35.5336 	EXP 	Created First = TextStim(__class__=<class 'psychopy.visual.text.TextStim'>, alignHoriz=method-wrapper(...), alignText='center', alignVert=method-wrapper(...), anchorHoriz='center', anchorVert='center', antialias=True, autoDraw=False, autoLog=True, bold=False, color=array([1, 1, 1]), colorSpace='rgb', contrast=1.0, depth=-5.0, flipHoriz=False, flipVert=False, font='Arial', fontFiles=[], height=0.03, italic=False, languageStyle='LTR', name='First', opacity=1.0, ori=0, pos=array([0. , 0.1]), rgb=UNKNOWN, text='First', units='height', win=Window(...), wrapWidth=1)
35.5355 	EXP 	Created Second = TextStim(__class__=<class 'psychopy.visual.text.TextStim'>, alignHoriz=method-wrapper(...), alignText='center', alignVert=method-wrapper(...), anchorHoriz='center', anchorVert='center', antialias=True, autoDraw=False, autoLog=True, bold=False, color=array([1, 1, 1]), colorSpace='rgb', contrast=1.0, depth=-6.0, flipHoriz=False, flipVert=False, font='Arial', fontFiles=[], height=0.03, italic=False, languageStyle='LTR', name='Second', opacity=1.0, ori=0, pos=array([ 0. , -0.1]), rgb=UNKNOWN, text='Second', units='height', win=Window(...), wrapWidth=1)
35.5373 	EXP 	Created Third = TextStim(__class__=<class 'psychopy.visual.text.TextStim'>, alignHoriz=method-wrapper(...), alignText='center', alignVert=method-wrapper(...), anchorHoriz='center', anchorVert='center', antialias=True, autoDraw=False, autoLog=True, bold=False, color=array([1, 1, 1]), colorSpace='rgb', contrast=1.0, depth=-7.0, flipHoriz=False, flipVert=False, font='Arial', fontFiles=[], height=0.03, italic=False, languageStyle='LTR', name='Third', opacity=1.0, ori=0, pos=array([ 0. , -0.3]), rgb=UNKNOWN, text='Third', units='height', win=Window(...), wrapWidth=1)
35.5374 	EXP 	window1: mouseVisible = True
35.5374 	EXP 	Sound clickedSound set volume 1.000
35.5402 	EXP 	Created end = TextStim(__class__=<class 'psychopy.visual.text.TextStim'>, alignHoriz=method-wrapper(...), alignText='center', alignVert=method-wrapper(...), anchorHoriz='center', anchorVert='center', antialias=True, autoDraw=False, autoLog=True, bold=False, color=array([1, 1, 1]), colorSpace='rgb', contrast=1.0, depth=0.0, flipHoriz=False, flipVert=False, font='Arial', fontFiles=[], height=0.03, italic=False, languageStyle='LTR', name='end', opacity=1.0, ori=0, pos=array([0., 0.]), rgb=UNKNOWN, text=str(...), units='height', win=Window(...), wrapWidth=1)
35.5772 	EXP 	Instructions: autoDraw = True
36.4269 	EXP 	Created sequence: random, trialTypes=1, nReps=2, seed=None
36.4271 	EXP 	New trial (rep=0, index=0): None
36.5501 	DATA 	Keypress: space
36.8058 	EXP 	Instructions: autoDraw = False
36.8058 	EXP 	Triplet1: image = 'images/OBJ_2.png'
36.8058 	EXP 	Triplet2: image = 'images/OBJ_22.png'
36.8058 	EXP 	Triplet3: image = 'images/OBJ_134.png'
36.8058 	EXP 	Triplet1: autoDraw = True
38.3093 	EXP 	Triplet1: autoDraw = False
38.8092 	EXP 	Triplet2: autoDraw = True
40.3087 	EXP 	Triplet2: autoDraw = False
40.8091 	EXP 	Triplet3: autoDraw = True
42.3086 	EXP 	Triplet3: autoDraw = False
42.3086 	EXP 	Triplet1: autoDraw = False
42.3086 	EXP 	Triplet2: autoDraw = False
42.3086 	EXP 	Triplet3: autoDraw = False
42.3086 	EXP 	Mask: autoDraw = True
43.9397 	EXP 	Mask: autoDraw = False
43.9397 	EXP 	Mask: autoDraw = False
43.9397 	EXP 	img1: image = 'images/OBJ_2.png'
43.9397 	EXP 	img2: image = 'images/OBJ_22.png'
43.9397 	EXP 	img3: image = 'images/OBJ_134.png'
43.9397 	EXP 	img1: autoDraw = True
45.4411 	EXP 	img1: autoDraw = False
45.9405 	EXP 	img2: autoDraw = True
47.4405 	EXP 	img2: autoDraw = False
47.9399 	EXP 	img3: autoDraw = True
49.4394 	EXP 	img3: autoDraw = False
49.4394 	EXP 	img1: autoDraw = False
49.4394 	EXP 	img2: autoDraw = False
49.4394 	EXP 	img3: autoDraw = False
49.4394 	EXP 	text_2: autoDraw = True
50.4391 	EXP 	text_2: autoDraw = False
50.4391 	EXP 	text_2: autoDraw = False
50.4391 	EXP 	sameText: height = 0.03
50.4391 	EXP 	sameText: height = 0.03
50.4391 	EXP 	sameText: height = 0.03
50.4391 	EXP 	sameText: text = 'Same'
50.4391 	EXP 	diffText: height = 0.03
50.4391 	EXP 	diffText: height = 0.03
50.4391 	EXP 	diffText: height = 0.03
50.4391 	EXP 	diffText: text = 'Different'
50.4391 	EXP 	text: autoDraw = True
50.4391 	EXP 	sameText: autoDraw = True
50.4391 	EXP 	diffText: autoDraw = True
50.4391 	EXP 	leftCL: autoDraw = True
50.4391 	EXP 	rightCL: autoDraw = True
51.3895 	DATA 	Mouse: Left button down, pos=(427,306)
51.4060 	EXP 	text: autoDraw = False
51.4060 	EXP 	sameText: autoDraw = False
51.4060 	EXP 	diffText: autoDraw = False
51.4060 	EXP 	leftCL: autoDraw = False
51.4060 	EXP 	rightCL: autoDraw = False
51.5225 	DATA 	Mouse:  Left button up, pos=(427,306)
51.8891 	EXP 	New trial (rep=1, index=0): None
52.1971 	EXP 	Triplet1: image = 'images/OBJ_143.png'
52.1971 	EXP 	Triplet2: image = 'images/OBJ_85.png'
52.1971 	EXP 	Triplet3: image = 'images/OBJ_43.png'
52.1971 	EXP 	Triplet1: autoDraw = True
53.7048 	EXP 	Triplet1: autoDraw = False
54.1881 	EXP 	Triplet2: autoDraw = True
55.6876 	EXP 	Triplet2: autoDraw = False
56.1874 	EXP 	Triplet3: autoDraw = True
57.6875 	EXP 	Triplet3: autoDraw = False
57.6875 	EXP 	Triplet1: autoDraw = False
57.6875 	EXP 	Triplet2: autoDraw = False
57.6875 	EXP 	Triplet3: autoDraw = False
57.6875 	EXP 	Mask: autoDraw = True
59.2490 	EXP 	Mask: autoDraw = False
59.2490 	EXP 	img1: image = 'images/OBJ_143.png'
59.2490 	EXP 	img2: image = 'images/OBJ_85.png'
59.2490 	EXP 	img3: image = 'images/OBJ_43.png'
59.2490 	EXP 	img1: autoDraw = True
60.7533 	EXP 	img1: autoDraw = False
61.2360 	EXP 	img2: autoDraw = True
62.7356 	EXP 	img2: autoDraw = False
63.2354 	EXP 	img3: autoDraw = True
64.7350 	EXP 	img3: autoDraw = False
64.7350 	EXP 	img1: autoDraw = False
64.7350 	EXP 	img2: autoDraw = False
64.7350 	EXP 	img3: autoDraw = False
64.7350 	EXP 	text_2: autoDraw = True
65.7348 	EXP 	text_2: autoDraw = False
65.7348 	EXP 	text_2: autoDraw = False
65.7348 	EXP 	sameText: text = 'Same'
65.7348 	EXP 	diffText: text = 'Different'
65.7348 	EXP 	text: autoDraw = True
65.7348 	EXP 	sameText: autoDraw = True
65.7348 	EXP 	diffText: autoDraw = True
65.7348 	EXP 	leftCL: autoDraw = True
65.7348 	EXP 	rightCL: autoDraw = True
66.0349 	DATA 	Mouse: Left button down, pos=(445,279)
66.0513 	EXP 	text: autoDraw = False
66.0513 	EXP 	sameText: autoDraw = False
66.0513 	EXP 	diffText: autoDraw = False
66.0513 	EXP 	leftCL: autoDraw = False
66.0513 	EXP 	rightCL: autoDraw = False
66.1849 	DATA 	Mouse:  Left button up, pos=(445,279)
66.5349 	EXP 	Created sequence: random, trialTypes=1, nReps=3, seed=None
66.5351 	EXP 	New trial (rep=0, index=0): None
66.8137 	EXP 	retIMG: image = 'images/OBJ_2.png'
66.8137 	EXP 	retIMG: autoDraw = True
68.3173 	EXP 	retIMG: autoDraw = False
68.3173 	EXP 	retIMG: autoDraw = False
68.3173 	EXP 	question_text: autoDraw = True
69.3170 	EXP 	question_text: autoDraw = False
69.3170 	EXP 	question_text: autoDraw = False
69.3170 	EXP 	decisionQ_2: autoDraw = True
69.3170 	EXP 	first_left: autoDraw = True
69.3170 	EXP 	second_middle: autoDraw = True
69.3170 	EXP 	third_right: autoDraw = True
69.3170 	EXP 	First: autoDraw = True
69.3170 	EXP 	Second: autoDraw = True
69.3170 	EXP 	Third: autoDraw = True
69.9837 	DATA 	Mouse: Left button down, pos=(616,553)
70.0002 	EXP 	decisionQ_2: autoDraw = False
70.0002 	EXP 	first_left: autoDraw = False
70.0002 	EXP 	second_middle: autoDraw = False
70.0002 	EXP 	third_right: autoDraw = False
70.0002 	EXP 	First: autoDraw = False
70.0002 	EXP 	Second: autoDraw = False
70.0002 	EXP 	Third: autoDraw = False
70.1337 	DATA 	Mouse:  Left button up, pos=(616,553)
70.4837 	EXP 	New trial (rep=1, index=0): None
70.7263 	EXP 	retIMG: image = 'images/OBJ_143.png'
70.7263 	EXP 	retIMG: autoDraw = True
72.2328 	EXP 	retIMG: autoDraw = False
72.2328 	EXP 	retIMG: autoDraw = False
72.2328 	EXP 	question_text: autoDraw = True
73.2325 	EXP 	question_text: autoDraw = False
73.2325 	EXP 	question_text: autoDraw = False
73.2325 	EXP 	decisionQ_2: autoDraw = True
73.2325 	EXP 	first_left: autoDraw = True
73.2325 	EXP 	second_middle: autoDraw = True
73.2325 	EXP 	third_right: autoDraw = True
73.2325 	EXP 	First: autoDraw = True
73.2325 	EXP 	Second: autoDraw = True
73.2325 	EXP 	Third: autoDraw = True
73.4998 	DATA 	Mouse: Left button down, pos=(647,387)
73.5158 	EXP 	decisionQ_2: autoDraw = False
73.5158 	EXP 	first_left: autoDraw = False
73.5158 	EXP 	second_middle: autoDraw = False
73.5158 	EXP 	third_right: autoDraw = False
73.5158 	EXP 	First: autoDraw = False
73.5158 	EXP 	Second: autoDraw = False
73.5158 	EXP 	Third: autoDraw = False
73.6327 	DATA 	Mouse:  Left button up, pos=(647,387)
73.9992 	EXP 	New trial (rep=2, index=0): None
74.2682 	EXP 	retIMG: image = 'images/OBJ_134.png'
74.2682 	EXP 	retIMG: autoDraw = True
75.7818 	EXP 	retIMG: autoDraw = False
75.7818 	EXP 	retIMG: autoDraw = False
75.7818 	EXP 	question_text: autoDraw = True
76.7815 	EXP 	question_text: autoDraw = False
76.7815 	EXP 	question_text: autoDraw = False
76.7815 	EXP 	decisionQ_2: autoDraw = True
76.7815 	EXP 	first_left: autoDraw = True
76.7815 	EXP 	second_middle: autoDraw = True
76.7815 	EXP 	third_right: autoDraw = True
76.7815 	EXP 	First: autoDraw = True
76.7815 	EXP 	Second: autoDraw = True
76.7815 	EXP 	Third: autoDraw = True
77.0483 	DATA 	Mouse: Left button down, pos=(633,209)
77.0647 	EXP 	decisionQ_2: autoDraw = False
77.0647 	EXP 	first_left: autoDraw = False
77.0647 	EXP 	second_middle: autoDraw = False
77.0647 	EXP 	third_right: autoDraw = False
77.0647 	EXP 	First: autoDraw = False
77.0647 	EXP 	Second: autoDraw = False
77.0647 	EXP 	Third: autoDraw = False
77.1483 	DATA 	Mouse:  Left button up, pos=(633,209)
77.5650 	EXP 	BlockBreak: autoDraw = True
80.3315 	DATA 	Keypress: space
257.5457 	EXP 	text_4: autoDraw = True
257.5791 	EXP 	BlockBreak: autoDraw = False
503.7750 	EXP 	Created sequence: random, trialTypes=1, nReps=25, seed=None
503.7752 	EXP 	New trial (rep=0, index=0): None
503.8325 	DATA 	Keypress: space
503.8363 	EXP 	BlockBreak: autoDraw = False
503.8363 	EXP 	text_4: autoDraw = False
503.8363 	EXP 	Triplet1: image = 'images/OBJ_9.png'
503.8363 	EXP 	Triplet2: image = 'images/OBJ_99.png'
503.8363 	EXP 	Triplet3: image = 'images/OBJ_170.png'
503.8363 	EXP 	Triplet1: autoDraw = True
505.3410 	EXP 	Triplet1: autoDraw = False
505.8242 	EXP 	Triplet2: autoDraw = True
507.3238 	EXP 	Triplet2: autoDraw = False
507.8231 	EXP 	Triplet3: autoDraw = True
509.3227 	EXP 	Triplet3: autoDraw = False
509.3227 	EXP 	Triplet1: autoDraw = False
509.3227 	EXP 	Triplet2: autoDraw = False
509.3227 	EXP 	Triplet3: autoDraw = False
509.3227 	EXP 	Mask: autoDraw = True
510.8609 	EXP 	Mask: autoDraw = False
510.8609 	EXP 	Mask: autoDraw = False
510.8609 	EXP 	img1: image = 'images/OBJ_170.png'
510.8609 	EXP 	img2: image = 'images/OBJ_99.png'
510.8609 	EXP 	img3: image = 'images/OBJ_9.png'
510.8609 	EXP 	img1: autoDraw = True
512.3718 	EXP 	img1: autoDraw = False
512.8555 	EXP 	img2: autoDraw = True
514.3551 	EXP 	img2: autoDraw = False
514.8549 	EXP 	img3: autoDraw = True
516.3540 	EXP 	img3: autoDraw = False
516.3540 	EXP 	img1: autoDraw = False
516.3540 	EXP 	img2: autoDraw = False
516.3540 	EXP 	img3: autoDraw = False
516.3540 	EXP 	text_2: autoDraw = True
517.3537 	EXP 	text_2: autoDraw = False
517.3537 	EXP 	text_2: autoDraw = False
517.3537 	EXP 	sameText: text = 'Same'
517.3537 	EXP 	diffText: text = 'Different'
517.3537 	EXP 	text: autoDraw = True
517.3537 	EXP 	sameText: autoDraw = True
517.3537 	EXP 	diffText: autoDraw = True
517.3537 	EXP 	leftCL: autoDraw = True
517.3537 	EXP 	rightCL: autoDraw = True
526.7025 	DATA 	Mouse: Left button down, pos=(325,299)
526.8013 	DATA 	Mouse:  Left button up, pos=(329,298)
527.1179 	DATA 	Mouse: Left button down, pos=(379,279)
527.1343 	EXP 	text: autoDraw = False
527.1343 	EXP 	sameText: autoDraw = False
527.1343 	EXP 	diffText: autoDraw = False
527.1343 	EXP 	leftCL: autoDraw = False
527.1343 	EXP 	rightCL: autoDraw = False
527.2184 	DATA 	Mouse:  Left button up, pos=(379,279)
527.6178 	EXP 	New trial (rep=1, index=0): None
527.6726 	EXP 	Triplet1: image = 'images/OBJ_53.png'
527.6726 	EXP 	Triplet2: image = 'images/OBJ_91.png'
527.6726 	EXP 	Triplet3: image = 'images/OBJ_75.png'
527.6726 	EXP 	Triplet1: autoDraw = True
529.1836 	EXP 	Triplet1: autoDraw = False
529.6673 	EXP 	Triplet2: autoDraw = True
531.1663 	EXP 	Triplet2: autoDraw = False
531.6663 	EXP 	Triplet3: autoDraw = True
533.1658 	EXP 	Triplet3: autoDraw = False
533.1658 	EXP 	Triplet1: autoDraw = False
533.1658 	EXP 	Triplet2: autoDraw = False
533.1658 	EXP 	Triplet3: autoDraw = False
533.1658 	EXP 	Mask: autoDraw = True
534.6997 	EXP 	Mask: autoDraw = False
534.6997 	EXP 	Mask: autoDraw = False
534.6997 	EXP 	img1: image = 'images/OBJ_53.png'
534.6997 	EXP 	img2: image = 'images/OBJ_91.png'
534.6997 	EXP 	img3: image = 'images/OBJ_75.png'
534.6997 	EXP 	img1: autoDraw = True
536.1987 	EXP 	img1: autoDraw = False
536.6986 	EXP 	img2: autoDraw = True
538.1981 	EXP 	img2: autoDraw = False
538.6980 	EXP 	img3: autoDraw = True
540.1971 	EXP 	img3: autoDraw = False
540.1971 	EXP 	img1: autoDraw = False
540.1971 	EXP 	img2: autoDraw = False
540.1971 	EXP 	img3: autoDraw = False
540.1971 	EXP 	text_2: autoDraw = True
541.1973 	EXP 	text_2: autoDraw = False
541.1973 	EXP 	text_2: autoDraw = False
541.1973 	EXP 	sameText: text = 'Same'
541.1973 	EXP 	diffText: text = 'Different'
541.1973 	EXP 	text: autoDraw = True
541.1973 	EXP 	sameText: autoDraw = True
541.1973 	EXP 	diffText: autoDraw = True
541.1973 	EXP 	leftCL: autoDraw = True
541.1973 	EXP 	rightCL: autoDraw = True
541.8302 	DATA 	Mouse: Left button down, pos=(386,243)
541.8466 	EXP 	text: autoDraw = False
541.8466 	EXP 	sameText: autoDraw = False
541.8466 	EXP 	diffText: autoDraw = False
541.8466 	EXP 	leftCL: autoDraw = False
541.8466 	EXP 	rightCL: autoDraw = False
541.9802 	DATA 	Mouse:  Left button up, pos=(387,242)
542.3302 	EXP 	New trial (rep=2, index=0): None
542.3906 	EXP 	Triplet1: image = 'images/OBJ_58.png'
542.3906 	EXP 	Triplet2: image = 'images/OBJ_182.png'
542.3906 	EXP 	Triplet3: image = 'images/OBJ_74.png'
542.3906 	EXP 	Triplet1: autoDraw = True
543.8965 	EXP 	Triplet1: autoDraw = False
544.3797 	EXP 	Triplet2: autoDraw = True
545.8793 	EXP 	Triplet2: autoDraw = False
546.3791 	EXP 	Triplet3: autoDraw = True
547.8787 	EXP 	Triplet3: autoDraw = False
547.8787 	EXP 	Triplet1: autoDraw = False
547.8787 	EXP 	Triplet2: autoDraw = False
547.8787 	EXP 	Triplet3: autoDraw = False
547.8787 	EXP 	Mask: autoDraw = True
549.4311 	EXP 	Mask: autoDraw = False
549.4311 	EXP 	img1: image = 'images/OBJ_182.png'
549.4311 	EXP 	img2: image = 'images/OBJ_58.png'
549.4311 	EXP 	img3: image = 'images/OBJ_74.png'
549.4311 	EXP 	img1: autoDraw = True
550.9440 	EXP 	img1: autoDraw = False
551.4277 	EXP 	img2: autoDraw = True
552.9267 	EXP 	img2: autoDraw = False
553.4271 	EXP 	img3: autoDraw = True
554.9266 	EXP 	img3: autoDraw = False
554.9266 	EXP 	img1: autoDraw = False
554.9266 	EXP 	img2: autoDraw = False
554.9266 	EXP 	img3: autoDraw = False
554.9266 	EXP 	text_2: autoDraw = True
555.9259 	EXP 	text_2: autoDraw = False
555.9259 	EXP 	text_2: autoDraw = False
555.9259 	EXP 	sameText: text = 'Same'
555.9259 	EXP 	diffText: text = 'Different'
555.9259 	EXP 	text: autoDraw = True
555.9259 	EXP 	sameText: autoDraw = True
555.9259 	EXP 	diffText: autoDraw = True
555.9259 	EXP 	leftCL: autoDraw = True
555.9259 	EXP 	rightCL: autoDraw = True
556.5764 	DATA 	Mouse: Left button down, pos=(801,200)
556.5929 	EXP 	text: autoDraw = False
556.5929 	EXP 	sameText: autoDraw = False
556.5929 	EXP 	diffText: autoDraw = False
556.5929 	EXP 	leftCL: autoDraw = False
556.5929 	EXP 	rightCL: autoDraw = False
556.6926 	DATA 	Mouse:  Left button up, pos=(801,200)
557.0759 	EXP 	New trial (rep=3, index=0): None
557.1378 	EXP 	Triplet1: image = 'images/OBJ_69.png'
557.1378 	EXP 	Triplet2: image = 'images/OBJ_102.png'
557.1378 	EXP 	Triplet3: image = 'images/OBJ_72.png'
557.1378 	EXP 	Triplet1: autoDraw = True
557.2592 	DATA 	Keypress: c
558.6422 	EXP 	Triplet1: autoDraw = False
559.1255 	EXP 	Triplet2: autoDraw = True
559.2091 	DATA 	Keypress: lctrl
559.4919 	DATA 	Keypress: c
560.5749 	DATA 	Keypress: escape
560.6250 	EXP 	Triplet2: autoDraw = False
566.3666 	EXP 	window1: mouseVisible = True
566.3721 	EXP 	window1: mouseVisible = True
566.3722 	EXP 	window1: mouseVisible = True
566.3722 	EXP 	window1: mouseVisible = True
566.3722 	EXP 	window1: mouseVisible = True
566.3723 	EXP 	window1: mouseVisible = True
566.3723 	EXP 	window1: mouseVisible = True
566.3723 	EXP 	window1: mouseVisible = True
566.3724 	EXP 	window1: mouseVisible = True
566.3724 	EXP 	window1: mouseVisible = True
566.3724 	EXP 	window1: mouseVisible = True
566.3725 	EXP 	window1: mouseVisible = True
566.3725 	EXP 	window1: mouseVisible = True
566.3725 	EXP 	window1: mouseVisible = True
566.3725 	EXP 	window1: mouseVisible = True
566.3726 	EXP 	window1: mouseVisible = True
566.3726 	EXP 	window1: mouseVisible = True
566.3726 	EXP 	window1: mouseVisible = True
566.3727 	EXP 	window1: mouseVisible = True
566.3727 	EXP 	window1: mouseVisible = True
566.3727 	EXP 	window1: mouseVisible = True
566.3728 	EXP 	window1: mouseVisible = True
566.3728 	EXP 	window1: mouseVisible = True
566.3728 	EXP 	window1: mouseVisible = True
566.3728 	EXP 	window1: mouseVisible = True
566.3729 	EXP 	window1: mouseVisible = True
566.3729 	EXP 	window1: mouseVisible = True
566.3729 	EXP 	window1: mouseVisible = True
566.3730 	EXP 	window1: mouseVisible = True
566.3730 	EXP 	window1: mouseVisible = True
566.3731 	EXP 	window1: mouseVisible = True
566.3731 	EXP 	window1: mouseVisible = True
566.3731 	EXP 	window1: mouseVisible = True
566.3732 	EXP 	window1: mouseVisible = True
566.3732 	EXP 	window1: mouseVisible = True
566.3733 	EXP 	window1: mouseVisible = True
566.3733 	EXP 	window1: mouseVisible = True
566.3733 	EXP 	window1: mouseVisible = True
566.3734 	EXP 	window1: mouseVisible = True
566.3734 	EXP 	window1: mouseVisible = True
566.3734 	EXP 	window1: mouseVisible = True
566.3735 	EXP 	window1: mouseVisible = True
566.3735 	EXP 	window1: mouseVisible = True
566.3735 	EXP 	window1: mouseVisible = True
566.3735 	EXP 	window1: mouseVisible = True
566.3736 	EXP 	window1: mouseVisible = True
566.3736 	EXP 	window1: mouseVisible = True
566.3736 	EXP 	window1: mouseVisible = True
566.3737 	EXP 	window1: mouseVisible = True
566.3737 	EXP 	window1: mouseVisible = True
566.3737 	EXP 	window1: mouseVisible = True
566.3738 	EXP 	window1: mouseVisible = True
566.3738 	EXP 	window1: mouseVisible = True
566.3738 	EXP 	window1: mouseVisible = True
566.3739 	EXP 	window1: mouseVisible = True
566.3739 	EXP 	window1: mouseVisible = True
566.3739 	EXP 	window1: mouseVisible = True
566.3739 	EXP 	window1: mouseVisible = True
566.3740 	EXP 	window1: mouseVisible = True
566.3740 	EXP 	window1: mouseVisible = True
566.3740 	EXP 	window1: mouseVisible = True
566.3741 	EXP 	window1: mouseVisible = True
566.3741 	EXP 	window1: mouseVisible = True
566.3741 	EXP 	window1: mouseVisible = True
566.3742 	EXP 	window1: mouseVisible = True
566.3742 	EXP 	window1: mouseVisible = True
566.3742 	EXP 	window1: mouseVisible = True
566.3742 	EXP 	window1: mouseVisible = True
566.3743 	EXP 	window1: mouseVisible = True
566.3743 	EXP 	window1: mouseVisible = True
566.3743 	EXP 	window1: mouseVisible = True
566.3744 	EXP 	window1: mouseVisible = True
566.3745 	EXP 	window1: mouseVisible = True
566.3745 	EXP 	window1: mouseVisible = True
566.3745 	EXP 	window1: mouseVisible = True
566.3746 	EXP 	window1: mouseVisible = True
566.3746 	EXP 	window1: mouseVisible = True
566.3746 	EXP 	window1: mouseVisible = True
566.3746 	EXP 	window1: mouseVisible = True
566.3747 	EXP 	window1: mouseVisible = True
566.3747 	EXP 	window1: mouseVisible = True
566.3747 	EXP 	window1: mouseVisible = True
566.3748 	EXP 	window1: mouseVisible = True
566.3748 	EXP 	window1: mouseVisible = True
566.3748 	EXP 	window1: mouseVisible = True
566.3748 	EXP 	window1: mouseVisible = True
566.3749 	EXP 	window1: mouseVisible = True
566.3749 	EXP 	window1: mouseVisible = True
566.3749 	EXP 	window1: mouseVisible = True
566.3750 	EXP 	window1: mouseVisible = True
566.3750 	EXP 	window1: mouseVisible = True
566.3750 	EXP 	window1: mouseVisible = True
566.3751 	EXP 	window1: mouseVisible = True
566.3751 	EXP 	window1: mouseVisible = True
566.3751 	EXP 	window1: mouseVisible = True
566.3751 	EXP 	window1: mouseVisible = True
566.3752 	EXP 	window1: mouseVisible = True
566.3752 	EXP 	window1: mouseVisible = True
566.3752 	EXP 	window1: mouseVisible = True
566.3753 	EXP 	window1: mouseVisible = True
566.3753 	EXP 	window1: mouseVisible = True
566.3753 	EXP 	window1: mouseVisible = True
566.3753 	EXP 	window1: mouseVisible = True
566.3754 	EXP 	window1: mouseVisible = True
566.3754 	EXP 	window1: mouseVisible = True
566.3754 	EXP 	window1: mouseVisible = True
566.3755 	EXP 	window1: mouseVisible = True
566.3755 	EXP 	window1: mouseVisible = True
566.3755 	EXP 	window1: mouseVisible = True
566.3755 	EXP 	window1: mouseVisible = True
566.3756 	EXP 	window1: mouseVisible = True
566.3756 	EXP 	window1: mouseVisible = True
566.3756 	EXP 	window1: mouseVisible = True
566.3757 	EXP 	window1: mouseVisible = True
566.3757 	EXP 	window1: mouseVisible = True
566.3757 	EXP 	window1: mouseVisible = True
566.3758 	EXP 	window1: mouseVisible = True
566.3758 	EXP 	window1: mouseVisible = True
566.3758 	EXP 	window1: mouseVisible = True
566.3758 	EXP 	window1: mouseVisible = True
566.3759 	EXP 	window1: mouseVisible = True
566.3759 	EXP 	window1: mouseVisible = True
566.3759 	EXP 	window1: mouseVisible = True
566.3760 	EXP 	window1: mouseVisible = True
566.3760 	EXP 	window1: mouseVisible = True
566.3760 	EXP 	window1: mouseVisible = True
566.3760 	EXP 	window1: mouseVisible = True
566.3761 	EXP 	window1: mouseVisible = True
566.3761 	EXP 	window1: mouseVisible = True
566.3761 	EXP 	window1: mouseVisible = True
566.3762 	EXP 	window1: mouseVisible = True
566.3762 	EXP 	window1: mouseVisible = True
566.3762 	EXP 	window1: mouseVisible = True
566.3763 	EXP 	window1: mouseVisible = True
566.3763 	EXP 	window1: mouseVisible = True
566.3763 	EXP 	window1: mouseVisible = True
566.3764 	EXP 	window1: mouseVisible = True
566.3764 	EXP 	window1: mouseVisible = True
566.3764 	EXP 	window1: mouseVisible = True
566.3764 	EXP 	window1: mouseVisible = True
566.3765 	EXP 	window1: mouseVisible = True
566.3765 	EXP 	window1: mouseVisible = True
566.3765 	EXP 	window1: mouseVisible = True
566.3766 	EXP 	window1: mouseVisible = True
566.3766 	EXP 	window1: mouseVisible = True
566.3766 	EXP 	window1: mouseVisible = True
566.3767 	EXP 	window1: mouseVisible = True
566.3767 	EXP 	window1: mouseVisible = True
566.3767 	EXP 	window1: mouseVisible = True
566.3767 	EXP 	window1: mouseVisible = True
566.3768 	EXP 	window1: mouseVisible = True
566.3768 	EXP 	window1: mouseVisible = True
566.3768 	EXP 	window1: mouseVisible = True
566.3769 	EXP 	window1: mouseVisible = True
566.3769 	EXP 	window1: mouseVisible = True
566.3769 	EXP 	window1: mouseVisible = True
566.3769 	EXP 	window1: mouseVisible = True
566.3770 	EXP 	window1: mouseVisible = True
566.3770 	EXP 	window1: mouseVisible = True
566.3770 	EXP 	window1: mouseVisible = True
566.3771 	EXP 	window1: mouseVisible = True
566.3771 	EXP 	window1: mouseVisible = True
566.3771 	EXP 	window1: mouseVisible = True
566.3772 	EXP 	window1: mouseVisible = True
566.3772 	EXP 	window1: mouseVisible = True
566.3772 	EXP 	window1: mouseVisible = True
566.3772 	EXP 	window1: mouseVisible = True
566.3773 	EXP 	window1: mouseVisible = True
566.3773 	EXP 	window1: mouseVisible = True
566.3773 	EXP 	window1: mouseVisible = True
566.3774 	EXP 	window1: mouseVisible = True
566.3774 	EXP 	window1: mouseVisible = True
566.3774 	EXP 	window1: mouseVisible = True
566.3774 	EXP 	window1: mouseVisible = True
566.3775 	EXP 	window1: mouseVisible = True
566.3775 	EXP 	window1: mouseVisible = True
566.3775 	EXP 	window1: mouseVisible = True
566.3776 	EXP 	window1: mouseVisible = True
566.3776 	EXP 	window1: mouseVisible = True
566.3776 	EXP 	window1: mouseVisible = True
566.3776 	EXP 	window1: mouseVisible = True
566.3777 	EXP 	window1: mouseVisible = True
566.3777 	EXP 	window1: mouseVisible = True
566.3777 	EXP 	window1: mouseVisible = True
566.3778 	EXP 	window1: mouseVisible = True
566.3778 	EXP 	window1: mouseVisible = True
566.3778 	EXP 	window1: mouseVisible = True
566.3779 	EXP 	window1: mouseVisible = True
566.3779 	EXP 	window1: mouseVisible = True
566.3779 	EXP 	window1: mouseVisible = True
566.3779 	EXP 	window1: mouseVisible = True
566.3780 	EXP 	window1: mouseVisible = True
566.3780 	EXP 	window1: mouseVisible = True
566.3780 	EXP 	window1: mouseVisible = True
566.3781 	EXP 	window1: mouseVisible = True
566.3781 	EXP 	window1: mouseVisible = True
566.3781 	EXP 	window1: mouseVisible = True
566.3781 	EXP 	window1: mouseVisible = True
566.3782 	EXP 	window1: mouseVisible = True
566.3782 	EXP 	window1: mouseVisible = True
566.3782 	EXP 	window1: mouseVisible = True
566.3783 	EXP 	window1: mouseVisible = True
566.3783 	EXP 	window1: mouseVisible = True
566.3783 	EXP 	window1: mouseVisible = True
566.3784 	EXP 	window1: mouseVisible = True
566.3784 	EXP 	window1: mouseVisible = True
566.3784 	EXP 	window1: mouseVisible = True
566.3784 	EXP 	window1: mouseVisible = True
566.3785 	EXP 	window1: mouseVisible = True
566.3785 	EXP 	window1: mouseVisible = True
566.3785 	EXP 	window1: mouseVisible = True
566.3786 	EXP 	window1: mouseVisible = True
566.3786 	EXP 	window1: mouseVisible = True
566.3786 	EXP 	window1: mouseVisible = True
566.3786 	EXP 	window1: mouseVisible = True
566.3787 	EXP 	window1: mouseVisible = True
566.3787 	EXP 	window1: mouseVisible = True
566.3787 	EXP 	window1: mouseVisible = True
566.3788 	EXP 	window1: mouseVisible = True
566.3788 	EXP 	window1: mouseVisible = True
566.3788 	EXP 	window1: mouseVisible = True
566.3789 	EXP 	window1: mouseVisible = True
566.3789 	EXP 	window1: mouseVisible = True
566.3789 	EXP 	window1: mouseVisible = True
566.3789 	EXP 	window1: mouseVisible = True
566.3790 	EXP 	window1: mouseVisible = True
566.3790 	EXP 	window1: mouseVisible = True
566.3790 	EXP 	window1: mouseVisible = True
566.3794 	EXP 	window1: mouseVisible = True
566.3794 	EXP 	window1: mouseVisible = True
566.3795 	EXP 	window1: mouseVisible = True
566.3795 	EXP 	window1: mouseVisible = True
566.3796 	EXP 	window1: mouseVisible = True
566.3796 	EXP 	window1: mouseVisible = True
566.3796 	EXP 	window1: mouseVisible = True
566.3797 	EXP 	window1: mouseVisible = True
566.3797 	EXP 	window1: mouseVisible = True
566.3797 	EXP 	window1: mouseVisible = True
566.3798 	EXP 	window1: mouseVisible = True
566.3798 	EXP 	window1: mouseVisible = True
566.3798 	EXP 	window1: mouseVisible = True
566.3799 	EXP 	window1: mouseVisible = True
566.3799 	EXP 	window1: mouseVisible = True
566.3799 	EXP 	window1: mouseVisible = True
566.3799 	EXP 	window1: mouseVisible = True
566.3800 	EXP 	window1: mouseVisible = True
566.3800 	EXP 	window1: mouseVisible = True
566.3800 	EXP 	window1: mouseVisible = True
566.3801 	EXP 	window1: mouseVisible = True
566.3801 	EXP 	window1: mouseVisible = True
566.3801 	EXP 	window1: mouseVisible = True
566.3802 	EXP 	window1: mouseVisible = True
566.3802 	EXP 	window1: mouseVisible = True
566.3802 	EXP 	window1: mouseVisible = True
566.3803 	EXP 	window1: mouseVisible = True
566.3803 	EXP 	window1: mouseVisible = True
566.3803 	EXP 	window1: mouseVisible = True
566.3803 	EXP 	window1: mouseVisible = True
566.3804 	EXP 	window1: mouseVisible = True
566.3804 	EXP 	window1: mouseVisible = True
566.3804 	EXP 	window1: mouseVisible = True
566.3805 	EXP 	window1: mouseVisible = True
566.3805 	EXP 	window1: mouseVisible = True
566.3805 	EXP 	window1: mouseVisible = True
566.3806 	EXP 	window1: mouseVisible = True
566.3806 	EXP 	window1: mouseVisible = True
566.3806 	EXP 	window1: mouseVisible = True
566.3806 	EXP 	window1: mouseVisible = True
566.3807 	EXP 	window1: mouseVisible = True
566.3807 	EXP 	window1: mouseVisible = True
566.3807 	EXP 	window1: mouseVisible = True
566.3808 	EXP 	window1: mouseVisible = True
566.3808 	EXP 	window1: mouseVisible = True
566.3808 	EXP 	window1: mouseVisible = True
566.3809 	EXP 	window1: mouseVisible = True
566.3809 	EXP 	window1: mouseVisible = True
566.3809 	EXP 	window1: mouseVisible = True
566.3809 	EXP 	window1: mouseVisible = True
566.3810 	EXP 	window1: mouseVisible = True
566.3810 	EXP 	window1: mouseVisible = True
566.3810 	EXP 	window1: mouseVisible = True
566.3811 	EXP 	window1: mouseVisible = True
566.3811 	EXP 	window1: mouseVisible = True
566.3811 	EXP 	window1: mouseVisible = True
566.3812 	EXP 	window1: mouseVisible = True
566.3812 	EXP 	window1: mouseVisible = True
566.3812 	EXP 	window1: mouseVisible = True
566.3812 	EXP 	window1: mouseVisible = True
566.3813 	EXP 	window1: mouseVisible = True
566.3813 	EXP 	window1: mouseVisible = True
566.3813 	EXP 	window1: mouseVisible = True
566.3814 	EXP 	window1: mouseVisible = True
566.3814 	EXP 	window1: mouseVisible = True
566.3814 	EXP 	window1: mouseVisible = True
566.3815 	EXP 	window1: mouseVisible = True
566.3815 	EXP 	window1: mouseVisible = True
566.3815 	EXP 	window1: mouseVisible = True
566.3815 	EXP 	window1: mouseVisible = True
566.3816 	EXP 	window1: mouseVisible = True
566.3816 	EXP 	window1: mouseVisible = True
566.3816 	EXP 	window1: mouseVisible = True
566.3817 	EXP 	window1: mouseVisible = True
566.3817 	EXP 	window1: mouseVisible = True
566.3817 	EXP 	window1: mouseVisible = True
566.3818 	EXP 	window1: mouseVisible = True
566.3818 	EXP 	window1: mouseVisible = True
566.3818 	EXP 	window1: mouseVisible = True
566.3818 	EXP 	window1: mouseVisible = True
566.3819 	EXP 	window1: mouseVisible = True
566.3819 	EXP 	window1: mouseVisible = True
566.3819 	EXP 	window1: mouseVisible = True
566.3820 	EXP 	window1: mouseVisible = True
566.3820 	EXP 	window1: mouseVisible = True
566.3820 	EXP 	window1: mouseVisible = True
566.3821 	EXP 	window1: mouseVisible = True
566.3821 	EXP 	window1: mouseVisible = True
566.3821 	EXP 	window1: mouseVisible = True
566.3821 	EXP 	window1: mouseVisible = True
566.3822 	EXP 	window1: mouseVisible = True
566.3822 	EXP 	window1: mouseVisible = True
566.3822 	EXP 	window1: mouseVisible = True
566.3823 	EXP 	window1: mouseVisible = True
566.3823 	EXP 	window1: mouseVisible = True
566.3823 	EXP 	window1: mouseVisible = True
566.3824 	EXP 	window1: mouseVisible = True
566.3824 	EXP 	window1: mouseVisible = True
566.3824 	EXP 	window1: mouseVisible = True
566.3824 	EXP 	window1: mouseVisible = True
566.3825 	EXP 	window1: mouseVisible = True
566.3825 	EXP 	window1: mouseVisible = True
566.3825 	EXP 	window1: mouseVisible = True
566.3826 	EXP 	window1: mouseVisible = True
566.3826 	EXP 	window1: mouseVisible = True
566.3826 	EXP 	window1: mouseVisible = True
566.3827 	EXP 	window1: mouseVisible = True
566.3827 	EXP 	window1: mouseVisible = True
566.3827 	EXP 	window1: mouseVisible = True
566.3827 	EXP 	window1: mouseVisible = True
566.3828 	EXP 	window1: mouseVisible = True
566.3828 	EXP 	window1: mouseVisible = True
566.3828 	EXP 	window1: mouseVisible = True
566.3829 	EXP 	window1: mouseVisible = True
566.3829 	EXP 	window1: mouseVisible = True
566.3829 	EXP 	window1: mouseVisible = True
566.3830 	EXP 	window1: mouseVisible = True
566.3830 	EXP 	window1: mouseVisible = True
566.3830 	EXP 	window1: mouseVisible = True
566.3830 	EXP 	window1: mouseVisible = True
566.3831 	EXP 	window1: mouseVisible = True
566.3831 	EXP 	window1: mouseVisible = True
566.3831 	EXP 	window1: mouseVisible = True
566.3832 	EXP 	window1: mouseVisible = True
566.3832 	EXP 	window1: mouseVisible = True
566.3832 	EXP 	window1: mouseVisible = True
566.3833 	EXP 	window1: mouseVisible = True
566.3833 	EXP 	window1: mouseVisible = True
566.3833 	EXP 	window1: mouseVisible = True
566.3833 	EXP 	window1: mouseVisible = True
566.3834 	EXP 	window1: mouseVisible = True
566.3834 	EXP 	window1: mouseVisible = True
566.3834 	EXP 	window1: mouseVisible = True
566.3835 	EXP 	window1: mouseVisible = True
566.3835 	EXP 	window1: mouseVisible = True
566.3835 	EXP 	window1: mouseVisible = True
566.3836 	EXP 	window1: mouseVisible = True
566.3836 	EXP 	window1: mouseVisible = True
566.3836 	EXP 	window1: mouseVisible = True
566.3836 	EXP 	window1: mouseVisible = True
566.3837 	EXP 	window1: mouseVisible = True
566.3837 	EXP 	window1: mouseVisible = True
566.3837 	EXP 	window1: mouseVisible = True
566.3838 	EXP 	window1: mouseVisible = True
566.3838 	EXP 	window1: mouseVisible = True
566.3838 	EXP 	window1: mouseVisible = True
566.3839 	EXP 	window1: mouseVisible = True
566.3839 	EXP 	window1: mouseVisible = True
566.3839 	EXP 	window1: mouseVisible = True
566.3839 	EXP 	window1: mouseVisible = True
566.3840 	EXP 	window1: mouseVisible = True
566.3840 	EXP 	window1: mouseVisible = True
566.3840 	EXP 	window1: mouseVisible = True
566.3841 	EXP 	window1: mouseVisible = True
566.3841 	EXP 	window1: mouseVisible = True
566.3841 	EXP 	window1: mouseVisible = True
566.3842 	EXP 	window1: mouseVisible = True
566.3842 	EXP 	window1: mouseVisible = True
566.3842 	EXP 	window1: mouseVisible = True
566.3843 	EXP 	window1: mouseVisible = True
566.3843 	EXP 	window1: mouseVisible = True
566.3843 	EXP 	window1: mouseVisible = True
566.3844 	EXP 	window1: mouseVisible = True
566.3844 	EXP 	window1: mouseVisible = True
566.3844 	EXP 	window1: mouseVisible = True
566.3845 	EXP 	window1: mouseVisible = True
566.3845 	EXP 	window1: mouseVisible = True
566.3845 	EXP 	window1: mouseVisible = True
566.3845 	EXP 	window1: mouseVisible = True
566.3846 	EXP 	window1: mouseVisible = True
566.3846 	EXP 	window1: mouseVisible = True
566.3846 	EXP 	window1: mouseVisible = True
566.3847 	EXP 	window1: mouseVisible = True
566.3847 	EXP 	window1: mouseVisible = True
566.3847 	EXP 	window1: mouseVisible = True
566.3848 	EXP 	window1: mouseVisible = True
566.3848 	EXP 	window1: mouseVisible = True
566.3848 	EXP 	window1: mouseVisible = True
566.3848 	EXP 	window1: mouseVisible = True
566.3849 	EXP 	window1: mouseVisible = True
566.3849 	EXP 	window1: mouseVisible = True
566.3849 	EXP 	window1: mouseVisible = True
566.3850 	EXP 	window1: mouseVisible = True
566.3850 	EXP 	window1: mouseVisible = True
566.3850 	EXP 	window1: mouseVisible = True
566.3851 	EXP 	window1: mouseVisible = True
566.3851 	EXP 	window1: mouseVisible = True
566.3851 	EXP 	window1: mouseVisible = True
566.3851 	EXP 	window1: mouseVisible = True
566.3852 	EXP 	window1: mouseVisible = True
566.3852 	EXP 	window1: mouseVisible = True
566.3852 	EXP 	window1: mouseVisible = True
566.3853 	EXP 	window1: mouseVisible = True
566.3853 	EXP 	window1: mouseVisible = True
566.3853 	EXP 	window1: mouseVisible = True
566.3854 	EXP 	window1: mouseVisible = True
566.3854 	EXP 	window1: mouseVisible = True
566.3854 	EXP 	window1: mouseVisible = True
566.3854 	EXP 	window1: mouseVisible = True
566.3855 	EXP 	window1: mouseVisible = True
566.3855 	EXP 	window1: mouseVisible = True
566.3855 	EXP 	window1: mouseVisible = True
566.3856 	EXP 	window1: mouseVisible = True
566.3856 	EXP 	window1: mouseVisible = True
566.3856 	EXP 	window1: mouseVisible = True
566.3857 	EXP 	window1: mouseVisible = True
566.3857 	EXP 	window1: mouseVisible = True
566.3857 	EXP 	window1: mouseVisible = True
566.3858 	EXP 	window1: mouseVisible = True
566.3858 	EXP 	window1: mouseVisible = True
566.3858 	EXP 	window1: mouseVisible = True
566.3858 	EXP 	window1: mouseVisible = True
566.3859 	EXP 	window1: mouseVisible = True
566.3859 	EXP 	window1: mouseVisible = True
566.3859 	EXP 	window1: mouseVisible = True
566.3860 	EXP 	window1: mouseVisible = True
566.3860 	EXP 	window1: mouseVisible = True
566.3860 	EXP 	window1: mouseVisible = True
566.3860 	EXP 	window1: mouseVisible = True
566.3861 	EXP 	window1: mouseVisible = True
566.3861 	EXP 	window1: mouseVisible = True
566.3861 	EXP 	window1: mouseVisible = True
566.3862 	EXP 	window1: mouseVisible = True
566.3862 	EXP 	window1: mouseVisible = True
566.3862 	EXP 	window1: mouseVisible = True
566.3863 	EXP 	window1: mouseVisible = True
566.3863 	EXP 	window1: mouseVisible = True
566.3863 	EXP 	window1: mouseVisible = True
566.3863 	EXP 	window1: mouseVisible = True
566.3864 	EXP 	window1: mouseVisible = True
566.3864 	EXP 	window1: mouseVisible = True
566.3864 	EXP 	window1: mouseVisible = True
566.3865 	EXP 	window1: mouseVisible = True
566.3865 	EXP 	window1: mouseVisible = True
566.3865 	EXP 	window1: mouseVisible = True
566.3866 	EXP 	window1: mouseVisible = True
566.3866 	EXP 	window1: mouseVisible = True
566.3866 	EXP 	window1: mouseVisible = True
566.3866 	EXP 	window1: mouseVisible = True
566.3867 	EXP 	window1: mouseVisible = True
566.3867 	EXP 	window1: mouseVisible = True
566.3867 	EXP 	window1: mouseVisible = True
566.3868 	EXP 	window1: mouseVisible = True
566.3868 	EXP 	window1: mouseVisible = True
566.3868 	EXP 	window1: mouseVisible = True
566.3869 	EXP 	window1: mouseVisible = True
566.3869 	EXP 	window1: mouseVisible = True
566.3869 	EXP 	window1: mouseVisible = True
566.3869 	EXP 	window1: mouseVisible = True
566.3870 	EXP 	window1: mouseVisible = True
566.3870 	EXP 	window1: mouseVisible = True
566.3870 	EXP 	window1: mouseVisible = True
566.3871 	EXP 	window1: mouseVisible = True
566.3871 	EXP 	window1: mouseVisible = True
566.3871 	EXP 	window1: mouseVisible = True
566.3872 	EXP 	window1: mouseVisible = True
566.3872 	EXP 	window1: mouseVisible = True
566.3872 	EXP 	window1: mouseVisible = True
566.3872 	EXP 	window1: mouseVisible = True
566.3873 	EXP 	window1: mouseVisible = True
566.3873 	EXP 	window1: mouseVisible = True
566.3873 	EXP 	window1: mouseVisible = True
566.3874 	EXP 	window1: mouseVisible = True
566.3874 	EXP 	window1: mouseVisible = True
566.3874 	EXP 	window1: mouseVisible = True
566.3875 	EXP 	window1: mouseVisible = True
566.3875 	EXP 	window1: mouseVisible = True
566.3875 	EXP 	window1: mouseVisible = True
566.3875 	EXP 	window1: mouseVisible = True
566.3876 	EXP 	window1: mouseVisible = True
566.3876 	EXP 	window1: mouseVisible = True
566.3876 	EXP 	window1: mouseVisible = True
566.3877 	EXP 	window1: mouseVisible = True
566.3877 	EXP 	window1: mouseVisible = True
566.3877 	EXP 	window1: mouseVisible = True
566.3878 	EXP 	window1: mouseVisible = True
566.3878 	EXP 	window1: mouseVisible = True
566.3878 	EXP 	window1: mouseVisible = True
566.3878 	EXP 	window1: mouseVisible = True
566.3879 	EXP 	window1: mouseVisible = True
566.3879 	EXP 	window1: mouseVisible = True
566.3879 	EXP 	window1: mouseVisible = True
566.3880 	EXP 	window1: mouseVisible = True
566.3880 	EXP 	window1: mouseVisible = True
566.3880 	EXP 	window1: mouseVisible = True
566.3880 	EXP 	window1: mouseVisible = True
566.3881 	EXP 	window1: mouseVisible = True
566.3881 	EXP 	window1: mouseVisible = True
566.3882 	EXP 	window1: mouseVisible = True
566.3882 	EXP 	window1: mouseVisible = True
566.3882 	EXP 	window1: mouseVisible = True
566.3883 	EXP 	window1: mouseVisible = True
566.3883 	EXP 	window1: mouseVisible = True
566.3883 	EXP 	window1: mouseVisible = True
566.3884 	EXP 	window1: mouseVisible = True
566.3884 	EXP 	window1: mouseVisible = True
566.3884 	EXP 	window1: mouseVisible = True
566.3884 	EXP 	window1: mouseVisible = True
566.3885 	EXP 	window1: mouseVisible = True
566.3885 	EXP 	window1: mouseVisible = True
566.3885 	EXP 	window1: mouseVisible = True
566.3886 	EXP 	window1: mouseVisible = True
566.3886 	EXP 	window1: mouseVisible = True
566.3886 	EXP 	window1: mouseVisible = True
566.3887 	EXP 	window1: mouseVisible = True
566.3887 	EXP 	window1: mouseVisible = True
566.3887 	EXP 	window1: mouseVisible = True
566.3888 	EXP 	window1: mouseVisible = True
566.3888 	EXP 	window1: mouseVisible = True
566.3888 	EXP 	window1: mouseVisible = True
566.3888 	EXP 	window1: mouseVisible = True
566.3889 	EXP 	window1: mouseVisible = True
566.3889 	EXP 	window1: mouseVisible = True
566.3890 	EXP 	window1: mouseVisible = True
566.3890 	EXP 	window1: mouseVisible = True
566.3890 	EXP 	window1: mouseVisible = True
566.3891 	EXP 	window1: mouseVisible = True
566.3891 	EXP 	window1: mouseVisible = True
566.3891 	EXP 	window1: mouseVisible = True
566.3891 	EXP 	window1: mouseVisible = True
566.3892 	EXP 	window1: mouseVisible = True
566.3892 	EXP 	window1: mouseVisible = True
566.3892 	EXP 	window1: mouseVisible = True
566.3893 	EXP 	window1: mouseVisible = True
566.3893 	EXP 	window1: mouseVisible = True
566.3893 	EXP 	window1: mouseVisible = True
566.3894 	EXP 	window1: mouseVisible = True
566.3894 	EXP 	window1: mouseVisible = True
566.3894 	EXP 	window1: mouseVisible = True
566.3894 	EXP 	window1: mouseVisible = True
566.3895 	EXP 	window1: mouseVisible = True
566.3895 	EXP 	window1: mouseVisible = True
566.3895 	EXP 	window1: mouseVisible = True
566.3896 	EXP 	window1: mouseVisible = True
566.3896 	EXP 	window1: mouseVisible = True
566.3896 	EXP 	window1: mouseVisible = True
566.3897 	EXP 	window1: mouseVisible = True
566.3897 	EXP 	window1: mouseVisible = True
566.3897 	EXP 	window1: mouseVisible = True
566.3897 	EXP 	window1: mouseVisible = True
566.3898 	EXP 	window1: mouseVisible = True
566.3898 	EXP 	window1: mouseVisible = True
566.3898 	EXP 	window1: mouseVisible = True
566.3899 	EXP 	window1: mouseVisible = True
566.3899 	EXP 	window1: mouseVisible = True
566.3899 	EXP 	window1: mouseVisible = True
566.3900 	EXP 	window1: mouseVisible = True
566.3900 	EXP 	window1: mouseVisible = True
566.3900 	EXP 	window1: mouseVisible = True
566.3900 	EXP 	window1: mouseVisible = True
566.3901 	EXP 	window1: mouseVisible = True
566.3901 	EXP 	window1: mouseVisible = True
566.3901 	EXP 	window1: mouseVisible = True
566.3902 	EXP 	window1: mouseVisible = True
566.3902 	EXP 	window1: mouseVisible = True
566.3902 	EXP 	window1: mouseVisible = True
566.3903 	EXP 	window1: mouseVisible = True
566.3903 	EXP 	window1: mouseVisible = True
566.3903 	EXP 	window1: mouseVisible = True
566.3903 	EXP 	window1: mouseVisible = True
566.3904 	EXP 	window1: mouseVisible = True
566.3904 	EXP 	window1: mouseVisible = True
566.3904 	EXP 	window1: mouseVisible = True
566.3905 	EXP 	window1: mouseVisible = True
566.3905 	EXP 	window1: mouseVisible = True
566.3905 	EXP 	window1: mouseVisible = True
566.3906 	EXP 	window1: mouseVisible = True
566.3906 	EXP 	window1: mouseVisible = True
566.3906 	EXP 	window1: mouseVisible = True
566.3906 	EXP 	window1: mouseVisible = True
566.3907 	EXP 	window1: mouseVisible = True
566.3907 	EXP 	window1: mouseVisible = True
566.3907 	EXP 	window1: mouseVisible = True
566.3908 	EXP 	window1: mouseVisible = True
566.3908 	EXP 	window1: mouseVisible = True
566.3908 	EXP 	window1: mouseVisible = True
566.3909 	EXP 	window1: mouseVisible = True
566.3909 	EXP 	window1: mouseVisible = True
566.3909 	EXP 	window1: mouseVisible = True
566.3910 	EXP 	window1: mouseVisible = True
566.3910 	EXP 	window1: mouseVisible = True
566.3910 	EXP 	window1: mouseVisible = True
566.3911 	EXP 	window1: mouseVisible = True
566.3911 	EXP 	window1: mouseVisible = True
566.3911 	EXP 	window1: mouseVisible = True
566.3912 	EXP 	window1: mouseVisible = True
566.3912 	EXP 	window1: mouseVisible = True
566.3912 	EXP 	window1: mouseVisible = True
566.3913 	EXP 	window1: mouseVisible = True
566.3913 	EXP 	window1: mouseVisible = True
566.3913 	EXP 	window1: mouseVisible = True
566.3914 	EXP 	window1: mouseVisible = True
566.3914 	EXP 	window1: mouseVisible = True
566.3914 	EXP 	window1: mouseVisible = True
566.3914 	EXP 	window1: mouseVisible = True
566.3915 	EXP 	window1: mouseVisible = True
566.3915 	EXP 	window1: mouseVisible = True
566.3915 	EXP 	window1: mouseVisible = True
566.3916 	EXP 	window1: mouseVisible = True
566.3916 	EXP 	window1: mouseVisible = True
566.3916 	EXP 	window1: mouseVisible = True
566.3917 	EXP 	window1: mouseVisible = True
566.3917 	EXP 	window1: mouseVisible = True
566.3917 	EXP 	window1: mouseVisible = True
566.3917 	EXP 	window1: mouseVisible = True
566.3918 	EXP 	window1: mouseVisible = True
566.3918 	EXP 	window1: mouseVisible = True
566.3918 	EXP 	window1: mouseVisible = True
566.3919 	EXP 	window1: mouseVisible = True
566.3919 	EXP 	window1: mouseVisible = True
566.3919 	EXP 	window1: mouseVisible = True
566.3920 	EXP 	window1: mouseVisible = True
566.3920 	EXP 	window1: mouseVisible = True
566.3920 	EXP 	window1: mouseVisible = True
566.3921 	EXP 	window1: mouseVisible = True
566.3921 	EXP 	window1: mouseVisible = True
566.3921 	EXP 	window1: mouseVisible = True
566.3922 	EXP 	window1: mouseVisible = True
566.3922 	EXP 	window1: mouseVisible = True
566.3922 	EXP 	window1: mouseVisible = True
566.3922 	EXP 	window1: mouseVisible = True
566.3923 	EXP 	window1: mouseVisible = True
566.3923 	EXP 	window1: mouseVisible = True
566.3923 	EXP 	window1: mouseVisible = True
566.3924 	EXP 	window1: mouseVisible = True
566.3924 	EXP 	window1: mouseVisible = True
566.3924 	EXP 	window1: mouseVisible = True
566.3925 	EXP 	window1: mouseVisible = True
566.3925 	EXP 	window1: mouseVisible = True
566.3925 	EXP 	window1: mouseVisible = True
566.3925 	EXP 	window1: mouseVisible = True
566.3926 	EXP 	window1: mouseVisible = True
566.3926 	EXP 	window1: mouseVisible = True
566.3926 	EXP 	window1: mouseVisible = True
566.3927 	EXP 	window1: mouseVisible = True
566.3927 	EXP 	window1: mouseVisible = True
566.3927 	EXP 	window1: mouseVisible = True
566.3928 	EXP 	window1: mouseVisible = True
566.3928 	EXP 	window1: mouseVisible = True
566.3928 	EXP 	window1: mouseVisible = True
566.3928 	EXP 	window1: mouseVisible = True
566.3929 	EXP 	window1: mouseVisible = True
566.3929 	EXP 	window1: mouseVisible = True
566.3929 	EXP 	window1: mouseVisible = True
566.3930 	EXP 	window1: mouseVisible = True
566.3930 	EXP 	window1: mouseVisible = True
566.3930 	EXP 	window1: mouseVisible = True
566.3931 	EXP 	window1: mouseVisible = True
566.3931 	EXP 	window1: mouseVisible = True
566.3931 	EXP 	window1: mouseVisible = True
566.3932 	EXP 	window1: mouseVisible = True
566.3932 	EXP 	window1: mouseVisible = True
566.3932 	EXP 	window1: mouseVisible = True
566.3932 	EXP 	window1: mouseVisible = True
566.3933 	EXP 	window1: mouseVisible = True
566.3933 	EXP 	window1: mouseVisible = True
566.3933 	EXP 	window1: mouseVisible = True
566.3934 	EXP 	window1: mouseVisible = True
566.3934 	EXP 	window1: mouseVisible = True
566.3934 	EXP 	window1: mouseVisible = True
566.3935 	EXP 	window1: mouseVisible = True
566.3935 	EXP 	window1: mouseVisible = True
566.3935 	EXP 	window1: mouseVisible = True
566.3936 	EXP 	window1: mouseVisible = True
566.3936 	EXP 	window1: mouseVisible = True
566.3936 	EXP 	window1: mouseVisible = True
566.3936 	EXP 	window1: mouseVisible = True
566.3937 	EXP 	window1: mouseVisible = True
566.3937 	EXP 	window1: mouseVisible = True
566.3938 	EXP 	window1: mouseVisible = True
566.3938 	EXP 	window1: mouseVisible = True
566.3938 	EXP 	window1: mouseVisible = True
566.3939 	EXP 	window1: mouseVisible = True
566.3939 	EXP 	window1: mouseVisible = True
566.3939 	EXP 	window1: mouseVisible = True
566.3940 	EXP 	window1: mouseVisible = True
566.3940 	EXP 	window1: mouseVisible = True
566.3940 	EXP 	window1: mouseVisible = True
566.3941 	EXP 	window1: mouseVisible = True
566.3941 	EXP 	window1: mouseVisible = True
566.3941 	EXP 	window1: mouseVisible = True
566.3942 	EXP 	window1: mouseVisible = True
566.3942 	EXP 	window1: mouseVisible = True
566.3942 	EXP 	window1: mouseVisible = True
566.3943 	EXP 	window1: mouseVisible = True
566.3943 	EXP 	window1: mouseVisible = True
566.3943 	EXP 	window1: mouseVisible = True
566.3943 	EXP 	window1: mouseVisible = True
566.3944 	EXP 	window1: mouseVisible = True
566.3944 	EXP 	window1: mouseVisible = True
566.3944 	EXP 	window1: mouseVisible = True
566.3945 	EXP 	window1: mouseVisible = True
566.3945 	EXP 	window1: mouseVisible = True
566.3945 	EXP 	window1: mouseVisible = True
566.3946 	EXP 	window1: mouseVisible = True
566.3946 	EXP 	window1: mouseVisible = True
566.3946 	EXP 	window1: mouseVisible = True
566.3946 	EXP 	window1: mouseVisible = True
566.3947 	EXP 	window1: mouseVisible = True
566.3947 	EXP 	window1: mouseVisible = True
566.3947 	EXP 	window1: mouseVisible = True
566.3948 	EXP 	window1: mouseVisible = True
566.3948 	EXP 	window1: mouseVisible = True
566.3948 	EXP 	window1: mouseVisible = True
566.3949 	EXP 	window1: mouseVisible = True
566.3949 	EXP 	window1: mouseVisible = True
566.3949 	EXP 	window1: mouseVisible = True
566.3949 	EXP 	window1: mouseVisible = True
566.3950 	EXP 	window1: mouseVisible = True
566.3950 	EXP 	window1: mouseVisible = True
566.3950 	EXP 	window1: mouseVisible = True
566.3951 	EXP 	window1: mouseVisible = True
566.3951 	EXP 	window1: mouseVisible = True
566.3951 	EXP 	window1: mouseVisible = True
566.3952 	EXP 	window1: mouseVisible = True
566.3952 	EXP 	window1: mouseVisible = True
566.3952 	EXP 	window1: mouseVisible = True
566.3952 	EXP 	window1: mouseVisible = True
566.3953 	EXP 	window1: mouseVisible = True
566.3953 	EXP 	window1: mouseVisible = True
566.3953 	EXP 	window1: mouseVisible = True
566.3954 	EXP 	window1: mouseVisible = True
566.3954 	EXP 	window1: mouseVisible = True
566.3954 	EXP 	window1: mouseVisible = True
566.3955 	EXP 	window1: mouseVisible = True
566.3955 	EXP 	window1: mouseVisible = True
566.3955 	EXP 	window1: mouseVisible = True
566.3955 	EXP 	window1: mouseVisible = True
566.3956 	EXP 	window1: mouseVisible = True
566.3956 	EXP 	window1: mouseVisible = True
566.3956 	EXP 	window1: mouseVisible = True
566.3957 	EXP 	window1: mouseVisible = True
566.3957 	EXP 	window1: mouseVisible = True
566.3957 	EXP 	window1: mouseVisible = True
566.3957 	EXP 	window1: mouseVisible = True
566.3958 	EXP 	window1: mouseVisible = True
566.3958 	EXP 	window1: mouseVisible = True
566.3958 	EXP 	window1: mouseVisible = True
566.3959 	EXP 	window1: mouseVisible = True
566.3959 	EXP 	window1: mouseVisible = True
566.3959 	EXP 	window1: mouseVisible = True
566.3960 	EXP 	window1: mouseVisible = True
566.3960 	EXP 	window1: mouseVisible = True
566.3960 	EXP 	window1: mouseVisible = True
566.3960 	EXP 	window1: mouseVisible = True
566.3961 	EXP 	window1: mouseVisible = True
566.3961 	EXP 	window1: mouseVisible = True
566.3961 	EXP 	window1: mouseVisible = True
566.3962 	EXP 	window1: mouseVisible = True
566.3962 	EXP 	window1: mouseVisible = True
566.3962 	EXP 	window1: mouseVisible = True
566.3963 	EXP 	window1: mouseVisible = True
566.3963 	EXP 	window1: mouseVisible = True
566.3963 	EXP 	window1: mouseVisible = True
566.3963 	EXP 	window1: mouseVisible = True
566.3964 	EXP 	window1: mouseVisible = True
566.3964 	EXP 	window1: mouseVisible = True
566.3964 	EXP 	window1: mouseVisible = True
566.3965 	EXP 	window1: mouseVisible = True
566.3965 	EXP 	window1: mouseVisible = True
566.3965 	EXP 	window1: mouseVisible = True
566.3966 	EXP 	window1: mouseVisible = True
566.3966 	EXP 	window1: mouseVisible = True
566.3966 	EXP 	window1: mouseVisible = True
566.3967 	EXP 	window1: mouseVisible = True
566.3967 	EXP 	window1: mouseVisible = True
566.3967 	EXP 	window1: mouseVisible = True
566.3968 	EXP 	window1: mouseVisible = True
566.3968 	EXP 	window1: mouseVisible = True
566.3968 	EXP 	window1: mouseVisible = True
566.3969 	EXP 	window1: mouseVisible = True
566.3969 	EXP 	window1: mouseVisible = True
566.3969 	EXP 	window1: mouseVisible = True
566.3970 	EXP 	window1: mouseVisible = True
566.3970 	EXP 	window1: mouseVisible = True
566.3970 	EXP 	window1: mouseVisible = True
566.3970 	EXP 	window1: mouseVisible = True
566.3971 	EXP 	window1: mouseVisible = True
566.3971 	EXP 	window1: mouseVisible = True
566.3971 	EXP 	window1: mouseVisible = True
566.3972 	EXP 	window1: mouseVisible = True
566.3972 	EXP 	window1: mouseVisible = True
566.3972 	EXP 	window1: mouseVisible = True
566.3973 	EXP 	window1: mouseVisible = True
566.3973 	EXP 	window1: mouseVisible = True
566.3973 	EXP 	window1: mouseVisible = True
566.3974 	EXP 	window1: mouseVisible = True
566.3974 	EXP 	window1: mouseVisible = True
566.3974 	EXP 	window1: mouseVisible = True
566.3974 	EXP 	window1: mouseVisible = True
566.3975 	EXP 	window1: mouseVisible = True
566.3975 	EXP 	window1: mouseVisible = True
566.3975 	EXP 	window1: mouseVisible = True
566.3976 	EXP 	window1: mouseVisible = True
566.3976 	EXP 	window1: mouseVisible = True
566.3976 	EXP 	window1: mouseVisible = True
566.3976 	EXP 	window1: mouseVisible = True
566.3977 	EXP 	window1: mouseVisible = True
566.3977 	EXP 	window1: mouseVisible = True
566.3977 	EXP 	window1: mouseVisible = True
566.3978 	EXP 	window1: mouseVisible = True
566.3978 	EXP 	window1: mouseVisible = True
566.3978 	EXP 	window1: mouseVisible = True
566.3979 	EXP 	window1: mouseVisible = True
566.3979 	EXP 	window1: mouseVisible = True
566.3979 	EXP 	window1: mouseVisible = True
566.3979 	EXP 	window1: mouseVisible = True
566.3980 	EXP 	window1: mouseVisible = True
566.3980 	EXP 	window1: mouseVisible = True
566.3980 	EXP 	window1: mouseVisible = True
566.3981 	EXP 	window1: mouseVisible = True
566.3981 	EXP 	window1: mouseVisible = True
566.3981 	EXP 	window1: mouseVisible = True
566.3982 	EXP 	window1: mouseVisible = True
566.3982 	EXP 	window1: mouseVisible = True
566.3982 	EXP 	window1: mouseVisible = True
566.3983 	EXP 	window1: mouseVisible = True
566.3983 	EXP 	window1: mouseVisible = True
566.3983 	EXP 	window1: mouseVisible = True
566.3983 	EXP 	window1: mouseVisible = True
566.3984 	EXP 	window1: mouseVisible = True
566.3984 	EXP 	window1: mouseVisible = True
566.3984 	EXP 	window1: mouseVisible = True
566.3985 	EXP 	window1: mouseVisible = True
566.3985 	EXP 	window1: mouseVisible = True
566.3986 	EXP 	window1: mouseVisible = True
566.3986 	EXP 	window1: mouseVisible = True
566.3986 	EXP 	window1: mouseVisible = True
566.3986 	EXP 	window1: mouseVisible = True
566.3987 	EXP 	window1: mouseVisible = True
566.3987 	EXP 	window1: mouseVisible = True
566.3987 	EXP 	window1: mouseVisible = True
566.3988 	EXP 	window1: mouseVisible = True
566.3988 	EXP 	window1: mouseVisible = True
566.3988 	EXP 	window1: mouseVisible = True
566.3989 	EXP 	window1: mouseVisible = True
566.3989 	EXP 	window1: mouseVisible = True
566.3989 	EXP 	window1: mouseVisible = True
566.3990 	EXP 	window1: mouseVisible = True
566.3990 	EXP 	window1: mouseVisible = True
566.3990 	EXP 	window1: mouseVisible = True
566.3990 	EXP 	window1: mouseVisible = True
566.3991 	EXP 	window1: mouseVisible = True
566.3991 	EXP 	window1: mouseVisible = True
566.3991 	EXP 	window1: mouseVisible = True
566.3992 	EXP 	window1: mouseVisible = True
566.3992 	EXP 	window1: mouseVisible = True
566.3992 	EXP 	window1: mouseVisible = True
566.3993 	EXP 	window1: mouseVisible = True
566.3993 	EXP 	window1: mouseVisible = True
566.3993 	EXP 	window1: mouseVisible = True
566.3993 	EXP 	window1: mouseVisible = True
566.3994 	EXP 	window1: mouseVisible = True
566.3994 	EXP 	window1: mouseVisible = True
566.3994 	EXP 	window1: mouseVisible = True
566.3995 	EXP 	window1: mouseVisible = True
566.3995 	EXP 	window1: mouseVisible = True
566.3995 	EXP 	window1: mouseVisible = True
566.3996 	EXP 	window1: mouseVisible = True
566.3996 	EXP 	window1: mouseVisible = True
566.3996 	EXP 	window1: mouseVisible = True
566.3996 	EXP 	window1: mouseVisible = True
566.3997 	EXP 	window1: mouseVisible = True
566.3997 	EXP 	window1: mouseVisible = True
566.3997 	EXP 	window1: mouseVisible = True
566.3998 	EXP 	window1: mouseVisible = True
566.3998 	EXP 	window1: mouseVisible = True
566.3998 	EXP 	window1: mouseVisible = True
566.3999 	EXP 	window1: mouseVisible = True
566.3999 	EXP 	window1: mouseVisible = True
566.3999 	EXP 	window1: mouseVisible = True
566.4000 	EXP 	window1: mouseVisible = True
566.4000 	EXP 	window1: mouseVisible = True
566.4000 	EXP 	window1: mouseVisible = True
566.4001 	EXP 	window1: mouseVisible = True
566.4001 	EXP 	window1: mouseVisible = True
566.4002 	EXP 	window1: mouseVisible = True
566.4002 	EXP 	window1: mouseVisible = True
566.4002 	EXP 	window1: mouseVisible = True
566.4003 	EXP 	window1: mouseVisible = True
566.4003 	EXP 	window1: mouseVisible = True
566.4003 	EXP 	window1: mouseVisible = True
566.4004 	EXP 	window1: mouseVisible = True
566.4004 	EXP 	window1: mouseVisible = True
566.4004 	EXP 	window1: mouseVisible = True
566.4005 	EXP 	window1: mouseVisible = True
566.4005 	EXP 	window1: mouseVisible = True
566.4005 	EXP 	window1: mouseVisible = True
566.4005 	EXP 	window1: mouseVisible = True
566.4006 	EXP 	window1: mouseVisible = True
566.4006 	EXP 	window1: mouseVisible = True
566.4006 	EXP 	window1: mouseVisible = True
566.4007 	EXP 	window1: mouseVisible = True
566.4007 	EXP 	window1: mouseVisible = True
566.4007 	EXP 	window1: mouseVisible = True
566.4008 	EXP 	window1: mouseVisible = True
566.4008 	EXP 	window1: mouseVisible = True
566.4008 	EXP 	window1: mouseVisible = True
566.4009 	EXP 	window1: mouseVisible = True
566.4009 	EXP 	window1: mouseVisible = True
566.4009 	EXP 	window1: mouseVisible = True
566.4009 	EXP 	window1: mouseVisible = True
566.4010 	EXP 	window1: mouseVisible = True
566.4010 	EXP 	window1: mouseVisible = True
566.4010 	EXP 	window1: mouseVisible = True
566.4011 	EXP 	window1: mouseVisible = True
566.4011 	EXP 	window1: mouseVisible = True
566.4011 	EXP 	window1: mouseVisible = True
566.4012 	EXP 	window1: mouseVisible = True
566.4012 	EXP 	window1: mouseVisible = True
566.4012 	EXP 	window1: mouseVisible = True
566.4012 	EXP 	window1: mouseVisible = True
566.4013 	EXP 	window1: mouseVisible = True
566.4013 	EXP 	window1: mouseVisible = True
566.4013 	EXP 	window1: mouseVisible = True
566.4014 	EXP 	window1: mouseVisible = True
566.4014 	EXP 	window1: mouseVisible = True
566.4014 	EXP 	window1: mouseVisible = True
566.4015 	EXP 	window1: mouseVisible = True
566.4015 	EXP 	window1: mouseVisible = True
566.4015 	EXP 	window1: mouseVisible = True
566.4016 	EXP 	window1: mouseVisible = True
566.4016 	EXP 	window1: mouseVisible = True
566.4016 	EXP 	window1: mouseVisible = True
566.4017 	EXP 	window1: mouseVisible = True
566.4017 	EXP 	window1: mouseVisible = True
566.4017 	EXP 	window1: mouseVisible = True
566.4018 	EXP 	window1: mouseVisible = True
566.4018 	EXP 	window1: mouseVisible = True
566.4018 	EXP 	window1: mouseVisible = True
566.4018 	EXP 	window1: mouseVisible = True
566.4019 	EXP 	window1: mouseVisible = True
566.4019 	EXP 	window1: mouseVisible = True
566.4019 	EXP 	window1: mouseVisible = True
566.4020 	EXP 	window1: mouseVisible = True
566.4020 	EXP 	window1: mouseVisible = True
566.4020 	EXP 	window1: mouseVisible = True
566.4021 	EXP 	window1: mouseVisible = True
566.4021 	EXP 	window1: mouseVisible = True
566.4021 	EXP 	window1: mouseVisible = True
566.4022 	EXP 	window1: mouseVisible = True
566.4022 	EXP 	window1: mouseVisible = True
566.4022 	EXP 	window1: mouseVisible = True
566.4022 	EXP 	window1: mouseVisible = True
566.4023 	EXP 	window1: mouseVisible = True
566.4023 	EXP 	window1: mouseVisible = True
566.4023 	EXP 	window1: mouseVisible = True
566.4024 	EXP 	window1: mouseVisible = True
566.4024 	EXP 	window1: mouseVisible = True
566.4024 	EXP 	window1: mouseVisible = True
566.4025 	EXP 	window1: mouseVisible = True
566.4025 	EXP 	window1: mouseVisible = True
566.4025 	EXP 	window1: mouseVisible = True
566.4026 	EXP 	window1: mouseVisible = True
566.4026 	EXP 	window1: mouseVisible = True
566.4026 	EXP 	window1: mouseVisible = True
566.4026 	EXP 	window1: mouseVisible = True
566.4027 	EXP 	window1: mouseVisible = True
566.4027 	EXP 	window1: mouseVisible = True
566.4028 	EXP 	window1: mouseVisible = True
566.4028 	EXP 	window1: mouseVisible = True
566.4028 	EXP 	window1: mouseVisible = True
566.4029 	EXP 	window1: mouseVisible = True
566.4029 	EXP 	window1: mouseVisible = True
566.4029 	EXP 	window1: mouseVisible = True
566.4030 	EXP 	window1: mouseVisible = True
566.4030 	EXP 	window1: mouseVisible = True
566.4030 	EXP 	window1: mouseVisible = True
566.4031 	EXP 	window1: mouseVisible = True
566.4031 	EXP 	window1: mouseVisible = True
566.4031 	EXP 	window1: mouseVisible = True
566.4032 	EXP 	window1: mouseVisible = True
566.4032 	EXP 	window1: mouseVisible = True
566.4032 	EXP 	window1: mouseVisible = True
566.4032 	EXP 	window1: mouseVisible = True
566.4033 	EXP 	window1: mouseVisible = True
566.4033 	EXP 	window1: mouseVisible = True
566.4033 	EXP 	window1: mouseVisible = True
566.4034 	EXP 	window1: mouseVisible = True
566.4034 	EXP 	window1: mouseVisible = True
566.4035 	EXP 	window1: mouseVisible = True
566.4035 	EXP 	window1: mouseVisible = True
566.4035 	EXP 	window1: mouseVisible = True
566.4036 	EXP 	window1: mouseVisible = True
566.4036 	EXP 	window1: mouseVisible = True
566.4036 	EXP 	window1: mouseVisible = True
566.4037 	EXP 	window1: mouseVisible = True
566.4037 	EXP 	window1: mouseVisible = True
566.4037 	EXP 	window1: mouseVisible = True
566.4038 	EXP 	window1: mouseVisible = True
566.4038 	EXP 	window1: mouseVisible = True
566.4038 	EXP 	window1: mouseVisible = True
566.4039 	EXP 	window1: mouseVisible = True
566.4039 	EXP 	window1: mouseVisible = True
566.4039 	EXP 	window1: mouseVisible = True
566.4039 	EXP 	window1: mouseVisible = True
566.4040 	EXP 	window1: mouseVisible = True
566.4040 	EXP 	window1: mouseVisible = True
566.4040 	EXP 	window1: mouseVisible = True
566.4041 	EXP 	window1: mouseVisible = True
566.4041 	EXP 	window1: mouseVisible = True
566.4041 	EXP 	window1: mouseVisible = True
566.4042 	EXP 	window1: mouseVisible = True
566.4042 	EXP 	window1: mouseVisible = True
566.4042 	EXP 	window1: mouseVisible = True
566.4043 	EXP 	window1: mouseVisible = True
566.4043 	EXP 	window1: mouseVisible = True
566.4043 	EXP 	window1: mouseVisible = True
