18.1285 	WARNING 	Monitor specification not found. Creating a temporary one...
18.1576 	WARNING 	User requested fullscreen with size [800 600], but screen is actually [1280, 1024]. Using actual size
19.0740 	EXP 	Created window1 = Window(allowGUI=True, allowStencil=False, autoLog=True, backendConf=UNKNOWN, bitsMode=UNKNOWN, blendMode='avg', bpc=(8, 8, 8), color=array([0, 0, 0]), colorSpace='rgb', depthBits=8, fullscr=<method-wrapper '__getattribute__' of attributeSetter object at 0x000001AA1D547D30>, gamma=None, gammaErrorPolicy='raise', lms=UNKNOWN, monitor=<psychopy.monitors.calibTools.Monitor object at 0x000001AA1DA9E400>, multiSample=False, name='window1', numSamples=2, pos=(0, 0), screen=0, size=array([1280, 1024]), stencilBits=0, stereo=False, units='pix', useFBO=False, useRetina=False, viewOri=0.0, viewPos=None, viewScale=None, waitBlanking=True, winType='pyglet')
19.0741 	EXP 	window1: mouseVisible = True
19.0745 	EXP 	window1: mouseVisible = False
20.9338 	DATA 	Keypress: space
24.4129 	DATA 	Keypress: space
24.8543 	DATA 	Keypress: o
24.8553 	EXP 	window1: units = 'pix'
24.8975 	WARNING 	User requested fullscreen with size [1280  720], but screen is actually [1280, 1024]. Using actual size
25.3071 	EXP 	Created window1 = Window(allowGUI=False, allowStencil=False, autoLog=True, backendConf=UNKNOWN, bitsMode=UNKNOWN, blendMode='avg', bpc=(8, 8, 8), color=array([0, 0, 0]), colorSpace='rgb', depthBits=8, fullscr=<method-wrapper '__getattribute__' of attributeSetter object at 0x000001AA1D547D30>, gamma=None, gammaErrorPolicy='raise', lms=UNKNOWN, monitor=<psychopy.monitors.calibTools.Monitor object at 0x000001AA245496A0>, multiSample=False, name='window1', numSamples=2, pos=(0, 0), screen=0, size=array([1280, 1024]), stencilBits=0, stereo=False, units='height', useFBO=True, useRetina=False, viewOri=0.0, viewPos=None, viewScale=None, waitBlanking=True, winType='pyglet')
25.3074 	EXP 	window1: mouseVisible = True
25.3074 	EXP 	window1: Attempting to measure frame rate of screen (0) ...
25.3074 	EXP 	window1: recordFrameIntervals = False
25.4735 	EXP 	window1: recordFrameIntervals = True
25.6569 	EXP 	Screen (0) actual frame rate measured at 60.01Hz
25.6569 	EXP 	window1: recordFrameIntervals = False
26.3732 	EXP 	Created Instructions = TextStim(__class__=<class 'psychopy.visual.text.TextStim'>, alignHoriz=method-wrapper(...), alignText='center', alignVert=method-wrapper(...), anchorHoriz='center', anchorVert='center', antialias=True, autoDraw=False, autoLog=True, bold=False, color=array([1, 1, 1]), colorSpace='rgb', contrast=1.0, depth=0.0, flipHoriz=False, flipVert=False, font='Arial', fontFiles=[], height=0.03, italic=False, languageStyle='LTR', name='Instructions', opacity=1.0, ori=0, pos=array([0., 0.]), rgb=UNKNOWN, text=str(...), units='height', win=Window(...), wrapWidth=1)
26.3770 	EXP 	Created Triplet1 = ImageStim(__class__=<class 'psychopy.visual.image.ImageStim'>, anchor=('center', 'center'), autoLog=True, color=array([1, 1, 1]), colorSpace='rgb', contrast=1.0, depth=-1.0, flipHoriz=False, flipVert=False, image='sin', interpolate=True, mask=None, maskParams=None, name='Triplet1', opacity=1.0, ori=0.0, pos=array([0., 0.]), size=array([0.25, 0.25]), texRes=128, units='height', win=Window(...))
26.3816 	EXP 	Created Triplet2 = ImageStim(__class__=<class 'psychopy.visual.image.ImageStim'>, anchor=('center', 'center'), autoLog=True, color=array([1, 1, 1]), colorSpace='rgb', contrast=1.0, depth=-2.0, flipHoriz=False, flipVert=False, image='sin', interpolate=True, mask=None, maskParams=None, name='Triplet2', opacity=1.0, ori=0.0, pos=array([0., 0.]), size=array([0.25, 0.25]), texRes=128, units='height', win=Window(...))
26.3872 	EXP 	Created Triplet3 = ImageStim(__class__=<class 'psychopy.visual.image.ImageStim'>, anchor=('center', 'center'), autoLog=True, color=array([1, 1, 1]), colorSpace='rgb', contrast=1.0, depth=-3.0, flipHoriz=False, flipVert=False, image='sin', interpolate=True, mask=None, maskParams=None, name='Triplet3', opacity=1.0, ori=0.0, pos=array([0., 0.]), size=array([0.25, 0.25]), texRes=128, units='height', win=Window(...))
26.3960 	EXP 	Sound sound_pop set volume 1.000
26.4047 	EXP 	Sound sound_pop2 set volume 1.000
26.4136 	EXP 	Sound sound_pop3 set volume 1.000
26.4446 	EXP 	Created fix = ImageStim(__class__=<class 'psychopy.visual.image.ImageStim'>, anchor=('center', 'center'), autoLog=True, color=array([1, 1, 1]), colorSpace='rgb', contrast=1.0, depth=0.0, flipHoriz=False, flipVert=False, image='images/fixation.png', interpolate=True, mask=None, maskParams=None, name='fix', opacity=1.0, ori=0.0, pos=array([0., 0.]), size=array([0.1 , 0.05]), texRes=128, units='height', win=Window(...))
26.5349 	EXP 	Created Mask = ImageStim(__class__=<class 'psychopy.visual.image.ImageStim'>, anchor=('center', 'center'), autoLog=True, color=array([1, 1, 1]), colorSpace='rgb', contrast=1.0, depth=0.0, flipHoriz=False, flipVert=False, image='images/Mask.png', interpolate=True, mask=None, maskParams=None, name='Mask', opacity=1.0, ori=0.0, pos=array([0., 0.]), size=array([1.5, 0.5]), texRes=128, units='height', win=Window(...))
26.5404 	EXP 	Created img1 = ImageStim(__class__=<class 'psychopy.visual.image.ImageStim'>, anchor=('center', 'center'), autoLog=True, color=array([1, 1, 1]), colorSpace='rgb', contrast=1.0, depth=-1.0, flipHoriz=False, flipVert=False, image='sin', interpolate=True, mask=None, maskParams=None, name='img1', opacity=1.0, ori=0.0, pos=array([0., 0.]), size=array([0.25, 0.25]), texRes=128, units='height', win=Window(...))
26.5447 	EXP 	Created img2 = ImageStim(__class__=<class 'psychopy.visual.image.ImageStim'>, anchor=('center', 'center'), autoLog=True, color=array([1, 1, 1]), colorSpace='rgb', contrast=1.0, depth=-2.0, flipHoriz=False, flipVert=False, image='sin', interpolate=True, mask=None, maskParams=None, name='img2', opacity=1.0, ori=0.0, pos=array([0., 0.]), size=array([0.25, 0.25]), texRes=128, units='height', win=Window(...))
26.5492 	EXP 	Created img3 = ImageStim(__class__=<class 'psychopy.visual.image.ImageStim'>, anchor=('center', 'center'), autoLog=True, color=array([1, 1, 1]), colorSpace='rgb', contrast=1.0, depth=-3.0, flipHoriz=False, flipVert=False, image='sin', interpolate=True, mask=None, maskParams=None, name='img3', opacity=1.0, ori=0.0, pos=array([0., 0.]), size=array([0.25, 0.25]), texRes=128, units='height', win=Window(...))
26.5580 	EXP 	Sound sound_pop4 set volume 1.000
26.5668 	EXP 	Sound sound_pop5 set volume 1.000
26.5756 	EXP 	Sound sound_pop6 set volume 1.000
26.5811 	EXP 	Created text_2 = TextStim(__class__=<class 'psychopy.visual.text.TextStim'>, alignHoriz=method-wrapper(...), alignText='center', alignVert=method-wrapper(...), anchorHoriz='center', anchorVert='center', antialias=True, autoDraw=False, autoLog=True, bold=False, color=array([1, 1, 1]), colorSpace='rgb', contrast=1.0, depth=0.0, flipHoriz=False, flipVert=False, font='Arial', fontFiles=[], height=0.03, italic=False, languageStyle='LTR', name='text_2', opacity=1.0, ori=0, pos=array([0., 0.]), rgb=UNKNOWN, text=str(...), units='height', win=Window(...), wrapWidth=1)
26.5841 	EXP 	Created text = TextStim(__class__=<class 'psychopy.visual.text.TextStim'>, alignHoriz=method-wrapper(...), alignText='center', alignVert=method-wrapper(...), anchorHoriz='center', anchorVert='center', antialias=True, autoDraw=False, autoLog=True, bold=False, color=array([1, 1, 1]), colorSpace='rgb', contrast=1.0, depth=-1.0, flipHoriz=False, flipVert=False, font='Arial', fontFiles=[], height=0.03, italic=False, languageStyle='LTR', name='text', opacity=1.0, ori=0, pos=array([0., 0.]), rgb=UNKNOWN, text=str(...), units='height', win=Window(...), wrapWidth=1)
26.5846 	EXP 	Created sameText = TextStim(__class__=<class 'psychopy.visual.text.TextStim'>, alignHoriz=method-wrapper(...), alignText='center', alignVert=method-wrapper(...), anchorHoriz='center', anchorVert='center', antialias=True, autoDraw=False, autoLog=True, bold=False, color=array([1, 1, 1]), colorSpace='rgb', contrast=1.0, depth=-2.0, flipHoriz=False, flipVert=False, font='Arial', fontFiles=[], height=0.03, italic=False, languageStyle='LTR', name='sameText', opacity=1.0, ori=0, pos=array([-0.2, -0.3]), rgb=UNKNOWN, text='', units='height', win=Window(...), wrapWidth=1)
26.5851 	EXP 	Created diffText = TextStim(__class__=<class 'psychopy.visual.text.TextStim'>, alignHoriz=method-wrapper(...), alignText='center', alignVert=method-wrapper(...), anchorHoriz='center', anchorVert='center', antialias=True, autoDraw=False, autoLog=True, bold=False, color=array([1, 1, 1]), colorSpace='rgb', contrast=1.0, depth=-3.0, flipHoriz=False, flipVert=False, font='Arial', fontFiles=[], height=0.03, italic=False, languageStyle='LTR', name='diffText', opacity=1.0, ori=0, pos=array([ 0.2, -0.3]), rgb=UNKNOWN, text='', units='height', win=Window(...), wrapWidth=1)
26.5860 	EXP 	Created leftCL = Rect(__class__=<class 'psychopy.visual.rect.Rect'>, anchor=('center', 'center'), autoDraw=False, autoLog=True, closeShape=True, color=method-wrapper(...), colorSpace='rgb', contrast=None, depth=-4.0, fillColor=array([1., 1., 1.]), fillColorSpace='rgb', fillRGB=array([1., 1., 1.]), interpolate=True, lineColor=array([1, 1, 1]), lineColorSpace='rgb', lineRGB=array([1, 1, 1]), lineWidth=3, name='leftCL', opacity=0.5, ori=0.0, pos=array([-0.2, -0.3]), size=array([-0.2, -0.2]), units='height', vertices=ndarray(...), win=Window(...))
26.5870 	EXP 	Created rightCL = Rect(__class__=<class 'psychopy.visual.rect.Rect'>, anchor=('center', 'center'), autoDraw=False, autoLog=True, closeShape=True, color=method-wrapper(...), colorSpace='rgb', contrast=None, depth=-5.0, fillColor=array([1., 1., 1.]), fillColorSpace='rgb', fillRGB=array([1., 1., 1.]), interpolate=True, lineColor=array([1, 1, 1]), lineColorSpace='rgb', lineRGB=array([1, 1, 1]), lineWidth=3, name='rightCL', opacity=0.5, ori=0.0, pos=array([ 0.2, -0.3]), size=array([0.2, 0.2]), units='height', vertices=ndarray(...), win=Window(...))
26.5870 	EXP 	window1: mouseVisible = True
26.5875 	EXP 	Sound clickedSound set volume 1.000
26.5912 	EXP 	Created retIMG = ImageStim(__class__=<class 'psychopy.visual.image.ImageStim'>, anchor=('center', 'center'), autoLog=True, color=array([1, 1, 1]), colorSpace='rgb', contrast=1.0, depth=-1.0, flipHoriz=False, flipVert=False, image='sin', interpolate=True, mask=None, maskParams=None, name='retIMG', opacity=1.0, ori=0.0, pos=array([0., 0.]), size=array([0.25, 0.25]), texRes=128, units='height', win=Window(...))
26.6000 	EXP 	Sound sound_pop7 set volume 1.000
26.6024 	EXP 	Created question_text = TextStim(__class__=<class 'psychopy.visual.text.TextStim'>, alignHoriz=method-wrapper(...), alignText='center', alignVert=method-wrapper(...), anchorHoriz='center', anchorVert='center', antialias=True, autoDraw=False, autoLog=True, bold=False, color=array([1, 1, 1]), colorSpace='rgb', contrast=1.0, depth=0.0, flipHoriz=False, flipVert=False, font='Arial', fontFiles=[], height=0.03, italic=False, languageStyle='LTR', name='question_text', opacity=1.0, ori=0, pos=array([0. , 0.3]), rgb=UNKNOWN, text='When did you see this object?', units='height', win=Window(...), wrapWidth=1)
26.6047 	EXP 	Created decisionQ_2 = TextStim(__class__=<class 'psychopy.visual.text.TextStim'>, alignHoriz=method-wrapper(...), alignText='center', alignVert=method-wrapper(...), anchorHoriz='center', anchorVert='center', antialias=True, autoDraw=False, autoLog=True, bold=False, color=array([1, 1, 1]), colorSpace='rgb', contrast=1.0, depth=-1.0, flipHoriz=False, flipVert=False, font='Arial', fontFiles=[], height=0.03, italic=False, languageStyle='LTR', name='decisionQ_2', opacity=1.0, ori=0, pos=array([0. , 0.3]), rgb=UNKNOWN, text='When did you see this object?', units='height', win=Window(...), wrapWidth=1)
26.6054 	EXP 	Created first_left = Rect(__class__=<class 'psychopy.visual.rect.Rect'>, anchor=('center', 'center'), autoDraw=False, autoLog=True, closeShape=True, color=method-wrapper(...), colorSpace='rgb', contrast=None, depth=-2.0, fillColor=array([1, 1, 1]), fillColorSpace='rgb', fillRGB=array([1, 1, 1]), interpolate=True, lineColor=array([1, 1, 1]), lineColorSpace='rgb', lineRGB=array([1, 1, 1]), lineWidth=3, name='first_left', opacity=0.5, ori=0.0, pos=array([0. , 0.1]), size=array([0.15, 0.15]), units='height', vertices=ndarray(...), win=Window(...))
26.6061 	EXP 	Created second_middle = Rect(__class__=<class 'psychopy.visual.rect.Rect'>, anchor=('center', 'center'), autoDraw=False, autoLog=True, closeShape=True, color=method-wrapper(...), colorSpace='rgb', contrast=None, depth=-3.0, fillColor=array([1, 1, 1]), fillColorSpace='rgb', fillRGB=array([1, 1, 1]), interpolate=True, lineColor=array([1, 1, 1]), lineColorSpace='rgb', lineRGB=array([1, 1, 1]), lineWidth=3, name='second_middle', opacity=0.5, ori=0.0, pos=array([ 0. , -0.1]), size=array([0.15, 0.15]), units='height', vertices=ndarray(...), win=Window(...))
26.6068 	EXP 	Created third_right = Rect(__class__=<class 'psychopy.visual.rect.Rect'>, anchor=('center', 'center'), autoDraw=False, autoLog=True, closeShape=True, color=method-wrapper(...), colorSpace='rgb', contrast=None, depth=-4.0, fillColor=array([1, 1, 1]), fillColorSpace='rgb', fillRGB=array([1, 1, 1]), interpolate=True, lineColor=array([1, 1, 1]), lineColorSpace='rgb', lineRGB=array([1, 1, 1]), lineWidth=3, name='third_right', opacity=0.5, ori=0.0, pos=array([ 0. , -0.3]), size=array([0.15, 0.15]), units='height', vertices=ndarray(...), win=Window(...))
26.6093 	EXP 	Created First = TextStim(__class__=<class 'psychopy.visual.text.TextStim'>, alignHoriz=method-wrapper(...), alignText='center', alignVert=method-wrapper(...), anchorHoriz='center', anchorVert='center', antialias=True, autoDraw=False, autoLog=True, bold=False, color=array([1, 1, 1]), colorSpace='rgb', contrast=1.0, depth=-5.0, flipHoriz=False, flipVert=False, font='Arial', fontFiles=[], height=0.03, italic=False, languageStyle='LTR', name='First', opacity=1.0, ori=0, pos=array([0. , 0.1]), rgb=UNKNOWN, text='First', units='height', win=Window(...), wrapWidth=1)
26.6112 	EXP 	Created Second = TextStim(__class__=<class 'psychopy.visual.text.TextStim'>, alignHoriz=method-wrapper(...), alignText='center', alignVert=method-wrapper(...), anchorHoriz='center', anchorVert='center', antialias=True, autoDraw=False, autoLog=True, bold=False, color=array([1, 1, 1]), colorSpace='rgb', contrast=1.0, depth=-6.0, flipHoriz=False, flipVert=False, font='Arial', fontFiles=[], height=0.03, italic=False, languageStyle='LTR', name='Second', opacity=1.0, ori=0, pos=array([ 0. , -0.1]), rgb=UNKNOWN, text='Second', units='height', win=Window(...), wrapWidth=1)
26.6130 	EXP 	Created Third = TextStim(__class__=<class 'psychopy.visual.text.TextStim'>, alignHoriz=method-wrapper(...), alignText='center', alignVert=method-wrapper(...), anchorHoriz='center', anchorVert='center', antialias=True, autoDraw=False, autoLog=True, bold=False, color=array([1, 1, 1]), colorSpace='rgb', contrast=1.0, depth=-7.0, flipHoriz=False, flipVert=False, font='Arial', fontFiles=[], height=0.03, italic=False, languageStyle='LTR', name='Third', opacity=1.0, ori=0, pos=array([ 0. , -0.3]), rgb=UNKNOWN, text='Third', units='height', win=Window(...), wrapWidth=1)
26.6131 	EXP 	window1: mouseVisible = True
26.6135 	EXP 	Sound clickedSound set volume 1.000
26.6217 	EXP 	Created BlockBreak = TextStim(__class__=<class 'psychopy.visual.text.TextStim'>, alignHoriz=method-wrapper(...), alignText='center', alignVert=method-wrapper(...), anchorHoriz='center', anchorVert='center', antialias=True, autoDraw=False, autoLog=True, bold=False, color=array([1, 1, 1]), colorSpace='rgb', contrast=1.0, depth=0.0, flipHoriz=False, flipVert=False, font='Arial', fontFiles=[], height=0.03, italic=False, languageStyle='LTR', name='BlockBreak', opacity=1.0, ori=0, pos=array([0., 0.]), rgb=UNKNOWN, text=str(...), units='height', win=Window(...), wrapWidth=1)
26.6373 	EXP 	Created text_4 = TextStim(__class__=<class 'psychopy.visual.text.TextStim'>, alignHoriz=method-wrapper(...), alignText='center', alignVert=method-wrapper(...), anchorHoriz='center', anchorVert='center', antialias=True, autoDraw=False, autoLog=True, bold=False, color=array([1, 1, 1]), colorSpace='rgb', contrast=1.0, depth=-1.0, flipHoriz=False, flipVert=False, font='Open Sans', fontFiles=[], height=0.03, italic=False, languageStyle='LTR', name='text_4', opacity=1.0, ori=0.0, pos=array([0., 0.]), rgb=UNKNOWN, text=str(...), units='height', win=Window(...), wrapWidth=1)
26.6410 	EXP 	Created Triplet1 = ImageStim(__class__=<class 'psychopy.visual.image.ImageStim'>, anchor=('center', 'center'), autoLog=True, color=array([1, 1, 1]), colorSpace='rgb', contrast=1.0, depth=-1.0, flipHoriz=False, flipVert=False, image='sin', interpolate=True, mask=None, maskParams=None, name='Triplet1', opacity=1.0, ori=0.0, pos=array([0., 0.]), size=array([0.25, 0.25]), texRes=128, units='height', win=Window(...))
26.6453 	EXP 	Created Triplet2 = ImageStim(__class__=<class 'psychopy.visual.image.ImageStim'>, anchor=('center', 'center'), autoLog=True, color=array([1, 1, 1]), colorSpace='rgb', contrast=1.0, depth=-2.0, flipHoriz=False, flipVert=False, image='sin', interpolate=True, mask=None, maskParams=None, name='Triplet2', opacity=1.0, ori=0.0, pos=array([0., 0.]), size=array([0.25, 0.25]), texRes=128, units='height', win=Window(...))
26.6496 	EXP 	Created Triplet3 = ImageStim(__class__=<class 'psychopy.visual.image.ImageStim'>, anchor=('center', 'center'), autoLog=True, color=array([1, 1, 1]), colorSpace='rgb', contrast=1.0, depth=-3.0, flipHoriz=False, flipVert=False, image='sin', interpolate=True, mask=None, maskParams=None, name='Triplet3', opacity=1.0, ori=0.0, pos=array([0., 0.]), size=array([0.25, 0.25]), texRes=128, units='height', win=Window(...))
26.6583 	EXP 	Sound sound_pop set volume 1.000
26.6671 	EXP 	Sound sound_pop2 set volume 1.000
26.6758 	EXP 	Sound sound_pop3 set volume 1.000
26.6982 	EXP 	Created fix = ImageStim(__class__=<class 'psychopy.visual.image.ImageStim'>, anchor=('center', 'center'), autoLog=True, color=array([1, 1, 1]), colorSpace='rgb', contrast=1.0, depth=0.0, flipHoriz=False, flipVert=False, image='images/fixation.png', interpolate=True, mask=None, maskParams=None, name='fix', opacity=1.0, ori=0.0, pos=array([0., 0.]), size=array([0.1 , 0.05]), texRes=128, units='height', win=Window(...))
26.7853 	EXP 	Created Mask = ImageStim(__class__=<class 'psychopy.visual.image.ImageStim'>, anchor=('center', 'center'), autoLog=True, color=array([1, 1, 1]), colorSpace='rgb', contrast=1.0, depth=0.0, flipHoriz=False, flipVert=False, image='images/Mask.png', interpolate=True, mask=None, maskParams=None, name='Mask', opacity=1.0, ori=0.0, pos=array([0., 0.]), size=array([1.5, 0.5]), texRes=128, units='height', win=Window(...))
26.7909 	EXP 	Created img1 = ImageStim(__class__=<class 'psychopy.visual.image.ImageStim'>, anchor=('center', 'center'), autoLog=True, color=array([1, 1, 1]), colorSpace='rgb', contrast=1.0, depth=-1.0, flipHoriz=False, flipVert=False, image='sin', interpolate=True, mask=None, maskParams=None, name='img1', opacity=1.0, ori=0.0, pos=array([0., 0.]), size=array([0.25, 0.25]), texRes=128, units='height', win=Window(...))
26.7953 	EXP 	Created img2 = ImageStim(__class__=<class 'psychopy.visual.image.ImageStim'>, anchor=('center', 'center'), autoLog=True, color=array([1, 1, 1]), colorSpace='rgb', contrast=1.0, depth=-2.0, flipHoriz=False, flipVert=False, image='sin', interpolate=True, mask=None, maskParams=None, name='img2', opacity=1.0, ori=0.0, pos=array([0., 0.]), size=array([0.25, 0.25]), texRes=128, units='height', win=Window(...))
26.7995 	EXP 	Created img3 = ImageStim(__class__=<class 'psychopy.visual.image.ImageStim'>, anchor=('center', 'center'), autoLog=True, color=array([1, 1, 1]), colorSpace='rgb', contrast=1.0, depth=-3.0, flipHoriz=False, flipVert=False, image='sin', interpolate=True, mask=None, maskParams=None, name='img3', opacity=1.0, ori=0.0, pos=array([0., 0.]), size=array([0.25, 0.25]), texRes=128, units='height', win=Window(...))
26.8082 	EXP 	Sound sound_pop4 set volume 1.000
26.8170 	EXP 	Sound sound_pop5 set volume 1.000
26.8259 	EXP 	Sound sound_pop6 set volume 1.000
26.8295 	EXP 	Created text_2 = TextStim(__class__=<class 'psychopy.visual.text.TextStim'>, alignHoriz=method-wrapper(...), alignText='center', alignVert=method-wrapper(...), anchorHoriz='center', anchorVert='center', antialias=True, autoDraw=False, autoLog=True, bold=False, color=array([1, 1, 1]), colorSpace='rgb', contrast=1.0, depth=0.0, flipHoriz=False, flipVert=False, font='Arial', fontFiles=[], height=0.03, italic=False, languageStyle='LTR', name='text_2', opacity=1.0, ori=0, pos=array([0., 0.]), rgb=UNKNOWN, text=str(...), units='height', win=Window(...), wrapWidth=1)
26.8320 	EXP 	Created text = TextStim(__class__=<class 'psychopy.visual.text.TextStim'>, alignHoriz=method-wrapper(...), alignText='center', alignVert=method-wrapper(...), anchorHoriz='center', anchorVert='center', antialias=True, autoDraw=False, autoLog=True, bold=False, color=array([1, 1, 1]), colorSpace='rgb', contrast=1.0, depth=-1.0, flipHoriz=False, flipVert=False, font='Arial', fontFiles=[], height=0.03, italic=False, languageStyle='LTR', name='text', opacity=1.0, ori=0, pos=array([0., 0.]), rgb=UNKNOWN, text=str(...), units='height', win=Window(...), wrapWidth=1)
26.8325 	EXP 	Created sameText = TextStim(__class__=<class 'psychopy.visual.text.TextStim'>, alignHoriz=method-wrapper(...), alignText='center', alignVert=method-wrapper(...), anchorHoriz='center', anchorVert='center', antialias=True, autoDraw=False, autoLog=True, bold=False, color=array([1, 1, 1]), colorSpace='rgb', contrast=1.0, depth=-2.0, flipHoriz=False, flipVert=False, font='Arial', fontFiles=[], height=0.03, italic=False, languageStyle='LTR', name='sameText', opacity=1.0, ori=0, pos=array([-0.2, -0.3]), rgb=UNKNOWN, text='', units='height', win=Window(...), wrapWidth=1)
26.8330 	EXP 	Created diffText = TextStim(__class__=<class 'psychopy.visual.text.TextStim'>, alignHoriz=method-wrapper(...), alignText='center', alignVert=method-wrapper(...), anchorHoriz='center', anchorVert='center', antialias=True, autoDraw=False, autoLog=True, bold=False, color=array([1, 1, 1]), colorSpace='rgb', contrast=1.0, depth=-3.0, flipHoriz=False, flipVert=False, font='Arial', fontFiles=[], height=0.03, italic=False, languageStyle='LTR', name='diffText', opacity=1.0, ori=0, pos=array([ 0.2, -0.3]), rgb=UNKNOWN, text='', units='height', win=Window(...), wrapWidth=1)
26.8339 	EXP 	Created leftCL = Rect(__class__=<class 'psychopy.visual.rect.Rect'>, anchor=('center', 'center'), autoDraw=False, autoLog=True, closeShape=True, color=method-wrapper(...), colorSpace='rgb', contrast=None, depth=-4.0, fillColor=array([1., 1., 1.]), fillColorSpace='rgb', fillRGB=array([1., 1., 1.]), interpolate=True, lineColor=array([1, 1, 1]), lineColorSpace='rgb', lineRGB=array([1, 1, 1]), lineWidth=3, name='leftCL', opacity=0.5, ori=0.0, pos=array([-0.2, -0.3]), size=array([-0.2, -0.2]), units='height', vertices=ndarray(...), win=Window(...))
26.8347 	EXP 	Created rightCL = Rect(__class__=<class 'psychopy.visual.rect.Rect'>, anchor=('center', 'center'), autoDraw=False, autoLog=True, closeShape=True, color=method-wrapper(...), colorSpace='rgb', contrast=None, depth=-5.0, fillColor=array([1., 1., 1.]), fillColorSpace='rgb', fillRGB=array([1., 1., 1.]), interpolate=True, lineColor=array([1, 1, 1]), lineColorSpace='rgb', lineRGB=array([1, 1, 1]), lineWidth=3, name='rightCL', opacity=0.5, ori=0.0, pos=array([ 0.2, -0.3]), size=array([0.2, 0.2]), units='height', vertices=ndarray(...), win=Window(...))
26.8348 	EXP 	window1: mouseVisible = True
26.8352 	EXP 	Sound clickedSound set volume 1.000
26.8389 	EXP 	Created retIMG = ImageStim(__class__=<class 'psychopy.visual.image.ImageStim'>, anchor=('center', 'center'), autoLog=True, color=array([1, 1, 1]), colorSpace='rgb', contrast=1.0, depth=-1.0, flipHoriz=False, flipVert=False, image='sin', interpolate=True, mask=None, maskParams=None, name='retIMG', opacity=1.0, ori=0.0, pos=array([0., 0.]), size=array([0.25, 0.25]), texRes=128, units='height', win=Window(...))
26.8477 	EXP 	Sound sound_pop7 set volume 1.000
26.8503 	EXP 	Created question_text = TextStim(__class__=<class 'psychopy.visual.text.TextStim'>, alignHoriz=method-wrapper(...), alignText='center', alignVert=method-wrapper(...), anchorHoriz='center', anchorVert='center', antialias=True, autoDraw=False, autoLog=True, bold=False, color=array([1, 1, 1]), colorSpace='rgb', contrast=1.0, depth=0.0, flipHoriz=False, flipVert=False, font='Arial', fontFiles=[], height=0.03, italic=False, languageStyle='LTR', name='question_text', opacity=1.0, ori=0, pos=array([0. , 0.3]), rgb=UNKNOWN, text='When did you see this object?', units='height', win=Window(...), wrapWidth=1)
26.8525 	EXP 	Created decisionQ_2 = TextStim(__class__=<class 'psychopy.visual.text.TextStim'>, alignHoriz=method-wrapper(...), alignText='center', alignVert=method-wrapper(...), anchorHoriz='center', anchorVert='center', antialias=True, autoDraw=False, autoLog=True, bold=False, color=array([1, 1, 1]), colorSpace='rgb', contrast=1.0, depth=-1.0, flipHoriz=False, flipVert=False, font='Arial', fontFiles=[], height=0.03, italic=False, languageStyle='LTR', name='decisionQ_2', opacity=1.0, ori=0, pos=array([0. , 0.3]), rgb=UNKNOWN, text='When did you see this object?', units='height', win=Window(...), wrapWidth=1)
26.8532 	EXP 	Created first_left = Rect(__class__=<class 'psychopy.visual.rect.Rect'>, anchor=('center', 'center'), autoDraw=False, autoLog=True, closeShape=True, color=method-wrapper(...), colorSpace='rgb', contrast=None, depth=-2.0, fillColor=array([1, 1, 1]), fillColorSpace='rgb', fillRGB=array([1, 1, 1]), interpolate=True, lineColor=array([1, 1, 1]), lineColorSpace='rgb', lineRGB=array([1, 1, 1]), lineWidth=3, name='first_left', opacity=0.5, ori=0.0, pos=array([0. , 0.1]), size=array([0.15, 0.15]), units='height', vertices=ndarray(...), win=Window(...))
26.8539 	EXP 	Created second_middle = Rect(__class__=<class 'psychopy.visual.rect.Rect'>, anchor=('center', 'center'), autoDraw=False, autoLog=True, closeShape=True, color=method-wrapper(...), colorSpace='rgb', contrast=None, depth=-3.0, fillColor=array([1, 1, 1]), fillColorSpace='rgb', fillRGB=array([1, 1, 1]), interpolate=True, lineColor=array([1, 1, 1]), lineColorSpace='rgb', lineRGB=array([1, 1, 1]), lineWidth=3, name='second_middle', opacity=0.5, ori=0.0, pos=array([ 0. , -0.1]), size=array([0.15, 0.15]), units='height', vertices=ndarray(...), win=Window(...))
26.8546 	EXP 	Created third_right = Rect(__class__=<class 'psychopy.visual.rect.Rect'>, anchor=('center', 'center'), autoDraw=False, autoLog=True, closeShape=True, color=method-wrapper(...), colorSpace='rgb', contrast=None, depth=-4.0, fillColor=array([1, 1, 1]), fillColorSpace='rgb', fillRGB=array([1, 1, 1]), interpolate=True, lineColor=array([1, 1, 1]), lineColorSpace='rgb', lineRGB=array([1, 1, 1]), lineWidth=3, name='third_right', opacity=0.5, ori=0.0, pos=array([ 0. , -0.3]), size=array([0.15, 0.15]), units='height', vertices=ndarray(...), win=Window(...))
26.8567 	EXP 	Created First = TextStim(__class__=<class 'psychopy.visual.text.TextStim'>, alignHoriz=method-wrapper(...), alignText='center', alignVert=method-wrapper(...), anchorHoriz='center', anchorVert='center', antialias=True, autoDraw=False, autoLog=True, bold=False, color=array([1, 1, 1]), colorSpace='rgb', contrast=1.0, depth=-5.0, flipHoriz=False, flipVert=False, font='Arial', fontFiles=[], height=0.03, italic=False, languageStyle='LTR', name='First', opacity=1.0, ori=0, pos=array([0. , 0.1]), rgb=UNKNOWN, text='First', units='height', win=Window(...), wrapWidth=1)
26.8591 	EXP 	Created Second = TextStim(__class__=<class 'psychopy.visual.text.TextStim'>, alignHoriz=method-wrapper(...), alignText='center', alignVert=method-wrapper(...), anchorHoriz='center', anchorVert='center', antialias=True, autoDraw=False, autoLog=True, bold=False, color=array([1, 1, 1]), colorSpace='rgb', contrast=1.0, depth=-6.0, flipHoriz=False, flipVert=False, font='Arial', fontFiles=[], height=0.03, italic=False, languageStyle='LTR', name='Second', opacity=1.0, ori=0, pos=array([ 0. , -0.1]), rgb=UNKNOWN, text='Second', units='height', win=Window(...), wrapWidth=1)
26.8611 	EXP 	Created Third = TextStim(__class__=<class 'psychopy.visual.text.TextStim'>, alignHoriz=method-wrapper(...), alignText='center', alignVert=method-wrapper(...), anchorHoriz='center', anchorVert='center', antialias=True, autoDraw=False, autoLog=True, bold=False, color=array([1, 1, 1]), colorSpace='rgb', contrast=1.0, depth=-7.0, flipHoriz=False, flipVert=False, font='Arial', fontFiles=[], height=0.03, italic=False, languageStyle='LTR', name='Third', opacity=1.0, ori=0, pos=array([ 0. , -0.3]), rgb=UNKNOWN, text='Third', units='height', win=Window(...), wrapWidth=1)
26.8612 	EXP 	window1: mouseVisible = True
26.8617 	EXP 	Sound clickedSound set volume 1.000
26.8646 	EXP 	Created end = TextStim(__class__=<class 'psychopy.visual.text.TextStim'>, alignHoriz=method-wrapper(...), alignText='center', alignVert=method-wrapper(...), anchorHoriz='center', anchorVert='center', antialias=True, autoDraw=False, autoLog=True, bold=False, color=array([1, 1, 1]), colorSpace='rgb', contrast=1.0, depth=0.0, flipHoriz=False, flipVert=False, font='Arial', fontFiles=[], height=0.03, italic=False, languageStyle='LTR', name='end', opacity=1.0, ori=0, pos=array([0., 0.]), rgb=UNKNOWN, text=str(...), units='height', win=Window(...), wrapWidth=1)
26.8683 	EXP 	Instructions: autoDraw = True
27.9923 	EXP 	Created sequence: random, trialTypes=1, nReps=5, seed=None
27.9924 	EXP 	New trial (rep=0, index=0): None
27.9943 	DATA 	Keypress: space
28.0059 	EXP 	Instructions: autoDraw = False
28.0059 	EXP 	fix: autoDraw = True
29.8713 	EXP 	Sound sound_pop started
29.8695 	EXP 	fix: autoDraw = False
29.8695 	EXP 	fix: autoDraw = False
29.8695 	EXP 	Triplet1: image = 'images/OBJ_172.png'
29.8695 	EXP 	Triplet2: image = 'images/OBJ_186.png'
29.8695 	EXP 	Triplet3: image = 'images/OBJ_125.png'
29.8695 	EXP 	Triplet1: autoDraw = True
30.2490 	EXP 	Sound sound_pop reached end of file
31.3716 	EXP 	Triplet1: autoDraw = False
31.8718 	EXP 	Sound sound_pop2 started
31.8714 	EXP 	Triplet2: autoDraw = True
32.2302 	EXP 	Sound sound_pop2 reached end of file
33.3709 	EXP 	Triplet2: autoDraw = False
33.8709 	EXP 	Sound sound_pop3 started
33.8708 	EXP 	Triplet3: autoDraw = True
34.2313 	EXP 	Sound sound_pop3 reached end of file
35.3704 	EXP 	Triplet3: autoDraw = False
35.3704 	EXP 	Triplet1: autoDraw = False
35.3704 	EXP 	Triplet2: autoDraw = False
35.3704 	EXP 	Triplet3: autoDraw = False
35.3704 	EXP 	Mask: autoDraw = True
37.0029 	EXP 	Sound sound_pop4 started
37.0048 	EXP 	Mask: autoDraw = False
37.0048 	EXP 	Mask: autoDraw = False
37.0048 	EXP 	img1: image = 'images/OBJ_172.png'
37.0048 	EXP 	img2: image = 'images/OBJ_186.png'
37.0048 	EXP 	img3: image = 'images/OBJ_125.png'
37.0048 	EXP 	img1: autoDraw = True
37.3795 	EXP 	Sound sound_pop4 reached end of file
38.5194 	EXP 	img1: autoDraw = False
39.0031 	EXP 	Sound sound_pop5 started
39.0026 	EXP 	img2: autoDraw = True
39.3685 	EXP 	Sound sound_pop5 reached end of file
40.5022 	EXP 	img2: autoDraw = False
41.0021 	EXP 	Sound sound_pop6 started
41.0021 	EXP 	img3: autoDraw = True
41.3625 	EXP 	Sound sound_pop6 reached end of file
42.5017 	EXP 	img3: autoDraw = False
42.5017 	EXP 	img1: autoDraw = False
42.5017 	EXP 	img2: autoDraw = False
42.5017 	EXP 	img3: autoDraw = False
42.5017 	EXP 	text_2: autoDraw = True
43.5014 	EXP 	text_2: autoDraw = False
43.5014 	EXP 	text_2: autoDraw = False
43.5014 	EXP 	sameText: height = 0.03
43.5014 	EXP 	sameText: height = 0.03
43.5014 	EXP 	sameText: height = 0.03
43.5014 	EXP 	sameText: text = 'Same'
43.5014 	EXP 	diffText: height = 0.03
43.5014 	EXP 	diffText: height = 0.03
43.5014 	EXP 	diffText: height = 0.03
43.5014 	EXP 	diffText: text = 'Different'
43.5014 	EXP 	text: autoDraw = True
43.5014 	EXP 	sameText: autoDraw = True
43.5014 	EXP 	diffText: autoDraw = True
43.5014 	EXP 	leftCL: autoDraw = True
43.5014 	EXP 	rightCL: autoDraw = True
43.8347 	DATA 	Mouse: Left button down, pos=(437,148)
43.8512 	EXP 	Sound clickedSound started
43.8513 	EXP 	text: autoDraw = False
43.8513 	EXP 	sameText: autoDraw = False
43.8513 	EXP 	diffText: autoDraw = False
43.8513 	EXP 	leftCL: autoDraw = False
43.8513 	EXP 	rightCL: autoDraw = False
43.9516 	DATA 	Mouse:  Left button up, pos=(437,148)
44.3493 	EXP 	Sound clickedSound stopped
44.3497 	EXP 	New trial (rep=1, index=0): None
44.3525 	EXP 	fix: autoDraw = True
46.1335 	EXP 	Sound sound_pop started
46.1336 	EXP 	fix: autoDraw = False
46.1336 	EXP 	fix: autoDraw = False
46.1336 	EXP 	Triplet1: image = 'images/OBJ_71.png'
46.1336 	EXP 	Triplet2: image = 'images/OBJ_157.png'
46.1336 	EXP 	Triplet3: image = 'images/OBJ_95.png'
46.1336 	EXP 	Triplet1: autoDraw = True
46.5093 	EXP 	Sound sound_pop reached end of file
47.6334 	EXP 	Triplet1: autoDraw = False
48.1332 	EXP 	Sound sound_pop2 started
48.1333 	EXP 	Triplet2: autoDraw = True
48.4983 	EXP 	Sound sound_pop2 reached end of file
49.6328 	EXP 	Triplet2: autoDraw = False
50.1327 	EXP 	Sound sound_pop3 started
50.1327 	EXP 	Triplet3: autoDraw = True
50.3498 	DATA 	Keypress: escape
50.4931 	EXP 	Sound sound_pop3 reached end of file
52.4496 	EXP 	window1: mouseVisible = True
52.4497 	EXP 	window1: mouseVisible = True
52.4497 	EXP 	window1: mouseVisible = True
52.4497 	EXP 	window1: mouseVisible = True
52.4498 	EXP 	window1: mouseVisible = True
52.4498 	EXP 	window1: mouseVisible = True
52.4498 	EXP 	window1: mouseVisible = True
52.4499 	EXP 	window1: mouseVisible = True
52.4499 	EXP 	window1: mouseVisible = True
52.4499 	EXP 	window1: mouseVisible = True
52.4500 	EXP 	window1: mouseVisible = True
52.4500 	EXP 	window1: mouseVisible = True
52.4500 	EXP 	window1: mouseVisible = True
52.4501 	EXP 	window1: mouseVisible = True
52.4501 	EXP 	window1: mouseVisible = True
52.4501 	EXP 	window1: mouseVisible = True
52.4501 	EXP 	window1: mouseVisible = True
52.4502 	EXP 	window1: mouseVisible = True
52.4502 	EXP 	window1: mouseVisible = True
52.4502 	EXP 	window1: mouseVisible = True
52.4503 	EXP 	window1: mouseVisible = True
52.4503 	EXP 	window1: mouseVisible = True
52.4503 	EXP 	window1: mouseVisible = True
52.4504 	EXP 	window1: mouseVisible = True
52.4504 	EXP 	window1: mouseVisible = True
52.4504 	EXP 	window1: mouseVisible = True
52.4504 	EXP 	window1: mouseVisible = True
52.4505 	EXP 	window1: mouseVisible = True
52.4505 	EXP 	window1: mouseVisible = True
52.4505 	EXP 	window1: mouseVisible = True
52.4506 	EXP 	window1: mouseVisible = True
52.4506 	EXP 	window1: mouseVisible = True
52.4506 	EXP 	window1: mouseVisible = True
52.4507 	EXP 	window1: mouseVisible = True
52.4507 	EXP 	window1: mouseVisible = True
52.4507 	EXP 	window1: mouseVisible = True
52.4507 	EXP 	window1: mouseVisible = True
52.4508 	EXP 	window1: mouseVisible = True
52.4508 	EXP 	window1: mouseVisible = True
52.4508 	EXP 	window1: mouseVisible = True
52.4509 	EXP 	window1: mouseVisible = True
52.4509 	EXP 	window1: mouseVisible = True
52.4509 	EXP 	window1: mouseVisible = True
52.4510 	EXP 	window1: mouseVisible = True
52.4510 	EXP 	window1: mouseVisible = True
52.4510 	EXP 	window1: mouseVisible = True
52.4510 	EXP 	window1: mouseVisible = True
52.4511 	EXP 	window1: mouseVisible = True
52.4511 	EXP 	window1: mouseVisible = True
52.4511 	EXP 	window1: mouseVisible = True
52.4512 	EXP 	window1: mouseVisible = True
52.4512 	EXP 	window1: mouseVisible = True
52.4512 	EXP 	window1: mouseVisible = True
52.4513 	EXP 	window1: mouseVisible = True
52.4513 	EXP 	window1: mouseVisible = True
52.4513 	EXP 	window1: mouseVisible = True
52.4514 	EXP 	window1: mouseVisible = True
52.4514 	EXP 	window1: mouseVisible = True
52.4514 	EXP 	window1: mouseVisible = True
52.4514 	EXP 	window1: mouseVisible = True
52.4515 	EXP 	window1: mouseVisible = True
52.4515 	EXP 	window1: mouseVisible = True
52.4515 	EXP 	window1: mouseVisible = True
52.4516 	EXP 	window1: mouseVisible = True
52.4516 	EXP 	window1: mouseVisible = True
52.4516 	EXP 	window1: mouseVisible = True
52.4517 	EXP 	window1: mouseVisible = True
52.4517 	EXP 	window1: mouseVisible = True
52.4517 	EXP 	window1: mouseVisible = True
52.4517 	EXP 	window1: mouseVisible = True
52.4518 	EXP 	window1: mouseVisible = True
52.4518 	EXP 	window1: mouseVisible = True
52.4518 	EXP 	window1: mouseVisible = True
52.4519 	EXP 	window1: mouseVisible = True
52.4519 	EXP 	window1: mouseVisible = True
52.4519 	EXP 	window1: mouseVisible = True
52.4520 	EXP 	window1: mouseVisible = True
52.4520 	EXP 	window1: mouseVisible = True
52.4520 	EXP 	window1: mouseVisible = True
52.4520 	EXP 	window1: mouseVisible = True
52.4521 	EXP 	window1: mouseVisible = True
52.4521 	EXP 	window1: mouseVisible = True
52.4521 	EXP 	window1: mouseVisible = True
52.4522 	EXP 	window1: mouseVisible = True
52.4522 	EXP 	window1: mouseVisible = True
52.4522 	EXP 	window1: mouseVisible = True
52.4523 	EXP 	window1: mouseVisible = True
52.4523 	EXP 	window1: mouseVisible = True
52.4523 	EXP 	window1: mouseVisible = True
52.4523 	EXP 	window1: mouseVisible = True
52.4524 	EXP 	window1: mouseVisible = True
52.4524 	EXP 	window1: mouseVisible = True
52.4524 	EXP 	window1: mouseVisible = True
52.4525 	EXP 	window1: mouseVisible = True
52.4525 	EXP 	window1: mouseVisible = True
52.4525 	EXP 	window1: mouseVisible = True
52.4526 	EXP 	window1: mouseVisible = True
52.4526 	EXP 	window1: mouseVisible = True
52.4526 	EXP 	window1: mouseVisible = True
52.4527 	EXP 	window1: mouseVisible = True
52.4527 	EXP 	window1: mouseVisible = True
52.4527 	EXP 	window1: mouseVisible = True
52.4527 	EXP 	window1: mouseVisible = True
52.4528 	EXP 	window1: mouseVisible = True
52.4528 	EXP 	window1: mouseVisible = True
52.4528 	EXP 	window1: mouseVisible = True
52.4529 	EXP 	window1: mouseVisible = True
52.4529 	EXP 	window1: mouseVisible = True
52.4529 	EXP 	window1: mouseVisible = True
52.4530 	EXP 	window1: mouseVisible = True
52.4530 	EXP 	window1: mouseVisible = True
52.4530 	EXP 	window1: mouseVisible = True
52.4530 	EXP 	window1: mouseVisible = True
52.4531 	EXP 	window1: mouseVisible = True
52.4531 	EXP 	window1: mouseVisible = True
52.4531 	EXP 	window1: mouseVisible = True
52.4532 	EXP 	window1: mouseVisible = True
52.4532 	EXP 	window1: mouseVisible = True
52.4532 	EXP 	window1: mouseVisible = True
52.4533 	EXP 	window1: mouseVisible = True
52.4533 	EXP 	window1: mouseVisible = True
52.4533 	EXP 	window1: mouseVisible = True
52.4533 	EXP 	window1: mouseVisible = True
52.4534 	EXP 	window1: mouseVisible = True
52.4534 	EXP 	window1: mouseVisible = True
52.4534 	EXP 	window1: mouseVisible = True
52.4535 	EXP 	window1: mouseVisible = True
52.4535 	EXP 	window1: mouseVisible = True
52.4535 	EXP 	window1: mouseVisible = True
52.4535 	EXP 	window1: mouseVisible = True
52.4536 	EXP 	window1: mouseVisible = True
52.4536 	EXP 	window1: mouseVisible = True
52.4536 	EXP 	window1: mouseVisible = True
52.4537 	EXP 	window1: mouseVisible = True
52.4537 	EXP 	window1: mouseVisible = True
52.4537 	EXP 	window1: mouseVisible = True
52.4538 	EXP 	window1: mouseVisible = True
52.4538 	EXP 	window1: mouseVisible = True
52.4538 	EXP 	window1: mouseVisible = True
52.4538 	EXP 	window1: mouseVisible = True
52.4539 	EXP 	window1: mouseVisible = True
52.4539 	EXP 	window1: mouseVisible = True
52.4539 	EXP 	window1: mouseVisible = True
52.4540 	EXP 	window1: mouseVisible = True
52.4540 	EXP 	window1: mouseVisible = True
52.4540 	EXP 	window1: mouseVisible = True
52.4541 	EXP 	window1: mouseVisible = True
52.4541 	EXP 	window1: mouseVisible = True
52.4542 	EXP 	window1: mouseVisible = True
52.4542 	EXP 	window1: mouseVisible = True
52.4542 	EXP 	window1: mouseVisible = True
52.4543 	EXP 	window1: mouseVisible = True
52.4543 	EXP 	window1: mouseVisible = True
52.4543 	EXP 	window1: mouseVisible = True
52.4543 	EXP 	window1: mouseVisible = True
52.4544 	EXP 	window1: mouseVisible = True
52.4544 	EXP 	window1: mouseVisible = True
52.4544 	EXP 	window1: mouseVisible = True
52.4545 	EXP 	window1: mouseVisible = True
52.4545 	EXP 	window1: mouseVisible = True
52.4545 	EXP 	window1: mouseVisible = True
52.4546 	EXP 	window1: mouseVisible = True
52.4546 	EXP 	window1: mouseVisible = True
52.4546 	EXP 	window1: mouseVisible = True
52.4546 	EXP 	window1: mouseVisible = True
52.4547 	EXP 	window1: mouseVisible = True
52.4547 	EXP 	window1: mouseVisible = True
52.4547 	EXP 	window1: mouseVisible = True
52.4548 	EXP 	window1: mouseVisible = True
52.4548 	EXP 	window1: mouseVisible = True
52.4548 	EXP 	window1: mouseVisible = True
52.4549 	EXP 	window1: mouseVisible = True
52.4549 	EXP 	window1: mouseVisible = True
52.4549 	EXP 	window1: mouseVisible = True
52.4549 	EXP 	window1: mouseVisible = True
52.4550 	EXP 	window1: mouseVisible = True
52.4550 	EXP 	window1: mouseVisible = True
52.4550 	EXP 	window1: mouseVisible = True
52.4551 	EXP 	window1: mouseVisible = True
52.4551 	EXP 	window1: mouseVisible = True
52.4551 	EXP 	window1: mouseVisible = True
52.4552 	EXP 	window1: mouseVisible = True
52.4552 	EXP 	window1: mouseVisible = True
52.4552 	EXP 	window1: mouseVisible = True
52.4552 	EXP 	window1: mouseVisible = True
52.4553 	EXP 	window1: mouseVisible = True
52.4553 	EXP 	window1: mouseVisible = True
52.4553 	EXP 	window1: mouseVisible = True
52.4554 	EXP 	window1: mouseVisible = True
52.4554 	EXP 	window1: mouseVisible = True
52.4554 	EXP 	window1: mouseVisible = True
52.4555 	EXP 	window1: mouseVisible = True
52.4555 	EXP 	window1: mouseVisible = True
52.4555 	EXP 	window1: mouseVisible = True
52.4556 	EXP 	window1: mouseVisible = True
52.4556 	EXP 	window1: mouseVisible = True
52.4556 	EXP 	window1: mouseVisible = True
52.4556 	EXP 	window1: mouseVisible = True
52.4557 	EXP 	window1: mouseVisible = True
52.4557 	EXP 	window1: mouseVisible = True
52.4557 	EXP 	window1: mouseVisible = True
52.4558 	EXP 	window1: mouseVisible = True
52.4558 	EXP 	window1: mouseVisible = True
52.4558 	EXP 	window1: mouseVisible = True
52.4558 	EXP 	window1: mouseVisible = True
52.4559 	EXP 	window1: mouseVisible = True
52.4559 	EXP 	window1: mouseVisible = True
52.4559 	EXP 	window1: mouseVisible = True
52.4560 	EXP 	window1: mouseVisible = True
52.4560 	EXP 	window1: mouseVisible = True
52.4560 	EXP 	window1: mouseVisible = True
52.4561 	EXP 	window1: mouseVisible = True
52.4561 	EXP 	window1: mouseVisible = True
52.4561 	EXP 	window1: mouseVisible = True
52.4561 	EXP 	window1: mouseVisible = True
52.4562 	EXP 	window1: mouseVisible = True
52.4562 	EXP 	window1: mouseVisible = True
52.4562 	EXP 	window1: mouseVisible = True
52.4563 	EXP 	window1: mouseVisible = True
52.4563 	EXP 	window1: mouseVisible = True
52.4563 	EXP 	window1: mouseVisible = True
52.4564 	EXP 	window1: mouseVisible = True
52.4564 	EXP 	window1: mouseVisible = True
52.4564 	EXP 	window1: mouseVisible = True
52.4564 	EXP 	window1: mouseVisible = True
52.4565 	EXP 	window1: mouseVisible = True
52.4565 	EXP 	window1: mouseVisible = True
52.4565 	EXP 	window1: mouseVisible = True
52.4566 	EXP 	window1: mouseVisible = True
52.4566 	EXP 	window1: mouseVisible = True
52.4566 	EXP 	window1: mouseVisible = True
52.4567 	EXP 	window1: mouseVisible = True
52.4567 	EXP 	window1: mouseVisible = True
52.4567 	EXP 	window1: mouseVisible = True
52.4567 	EXP 	window1: mouseVisible = True
52.4568 	EXP 	window1: mouseVisible = True
52.4568 	EXP 	window1: mouseVisible = True
52.4568 	EXP 	window1: mouseVisible = True
52.4569 	EXP 	window1: mouseVisible = True
52.4569 	EXP 	window1: mouseVisible = True
52.4569 	EXP 	window1: mouseVisible = True
52.4570 	EXP 	window1: mouseVisible = True
52.4570 	EXP 	window1: mouseVisible = True
52.4570 	EXP 	window1: mouseVisible = True
52.4571 	EXP 	window1: mouseVisible = True
52.4571 	EXP 	window1: mouseVisible = True
52.4571 	EXP 	window1: mouseVisible = True
52.4572 	EXP 	window1: mouseVisible = True
52.4572 	EXP 	window1: mouseVisible = True
52.4572 	EXP 	window1: mouseVisible = True
52.4572 	EXP 	window1: mouseVisible = True
52.4573 	EXP 	window1: mouseVisible = True
52.4573 	EXP 	window1: mouseVisible = True
52.4573 	EXP 	window1: mouseVisible = True
52.4574 	EXP 	window1: mouseVisible = True
52.4574 	EXP 	window1: mouseVisible = True
52.4574 	EXP 	window1: mouseVisible = True
52.4575 	EXP 	window1: mouseVisible = True
52.4575 	EXP 	window1: mouseVisible = True
52.4575 	EXP 	window1: mouseVisible = True
52.4576 	EXP 	window1: mouseVisible = True
52.4576 	EXP 	window1: mouseVisible = True
52.4576 	EXP 	window1: mouseVisible = True
52.4576 	EXP 	window1: mouseVisible = True
52.4577 	EXP 	window1: mouseVisible = True
52.4577 	EXP 	window1: mouseVisible = True
52.4577 	EXP 	window1: mouseVisible = True
52.4578 	EXP 	window1: mouseVisible = True
52.4578 	EXP 	window1: mouseVisible = True
52.4578 	EXP 	window1: mouseVisible = True
52.4579 	EXP 	window1: mouseVisible = True
52.4579 	EXP 	window1: mouseVisible = True
52.4579 	EXP 	window1: mouseVisible = True
52.4580 	EXP 	window1: mouseVisible = True
52.4580 	EXP 	window1: mouseVisible = True
52.4580 	EXP 	window1: mouseVisible = True
52.4580 	EXP 	window1: mouseVisible = True
52.4581 	EXP 	window1: mouseVisible = True
52.4581 	EXP 	window1: mouseVisible = True
52.4581 	EXP 	window1: mouseVisible = True
52.4582 	EXP 	window1: mouseVisible = True
52.4582 	EXP 	window1: mouseVisible = True
52.4582 	EXP 	window1: mouseVisible = True
52.4583 	EXP 	window1: mouseVisible = True
52.4583 	EXP 	window1: mouseVisible = True
52.4583 	EXP 	window1: mouseVisible = True
52.4584 	EXP 	window1: mouseVisible = True
52.4584 	EXP 	window1: mouseVisible = True
52.4584 	EXP 	window1: mouseVisible = True
52.4584 	EXP 	window1: mouseVisible = True
52.4585 	EXP 	window1: mouseVisible = True
52.4585 	EXP 	window1: mouseVisible = True
52.4585 	EXP 	window1: mouseVisible = True
52.4586 	EXP 	window1: mouseVisible = True
52.4586 	EXP 	window1: mouseVisible = True
52.4586 	EXP 	window1: mouseVisible = True
52.4587 	EXP 	window1: mouseVisible = True
52.4587 	EXP 	window1: mouseVisible = True
52.4587 	EXP 	window1: mouseVisible = True
52.4588 	EXP 	window1: mouseVisible = True
52.4588 	EXP 	window1: mouseVisible = True
52.4588 	EXP 	window1: mouseVisible = True
52.4588 	EXP 	window1: mouseVisible = True
52.4589 	EXP 	window1: mouseVisible = True
52.4589 	EXP 	window1: mouseVisible = True
52.4590 	EXP 	window1: mouseVisible = True
52.4590 	EXP 	window1: mouseVisible = True
52.4590 	EXP 	window1: mouseVisible = True
52.4591 	EXP 	window1: mouseVisible = True
52.4591 	EXP 	window1: mouseVisible = True
52.4591 	EXP 	window1: mouseVisible = True
52.4592 	EXP 	window1: mouseVisible = True
52.4592 	EXP 	window1: mouseVisible = True
52.4592 	EXP 	window1: mouseVisible = True
52.4593 	EXP 	window1: mouseVisible = True
52.4593 	EXP 	window1: mouseVisible = True
52.4593 	EXP 	window1: mouseVisible = True
52.4593 	EXP 	window1: mouseVisible = True
52.4594 	EXP 	window1: mouseVisible = True
52.4594 	EXP 	window1: mouseVisible = True
52.4594 	EXP 	window1: mouseVisible = True
52.4595 	EXP 	window1: mouseVisible = True
52.4595 	EXP 	window1: mouseVisible = True
52.4595 	EXP 	window1: mouseVisible = True
52.4596 	EXP 	window1: mouseVisible = True
52.4596 	EXP 	window1: mouseVisible = True
52.4596 	EXP 	window1: mouseVisible = True
52.4596 	EXP 	window1: mouseVisible = True
52.4597 	EXP 	window1: mouseVisible = True
52.4597 	EXP 	window1: mouseVisible = True
52.4597 	EXP 	window1: mouseVisible = True
52.4598 	EXP 	window1: mouseVisible = True
52.4598 	EXP 	window1: mouseVisible = True
52.4598 	EXP 	window1: mouseVisible = True
52.4599 	EXP 	window1: mouseVisible = True
52.4599 	EXP 	window1: mouseVisible = True
52.4599 	EXP 	window1: mouseVisible = True
52.4600 	EXP 	window1: mouseVisible = True
52.4600 	EXP 	window1: mouseVisible = True
52.4600 	EXP 	window1: mouseVisible = True
52.4600 	EXP 	window1: mouseVisible = True
52.4601 	EXP 	window1: mouseVisible = True
52.4601 	EXP 	window1: mouseVisible = True
52.4601 	EXP 	window1: mouseVisible = True
52.4602 	EXP 	window1: mouseVisible = True
52.4602 	EXP 	window1: mouseVisible = True
52.4602 	EXP 	window1: mouseVisible = True
52.4603 	EXP 	window1: mouseVisible = True
52.4603 	EXP 	window1: mouseVisible = True
52.4603 	EXP 	window1: mouseVisible = True
52.4603 	EXP 	window1: mouseVisible = True
52.4604 	EXP 	window1: mouseVisible = True
52.4604 	EXP 	window1: mouseVisible = True
52.4604 	EXP 	window1: mouseVisible = True
52.4605 	EXP 	window1: mouseVisible = True
52.4605 	EXP 	window1: mouseVisible = True
52.4605 	EXP 	window1: mouseVisible = True
52.4606 	EXP 	window1: mouseVisible = True
52.4606 	EXP 	window1: mouseVisible = True
52.4606 	EXP 	window1: mouseVisible = True
52.4607 	EXP 	window1: mouseVisible = True
52.4607 	EXP 	window1: mouseVisible = True
52.4607 	EXP 	window1: mouseVisible = True
52.4607 	EXP 	window1: mouseVisible = True
52.4608 	EXP 	window1: mouseVisible = True
52.4608 	EXP 	window1: mouseVisible = True
52.4608 	EXP 	window1: mouseVisible = True
52.4609 	EXP 	window1: mouseVisible = True
52.4609 	EXP 	window1: mouseVisible = True
52.4609 	EXP 	window1: mouseVisible = True
52.4610 	EXP 	window1: mouseVisible = True
52.4610 	EXP 	window1: mouseVisible = True
52.4610 	EXP 	window1: mouseVisible = True
52.4611 	EXP 	window1: mouseVisible = True
52.4611 	EXP 	window1: mouseVisible = True
52.4611 	EXP 	window1: mouseVisible = True
52.4612 	EXP 	window1: mouseVisible = True
52.4612 	EXP 	window1: mouseVisible = True
52.4612 	EXP 	window1: mouseVisible = True
52.4612 	EXP 	window1: mouseVisible = True
52.4613 	EXP 	window1: mouseVisible = True
52.4613 	EXP 	window1: mouseVisible = True
52.4613 	EXP 	window1: mouseVisible = True
52.4614 	EXP 	window1: mouseVisible = True
52.4614 	EXP 	window1: mouseVisible = True
52.4614 	EXP 	window1: mouseVisible = True
52.4615 	EXP 	window1: mouseVisible = True
52.4615 	EXP 	window1: mouseVisible = True
52.4615 	EXP 	window1: mouseVisible = True
52.4615 	EXP 	window1: mouseVisible = True
52.4616 	EXP 	window1: mouseVisible = True
52.4616 	EXP 	window1: mouseVisible = True
52.4616 	EXP 	window1: mouseVisible = True
52.4617 	EXP 	window1: mouseVisible = True
52.4617 	EXP 	window1: mouseVisible = True
52.4617 	EXP 	window1: mouseVisible = True
52.4618 	EXP 	window1: mouseVisible = True
52.4618 	EXP 	window1: mouseVisible = True
52.4618 	EXP 	window1: mouseVisible = True
52.4619 	EXP 	window1: mouseVisible = True
52.4619 	EXP 	window1: mouseVisible = True
52.4619 	EXP 	window1: mouseVisible = True
52.4619 	EXP 	window1: mouseVisible = True
52.4620 	EXP 	window1: mouseVisible = True
52.4620 	EXP 	window1: mouseVisible = True
52.4620 	EXP 	window1: mouseVisible = True
52.4621 	EXP 	window1: mouseVisible = True
52.4621 	EXP 	window1: mouseVisible = True
52.4621 	EXP 	window1: mouseVisible = True
52.4622 	EXP 	window1: mouseVisible = True
52.4622 	EXP 	window1: mouseVisible = True
52.4622 	EXP 	window1: mouseVisible = True
52.4622 	EXP 	window1: mouseVisible = True
52.4623 	EXP 	window1: mouseVisible = True
52.4623 	EXP 	window1: mouseVisible = True
52.4623 	EXP 	window1: mouseVisible = True
52.4624 	EXP 	window1: mouseVisible = True
52.4624 	EXP 	window1: mouseVisible = True
52.4624 	EXP 	window1: mouseVisible = True
52.4625 	EXP 	window1: mouseVisible = True
52.4625 	EXP 	window1: mouseVisible = True
52.4625 	EXP 	window1: mouseVisible = True
52.4626 	EXP 	window1: mouseVisible = True
52.4626 	EXP 	window1: mouseVisible = True
52.4626 	EXP 	window1: mouseVisible = True
52.4626 	EXP 	window1: mouseVisible = True
52.4627 	EXP 	window1: mouseVisible = True
52.4627 	EXP 	window1: mouseVisible = True
52.4627 	EXP 	window1: mouseVisible = True
52.4628 	EXP 	window1: mouseVisible = True
52.4628 	EXP 	window1: mouseVisible = True
52.4628 	EXP 	window1: mouseVisible = True
52.4629 	EXP 	window1: mouseVisible = True
52.4629 	EXP 	window1: mouseVisible = True
52.4629 	EXP 	window1: mouseVisible = True
52.4629 	EXP 	window1: mouseVisible = True
52.4630 	EXP 	window1: mouseVisible = True
52.4630 	EXP 	window1: mouseVisible = True
52.4630 	EXP 	window1: mouseVisible = True
52.4631 	EXP 	window1: mouseVisible = True
52.4631 	EXP 	window1: mouseVisible = True
52.4631 	EXP 	window1: mouseVisible = True
52.4632 	EXP 	window1: mouseVisible = True
52.4632 	EXP 	window1: mouseVisible = True
52.4632 	EXP 	window1: mouseVisible = True
52.4633 	EXP 	window1: mouseVisible = True
52.4633 	EXP 	window1: mouseVisible = True
52.4633 	EXP 	window1: mouseVisible = True
52.4633 	EXP 	window1: mouseVisible = True
52.4634 	EXP 	window1: mouseVisible = True
52.4634 	EXP 	window1: mouseVisible = True
52.4634 	EXP 	window1: mouseVisible = True
52.4635 	EXP 	window1: mouseVisible = True
52.4635 	EXP 	window1: mouseVisible = True
52.4635 	EXP 	window1: mouseVisible = True
52.4636 	EXP 	window1: mouseVisible = True
52.4636 	EXP 	window1: mouseVisible = True
52.4636 	EXP 	window1: mouseVisible = True
52.4637 	EXP 	window1: mouseVisible = True
52.4637 	EXP 	window1: mouseVisible = True
52.4637 	EXP 	window1: mouseVisible = True
52.4638 	EXP 	window1: mouseVisible = True
52.4638 	EXP 	window1: mouseVisible = True
52.4638 	EXP 	window1: mouseVisible = True
52.4639 	EXP 	window1: mouseVisible = True
52.4639 	EXP 	window1: mouseVisible = True
52.4639 	EXP 	window1: mouseVisible = True
52.4640 	EXP 	window1: mouseVisible = True
52.4640 	EXP 	window1: mouseVisible = True
52.4640 	EXP 	window1: mouseVisible = True
52.4641 	EXP 	window1: mouseVisible = True
52.4641 	EXP 	window1: mouseVisible = True
52.4641 	EXP 	window1: mouseVisible = True
52.4641 	EXP 	window1: mouseVisible = True
52.4642 	EXP 	window1: mouseVisible = True
52.4642 	EXP 	window1: mouseVisible = True
52.4642 	EXP 	window1: mouseVisible = True
52.4643 	EXP 	window1: mouseVisible = True
52.4643 	EXP 	window1: mouseVisible = True
52.4643 	EXP 	window1: mouseVisible = True
52.4644 	EXP 	window1: mouseVisible = True
52.4644 	EXP 	window1: mouseVisible = True
52.4644 	EXP 	window1: mouseVisible = True
52.4645 	EXP 	window1: mouseVisible = True
52.4645 	EXP 	window1: mouseVisible = True
52.4645 	EXP 	window1: mouseVisible = True
52.4645 	EXP 	window1: mouseVisible = True
52.4646 	EXP 	window1: mouseVisible = True
52.4646 	EXP 	window1: mouseVisible = True
52.4646 	EXP 	window1: mouseVisible = True
52.4647 	EXP 	window1: mouseVisible = True
52.4647 	EXP 	window1: mouseVisible = True
52.4647 	EXP 	window1: mouseVisible = True
52.4648 	EXP 	window1: mouseVisible = True
52.4648 	EXP 	window1: mouseVisible = True
52.4648 	EXP 	window1: mouseVisible = True
52.4648 	EXP 	window1: mouseVisible = True
52.4649 	EXP 	window1: mouseVisible = True
52.4649 	EXP 	window1: mouseVisible = True
52.4649 	EXP 	window1: mouseVisible = True
52.4650 	EXP 	window1: mouseVisible = True
52.4650 	EXP 	window1: mouseVisible = True
52.4650 	EXP 	window1: mouseVisible = True
52.4651 	EXP 	window1: mouseVisible = True
52.4651 	EXP 	window1: mouseVisible = True
52.4651 	EXP 	window1: mouseVisible = True
52.4652 	EXP 	window1: mouseVisible = True
52.4652 	EXP 	window1: mouseVisible = True
52.4652 	EXP 	window1: mouseVisible = True
52.4652 	EXP 	window1: mouseVisible = True
52.4653 	EXP 	window1: mouseVisible = True
52.4653 	EXP 	window1: mouseVisible = True
52.4653 	EXP 	window1: mouseVisible = True
52.4654 	EXP 	window1: mouseVisible = True
52.4654 	EXP 	window1: mouseVisible = True
52.4654 	EXP 	window1: mouseVisible = True
52.4655 	EXP 	window1: mouseVisible = True
52.4655 	EXP 	window1: mouseVisible = True
52.4655 	EXP 	window1: mouseVisible = True
52.4656 	EXP 	window1: mouseVisible = True
52.4656 	EXP 	window1: mouseVisible = True
52.4656 	EXP 	window1: mouseVisible = True
52.4656 	EXP 	window1: mouseVisible = True
52.4657 	EXP 	window1: mouseVisible = True
52.4657 	EXP 	window1: mouseVisible = True
52.4657 	EXP 	window1: mouseVisible = True
52.4658 	EXP 	window1: mouseVisible = True
52.4658 	EXP 	window1: mouseVisible = True
52.4658 	EXP 	window1: mouseVisible = True
52.4659 	EXP 	window1: mouseVisible = True
52.4659 	EXP 	window1: mouseVisible = True
52.4659 	EXP 	window1: mouseVisible = True
52.4660 	EXP 	window1: mouseVisible = True
52.4660 	EXP 	window1: mouseVisible = True
52.4660 	EXP 	window1: mouseVisible = True
52.4660 	EXP 	window1: mouseVisible = True
52.4661 	EXP 	window1: mouseVisible = True
52.4661 	EXP 	window1: mouseVisible = True
52.4661 	EXP 	window1: mouseVisible = True
52.4662 	EXP 	window1: mouseVisible = True
52.4662 	EXP 	window1: mouseVisible = True
52.4662 	EXP 	window1: mouseVisible = True
52.4663 	EXP 	window1: mouseVisible = True
52.4663 	EXP 	window1: mouseVisible = True
52.4663 	EXP 	window1: mouseVisible = True
52.4663 	EXP 	window1: mouseVisible = True
52.4664 	EXP 	window1: mouseVisible = True
52.4664 	EXP 	window1: mouseVisible = True
52.4664 	EXP 	window1: mouseVisible = True
52.4665 	EXP 	window1: mouseVisible = True
52.4665 	EXP 	window1: mouseVisible = True
52.4665 	EXP 	window1: mouseVisible = True
52.4666 	EXP 	window1: mouseVisible = True
52.4666 	EXP 	window1: mouseVisible = True
52.4666 	EXP 	window1: mouseVisible = True
52.4667 	EXP 	window1: mouseVisible = True
52.4667 	EXP 	window1: mouseVisible = True
52.4667 	EXP 	window1: mouseVisible = True
52.4667 	EXP 	window1: mouseVisible = True
52.4668 	EXP 	window1: mouseVisible = True
52.4668 	EXP 	window1: mouseVisible = True
52.4668 	EXP 	window1: mouseVisible = True
52.4669 	EXP 	window1: mouseVisible = True
52.4669 	EXP 	window1: mouseVisible = True
52.4669 	EXP 	window1: mouseVisible = True
52.4670 	EXP 	window1: mouseVisible = True
52.4670 	EXP 	window1: mouseVisible = True
52.4670 	EXP 	window1: mouseVisible = True
52.4671 	EXP 	window1: mouseVisible = True
52.4671 	EXP 	window1: mouseVisible = True
52.4671 	EXP 	window1: mouseVisible = True
52.4671 	EXP 	window1: mouseVisible = True
52.4672 	EXP 	window1: mouseVisible = True
52.4672 	EXP 	window1: mouseVisible = True
52.4672 	EXP 	window1: mouseVisible = True
52.4673 	EXP 	window1: mouseVisible = True
52.4673 	EXP 	window1: mouseVisible = True
52.4673 	EXP 	window1: mouseVisible = True
52.4674 	EXP 	window1: mouseVisible = True
52.4674 	EXP 	window1: mouseVisible = True
52.4674 	EXP 	window1: mouseVisible = True
52.4675 	EXP 	window1: mouseVisible = True
52.4675 	EXP 	window1: mouseVisible = True
52.4675 	EXP 	window1: mouseVisible = True
52.4675 	EXP 	window1: mouseVisible = True
52.4676 	EXP 	window1: mouseVisible = True
52.4676 	EXP 	window1: mouseVisible = True
52.4676 	EXP 	window1: mouseVisible = True
52.4677 	EXP 	window1: mouseVisible = True
52.4677 	EXP 	window1: mouseVisible = True
52.4677 	EXP 	window1: mouseVisible = True
52.4678 	EXP 	window1: mouseVisible = True
52.4678 	EXP 	window1: mouseVisible = True
52.4678 	EXP 	window1: mouseVisible = True
52.4679 	EXP 	window1: mouseVisible = True
52.4679 	EXP 	window1: mouseVisible = True
52.4679 	EXP 	window1: mouseVisible = True
52.4679 	EXP 	window1: mouseVisible = True
52.4680 	EXP 	window1: mouseVisible = True
52.4680 	EXP 	window1: mouseVisible = True
52.4680 	EXP 	window1: mouseVisible = True
52.4681 	EXP 	window1: mouseVisible = True
52.4681 	EXP 	window1: mouseVisible = True
52.4681 	EXP 	window1: mouseVisible = True
52.4682 	EXP 	window1: mouseVisible = True
52.4682 	EXP 	window1: mouseVisible = True
52.4682 	EXP 	window1: mouseVisible = True
52.4682 	EXP 	window1: mouseVisible = True
52.4683 	EXP 	window1: mouseVisible = True
52.4683 	EXP 	window1: mouseVisible = True
52.4683 	EXP 	window1: mouseVisible = True
52.4684 	EXP 	window1: mouseVisible = True
52.4684 	EXP 	window1: mouseVisible = True
52.4684 	EXP 	window1: mouseVisible = True
52.4685 	EXP 	window1: mouseVisible = True
52.4685 	EXP 	window1: mouseVisible = True
52.4686 	EXP 	window1: mouseVisible = True
52.4686 	EXP 	window1: mouseVisible = True
52.4686 	EXP 	window1: mouseVisible = True
52.4687 	EXP 	window1: mouseVisible = True
52.4687 	EXP 	window1: mouseVisible = True
52.4687 	EXP 	window1: mouseVisible = True
52.4688 	EXP 	window1: mouseVisible = True
52.4688 	EXP 	window1: mouseVisible = True
52.4688 	EXP 	window1: mouseVisible = True
52.4689 	EXP 	window1: mouseVisible = True
52.4689 	EXP 	window1: mouseVisible = True
52.4689 	EXP 	window1: mouseVisible = True
52.4689 	EXP 	window1: mouseVisible = True
52.4690 	EXP 	window1: mouseVisible = True
52.4690 	EXP 	window1: mouseVisible = True
52.4691 	EXP 	window1: mouseVisible = True
52.4691 	EXP 	window1: mouseVisible = True
52.4691 	EXP 	window1: mouseVisible = True
52.4692 	EXP 	window1: mouseVisible = True
52.4692 	EXP 	window1: mouseVisible = True
52.4692 	EXP 	window1: mouseVisible = True
52.4693 	EXP 	window1: mouseVisible = True
52.4693 	EXP 	window1: mouseVisible = True
52.4693 	EXP 	window1: mouseVisible = True
52.4694 	EXP 	window1: mouseVisible = True
52.4694 	EXP 	window1: mouseVisible = True
52.4694 	EXP 	window1: mouseVisible = True
52.4695 	EXP 	window1: mouseVisible = True
52.4695 	EXP 	window1: mouseVisible = True
52.4695 	EXP 	window1: mouseVisible = True
52.4696 	EXP 	window1: mouseVisible = True
52.4696 	EXP 	window1: mouseVisible = True
52.4696 	EXP 	window1: mouseVisible = True
52.4696 	EXP 	window1: mouseVisible = True
52.4697 	EXP 	window1: mouseVisible = True
52.4697 	EXP 	window1: mouseVisible = True
52.4697 	EXP 	window1: mouseVisible = True
52.4698 	EXP 	window1: mouseVisible = True
52.4698 	EXP 	window1: mouseVisible = True
52.4698 	EXP 	window1: mouseVisible = True
52.4699 	EXP 	window1: mouseVisible = True
52.4699 	EXP 	window1: mouseVisible = True
52.4699 	EXP 	window1: mouseVisible = True
52.4700 	EXP 	window1: mouseVisible = True
52.4700 	EXP 	window1: mouseVisible = True
52.4700 	EXP 	window1: mouseVisible = True
52.4700 	EXP 	window1: mouseVisible = True
52.4701 	EXP 	window1: mouseVisible = True
52.4701 	EXP 	window1: mouseVisible = True
52.4701 	EXP 	window1: mouseVisible = True
52.4702 	EXP 	window1: mouseVisible = True
52.4702 	EXP 	window1: mouseVisible = True
52.4702 	EXP 	window1: mouseVisible = True
52.4703 	EXP 	window1: mouseVisible = True
52.4703 	EXP 	window1: mouseVisible = True
52.4703 	EXP 	window1: mouseVisible = True
52.4704 	EXP 	window1: mouseVisible = True
52.4704 	EXP 	window1: mouseVisible = True
52.4704 	EXP 	window1: mouseVisible = True
52.4704 	EXP 	window1: mouseVisible = True
52.4705 	EXP 	window1: mouseVisible = True
52.4705 	EXP 	window1: mouseVisible = True
52.4705 	EXP 	window1: mouseVisible = True
52.4706 	EXP 	window1: mouseVisible = True
52.4706 	EXP 	window1: mouseVisible = True
52.4706 	EXP 	window1: mouseVisible = True
52.4707 	EXP 	window1: mouseVisible = True
52.4707 	EXP 	window1: mouseVisible = True
52.4707 	EXP 	window1: mouseVisible = True
52.4708 	EXP 	window1: mouseVisible = True
52.4708 	EXP 	window1: mouseVisible = True
52.4708 	EXP 	window1: mouseVisible = True
52.4708 	EXP 	window1: mouseVisible = True
52.4709 	EXP 	window1: mouseVisible = True
52.4709 	EXP 	window1: mouseVisible = True
52.4709 	EXP 	window1: mouseVisible = True
52.4710 	EXP 	window1: mouseVisible = True
52.4710 	EXP 	window1: mouseVisible = True
52.4710 	EXP 	window1: mouseVisible = True
52.4711 	EXP 	window1: mouseVisible = True
52.4711 	EXP 	window1: mouseVisible = True
52.4711 	EXP 	window1: mouseVisible = True
52.4712 	EXP 	window1: mouseVisible = True
52.4712 	EXP 	window1: mouseVisible = True
52.4712 	EXP 	window1: mouseVisible = True
52.4712 	EXP 	window1: mouseVisible = True
52.4713 	EXP 	window1: mouseVisible = True
52.4713 	EXP 	window1: mouseVisible = True
52.4713 	EXP 	window1: mouseVisible = True
52.4714 	EXP 	window1: mouseVisible = True
52.4714 	EXP 	window1: mouseVisible = True
52.4714 	EXP 	window1: mouseVisible = True
52.4715 	EXP 	window1: mouseVisible = True
52.4715 	EXP 	window1: mouseVisible = True
52.4715 	EXP 	window1: mouseVisible = True
52.4716 	EXP 	window1: mouseVisible = True
52.4716 	EXP 	window1: mouseVisible = True
52.4716 	EXP 	window1: mouseVisible = True
52.4716 	EXP 	window1: mouseVisible = True
52.4717 	EXP 	window1: mouseVisible = True
52.4717 	EXP 	window1: mouseVisible = True
52.4717 	EXP 	window1: mouseVisible = True
52.4718 	EXP 	window1: mouseVisible = True
52.4718 	EXP 	window1: mouseVisible = True
52.4718 	EXP 	window1: mouseVisible = True
52.4719 	EXP 	window1: mouseVisible = True
52.4719 	EXP 	window1: mouseVisible = True
52.4719 	EXP 	window1: mouseVisible = True
52.4719 	EXP 	window1: mouseVisible = True
52.4720 	EXP 	window1: mouseVisible = True
52.4720 	EXP 	window1: mouseVisible = True
52.4720 	EXP 	window1: mouseVisible = True
52.4721 	EXP 	window1: mouseVisible = True
52.4721 	EXP 	window1: mouseVisible = True
52.4721 	EXP 	window1: mouseVisible = True
52.4722 	EXP 	window1: mouseVisible = True
52.4722 	EXP 	window1: mouseVisible = True
52.4722 	EXP 	window1: mouseVisible = True
52.4723 	EXP 	window1: mouseVisible = True
52.4723 	EXP 	window1: mouseVisible = True
52.4723 	EXP 	window1: mouseVisible = True
52.4723 	EXP 	window1: mouseVisible = True
52.4724 	EXP 	window1: mouseVisible = True
52.4724 	EXP 	window1: mouseVisible = True
52.4724 	EXP 	window1: mouseVisible = True
52.4725 	EXP 	window1: mouseVisible = True
52.4725 	EXP 	window1: mouseVisible = True
52.4725 	EXP 	window1: mouseVisible = True
52.4726 	EXP 	window1: mouseVisible = True
52.4726 	EXP 	window1: mouseVisible = True
52.4726 	EXP 	window1: mouseVisible = True
52.4727 	EXP 	window1: mouseVisible = True
52.4727 	EXP 	window1: mouseVisible = True
52.4728 	EXP 	window1: mouseVisible = True
52.4728 	EXP 	window1: mouseVisible = True
52.4728 	EXP 	window1: mouseVisible = True
52.4729 	EXP 	window1: mouseVisible = True
52.4729 	EXP 	window1: mouseVisible = True
52.4729 	EXP 	window1: mouseVisible = True
52.4729 	EXP 	window1: mouseVisible = True
52.4730 	EXP 	window1: mouseVisible = True
52.4730 	EXP 	window1: mouseVisible = True
52.4730 	EXP 	window1: mouseVisible = True
52.4731 	EXP 	window1: mouseVisible = True
52.4731 	EXP 	window1: mouseVisible = True
52.4731 	EXP 	window1: mouseVisible = True
52.4732 	EXP 	window1: mouseVisible = True
52.4732 	EXP 	window1: mouseVisible = True
52.4732 	EXP 	window1: mouseVisible = True
52.4733 	EXP 	window1: mouseVisible = True
52.4733 	EXP 	window1: mouseVisible = True
52.4733 	EXP 	window1: mouseVisible = True
52.4733 	EXP 	window1: mouseVisible = True
52.4734 	EXP 	window1: mouseVisible = True
52.4734 	EXP 	window1: mouseVisible = True
52.4735 	EXP 	window1: mouseVisible = True
52.4735 	EXP 	window1: mouseVisible = True
52.4735 	EXP 	window1: mouseVisible = True
52.4736 	EXP 	window1: mouseVisible = True
52.4736 	EXP 	window1: mouseVisible = True
52.4736 	EXP 	window1: mouseVisible = True
52.4737 	EXP 	window1: mouseVisible = True
52.4737 	EXP 	window1: mouseVisible = True
52.4737 	EXP 	window1: mouseVisible = True
52.4737 	EXP 	window1: mouseVisible = True
52.4738 	EXP 	window1: mouseVisible = True
52.4738 	EXP 	window1: mouseVisible = True
52.4738 	EXP 	window1: mouseVisible = True
52.4739 	EXP 	window1: mouseVisible = True
52.4739 	EXP 	window1: mouseVisible = True
52.4739 	EXP 	window1: mouseVisible = True
52.4740 	EXP 	window1: mouseVisible = True
52.4740 	EXP 	window1: mouseVisible = True
52.4740 	EXP 	window1: mouseVisible = True
52.4741 	EXP 	window1: mouseVisible = True
52.4741 	EXP 	window1: mouseVisible = True
52.4741 	EXP 	window1: mouseVisible = True
52.4741 	EXP 	window1: mouseVisible = True
52.4742 	EXP 	window1: mouseVisible = True
52.4742 	EXP 	window1: mouseVisible = True
52.4742 	EXP 	window1: mouseVisible = True
52.4743 	EXP 	window1: mouseVisible = True
52.4743 	EXP 	window1: mouseVisible = True
52.4743 	EXP 	window1: mouseVisible = True
52.4744 	EXP 	window1: mouseVisible = True
52.4744 	EXP 	window1: mouseVisible = True
52.4744 	EXP 	window1: mouseVisible = True
52.4745 	EXP 	window1: mouseVisible = True
52.4745 	EXP 	window1: mouseVisible = True
52.4745 	EXP 	window1: mouseVisible = True
52.4745 	EXP 	window1: mouseVisible = True
52.4746 	EXP 	window1: mouseVisible = True
52.4746 	EXP 	window1: mouseVisible = True
52.4746 	EXP 	window1: mouseVisible = True
52.4747 	EXP 	window1: mouseVisible = True
52.4747 	EXP 	window1: mouseVisible = True
52.4747 	EXP 	window1: mouseVisible = True
52.4748 	EXP 	window1: mouseVisible = True
52.4748 	EXP 	window1: mouseVisible = True
52.4748 	EXP 	window1: mouseVisible = True
52.4748 	EXP 	window1: mouseVisible = True
52.4749 	EXP 	window1: mouseVisible = True
52.4749 	EXP 	window1: mouseVisible = True
52.4749 	EXP 	window1: mouseVisible = True
52.4750 	EXP 	window1: mouseVisible = True
52.4750 	EXP 	window1: mouseVisible = True
52.4750 	EXP 	window1: mouseVisible = True
52.4751 	EXP 	window1: mouseVisible = True
52.4751 	EXP 	window1: mouseVisible = True
52.4751 	EXP 	window1: mouseVisible = True
52.4752 	EXP 	window1: mouseVisible = True
52.4752 	EXP 	window1: mouseVisible = True
52.4752 	EXP 	window1: mouseVisible = True
52.4752 	EXP 	window1: mouseVisible = True
52.4753 	EXP 	window1: mouseVisible = True
52.4753 	EXP 	window1: mouseVisible = True
52.4753 	EXP 	window1: mouseVisible = True
52.4754 	EXP 	window1: mouseVisible = True
52.4754 	EXP 	window1: mouseVisible = True
52.4754 	EXP 	window1: mouseVisible = True
52.4755 	EXP 	window1: mouseVisible = True
52.4755 	EXP 	window1: mouseVisible = True
52.4755 	EXP 	window1: mouseVisible = True
52.4756 	EXP 	window1: mouseVisible = True
52.4756 	EXP 	window1: mouseVisible = True
52.4756 	EXP 	window1: mouseVisible = True
52.4756 	EXP 	window1: mouseVisible = True
52.4757 	EXP 	window1: mouseVisible = True
52.4757 	EXP 	window1: mouseVisible = True
52.4757 	EXP 	window1: mouseVisible = True
52.4758 	EXP 	window1: mouseVisible = True
52.4758 	EXP 	window1: mouseVisible = True
52.4758 	EXP 	window1: mouseVisible = True
52.4759 	EXP 	window1: mouseVisible = True
52.4759 	EXP 	window1: mouseVisible = True
52.4759 	EXP 	window1: mouseVisible = True
52.4760 	EXP 	window1: mouseVisible = True
52.4760 	EXP 	window1: mouseVisible = True
52.4760 	EXP 	window1: mouseVisible = True
52.4760 	EXP 	window1: mouseVisible = True
52.4761 	EXP 	window1: mouseVisible = True
52.4761 	EXP 	window1: mouseVisible = True
52.4761 	EXP 	window1: mouseVisible = True
52.4762 	EXP 	window1: mouseVisible = True
52.4762 	EXP 	window1: mouseVisible = True
52.4762 	EXP 	window1: mouseVisible = True
52.4763 	EXP 	window1: mouseVisible = True
52.4763 	EXP 	window1: mouseVisible = True
52.4763 	EXP 	window1: mouseVisible = True
52.4763 	EXP 	window1: mouseVisible = True
52.4764 	EXP 	window1: mouseVisible = True
52.4764 	EXP 	window1: mouseVisible = True
52.4764 	EXP 	window1: mouseVisible = True
52.4765 	EXP 	window1: mouseVisible = True
52.4765 	EXP 	window1: mouseVisible = True
52.4765 	EXP 	window1: mouseVisible = True
52.4766 	EXP 	window1: mouseVisible = True
52.4766 	EXP 	window1: mouseVisible = True
52.4766 	EXP 	window1: mouseVisible = True
52.4766 	EXP 	window1: mouseVisible = True
52.4767 	EXP 	window1: mouseVisible = True
52.4767 	EXP 	window1: mouseVisible = True
52.4767 	EXP 	window1: mouseVisible = True
52.4768 	EXP 	window1: mouseVisible = True
52.4768 	EXP 	window1: mouseVisible = True
52.4768 	EXP 	window1: mouseVisible = True
52.4769 	EXP 	window1: mouseVisible = True
52.4769 	EXP 	window1: mouseVisible = True
52.4769 	EXP 	window1: mouseVisible = True
52.4770 	EXP 	window1: mouseVisible = True
52.4770 	EXP 	window1: mouseVisible = True
52.4770 	EXP 	window1: mouseVisible = True
52.4770 	EXP 	window1: mouseVisible = True
52.4771 	EXP 	window1: mouseVisible = True
52.4771 	EXP 	window1: mouseVisible = True
52.4771 	EXP 	window1: mouseVisible = True
52.4772 	EXP 	window1: mouseVisible = True
52.4772 	EXP 	window1: mouseVisible = True
52.4772 	EXP 	window1: mouseVisible = True
52.4773 	EXP 	window1: mouseVisible = True
52.4773 	EXP 	window1: mouseVisible = True
52.4773 	EXP 	window1: mouseVisible = True
52.4774 	EXP 	window1: mouseVisible = True
52.4774 	EXP 	window1: mouseVisible = True
52.4774 	EXP 	window1: mouseVisible = True
52.4774 	EXP 	window1: mouseVisible = True
52.4775 	EXP 	window1: mouseVisible = True
52.4775 	EXP 	window1: mouseVisible = True
52.4775 	EXP 	window1: mouseVisible = True
52.4776 	EXP 	window1: mouseVisible = True
52.4776 	EXP 	window1: mouseVisible = True
52.4776 	EXP 	window1: mouseVisible = True
52.4777 	EXP 	window1: mouseVisible = True
52.4777 	EXP 	window1: mouseVisible = True
52.4777 	EXP 	window1: mouseVisible = True
52.4778 	EXP 	window1: mouseVisible = True
52.4778 	EXP 	window1: mouseVisible = True
52.4778 	EXP 	window1: mouseVisible = True
52.4778 	EXP 	window1: mouseVisible = True
52.4779 	EXP 	window1: mouseVisible = True
52.4779 	EXP 	window1: mouseVisible = True
52.4779 	EXP 	window1: mouseVisible = True
52.4780 	EXP 	window1: mouseVisible = True
52.4780 	EXP 	window1: mouseVisible = True
52.4780 	EXP 	window1: mouseVisible = True
52.4781 	EXP 	window1: mouseVisible = True
52.4781 	EXP 	window1: mouseVisible = True
52.4781 	EXP 	window1: mouseVisible = True
52.4782 	EXP 	window1: mouseVisible = True
52.4782 	EXP 	window1: mouseVisible = True
52.4782 	EXP 	window1: mouseVisible = True
52.4783 	EXP 	window1: mouseVisible = True
52.4783 	EXP 	window1: mouseVisible = True
52.4783 	EXP 	window1: mouseVisible = True
52.4784 	EXP 	window1: mouseVisible = True
52.4784 	EXP 	window1: mouseVisible = True
52.4784 	EXP 	window1: mouseVisible = True
52.4785 	EXP 	window1: mouseVisible = True
52.4785 	EXP 	window1: mouseVisible = True
52.4785 	EXP 	window1: mouseVisible = True
52.4786 	EXP 	window1: mouseVisible = True
52.4786 	EXP 	window1: mouseVisible = True
52.4786 	EXP 	window1: mouseVisible = True
52.4787 	EXP 	window1: mouseVisible = True
52.4787 	EXP 	window1: mouseVisible = True
52.4787 	EXP 	window1: mouseVisible = True
52.4787 	EXP 	window1: mouseVisible = True
52.4788 	EXP 	window1: mouseVisible = True
52.4788 	EXP 	window1: mouseVisible = True
52.4788 	EXP 	window1: mouseVisible = True
52.4789 	EXP 	window1: mouseVisible = True
52.4789 	EXP 	window1: mouseVisible = True
52.4789 	EXP 	window1: mouseVisible = True
52.4790 	EXP 	window1: mouseVisible = True
52.4790 	EXP 	window1: mouseVisible = True
52.4790 	EXP 	window1: mouseVisible = True
52.4791 	EXP 	window1: mouseVisible = True
52.4791 	EXP 	window1: mouseVisible = True
52.4791 	EXP 	window1: mouseVisible = True
52.4791 	EXP 	window1: mouseVisible = True
52.4792 	EXP 	window1: mouseVisible = True
52.4792 	EXP 	window1: mouseVisible = True
52.4792 	EXP 	window1: mouseVisible = True
52.4793 	EXP 	window1: mouseVisible = True
52.4793 	EXP 	window1: mouseVisible = True
52.4793 	EXP 	window1: mouseVisible = True
52.4794 	EXP 	window1: mouseVisible = True
52.4794 	EXP 	window1: mouseVisible = True
52.4794 	EXP 	window1: mouseVisible = True
52.4795 	EXP 	window1: mouseVisible = True
52.4795 	EXP 	window1: mouseVisible = True
52.4795 	EXP 	window1: mouseVisible = True
52.4796 	EXP 	window1: mouseVisible = True
52.4796 	EXP 	window1: mouseVisible = True
52.4796 	EXP 	window1: mouseVisible = True
52.4796 	EXP 	window1: mouseVisible = True
52.4797 	EXP 	window1: mouseVisible = True
52.4797 	EXP 	window1: mouseVisible = True
52.4797 	EXP 	window1: mouseVisible = True
52.4798 	EXP 	window1: mouseVisible = True
52.4798 	EXP 	window1: mouseVisible = True
52.4798 	EXP 	window1: mouseVisible = True
52.4799 	EXP 	window1: mouseVisible = True
52.4799 	EXP 	window1: mouseVisible = True
52.4799 	EXP 	window1: mouseVisible = True
52.4800 	EXP 	window1: mouseVisible = True
52.4800 	EXP 	window1: mouseVisible = True
52.4800 	EXP 	window1: mouseVisible = True
52.4801 	EXP 	window1: mouseVisible = True
52.4801 	EXP 	window1: mouseVisible = True
52.4801 	EXP 	window1: mouseVisible = True
52.4802 	EXP 	window1: mouseVisible = True
52.4802 	EXP 	window1: mouseVisible = True
52.4802 	EXP 	window1: mouseVisible = True
52.4803 	EXP 	window1: mouseVisible = True
52.4803 	EXP 	window1: mouseVisible = True
52.4803 	EXP 	window1: mouseVisible = True
52.4804 	EXP 	window1: mouseVisible = True
52.4804 	EXP 	window1: mouseVisible = True
52.4804 	EXP 	window1: mouseVisible = True
52.4805 	EXP 	window1: mouseVisible = True
52.4805 	EXP 	window1: mouseVisible = True
52.4805 	EXP 	window1: mouseVisible = True
52.4806 	EXP 	window1: mouseVisible = True
52.4806 	EXP 	window1: mouseVisible = True
52.4806 	EXP 	window1: mouseVisible = True
52.4806 	EXP 	window1: mouseVisible = True
52.4807 	EXP 	window1: mouseVisible = True
52.4807 	EXP 	window1: mouseVisible = True
52.4807 	EXP 	window1: mouseVisible = True
52.4808 	EXP 	window1: mouseVisible = True
52.4808 	EXP 	window1: mouseVisible = True
52.4808 	EXP 	window1: mouseVisible = True
52.4809 	EXP 	window1: mouseVisible = True
52.4809 	EXP 	window1: mouseVisible = True
52.4809 	EXP 	window1: mouseVisible = True
52.4810 	EXP 	window1: mouseVisible = True
52.4810 	EXP 	window1: mouseVisible = True
52.4810 	EXP 	window1: mouseVisible = True
52.4811 	EXP 	window1: mouseVisible = True
52.4811 	EXP 	window1: mouseVisible = True
52.4811 	EXP 	window1: mouseVisible = True
52.4811 	EXP 	window1: mouseVisible = True
52.4812 	EXP 	window1: mouseVisible = True
52.4812 	EXP 	window1: mouseVisible = True
52.4812 	EXP 	window1: mouseVisible = True
52.4813 	EXP 	window1: mouseVisible = True
52.4813 	EXP 	window1: mouseVisible = True
52.4813 	EXP 	window1: mouseVisible = True
52.4814 	EXP 	window1: mouseVisible = True
52.4814 	EXP 	window1: mouseVisible = True
52.4814 	EXP 	window1: mouseVisible = True
52.4815 	EXP 	window1: mouseVisible = True
52.4815 	EXP 	window1: mouseVisible = True
52.4815 	EXP 	window1: mouseVisible = True
52.4816 	EXP 	window1: mouseVisible = True
52.4816 	EXP 	window1: mouseVisible = True
52.4816 	EXP 	window1: mouseVisible = True
52.4816 	EXP 	window1: mouseVisible = True
52.4817 	EXP 	window1: mouseVisible = True
