7.1668 	WARNING 	Monitor specification not found. Creating a temporary one...
7.1883 	WARNING 	User requested fullscreen with size [800 600], but screen is actually [1280, 1024]. Using actual size
7.7057 	EXP 	Created window1 = Window(allowGUI=True, allowStencil=False, autoLog=True, backendConf=UNKNOWN, bitsMode=UNKNOWN, blendMode='avg', bpc=(8, 8, 8), color=array([0, 0, 0]), colorSpace='rgb', depthBits=8, fullscr=<method-wrapper '__getattribute__' of attributeSetter object at 0x000001CA25BC7C40>, gamma=None, gammaErrorPolicy='raise', lms=UNKNOWN, monitor=<psychopy.monitors.calibTools.Monitor object at 0x000001CA261BE3D0>, multiSample=False, name='window1', numSamples=2, pos=(0, 0), screen=0, size=array([1280, 1024]), stencilBits=0, stereo=False, units='pix', useFBO=False, useRetina=False, viewOri=0.0, viewPos=None, viewScale=None, waitBlanking=True, winType='pyglet')
7.7057 	EXP 	window1: mouseVisible = True
7.7061 	EXP 	window1: mouseVisible = False
9.5389 	DATA 	Keypress: space
10.3204 	DATA 	Keypress: o
10.3212 	EXP 	window1: units = 'pix'
10.3578 	WARNING 	User requested fullscreen with size [1280  720], but screen is actually [1280, 1024]. Using actual size
10.7731 	EXP 	Created window1 = Window(allowGUI=False, allowStencil=False, autoLog=True, backendConf=UNKNOWN, bitsMode=UNKNOWN, blendMode='avg', bpc=(8, 8, 8), color=array([0, 0, 0]), colorSpace='rgb', depthBits=8, fullscr=<method-wrapper '__getattribute__' of attributeSetter object at 0x000001CA25BC7C40>, gamma=None, gammaErrorPolicy='raise', lms=UNKNOWN, monitor=<psychopy.monitors.calibTools.Monitor object at 0x000001CA2C8E5D90>, multiSample=False, name='window1', numSamples=2, pos=(0, 0), screen=0, size=array([1280, 1024]), stencilBits=0, stereo=False, units='height', useFBO=True, useRetina=False, viewOri=0.0, viewPos=None, viewScale=None, waitBlanking=True, winType='pyglet')
10.7733 	EXP 	window1: mouseVisible = True
10.7733 	EXP 	window1: Attempting to measure frame rate of screen (0) ...
10.7733 	EXP 	window1: recordFrameIntervals = False
10.9395 	EXP 	window1: recordFrameIntervals = True
11.1229 	EXP 	Screen (0) actual frame rate measured at 59.93Hz
11.1229 	EXP 	window1: recordFrameIntervals = False
11.3122 	EXP 	Created Instructions = TextStim(__class__=<class 'psychopy.visual.text.TextStim'>, alignHoriz=method-wrapper(...), alignText='center', alignVert=method-wrapper(...), anchorHoriz='center', anchorVert='center', antialias=True, autoDraw=False, autoLog=True, bold=False, color=array([1, 1, 1]), colorSpace='rgb', contrast=1.0, depth=0.0, flipHoriz=False, flipVert=False, font='Arial', fontFiles=[], height=0.03, italic=False, languageStyle='LTR', name='Instructions', opacity=1.0, ori=0, pos=array([0., 0.]), rgb=UNKNOWN, text=str(...), units='height', win=Window(...), wrapWidth=1)
11.3160 	EXP 	Created Triplet1 = ImageStim(__class__=<class 'psychopy.visual.image.ImageStim'>, anchor=('center', 'center'), autoLog=True, color=array([1, 1, 1]), colorSpace='rgb', contrast=1.0, depth=-1.0, flipHoriz=False, flipVert=False, image='sin', interpolate=True, mask=None, maskParams=None, name='Triplet1', opacity=1.0, ori=0.0, pos=array([0., 0.]), size=array([0.25, 0.25]), texRes=128, units='height', win=Window(...))
11.3205 	EXP 	Created Triplet2 = ImageStim(__class__=<class 'psychopy.visual.image.ImageStim'>, anchor=('center', 'center'), autoLog=True, color=array([1, 1, 1]), colorSpace='rgb', contrast=1.0, depth=-2.0, flipHoriz=False, flipVert=False, image='sin', interpolate=True, mask=None, maskParams=None, name='Triplet2', opacity=1.0, ori=0.0, pos=array([0., 0.]), size=array([0.25, 0.25]), texRes=128, units='height', win=Window(...))
11.3260 	EXP 	Created Triplet3 = ImageStim(__class__=<class 'psychopy.visual.image.ImageStim'>, anchor=('center', 'center'), autoLog=True, color=array([1, 1, 1]), colorSpace='rgb', contrast=1.0, depth=-3.0, flipHoriz=False, flipVert=False, image='sin', interpolate=True, mask=None, maskParams=None, name='Triplet3', opacity=1.0, ori=0.0, pos=array([0., 0.]), size=array([0.25, 0.25]), texRes=128, units='height', win=Window(...))
11.3352 	EXP 	Sound sound_pop set volume 1.000
11.3443 	EXP 	Sound sound_pop2 set volume 1.000
11.3534 	EXP 	Sound sound_pop3 set volume 1.000
11.3782 	EXP 	Created fix = ImageStim(__class__=<class 'psychopy.visual.image.ImageStim'>, anchor=('center', 'center'), autoLog=True, color=array([1, 1, 1]), colorSpace='rgb', contrast=1.0, depth=0.0, flipHoriz=False, flipVert=False, image='images/fixation.png', interpolate=True, mask=None, maskParams=None, name='fix', opacity=1.0, ori=0.0, pos=array([0., 0.]), size=array([0.1 , 0.05]), texRes=128, units='height', win=Window(...))
11.4684 	EXP 	Created Mask = ImageStim(__class__=<class 'psychopy.visual.image.ImageStim'>, anchor=('center', 'center'), autoLog=True, color=array([1, 1, 1]), colorSpace='rgb', contrast=1.0, depth=0.0, flipHoriz=False, flipVert=False, image='images/Mask.png', interpolate=True, mask=None, maskParams=None, name='Mask', opacity=1.0, ori=0.0, pos=array([0., 0.]), size=array([1.5, 0.5]), texRes=128, units='height', win=Window(...))
11.4751 	EXP 	Created img1 = ImageStim(__class__=<class 'psychopy.visual.image.ImageStim'>, anchor=('center', 'center'), autoLog=True, color=array([1, 1, 1]), colorSpace='rgb', contrast=1.0, depth=-1.0, flipHoriz=False, flipVert=False, image='sin', interpolate=True, mask=None, maskParams=None, name='img1', opacity=1.0, ori=0.0, pos=array([0., 0.]), size=array([0.25, 0.25]), texRes=128, units='height', win=Window(...))
11.4794 	EXP 	Created img2 = ImageStim(__class__=<class 'psychopy.visual.image.ImageStim'>, anchor=('center', 'center'), autoLog=True, color=array([1, 1, 1]), colorSpace='rgb', contrast=1.0, depth=-2.0, flipHoriz=False, flipVert=False, image='sin', interpolate=True, mask=None, maskParams=None, name='img2', opacity=1.0, ori=0.0, pos=array([0., 0.]), size=array([0.25, 0.25]), texRes=128, units='height', win=Window(...))
11.4840 	EXP 	Created img3 = ImageStim(__class__=<class 'psychopy.visual.image.ImageStim'>, anchor=('center', 'center'), autoLog=True, color=array([1, 1, 1]), colorSpace='rgb', contrast=1.0, depth=-3.0, flipHoriz=False, flipVert=False, image='sin', interpolate=True, mask=None, maskParams=None, name='img3', opacity=1.0, ori=0.0, pos=array([0., 0.]), size=array([0.25, 0.25]), texRes=128, units='height', win=Window(...))
11.4930 	EXP 	Sound sound_pop4 set volume 1.000
11.5022 	EXP 	Sound sound_pop5 set volume 1.000
11.5114 	EXP 	Sound sound_pop6 set volume 1.000
11.5164 	EXP 	Created text_2 = TextStim(__class__=<class 'psychopy.visual.text.TextStim'>, alignHoriz=method-wrapper(...), alignText='center', alignVert=method-wrapper(...), anchorHoriz='center', anchorVert='center', antialias=True, autoDraw=False, autoLog=True, bold=False, color=array([1, 1, 1]), colorSpace='rgb', contrast=1.0, depth=0.0, flipHoriz=False, flipVert=False, font='Arial', fontFiles=[], height=0.03, italic=False, languageStyle='LTR', name='text_2', opacity=1.0, ori=0, pos=array([0., 0.]), rgb=UNKNOWN, text=str(...), units='height', win=Window(...), wrapWidth=1)
11.5190 	EXP 	Created text = TextStim(__class__=<class 'psychopy.visual.text.TextStim'>, alignHoriz=method-wrapper(...), alignText='center', alignVert=method-wrapper(...), anchorHoriz='center', anchorVert='center', antialias=True, autoDraw=False, autoLog=True, bold=False, color=array([1, 1, 1]), colorSpace='rgb', contrast=1.0, depth=-1.0, flipHoriz=False, flipVert=False, font='Arial', fontFiles=[], height=0.03, italic=False, languageStyle='LTR', name='text', opacity=1.0, ori=0, pos=array([0., 0.]), rgb=UNKNOWN, text=str(...), units='height', win=Window(...), wrapWidth=1)
11.5195 	EXP 	Created sameText = TextStim(__class__=<class 'psychopy.visual.text.TextStim'>, alignHoriz=method-wrapper(...), alignText='center', alignVert=method-wrapper(...), anchorHoriz='center', anchorVert='center', antialias=True, autoDraw=False, autoLog=True, bold=False, color=array([1, 1, 1]), colorSpace='rgb', contrast=1.0, depth=-2.0, flipHoriz=False, flipVert=False, font='Arial', fontFiles=[], height=0.03, italic=False, languageStyle='LTR', name='sameText', opacity=1.0, ori=0, pos=array([-0.2, -0.3]), rgb=UNKNOWN, text='', units='height', win=Window(...), wrapWidth=1)
11.5199 	EXP 	Created diffText = TextStim(__class__=<class 'psychopy.visual.text.TextStim'>, alignHoriz=method-wrapper(...), alignText='center', alignVert=method-wrapper(...), anchorHoriz='center', anchorVert='center', antialias=True, autoDraw=False, autoLog=True, bold=False, color=array([1, 1, 1]), colorSpace='rgb', contrast=1.0, depth=-3.0, flipHoriz=False, flipVert=False, font='Arial', fontFiles=[], height=0.03, italic=False, languageStyle='LTR', name='diffText', opacity=1.0, ori=0, pos=array([ 0.2, -0.3]), rgb=UNKNOWN, text='', units='height', win=Window(...), wrapWidth=1)
11.5208 	EXP 	Created leftCL = Rect(__class__=<class 'psychopy.visual.rect.Rect'>, anchor=('center', 'center'), autoDraw=False, autoLog=True, closeShape=True, color=method-wrapper(...), colorSpace='rgb', contrast=None, depth=-4.0, fillColor=array([1., 1., 1.]), fillColorSpace='rgb', fillRGB=array([1., 1., 1.]), interpolate=True, lineColor=array([1, 1, 1]), lineColorSpace='rgb', lineRGB=array([1, 1, 1]), lineWidth=3, name='leftCL', opacity=0.5, ori=0.0, pos=array([-0.2, -0.3]), size=array([-0.2, -0.2]), units='height', vertices=ndarray(...), win=Window(...))
11.5217 	EXP 	Created rightCL = Rect(__class__=<class 'psychopy.visual.rect.Rect'>, anchor=('center', 'center'), autoDraw=False, autoLog=True, closeShape=True, color=method-wrapper(...), colorSpace='rgb', contrast=None, depth=-5.0, fillColor=array([1., 1., 1.]), fillColorSpace='rgb', fillRGB=array([1., 1., 1.]), interpolate=True, lineColor=array([1, 1, 1]), lineColorSpace='rgb', lineRGB=array([1, 1, 1]), lineWidth=3, name='rightCL', opacity=0.5, ori=0.0, pos=array([ 0.2, -0.3]), size=array([0.2, 0.2]), units='height', vertices=ndarray(...), win=Window(...))
11.5217 	EXP 	window1: mouseVisible = True
11.5221 	EXP 	Sound clickedSound set volume 1.000
11.5258 	EXP 	Created retIMG = ImageStim(__class__=<class 'psychopy.visual.image.ImageStim'>, anchor=('center', 'center'), autoLog=True, color=array([1, 1, 1]), colorSpace='rgb', contrast=1.0, depth=-1.0, flipHoriz=False, flipVert=False, image='sin', interpolate=True, mask=None, maskParams=None, name='retIMG', opacity=1.0, ori=0.0, pos=array([0., 0.]), size=array([0.25, 0.25]), texRes=128, units='height', win=Window(...))
11.5351 	EXP 	Sound sound_pop7 set volume 1.000
11.5376 	EXP 	Created question_text = TextStim(__class__=<class 'psychopy.visual.text.TextStim'>, alignHoriz=method-wrapper(...), alignText='center', alignVert=method-wrapper(...), anchorHoriz='center', anchorVert='center', antialias=True, autoDraw=False, autoLog=True, bold=False, color=array([1, 1, 1]), colorSpace='rgb', contrast=1.0, depth=0.0, flipHoriz=False, flipVert=False, font='Arial', fontFiles=[], height=0.03, italic=False, languageStyle='LTR', name='question_text', opacity=1.0, ori=0, pos=array([0. , 0.3]), rgb=UNKNOWN, text='When did you see this object?', units='height', win=Window(...), wrapWidth=1)
11.5398 	EXP 	Created decisionQ_2 = TextStim(__class__=<class 'psychopy.visual.text.TextStim'>, alignHoriz=method-wrapper(...), alignText='center', alignVert=method-wrapper(...), anchorHoriz='center', anchorVert='center', antialias=True, autoDraw=False, autoLog=True, bold=False, color=array([1, 1, 1]), colorSpace='rgb', contrast=1.0, depth=-1.0, flipHoriz=False, flipVert=False, font='Arial', fontFiles=[], height=0.03, italic=False, languageStyle='LTR', name='decisionQ_2', opacity=1.0, ori=0, pos=array([0. , 0.3]), rgb=UNKNOWN, text='When did you see this object?', units='height', win=Window(...), wrapWidth=1)
11.5405 	EXP 	Created first_left = Rect(__class__=<class 'psychopy.visual.rect.Rect'>, anchor=('center', 'center'), autoDraw=False, autoLog=True, closeShape=True, color=method-wrapper(...), colorSpace='rgb', contrast=None, depth=-2.0, fillColor=array([1, 1, 1]), fillColorSpace='rgb', fillRGB=array([1, 1, 1]), interpolate=True, lineColor=array([1, 1, 1]), lineColorSpace='rgb', lineRGB=array([1, 1, 1]), lineWidth=3, name='first_left', opacity=0.5, ori=0.0, pos=array([0. , 0.1]), size=array([0.15, 0.15]), units='height', vertices=ndarray(...), win=Window(...))
11.5412 	EXP 	Created second_middle = Rect(__class__=<class 'psychopy.visual.rect.Rect'>, anchor=('center', 'center'), autoDraw=False, autoLog=True, closeShape=True, color=method-wrapper(...), colorSpace='rgb', contrast=None, depth=-3.0, fillColor=array([1, 1, 1]), fillColorSpace='rgb', fillRGB=array([1, 1, 1]), interpolate=True, lineColor=array([1, 1, 1]), lineColorSpace='rgb', lineRGB=array([1, 1, 1]), lineWidth=3, name='second_middle', opacity=0.5, ori=0.0, pos=array([ 0. , -0.1]), size=array([0.15, 0.15]), units='height', vertices=ndarray(...), win=Window(...))
11.5419 	EXP 	Created third_right = Rect(__class__=<class 'psychopy.visual.rect.Rect'>, anchor=('center', 'center'), autoDraw=False, autoLog=True, closeShape=True, color=method-wrapper(...), colorSpace='rgb', contrast=None, depth=-4.0, fillColor=array([1, 1, 1]), fillColorSpace='rgb', fillRGB=array([1, 1, 1]), interpolate=True, lineColor=array([1, 1, 1]), lineColorSpace='rgb', lineRGB=array([1, 1, 1]), lineWidth=3, name='third_right', opacity=0.5, ori=0.0, pos=array([ 0. , -0.3]), size=array([0.15, 0.15]), units='height', vertices=ndarray(...), win=Window(...))
11.5443 	EXP 	Created First = TextStim(__class__=<class 'psychopy.visual.text.TextStim'>, alignHoriz=method-wrapper(...), alignText='center', alignVert=method-wrapper(...), anchorHoriz='center', anchorVert='center', antialias=True, autoDraw=False, autoLog=True, bold=False, color=array([1, 1, 1]), colorSpace='rgb', contrast=1.0, depth=-5.0, flipHoriz=False, flipVert=False, font='Arial', fontFiles=[], height=0.03, italic=False, languageStyle='LTR', name='First', opacity=1.0, ori=0, pos=array([0. , 0.1]), rgb=UNKNOWN, text='First', units='height', win=Window(...), wrapWidth=1)
11.5462 	EXP 	Created Second = TextStim(__class__=<class 'psychopy.visual.text.TextStim'>, alignHoriz=method-wrapper(...), alignText='center', alignVert=method-wrapper(...), anchorHoriz='center', anchorVert='center', antialias=True, autoDraw=False, autoLog=True, bold=False, color=array([1, 1, 1]), colorSpace='rgb', contrast=1.0, depth=-6.0, flipHoriz=False, flipVert=False, font='Arial', fontFiles=[], height=0.03, italic=False, languageStyle='LTR', name='Second', opacity=1.0, ori=0, pos=array([ 0. , -0.1]), rgb=UNKNOWN, text='Second', units='height', win=Window(...), wrapWidth=1)
11.5482 	EXP 	Created Third = TextStim(__class__=<class 'psychopy.visual.text.TextStim'>, alignHoriz=method-wrapper(...), alignText='center', alignVert=method-wrapper(...), anchorHoriz='center', anchorVert='center', antialias=True, autoDraw=False, autoLog=True, bold=False, color=array([1, 1, 1]), colorSpace='rgb', contrast=1.0, depth=-7.0, flipHoriz=False, flipVert=False, font='Arial', fontFiles=[], height=0.03, italic=False, languageStyle='LTR', name='Third', opacity=1.0, ori=0, pos=array([ 0. , -0.3]), rgb=UNKNOWN, text='Third', units='height', win=Window(...), wrapWidth=1)
11.5482 	EXP 	window1: mouseVisible = True
11.5487 	EXP 	Sound clickedSound set volume 1.000
11.5566 	EXP 	Created BlockBreak = TextStim(__class__=<class 'psychopy.visual.text.TextStim'>, alignHoriz=method-wrapper(...), alignText='center', alignVert=method-wrapper(...), anchorHoriz='center', anchorVert='center', antialias=True, autoDraw=False, autoLog=True, bold=False, color=array([1, 1, 1]), colorSpace='rgb', contrast=1.0, depth=0.0, flipHoriz=False, flipVert=False, font='Arial', fontFiles=[], height=0.03, italic=False, languageStyle='LTR', name='BlockBreak', opacity=1.0, ori=0, pos=array([0., 0.]), rgb=UNKNOWN, text=str(...), units='height', win=Window(...), wrapWidth=1)
11.5701 	EXP 	Created text_4 = TextStim(__class__=<class 'psychopy.visual.text.TextStim'>, alignHoriz=method-wrapper(...), alignText='center', alignVert=method-wrapper(...), anchorHoriz='center', anchorVert='center', antialias=True, autoDraw=False, autoLog=True, bold=False, color=array([1, 1, 1]), colorSpace='rgb', contrast=1.0, depth=-1.0, flipHoriz=False, flipVert=False, font='Open Sans', fontFiles=[], height=0.03, italic=False, languageStyle='LTR', name='text_4', opacity=1.0, ori=0.0, pos=array([0., 0.]), rgb=UNKNOWN, text=str(...), units='height', win=Window(...), wrapWidth=1)
11.5737 	EXP 	Created Triplet1 = ImageStim(__class__=<class 'psychopy.visual.image.ImageStim'>, anchor=('center', 'center'), autoLog=True, color=array([1, 1, 1]), colorSpace='rgb', contrast=1.0, depth=-1.0, flipHoriz=False, flipVert=False, image='sin', interpolate=True, mask=None, maskParams=None, name='Triplet1', opacity=1.0, ori=0.0, pos=array([0., 0.]), size=array([0.25, 0.25]), texRes=128, units='height', win=Window(...))
11.5781 	EXP 	Created Triplet2 = ImageStim(__class__=<class 'psychopy.visual.image.ImageStim'>, anchor=('center', 'center'), autoLog=True, color=array([1, 1, 1]), colorSpace='rgb', contrast=1.0, depth=-2.0, flipHoriz=False, flipVert=False, image='sin', interpolate=True, mask=None, maskParams=None, name='Triplet2', opacity=1.0, ori=0.0, pos=array([0., 0.]), size=array([0.25, 0.25]), texRes=128, units='height', win=Window(...))
11.5824 	EXP 	Created Triplet3 = ImageStim(__class__=<class 'psychopy.visual.image.ImageStim'>, anchor=('center', 'center'), autoLog=True, color=array([1, 1, 1]), colorSpace='rgb', contrast=1.0, depth=-3.0, flipHoriz=False, flipVert=False, image='sin', interpolate=True, mask=None, maskParams=None, name='Triplet3', opacity=1.0, ori=0.0, pos=array([0., 0.]), size=array([0.25, 0.25]), texRes=128, units='height', win=Window(...))
11.5917 	EXP 	Sound sound_pop set volume 1.000
11.6009 	EXP 	Sound sound_pop2 set volume 1.000
11.6100 	EXP 	Sound sound_pop3 set volume 1.000
11.6967 	EXP 	Created Mask = ImageStim(__class__=<class 'psychopy.visual.image.ImageStim'>, anchor=('center', 'center'), autoLog=True, color=array([1, 1, 1]), colorSpace='rgb', contrast=1.0, depth=0.0, flipHoriz=False, flipVert=False, image='images/Mask.png', interpolate=True, mask=None, maskParams=None, name='Mask', opacity=1.0, ori=0.0, pos=array([0., 0.]), size=array([1.5, 0.5]), texRes=128, units='height', win=Window(...))
11.7020 	EXP 	Created img1 = ImageStim(__class__=<class 'psychopy.visual.image.ImageStim'>, anchor=('center', 'center'), autoLog=True, color=array([1, 1, 1]), colorSpace='rgb', contrast=1.0, depth=-1.0, flipHoriz=False, flipVert=False, image='sin', interpolate=True, mask=None, maskParams=None, name='img1', opacity=1.0, ori=0.0, pos=array([0., 0.]), size=array([0.25, 0.25]), texRes=128, units='height', win=Window(...))
11.7063 	EXP 	Created img2 = ImageStim(__class__=<class 'psychopy.visual.image.ImageStim'>, anchor=('center', 'center'), autoLog=True, color=array([1, 1, 1]), colorSpace='rgb', contrast=1.0, depth=-2.0, flipHoriz=False, flipVert=False, image='sin', interpolate=True, mask=None, maskParams=None, name='img2', opacity=1.0, ori=0.0, pos=array([0., 0.]), size=array([0.25, 0.25]), texRes=128, units='height', win=Window(...))
11.7105 	EXP 	Created img3 = ImageStim(__class__=<class 'psychopy.visual.image.ImageStim'>, anchor=('center', 'center'), autoLog=True, color=array([1, 1, 1]), colorSpace='rgb', contrast=1.0, depth=-3.0, flipHoriz=False, flipVert=False, image='sin', interpolate=True, mask=None, maskParams=None, name='img3', opacity=1.0, ori=0.0, pos=array([0., 0.]), size=array([0.25, 0.25]), texRes=128, units='height', win=Window(...))
11.7197 	EXP 	Sound sound_pop4 set volume 1.000
11.7288 	EXP 	Sound sound_pop5 set volume 1.000
11.7380 	EXP 	Sound sound_pop6 set volume 1.000
11.7415 	EXP 	Created text_2 = TextStim(__class__=<class 'psychopy.visual.text.TextStim'>, alignHoriz=method-wrapper(...), alignText='center', alignVert=method-wrapper(...), anchorHoriz='center', anchorVert='center', antialias=True, autoDraw=False, autoLog=True, bold=False, color=array([1, 1, 1]), colorSpace='rgb', contrast=1.0, depth=0.0, flipHoriz=False, flipVert=False, font='Arial', fontFiles=[], height=0.03, italic=False, languageStyle='LTR', name='text_2', opacity=1.0, ori=0, pos=array([0., 0.]), rgb=UNKNOWN, text=str(...), units='height', win=Window(...), wrapWidth=1)
11.7441 	EXP 	Created text = TextStim(__class__=<class 'psychopy.visual.text.TextStim'>, alignHoriz=method-wrapper(...), alignText='center', alignVert=method-wrapper(...), anchorHoriz='center', anchorVert='center', antialias=True, autoDraw=False, autoLog=True, bold=False, color=array([1, 1, 1]), colorSpace='rgb', contrast=1.0, depth=-1.0, flipHoriz=False, flipVert=False, font='Arial', fontFiles=[], height=0.03, italic=False, languageStyle='LTR', name='text', opacity=1.0, ori=0, pos=array([0., 0.]), rgb=UNKNOWN, text=str(...), units='height', win=Window(...), wrapWidth=1)
11.7447 	EXP 	Created sameText = TextStim(__class__=<class 'psychopy.visual.text.TextStim'>, alignHoriz=method-wrapper(...), alignText='center', alignVert=method-wrapper(...), anchorHoriz='center', anchorVert='center', antialias=True, autoDraw=False, autoLog=True, bold=False, color=array([1, 1, 1]), colorSpace='rgb', contrast=1.0, depth=-2.0, flipHoriz=False, flipVert=False, font='Arial', fontFiles=[], height=0.03, italic=False, languageStyle='LTR', name='sameText', opacity=1.0, ori=0, pos=array([-0.2, -0.3]), rgb=UNKNOWN, text='', units='height', win=Window(...), wrapWidth=1)
11.7452 	EXP 	Created diffText = TextStim(__class__=<class 'psychopy.visual.text.TextStim'>, alignHoriz=method-wrapper(...), alignText='center', alignVert=method-wrapper(...), anchorHoriz='center', anchorVert='center', antialias=True, autoDraw=False, autoLog=True, bold=False, color=array([1, 1, 1]), colorSpace='rgb', contrast=1.0, depth=-3.0, flipHoriz=False, flipVert=False, font='Arial', fontFiles=[], height=0.03, italic=False, languageStyle='LTR', name='diffText', opacity=1.0, ori=0, pos=array([ 0.2, -0.3]), rgb=UNKNOWN, text='', units='height', win=Window(...), wrapWidth=1)
11.7461 	EXP 	Created leftCL = Rect(__class__=<class 'psychopy.visual.rect.Rect'>, anchor=('center', 'center'), autoDraw=False, autoLog=True, closeShape=True, color=method-wrapper(...), colorSpace='rgb', contrast=None, depth=-4.0, fillColor=array([1., 1., 1.]), fillColorSpace='rgb', fillRGB=array([1., 1., 1.]), interpolate=True, lineColor=array([1, 1, 1]), lineColorSpace='rgb', lineRGB=array([1, 1, 1]), lineWidth=3, name='leftCL', opacity=0.5, ori=0.0, pos=array([-0.2, -0.3]), size=array([-0.2, -0.2]), units='height', vertices=ndarray(...), win=Window(...))
11.7469 	EXP 	Created rightCL = Rect(__class__=<class 'psychopy.visual.rect.Rect'>, anchor=('center', 'center'), autoDraw=False, autoLog=True, closeShape=True, color=method-wrapper(...), colorSpace='rgb', contrast=None, depth=-5.0, fillColor=array([1., 1., 1.]), fillColorSpace='rgb', fillRGB=array([1., 1., 1.]), interpolate=True, lineColor=array([1, 1, 1]), lineColorSpace='rgb', lineRGB=array([1, 1, 1]), lineWidth=3, name='rightCL', opacity=0.5, ori=0.0, pos=array([ 0.2, -0.3]), size=array([0.2, 0.2]), units='height', vertices=ndarray(...), win=Window(...))
11.7470 	EXP 	window1: mouseVisible = True
11.7474 	EXP 	Sound clickedSound set volume 1.000
11.7510 	EXP 	Created retIMG = ImageStim(__class__=<class 'psychopy.visual.image.ImageStim'>, anchor=('center', 'center'), autoLog=True, color=array([1, 1, 1]), colorSpace='rgb', contrast=1.0, depth=-1.0, flipHoriz=False, flipVert=False, image='sin', interpolate=True, mask=None, maskParams=None, name='retIMG', opacity=1.0, ori=0.0, pos=array([0., 0.]), size=array([0.25, 0.25]), texRes=128, units='height', win=Window(...))
11.7601 	EXP 	Sound sound_pop7 set volume 1.000
11.7625 	EXP 	Created question_text = TextStim(__class__=<class 'psychopy.visual.text.TextStim'>, alignHoriz=method-wrapper(...), alignText='center', alignVert=method-wrapper(...), anchorHoriz='center', anchorVert='center', antialias=True, autoDraw=False, autoLog=True, bold=False, color=array([1, 1, 1]), colorSpace='rgb', contrast=1.0, depth=0.0, flipHoriz=False, flipVert=False, font='Arial', fontFiles=[], height=0.03, italic=False, languageStyle='LTR', name='question_text', opacity=1.0, ori=0, pos=array([0. , 0.3]), rgb=UNKNOWN, text='When did you see this object?', units='height', win=Window(...), wrapWidth=1)
11.7646 	EXP 	Created decisionQ_2 = TextStim(__class__=<class 'psychopy.visual.text.TextStim'>, alignHoriz=method-wrapper(...), alignText='center', alignVert=method-wrapper(...), anchorHoriz='center', anchorVert='center', antialias=True, autoDraw=False, autoLog=True, bold=False, color=array([1, 1, 1]), colorSpace='rgb', contrast=1.0, depth=-1.0, flipHoriz=False, flipVert=False, font='Arial', fontFiles=[], height=0.03, italic=False, languageStyle='LTR', name='decisionQ_2', opacity=1.0, ori=0, pos=array([0. , 0.3]), rgb=UNKNOWN, text='When did you see this object?', units='height', win=Window(...), wrapWidth=1)
11.7654 	EXP 	Created first_left = Rect(__class__=<class 'psychopy.visual.rect.Rect'>, anchor=('center', 'center'), autoDraw=False, autoLog=True, closeShape=True, color=method-wrapper(...), colorSpace='rgb', contrast=None, depth=-2.0, fillColor=array([1, 1, 1]), fillColorSpace='rgb', fillRGB=array([1, 1, 1]), interpolate=True, lineColor=array([1, 1, 1]), lineColorSpace='rgb', lineRGB=array([1, 1, 1]), lineWidth=3, name='first_left', opacity=0.5, ori=0.0, pos=array([0. , 0.1]), size=array([0.15, 0.15]), units='height', vertices=ndarray(...), win=Window(...))
11.7661 	EXP 	Created second_middle = Rect(__class__=<class 'psychopy.visual.rect.Rect'>, anchor=('center', 'center'), autoDraw=False, autoLog=True, closeShape=True, color=method-wrapper(...), colorSpace='rgb', contrast=None, depth=-3.0, fillColor=array([1, 1, 1]), fillColorSpace='rgb', fillRGB=array([1, 1, 1]), interpolate=True, lineColor=array([1, 1, 1]), lineColorSpace='rgb', lineRGB=array([1, 1, 1]), lineWidth=3, name='second_middle', opacity=0.5, ori=0.0, pos=array([ 0. , -0.1]), size=array([0.15, 0.15]), units='height', vertices=ndarray(...), win=Window(...))
11.7668 	EXP 	Created third_right = Rect(__class__=<class 'psychopy.visual.rect.Rect'>, anchor=('center', 'center'), autoDraw=False, autoLog=True, closeShape=True, color=method-wrapper(...), colorSpace='rgb', contrast=None, depth=-4.0, fillColor=array([1, 1, 1]), fillColorSpace='rgb', fillRGB=array([1, 1, 1]), interpolate=True, lineColor=array([1, 1, 1]), lineColorSpace='rgb', lineRGB=array([1, 1, 1]), lineWidth=3, name='third_right', opacity=0.5, ori=0.0, pos=array([ 0. , -0.3]), size=array([0.15, 0.15]), units='height', vertices=ndarray(...), win=Window(...))
11.7688 	EXP 	Created First = TextStim(__class__=<class 'psychopy.visual.text.TextStim'>, alignHoriz=method-wrapper(...), alignText='center', alignVert=method-wrapper(...), anchorHoriz='center', anchorVert='center', antialias=True, autoDraw=False, autoLog=True, bold=False, color=array([1, 1, 1]), colorSpace='rgb', contrast=1.0, depth=-5.0, flipHoriz=False, flipVert=False, font='Arial', fontFiles=[], height=0.03, italic=False, languageStyle='LTR', name='First', opacity=1.0, ori=0, pos=array([0. , 0.1]), rgb=UNKNOWN, text='First', units='height', win=Window(...), wrapWidth=1)
11.7708 	EXP 	Created Second = TextStim(__class__=<class 'psychopy.visual.text.TextStim'>, alignHoriz=method-wrapper(...), alignText='center', alignVert=method-wrapper(...), anchorHoriz='center', anchorVert='center', antialias=True, autoDraw=False, autoLog=True, bold=False, color=array([1, 1, 1]), colorSpace='rgb', contrast=1.0, depth=-6.0, flipHoriz=False, flipVert=False, font='Arial', fontFiles=[], height=0.03, italic=False, languageStyle='LTR', name='Second', opacity=1.0, ori=0, pos=array([ 0. , -0.1]), rgb=UNKNOWN, text='Second', units='height', win=Window(...), wrapWidth=1)
11.7729 	EXP 	Created Third = TextStim(__class__=<class 'psychopy.visual.text.TextStim'>, alignHoriz=method-wrapper(...), alignText='center', alignVert=method-wrapper(...), anchorHoriz='center', anchorVert='center', antialias=True, autoDraw=False, autoLog=True, bold=False, color=array([1, 1, 1]), colorSpace='rgb', contrast=1.0, depth=-7.0, flipHoriz=False, flipVert=False, font='Arial', fontFiles=[], height=0.03, italic=False, languageStyle='LTR', name='Third', opacity=1.0, ori=0, pos=array([ 0. , -0.3]), rgb=UNKNOWN, text='Third', units='height', win=Window(...), wrapWidth=1)
11.7730 	EXP 	window1: mouseVisible = True
11.7734 	EXP 	Sound clickedSound set volume 1.000
11.7764 	EXP 	Created end = TextStim(__class__=<class 'psychopy.visual.text.TextStim'>, alignHoriz=method-wrapper(...), alignText='center', alignVert=method-wrapper(...), anchorHoriz='center', anchorVert='center', antialias=True, autoDraw=False, autoLog=True, bold=False, color=array([1, 1, 1]), colorSpace='rgb', contrast=1.0, depth=0.0, flipHoriz=False, flipVert=False, font='Arial', fontFiles=[], height=0.03, italic=False, languageStyle='LTR', name='end', opacity=1.0, ori=0, pos=array([0., 0.]), rgb=UNKNOWN, text=str(...), units='height', win=Window(...), wrapWidth=1)
11.7801 	EXP 	Instructions: autoDraw = True
12.3398 	EXP 	Created sequence: random, trialTypes=1, nReps=5, seed=None
12.3399 	EXP 	New trial (rep=0, index=0): None
12.3407 	DATA 	Keypress: space
12.3560 	EXP 	Instructions: autoDraw = False
12.3560 	EXP 	fix: autoDraw = True
14.2223 	EXP 	Sound sound_pop started
14.2170 	EXP 	fix: autoDraw = False
14.2170 	EXP 	fix: autoDraw = False
14.2170 	EXP 	Triplet1: image = 'images/OBJ_99.png'
14.2170 	EXP 	Triplet2: image = 'images/OBJ_146.png'
14.2170 	EXP 	Triplet3: image = 'images/OBJ_40.png'
14.2170 	EXP 	Triplet1: autoDraw = True
14.5939 	EXP 	Sound sound_pop reached end of file
15.7212 	EXP 	Triplet1: autoDraw = False
16.2049 	EXP 	Sound sound_pop2 started
16.2043 	EXP 	Triplet2: autoDraw = True
16.5655 	EXP 	Sound sound_pop2 reached end of file
17.7043 	EXP 	Triplet2: autoDraw = False
18.2205 	EXP 	Sound sound_pop3 started
18.2209 	EXP 	Triplet3: autoDraw = True
18.5840 	EXP 	Sound sound_pop3 reached end of file
19.7200 	EXP 	Triplet3: autoDraw = False
19.7200 	EXP 	Triplet1: autoDraw = False
19.7200 	EXP 	Triplet2: autoDraw = False
19.7200 	EXP 	Triplet3: autoDraw = False
19.7200 	EXP 	Mask: autoDraw = True
21.3531 	EXP 	Sound sound_pop4 started
21.3548 	EXP 	Mask: autoDraw = False
21.3548 	EXP 	Mask: autoDraw = False
21.3548 	EXP 	img1: image = 'images/OBJ_99.png'
21.3548 	EXP 	img2: image = 'images/OBJ_146.png'
21.3548 	EXP 	img3: image = 'images/OBJ_40.png'
21.3548 	EXP 	img1: autoDraw = True
21.7243 	EXP 	Sound sound_pop4 reached end of file
22.8691 	EXP 	img1: autoDraw = False
23.3523 	EXP 	Sound sound_pop5 started
23.3523 	EXP 	img2: autoDraw = True
23.7135 	EXP 	Sound sound_pop5 reached end of file
24.8518 	EXP 	img2: autoDraw = False
25.3522 	EXP 	Sound sound_pop6 started
25.3517 	EXP 	img3: autoDraw = True
25.7146 	EXP 	Sound sound_pop6 reached end of file
26.8513 	EXP 	img3: autoDraw = False
26.8513 	EXP 	img1: autoDraw = False
26.8513 	EXP 	img2: autoDraw = False
26.8513 	EXP 	img3: autoDraw = False
26.8513 	EXP 	text_2: autoDraw = True
27.8510 	EXP 	text_2: autoDraw = False
27.8510 	EXP 	text_2: autoDraw = False
27.8510 	EXP 	sameText: height = 0.03
27.8510 	EXP 	sameText: height = 0.03
27.8510 	EXP 	sameText: height = 0.03
27.8510 	EXP 	sameText: text = 'Same'
27.8510 	EXP 	diffText: height = 0.03
27.8510 	EXP 	diffText: height = 0.03
27.8510 	EXP 	diffText: height = 0.03
27.8510 	EXP 	diffText: text = 'Different'
27.8510 	EXP 	text: autoDraw = True
27.8510 	EXP 	sameText: autoDraw = True
27.8510 	EXP 	diffText: autoDraw = True
27.8510 	EXP 	leftCL: autoDraw = True
27.8510 	EXP 	rightCL: autoDraw = True
28.1178 	DATA 	Mouse: Left button down, pos=(388,178)
28.1343 	EXP 	Sound clickedSound started
28.1342 	EXP 	text: autoDraw = False
28.1342 	EXP 	sameText: autoDraw = False
28.1342 	EXP 	diffText: autoDraw = False
28.1342 	EXP 	leftCL: autoDraw = False
28.1342 	EXP 	rightCL: autoDraw = False
28.2346 	DATA 	Mouse:  Left button up, pos=(388,178)
28.6351 	EXP 	Sound clickedSound stopped
28.6354 	EXP 	New trial (rep=1, index=0): None
28.6382 	EXP 	fix: autoDraw = True
30.4342 	EXP 	Sound sound_pop started
30.4359 	EXP 	fix: autoDraw = False
30.4359 	EXP 	fix: autoDraw = False
30.4359 	EXP 	Triplet1: image = 'images/OBJ_42.png'
30.4359 	EXP 	Triplet2: image = 'images/OBJ_45.png'
30.4359 	EXP 	Triplet3: image = 'images/OBJ_51.png'
30.4359 	EXP 	Triplet1: autoDraw = True
30.8052 	EXP 	Sound sound_pop reached end of file
31.9498 	EXP 	Triplet1: autoDraw = False
32.4330 	EXP 	Sound sound_pop2 started
32.4329 	EXP 	Triplet2: autoDraw = True
32.7941 	EXP 	Sound sound_pop2 reached end of file
33.9325 	EXP 	Triplet2: autoDraw = False
34.4329 	EXP 	Sound sound_pop3 started
34.4324 	EXP 	Triplet3: autoDraw = True
34.7955 	EXP 	Sound sound_pop3 reached end of file
35.9323 	EXP 	Triplet3: autoDraw = False
35.9323 	EXP 	Triplet1: autoDraw = False
35.9323 	EXP 	Triplet2: autoDraw = False
35.9323 	EXP 	Triplet3: autoDraw = False
35.9323 	EXP 	Mask: autoDraw = True
37.4815 	EXP 	Sound sound_pop4 started
37.4690 	EXP 	Mask: autoDraw = False
37.4690 	EXP 	Mask: autoDraw = False
37.4690 	EXP 	img1: image = 'images/OBJ_42.png'
37.4690 	EXP 	img2: image = 'images/OBJ_45.png'
37.4690 	EXP 	img3: image = 'images/OBJ_51.png'
37.4690 	EXP 	img1: autoDraw = True
37.8441 	EXP 	Sound sound_pop4 reached end of file
38.9810 	EXP 	img1: autoDraw = False
39.4643 	EXP 	Sound sound_pop5 started
39.4643 	EXP 	img2: autoDraw = True
39.8351 	EXP 	Sound sound_pop5 reached end of file
40.9643 	EXP 	img2: autoDraw = False
41.4640 	EXP 	Sound sound_pop6 started
41.4636 	EXP 	img3: autoDraw = True
41.8241 	EXP 	Sound sound_pop6 reached end of file
42.9632 	EXP 	img3: autoDraw = False
42.9632 	EXP 	img1: autoDraw = False
42.9632 	EXP 	img2: autoDraw = False
42.9632 	EXP 	img3: autoDraw = False
42.9632 	EXP 	text_2: autoDraw = True
43.9629 	EXP 	text_2: autoDraw = False
43.9629 	EXP 	text_2: autoDraw = False
43.9629 	EXP 	sameText: text = 'Same'
43.9629 	EXP 	diffText: text = 'Different'
43.9629 	EXP 	text: autoDraw = True
43.9629 	EXP 	sameText: autoDraw = True
43.9629 	EXP 	diffText: autoDraw = True
43.9629 	EXP 	leftCL: autoDraw = True
43.9629 	EXP 	rightCL: autoDraw = True
44.2130 	DATA 	Mouse: Left button down, pos=(387,181)
44.2295 	EXP 	Sound clickedSound started
44.2296 	EXP 	text: autoDraw = False
44.2296 	EXP 	sameText: autoDraw = False
44.2296 	EXP 	diffText: autoDraw = False
44.2296 	EXP 	leftCL: autoDraw = False
44.2296 	EXP 	rightCL: autoDraw = False
44.3467 	DATA 	Mouse:  Left button up, pos=(387,181)
44.7343 	EXP 	Sound clickedSound stopped
44.7346 	EXP 	New trial (rep=2, index=0): None
44.7374 	EXP 	fix: autoDraw = True
46.5294 	EXP 	Sound sound_pop started
46.5171 	EXP 	fix: autoDraw = False
46.5171 	EXP 	fix: autoDraw = False
46.5171 	EXP 	Triplet1: image = 'images/OBJ_119.png'
46.5171 	EXP 	Triplet2: image = 'images/OBJ_157.png'
46.5171 	EXP 	Triplet3: image = 'images/OBJ_148.png'
46.5171 	EXP 	Triplet1: autoDraw = True
46.7131 	DATA 	Keypress: escape
48.8009 	EXP 	window1: mouseVisible = True
48.8009 	EXP 	window1: mouseVisible = True
48.8010 	EXP 	window1: mouseVisible = True
48.8010 	EXP 	window1: mouseVisible = True
48.8010 	EXP 	window1: mouseVisible = True
48.8011 	EXP 	window1: mouseVisible = True
48.8011 	EXP 	window1: mouseVisible = True
48.8011 	EXP 	window1: mouseVisible = True
48.8012 	EXP 	window1: mouseVisible = True
48.8012 	EXP 	window1: mouseVisible = True
48.8012 	EXP 	window1: mouseVisible = True
48.8013 	EXP 	window1: mouseVisible = True
48.8013 	EXP 	window1: mouseVisible = True
48.8013 	EXP 	window1: mouseVisible = True
48.8013 	EXP 	window1: mouseVisible = True
48.8014 	EXP 	window1: mouseVisible = True
48.8014 	EXP 	window1: mouseVisible = True
48.8014 	EXP 	window1: mouseVisible = True
48.8015 	EXP 	window1: mouseVisible = True
48.8015 	EXP 	window1: mouseVisible = True
48.8015 	EXP 	window1: mouseVisible = True
48.8016 	EXP 	window1: mouseVisible = True
48.8016 	EXP 	window1: mouseVisible = True
48.8016 	EXP 	window1: mouseVisible = True
48.8016 	EXP 	window1: mouseVisible = True
48.8017 	EXP 	window1: mouseVisible = True
48.8017 	EXP 	window1: mouseVisible = True
48.8018 	EXP 	window1: mouseVisible = True
48.8018 	EXP 	window1: mouseVisible = True
48.8018 	EXP 	window1: mouseVisible = True
48.8018 	EXP 	window1: mouseVisible = True
48.8019 	EXP 	window1: mouseVisible = True
48.8019 	EXP 	window1: mouseVisible = True
48.8019 	EXP 	window1: mouseVisible = True
48.8020 	EXP 	window1: mouseVisible = True
48.8020 	EXP 	window1: mouseVisible = True
48.8020 	EXP 	window1: mouseVisible = True
48.8020 	EXP 	window1: mouseVisible = True
48.8021 	EXP 	window1: mouseVisible = True
48.8021 	EXP 	window1: mouseVisible = True
48.8021 	EXP 	window1: mouseVisible = True
48.8022 	EXP 	window1: mouseVisible = True
48.8022 	EXP 	window1: mouseVisible = True
48.8023 	EXP 	window1: mouseVisible = True
48.8023 	EXP 	window1: mouseVisible = True
48.8023 	EXP 	window1: mouseVisible = True
48.8024 	EXP 	window1: mouseVisible = True
48.8024 	EXP 	window1: mouseVisible = True
48.8024 	EXP 	window1: mouseVisible = True
48.8025 	EXP 	window1: mouseVisible = True
48.8025 	EXP 	window1: mouseVisible = True
48.8025 	EXP 	window1: mouseVisible = True
48.8025 	EXP 	window1: mouseVisible = True
48.8026 	EXP 	window1: mouseVisible = True
48.8026 	EXP 	window1: mouseVisible = True
48.8027 	EXP 	window1: mouseVisible = True
48.8027 	EXP 	window1: mouseVisible = True
48.8028 	EXP 	window1: mouseVisible = True
48.8028 	EXP 	window1: mouseVisible = True
48.8028 	EXP 	window1: mouseVisible = True
48.8029 	EXP 	window1: mouseVisible = True
48.8029 	EXP 	window1: mouseVisible = True
48.8029 	EXP 	window1: mouseVisible = True
48.8029 	EXP 	window1: mouseVisible = True
48.8030 	EXP 	window1: mouseVisible = True
48.8030 	EXP 	window1: mouseVisible = True
48.8030 	EXP 	window1: mouseVisible = True
48.8031 	EXP 	window1: mouseVisible = True
48.8031 	EXP 	window1: mouseVisible = True
48.8031 	EXP 	window1: mouseVisible = True
48.8032 	EXP 	window1: mouseVisible = True
48.8032 	EXP 	window1: mouseVisible = True
48.8032 	EXP 	window1: mouseVisible = True
48.8032 	EXP 	window1: mouseVisible = True
48.8033 	EXP 	window1: mouseVisible = True
48.8033 	EXP 	window1: mouseVisible = True
48.8033 	EXP 	window1: mouseVisible = True
48.8034 	EXP 	window1: mouseVisible = True
48.8034 	EXP 	window1: mouseVisible = True
48.8034 	EXP 	window1: mouseVisible = True
48.8035 	EXP 	window1: mouseVisible = True
48.8035 	EXP 	window1: mouseVisible = True
48.8035 	EXP 	window1: mouseVisible = True
48.8035 	EXP 	window1: mouseVisible = True
48.8036 	EXP 	window1: mouseVisible = True
48.8036 	EXP 	window1: mouseVisible = True
48.8036 	EXP 	window1: mouseVisible = True
48.8037 	EXP 	window1: mouseVisible = True
48.8037 	EXP 	window1: mouseVisible = True
48.8037 	EXP 	window1: mouseVisible = True
48.8038 	EXP 	window1: mouseVisible = True
48.8038 	EXP 	window1: mouseVisible = True
48.8038 	EXP 	window1: mouseVisible = True
48.8038 	EXP 	window1: mouseVisible = True
48.8039 	EXP 	window1: mouseVisible = True
48.8039 	EXP 	window1: mouseVisible = True
48.8039 	EXP 	window1: mouseVisible = True
48.8040 	EXP 	window1: mouseVisible = True
48.8040 	EXP 	window1: mouseVisible = True
48.8041 	EXP 	window1: mouseVisible = True
48.8041 	EXP 	window1: mouseVisible = True
48.8041 	EXP 	window1: mouseVisible = True
48.8042 	EXP 	window1: mouseVisible = True
48.8042 	EXP 	window1: mouseVisible = True
48.8042 	EXP 	window1: mouseVisible = True
48.8043 	EXP 	window1: mouseVisible = True
48.8043 	EXP 	window1: mouseVisible = True
48.8043 	EXP 	window1: mouseVisible = True
48.8043 	EXP 	window1: mouseVisible = True
48.8044 	EXP 	window1: mouseVisible = True
48.8044 	EXP 	window1: mouseVisible = True
48.8044 	EXP 	window1: mouseVisible = True
48.8045 	EXP 	window1: mouseVisible = True
48.8045 	EXP 	window1: mouseVisible = True
48.8045 	EXP 	window1: mouseVisible = True
48.8045 	EXP 	window1: mouseVisible = True
48.8046 	EXP 	window1: mouseVisible = True
48.8046 	EXP 	window1: mouseVisible = True
48.8046 	EXP 	window1: mouseVisible = True
48.8047 	EXP 	window1: mouseVisible = True
48.8047 	EXP 	window1: mouseVisible = True
48.8047 	EXP 	window1: mouseVisible = True
48.8048 	EXP 	window1: mouseVisible = True
48.8048 	EXP 	window1: mouseVisible = True
48.8048 	EXP 	window1: mouseVisible = True
48.8048 	EXP 	window1: mouseVisible = True
48.8049 	EXP 	window1: mouseVisible = True
48.8049 	EXP 	window1: mouseVisible = True
48.8049 	EXP 	window1: mouseVisible = True
48.8050 	EXP 	window1: mouseVisible = True
48.8050 	EXP 	window1: mouseVisible = True
48.8050 	EXP 	window1: mouseVisible = True
48.8050 	EXP 	window1: mouseVisible = True
48.8051 	EXP 	window1: mouseVisible = True
48.8051 	EXP 	window1: mouseVisible = True
48.8051 	EXP 	window1: mouseVisible = True
48.8052 	EXP 	window1: mouseVisible = True
48.8052 	EXP 	window1: mouseVisible = True
48.8053 	EXP 	window1: mouseVisible = True
48.8053 	EXP 	window1: mouseVisible = True
48.8053 	EXP 	window1: mouseVisible = True
48.8054 	EXP 	window1: mouseVisible = True
48.8054 	EXP 	window1: mouseVisible = True
48.8054 	EXP 	window1: mouseVisible = True
48.8054 	EXP 	window1: mouseVisible = True
48.8055 	EXP 	window1: mouseVisible = True
48.8055 	EXP 	window1: mouseVisible = True
48.8055 	EXP 	window1: mouseVisible = True
48.8056 	EXP 	window1: mouseVisible = True
48.8056 	EXP 	window1: mouseVisible = True
48.8056 	EXP 	window1: mouseVisible = True
48.8057 	EXP 	window1: mouseVisible = True
48.8057 	EXP 	window1: mouseVisible = True
48.8057 	EXP 	window1: mouseVisible = True
48.8057 	EXP 	window1: mouseVisible = True
48.8058 	EXP 	window1: mouseVisible = True
48.8058 	EXP 	window1: mouseVisible = True
48.8058 	EXP 	window1: mouseVisible = True
48.8059 	EXP 	window1: mouseVisible = True
48.8059 	EXP 	window1: mouseVisible = True
48.8059 	EXP 	window1: mouseVisible = True
48.8060 	EXP 	window1: mouseVisible = True
48.8060 	EXP 	window1: mouseVisible = True
48.8060 	EXP 	window1: mouseVisible = True
48.8060 	EXP 	window1: mouseVisible = True
48.8061 	EXP 	window1: mouseVisible = True
48.8061 	EXP 	window1: mouseVisible = True
48.8061 	EXP 	window1: mouseVisible = True
48.8062 	EXP 	window1: mouseVisible = True
48.8062 	EXP 	window1: mouseVisible = True
48.8062 	EXP 	window1: mouseVisible = True
48.8063 	EXP 	window1: mouseVisible = True
48.8063 	EXP 	window1: mouseVisible = True
48.8063 	EXP 	window1: mouseVisible = True
48.8063 	EXP 	window1: mouseVisible = True
48.8064 	EXP 	window1: mouseVisible = True
48.8064 	EXP 	window1: mouseVisible = True
48.8064 	EXP 	window1: mouseVisible = True
48.8065 	EXP 	window1: mouseVisible = True
48.8065 	EXP 	window1: mouseVisible = True
48.8065 	EXP 	window1: mouseVisible = True
48.8066 	EXP 	window1: mouseVisible = True
48.8066 	EXP 	window1: mouseVisible = True
48.8066 	EXP 	window1: mouseVisible = True
48.8066 	EXP 	window1: mouseVisible = True
48.8067 	EXP 	window1: mouseVisible = True
48.8067 	EXP 	window1: mouseVisible = True
48.8067 	EXP 	window1: mouseVisible = True
48.8068 	EXP 	window1: mouseVisible = True
48.8068 	EXP 	window1: mouseVisible = True
48.8068 	EXP 	window1: mouseVisible = True
48.8069 	EXP 	window1: mouseVisible = True
48.8069 	EXP 	window1: mouseVisible = True
48.8069 	EXP 	window1: mouseVisible = True
48.8069 	EXP 	window1: mouseVisible = True
48.8070 	EXP 	window1: mouseVisible = True
48.8070 	EXP 	window1: mouseVisible = True
48.8070 	EXP 	window1: mouseVisible = True
48.8071 	EXP 	window1: mouseVisible = True
48.8071 	EXP 	window1: mouseVisible = True
48.8071 	EXP 	window1: mouseVisible = True
48.8071 	EXP 	window1: mouseVisible = True
48.8072 	EXP 	window1: mouseVisible = True
48.8072 	EXP 	window1: mouseVisible = True
48.8072 	EXP 	window1: mouseVisible = True
48.8073 	EXP 	window1: mouseVisible = True
48.8073 	EXP 	window1: mouseVisible = True
48.8073 	EXP 	window1: mouseVisible = True
48.8074 	EXP 	window1: mouseVisible = True
48.8074 	EXP 	window1: mouseVisible = True
48.8074 	EXP 	window1: mouseVisible = True
48.8074 	EXP 	window1: mouseVisible = True
48.8075 	EXP 	window1: mouseVisible = True
48.8075 	EXP 	window1: mouseVisible = True
48.8075 	EXP 	window1: mouseVisible = True
48.8076 	EXP 	window1: mouseVisible = True
48.8076 	EXP 	window1: mouseVisible = True
48.8076 	EXP 	window1: mouseVisible = True
48.8076 	EXP 	window1: mouseVisible = True
48.8077 	EXP 	window1: mouseVisible = True
48.8077 	EXP 	window1: mouseVisible = True
48.8077 	EXP 	window1: mouseVisible = True
48.8078 	EXP 	window1: mouseVisible = True
48.8078 	EXP 	window1: mouseVisible = True
48.8078 	EXP 	window1: mouseVisible = True
48.8079 	EXP 	window1: mouseVisible = True
48.8079 	EXP 	window1: mouseVisible = True
48.8079 	EXP 	window1: mouseVisible = True
48.8079 	EXP 	window1: mouseVisible = True
48.8080 	EXP 	window1: mouseVisible = True
48.8080 	EXP 	window1: mouseVisible = True
48.8080 	EXP 	window1: mouseVisible = True
48.8081 	EXP 	window1: mouseVisible = True
48.8081 	EXP 	window1: mouseVisible = True
48.8081 	EXP 	window1: mouseVisible = True
48.8082 	EXP 	window1: mouseVisible = True
48.8082 	EXP 	window1: mouseVisible = True
48.8082 	EXP 	window1: mouseVisible = True
48.8082 	EXP 	window1: mouseVisible = True
48.8083 	EXP 	window1: mouseVisible = True
48.8083 	EXP 	window1: mouseVisible = True
48.8083 	EXP 	window1: mouseVisible = True
48.8084 	EXP 	window1: mouseVisible = True
48.8084 	EXP 	window1: mouseVisible = True
48.8084 	EXP 	window1: mouseVisible = True
48.8085 	EXP 	window1: mouseVisible = True
48.8085 	EXP 	window1: mouseVisible = True
48.8085 	EXP 	window1: mouseVisible = True
48.8086 	EXP 	window1: mouseVisible = True
48.8086 	EXP 	window1: mouseVisible = True
48.8086 	EXP 	window1: mouseVisible = True
48.8086 	EXP 	window1: mouseVisible = True
48.8087 	EXP 	window1: mouseVisible = True
48.8087 	EXP 	window1: mouseVisible = True
48.8088 	EXP 	window1: mouseVisible = True
48.8088 	EXP 	window1: mouseVisible = True
48.8088 	EXP 	window1: mouseVisible = True
48.8089 	EXP 	window1: mouseVisible = True
48.8089 	EXP 	window1: mouseVisible = True
48.8089 	EXP 	window1: mouseVisible = True
48.8090 	EXP 	window1: mouseVisible = True
48.8090 	EXP 	window1: mouseVisible = True
48.8090 	EXP 	window1: mouseVisible = True
48.8091 	EXP 	window1: mouseVisible = True
48.8091 	EXP 	window1: mouseVisible = True
48.8091 	EXP 	window1: mouseVisible = True
48.8091 	EXP 	window1: mouseVisible = True
48.8092 	EXP 	window1: mouseVisible = True
48.8092 	EXP 	window1: mouseVisible = True
48.8092 	EXP 	window1: mouseVisible = True
48.8093 	EXP 	window1: mouseVisible = True
48.8093 	EXP 	window1: mouseVisible = True
48.8093 	EXP 	window1: mouseVisible = True
48.8094 	EXP 	window1: mouseVisible = True
48.8094 	EXP 	window1: mouseVisible = True
48.8094 	EXP 	window1: mouseVisible = True
48.8095 	EXP 	window1: mouseVisible = True
48.8095 	EXP 	window1: mouseVisible = True
48.8095 	EXP 	window1: mouseVisible = True
48.8096 	EXP 	window1: mouseVisible = True
48.8096 	EXP 	window1: mouseVisible = True
48.8096 	EXP 	window1: mouseVisible = True
48.8097 	EXP 	window1: mouseVisible = True
48.8097 	EXP 	window1: mouseVisible = True
48.8097 	EXP 	window1: mouseVisible = True
48.8098 	EXP 	window1: mouseVisible = True
48.8098 	EXP 	window1: mouseVisible = True
48.8098 	EXP 	window1: mouseVisible = True
48.8099 	EXP 	window1: mouseVisible = True
48.8099 	EXP 	window1: mouseVisible = True
48.8099 	EXP 	window1: mouseVisible = True
48.8100 	EXP 	window1: mouseVisible = True
48.8100 	EXP 	window1: mouseVisible = True
48.8100 	EXP 	window1: mouseVisible = True
48.8100 	EXP 	window1: mouseVisible = True
48.8101 	EXP 	window1: mouseVisible = True
48.8101 	EXP 	window1: mouseVisible = True
48.8101 	EXP 	window1: mouseVisible = True
48.8102 	EXP 	window1: mouseVisible = True
48.8102 	EXP 	window1: mouseVisible = True
48.8102 	EXP 	window1: mouseVisible = True
48.8103 	EXP 	window1: mouseVisible = True
48.8103 	EXP 	window1: mouseVisible = True
48.8103 	EXP 	window1: mouseVisible = True
48.8104 	EXP 	window1: mouseVisible = True
48.8104 	EXP 	window1: mouseVisible = True
48.8104 	EXP 	window1: mouseVisible = True
48.8104 	EXP 	window1: mouseVisible = True
48.8105 	EXP 	window1: mouseVisible = True
48.8105 	EXP 	window1: mouseVisible = True
48.8105 	EXP 	window1: mouseVisible = True
48.8106 	EXP 	window1: mouseVisible = True
48.8106 	EXP 	window1: mouseVisible = True
48.8106 	EXP 	window1: mouseVisible = True
48.8107 	EXP 	window1: mouseVisible = True
48.8107 	EXP 	window1: mouseVisible = True
48.8107 	EXP 	window1: mouseVisible = True
48.8108 	EXP 	window1: mouseVisible = True
48.8108 	EXP 	window1: mouseVisible = True
48.8108 	EXP 	window1: mouseVisible = True
48.8109 	EXP 	window1: mouseVisible = True
48.8109 	EXP 	window1: mouseVisible = True
48.8109 	EXP 	window1: mouseVisible = True
48.8109 	EXP 	window1: mouseVisible = True
48.8110 	EXP 	window1: mouseVisible = True
48.8110 	EXP 	window1: mouseVisible = True
48.8110 	EXP 	window1: mouseVisible = True
48.8111 	EXP 	window1: mouseVisible = True
48.8111 	EXP 	window1: mouseVisible = True
48.8111 	EXP 	window1: mouseVisible = True
48.8112 	EXP 	window1: mouseVisible = True
48.8112 	EXP 	window1: mouseVisible = True
48.8112 	EXP 	window1: mouseVisible = True
48.8113 	EXP 	window1: mouseVisible = True
48.8113 	EXP 	window1: mouseVisible = True
48.8113 	EXP 	window1: mouseVisible = True
48.8113 	EXP 	window1: mouseVisible = True
48.8114 	EXP 	window1: mouseVisible = True
48.8114 	EXP 	window1: mouseVisible = True
48.8114 	EXP 	window1: mouseVisible = True
48.8115 	EXP 	window1: mouseVisible = True
48.8115 	EXP 	window1: mouseVisible = True
48.8115 	EXP 	window1: mouseVisible = True
48.8116 	EXP 	window1: mouseVisible = True
48.8116 	EXP 	window1: mouseVisible = True
48.8116 	EXP 	window1: mouseVisible = True
48.8117 	EXP 	window1: mouseVisible = True
48.8117 	EXP 	window1: mouseVisible = True
48.8117 	EXP 	window1: mouseVisible = True
48.8118 	EXP 	window1: mouseVisible = True
48.8118 	EXP 	window1: mouseVisible = True
48.8118 	EXP 	window1: mouseVisible = True
48.8118 	EXP 	window1: mouseVisible = True
48.8119 	EXP 	window1: mouseVisible = True
48.8119 	EXP 	window1: mouseVisible = True
48.8119 	EXP 	window1: mouseVisible = True
48.8120 	EXP 	window1: mouseVisible = True
48.8120 	EXP 	window1: mouseVisible = True
48.8120 	EXP 	window1: mouseVisible = True
48.8121 	EXP 	window1: mouseVisible = True
48.8121 	EXP 	window1: mouseVisible = True
48.8121 	EXP 	window1: mouseVisible = True
48.8122 	EXP 	window1: mouseVisible = True
48.8122 	EXP 	window1: mouseVisible = True
48.8122 	EXP 	window1: mouseVisible = True
48.8122 	EXP 	window1: mouseVisible = True
48.8123 	EXP 	window1: mouseVisible = True
48.8123 	EXP 	window1: mouseVisible = True
48.8123 	EXP 	window1: mouseVisible = True
48.8124 	EXP 	window1: mouseVisible = True
48.8124 	EXP 	window1: mouseVisible = True
48.8124 	EXP 	window1: mouseVisible = True
48.8125 	EXP 	window1: mouseVisible = True
48.8125 	EXP 	window1: mouseVisible = True
48.8125 	EXP 	window1: mouseVisible = True
48.8126 	EXP 	window1: mouseVisible = True
48.8126 	EXP 	window1: mouseVisible = True
48.8126 	EXP 	window1: mouseVisible = True
48.8126 	EXP 	window1: mouseVisible = True
48.8127 	EXP 	window1: mouseVisible = True
48.8127 	EXP 	window1: mouseVisible = True
48.8127 	EXP 	window1: mouseVisible = True
48.8128 	EXP 	window1: mouseVisible = True
48.8128 	EXP 	window1: mouseVisible = True
48.8128 	EXP 	window1: mouseVisible = True
48.8129 	EXP 	window1: mouseVisible = True
48.8129 	EXP 	window1: mouseVisible = True
48.8129 	EXP 	window1: mouseVisible = True
48.8129 	EXP 	window1: mouseVisible = True
48.8130 	EXP 	window1: mouseVisible = True
48.8130 	EXP 	window1: mouseVisible = True
48.8130 	EXP 	window1: mouseVisible = True
48.8131 	EXP 	window1: mouseVisible = True
48.8131 	EXP 	window1: mouseVisible = True
48.8131 	EXP 	window1: mouseVisible = True
48.8132 	EXP 	window1: mouseVisible = True
48.8132 	EXP 	window1: mouseVisible = True
48.8132 	EXP 	window1: mouseVisible = True
48.8133 	EXP 	window1: mouseVisible = True
48.8133 	EXP 	window1: mouseVisible = True
48.8133 	EXP 	window1: mouseVisible = True
48.8133 	EXP 	window1: mouseVisible = True
48.8134 	EXP 	window1: mouseVisible = True
48.8134 	EXP 	window1: mouseVisible = True
48.8134 	EXP 	window1: mouseVisible = True
48.8135 	EXP 	window1: mouseVisible = True
48.8135 	EXP 	window1: mouseVisible = True
48.8135 	EXP 	window1: mouseVisible = True
48.8136 	EXP 	window1: mouseVisible = True
48.8136 	EXP 	window1: mouseVisible = True
48.8137 	EXP 	window1: mouseVisible = True
48.8137 	EXP 	window1: mouseVisible = True
48.8137 	EXP 	window1: mouseVisible = True
48.8137 	EXP 	window1: mouseVisible = True
48.8138 	EXP 	window1: mouseVisible = True
48.8138 	EXP 	window1: mouseVisible = True
48.8138 	EXP 	window1: mouseVisible = True
48.8139 	EXP 	window1: mouseVisible = True
48.8139 	EXP 	window1: mouseVisible = True
48.8139 	EXP 	window1: mouseVisible = True
48.8140 	EXP 	window1: mouseVisible = True
48.8140 	EXP 	window1: mouseVisible = True
48.8140 	EXP 	window1: mouseVisible = True
48.8141 	EXP 	window1: mouseVisible = True
48.8141 	EXP 	window1: mouseVisible = True
48.8141 	EXP 	window1: mouseVisible = True
48.8141 	EXP 	window1: mouseVisible = True
48.8142 	EXP 	window1: mouseVisible = True
48.8142 	EXP 	window1: mouseVisible = True
48.8142 	EXP 	window1: mouseVisible = True
48.8143 	EXP 	window1: mouseVisible = True
48.8143 	EXP 	window1: mouseVisible = True
48.8143 	EXP 	window1: mouseVisible = True
48.8144 	EXP 	window1: mouseVisible = True
48.8144 	EXP 	window1: mouseVisible = True
48.8144 	EXP 	window1: mouseVisible = True
48.8144 	EXP 	window1: mouseVisible = True
48.8145 	EXP 	window1: mouseVisible = True
48.8145 	EXP 	window1: mouseVisible = True
48.8145 	EXP 	window1: mouseVisible = True
48.8146 	EXP 	window1: mouseVisible = True
48.8146 	EXP 	window1: mouseVisible = True
48.8146 	EXP 	window1: mouseVisible = True
48.8147 	EXP 	window1: mouseVisible = True
48.8147 	EXP 	window1: mouseVisible = True
48.8147 	EXP 	window1: mouseVisible = True
48.8147 	EXP 	window1: mouseVisible = True
48.8148 	EXP 	window1: mouseVisible = True
48.8148 	EXP 	window1: mouseVisible = True
48.8148 	EXP 	window1: mouseVisible = True
48.8149 	EXP 	window1: mouseVisible = True
48.8149 	EXP 	window1: mouseVisible = True
48.8149 	EXP 	window1: mouseVisible = True
48.8150 	EXP 	window1: mouseVisible = True
48.8150 	EXP 	window1: mouseVisible = True
48.8150 	EXP 	window1: mouseVisible = True
48.8151 	EXP 	window1: mouseVisible = True
48.8151 	EXP 	window1: mouseVisible = True
48.8151 	EXP 	window1: mouseVisible = True
48.8151 	EXP 	window1: mouseVisible = True
48.8152 	EXP 	window1: mouseVisible = True
48.8152 	EXP 	window1: mouseVisible = True
48.8152 	EXP 	window1: mouseVisible = True
48.8153 	EXP 	window1: mouseVisible = True
48.8153 	EXP 	window1: mouseVisible = True
48.8153 	EXP 	window1: mouseVisible = True
48.8154 	EXP 	window1: mouseVisible = True
48.8154 	EXP 	window1: mouseVisible = True
48.8154 	EXP 	window1: mouseVisible = True
48.8154 	EXP 	window1: mouseVisible = True
48.8155 	EXP 	window1: mouseVisible = True
48.8155 	EXP 	window1: mouseVisible = True
48.8155 	EXP 	window1: mouseVisible = True
48.8156 	EXP 	window1: mouseVisible = True
48.8156 	EXP 	window1: mouseVisible = True
48.8156 	EXP 	window1: mouseVisible = True
48.8157 	EXP 	window1: mouseVisible = True
48.8157 	EXP 	window1: mouseVisible = True
48.8157 	EXP 	window1: mouseVisible = True
48.8158 	EXP 	window1: mouseVisible = True
48.8158 	EXP 	window1: mouseVisible = True
48.8158 	EXP 	window1: mouseVisible = True
48.8158 	EXP 	window1: mouseVisible = True
48.8159 	EXP 	window1: mouseVisible = True
48.8159 	EXP 	window1: mouseVisible = True
48.8159 	EXP 	window1: mouseVisible = True
48.8160 	EXP 	window1: mouseVisible = True
48.8160 	EXP 	window1: mouseVisible = True
48.8160 	EXP 	window1: mouseVisible = True
48.8161 	EXP 	window1: mouseVisible = True
48.8161 	EXP 	window1: mouseVisible = True
48.8161 	EXP 	window1: mouseVisible = True
48.8161 	EXP 	window1: mouseVisible = True
48.8162 	EXP 	window1: mouseVisible = True
48.8162 	EXP 	window1: mouseVisible = True
48.8162 	EXP 	window1: mouseVisible = True
48.8163 	EXP 	window1: mouseVisible = True
48.8163 	EXP 	window1: mouseVisible = True
48.8163 	EXP 	window1: mouseVisible = True
48.8164 	EXP 	window1: mouseVisible = True
48.8164 	EXP 	window1: mouseVisible = True
48.8164 	EXP 	window1: mouseVisible = True
48.8165 	EXP 	window1: mouseVisible = True
48.8165 	EXP 	window1: mouseVisible = True
48.8165 	EXP 	window1: mouseVisible = True
48.8166 	EXP 	window1: mouseVisible = True
48.8166 	EXP 	window1: mouseVisible = True
48.8166 	EXP 	window1: mouseVisible = True
48.8166 	EXP 	window1: mouseVisible = True
48.8167 	EXP 	window1: mouseVisible = True
48.8167 	EXP 	window1: mouseVisible = True
48.8167 	EXP 	window1: mouseVisible = True
48.8168 	EXP 	window1: mouseVisible = True
48.8168 	EXP 	window1: mouseVisible = True
48.8168 	EXP 	window1: mouseVisible = True
48.8169 	EXP 	window1: mouseVisible = True
48.8169 	EXP 	window1: mouseVisible = True
48.8169 	EXP 	window1: mouseVisible = True
48.8170 	EXP 	window1: mouseVisible = True
48.8170 	EXP 	window1: mouseVisible = True
48.8170 	EXP 	window1: mouseVisible = True
48.8170 	EXP 	window1: mouseVisible = True
48.8171 	EXP 	window1: mouseVisible = True
48.8171 	EXP 	window1: mouseVisible = True
48.8171 	EXP 	window1: mouseVisible = True
48.8172 	EXP 	window1: mouseVisible = True
48.8172 	EXP 	window1: mouseVisible = True
48.8172 	EXP 	window1: mouseVisible = True
48.8173 	EXP 	window1: mouseVisible = True
48.8173 	EXP 	window1: mouseVisible = True
48.8173 	EXP 	window1: mouseVisible = True
48.8173 	EXP 	window1: mouseVisible = True
48.8174 	EXP 	window1: mouseVisible = True
48.8174 	EXP 	window1: mouseVisible = True
48.8174 	EXP 	window1: mouseVisible = True
48.8175 	EXP 	window1: mouseVisible = True
48.8175 	EXP 	window1: mouseVisible = True
48.8175 	EXP 	window1: mouseVisible = True
48.8176 	EXP 	window1: mouseVisible = True
48.8176 	EXP 	window1: mouseVisible = True
48.8176 	EXP 	window1: mouseVisible = True
48.8177 	EXP 	window1: mouseVisible = True
48.8177 	EXP 	window1: mouseVisible = True
48.8177 	EXP 	window1: mouseVisible = True
48.8177 	EXP 	window1: mouseVisible = True
48.8178 	EXP 	window1: mouseVisible = True
48.8178 	EXP 	window1: mouseVisible = True
48.8178 	EXP 	window1: mouseVisible = True
48.8179 	EXP 	window1: mouseVisible = True
48.8179 	EXP 	window1: mouseVisible = True
48.8179 	EXP 	window1: mouseVisible = True
48.8180 	EXP 	window1: mouseVisible = True
48.8180 	EXP 	window1: mouseVisible = True
48.8180 	EXP 	window1: mouseVisible = True
48.8180 	EXP 	window1: mouseVisible = True
48.8181 	EXP 	window1: mouseVisible = True
48.8181 	EXP 	window1: mouseVisible = True
48.8181 	EXP 	window1: mouseVisible = True
48.8182 	EXP 	window1: mouseVisible = True
48.8182 	EXP 	window1: mouseVisible = True
48.8182 	EXP 	window1: mouseVisible = True
48.8183 	EXP 	window1: mouseVisible = True
48.8183 	EXP 	window1: mouseVisible = True
48.8183 	EXP 	window1: mouseVisible = True
48.8183 	EXP 	window1: mouseVisible = True
48.8184 	EXP 	window1: mouseVisible = True
48.8184 	EXP 	window1: mouseVisible = True
48.8185 	EXP 	window1: mouseVisible = True
48.8185 	EXP 	window1: mouseVisible = True
48.8185 	EXP 	window1: mouseVisible = True
48.8186 	EXP 	window1: mouseVisible = True
48.8186 	EXP 	window1: mouseVisible = True
48.8186 	EXP 	window1: mouseVisible = True
48.8186 	EXP 	window1: mouseVisible = True
48.8187 	EXP 	window1: mouseVisible = True
48.8187 	EXP 	window1: mouseVisible = True
48.8187 	EXP 	window1: mouseVisible = True
48.8188 	EXP 	window1: mouseVisible = True
48.8188 	EXP 	window1: mouseVisible = True
48.8188 	EXP 	window1: mouseVisible = True
48.8189 	EXP 	window1: mouseVisible = True
48.8189 	EXP 	window1: mouseVisible = True
48.8189 	EXP 	window1: mouseVisible = True
48.8190 	EXP 	window1: mouseVisible = True
48.8190 	EXP 	window1: mouseVisible = True
48.8190 	EXP 	window1: mouseVisible = True
48.8190 	EXP 	window1: mouseVisible = True
48.8191 	EXP 	window1: mouseVisible = True
48.8191 	EXP 	window1: mouseVisible = True
48.8191 	EXP 	window1: mouseVisible = True
48.8192 	EXP 	window1: mouseVisible = True
48.8192 	EXP 	window1: mouseVisible = True
48.8192 	EXP 	window1: mouseVisible = True
48.8193 	EXP 	window1: mouseVisible = True
48.8193 	EXP 	window1: mouseVisible = True
48.8193 	EXP 	window1: mouseVisible = True
48.8193 	EXP 	window1: mouseVisible = True
48.8194 	EXP 	window1: mouseVisible = True
48.8194 	EXP 	window1: mouseVisible = True
48.8194 	EXP 	window1: mouseVisible = True
48.8195 	EXP 	window1: mouseVisible = True
48.8195 	EXP 	window1: mouseVisible = True
48.8195 	EXP 	window1: mouseVisible = True
48.8196 	EXP 	window1: mouseVisible = True
48.8196 	EXP 	window1: mouseVisible = True
48.8196 	EXP 	window1: mouseVisible = True
48.8196 	EXP 	window1: mouseVisible = True
48.8197 	EXP 	window1: mouseVisible = True
48.8197 	EXP 	window1: mouseVisible = True
48.8197 	EXP 	window1: mouseVisible = True
48.8198 	EXP 	window1: mouseVisible = True
48.8198 	EXP 	window1: mouseVisible = True
48.8198 	EXP 	window1: mouseVisible = True
48.8199 	EXP 	window1: mouseVisible = True
48.8199 	EXP 	window1: mouseVisible = True
48.8199 	EXP 	window1: mouseVisible = True
48.8199 	EXP 	window1: mouseVisible = True
48.8200 	EXP 	window1: mouseVisible = True
48.8200 	EXP 	window1: mouseVisible = True
48.8200 	EXP 	window1: mouseVisible = True
48.8201 	EXP 	window1: mouseVisible = True
48.8201 	EXP 	window1: mouseVisible = True
48.8201 	EXP 	window1: mouseVisible = True
48.8202 	EXP 	window1: mouseVisible = True
48.8202 	EXP 	window1: mouseVisible = True
48.8202 	EXP 	window1: mouseVisible = True
48.8202 	EXP 	window1: mouseVisible = True
48.8203 	EXP 	window1: mouseVisible = True
48.8203 	EXP 	window1: mouseVisible = True
48.8203 	EXP 	window1: mouseVisible = True
48.8204 	EXP 	window1: mouseVisible = True
48.8204 	EXP 	window1: mouseVisible = True
48.8204 	EXP 	window1: mouseVisible = True
48.8205 	EXP 	window1: mouseVisible = True
48.8205 	EXP 	window1: mouseVisible = True
48.8205 	EXP 	window1: mouseVisible = True
48.8205 	EXP 	window1: mouseVisible = True
48.8206 	EXP 	window1: mouseVisible = True
48.8206 	EXP 	window1: mouseVisible = True
48.8206 	EXP 	window1: mouseVisible = True
48.8207 	EXP 	window1: mouseVisible = True
48.8207 	EXP 	window1: mouseVisible = True
48.8207 	EXP 	window1: mouseVisible = True
48.8208 	EXP 	window1: mouseVisible = True
48.8208 	EXP 	window1: mouseVisible = True
48.8208 	EXP 	window1: mouseVisible = True
48.8209 	EXP 	window1: mouseVisible = True
48.8209 	EXP 	window1: mouseVisible = True
48.8209 	EXP 	window1: mouseVisible = True
48.8209 	EXP 	window1: mouseVisible = True
48.8210 	EXP 	window1: mouseVisible = True
48.8210 	EXP 	window1: mouseVisible = True
48.8210 	EXP 	window1: mouseVisible = True
48.8211 	EXP 	window1: mouseVisible = True
48.8211 	EXP 	window1: mouseVisible = True
48.8211 	EXP 	window1: mouseVisible = True
48.8212 	EXP 	window1: mouseVisible = True
48.8212 	EXP 	window1: mouseVisible = True
48.8212 	EXP 	window1: mouseVisible = True
48.8212 	EXP 	window1: mouseVisible = True
48.8213 	EXP 	window1: mouseVisible = True
48.8213 	EXP 	window1: mouseVisible = True
48.8213 	EXP 	window1: mouseVisible = True
48.8214 	EXP 	window1: mouseVisible = True
48.8214 	EXP 	window1: mouseVisible = True
48.8214 	EXP 	window1: mouseVisible = True
48.8215 	EXP 	window1: mouseVisible = True
48.8215 	EXP 	window1: mouseVisible = True
48.8215 	EXP 	window1: mouseVisible = True
48.8216 	EXP 	window1: mouseVisible = True
48.8216 	EXP 	window1: mouseVisible = True
48.8216 	EXP 	window1: mouseVisible = True
48.8216 	EXP 	window1: mouseVisible = True
48.8217 	EXP 	window1: mouseVisible = True
48.8217 	EXP 	window1: mouseVisible = True
48.8217 	EXP 	window1: mouseVisible = True
48.8218 	EXP 	window1: mouseVisible = True
48.8218 	EXP 	window1: mouseVisible = True
48.8218 	EXP 	window1: mouseVisible = True
48.8218 	EXP 	window1: mouseVisible = True
48.8219 	EXP 	window1: mouseVisible = True
48.8219 	EXP 	window1: mouseVisible = True
48.8219 	EXP 	window1: mouseVisible = True
48.8220 	EXP 	window1: mouseVisible = True
48.8220 	EXP 	window1: mouseVisible = True
48.8220 	EXP 	window1: mouseVisible = True
48.8221 	EXP 	window1: mouseVisible = True
48.8221 	EXP 	window1: mouseVisible = True
48.8221 	EXP 	window1: mouseVisible = True
48.8222 	EXP 	window1: mouseVisible = True
48.8222 	EXP 	window1: mouseVisible = True
48.8222 	EXP 	window1: mouseVisible = True
48.8222 	EXP 	window1: mouseVisible = True
48.8223 	EXP 	window1: mouseVisible = True
48.8223 	EXP 	window1: mouseVisible = True
48.8223 	EXP 	window1: mouseVisible = True
48.8224 	EXP 	window1: mouseVisible = True
48.8224 	EXP 	window1: mouseVisible = True
48.8224 	EXP 	window1: mouseVisible = True
48.8225 	EXP 	window1: mouseVisible = True
48.8225 	EXP 	window1: mouseVisible = True
48.8225 	EXP 	window1: mouseVisible = True
48.8225 	EXP 	window1: mouseVisible = True
48.8226 	EXP 	window1: mouseVisible = True
48.8226 	EXP 	window1: mouseVisible = True
48.8226 	EXP 	window1: mouseVisible = True
48.8227 	EXP 	window1: mouseVisible = True
48.8227 	EXP 	window1: mouseVisible = True
48.8227 	EXP 	window1: mouseVisible = True
48.8228 	EXP 	window1: mouseVisible = True
48.8228 	EXP 	window1: mouseVisible = True
48.8228 	EXP 	window1: mouseVisible = True
48.8228 	EXP 	window1: mouseVisible = True
48.8229 	EXP 	window1: mouseVisible = True
48.8229 	EXP 	window1: mouseVisible = True
48.8229 	EXP 	window1: mouseVisible = True
48.8230 	EXP 	window1: mouseVisible = True
48.8230 	EXP 	window1: mouseVisible = True
48.8230 	EXP 	window1: mouseVisible = True
48.8231 	EXP 	window1: mouseVisible = True
48.8231 	EXP 	window1: mouseVisible = True
48.8232 	EXP 	window1: mouseVisible = True
48.8232 	EXP 	window1: mouseVisible = True
48.8232 	EXP 	window1: mouseVisible = True
48.8232 	EXP 	window1: mouseVisible = True
48.8233 	EXP 	window1: mouseVisible = True
48.8233 	EXP 	window1: mouseVisible = True
48.8233 	EXP 	window1: mouseVisible = True
48.8234 	EXP 	window1: mouseVisible = True
48.8234 	EXP 	window1: mouseVisible = True
48.8234 	EXP 	window1: mouseVisible = True
48.8235 	EXP 	window1: mouseVisible = True
48.8235 	EXP 	window1: mouseVisible = True
48.8235 	EXP 	window1: mouseVisible = True
48.8236 	EXP 	window1: mouseVisible = True
48.8236 	EXP 	window1: mouseVisible = True
48.8236 	EXP 	window1: mouseVisible = True
48.8236 	EXP 	window1: mouseVisible = True
48.8237 	EXP 	window1: mouseVisible = True
48.8237 	EXP 	window1: mouseVisible = True
48.8237 	EXP 	window1: mouseVisible = True
48.8238 	EXP 	window1: mouseVisible = True
48.8238 	EXP 	window1: mouseVisible = True
48.8238 	EXP 	window1: mouseVisible = True
48.8238 	EXP 	window1: mouseVisible = True
48.8239 	EXP 	window1: mouseVisible = True
48.8239 	EXP 	window1: mouseVisible = True
48.8239 	EXP 	window1: mouseVisible = True
48.8240 	EXP 	window1: mouseVisible = True
48.8241 	EXP 	window1: mouseVisible = True
48.8241 	EXP 	window1: mouseVisible = True
48.8241 	EXP 	window1: mouseVisible = True
48.8242 	EXP 	window1: mouseVisible = True
48.8242 	EXP 	window1: mouseVisible = True
48.8242 	EXP 	window1: mouseVisible = True
48.8243 	EXP 	window1: mouseVisible = True
48.8243 	EXP 	window1: mouseVisible = True
48.8243 	EXP 	window1: mouseVisible = True
48.8244 	EXP 	window1: mouseVisible = True
48.8244 	EXP 	window1: mouseVisible = True
48.8244 	EXP 	window1: mouseVisible = True
48.8245 	EXP 	window1: mouseVisible = True
48.8245 	EXP 	window1: mouseVisible = True
48.8245 	EXP 	window1: mouseVisible = True
48.8246 	EXP 	window1: mouseVisible = True
48.8246 	EXP 	window1: mouseVisible = True
48.8246 	EXP 	window1: mouseVisible = True
48.8246 	EXP 	window1: mouseVisible = True
48.8247 	EXP 	window1: mouseVisible = True
48.8247 	EXP 	window1: mouseVisible = True
48.8247 	EXP 	window1: mouseVisible = True
48.8248 	EXP 	window1: mouseVisible = True
48.8248 	EXP 	window1: mouseVisible = True
48.8248 	EXP 	window1: mouseVisible = True
48.8249 	EXP 	window1: mouseVisible = True
48.8249 	EXP 	window1: mouseVisible = True
48.8249 	EXP 	window1: mouseVisible = True
48.8250 	EXP 	window1: mouseVisible = True
48.8250 	EXP 	window1: mouseVisible = True
48.8250 	EXP 	window1: mouseVisible = True
48.8250 	EXP 	window1: mouseVisible = True
48.8251 	EXP 	window1: mouseVisible = True
48.8251 	EXP 	window1: mouseVisible = True
48.8251 	EXP 	window1: mouseVisible = True
48.8252 	EXP 	window1: mouseVisible = True
48.8252 	EXP 	window1: mouseVisible = True
48.8252 	EXP 	window1: mouseVisible = True
48.8253 	EXP 	window1: mouseVisible = True
48.8253 	EXP 	window1: mouseVisible = True
48.8253 	EXP 	window1: mouseVisible = True
48.8254 	EXP 	window1: mouseVisible = True
48.8254 	EXP 	window1: mouseVisible = True
48.8254 	EXP 	window1: mouseVisible = True
48.8254 	EXP 	window1: mouseVisible = True
48.8255 	EXP 	window1: mouseVisible = True
48.8255 	EXP 	window1: mouseVisible = True
48.8255 	EXP 	window1: mouseVisible = True
48.8256 	EXP 	window1: mouseVisible = True
48.8256 	EXP 	window1: mouseVisible = True
48.8256 	EXP 	window1: mouseVisible = True
48.8257 	EXP 	window1: mouseVisible = True
48.8257 	EXP 	window1: mouseVisible = True
48.8257 	EXP 	window1: mouseVisible = True
48.8258 	EXP 	window1: mouseVisible = True
48.8258 	EXP 	window1: mouseVisible = True
48.8258 	EXP 	window1: mouseVisible = True
48.8258 	EXP 	window1: mouseVisible = True
48.8259 	EXP 	window1: mouseVisible = True
48.8259 	EXP 	window1: mouseVisible = True
48.8259 	EXP 	window1: mouseVisible = True
48.8260 	EXP 	window1: mouseVisible = True
48.8260 	EXP 	window1: mouseVisible = True
48.8260 	EXP 	window1: mouseVisible = True
48.8261 	EXP 	window1: mouseVisible = True
48.8261 	EXP 	window1: mouseVisible = True
48.8261 	EXP 	window1: mouseVisible = True
48.8262 	EXP 	window1: mouseVisible = True
48.8262 	EXP 	window1: mouseVisible = True
48.8262 	EXP 	window1: mouseVisible = True
48.8262 	EXP 	window1: mouseVisible = True
48.8263 	EXP 	window1: mouseVisible = True
48.8263 	EXP 	window1: mouseVisible = True
48.8263 	EXP 	window1: mouseVisible = True
48.8264 	EXP 	window1: mouseVisible = True
48.8264 	EXP 	window1: mouseVisible = True
48.8264 	EXP 	window1: mouseVisible = True
48.8265 	EXP 	window1: mouseVisible = True
48.8265 	EXP 	window1: mouseVisible = True
48.8265 	EXP 	window1: mouseVisible = True
48.8265 	EXP 	window1: mouseVisible = True
48.8266 	EXP 	window1: mouseVisible = True
48.8266 	EXP 	window1: mouseVisible = True
48.8266 	EXP 	window1: mouseVisible = True
48.8267 	EXP 	window1: mouseVisible = True
48.8267 	EXP 	window1: mouseVisible = True
48.8267 	EXP 	window1: mouseVisible = True
48.8268 	EXP 	window1: mouseVisible = True
48.8268 	EXP 	window1: mouseVisible = True
48.8268 	EXP 	window1: mouseVisible = True
48.8269 	EXP 	window1: mouseVisible = True
48.8269 	EXP 	window1: mouseVisible = True
48.8269 	EXP 	window1: mouseVisible = True
48.8269 	EXP 	window1: mouseVisible = True
48.8270 	EXP 	window1: mouseVisible = True
48.8270 	EXP 	window1: mouseVisible = True
48.8270 	EXP 	window1: mouseVisible = True
48.8271 	EXP 	window1: mouseVisible = True
48.8271 	EXP 	window1: mouseVisible = True
48.8271 	EXP 	window1: mouseVisible = True
48.8272 	EXP 	window1: mouseVisible = True
48.8272 	EXP 	window1: mouseVisible = True
48.8272 	EXP 	window1: mouseVisible = True
48.8272 	EXP 	window1: mouseVisible = True
48.8273 	EXP 	window1: mouseVisible = True
48.8273 	EXP 	window1: mouseVisible = True
48.8273 	EXP 	window1: mouseVisible = True
48.8274 	EXP 	window1: mouseVisible = True
48.8274 	EXP 	window1: mouseVisible = True
48.8274 	EXP 	window1: mouseVisible = True
48.8275 	EXP 	window1: mouseVisible = True
48.8275 	EXP 	window1: mouseVisible = True
48.8275 	EXP 	window1: mouseVisible = True
48.8276 	EXP 	window1: mouseVisible = True
48.8276 	EXP 	window1: mouseVisible = True
48.8276 	EXP 	window1: mouseVisible = True
48.8276 	EXP 	window1: mouseVisible = True
48.8277 	EXP 	window1: mouseVisible = True
48.8277 	EXP 	window1: mouseVisible = True
48.8277 	EXP 	window1: mouseVisible = True
48.8278 	EXP 	window1: mouseVisible = True
48.8278 	EXP 	window1: mouseVisible = True
48.8278 	EXP 	window1: mouseVisible = True
48.8279 	EXP 	window1: mouseVisible = True
48.8279 	EXP 	window1: mouseVisible = True
48.8279 	EXP 	window1: mouseVisible = True
48.8279 	EXP 	window1: mouseVisible = True
48.8280 	EXP 	window1: mouseVisible = True
48.8280 	EXP 	window1: mouseVisible = True
48.8281 	EXP 	window1: mouseVisible = True
48.8281 	EXP 	window1: mouseVisible = True
48.8281 	EXP 	window1: mouseVisible = True
48.8282 	EXP 	window1: mouseVisible = True
48.8282 	EXP 	window1: mouseVisible = True
48.8282 	EXP 	window1: mouseVisible = True
48.8283 	EXP 	window1: mouseVisible = True
48.8283 	EXP 	window1: mouseVisible = True
48.8283 	EXP 	window1: mouseVisible = True
48.8284 	EXP 	window1: mouseVisible = True
48.8284 	EXP 	window1: mouseVisible = True
48.8284 	EXP 	window1: mouseVisible = True
48.8284 	EXP 	window1: mouseVisible = True
48.8285 	EXP 	window1: mouseVisible = True
48.8285 	EXP 	window1: mouseVisible = True
48.8285 	EXP 	window1: mouseVisible = True
48.8286 	EXP 	window1: mouseVisible = True
48.8286 	EXP 	window1: mouseVisible = True
48.8286 	EXP 	window1: mouseVisible = True
48.8287 	EXP 	window1: mouseVisible = True
48.8287 	EXP 	window1: mouseVisible = True
48.8287 	EXP 	window1: mouseVisible = True
48.8288 	EXP 	window1: mouseVisible = True
48.8288 	EXP 	window1: mouseVisible = True
48.8288 	EXP 	window1: mouseVisible = True
48.8288 	EXP 	window1: mouseVisible = True
48.8289 	EXP 	window1: mouseVisible = True
48.8289 	EXP 	window1: mouseVisible = True
48.8289 	EXP 	window1: mouseVisible = True
48.8290 	EXP 	window1: mouseVisible = True
48.8290 	EXP 	window1: mouseVisible = True
48.8290 	EXP 	window1: mouseVisible = True
48.8291 	EXP 	window1: mouseVisible = True
48.8291 	EXP 	window1: mouseVisible = True
48.8291 	EXP 	window1: mouseVisible = True
48.8291 	EXP 	window1: mouseVisible = True
48.8292 	EXP 	window1: mouseVisible = True
48.8292 	EXP 	window1: mouseVisible = True
48.8292 	EXP 	window1: mouseVisible = True
48.8293 	EXP 	window1: mouseVisible = True
48.8293 	EXP 	window1: mouseVisible = True
48.8293 	EXP 	window1: mouseVisible = True
48.8294 	EXP 	window1: mouseVisible = True
48.8294 	EXP 	window1: mouseVisible = True
48.8294 	EXP 	window1: mouseVisible = True
48.8295 	EXP 	window1: mouseVisible = True
48.8295 	EXP 	window1: mouseVisible = True
48.8295 	EXP 	window1: mouseVisible = True
48.8295 	EXP 	window1: mouseVisible = True
48.8296 	EXP 	window1: mouseVisible = True
48.8296 	EXP 	window1: mouseVisible = True
48.8296 	EXP 	window1: mouseVisible = True
48.8297 	EXP 	window1: mouseVisible = True
48.8297 	EXP 	window1: mouseVisible = True
48.8297 	EXP 	window1: mouseVisible = True
48.8298 	EXP 	window1: mouseVisible = True
48.8298 	EXP 	window1: mouseVisible = True
48.8298 	EXP 	window1: mouseVisible = True
48.8298 	EXP 	window1: mouseVisible = True
48.8299 	EXP 	window1: mouseVisible = True
48.8299 	EXP 	window1: mouseVisible = True
48.8299 	EXP 	window1: mouseVisible = True
48.8300 	EXP 	window1: mouseVisible = True
48.8300 	EXP 	window1: mouseVisible = True
48.8300 	EXP 	window1: mouseVisible = True
48.8301 	EXP 	window1: mouseVisible = True
48.8301 	EXP 	window1: mouseVisible = True
48.8301 	EXP 	window1: mouseVisible = True
48.8301 	EXP 	window1: mouseVisible = True
48.8302 	EXP 	window1: mouseVisible = True
48.8302 	EXP 	window1: mouseVisible = True
48.8302 	EXP 	window1: mouseVisible = True
48.8303 	EXP 	window1: mouseVisible = True
48.8303 	EXP 	window1: mouseVisible = True
48.8303 	EXP 	window1: mouseVisible = True
48.8304 	EXP 	window1: mouseVisible = True
48.8304 	EXP 	window1: mouseVisible = True
48.8304 	EXP 	window1: mouseVisible = True
48.8305 	EXP 	window1: mouseVisible = True
48.8305 	EXP 	window1: mouseVisible = True
48.8305 	EXP 	window1: mouseVisible = True
48.8306 	EXP 	window1: mouseVisible = True
48.8306 	EXP 	window1: mouseVisible = True
48.8306 	EXP 	window1: mouseVisible = True
48.8306 	EXP 	window1: mouseVisible = True
48.8307 	EXP 	window1: mouseVisible = True
48.8307 	EXP 	window1: mouseVisible = True
48.8307 	EXP 	window1: mouseVisible = True
48.8308 	EXP 	window1: mouseVisible = True
48.8308 	EXP 	window1: mouseVisible = True
48.8308 	EXP 	window1: mouseVisible = True
48.8309 	EXP 	window1: mouseVisible = True
48.8309 	EXP 	window1: mouseVisible = True
48.8309 	EXP 	window1: mouseVisible = True
48.8310 	EXP 	window1: mouseVisible = True
48.8310 	EXP 	window1: mouseVisible = True
48.8310 	EXP 	window1: mouseVisible = True
48.8310 	EXP 	window1: mouseVisible = True
48.8311 	EXP 	window1: mouseVisible = True
48.8311 	EXP 	window1: mouseVisible = True
48.8311 	EXP 	window1: mouseVisible = True
48.8312 	EXP 	window1: mouseVisible = True
48.8312 	EXP 	window1: mouseVisible = True
48.8312 	EXP 	window1: mouseVisible = True
48.8313 	EXP 	window1: mouseVisible = True
48.8313 	EXP 	window1: mouseVisible = True
48.8313 	EXP 	window1: mouseVisible = True
48.8313 	EXP 	window1: mouseVisible = True
48.8314 	EXP 	window1: mouseVisible = True
48.8314 	EXP 	window1: mouseVisible = True
48.8315 	EXP 	window1: mouseVisible = True
48.8315 	EXP 	window1: mouseVisible = True
48.8315 	EXP 	window1: mouseVisible = True
48.8316 	EXP 	window1: mouseVisible = True
48.8316 	EXP 	window1: mouseVisible = True
48.8316 	EXP 	window1: mouseVisible = True
48.8317 	EXP 	window1: mouseVisible = True
48.8317 	EXP 	window1: mouseVisible = True
48.8317 	EXP 	window1: mouseVisible = True
48.8318 	EXP 	window1: mouseVisible = True
48.8318 	EXP 	window1: mouseVisible = True
48.8318 	EXP 	window1: mouseVisible = True
48.8319 	EXP 	window1: mouseVisible = True
48.8319 	EXP 	window1: mouseVisible = True
48.8319 	EXP 	window1: mouseVisible = True
48.8319 	EXP 	window1: mouseVisible = True
48.8320 	EXP 	window1: mouseVisible = True
48.8320 	EXP 	window1: mouseVisible = True
48.8320 	EXP 	window1: mouseVisible = True
48.8321 	EXP 	window1: mouseVisible = True
48.8321 	EXP 	window1: mouseVisible = True
48.8321 	EXP 	window1: mouseVisible = True
48.8322 	EXP 	window1: mouseVisible = True
48.8322 	EXP 	window1: mouseVisible = True
48.8322 	EXP 	window1: mouseVisible = True
48.8323 	EXP 	window1: mouseVisible = True
48.8323 	EXP 	window1: mouseVisible = True
48.8323 	EXP 	window1: mouseVisible = True
48.8324 	EXP 	window1: mouseVisible = True
48.8324 	EXP 	window1: mouseVisible = True
48.8324 	EXP 	window1: mouseVisible = True
48.8324 	EXP 	window1: mouseVisible = True
48.8325 	EXP 	window1: mouseVisible = True
48.8325 	EXP 	window1: mouseVisible = True
48.8325 	EXP 	window1: mouseVisible = True
48.8326 	EXP 	window1: mouseVisible = True
48.8326 	EXP 	window1: mouseVisible = True
48.8326 	EXP 	window1: mouseVisible = True
48.8327 	EXP 	window1: mouseVisible = True
48.8327 	EXP 	window1: mouseVisible = True
48.8327 	EXP 	window1: mouseVisible = True
48.8328 	EXP 	window1: mouseVisible = True
48.8328 	EXP 	window1: mouseVisible = True
48.8328 	EXP 	window1: mouseVisible = True
48.8332 	EXP 	window1: mouseVisible = True
48.8333 	EXP 	window1: mouseVisible = True
48.8333 	EXP 	window1: mouseVisible = True
48.8333 	EXP 	window1: mouseVisible = True
