7.6205 	WARNING 	Monitor specification not found. Creating a temporary one...
7.6504 	WARNING 	User requested fullscreen with size [800 600], but screen is actually [1280, 1024]. Using actual size
8.2098 	EXP 	Created window1 = Window(allowGUI=True, allowStencil=False, autoLog=True, backendConf=UNKNOWN, bitsMode=UNKNOWN, blendMode='avg', bpc=(8, 8, 8), color=array([0, 0, 0]), colorSpace='rgb', depthBits=8, fullscr=<method-wrapper '__getattribute__' of attributeSetter object at 0x000001ACBA1C6D30>, gamma=None, gammaErrorPolicy='raise', lms=UNKNOWN, monitor=<psychopy.monitors.calibTools.Monitor object at 0x000001ACBA7184C0>, multiSample=False, name='window1', numSamples=2, pos=(0, 0), screen=0, size=array([1280, 1024]), stencilBits=0, stereo=False, units='pix', useFBO=False, useRetina=False, viewOri=0.0, viewPos=None, viewScale=None, waitBlanking=True, winType='pyglet')
8.2098 	EXP 	window1: mouseVisible = True
8.2103 	EXP 	window1: mouseVisible = False
11.3906 	DATA 	Keypress: return
11.9155 	DATA 	Keypress: return
14.1964 	DATA 	Keypress: space
16.9234 	DATA 	Mouse: Left button down, pos=(22,570)
17.0555 	DATA 	Mouse:  Left button up, pos=(22,570)
18.5175 	DATA 	Keypress: return
44.8952 	EXP 	window1: units = 'pix'
44.9201 	WARNING 	User requested fullscreen with size [1280  720], but screen is actually [1280, 1024]. Using actual size
45.3340 	EXP 	Created window1 = Window(allowGUI=False, allowStencil=False, autoLog=True, backendConf=UNKNOWN, bitsMode=UNKNOWN, blendMode='avg', bpc=(8, 8, 8), color=array([0, 0, 0]), colorSpace='rgb', depthBits=8, fullscr=<method-wrapper '__getattribute__' of attributeSetter object at 0x000001ACBA1C6D30>, gamma=None, gammaErrorPolicy='raise', lms=UNKNOWN, monitor=<psychopy.monitors.calibTools.Monitor object at 0x000001ACC0D57B50>, multiSample=False, name='window1', numSamples=2, pos=(0, 0), screen=0, size=array([1280, 1024]), stencilBits=0, stereo=False, units='height', useFBO=True, useRetina=False, viewOri=0.0, viewPos=None, viewScale=None, waitBlanking=True, winType='pyglet')
45.3342 	EXP 	window1: mouseVisible = True
45.3343 	EXP 	window1: Attempting to measure frame rate of screen (0) ...
45.3343 	EXP 	window1: recordFrameIntervals = False
45.5002 	EXP 	window1: recordFrameIntervals = True
45.6838 	EXP 	Screen (0) actual frame rate measured at 60.01Hz
45.6838 	EXP 	window1: recordFrameIntervals = False
45.8714 	EXP 	Created Instructions = TextStim(__class__=<class 'psychopy.visual.text.TextStim'>, alignHoriz=method-wrapper(...), alignText='center', alignVert=method-wrapper(...), anchorHoriz='center', anchorVert='center', antialias=True, autoDraw=False, autoLog=True, bold=False, color=array([1, 1, 1]), colorSpace='rgb', contrast=1.0, depth=0.0, flipHoriz=False, flipVert=False, font='Arial', fontFiles=[], height=0.03, italic=False, languageStyle='LTR', name='Instructions', opacity=1.0, ori=0, pos=array([0., 0.]), rgb=UNKNOWN, text=str(...), units='height', win=Window(...), wrapWidth=1)
45.8754 	EXP 	Created Triplet1 = ImageStim(__class__=<class 'psychopy.visual.image.ImageStim'>, anchor=('center', 'center'), autoLog=True, color=array([1, 1, 1]), colorSpace='rgb', contrast=1.0, depth=-1.0, flipHoriz=False, flipVert=False, image='sin', interpolate=True, mask=None, maskParams=None, name='Triplet1', opacity=1.0, ori=0.0, pos=array([0., 0.]), size=array([0.3, 0.3]), texRes=128, units='height', win=Window(...))
45.8787 	EXP 	Created Triplet2 = ImageStim(__class__=<class 'psychopy.visual.image.ImageStim'>, anchor=('center', 'center'), autoLog=True, color=array([1, 1, 1]), colorSpace='rgb', contrast=1.0, depth=-2.0, flipHoriz=False, flipVert=False, image='sin', interpolate=True, mask=None, maskParams=None, name='Triplet2', opacity=1.0, ori=0.0, pos=array([0., 0.]), size=array([0.3, 0.3]), texRes=128, units='height', win=Window(...))
45.8842 	EXP 	Created Triplet3 = ImageStim(__class__=<class 'psychopy.visual.image.ImageStim'>, anchor=('center', 'center'), autoLog=True, color=array([1, 1, 1]), colorSpace='rgb', contrast=1.0, depth=-3.0, flipHoriz=False, flipVert=False, image='sin', interpolate=True, mask=None, maskParams=None, name='Triplet3', opacity=1.0, ori=0.0, pos=array([0., 0.]), size=array([0.3, 0.3]), texRes=128, units='height', win=Window(...))
45.8930 	EXP 	Sound sound_pop set volume 1.000
45.9019 	EXP 	Sound sound_pop2 set volume 1.000
45.9106 	EXP 	Sound sound_pop3 set volume 1.000
45.9979 	EXP 	Created Mask = ImageStim(__class__=<class 'psychopy.visual.image.ImageStim'>, anchor=('center', 'center'), autoLog=True, color=array([1, 1, 1]), colorSpace='rgb', contrast=1.0, depth=0.0, flipHoriz=False, flipVert=False, image='images/Mask.png', interpolate=True, mask=None, maskParams=None, name='Mask', opacity=1.0, ori=0.0, pos=array([0., 0.]), size=array([1.5, 0.5]), texRes=128, units='height', win=Window(...))
46.0049 	EXP 	Created img1 = ImageStim(__class__=<class 'psychopy.visual.image.ImageStim'>, anchor=('center', 'center'), autoLog=True, color=array([1, 1, 1]), colorSpace='rgb', contrast=1.0, depth=-1.0, flipHoriz=False, flipVert=False, image='sin', interpolate=True, mask=None, maskParams=None, name='img1', opacity=1.0, ori=0.0, pos=array([0., 0.]), size=array([0.3, 0.3]), texRes=128, units='height', win=Window(...))
46.0095 	EXP 	Created img2 = ImageStim(__class__=<class 'psychopy.visual.image.ImageStim'>, anchor=('center', 'center'), autoLog=True, color=array([1, 1, 1]), colorSpace='rgb', contrast=1.0, depth=-2.0, flipHoriz=False, flipVert=False, image='sin', interpolate=True, mask=None, maskParams=None, name='img2', opacity=1.0, ori=0.0, pos=array([0., 0.]), size=array([0.3, 0.3]), texRes=128, units='height', win=Window(...))
46.0141 	EXP 	Created img3 = ImageStim(__class__=<class 'psychopy.visual.image.ImageStim'>, anchor=('center', 'center'), autoLog=True, color=array([1, 1, 1]), colorSpace='rgb', contrast=1.0, depth=-3.0, flipHoriz=False, flipVert=False, image='sin', interpolate=True, mask=None, maskParams=None, name='img3', opacity=1.0, ori=0.0, pos=array([0., 0.]), size=array([0.3, 0.3]), texRes=128, units='height', win=Window(...))
46.0231 	EXP 	Sound sound_pop4 set volume 1.000
46.0321 	EXP 	Sound sound_pop5 set volume 1.000
46.0410 	EXP 	Sound sound_pop6 set volume 1.000
46.0452 	EXP 	Created text_2 = TextStim(__class__=<class 'psychopy.visual.text.TextStim'>, alignHoriz=method-wrapper(...), alignText='center', alignVert=method-wrapper(...), anchorHoriz='center', anchorVert='center', antialias=True, autoDraw=False, autoLog=True, bold=False, color=array([1, 1, 1]), colorSpace='rgb', contrast=1.0, depth=0.0, flipHoriz=False, flipVert=False, font='Arial', fontFiles=[], height=0.03, italic=False, languageStyle='LTR', name='text_2', opacity=1.0, ori=0, pos=array([0., 0.]), rgb=UNKNOWN, text=str(...), units='height', win=Window(...), wrapWidth=1)
46.0481 	EXP 	Created text = TextStim(__class__=<class 'psychopy.visual.text.TextStim'>, alignHoriz=method-wrapper(...), alignText='center', alignVert=method-wrapper(...), anchorHoriz='center', anchorVert='center', antialias=True, autoDraw=False, autoLog=True, bold=False, color=array([1, 1, 1]), colorSpace='rgb', contrast=1.0, depth=-1.0, flipHoriz=False, flipVert=False, font='Arial', fontFiles=[], height=0.03, italic=False, languageStyle='LTR', name='text', opacity=1.0, ori=0, pos=array([0., 0.]), rgb=UNKNOWN, text=str(...), units='height', win=Window(...), wrapWidth=1)
46.0486 	EXP 	Created sameText = TextStim(__class__=<class 'psychopy.visual.text.TextStim'>, alignHoriz=method-wrapper(...), alignText='center', alignVert=method-wrapper(...), anchorHoriz='center', anchorVert='center', antialias=True, autoDraw=False, autoLog=True, bold=False, color=array([1, 1, 1]), colorSpace='rgb', contrast=1.0, depth=-2.0, flipHoriz=False, flipVert=False, font='Arial', fontFiles=[], height=0.03, italic=False, languageStyle='LTR', name='sameText', opacity=1.0, ori=0, pos=array([-0.2, -0.3]), rgb=UNKNOWN, text='', units='height', win=Window(...), wrapWidth=1)
46.0490 	EXP 	Created diffText = TextStim(__class__=<class 'psychopy.visual.text.TextStim'>, alignHoriz=method-wrapper(...), alignText='center', alignVert=method-wrapper(...), anchorHoriz='center', anchorVert='center', antialias=True, autoDraw=False, autoLog=True, bold=False, color=array([1, 1, 1]), colorSpace='rgb', contrast=1.0, depth=-3.0, flipHoriz=False, flipVert=False, font='Arial', fontFiles=[], height=0.03, italic=False, languageStyle='LTR', name='diffText', opacity=1.0, ori=0, pos=array([ 0.2, -0.3]), rgb=UNKNOWN, text='', units='height', win=Window(...), wrapWidth=1)
46.0499 	EXP 	Created leftCL = Rect(__class__=<class 'psychopy.visual.rect.Rect'>, anchor=('center', 'center'), autoDraw=False, autoLog=True, closeShape=True, color=method-wrapper(...), colorSpace='rgb', contrast=None, depth=-4.0, fillColor=array([1., 1., 1.]), fillColorSpace='rgb', fillRGB=array([1., 1., 1.]), interpolate=True, lineColor=array([1, 1, 1]), lineColorSpace='rgb', lineRGB=array([1, 1, 1]), lineWidth=3, name='leftCL', opacity=0.5, ori=0.0, pos=array([-0.2, -0.3]), size=array([-0.2, -0.2]), units='height', vertices=ndarray(...), win=Window(...))
46.0508 	EXP 	Created rightCL = Rect(__class__=<class 'psychopy.visual.rect.Rect'>, anchor=('center', 'center'), autoDraw=False, autoLog=True, closeShape=True, color=method-wrapper(...), colorSpace='rgb', contrast=None, depth=-5.0, fillColor=array([1., 1., 1.]), fillColorSpace='rgb', fillRGB=array([1., 1., 1.]), interpolate=True, lineColor=array([1, 1, 1]), lineColorSpace='rgb', lineRGB=array([1, 1, 1]), lineWidth=3, name='rightCL', opacity=0.5, ori=0.0, pos=array([ 0.2, -0.3]), size=array([0.2, 0.2]), units='height', vertices=ndarray(...), win=Window(...))
46.0508 	EXP 	window1: mouseVisible = True
46.0513 	EXP 	Sound clickedSound set volume 1.000
46.0549 	EXP 	Created retIMG = ImageStim(__class__=<class 'psychopy.visual.image.ImageStim'>, anchor=('center', 'center'), autoLog=True, color=array([1, 1, 1]), colorSpace='rgb', contrast=1.0, depth=-1.0, flipHoriz=False, flipVert=False, image='sin', interpolate=True, mask=None, maskParams=None, name='retIMG', opacity=1.0, ori=0.0, pos=array([0., 0.]), size=array([0.3, 0.3]), texRes=128, units='height', win=Window(...))
46.0637 	EXP 	Sound sound_pop7 set volume 1.000
46.0663 	EXP 	Created question_text = TextStim(__class__=<class 'psychopy.visual.text.TextStim'>, alignHoriz=method-wrapper(...), alignText='center', alignVert=method-wrapper(...), anchorHoriz='center', anchorVert='center', antialias=True, autoDraw=False, autoLog=True, bold=False, color=array([1, 1, 1]), colorSpace='rgb', contrast=1.0, depth=0.0, flipHoriz=False, flipVert=False, font='Arial', fontFiles=[], height=0.03, italic=False, languageStyle='LTR', name='question_text', opacity=1.0, ori=0, pos=array([0. , 0.3]), rgb=UNKNOWN, text='When did you see this object?', units='height', win=Window(...), wrapWidth=1)
46.0684 	EXP 	Created decisionQ_2 = TextStim(__class__=<class 'psychopy.visual.text.TextStim'>, alignHoriz=method-wrapper(...), alignText='center', alignVert=method-wrapper(...), anchorHoriz='center', anchorVert='center', antialias=True, autoDraw=False, autoLog=True, bold=False, color=array([1, 1, 1]), colorSpace='rgb', contrast=1.0, depth=-1.0, flipHoriz=False, flipVert=False, font='Arial', fontFiles=[], height=0.03, italic=False, languageStyle='LTR', name='decisionQ_2', opacity=1.0, ori=0, pos=array([0. , 0.3]), rgb=UNKNOWN, text='When did you see this object?', units='height', win=Window(...), wrapWidth=1)
46.0691 	EXP 	Created first_left = Rect(__class__=<class 'psychopy.visual.rect.Rect'>, anchor=('center', 'center'), autoDraw=False, autoLog=True, closeShape=True, color=method-wrapper(...), colorSpace='rgb', contrast=None, depth=-2.0, fillColor=array([1, 1, 1]), fillColorSpace='rgb', fillRGB=array([1, 1, 1]), interpolate=True, lineColor=array([1, 1, 1]), lineColorSpace='rgb', lineRGB=array([1, 1, 1]), lineWidth=3, name='first_left', opacity=0.5, ori=0.0, pos=array([0. , 0.1]), size=array([0.15, 0.15]), units='height', vertices=ndarray(...), win=Window(...))
46.0698 	EXP 	Created second_middle = Rect(__class__=<class 'psychopy.visual.rect.Rect'>, anchor=('center', 'center'), autoDraw=False, autoLog=True, closeShape=True, color=method-wrapper(...), colorSpace='rgb', contrast=None, depth=-3.0, fillColor=array([1, 1, 1]), fillColorSpace='rgb', fillRGB=array([1, 1, 1]), interpolate=True, lineColor=array([1, 1, 1]), lineColorSpace='rgb', lineRGB=array([1, 1, 1]), lineWidth=3, name='second_middle', opacity=0.5, ori=0.0, pos=array([ 0. , -0.1]), size=array([0.15, 0.15]), units='height', vertices=ndarray(...), win=Window(...))
46.0705 	EXP 	Created third_right = Rect(__class__=<class 'psychopy.visual.rect.Rect'>, anchor=('center', 'center'), autoDraw=False, autoLog=True, closeShape=True, color=method-wrapper(...), colorSpace='rgb', contrast=None, depth=-4.0, fillColor=array([1, 1, 1]), fillColorSpace='rgb', fillRGB=array([1, 1, 1]), interpolate=True, lineColor=array([1, 1, 1]), lineColorSpace='rgb', lineRGB=array([1, 1, 1]), lineWidth=3, name='third_right', opacity=0.5, ori=0.0, pos=array([ 0. , -0.3]), size=array([0.15, 0.15]), units='height', vertices=ndarray(...), win=Window(...))
46.0727 	EXP 	Created First = TextStim(__class__=<class 'psychopy.visual.text.TextStim'>, alignHoriz=method-wrapper(...), alignText='center', alignVert=method-wrapper(...), anchorHoriz='center', anchorVert='center', antialias=True, autoDraw=False, autoLog=True, bold=False, color=array([1, 1, 1]), colorSpace='rgb', contrast=1.0, depth=-5.0, flipHoriz=False, flipVert=False, font='Arial', fontFiles=[], height=0.03, italic=False, languageStyle='LTR', name='First', opacity=1.0, ori=0, pos=array([0. , 0.1]), rgb=UNKNOWN, text='First', units='height', win=Window(...), wrapWidth=1)
46.0746 	EXP 	Created Second = TextStim(__class__=<class 'psychopy.visual.text.TextStim'>, alignHoriz=method-wrapper(...), alignText='center', alignVert=method-wrapper(...), anchorHoriz='center', anchorVert='center', antialias=True, autoDraw=False, autoLog=True, bold=False, color=array([1, 1, 1]), colorSpace='rgb', contrast=1.0, depth=-6.0, flipHoriz=False, flipVert=False, font='Arial', fontFiles=[], height=0.03, italic=False, languageStyle='LTR', name='Second', opacity=1.0, ori=0, pos=array([ 0. , -0.1]), rgb=UNKNOWN, text='Second', units='height', win=Window(...), wrapWidth=1)
46.0765 	EXP 	Created Third = TextStim(__class__=<class 'psychopy.visual.text.TextStim'>, alignHoriz=method-wrapper(...), alignText='center', alignVert=method-wrapper(...), anchorHoriz='center', anchorVert='center', antialias=True, autoDraw=False, autoLog=True, bold=False, color=array([1, 1, 1]), colorSpace='rgb', contrast=1.0, depth=-7.0, flipHoriz=False, flipVert=False, font='Arial', fontFiles=[], height=0.03, italic=False, languageStyle='LTR', name='Third', opacity=1.0, ori=0, pos=array([ 0. , -0.3]), rgb=UNKNOWN, text='Third', units='height', win=Window(...), wrapWidth=1)
46.0765 	EXP 	window1: mouseVisible = True
46.0769 	EXP 	Sound clickedSound set volume 1.000
46.0844 	EXP 	Created BlockBreak = TextStim(__class__=<class 'psychopy.visual.text.TextStim'>, alignHoriz=method-wrapper(...), alignText='center', alignVert=method-wrapper(...), anchorHoriz='center', anchorVert='center', antialias=True, autoDraw=False, autoLog=True, bold=False, color=array([1, 1, 1]), colorSpace='rgb', contrast=1.0, depth=0.0, flipHoriz=False, flipVert=False, font='Arial', fontFiles=[], height=0.03, italic=False, languageStyle='LTR', name='BlockBreak', opacity=1.0, ori=0, pos=array([0., 0.]), rgb=UNKNOWN, text=str(...), units='height', win=Window(...), wrapWidth=1)
46.0980 	EXP 	Created text_4 = TextStim(__class__=<class 'psychopy.visual.text.TextStim'>, alignHoriz=method-wrapper(...), alignText='center', alignVert=method-wrapper(...), anchorHoriz='center', anchorVert='center', antialias=True, autoDraw=False, autoLog=True, bold=False, color=array([1, 1, 1]), colorSpace='rgb', contrast=1.0, depth=-1.0, flipHoriz=False, flipVert=False, font='Open Sans', fontFiles=[], height=0.03, italic=False, languageStyle='LTR', name='text_4', opacity=1.0, ori=0.0, pos=array([0., 0.]), rgb=UNKNOWN, text=str(...), units='height', win=Window(...), wrapWidth=1)
46.1016 	EXP 	Created Triplet1 = ImageStim(__class__=<class 'psychopy.visual.image.ImageStim'>, anchor=('center', 'center'), autoLog=True, color=array([1, 1, 1]), colorSpace='rgb', contrast=1.0, depth=-1.0, flipHoriz=False, flipVert=False, image='sin', interpolate=True, mask=None, maskParams=None, name='Triplet1', opacity=1.0, ori=0.0, pos=array([0., 0.]), size=array([0.3, 0.3]), texRes=128, units='height', win=Window(...))
46.1062 	EXP 	Created Triplet2 = ImageStim(__class__=<class 'psychopy.visual.image.ImageStim'>, anchor=('center', 'center'), autoLog=True, color=array([1, 1, 1]), colorSpace='rgb', contrast=1.0, depth=-2.0, flipHoriz=False, flipVert=False, image='sin', interpolate=True, mask=None, maskParams=None, name='Triplet2', opacity=1.0, ori=0.0, pos=array([0., 0.]), size=array([0.3, 0.3]), texRes=128, units='height', win=Window(...))
46.1108 	EXP 	Created Triplet3 = ImageStim(__class__=<class 'psychopy.visual.image.ImageStim'>, anchor=('center', 'center'), autoLog=True, color=array([1, 1, 1]), colorSpace='rgb', contrast=1.0, depth=-3.0, flipHoriz=False, flipVert=False, image='sin', interpolate=True, mask=None, maskParams=None, name='Triplet3', opacity=1.0, ori=0.0, pos=array([0., 0.]), size=array([0.3, 0.3]), texRes=128, units='height', win=Window(...))
46.1197 	EXP 	Sound sound_pop set volume 1.000
46.1285 	EXP 	Sound sound_pop2 set volume 1.000
46.1374 	EXP 	Sound sound_pop3 set volume 1.000
46.2226 	EXP 	Created Mask = ImageStim(__class__=<class 'psychopy.visual.image.ImageStim'>, anchor=('center', 'center'), autoLog=True, color=array([1, 1, 1]), colorSpace='rgb', contrast=1.0, depth=0.0, flipHoriz=False, flipVert=False, image='images/Mask.png', interpolate=True, mask=None, maskParams=None, name='Mask', opacity=1.0, ori=0.0, pos=array([0., 0.]), size=array([1.5, 0.5]), texRes=128, units='height', win=Window(...))
46.2284 	EXP 	Created img1 = ImageStim(__class__=<class 'psychopy.visual.image.ImageStim'>, anchor=('center', 'center'), autoLog=True, color=array([1, 1, 1]), colorSpace='rgb', contrast=1.0, depth=-1.0, flipHoriz=False, flipVert=False, image='sin', interpolate=True, mask=None, maskParams=None, name='img1', opacity=1.0, ori=0.0, pos=array([0., 0.]), size=array([0.3, 0.3]), texRes=128, units='height', win=Window(...))
46.2328 	EXP 	Created img2 = ImageStim(__class__=<class 'psychopy.visual.image.ImageStim'>, anchor=('center', 'center'), autoLog=True, color=array([1, 1, 1]), colorSpace='rgb', contrast=1.0, depth=-2.0, flipHoriz=False, flipVert=False, image='sin', interpolate=True, mask=None, maskParams=None, name='img2', opacity=1.0, ori=0.0, pos=array([0., 0.]), size=array([0.3, 0.3]), texRes=128, units='height', win=Window(...))
46.2372 	EXP 	Created img3 = ImageStim(__class__=<class 'psychopy.visual.image.ImageStim'>, anchor=('center', 'center'), autoLog=True, color=array([1, 1, 1]), colorSpace='rgb', contrast=1.0, depth=-3.0, flipHoriz=False, flipVert=False, image='sin', interpolate=True, mask=None, maskParams=None, name='img3', opacity=1.0, ori=0.0, pos=array([0., 0.]), size=array([0.3, 0.3]), texRes=128, units='height', win=Window(...))
46.2460 	EXP 	Sound sound_pop4 set volume 1.000
46.2548 	EXP 	Sound sound_pop5 set volume 1.000
46.2637 	EXP 	Sound sound_pop6 set volume 1.000
46.2678 	EXP 	Created text_2 = TextStim(__class__=<class 'psychopy.visual.text.TextStim'>, alignHoriz=method-wrapper(...), alignText='center', alignVert=method-wrapper(...), anchorHoriz='center', anchorVert='center', antialias=True, autoDraw=False, autoLog=True, bold=False, color=array([1, 1, 1]), colorSpace='rgb', contrast=1.0, depth=0.0, flipHoriz=False, flipVert=False, font='Arial', fontFiles=[], height=0.03, italic=False, languageStyle='LTR', name='text_2', opacity=1.0, ori=0, pos=array([0., 0.]), rgb=UNKNOWN, text=str(...), units='height', win=Window(...), wrapWidth=1)
46.2702 	EXP 	Created text = TextStim(__class__=<class 'psychopy.visual.text.TextStim'>, alignHoriz=method-wrapper(...), alignText='center', alignVert=method-wrapper(...), anchorHoriz='center', anchorVert='center', antialias=True, autoDraw=False, autoLog=True, bold=False, color=array([1, 1, 1]), colorSpace='rgb', contrast=1.0, depth=-1.0, flipHoriz=False, flipVert=False, font='Arial', fontFiles=[], height=0.03, italic=False, languageStyle='LTR', name='text', opacity=1.0, ori=0, pos=array([0., 0.]), rgb=UNKNOWN, text=str(...), units='height', win=Window(...), wrapWidth=1)
46.2707 	EXP 	Created sameText = TextStim(__class__=<class 'psychopy.visual.text.TextStim'>, alignHoriz=method-wrapper(...), alignText='center', alignVert=method-wrapper(...), anchorHoriz='center', anchorVert='center', antialias=True, autoDraw=False, autoLog=True, bold=False, color=array([1, 1, 1]), colorSpace='rgb', contrast=1.0, depth=-2.0, flipHoriz=False, flipVert=False, font='Arial', fontFiles=[], height=0.03, italic=False, languageStyle='LTR', name='sameText', opacity=1.0, ori=0, pos=array([-0.2, -0.3]), rgb=UNKNOWN, text='', units='height', win=Window(...), wrapWidth=1)
46.2712 	EXP 	Created diffText = TextStim(__class__=<class 'psychopy.visual.text.TextStim'>, alignHoriz=method-wrapper(...), alignText='center', alignVert=method-wrapper(...), anchorHoriz='center', anchorVert='center', antialias=True, autoDraw=False, autoLog=True, bold=False, color=array([1, 1, 1]), colorSpace='rgb', contrast=1.0, depth=-3.0, flipHoriz=False, flipVert=False, font='Arial', fontFiles=[], height=0.03, italic=False, languageStyle='LTR', name='diffText', opacity=1.0, ori=0, pos=array([ 0.2, -0.3]), rgb=UNKNOWN, text='', units='height', win=Window(...), wrapWidth=1)
46.2721 	EXP 	Created leftCL = Rect(__class__=<class 'psychopy.visual.rect.Rect'>, anchor=('center', 'center'), autoDraw=False, autoLog=True, closeShape=True, color=method-wrapper(...), colorSpace='rgb', contrast=None, depth=-4.0, fillColor=array([1., 1., 1.]), fillColorSpace='rgb', fillRGB=array([1., 1., 1.]), interpolate=True, lineColor=array([1, 1, 1]), lineColorSpace='rgb', lineRGB=array([1, 1, 1]), lineWidth=3, name='leftCL', opacity=0.5, ori=0.0, pos=array([-0.2, -0.3]), size=array([-0.2, -0.2]), units='height', vertices=ndarray(...), win=Window(...))
46.2729 	EXP 	Created rightCL = Rect(__class__=<class 'psychopy.visual.rect.Rect'>, anchor=('center', 'center'), autoDraw=False, autoLog=True, closeShape=True, color=method-wrapper(...), colorSpace='rgb', contrast=None, depth=-5.0, fillColor=array([1., 1., 1.]), fillColorSpace='rgb', fillRGB=array([1., 1., 1.]), interpolate=True, lineColor=array([1, 1, 1]), lineColorSpace='rgb', lineRGB=array([1, 1, 1]), lineWidth=3, name='rightCL', opacity=0.5, ori=0.0, pos=array([ 0.2, -0.3]), size=array([0.2, 0.2]), units='height', vertices=ndarray(...), win=Window(...))
46.2730 	EXP 	window1: mouseVisible = True
46.2734 	EXP 	Sound clickedSound set volume 1.000
46.2771 	EXP 	Created retIMG = ImageStim(__class__=<class 'psychopy.visual.image.ImageStim'>, anchor=('center', 'center'), autoLog=True, color=array([1, 1, 1]), colorSpace='rgb', contrast=1.0, depth=-1.0, flipHoriz=False, flipVert=False, image='sin', interpolate=True, mask=None, maskParams=None, name='retIMG', opacity=1.0, ori=0.0, pos=array([0., 0.]), size=array([0.3, 0.3]), texRes=128, units='height', win=Window(...))
46.2859 	EXP 	Sound sound_pop7 set volume 1.000
46.2882 	EXP 	Created question_text = TextStim(__class__=<class 'psychopy.visual.text.TextStim'>, alignHoriz=method-wrapper(...), alignText='center', alignVert=method-wrapper(...), anchorHoriz='center', anchorVert='center', antialias=True, autoDraw=False, autoLog=True, bold=False, color=array([1, 1, 1]), colorSpace='rgb', contrast=1.0, depth=0.0, flipHoriz=False, flipVert=False, font='Arial', fontFiles=[], height=0.03, italic=False, languageStyle='LTR', name='question_text', opacity=1.0, ori=0, pos=array([0. , 0.3]), rgb=UNKNOWN, text='When did you see this object?', units='height', win=Window(...), wrapWidth=1)
46.2904 	EXP 	Created decisionQ_2 = TextStim(__class__=<class 'psychopy.visual.text.TextStim'>, alignHoriz=method-wrapper(...), alignText='center', alignVert=method-wrapper(...), anchorHoriz='center', anchorVert='center', antialias=True, autoDraw=False, autoLog=True, bold=False, color=array([1, 1, 1]), colorSpace='rgb', contrast=1.0, depth=-1.0, flipHoriz=False, flipVert=False, font='Arial', fontFiles=[], height=0.03, italic=False, languageStyle='LTR', name='decisionQ_2', opacity=1.0, ori=0, pos=array([0. , 0.3]), rgb=UNKNOWN, text='When did you see this object?', units='height', win=Window(...), wrapWidth=1)
46.2911 	EXP 	Created first_left = Rect(__class__=<class 'psychopy.visual.rect.Rect'>, anchor=('center', 'center'), autoDraw=False, autoLog=True, closeShape=True, color=method-wrapper(...), colorSpace='rgb', contrast=None, depth=-2.0, fillColor=array([1, 1, 1]), fillColorSpace='rgb', fillRGB=array([1, 1, 1]), interpolate=True, lineColor=array([1, 1, 1]), lineColorSpace='rgb', lineRGB=array([1, 1, 1]), lineWidth=3, name='first_left', opacity=0.5, ori=0.0, pos=array([0. , 0.1]), size=array([0.15, 0.15]), units='height', vertices=ndarray(...), win=Window(...))
46.2918 	EXP 	Created second_middle = Rect(__class__=<class 'psychopy.visual.rect.Rect'>, anchor=('center', 'center'), autoDraw=False, autoLog=True, closeShape=True, color=method-wrapper(...), colorSpace='rgb', contrast=None, depth=-3.0, fillColor=array([1, 1, 1]), fillColorSpace='rgb', fillRGB=array([1, 1, 1]), interpolate=True, lineColor=array([1, 1, 1]), lineColorSpace='rgb', lineRGB=array([1, 1, 1]), lineWidth=3, name='second_middle', opacity=0.5, ori=0.0, pos=array([ 0. , -0.1]), size=array([0.15, 0.15]), units='height', vertices=ndarray(...), win=Window(...))
46.2925 	EXP 	Created third_right = Rect(__class__=<class 'psychopy.visual.rect.Rect'>, anchor=('center', 'center'), autoDraw=False, autoLog=True, closeShape=True, color=method-wrapper(...), colorSpace='rgb', contrast=None, depth=-4.0, fillColor=array([1, 1, 1]), fillColorSpace='rgb', fillRGB=array([1, 1, 1]), interpolate=True, lineColor=array([1, 1, 1]), lineColorSpace='rgb', lineRGB=array([1, 1, 1]), lineWidth=3, name='third_right', opacity=0.5, ori=0.0, pos=array([ 0. , -0.3]), size=array([0.15, 0.15]), units='height', vertices=ndarray(...), win=Window(...))
46.2945 	EXP 	Created First = TextStim(__class__=<class 'psychopy.visual.text.TextStim'>, alignHoriz=method-wrapper(...), alignText='center', alignVert=method-wrapper(...), anchorHoriz='center', anchorVert='center', antialias=True, autoDraw=False, autoLog=True, bold=False, color=array([1, 1, 1]), colorSpace='rgb', contrast=1.0, depth=-5.0, flipHoriz=False, flipVert=False, font='Arial', fontFiles=[], height=0.03, italic=False, languageStyle='LTR', name='First', opacity=1.0, ori=0, pos=array([0. , 0.1]), rgb=UNKNOWN, text='First', units='height', win=Window(...), wrapWidth=1)
46.2964 	EXP 	Created Second = TextStim(__class__=<class 'psychopy.visual.text.TextStim'>, alignHoriz=method-wrapper(...), alignText='center', alignVert=method-wrapper(...), anchorHoriz='center', anchorVert='center', antialias=True, autoDraw=False, autoLog=True, bold=False, color=array([1, 1, 1]), colorSpace='rgb', contrast=1.0, depth=-6.0, flipHoriz=False, flipVert=False, font='Arial', fontFiles=[], height=0.03, italic=False, languageStyle='LTR', name='Second', opacity=1.0, ori=0, pos=array([ 0. , -0.1]), rgb=UNKNOWN, text='Second', units='height', win=Window(...), wrapWidth=1)
46.2984 	EXP 	Created Third = TextStim(__class__=<class 'psychopy.visual.text.TextStim'>, alignHoriz=method-wrapper(...), alignText='center', alignVert=method-wrapper(...), anchorHoriz='center', anchorVert='center', antialias=True, autoDraw=False, autoLog=True, bold=False, color=array([1, 1, 1]), colorSpace='rgb', contrast=1.0, depth=-7.0, flipHoriz=False, flipVert=False, font='Arial', fontFiles=[], height=0.03, italic=False, languageStyle='LTR', name='Third', opacity=1.0, ori=0, pos=array([ 0. , -0.3]), rgb=UNKNOWN, text='Third', units='height', win=Window(...), wrapWidth=1)
46.2984 	EXP 	window1: mouseVisible = True
46.2989 	EXP 	Sound clickedSound set volume 1.000
46.3017 	EXP 	Created end = TextStim(__class__=<class 'psychopy.visual.text.TextStim'>, alignHoriz=method-wrapper(...), alignText='center', alignVert=method-wrapper(...), anchorHoriz='center', anchorVert='center', antialias=True, autoDraw=False, autoLog=True, bold=False, color=array([1, 1, 1]), colorSpace='rgb', contrast=1.0, depth=0.0, flipHoriz=False, flipVert=False, font='Arial', fontFiles=[], height=0.03, italic=False, languageStyle='LTR', name='end', opacity=1.0, ori=0, pos=array([0., 0.]), rgb=UNKNOWN, text=str(...), units='height', win=Window(...), wrapWidth=1)
46.3400 	EXP 	Instructions: autoDraw = True
90.3549 	DATA 	Keypress: c
91.9706 	DATA 	Keypress: escape
93.8328 	EXP 	window1: mouseVisible = True
93.8339 	EXP 	window1: mouseVisible = True
93.8340 	EXP 	window1: mouseVisible = True
93.8341 	EXP 	window1: mouseVisible = True
93.8341 	EXP 	window1: mouseVisible = True
93.8342 	EXP 	window1: mouseVisible = True
93.8342 	EXP 	window1: mouseVisible = True
93.8342 	EXP 	window1: mouseVisible = True
93.8343 	EXP 	window1: mouseVisible = True
93.8343 	EXP 	window1: mouseVisible = True
93.8343 	EXP 	window1: mouseVisible = True
93.8343 	EXP 	window1: mouseVisible = True
93.8344 	EXP 	window1: mouseVisible = True
93.8344 	EXP 	window1: mouseVisible = True
93.8345 	EXP 	window1: mouseVisible = True
93.8346 	EXP 	window1: mouseVisible = True
93.8346 	EXP 	window1: mouseVisible = True
93.8346 	EXP 	window1: mouseVisible = True
93.8347 	EXP 	window1: mouseVisible = True
93.8347 	EXP 	window1: mouseVisible = True
93.8347 	EXP 	window1: mouseVisible = True
93.8347 	EXP 	window1: mouseVisible = True
93.8348 	EXP 	window1: mouseVisible = True
93.8348 	EXP 	window1: mouseVisible = True
93.8348 	EXP 	window1: mouseVisible = True
93.8349 	EXP 	window1: mouseVisible = True
93.8349 	EXP 	window1: mouseVisible = True
93.8349 	EXP 	window1: mouseVisible = True
93.8350 	EXP 	window1: mouseVisible = True
93.8350 	EXP 	window1: mouseVisible = True
93.8350 	EXP 	window1: mouseVisible = True
93.8350 	EXP 	window1: mouseVisible = True
93.8351 	EXP 	window1: mouseVisible = True
93.8351 	EXP 	window1: mouseVisible = True
93.8351 	EXP 	window1: mouseVisible = True
93.8352 	EXP 	window1: mouseVisible = True
93.8352 	EXP 	window1: mouseVisible = True
93.8352 	EXP 	window1: mouseVisible = True
93.8353 	EXP 	window1: mouseVisible = True
93.8353 	EXP 	window1: mouseVisible = True
93.8353 	EXP 	window1: mouseVisible = True
93.8353 	EXP 	window1: mouseVisible = True
93.8354 	EXP 	window1: mouseVisible = True
93.8354 	EXP 	window1: mouseVisible = True
93.8354 	EXP 	window1: mouseVisible = True
93.8355 	EXP 	window1: mouseVisible = True
93.8355 	EXP 	window1: mouseVisible = True
93.8355 	EXP 	window1: mouseVisible = True
93.8356 	EXP 	window1: mouseVisible = True
93.8356 	EXP 	window1: mouseVisible = True
93.8356 	EXP 	window1: mouseVisible = True
93.8356 	EXP 	window1: mouseVisible = True
93.8357 	EXP 	window1: mouseVisible = True
93.8357 	EXP 	window1: mouseVisible = True
93.8357 	EXP 	window1: mouseVisible = True
93.8358 	EXP 	window1: mouseVisible = True
93.8358 	EXP 	window1: mouseVisible = True
93.8358 	EXP 	window1: mouseVisible = True
93.8359 	EXP 	window1: mouseVisible = True
93.8359 	EXP 	window1: mouseVisible = True
93.8359 	EXP 	window1: mouseVisible = True
93.8359 	EXP 	window1: mouseVisible = True
93.8360 	EXP 	window1: mouseVisible = True
93.8360 	EXP 	window1: mouseVisible = True
93.8360 	EXP 	window1: mouseVisible = True
93.8361 	EXP 	window1: mouseVisible = True
93.8361 	EXP 	window1: mouseVisible = True
93.8361 	EXP 	window1: mouseVisible = True
93.8362 	EXP 	window1: mouseVisible = True
93.8362 	EXP 	window1: mouseVisible = True
93.8362 	EXP 	window1: mouseVisible = True
93.8362 	EXP 	window1: mouseVisible = True
93.8363 	EXP 	window1: mouseVisible = True
93.8363 	EXP 	window1: mouseVisible = True
93.8363 	EXP 	window1: mouseVisible = True
93.8364 	EXP 	window1: mouseVisible = True
93.8364 	EXP 	window1: mouseVisible = True
93.8364 	EXP 	window1: mouseVisible = True
93.8365 	EXP 	window1: mouseVisible = True
93.8365 	EXP 	window1: mouseVisible = True
93.8365 	EXP 	window1: mouseVisible = True
93.8365 	EXP 	window1: mouseVisible = True
93.8366 	EXP 	window1: mouseVisible = True
93.8366 	EXP 	window1: mouseVisible = True
93.8366 	EXP 	window1: mouseVisible = True
93.8367 	EXP 	window1: mouseVisible = True
93.8367 	EXP 	window1: mouseVisible = True
93.8367 	EXP 	window1: mouseVisible = True
93.8367 	EXP 	window1: mouseVisible = True
93.8368 	EXP 	window1: mouseVisible = True
93.8368 	EXP 	window1: mouseVisible = True
93.8369 	EXP 	window1: mouseVisible = True
93.8369 	EXP 	window1: mouseVisible = True
93.8369 	EXP 	window1: mouseVisible = True
93.8370 	EXP 	window1: mouseVisible = True
93.8370 	EXP 	window1: mouseVisible = True
93.8370 	EXP 	window1: mouseVisible = True
93.8371 	EXP 	window1: mouseVisible = True
93.8371 	EXP 	window1: mouseVisible = True
93.8371 	EXP 	window1: mouseVisible = True
93.8371 	EXP 	window1: mouseVisible = True
93.8372 	EXP 	window1: mouseVisible = True
93.8372 	EXP 	window1: mouseVisible = True
93.8372 	EXP 	window1: mouseVisible = True
93.8373 	EXP 	window1: mouseVisible = True
93.8373 	EXP 	window1: mouseVisible = True
93.8373 	EXP 	window1: mouseVisible = True
93.8373 	EXP 	window1: mouseVisible = True
93.8374 	EXP 	window1: mouseVisible = True
93.8374 	EXP 	window1: mouseVisible = True
93.8374 	EXP 	window1: mouseVisible = True
93.8375 	EXP 	window1: mouseVisible = True
93.8375 	EXP 	window1: mouseVisible = True
93.8375 	EXP 	window1: mouseVisible = True
93.8376 	EXP 	window1: mouseVisible = True
93.8376 	EXP 	window1: mouseVisible = True
93.8376 	EXP 	window1: mouseVisible = True
93.8376 	EXP 	window1: mouseVisible = True
93.8377 	EXP 	window1: mouseVisible = True
93.8377 	EXP 	window1: mouseVisible = True
93.8377 	EXP 	window1: mouseVisible = True
93.8378 	EXP 	window1: mouseVisible = True
93.8378 	EXP 	window1: mouseVisible = True
93.8378 	EXP 	window1: mouseVisible = True
93.8379 	EXP 	window1: mouseVisible = True
93.8379 	EXP 	window1: mouseVisible = True
93.8379 	EXP 	window1: mouseVisible = True
93.8379 	EXP 	window1: mouseVisible = True
93.8380 	EXP 	window1: mouseVisible = True
93.8380 	EXP 	window1: mouseVisible = True
93.8380 	EXP 	window1: mouseVisible = True
93.8381 	EXP 	window1: mouseVisible = True
93.8381 	EXP 	window1: mouseVisible = True
93.8381 	EXP 	window1: mouseVisible = True
93.8382 	EXP 	window1: mouseVisible = True
93.8382 	EXP 	window1: mouseVisible = True
93.8382 	EXP 	window1: mouseVisible = True
93.8382 	EXP 	window1: mouseVisible = True
93.8383 	EXP 	window1: mouseVisible = True
93.8383 	EXP 	window1: mouseVisible = True
93.8383 	EXP 	window1: mouseVisible = True
93.8384 	EXP 	window1: mouseVisible = True
93.8384 	EXP 	window1: mouseVisible = True
93.8384 	EXP 	window1: mouseVisible = True
93.8385 	EXP 	window1: mouseVisible = True
93.8385 	EXP 	window1: mouseVisible = True
93.8385 	EXP 	window1: mouseVisible = True
93.8385 	EXP 	window1: mouseVisible = True
93.8386 	EXP 	window1: mouseVisible = True
93.8386 	EXP 	window1: mouseVisible = True
93.8386 	EXP 	window1: mouseVisible = True
93.8387 	EXP 	window1: mouseVisible = True
93.8387 	EXP 	window1: mouseVisible = True
93.8387 	EXP 	window1: mouseVisible = True
93.8388 	EXP 	window1: mouseVisible = True
93.8388 	EXP 	window1: mouseVisible = True
93.8388 	EXP 	window1: mouseVisible = True
93.8388 	EXP 	window1: mouseVisible = True
93.8389 	EXP 	window1: mouseVisible = True
93.8389 	EXP 	window1: mouseVisible = True
93.8389 	EXP 	window1: mouseVisible = True
93.8390 	EXP 	window1: mouseVisible = True
93.8390 	EXP 	window1: mouseVisible = True
93.8390 	EXP 	window1: mouseVisible = True
93.8391 	EXP 	window1: mouseVisible = True
93.8391 	EXP 	window1: mouseVisible = True
93.8391 	EXP 	window1: mouseVisible = True
93.8391 	EXP 	window1: mouseVisible = True
93.8392 	EXP 	window1: mouseVisible = True
93.8392 	EXP 	window1: mouseVisible = True
93.8393 	EXP 	window1: mouseVisible = True
93.8393 	EXP 	window1: mouseVisible = True
93.8393 	EXP 	window1: mouseVisible = True
93.8394 	EXP 	window1: mouseVisible = True
93.8394 	EXP 	window1: mouseVisible = True
93.8394 	EXP 	window1: mouseVisible = True
93.8394 	EXP 	window1: mouseVisible = True
93.8395 	EXP 	window1: mouseVisible = True
93.8395 	EXP 	window1: mouseVisible = True
93.8395 	EXP 	window1: mouseVisible = True
93.8396 	EXP 	window1: mouseVisible = True
93.8396 	EXP 	window1: mouseVisible = True
93.8396 	EXP 	window1: mouseVisible = True
93.8397 	EXP 	window1: mouseVisible = True
93.8397 	EXP 	window1: mouseVisible = True
93.8397 	EXP 	window1: mouseVisible = True
93.8398 	EXP 	window1: mouseVisible = True
93.8398 	EXP 	window1: mouseVisible = True
93.8398 	EXP 	window1: mouseVisible = True
93.8399 	EXP 	window1: mouseVisible = True
93.8399 	EXP 	window1: mouseVisible = True
93.8399 	EXP 	window1: mouseVisible = True
93.8400 	EXP 	window1: mouseVisible = True
93.8400 	EXP 	window1: mouseVisible = True
93.8400 	EXP 	window1: mouseVisible = True
93.8400 	EXP 	window1: mouseVisible = True
93.8401 	EXP 	window1: mouseVisible = True
93.8401 	EXP 	window1: mouseVisible = True
93.8401 	EXP 	window1: mouseVisible = True
93.8402 	EXP 	window1: mouseVisible = True
93.8402 	EXP 	window1: mouseVisible = True
93.8402 	EXP 	window1: mouseVisible = True
93.8403 	EXP 	window1: mouseVisible = True
93.8403 	EXP 	window1: mouseVisible = True
93.8403 	EXP 	window1: mouseVisible = True
93.8403 	EXP 	window1: mouseVisible = True
93.8404 	EXP 	window1: mouseVisible = True
93.8404 	EXP 	window1: mouseVisible = True
93.8404 	EXP 	window1: mouseVisible = True
93.8405 	EXP 	window1: mouseVisible = True
93.8405 	EXP 	window1: mouseVisible = True
93.8405 	EXP 	window1: mouseVisible = True
93.8406 	EXP 	window1: mouseVisible = True
93.8406 	EXP 	window1: mouseVisible = True
93.8406 	EXP 	window1: mouseVisible = True
93.8406 	EXP 	window1: mouseVisible = True
93.8407 	EXP 	window1: mouseVisible = True
93.8407 	EXP 	window1: mouseVisible = True
93.8407 	EXP 	window1: mouseVisible = True
93.8408 	EXP 	window1: mouseVisible = True
93.8408 	EXP 	window1: mouseVisible = True
93.8408 	EXP 	window1: mouseVisible = True
93.8408 	EXP 	window1: mouseVisible = True
93.8409 	EXP 	window1: mouseVisible = True
93.8409 	EXP 	window1: mouseVisible = True
93.8409 	EXP 	window1: mouseVisible = True
93.8410 	EXP 	window1: mouseVisible = True
93.8410 	EXP 	window1: mouseVisible = True
93.8410 	EXP 	window1: mouseVisible = True
93.8411 	EXP 	window1: mouseVisible = True
93.8411 	EXP 	window1: mouseVisible = True
93.8411 	EXP 	window1: mouseVisible = True
93.8412 	EXP 	window1: mouseVisible = True
93.8412 	EXP 	window1: mouseVisible = True
93.8412 	EXP 	window1: mouseVisible = True
93.8413 	EXP 	window1: mouseVisible = True
93.8413 	EXP 	window1: mouseVisible = True
93.8413 	EXP 	window1: mouseVisible = True
93.8413 	EXP 	window1: mouseVisible = True
93.8414 	EXP 	window1: mouseVisible = True
93.8414 	EXP 	window1: mouseVisible = True
93.8414 	EXP 	window1: mouseVisible = True
93.8415 	EXP 	window1: mouseVisible = True
93.8415 	EXP 	window1: mouseVisible = True
93.8415 	EXP 	window1: mouseVisible = True
93.8416 	EXP 	window1: mouseVisible = True
93.8416 	EXP 	window1: mouseVisible = True
93.8416 	EXP 	window1: mouseVisible = True
93.8417 	EXP 	window1: mouseVisible = True
93.8417 	EXP 	window1: mouseVisible = True
93.8417 	EXP 	window1: mouseVisible = True
93.8417 	EXP 	window1: mouseVisible = True
93.8418 	EXP 	window1: mouseVisible = True
93.8418 	EXP 	window1: mouseVisible = True
93.8418 	EXP 	window1: mouseVisible = True
93.8419 	EXP 	window1: mouseVisible = True
93.8419 	EXP 	window1: mouseVisible = True
93.8419 	EXP 	window1: mouseVisible = True
93.8420 	EXP 	window1: mouseVisible = True
93.8420 	EXP 	window1: mouseVisible = True
93.8420 	EXP 	window1: mouseVisible = True
93.8420 	EXP 	window1: mouseVisible = True
93.8421 	EXP 	window1: mouseVisible = True
93.8421 	EXP 	window1: mouseVisible = True
93.8421 	EXP 	window1: mouseVisible = True
93.8422 	EXP 	window1: mouseVisible = True
93.8422 	EXP 	window1: mouseVisible = True
93.8422 	EXP 	window1: mouseVisible = True
93.8423 	EXP 	window1: mouseVisible = True
93.8423 	EXP 	window1: mouseVisible = True
93.8423 	EXP 	window1: mouseVisible = True
93.8423 	EXP 	window1: mouseVisible = True
93.8424 	EXP 	window1: mouseVisible = True
93.8424 	EXP 	window1: mouseVisible = True
93.8424 	EXP 	window1: mouseVisible = True
93.8425 	EXP 	window1: mouseVisible = True
93.8425 	EXP 	window1: mouseVisible = True
93.8425 	EXP 	window1: mouseVisible = True
93.8426 	EXP 	window1: mouseVisible = True
93.8426 	EXP 	window1: mouseVisible = True
93.8426 	EXP 	window1: mouseVisible = True
93.8427 	EXP 	window1: mouseVisible = True
93.8427 	EXP 	window1: mouseVisible = True
93.8427 	EXP 	window1: mouseVisible = True
93.8427 	EXP 	window1: mouseVisible = True
93.8428 	EXP 	window1: mouseVisible = True
93.8428 	EXP 	window1: mouseVisible = True
93.8428 	EXP 	window1: mouseVisible = True
93.8429 	EXP 	window1: mouseVisible = True
93.8429 	EXP 	window1: mouseVisible = True
93.8429 	EXP 	window1: mouseVisible = True
93.8430 	EXP 	window1: mouseVisible = True
93.8430 	EXP 	window1: mouseVisible = True
93.8430 	EXP 	window1: mouseVisible = True
93.8431 	EXP 	window1: mouseVisible = True
93.8431 	EXP 	window1: mouseVisible = True
93.8431 	EXP 	window1: mouseVisible = True
93.8431 	EXP 	window1: mouseVisible = True
93.8432 	EXP 	window1: mouseVisible = True
93.8432 	EXP 	window1: mouseVisible = True
93.8432 	EXP 	window1: mouseVisible = True
93.8433 	EXP 	window1: mouseVisible = True
93.8433 	EXP 	window1: mouseVisible = True
93.8433 	EXP 	window1: mouseVisible = True
93.8434 	EXP 	window1: mouseVisible = True
93.8434 	EXP 	window1: mouseVisible = True
93.8434 	EXP 	window1: mouseVisible = True
93.8434 	EXP 	window1: mouseVisible = True
93.8435 	EXP 	window1: mouseVisible = True
93.8435 	EXP 	window1: mouseVisible = True
93.8435 	EXP 	window1: mouseVisible = True
93.8436 	EXP 	window1: mouseVisible = True
93.8436 	EXP 	window1: mouseVisible = True
93.8436 	EXP 	window1: mouseVisible = True
93.8437 	EXP 	window1: mouseVisible = True
93.8437 	EXP 	window1: mouseVisible = True
93.8437 	EXP 	window1: mouseVisible = True
93.8438 	EXP 	window1: mouseVisible = True
93.8438 	EXP 	window1: mouseVisible = True
93.8438 	EXP 	window1: mouseVisible = True
93.8438 	EXP 	window1: mouseVisible = True
93.8439 	EXP 	window1: mouseVisible = True
93.8439 	EXP 	window1: mouseVisible = True
93.8439 	EXP 	window1: mouseVisible = True
93.8440 	EXP 	window1: mouseVisible = True
93.8440 	EXP 	window1: mouseVisible = True
93.8441 	EXP 	window1: mouseVisible = True
93.8441 	EXP 	window1: mouseVisible = True
93.8441 	EXP 	window1: mouseVisible = True
93.8442 	EXP 	window1: mouseVisible = True
93.8442 	EXP 	window1: mouseVisible = True
93.8442 	EXP 	window1: mouseVisible = True
93.8442 	EXP 	window1: mouseVisible = True
93.8443 	EXP 	window1: mouseVisible = True
93.8443 	EXP 	window1: mouseVisible = True
93.8443 	EXP 	window1: mouseVisible = True
93.8444 	EXP 	window1: mouseVisible = True
93.8444 	EXP 	window1: mouseVisible = True
93.8444 	EXP 	window1: mouseVisible = True
93.8445 	EXP 	window1: mouseVisible = True
93.8445 	EXP 	window1: mouseVisible = True
93.8445 	EXP 	window1: mouseVisible = True
93.8445 	EXP 	window1: mouseVisible = True
93.8446 	EXP 	window1: mouseVisible = True
93.8446 	EXP 	window1: mouseVisible = True
93.8446 	EXP 	window1: mouseVisible = True
93.8447 	EXP 	window1: mouseVisible = True
93.8447 	EXP 	window1: mouseVisible = True
93.8447 	EXP 	window1: mouseVisible = True
93.8448 	EXP 	window1: mouseVisible = True
93.8448 	EXP 	window1: mouseVisible = True
93.8448 	EXP 	window1: mouseVisible = True
93.8448 	EXP 	window1: mouseVisible = True
93.8449 	EXP 	window1: mouseVisible = True
93.8449 	EXP 	window1: mouseVisible = True
93.8449 	EXP 	window1: mouseVisible = True
93.8450 	EXP 	window1: mouseVisible = True
93.8450 	EXP 	window1: mouseVisible = True
93.8450 	EXP 	window1: mouseVisible = True
93.8451 	EXP 	window1: mouseVisible = True
93.8451 	EXP 	window1: mouseVisible = True
93.8451 	EXP 	window1: mouseVisible = True
93.8452 	EXP 	window1: mouseVisible = True
93.8452 	EXP 	window1: mouseVisible = True
93.8452 	EXP 	window1: mouseVisible = True
93.8452 	EXP 	window1: mouseVisible = True
93.8453 	EXP 	window1: mouseVisible = True
93.8453 	EXP 	window1: mouseVisible = True
93.8453 	EXP 	window1: mouseVisible = True
93.8454 	EXP 	window1: mouseVisible = True
93.8454 	EXP 	window1: mouseVisible = True
93.8454 	EXP 	window1: mouseVisible = True
93.8455 	EXP 	window1: mouseVisible = True
93.8455 	EXP 	window1: mouseVisible = True
93.8455 	EXP 	window1: mouseVisible = True
93.8455 	EXP 	window1: mouseVisible = True
93.8456 	EXP 	window1: mouseVisible = True
93.8456 	EXP 	window1: mouseVisible = True
93.8456 	EXP 	window1: mouseVisible = True
93.8457 	EXP 	window1: mouseVisible = True
93.8457 	EXP 	window1: mouseVisible = True
93.8457 	EXP 	window1: mouseVisible = True
93.8458 	EXP 	window1: mouseVisible = True
93.8458 	EXP 	window1: mouseVisible = True
93.8458 	EXP 	window1: mouseVisible = True
93.8459 	EXP 	window1: mouseVisible = True
93.8459 	EXP 	window1: mouseVisible = True
93.8459 	EXP 	window1: mouseVisible = True
93.8459 	EXP 	window1: mouseVisible = True
93.8460 	EXP 	window1: mouseVisible = True
93.8460 	EXP 	window1: mouseVisible = True
93.8460 	EXP 	window1: mouseVisible = True
93.8461 	EXP 	window1: mouseVisible = True
93.8461 	EXP 	window1: mouseVisible = True
93.8461 	EXP 	window1: mouseVisible = True
93.8462 	EXP 	window1: mouseVisible = True
93.8462 	EXP 	window1: mouseVisible = True
93.8462 	EXP 	window1: mouseVisible = True
93.8463 	EXP 	window1: mouseVisible = True
93.8463 	EXP 	window1: mouseVisible = True
93.8463 	EXP 	window1: mouseVisible = True
93.8463 	EXP 	window1: mouseVisible = True
93.8464 	EXP 	window1: mouseVisible = True
93.8464 	EXP 	window1: mouseVisible = True
93.8464 	EXP 	window1: mouseVisible = True
93.8465 	EXP 	window1: mouseVisible = True
93.8465 	EXP 	window1: mouseVisible = True
93.8465 	EXP 	window1: mouseVisible = True
93.8466 	EXP 	window1: mouseVisible = True
93.8466 	EXP 	window1: mouseVisible = True
93.8466 	EXP 	window1: mouseVisible = True
93.8466 	EXP 	window1: mouseVisible = True
93.8467 	EXP 	window1: mouseVisible = True
93.8467 	EXP 	window1: mouseVisible = True
93.8467 	EXP 	window1: mouseVisible = True
93.8468 	EXP 	window1: mouseVisible = True
93.8468 	EXP 	window1: mouseVisible = True
93.8468 	EXP 	window1: mouseVisible = True
93.8469 	EXP 	window1: mouseVisible = True
93.8469 	EXP 	window1: mouseVisible = True
93.8469 	EXP 	window1: mouseVisible = True
93.8470 	EXP 	window1: mouseVisible = True
93.8470 	EXP 	window1: mouseVisible = True
93.8470 	EXP 	window1: mouseVisible = True
93.8470 	EXP 	window1: mouseVisible = True
93.8471 	EXP 	window1: mouseVisible = True
93.8471 	EXP 	window1: mouseVisible = True
93.8471 	EXP 	window1: mouseVisible = True
93.8472 	EXP 	window1: mouseVisible = True
93.8472 	EXP 	window1: mouseVisible = True
93.8472 	EXP 	window1: mouseVisible = True
93.8473 	EXP 	window1: mouseVisible = True
93.8473 	EXP 	window1: mouseVisible = True
93.8473 	EXP 	window1: mouseVisible = True
93.8473 	EXP 	window1: mouseVisible = True
93.8474 	EXP 	window1: mouseVisible = True
93.8474 	EXP 	window1: mouseVisible = True
93.8474 	EXP 	window1: mouseVisible = True
93.8475 	EXP 	window1: mouseVisible = True
93.8475 	EXP 	window1: mouseVisible = True
93.8475 	EXP 	window1: mouseVisible = True
93.8476 	EXP 	window1: mouseVisible = True
93.8476 	EXP 	window1: mouseVisible = True
93.8476 	EXP 	window1: mouseVisible = True
93.8476 	EXP 	window1: mouseVisible = True
93.8477 	EXP 	window1: mouseVisible = True
93.8477 	EXP 	window1: mouseVisible = True
93.8477 	EXP 	window1: mouseVisible = True
93.8478 	EXP 	window1: mouseVisible = True
93.8478 	EXP 	window1: mouseVisible = True
93.8478 	EXP 	window1: mouseVisible = True
93.8479 	EXP 	window1: mouseVisible = True
93.8479 	EXP 	window1: mouseVisible = True
93.8479 	EXP 	window1: mouseVisible = True
93.8479 	EXP 	window1: mouseVisible = True
93.8480 	EXP 	window1: mouseVisible = True
93.8480 	EXP 	window1: mouseVisible = True
93.8480 	EXP 	window1: mouseVisible = True
93.8481 	EXP 	window1: mouseVisible = True
93.8481 	EXP 	window1: mouseVisible = True
93.8481 	EXP 	window1: mouseVisible = True
93.8482 	EXP 	window1: mouseVisible = True
93.8482 	EXP 	window1: mouseVisible = True
93.8482 	EXP 	window1: mouseVisible = True
93.8482 	EXP 	window1: mouseVisible = True
93.8483 	EXP 	window1: mouseVisible = True
93.8483 	EXP 	window1: mouseVisible = True
93.8483 	EXP 	window1: mouseVisible = True
93.8484 	EXP 	window1: mouseVisible = True
93.8484 	EXP 	window1: mouseVisible = True
93.8484 	EXP 	window1: mouseVisible = True
93.8485 	EXP 	window1: mouseVisible = True
93.8485 	EXP 	window1: mouseVisible = True
93.8485 	EXP 	window1: mouseVisible = True
93.8486 	EXP 	window1: mouseVisible = True
93.8486 	EXP 	window1: mouseVisible = True
93.8486 	EXP 	window1: mouseVisible = True
93.8486 	EXP 	window1: mouseVisible = True
93.8487 	EXP 	window1: mouseVisible = True
93.8487 	EXP 	window1: mouseVisible = True
93.8487 	EXP 	window1: mouseVisible = True
93.8488 	EXP 	window1: mouseVisible = True
93.8488 	EXP 	window1: mouseVisible = True
93.8489 	EXP 	window1: mouseVisible = True
93.8489 	EXP 	window1: mouseVisible = True
93.8489 	EXP 	window1: mouseVisible = True
93.8490 	EXP 	window1: mouseVisible = True
93.8490 	EXP 	window1: mouseVisible = True
93.8490 	EXP 	window1: mouseVisible = True
93.8490 	EXP 	window1: mouseVisible = True
93.8491 	EXP 	window1: mouseVisible = True
93.8491 	EXP 	window1: mouseVisible = True
93.8491 	EXP 	window1: mouseVisible = True
93.8492 	EXP 	window1: mouseVisible = True
93.8492 	EXP 	window1: mouseVisible = True
93.8492 	EXP 	window1: mouseVisible = True
93.8493 	EXP 	window1: mouseVisible = True
93.8493 	EXP 	window1: mouseVisible = True
93.8493 	EXP 	window1: mouseVisible = True
93.8493 	EXP 	window1: mouseVisible = True
93.8494 	EXP 	window1: mouseVisible = True
93.8494 	EXP 	window1: mouseVisible = True
93.8494 	EXP 	window1: mouseVisible = True
93.8495 	EXP 	window1: mouseVisible = True
93.8495 	EXP 	window1: mouseVisible = True
93.8495 	EXP 	window1: mouseVisible = True
93.8496 	EXP 	window1: mouseVisible = True
93.8496 	EXP 	window1: mouseVisible = True
93.8496 	EXP 	window1: mouseVisible = True
93.8496 	EXP 	window1: mouseVisible = True
93.8497 	EXP 	window1: mouseVisible = True
93.8497 	EXP 	window1: mouseVisible = True
93.8497 	EXP 	window1: mouseVisible = True
93.8498 	EXP 	window1: mouseVisible = True
93.8498 	EXP 	window1: mouseVisible = True
93.8498 	EXP 	window1: mouseVisible = True
93.8499 	EXP 	window1: mouseVisible = True
93.8499 	EXP 	window1: mouseVisible = True
93.8499 	EXP 	window1: mouseVisible = True
93.8500 	EXP 	window1: mouseVisible = True
93.8500 	EXP 	window1: mouseVisible = True
93.8500 	EXP 	window1: mouseVisible = True
93.8500 	EXP 	window1: mouseVisible = True
93.8501 	EXP 	window1: mouseVisible = True
93.8501 	EXP 	window1: mouseVisible = True
93.8501 	EXP 	window1: mouseVisible = True
93.8502 	EXP 	window1: mouseVisible = True
93.8502 	EXP 	window1: mouseVisible = True
93.8502 	EXP 	window1: mouseVisible = True
93.8503 	EXP 	window1: mouseVisible = True
93.8503 	EXP 	window1: mouseVisible = True
93.8503 	EXP 	window1: mouseVisible = True
93.8503 	EXP 	window1: mouseVisible = True
93.8504 	EXP 	window1: mouseVisible = True
93.8504 	EXP 	window1: mouseVisible = True
93.8504 	EXP 	window1: mouseVisible = True
93.8505 	EXP 	window1: mouseVisible = True
93.8505 	EXP 	window1: mouseVisible = True
93.8505 	EXP 	window1: mouseVisible = True
93.8506 	EXP 	window1: mouseVisible = True
93.8506 	EXP 	window1: mouseVisible = True
93.8506 	EXP 	window1: mouseVisible = True
93.8507 	EXP 	window1: mouseVisible = True
93.8507 	EXP 	window1: mouseVisible = True
93.8507 	EXP 	window1: mouseVisible = True
93.8507 	EXP 	window1: mouseVisible = True
93.8508 	EXP 	window1: mouseVisible = True
93.8508 	EXP 	window1: mouseVisible = True
93.8508 	EXP 	window1: mouseVisible = True
93.8509 	EXP 	window1: mouseVisible = True
93.8509 	EXP 	window1: mouseVisible = True
93.8509 	EXP 	window1: mouseVisible = True
93.8510 	EXP 	window1: mouseVisible = True
93.8510 	EXP 	window1: mouseVisible = True
93.8510 	EXP 	window1: mouseVisible = True
93.8510 	EXP 	window1: mouseVisible = True
93.8511 	EXP 	window1: mouseVisible = True
93.8511 	EXP 	window1: mouseVisible = True
93.8511 	EXP 	window1: mouseVisible = True
93.8512 	EXP 	window1: mouseVisible = True
93.8512 	EXP 	window1: mouseVisible = True
93.8512 	EXP 	window1: mouseVisible = True
93.8513 	EXP 	window1: mouseVisible = True
93.8513 	EXP 	window1: mouseVisible = True
93.8513 	EXP 	window1: mouseVisible = True
93.8513 	EXP 	window1: mouseVisible = True
93.8514 	EXP 	window1: mouseVisible = True
93.8514 	EXP 	window1: mouseVisible = True
93.8514 	EXP 	window1: mouseVisible = True
93.8515 	EXP 	window1: mouseVisible = True
93.8515 	EXP 	window1: mouseVisible = True
93.8515 	EXP 	window1: mouseVisible = True
93.8516 	EXP 	window1: mouseVisible = True
93.8516 	EXP 	window1: mouseVisible = True
93.8516 	EXP 	window1: mouseVisible = True
93.8517 	EXP 	window1: mouseVisible = True
93.8517 	EXP 	window1: mouseVisible = True
93.8517 	EXP 	window1: mouseVisible = True
93.8517 	EXP 	window1: mouseVisible = True
93.8518 	EXP 	window1: mouseVisible = True
93.8518 	EXP 	window1: mouseVisible = True
93.8518 	EXP 	window1: mouseVisible = True
93.8519 	EXP 	window1: mouseVisible = True
93.8519 	EXP 	window1: mouseVisible = True
93.8519 	EXP 	window1: mouseVisible = True
93.8520 	EXP 	window1: mouseVisible = True
93.8520 	EXP 	window1: mouseVisible = True
93.8520 	EXP 	window1: mouseVisible = True
93.8520 	EXP 	window1: mouseVisible = True
93.8521 	EXP 	window1: mouseVisible = True
93.8521 	EXP 	window1: mouseVisible = True
93.8521 	EXP 	window1: mouseVisible = True
93.8522 	EXP 	window1: mouseVisible = True
93.8522 	EXP 	window1: mouseVisible = True
93.8522 	EXP 	window1: mouseVisible = True
93.8523 	EXP 	window1: mouseVisible = True
93.8523 	EXP 	window1: mouseVisible = True
93.8523 	EXP 	window1: mouseVisible = True
93.8524 	EXP 	window1: mouseVisible = True
93.8524 	EXP 	window1: mouseVisible = True
93.8524 	EXP 	window1: mouseVisible = True
93.8524 	EXP 	window1: mouseVisible = True
93.8525 	EXP 	window1: mouseVisible = True
93.8525 	EXP 	window1: mouseVisible = True
93.8525 	EXP 	window1: mouseVisible = True
93.8526 	EXP 	window1: mouseVisible = True
93.8526 	EXP 	window1: mouseVisible = True
93.8526 	EXP 	window1: mouseVisible = True
93.8526 	EXP 	window1: mouseVisible = True
93.8527 	EXP 	window1: mouseVisible = True
93.8527 	EXP 	window1: mouseVisible = True
93.8527 	EXP 	window1: mouseVisible = True
93.8528 	EXP 	window1: mouseVisible = True
93.8528 	EXP 	window1: mouseVisible = True
93.8528 	EXP 	window1: mouseVisible = True
93.8529 	EXP 	window1: mouseVisible = True
93.8529 	EXP 	window1: mouseVisible = True
93.8529 	EXP 	window1: mouseVisible = True
93.8530 	EXP 	window1: mouseVisible = True
93.8530 	EXP 	window1: mouseVisible = True
93.8530 	EXP 	window1: mouseVisible = True
93.8530 	EXP 	window1: mouseVisible = True
93.8531 	EXP 	window1: mouseVisible = True
93.8531 	EXP 	window1: mouseVisible = True
93.8531 	EXP 	window1: mouseVisible = True
93.8532 	EXP 	window1: mouseVisible = True
93.8532 	EXP 	window1: mouseVisible = True
93.8532 	EXP 	window1: mouseVisible = True
93.8533 	EXP 	window1: mouseVisible = True
93.8533 	EXP 	window1: mouseVisible = True
93.8533 	EXP 	window1: mouseVisible = True
93.8533 	EXP 	window1: mouseVisible = True
93.8534 	EXP 	window1: mouseVisible = True
93.8534 	EXP 	window1: mouseVisible = True
93.8534 	EXP 	window1: mouseVisible = True
93.8535 	EXP 	window1: mouseVisible = True
93.8535 	EXP 	window1: mouseVisible = True
93.8535 	EXP 	window1: mouseVisible = True
93.8536 	EXP 	window1: mouseVisible = True
93.8536 	EXP 	window1: mouseVisible = True
93.8537 	EXP 	window1: mouseVisible = True
93.8537 	EXP 	window1: mouseVisible = True
93.8537 	EXP 	window1: mouseVisible = True
93.8537 	EXP 	window1: mouseVisible = True
93.8538 	EXP 	window1: mouseVisible = True
93.8538 	EXP 	window1: mouseVisible = True
93.8538 	EXP 	window1: mouseVisible = True
93.8539 	EXP 	window1: mouseVisible = True
93.8539 	EXP 	window1: mouseVisible = True
93.8539 	EXP 	window1: mouseVisible = True
93.8540 	EXP 	window1: mouseVisible = True
93.8540 	EXP 	window1: mouseVisible = True
93.8540 	EXP 	window1: mouseVisible = True
93.8541 	EXP 	window1: mouseVisible = True
93.8541 	EXP 	window1: mouseVisible = True
93.8541 	EXP 	window1: mouseVisible = True
93.8541 	EXP 	window1: mouseVisible = True
93.8542 	EXP 	window1: mouseVisible = True
93.8542 	EXP 	window1: mouseVisible = True
93.8542 	EXP 	window1: mouseVisible = True
93.8543 	EXP 	window1: mouseVisible = True
93.8543 	EXP 	window1: mouseVisible = True
93.8543 	EXP 	window1: mouseVisible = True
93.8544 	EXP 	window1: mouseVisible = True
93.8544 	EXP 	window1: mouseVisible = True
93.8544 	EXP 	window1: mouseVisible = True
93.8544 	EXP 	window1: mouseVisible = True
93.8545 	EXP 	window1: mouseVisible = True
93.8545 	EXP 	window1: mouseVisible = True
93.8545 	EXP 	window1: mouseVisible = True
93.8546 	EXP 	window1: mouseVisible = True
93.8546 	EXP 	window1: mouseVisible = True
93.8546 	EXP 	window1: mouseVisible = True
93.8547 	EXP 	window1: mouseVisible = True
93.8547 	EXP 	window1: mouseVisible = True
93.8547 	EXP 	window1: mouseVisible = True
93.8548 	EXP 	window1: mouseVisible = True
93.8548 	EXP 	window1: mouseVisible = True
93.8548 	EXP 	window1: mouseVisible = True
93.8548 	EXP 	window1: mouseVisible = True
93.8549 	EXP 	window1: mouseVisible = True
93.8549 	EXP 	window1: mouseVisible = True
93.8549 	EXP 	window1: mouseVisible = True
93.8550 	EXP 	window1: mouseVisible = True
93.8550 	EXP 	window1: mouseVisible = True
93.8550 	EXP 	window1: mouseVisible = True
93.8551 	EXP 	window1: mouseVisible = True
93.8551 	EXP 	window1: mouseVisible = True
93.8551 	EXP 	window1: mouseVisible = True
93.8551 	EXP 	window1: mouseVisible = True
93.8552 	EXP 	window1: mouseVisible = True
93.8552 	EXP 	window1: mouseVisible = True
93.8552 	EXP 	window1: mouseVisible = True
93.8553 	EXP 	window1: mouseVisible = True
93.8553 	EXP 	window1: mouseVisible = True
93.8553 	EXP 	window1: mouseVisible = True
93.8554 	EXP 	window1: mouseVisible = True
93.8554 	EXP 	window1: mouseVisible = True
93.8554 	EXP 	window1: mouseVisible = True
93.8555 	EXP 	window1: mouseVisible = True
93.8555 	EXP 	window1: mouseVisible = True
93.8555 	EXP 	window1: mouseVisible = True
93.8555 	EXP 	window1: mouseVisible = True
93.8556 	EXP 	window1: mouseVisible = True
93.8556 	EXP 	window1: mouseVisible = True
93.8556 	EXP 	window1: mouseVisible = True
93.8557 	EXP 	window1: mouseVisible = True
93.8557 	EXP 	window1: mouseVisible = True
93.8557 	EXP 	window1: mouseVisible = True
93.8558 	EXP 	window1: mouseVisible = True
93.8558 	EXP 	window1: mouseVisible = True
93.8558 	EXP 	window1: mouseVisible = True
93.8559 	EXP 	window1: mouseVisible = True
93.8559 	EXP 	window1: mouseVisible = True
93.8559 	EXP 	window1: mouseVisible = True
93.8560 	EXP 	window1: mouseVisible = True
93.8560 	EXP 	window1: mouseVisible = True
93.8560 	EXP 	window1: mouseVisible = True
93.8560 	EXP 	window1: mouseVisible = True
93.8561 	EXP 	window1: mouseVisible = True
93.8561 	EXP 	window1: mouseVisible = True
93.8561 	EXP 	window1: mouseVisible = True
93.8562 	EXP 	window1: mouseVisible = True
93.8562 	EXP 	window1: mouseVisible = True
93.8562 	EXP 	window1: mouseVisible = True
93.8563 	EXP 	window1: mouseVisible = True
93.8563 	EXP 	window1: mouseVisible = True
93.8563 	EXP 	window1: mouseVisible = True
93.8563 	EXP 	window1: mouseVisible = True
93.8564 	EXP 	window1: mouseVisible = True
93.8564 	EXP 	window1: mouseVisible = True
93.8564 	EXP 	window1: mouseVisible = True
93.8565 	EXP 	window1: mouseVisible = True
93.8565 	EXP 	window1: mouseVisible = True
93.8565 	EXP 	window1: mouseVisible = True
93.8566 	EXP 	window1: mouseVisible = True
93.8566 	EXP 	window1: mouseVisible = True
93.8566 	EXP 	window1: mouseVisible = True
93.8567 	EXP 	window1: mouseVisible = True
93.8567 	EXP 	window1: mouseVisible = True
93.8567 	EXP 	window1: mouseVisible = True
93.8567 	EXP 	window1: mouseVisible = True
93.8568 	EXP 	window1: mouseVisible = True
93.8568 	EXP 	window1: mouseVisible = True
93.8568 	EXP 	window1: mouseVisible = True
93.8569 	EXP 	window1: mouseVisible = True
93.8569 	EXP 	window1: mouseVisible = True
93.8569 	EXP 	window1: mouseVisible = True
93.8570 	EXP 	window1: mouseVisible = True
93.8570 	EXP 	window1: mouseVisible = True
93.8570 	EXP 	window1: mouseVisible = True
93.8571 	EXP 	window1: mouseVisible = True
93.8571 	EXP 	window1: mouseVisible = True
93.8571 	EXP 	window1: mouseVisible = True
93.8571 	EXP 	window1: mouseVisible = True
93.8572 	EXP 	window1: mouseVisible = True
93.8572 	EXP 	window1: mouseVisible = True
93.8572 	EXP 	window1: mouseVisible = True
93.8573 	EXP 	window1: mouseVisible = True
93.8573 	EXP 	window1: mouseVisible = True
93.8573 	EXP 	window1: mouseVisible = True
93.8574 	EXP 	window1: mouseVisible = True
93.8574 	EXP 	window1: mouseVisible = True
93.8574 	EXP 	window1: mouseVisible = True
93.8575 	EXP 	window1: mouseVisible = True
93.8575 	EXP 	window1: mouseVisible = True
93.8575 	EXP 	window1: mouseVisible = True
93.8575 	EXP 	window1: mouseVisible = True
93.8576 	EXP 	window1: mouseVisible = True
93.8576 	EXP 	window1: mouseVisible = True
93.8576 	EXP 	window1: mouseVisible = True
93.8577 	EXP 	window1: mouseVisible = True
93.8577 	EXP 	window1: mouseVisible = True
93.8577 	EXP 	window1: mouseVisible = True
93.8578 	EXP 	window1: mouseVisible = True
93.8578 	EXP 	window1: mouseVisible = True
93.8578 	EXP 	window1: mouseVisible = True
93.8578 	EXP 	window1: mouseVisible = True
93.8579 	EXP 	window1: mouseVisible = True
93.8579 	EXP 	window1: mouseVisible = True
93.8579 	EXP 	window1: mouseVisible = True
93.8580 	EXP 	window1: mouseVisible = True
93.8580 	EXP 	window1: mouseVisible = True
93.8580 	EXP 	window1: mouseVisible = True
93.8581 	EXP 	window1: mouseVisible = True
93.8581 	EXP 	window1: mouseVisible = True
93.8581 	EXP 	window1: mouseVisible = True
93.8582 	EXP 	window1: mouseVisible = True
93.8582 	EXP 	window1: mouseVisible = True
93.8582 	EXP 	window1: mouseVisible = True
93.8582 	EXP 	window1: mouseVisible = True
93.8583 	EXP 	window1: mouseVisible = True
93.8583 	EXP 	window1: mouseVisible = True
93.8583 	EXP 	window1: mouseVisible = True
93.8584 	EXP 	window1: mouseVisible = True
93.8584 	EXP 	window1: mouseVisible = True
93.8585 	EXP 	window1: mouseVisible = True
93.8585 	EXP 	window1: mouseVisible = True
93.8585 	EXP 	window1: mouseVisible = True
93.8585 	EXP 	window1: mouseVisible = True
93.8586 	EXP 	window1: mouseVisible = True
93.8586 	EXP 	window1: mouseVisible = True
93.8586 	EXP 	window1: mouseVisible = True
93.8587 	EXP 	window1: mouseVisible = True
93.8587 	EXP 	window1: mouseVisible = True
93.8587 	EXP 	window1: mouseVisible = True
93.8588 	EXP 	window1: mouseVisible = True
93.8588 	EXP 	window1: mouseVisible = True
93.8588 	EXP 	window1: mouseVisible = True
93.8589 	EXP 	window1: mouseVisible = True
93.8589 	EXP 	window1: mouseVisible = True
93.8589 	EXP 	window1: mouseVisible = True
93.8589 	EXP 	window1: mouseVisible = True
93.8590 	EXP 	window1: mouseVisible = True
93.8590 	EXP 	window1: mouseVisible = True
93.8590 	EXP 	window1: mouseVisible = True
93.8591 	EXP 	window1: mouseVisible = True
93.8591 	EXP 	window1: mouseVisible = True
93.8591 	EXP 	window1: mouseVisible = True
93.8592 	EXP 	window1: mouseVisible = True
93.8592 	EXP 	window1: mouseVisible = True
93.8592 	EXP 	window1: mouseVisible = True
93.8592 	EXP 	window1: mouseVisible = True
93.8593 	EXP 	window1: mouseVisible = True
93.8593 	EXP 	window1: mouseVisible = True
93.8593 	EXP 	window1: mouseVisible = True
93.8594 	EXP 	window1: mouseVisible = True
93.8594 	EXP 	window1: mouseVisible = True
93.8594 	EXP 	window1: mouseVisible = True
93.8595 	EXP 	window1: mouseVisible = True
93.8595 	EXP 	window1: mouseVisible = True
93.8595 	EXP 	window1: mouseVisible = True
93.8596 	EXP 	window1: mouseVisible = True
93.8596 	EXP 	window1: mouseVisible = True
93.8596 	EXP 	window1: mouseVisible = True
93.8596 	EXP 	window1: mouseVisible = True
93.8597 	EXP 	window1: mouseVisible = True
93.8597 	EXP 	window1: mouseVisible = True
93.8597 	EXP 	window1: mouseVisible = True
93.8598 	EXP 	window1: mouseVisible = True
93.8598 	EXP 	window1: mouseVisible = True
93.8598 	EXP 	window1: mouseVisible = True
93.8599 	EXP 	window1: mouseVisible = True
93.8599 	EXP 	window1: mouseVisible = True
93.8599 	EXP 	window1: mouseVisible = True
93.8599 	EXP 	window1: mouseVisible = True
93.8600 	EXP 	window1: mouseVisible = True
93.8600 	EXP 	window1: mouseVisible = True
93.8600 	EXP 	window1: mouseVisible = True
93.8601 	EXP 	window1: mouseVisible = True
93.8601 	EXP 	window1: mouseVisible = True
93.8601 	EXP 	window1: mouseVisible = True
93.8602 	EXP 	window1: mouseVisible = True
93.8602 	EXP 	window1: mouseVisible = True
93.8602 	EXP 	window1: mouseVisible = True
93.8603 	EXP 	window1: mouseVisible = True
93.8603 	EXP 	window1: mouseVisible = True
93.8603 	EXP 	window1: mouseVisible = True
93.8603 	EXP 	window1: mouseVisible = True
93.8604 	EXP 	window1: mouseVisible = True
93.8604 	EXP 	window1: mouseVisible = True
93.8604 	EXP 	window1: mouseVisible = True
93.8605 	EXP 	window1: mouseVisible = True
93.8605 	EXP 	window1: mouseVisible = True
93.8605 	EXP 	window1: mouseVisible = True
93.8606 	EXP 	window1: mouseVisible = True
93.8606 	EXP 	window1: mouseVisible = True
93.8606 	EXP 	window1: mouseVisible = True
93.8606 	EXP 	window1: mouseVisible = True
93.8607 	EXP 	window1: mouseVisible = True
93.8607 	EXP 	window1: mouseVisible = True
93.8607 	EXP 	window1: mouseVisible = True
93.8608 	EXP 	window1: mouseVisible = True
93.8608 	EXP 	window1: mouseVisible = True
93.8608 	EXP 	window1: mouseVisible = True
93.8609 	EXP 	window1: mouseVisible = True
93.8609 	EXP 	window1: mouseVisible = True
93.8609 	EXP 	window1: mouseVisible = True
93.8610 	EXP 	window1: mouseVisible = True
93.8610 	EXP 	window1: mouseVisible = True
93.8610 	EXP 	window1: mouseVisible = True
93.8610 	EXP 	window1: mouseVisible = True
93.8611 	EXP 	window1: mouseVisible = True
93.8611 	EXP 	window1: mouseVisible = True
93.8611 	EXP 	window1: mouseVisible = True
93.8612 	EXP 	window1: mouseVisible = True
93.8612 	EXP 	window1: mouseVisible = True
93.8612 	EXP 	window1: mouseVisible = True
93.8612 	EXP 	window1: mouseVisible = True
93.8613 	EXP 	window1: mouseVisible = True
93.8613 	EXP 	window1: mouseVisible = True
93.8613 	EXP 	window1: mouseVisible = True
93.8614 	EXP 	window1: mouseVisible = True
93.8614 	EXP 	window1: mouseVisible = True
93.8614 	EXP 	window1: mouseVisible = True
93.8615 	EXP 	window1: mouseVisible = True
93.8615 	EXP 	window1: mouseVisible = True
93.8615 	EXP 	window1: mouseVisible = True
93.8616 	EXP 	window1: mouseVisible = True
93.8616 	EXP 	window1: mouseVisible = True
93.8616 	EXP 	window1: mouseVisible = True
93.8616 	EXP 	window1: mouseVisible = True
93.8617 	EXP 	window1: mouseVisible = True
93.8617 	EXP 	window1: mouseVisible = True
93.8617 	EXP 	window1: mouseVisible = True
93.8618 	EXP 	window1: mouseVisible = True
93.8618 	EXP 	window1: mouseVisible = True
93.8618 	EXP 	window1: mouseVisible = True
93.8619 	EXP 	window1: mouseVisible = True
93.8619 	EXP 	window1: mouseVisible = True
93.8619 	EXP 	window1: mouseVisible = True
93.8619 	EXP 	window1: mouseVisible = True
93.8620 	EXP 	window1: mouseVisible = True
93.8620 	EXP 	window1: mouseVisible = True
93.8620 	EXP 	window1: mouseVisible = True
93.8621 	EXP 	window1: mouseVisible = True
93.8621 	EXP 	window1: mouseVisible = True
93.8621 	EXP 	window1: mouseVisible = True
93.8622 	EXP 	window1: mouseVisible = True
93.8622 	EXP 	window1: mouseVisible = True
93.8622 	EXP 	window1: mouseVisible = True
93.8623 	EXP 	window1: mouseVisible = True
93.8623 	EXP 	window1: mouseVisible = True
93.8623 	EXP 	window1: mouseVisible = True
93.8623 	EXP 	window1: mouseVisible = True
93.8624 	EXP 	window1: mouseVisible = True
93.8624 	EXP 	window1: mouseVisible = True
93.8624 	EXP 	window1: mouseVisible = True
93.8625 	EXP 	window1: mouseVisible = True
93.8625 	EXP 	window1: mouseVisible = True
93.8625 	EXP 	window1: mouseVisible = True
93.8626 	EXP 	window1: mouseVisible = True
93.8626 	EXP 	window1: mouseVisible = True
93.8626 	EXP 	window1: mouseVisible = True
93.8626 	EXP 	window1: mouseVisible = True
93.8627 	EXP 	window1: mouseVisible = True
93.8627 	EXP 	window1: mouseVisible = True
93.8627 	EXP 	window1: mouseVisible = True
93.8628 	EXP 	window1: mouseVisible = True
93.8628 	EXP 	window1: mouseVisible = True
93.8628 	EXP 	window1: mouseVisible = True
93.8629 	EXP 	window1: mouseVisible = True
93.8629 	EXP 	window1: mouseVisible = True
93.8629 	EXP 	window1: mouseVisible = True
93.8630 	EXP 	window1: mouseVisible = True
93.8630 	EXP 	window1: mouseVisible = True
93.8630 	EXP 	window1: mouseVisible = True
93.8631 	EXP 	window1: mouseVisible = True
93.8631 	EXP 	window1: mouseVisible = True
93.8631 	EXP 	window1: mouseVisible = True
93.8632 	EXP 	window1: mouseVisible = True
93.8632 	EXP 	window1: mouseVisible = True
93.8632 	EXP 	window1: mouseVisible = True
93.8633 	EXP 	window1: mouseVisible = True
93.8633 	EXP 	window1: mouseVisible = True
93.8633 	EXP 	window1: mouseVisible = True
93.8634 	EXP 	window1: mouseVisible = True
93.8634 	EXP 	window1: mouseVisible = True
93.8634 	EXP 	window1: mouseVisible = True
93.8635 	EXP 	window1: mouseVisible = True
93.8635 	EXP 	window1: mouseVisible = True
93.8635 	EXP 	window1: mouseVisible = True
93.8635 	EXP 	window1: mouseVisible = True
93.8636 	EXP 	window1: mouseVisible = True
93.8636 	EXP 	window1: mouseVisible = True
93.8636 	EXP 	window1: mouseVisible = True
93.8637 	EXP 	window1: mouseVisible = True
93.8637 	EXP 	window1: mouseVisible = True
93.8637 	EXP 	window1: mouseVisible = True
93.8638 	EXP 	window1: mouseVisible = True
93.8638 	EXP 	window1: mouseVisible = True
93.8638 	EXP 	window1: mouseVisible = True
93.8639 	EXP 	window1: mouseVisible = True
93.8639 	EXP 	window1: mouseVisible = True
93.8639 	EXP 	window1: mouseVisible = True
93.8639 	EXP 	window1: mouseVisible = True
93.8640 	EXP 	window1: mouseVisible = True
93.8640 	EXP 	window1: mouseVisible = True
93.8640 	EXP 	window1: mouseVisible = True
93.8641 	EXP 	window1: mouseVisible = True
93.8641 	EXP 	window1: mouseVisible = True
93.8641 	EXP 	window1: mouseVisible = True
93.8642 	EXP 	window1: mouseVisible = True
93.8642 	EXP 	window1: mouseVisible = True
93.8642 	EXP 	window1: mouseVisible = True
93.8642 	EXP 	window1: mouseVisible = True
93.8643 	EXP 	window1: mouseVisible = True
93.8643 	EXP 	window1: mouseVisible = True
93.8644 	EXP 	window1: mouseVisible = True
93.8644 	EXP 	window1: mouseVisible = True
93.8644 	EXP 	window1: mouseVisible = True
93.8645 	EXP 	window1: mouseVisible = True
93.8645 	EXP 	window1: mouseVisible = True
93.8645 	EXP 	window1: mouseVisible = True
93.8646 	EXP 	window1: mouseVisible = True
93.8646 	EXP 	window1: mouseVisible = True
93.8646 	EXP 	window1: mouseVisible = True
93.8646 	EXP 	window1: mouseVisible = True
93.8647 	EXP 	window1: mouseVisible = True
93.8647 	EXP 	window1: mouseVisible = True
93.8648 	EXP 	window1: mouseVisible = True
93.8648 	EXP 	window1: mouseVisible = True
93.8649 	EXP 	window1: mouseVisible = True
93.8649 	EXP 	window1: mouseVisible = True
93.8649 	EXP 	window1: mouseVisible = True
93.8650 	EXP 	window1: mouseVisible = True
93.8650 	EXP 	window1: mouseVisible = True
93.8650 	EXP 	window1: mouseVisible = True
93.8651 	EXP 	window1: mouseVisible = True
93.8651 	EXP 	window1: mouseVisible = True
93.8651 	EXP 	window1: mouseVisible = True
93.8652 	EXP 	window1: mouseVisible = True
93.8652 	EXP 	window1: mouseVisible = True
93.8652 	EXP 	window1: mouseVisible = True
93.8653 	EXP 	window1: mouseVisible = True
93.8653 	EXP 	window1: mouseVisible = True
93.8653 	EXP 	window1: mouseVisible = True
93.8654 	EXP 	window1: mouseVisible = True
93.8654 	EXP 	window1: mouseVisible = True
93.8654 	EXP 	window1: mouseVisible = True
93.8655 	EXP 	window1: mouseVisible = True
93.8655 	EXP 	window1: mouseVisible = True
93.8655 	EXP 	window1: mouseVisible = True
93.8656 	EXP 	window1: mouseVisible = True
93.8656 	EXP 	window1: mouseVisible = True
93.8656 	EXP 	window1: mouseVisible = True
93.8656 	EXP 	window1: mouseVisible = True
93.8657 	EXP 	window1: mouseVisible = True
93.8657 	EXP 	window1: mouseVisible = True
93.8657 	EXP 	window1: mouseVisible = True
93.8658 	EXP 	window1: mouseVisible = True
93.8658 	EXP 	window1: mouseVisible = True
93.8658 	EXP 	window1: mouseVisible = True
93.8659 	EXP 	window1: mouseVisible = True
93.8659 	EXP 	window1: mouseVisible = True
93.8659 	EXP 	window1: mouseVisible = True
