2.2050 	WARNING 	We strongly recommend you activate the PTB sound engine in PsychoPy prefs as the preferred audio engine. Its timing is vastly superior. Your prefs are currently set to use ['sounddevice', 'PTB', 'pyo', 'pygame'] (in that order).
8.0057 	WARNING 	Monitor specification not found. Creating a temporary one...
8.0256 	WARNING 	User requested fullscreen with size [800 600], but screen is actually [1280, 1024]. Using actual size
8.5659 	EXP 	Created window1 = Window(allowGUI=True, allowStencil=False, autoLog=True, backendConf=UNKNOWN, bitsMode=UNKNOWN, blendMode='avg', bpc=(8, 8, 8), color=array([0, 0, 0]), colorSpace='rgb', depthBits=8, fullscr=<method-wrapper '__getattribute__' of attributeSetter object at 0x000001A5B8709040>, gamma=None, gammaErrorPolicy='raise', lms=UNKNOWN, monitor=<psychopy.monitors.calibTools.Monitor object at 0x000001A5B8AD2850>, multiSample=False, name='window1', numSamples=2, pos=(0, 0), screen=0, size=array([1280, 1024]), stencilBits=0, stereo=False, units='pix', useFBO=False, useRetina=False, viewOri=0.0, viewPos=None, viewScale=None, waitBlanking=True, winType='pyglet')
8.5660 	EXP 	window1: mouseVisible = True
8.5665 	EXP 	window1: mouseVisible = False
10.4800 	DATA 	Keypress: space
11.5361 	DATA 	Keypress: o
11.5368 	EXP 	window1: units = 'pix'
11.5671 	WARNING 	User requested fullscreen with size [1280  720], but screen is actually [1280, 1024]. Using actual size
11.9665 	EXP 	Created window1 = Window(allowGUI=False, allowStencil=False, autoLog=True, backendConf=UNKNOWN, bitsMode=UNKNOWN, blendMode='avg', bpc=(8, 8, 8), color=array([0, 0, 0]), colorSpace='rgb', depthBits=8, fullscr=<method-wrapper '__getattribute__' of attributeSetter object at 0x000001A5B8709040>, gamma=None, gammaErrorPolicy='raise', lms=UNKNOWN, monitor=<psychopy.monitors.calibTools.Monitor object at 0x000001A5BF397E80>, multiSample=False, name='window1', numSamples=2, pos=(0, 0), screen=0, size=array([1280, 1024]), stencilBits=0, stereo=False, units='height', useFBO=True, useRetina=False, viewOri=0.0, viewPos=None, viewScale=None, waitBlanking=True, winType='pyglet')
11.9668 	EXP 	window1: mouseVisible = True
11.9668 	EXP 	window1: Attempting to measure frame rate of screen (0) ...
11.9668 	EXP 	window1: recordFrameIntervals = False
12.1329 	EXP 	window1: recordFrameIntervals = True
12.3163 	EXP 	Screen (0) actual frame rate measured at 60.00Hz
12.3163 	EXP 	window1: recordFrameIntervals = False
12.5010 	EXP 	Created Instructions = TextStim(__class__=<class 'psychopy.visual.text.TextStim'>, alignHoriz=method-wrapper(...), alignText='center', alignVert=method-wrapper(...), anchorHoriz='center', anchorVert='center', antialias=True, autoDraw=False, autoLog=True, bold=False, color=array([1, 1, 1]), colorSpace='rgb', contrast=1.0, depth=0.0, flipHoriz=False, flipVert=False, font='Arial', fontFiles=[], height=0.03, italic=False, languageStyle='LTR', name='Instructions', opacity=1.0, ori=0, pos=array([0., 0.]), rgb=UNKNOWN, text=str(...), units='height', win=Window(...), wrapWidth=1)
12.5048 	EXP 	Created Triplet1 = ImageStim(__class__=<class 'psychopy.visual.image.ImageStim'>, anchor=('center', 'center'), autoLog=True, color=array([1, 1, 1]), colorSpace='rgb', contrast=1.0, depth=-1.0, flipHoriz=False, flipVert=False, image='sin', interpolate=True, mask=None, maskParams=None, name='Triplet1', opacity=1.0, ori=0.0, pos=array([0., 0.]), size=array([0.3, 0.3]), texRes=128, units='height', win=Window(...))
12.5098 	EXP 	Created Triplet2 = ImageStim(__class__=<class 'psychopy.visual.image.ImageStim'>, anchor=('center', 'center'), autoLog=True, color=array([1, 1, 1]), colorSpace='rgb', contrast=1.0, depth=-2.0, flipHoriz=False, flipVert=False, image='sin', interpolate=True, mask=None, maskParams=None, name='Triplet2', opacity=1.0, ori=0.0, pos=array([0., 0.]), size=array([0.3, 0.3]), texRes=128, units='height', win=Window(...))
12.5155 	EXP 	Created Triplet3 = ImageStim(__class__=<class 'psychopy.visual.image.ImageStim'>, anchor=('center', 'center'), autoLog=True, color=array([1, 1, 1]), colorSpace='rgb', contrast=1.0, depth=-3.0, flipHoriz=False, flipVert=False, image='sin', interpolate=True, mask=None, maskParams=None, name='Triplet3', opacity=1.0, ori=0.0, pos=array([0., 0.]), size=array([0.3, 0.3]), texRes=128, units='height', win=Window(...))
12.5155 	EXP 	Sound sound_pop set volume 1.000
12.5156 	EXP 	Sound sound_pop2 set volume 1.000
12.5156 	EXP 	Sound sound_pop3 set volume 1.000
12.6021 	EXP 	Created Mask = ImageStim(__class__=<class 'psychopy.visual.image.ImageStim'>, anchor=('center', 'center'), autoLog=True, color=array([1, 1, 1]), colorSpace='rgb', contrast=1.0, depth=0.0, flipHoriz=False, flipVert=False, image='images/Mask.png', interpolate=True, mask=None, maskParams=None, name='Mask', opacity=1.0, ori=0.0, pos=array([0., 0.]), size=array([1.5, 0.5]), texRes=128, units='height', win=Window(...))
12.6108 	EXP 	Created img1 = ImageStim(__class__=<class 'psychopy.visual.image.ImageStim'>, anchor=('center', 'center'), autoLog=True, color=array([1, 1, 1]), colorSpace='rgb', contrast=1.0, depth=-1.0, flipHoriz=False, flipVert=False, image='sin', interpolate=True, mask=None, maskParams=None, name='img1', opacity=1.0, ori=0.0, pos=array([0., 0.]), size=array([0.3, 0.3]), texRes=128, units='height', win=Window(...))
12.6163 	EXP 	Created img2 = ImageStim(__class__=<class 'psychopy.visual.image.ImageStim'>, anchor=('center', 'center'), autoLog=True, color=array([1, 1, 1]), colorSpace='rgb', contrast=1.0, depth=-2.0, flipHoriz=False, flipVert=False, image='sin', interpolate=True, mask=None, maskParams=None, name='img2', opacity=1.0, ori=0.0, pos=array([0., 0.]), size=array([0.3, 0.3]), texRes=128, units='height', win=Window(...))
12.6213 	EXP 	Created img3 = ImageStim(__class__=<class 'psychopy.visual.image.ImageStim'>, anchor=('center', 'center'), autoLog=True, color=array([1, 1, 1]), colorSpace='rgb', contrast=1.0, depth=-3.0, flipHoriz=False, flipVert=False, image='sin', interpolate=True, mask=None, maskParams=None, name='img3', opacity=1.0, ori=0.0, pos=array([0., 0.]), size=array([0.3, 0.3]), texRes=128, units='height', win=Window(...))
12.6214 	EXP 	Sound sound_pop4 set volume 1.000
12.6214 	EXP 	Sound sound_pop5 set volume 1.000
12.6214 	EXP 	Sound sound_pop6 set volume 1.000
12.6255 	EXP 	Created text_2 = TextStim(__class__=<class 'psychopy.visual.text.TextStim'>, alignHoriz=method-wrapper(...), alignText='center', alignVert=method-wrapper(...), anchorHoriz='center', anchorVert='center', antialias=True, autoDraw=False, autoLog=True, bold=False, color=array([1, 1, 1]), colorSpace='rgb', contrast=1.0, depth=0.0, flipHoriz=False, flipVert=False, font='Arial', fontFiles=[], height=0.03, italic=False, languageStyle='LTR', name='text_2', opacity=1.0, ori=0, pos=array([0., 0.]), rgb=UNKNOWN, text=str(...), units='height', win=Window(...), wrapWidth=1)
12.6289 	EXP 	Created text = TextStim(__class__=<class 'psychopy.visual.text.TextStim'>, alignHoriz=method-wrapper(...), alignText='center', alignVert=method-wrapper(...), anchorHoriz='center', anchorVert='center', antialias=True, autoDraw=False, autoLog=True, bold=False, color=array([1, 1, 1]), colorSpace='rgb', contrast=1.0, depth=-1.0, flipHoriz=False, flipVert=False, font='Arial', fontFiles=[], height=0.03, italic=False, languageStyle='LTR', name='text', opacity=1.0, ori=0, pos=array([0., 0.]), rgb=UNKNOWN, text=str(...), units='height', win=Window(...), wrapWidth=1)
12.6294 	EXP 	Created sameText = TextStim(__class__=<class 'psychopy.visual.text.TextStim'>, alignHoriz=method-wrapper(...), alignText='center', alignVert=method-wrapper(...), anchorHoriz='center', anchorVert='center', antialias=True, autoDraw=False, autoLog=True, bold=False, color=array([1, 1, 1]), colorSpace='rgb', contrast=1.0, depth=-2.0, flipHoriz=False, flipVert=False, font='Arial', fontFiles=[], height=0.03, italic=False, languageStyle='LTR', name='sameText', opacity=1.0, ori=0, pos=array([-0.2, -0.3]), rgb=UNKNOWN, text='', units='height', win=Window(...), wrapWidth=1)
12.6299 	EXP 	Created diffText = TextStim(__class__=<class 'psychopy.visual.text.TextStim'>, alignHoriz=method-wrapper(...), alignText='center', alignVert=method-wrapper(...), anchorHoriz='center', anchorVert='center', antialias=True, autoDraw=False, autoLog=True, bold=False, color=array([1, 1, 1]), colorSpace='rgb', contrast=1.0, depth=-3.0, flipHoriz=False, flipVert=False, font='Arial', fontFiles=[], height=0.03, italic=False, languageStyle='LTR', name='diffText', opacity=1.0, ori=0, pos=array([ 0.2, -0.3]), rgb=UNKNOWN, text='', units='height', win=Window(...), wrapWidth=1)
12.6307 	EXP 	Created leftCL = Rect(__class__=<class 'psychopy.visual.rect.Rect'>, anchor=('center', 'center'), autoDraw=False, autoLog=True, closeShape=True, color=method-wrapper(...), colorSpace='rgb', contrast=None, depth=-4.0, fillColor=array([1., 1., 1.]), fillColorSpace='rgb', fillRGB=array([1., 1., 1.]), interpolate=True, lineColor=array([1, 1, 1]), lineColorSpace='rgb', lineRGB=array([1, 1, 1]), lineWidth=3, name='leftCL', opacity=0.5, ori=0.0, pos=array([-0.2, -0.3]), size=array([-0.2, -0.2]), units='height', vertices=ndarray(...), win=Window(...))
12.6316 	EXP 	Created rightCL = Rect(__class__=<class 'psychopy.visual.rect.Rect'>, anchor=('center', 'center'), autoDraw=False, autoLog=True, closeShape=True, color=method-wrapper(...), colorSpace='rgb', contrast=None, depth=-5.0, fillColor=array([1., 1., 1.]), fillColorSpace='rgb', fillRGB=array([1., 1., 1.]), interpolate=True, lineColor=array([1, 1, 1]), lineColorSpace='rgb', lineRGB=array([1, 1, 1]), lineWidth=3, name='rightCL', opacity=0.5, ori=0.0, pos=array([ 0.2, -0.3]), size=array([0.2, 0.2]), units='height', vertices=ndarray(...), win=Window(...))
12.6316 	EXP 	window1: mouseVisible = True
12.6317 	EXP 	Sound clickedSound set volume 1.000
12.6352 	EXP 	Created retIMG = ImageStim(__class__=<class 'psychopy.visual.image.ImageStim'>, anchor=('center', 'center'), autoLog=True, color=array([1, 1, 1]), colorSpace='rgb', contrast=1.0, depth=-1.0, flipHoriz=False, flipVert=False, image='sin', interpolate=True, mask=None, maskParams=None, name='retIMG', opacity=1.0, ori=0.0, pos=array([0., 0.]), size=array([0.3, 0.3]), texRes=128, units='height', win=Window(...))
12.6352 	EXP 	Sound sound_pop7 set volume 1.000
12.6375 	EXP 	Created question_text = TextStim(__class__=<class 'psychopy.visual.text.TextStim'>, alignHoriz=method-wrapper(...), alignText='center', alignVert=method-wrapper(...), anchorHoriz='center', anchorVert='center', antialias=True, autoDraw=False, autoLog=True, bold=False, color=array([1, 1, 1]), colorSpace='rgb', contrast=1.0, depth=0.0, flipHoriz=False, flipVert=False, font='Arial', fontFiles=[], height=0.03, italic=False, languageStyle='LTR', name='question_text', opacity=1.0, ori=0, pos=array([0. , 0.3]), rgb=UNKNOWN, text='When did you see this object?', units='height', win=Window(...), wrapWidth=1)
12.6395 	EXP 	Created decisionQ_2 = TextStim(__class__=<class 'psychopy.visual.text.TextStim'>, alignHoriz=method-wrapper(...), alignText='center', alignVert=method-wrapper(...), anchorHoriz='center', anchorVert='center', antialias=True, autoDraw=False, autoLog=True, bold=False, color=array([1, 1, 1]), colorSpace='rgb', contrast=1.0, depth=-1.0, flipHoriz=False, flipVert=False, font='Arial', fontFiles=[], height=0.03, italic=False, languageStyle='LTR', name='decisionQ_2', opacity=1.0, ori=0, pos=array([0. , 0.3]), rgb=UNKNOWN, text='When did you see this object?', units='height', win=Window(...), wrapWidth=1)
12.6402 	EXP 	Created first_left = Rect(__class__=<class 'psychopy.visual.rect.Rect'>, anchor=('center', 'center'), autoDraw=False, autoLog=True, closeShape=True, color=method-wrapper(...), colorSpace='rgb', contrast=None, depth=-2.0, fillColor=array([1, 1, 1]), fillColorSpace='rgb', fillRGB=array([1, 1, 1]), interpolate=True, lineColor=array([1, 1, 1]), lineColorSpace='rgb', lineRGB=array([1, 1, 1]), lineWidth=3, name='first_left', opacity=0.5, ori=0.0, pos=array([0. , 0.1]), size=array([0.15, 0.15]), units='height', vertices=ndarray(...), win=Window(...))
12.6409 	EXP 	Created second_middle = Rect(__class__=<class 'psychopy.visual.rect.Rect'>, anchor=('center', 'center'), autoDraw=False, autoLog=True, closeShape=True, color=method-wrapper(...), colorSpace='rgb', contrast=None, depth=-3.0, fillColor=array([1, 1, 1]), fillColorSpace='rgb', fillRGB=array([1, 1, 1]), interpolate=True, lineColor=array([1, 1, 1]), lineColorSpace='rgb', lineRGB=array([1, 1, 1]), lineWidth=3, name='second_middle', opacity=0.5, ori=0.0, pos=array([ 0. , -0.1]), size=array([0.15, 0.15]), units='height', vertices=ndarray(...), win=Window(...))
12.6416 	EXP 	Created third_right = Rect(__class__=<class 'psychopy.visual.rect.Rect'>, anchor=('center', 'center'), autoDraw=False, autoLog=True, closeShape=True, color=method-wrapper(...), colorSpace='rgb', contrast=None, depth=-4.0, fillColor=array([1, 1, 1]), fillColorSpace='rgb', fillRGB=array([1, 1, 1]), interpolate=True, lineColor=array([1, 1, 1]), lineColorSpace='rgb', lineRGB=array([1, 1, 1]), lineWidth=3, name='third_right', opacity=0.5, ori=0.0, pos=array([ 0. , -0.3]), size=array([0.15, 0.15]), units='height', vertices=ndarray(...), win=Window(...))
12.6445 	EXP 	Created First = TextStim(__class__=<class 'psychopy.visual.text.TextStim'>, alignHoriz=method-wrapper(...), alignText='center', alignVert=method-wrapper(...), anchorHoriz='center', anchorVert='center', antialias=True, autoDraw=False, autoLog=True, bold=False, color=array([1, 1, 1]), colorSpace='rgb', contrast=1.0, depth=-5.0, flipHoriz=False, flipVert=False, font='Arial', fontFiles=[], height=0.03, italic=False, languageStyle='LTR', name='First', opacity=1.0, ori=0, pos=array([0. , 0.1]), rgb=UNKNOWN, text='First', units='height', win=Window(...), wrapWidth=1)
12.6464 	EXP 	Created Second = TextStim(__class__=<class 'psychopy.visual.text.TextStim'>, alignHoriz=method-wrapper(...), alignText='center', alignVert=method-wrapper(...), anchorHoriz='center', anchorVert='center', antialias=True, autoDraw=False, autoLog=True, bold=False, color=array([1, 1, 1]), colorSpace='rgb', contrast=1.0, depth=-6.0, flipHoriz=False, flipVert=False, font='Arial', fontFiles=[], height=0.03, italic=False, languageStyle='LTR', name='Second', opacity=1.0, ori=0, pos=array([ 0. , -0.1]), rgb=UNKNOWN, text='Second', units='height', win=Window(...), wrapWidth=1)
12.6482 	EXP 	Created Third = TextStim(__class__=<class 'psychopy.visual.text.TextStim'>, alignHoriz=method-wrapper(...), alignText='center', alignVert=method-wrapper(...), anchorHoriz='center', anchorVert='center', antialias=True, autoDraw=False, autoLog=True, bold=False, color=array([1, 1, 1]), colorSpace='rgb', contrast=1.0, depth=-7.0, flipHoriz=False, flipVert=False, font='Arial', fontFiles=[], height=0.03, italic=False, languageStyle='LTR', name='Third', opacity=1.0, ori=0, pos=array([ 0. , -0.3]), rgb=UNKNOWN, text='Third', units='height', win=Window(...), wrapWidth=1)
12.6483 	EXP 	window1: mouseVisible = True
12.6484 	EXP 	Sound clickedSound set volume 1.000
12.6558 	EXP 	Created BlockBreak = TextStim(__class__=<class 'psychopy.visual.text.TextStim'>, alignHoriz=method-wrapper(...), alignText='center', alignVert=method-wrapper(...), anchorHoriz='center', anchorVert='center', antialias=True, autoDraw=False, autoLog=True, bold=False, color=array([1, 1, 1]), colorSpace='rgb', contrast=1.0, depth=0.0, flipHoriz=False, flipVert=False, font='Arial', fontFiles=[], height=0.03, italic=False, languageStyle='LTR', name='BlockBreak', opacity=1.0, ori=0, pos=array([0., 0.]), rgb=UNKNOWN, text=str(...), units='height', win=Window(...), wrapWidth=1)
12.6682 	EXP 	Created text_4 = TextStim(__class__=<class 'psychopy.visual.text.TextStim'>, alignHoriz=method-wrapper(...), alignText='center', alignVert=method-wrapper(...), anchorHoriz='center', anchorVert='center', antialias=True, autoDraw=False, autoLog=True, bold=False, color=array([1, 1, 1]), colorSpace='rgb', contrast=1.0, depth=-1.0, flipHoriz=False, flipVert=False, font='Open Sans', fontFiles=[], height=0.03, italic=False, languageStyle='LTR', name='text_4', opacity=1.0, ori=0.0, pos=array([0., 0.]), rgb=UNKNOWN, text=str(...), units='height', win=Window(...), wrapWidth=1)
12.6717 	EXP 	Created Triplet1 = ImageStim(__class__=<class 'psychopy.visual.image.ImageStim'>, anchor=('center', 'center'), autoLog=True, color=array([1, 1, 1]), colorSpace='rgb', contrast=1.0, depth=-1.0, flipHoriz=False, flipVert=False, image='sin', interpolate=True, mask=None, maskParams=None, name='Triplet1', opacity=1.0, ori=0.0, pos=array([0., 0.]), size=array([0.3, 0.3]), texRes=128, units='height', win=Window(...))
12.6763 	EXP 	Created Triplet2 = ImageStim(__class__=<class 'psychopy.visual.image.ImageStim'>, anchor=('center', 'center'), autoLog=True, color=array([1, 1, 1]), colorSpace='rgb', contrast=1.0, depth=-2.0, flipHoriz=False, flipVert=False, image='sin', interpolate=True, mask=None, maskParams=None, name='Triplet2', opacity=1.0, ori=0.0, pos=array([0., 0.]), size=array([0.3, 0.3]), texRes=128, units='height', win=Window(...))
12.6806 	EXP 	Created Triplet3 = ImageStim(__class__=<class 'psychopy.visual.image.ImageStim'>, anchor=('center', 'center'), autoLog=True, color=array([1, 1, 1]), colorSpace='rgb', contrast=1.0, depth=-3.0, flipHoriz=False, flipVert=False, image='sin', interpolate=True, mask=None, maskParams=None, name='Triplet3', opacity=1.0, ori=0.0, pos=array([0., 0.]), size=array([0.3, 0.3]), texRes=128, units='height', win=Window(...))
12.6806 	EXP 	Sound sound_pop set volume 1.000
12.6806 	EXP 	Sound sound_pop2 set volume 1.000
12.6807 	EXP 	Sound sound_pop3 set volume 1.000
12.7672 	EXP 	Created Mask = ImageStim(__class__=<class 'psychopy.visual.image.ImageStim'>, anchor=('center', 'center'), autoLog=True, color=array([1, 1, 1]), colorSpace='rgb', contrast=1.0, depth=0.0, flipHoriz=False, flipVert=False, image='images/Mask.png', interpolate=True, mask=None, maskParams=None, name='Mask', opacity=1.0, ori=0.0, pos=array([0., 0.]), size=array([1.5, 0.5]), texRes=128, units='height', win=Window(...))
12.7730 	EXP 	Created img1 = ImageStim(__class__=<class 'psychopy.visual.image.ImageStim'>, anchor=('center', 'center'), autoLog=True, color=array([1, 1, 1]), colorSpace='rgb', contrast=1.0, depth=-1.0, flipHoriz=False, flipVert=False, image='sin', interpolate=True, mask=None, maskParams=None, name='img1', opacity=1.0, ori=0.0, pos=array([0., 0.]), size=array([0.3, 0.3]), texRes=128, units='height', win=Window(...))
12.7774 	EXP 	Created img2 = ImageStim(__class__=<class 'psychopy.visual.image.ImageStim'>, anchor=('center', 'center'), autoLog=True, color=array([1, 1, 1]), colorSpace='rgb', contrast=1.0, depth=-2.0, flipHoriz=False, flipVert=False, image='sin', interpolate=True, mask=None, maskParams=None, name='img2', opacity=1.0, ori=0.0, pos=array([0., 0.]), size=array([0.3, 0.3]), texRes=128, units='height', win=Window(...))
12.7818 	EXP 	Created img3 = ImageStim(__class__=<class 'psychopy.visual.image.ImageStim'>, anchor=('center', 'center'), autoLog=True, color=array([1, 1, 1]), colorSpace='rgb', contrast=1.0, depth=-3.0, flipHoriz=False, flipVert=False, image='sin', interpolate=True, mask=None, maskParams=None, name='img3', opacity=1.0, ori=0.0, pos=array([0., 0.]), size=array([0.3, 0.3]), texRes=128, units='height', win=Window(...))
12.7818 	EXP 	Sound sound_pop4 set volume 1.000
12.7818 	EXP 	Sound sound_pop5 set volume 1.000
12.7819 	EXP 	Sound sound_pop6 set volume 1.000
12.7855 	EXP 	Created text_2 = TextStim(__class__=<class 'psychopy.visual.text.TextStim'>, alignHoriz=method-wrapper(...), alignText='center', alignVert=method-wrapper(...), anchorHoriz='center', anchorVert='center', antialias=True, autoDraw=False, autoLog=True, bold=False, color=array([1, 1, 1]), colorSpace='rgb', contrast=1.0, depth=0.0, flipHoriz=False, flipVert=False, font='Arial', fontFiles=[], height=0.03, italic=False, languageStyle='LTR', name='text_2', opacity=1.0, ori=0, pos=array([0., 0.]), rgb=UNKNOWN, text=str(...), units='height', win=Window(...), wrapWidth=1)
12.7880 	EXP 	Created text = TextStim(__class__=<class 'psychopy.visual.text.TextStim'>, alignHoriz=method-wrapper(...), alignText='center', alignVert=method-wrapper(...), anchorHoriz='center', anchorVert='center', antialias=True, autoDraw=False, autoLog=True, bold=False, color=array([1, 1, 1]), colorSpace='rgb', contrast=1.0, depth=-1.0, flipHoriz=False, flipVert=False, font='Arial', fontFiles=[], height=0.03, italic=False, languageStyle='LTR', name='text', opacity=1.0, ori=0, pos=array([0., 0.]), rgb=UNKNOWN, text=str(...), units='height', win=Window(...), wrapWidth=1)
12.7886 	EXP 	Created sameText = TextStim(__class__=<class 'psychopy.visual.text.TextStim'>, alignHoriz=method-wrapper(...), alignText='center', alignVert=method-wrapper(...), anchorHoriz='center', anchorVert='center', antialias=True, autoDraw=False, autoLog=True, bold=False, color=array([1, 1, 1]), colorSpace='rgb', contrast=1.0, depth=-2.0, flipHoriz=False, flipVert=False, font='Arial', fontFiles=[], height=0.03, italic=False, languageStyle='LTR', name='sameText', opacity=1.0, ori=0, pos=array([-0.2, -0.3]), rgb=UNKNOWN, text='', units='height', win=Window(...), wrapWidth=1)
12.7890 	EXP 	Created diffText = TextStim(__class__=<class 'psychopy.visual.text.TextStim'>, alignHoriz=method-wrapper(...), alignText='center', alignVert=method-wrapper(...), anchorHoriz='center', anchorVert='center', antialias=True, autoDraw=False, autoLog=True, bold=False, color=array([1, 1, 1]), colorSpace='rgb', contrast=1.0, depth=-3.0, flipHoriz=False, flipVert=False, font='Arial', fontFiles=[], height=0.03, italic=False, languageStyle='LTR', name='diffText', opacity=1.0, ori=0, pos=array([ 0.2, -0.3]), rgb=UNKNOWN, text='', units='height', win=Window(...), wrapWidth=1)
12.7899 	EXP 	Created leftCL = Rect(__class__=<class 'psychopy.visual.rect.Rect'>, anchor=('center', 'center'), autoDraw=False, autoLog=True, closeShape=True, color=method-wrapper(...), colorSpace='rgb', contrast=None, depth=-4.0, fillColor=array([1., 1., 1.]), fillColorSpace='rgb', fillRGB=array([1., 1., 1.]), interpolate=True, lineColor=array([1, 1, 1]), lineColorSpace='rgb', lineRGB=array([1, 1, 1]), lineWidth=3, name='leftCL', opacity=0.5, ori=0.0, pos=array([-0.2, -0.3]), size=array([-0.2, -0.2]), units='height', vertices=ndarray(...), win=Window(...))
12.7908 	EXP 	Created rightCL = Rect(__class__=<class 'psychopy.visual.rect.Rect'>, anchor=('center', 'center'), autoDraw=False, autoLog=True, closeShape=True, color=method-wrapper(...), colorSpace='rgb', contrast=None, depth=-5.0, fillColor=array([1., 1., 1.]), fillColorSpace='rgb', fillRGB=array([1., 1., 1.]), interpolate=True, lineColor=array([1, 1, 1]), lineColorSpace='rgb', lineRGB=array([1, 1, 1]), lineWidth=3, name='rightCL', opacity=0.5, ori=0.0, pos=array([ 0.2, -0.3]), size=array([0.2, 0.2]), units='height', vertices=ndarray(...), win=Window(...))
12.7908 	EXP 	window1: mouseVisible = True
12.7909 	EXP 	Sound clickedSound set volume 1.000
12.7944 	EXP 	Created retIMG = ImageStim(__class__=<class 'psychopy.visual.image.ImageStim'>, anchor=('center', 'center'), autoLog=True, color=array([1, 1, 1]), colorSpace='rgb', contrast=1.0, depth=-1.0, flipHoriz=False, flipVert=False, image='sin', interpolate=True, mask=None, maskParams=None, name='retIMG', opacity=1.0, ori=0.0, pos=array([0., 0.]), size=array([0.3, 0.3]), texRes=128, units='height', win=Window(...))
12.7944 	EXP 	Sound sound_pop7 set volume 1.000
12.7966 	EXP 	Created question_text = TextStim(__class__=<class 'psychopy.visual.text.TextStim'>, alignHoriz=method-wrapper(...), alignText='center', alignVert=method-wrapper(...), anchorHoriz='center', anchorVert='center', antialias=True, autoDraw=False, autoLog=True, bold=False, color=array([1, 1, 1]), colorSpace='rgb', contrast=1.0, depth=0.0, flipHoriz=False, flipVert=False, font='Arial', fontFiles=[], height=0.03, italic=False, languageStyle='LTR', name='question_text', opacity=1.0, ori=0, pos=array([0. , 0.3]), rgb=UNKNOWN, text='When did you see this object?', units='height', win=Window(...), wrapWidth=1)
12.7987 	EXP 	Created decisionQ_2 = TextStim(__class__=<class 'psychopy.visual.text.TextStim'>, alignHoriz=method-wrapper(...), alignText='center', alignVert=method-wrapper(...), anchorHoriz='center', anchorVert='center', antialias=True, autoDraw=False, autoLog=True, bold=False, color=array([1, 1, 1]), colorSpace='rgb', contrast=1.0, depth=-1.0, flipHoriz=False, flipVert=False, font='Arial', fontFiles=[], height=0.03, italic=False, languageStyle='LTR', name='decisionQ_2', opacity=1.0, ori=0, pos=array([0. , 0.3]), rgb=UNKNOWN, text='When did you see this object?', units='height', win=Window(...), wrapWidth=1)
12.7994 	EXP 	Created first_left = Rect(__class__=<class 'psychopy.visual.rect.Rect'>, anchor=('center', 'center'), autoDraw=False, autoLog=True, closeShape=True, color=method-wrapper(...), colorSpace='rgb', contrast=None, depth=-2.0, fillColor=array([1, 1, 1]), fillColorSpace='rgb', fillRGB=array([1, 1, 1]), interpolate=True, lineColor=array([1, 1, 1]), lineColorSpace='rgb', lineRGB=array([1, 1, 1]), lineWidth=3, name='first_left', opacity=0.5, ori=0.0, pos=array([0. , 0.1]), size=array([0.15, 0.15]), units='height', vertices=ndarray(...), win=Window(...))
12.8001 	EXP 	Created second_middle = Rect(__class__=<class 'psychopy.visual.rect.Rect'>, anchor=('center', 'center'), autoDraw=False, autoLog=True, closeShape=True, color=method-wrapper(...), colorSpace='rgb', contrast=None, depth=-3.0, fillColor=array([1, 1, 1]), fillColorSpace='rgb', fillRGB=array([1, 1, 1]), interpolate=True, lineColor=array([1, 1, 1]), lineColorSpace='rgb', lineRGB=array([1, 1, 1]), lineWidth=3, name='second_middle', opacity=0.5, ori=0.0, pos=array([ 0. , -0.1]), size=array([0.15, 0.15]), units='height', vertices=ndarray(...), win=Window(...))
12.8008 	EXP 	Created third_right = Rect(__class__=<class 'psychopy.visual.rect.Rect'>, anchor=('center', 'center'), autoDraw=False, autoLog=True, closeShape=True, color=method-wrapper(...), colorSpace='rgb', contrast=None, depth=-4.0, fillColor=array([1, 1, 1]), fillColorSpace='rgb', fillRGB=array([1, 1, 1]), interpolate=True, lineColor=array([1, 1, 1]), lineColorSpace='rgb', lineRGB=array([1, 1, 1]), lineWidth=3, name='third_right', opacity=0.5, ori=0.0, pos=array([ 0. , -0.3]), size=array([0.15, 0.15]), units='height', vertices=ndarray(...), win=Window(...))
12.8027 	EXP 	Created First = TextStim(__class__=<class 'psychopy.visual.text.TextStim'>, alignHoriz=method-wrapper(...), alignText='center', alignVert=method-wrapper(...), anchorHoriz='center', anchorVert='center', antialias=True, autoDraw=False, autoLog=True, bold=False, color=array([1, 1, 1]), colorSpace='rgb', contrast=1.0, depth=-5.0, flipHoriz=False, flipVert=False, font='Arial', fontFiles=[], height=0.03, italic=False, languageStyle='LTR', name='First', opacity=1.0, ori=0, pos=array([0. , 0.1]), rgb=UNKNOWN, text='First', units='height', win=Window(...), wrapWidth=1)
12.8045 	EXP 	Created Second = TextStim(__class__=<class 'psychopy.visual.text.TextStim'>, alignHoriz=method-wrapper(...), alignText='center', alignVert=method-wrapper(...), anchorHoriz='center', anchorVert='center', antialias=True, autoDraw=False, autoLog=True, bold=False, color=array([1, 1, 1]), colorSpace='rgb', contrast=1.0, depth=-6.0, flipHoriz=False, flipVert=False, font='Arial', fontFiles=[], height=0.03, italic=False, languageStyle='LTR', name='Second', opacity=1.0, ori=0, pos=array([ 0. , -0.1]), rgb=UNKNOWN, text='Second', units='height', win=Window(...), wrapWidth=1)
12.8063 	EXP 	Created Third = TextStim(__class__=<class 'psychopy.visual.text.TextStim'>, alignHoriz=method-wrapper(...), alignText='center', alignVert=method-wrapper(...), anchorHoriz='center', anchorVert='center', antialias=True, autoDraw=False, autoLog=True, bold=False, color=array([1, 1, 1]), colorSpace='rgb', contrast=1.0, depth=-7.0, flipHoriz=False, flipVert=False, font='Arial', fontFiles=[], height=0.03, italic=False, languageStyle='LTR', name='Third', opacity=1.0, ori=0, pos=array([ 0. , -0.3]), rgb=UNKNOWN, text='Third', units='height', win=Window(...), wrapWidth=1)
12.8064 	EXP 	window1: mouseVisible = True
12.8065 	EXP 	Sound clickedSound set volume 1.000
12.8093 	EXP 	Created end = TextStim(__class__=<class 'psychopy.visual.text.TextStim'>, alignHoriz=method-wrapper(...), alignText='center', alignVert=method-wrapper(...), anchorHoriz='center', anchorVert='center', antialias=True, autoDraw=False, autoLog=True, bold=False, color=array([1, 1, 1]), colorSpace='rgb', contrast=1.0, depth=0.0, flipHoriz=False, flipVert=False, font='Arial', fontFiles=[], height=0.03, italic=False, languageStyle='LTR', name='end', opacity=1.0, ori=0, pos=array([0., 0.]), rgb=UNKNOWN, text=str(...), units='height', win=Window(...), wrapWidth=1)
12.8446 	EXP 	Instructions: autoDraw = True
13.1494 	EXP 	Created sequence: random, trialTypes=1, nReps=1, seed=None
13.1496 	EXP 	New trial (rep=0, index=0): None
13.2925 	DATA 	Keypress: space
13.5398 	EXP 	Instructions: autoDraw = False
13.5398 	EXP 	Triplet1: image = 'images/OBJ_181.png'
13.5398 	EXP 	Triplet2: image = 'images/OBJ_115.png'
13.5398 	EXP 	Triplet3: image = 'images/OBJ_82.png'
13.5398 	EXP 	Triplet1: autoDraw = True
15.0485 	EXP 	Triplet1: autoDraw = False
15.5317 	EXP 	Triplet2: autoDraw = True
17.0312 	EXP 	Triplet2: autoDraw = False
17.5311 	EXP 	Triplet3: autoDraw = True
19.0307 	EXP 	Triplet3: autoDraw = False
19.0307 	EXP 	Triplet1: autoDraw = False
19.0307 	EXP 	Triplet2: autoDraw = False
19.0307 	EXP 	Triplet3: autoDraw = False
19.0307 	EXP 	Mask: autoDraw = True
20.6568 	EXP 	Mask: autoDraw = False
20.6568 	EXP 	Mask: autoDraw = False
20.6568 	EXP 	img1: image = 'images/OBJ_115.png'
20.6568 	EXP 	img2: image = 'images/OBJ_82.png'
20.6568 	EXP 	img3: image = 'images/OBJ_181.png'
20.6568 	EXP 	img1: autoDraw = True
22.1631 	EXP 	img1: autoDraw = False
22.6463 	EXP 	img2: autoDraw = True
22.9466 	DATA 	Keypress: escape
24.8636 	EXP 	window1: mouseVisible = True
24.8666 	EXP 	window1: mouseVisible = True
24.8667 	EXP 	window1: mouseVisible = True
24.8667 	EXP 	window1: mouseVisible = True
24.8667 	EXP 	window1: mouseVisible = True
24.8668 	EXP 	window1: mouseVisible = True
24.8668 	EXP 	window1: mouseVisible = True
24.8668 	EXP 	window1: mouseVisible = True
24.8669 	EXP 	window1: mouseVisible = True
24.8669 	EXP 	window1: mouseVisible = True
24.8669 	EXP 	window1: mouseVisible = True
24.8670 	EXP 	window1: mouseVisible = True
24.8670 	EXP 	window1: mouseVisible = True
24.8670 	EXP 	window1: mouseVisible = True
24.8670 	EXP 	window1: mouseVisible = True
24.8671 	EXP 	window1: mouseVisible = True
24.8671 	EXP 	window1: mouseVisible = True
24.8671 	EXP 	window1: mouseVisible = True
24.8672 	EXP 	window1: mouseVisible = True
24.8672 	EXP 	window1: mouseVisible = True
24.8672 	EXP 	window1: mouseVisible = True
24.8673 	EXP 	window1: mouseVisible = True
24.8673 	EXP 	window1: mouseVisible = True
24.8673 	EXP 	window1: mouseVisible = True
24.8673 	EXP 	window1: mouseVisible = True
24.8674 	EXP 	window1: mouseVisible = True
24.8674 	EXP 	window1: mouseVisible = True
24.8674 	EXP 	window1: mouseVisible = True
24.8675 	EXP 	window1: mouseVisible = True
24.8675 	EXP 	window1: mouseVisible = True
24.8675 	EXP 	window1: mouseVisible = True
24.8675 	EXP 	window1: mouseVisible = True
24.8676 	EXP 	window1: mouseVisible = True
24.8676 	EXP 	window1: mouseVisible = True
24.8676 	EXP 	window1: mouseVisible = True
24.8677 	EXP 	window1: mouseVisible = True
24.8677 	EXP 	window1: mouseVisible = True
24.8677 	EXP 	window1: mouseVisible = True
24.8677 	EXP 	window1: mouseVisible = True
24.8678 	EXP 	window1: mouseVisible = True
24.8678 	EXP 	window1: mouseVisible = True
24.8678 	EXP 	window1: mouseVisible = True
24.8679 	EXP 	window1: mouseVisible = True
24.8679 	EXP 	window1: mouseVisible = True
24.8679 	EXP 	window1: mouseVisible = True
24.8679 	EXP 	window1: mouseVisible = True
24.8680 	EXP 	window1: mouseVisible = True
24.8680 	EXP 	window1: mouseVisible = True
24.8680 	EXP 	window1: mouseVisible = True
24.8681 	EXP 	window1: mouseVisible = True
24.8681 	EXP 	window1: mouseVisible = True
24.8681 	EXP 	window1: mouseVisible = True
24.8682 	EXP 	window1: mouseVisible = True
24.8682 	EXP 	window1: mouseVisible = True
24.8682 	EXP 	window1: mouseVisible = True
24.8682 	EXP 	window1: mouseVisible = True
24.8683 	EXP 	window1: mouseVisible = True
24.8683 	EXP 	window1: mouseVisible = True
24.8683 	EXP 	window1: mouseVisible = True
24.8684 	EXP 	window1: mouseVisible = True
24.8684 	EXP 	window1: mouseVisible = True
24.8684 	EXP 	window1: mouseVisible = True
24.8684 	EXP 	window1: mouseVisible = True
24.8685 	EXP 	window1: mouseVisible = True
24.8685 	EXP 	window1: mouseVisible = True
24.8686 	EXP 	window1: mouseVisible = True
24.8686 	EXP 	window1: mouseVisible = True
24.8686 	EXP 	window1: mouseVisible = True
24.8686 	EXP 	window1: mouseVisible = True
24.8687 	EXP 	window1: mouseVisible = True
24.8687 	EXP 	window1: mouseVisible = True
24.8687 	EXP 	window1: mouseVisible = True
24.8688 	EXP 	window1: mouseVisible = True
24.8688 	EXP 	window1: mouseVisible = True
24.8688 	EXP 	window1: mouseVisible = True
24.8688 	EXP 	window1: mouseVisible = True
24.8689 	EXP 	window1: mouseVisible = True
24.8689 	EXP 	window1: mouseVisible = True
24.8689 	EXP 	window1: mouseVisible = True
24.8690 	EXP 	window1: mouseVisible = True
24.8690 	EXP 	window1: mouseVisible = True
24.8690 	EXP 	window1: mouseVisible = True
24.8690 	EXP 	window1: mouseVisible = True
24.8691 	EXP 	window1: mouseVisible = True
24.8691 	EXP 	window1: mouseVisible = True
24.8691 	EXP 	window1: mouseVisible = True
24.8692 	EXP 	window1: mouseVisible = True
24.8692 	EXP 	window1: mouseVisible = True
24.8692 	EXP 	window1: mouseVisible = True
24.8692 	EXP 	window1: mouseVisible = True
24.8693 	EXP 	window1: mouseVisible = True
24.8693 	EXP 	window1: mouseVisible = True
24.8693 	EXP 	window1: mouseVisible = True
24.8694 	EXP 	window1: mouseVisible = True
24.8694 	EXP 	window1: mouseVisible = True
24.8694 	EXP 	window1: mouseVisible = True
24.8694 	EXP 	window1: mouseVisible = True
24.8695 	EXP 	window1: mouseVisible = True
24.8695 	EXP 	window1: mouseVisible = True
24.8695 	EXP 	window1: mouseVisible = True
24.8696 	EXP 	window1: mouseVisible = True
24.8696 	EXP 	window1: mouseVisible = True
24.8696 	EXP 	window1: mouseVisible = True
24.8697 	EXP 	window1: mouseVisible = True
24.8697 	EXP 	window1: mouseVisible = True
24.8697 	EXP 	window1: mouseVisible = True
24.8697 	EXP 	window1: mouseVisible = True
24.8698 	EXP 	window1: mouseVisible = True
24.8698 	EXP 	window1: mouseVisible = True
24.8699 	EXP 	window1: mouseVisible = True
24.8699 	EXP 	window1: mouseVisible = True
24.8699 	EXP 	window1: mouseVisible = True
24.8700 	EXP 	window1: mouseVisible = True
24.8700 	EXP 	window1: mouseVisible = True
24.8700 	EXP 	window1: mouseVisible = True
24.8700 	EXP 	window1: mouseVisible = True
24.8701 	EXP 	window1: mouseVisible = True
24.8701 	EXP 	window1: mouseVisible = True
24.8701 	EXP 	window1: mouseVisible = True
24.8702 	EXP 	window1: mouseVisible = True
24.8702 	EXP 	window1: mouseVisible = True
24.8702 	EXP 	window1: mouseVisible = True
24.8702 	EXP 	window1: mouseVisible = True
24.8703 	EXP 	window1: mouseVisible = True
24.8703 	EXP 	window1: mouseVisible = True
24.8703 	EXP 	window1: mouseVisible = True
24.8704 	EXP 	window1: mouseVisible = True
24.8704 	EXP 	window1: mouseVisible = True
24.8704 	EXP 	window1: mouseVisible = True
24.8704 	EXP 	window1: mouseVisible = True
24.8705 	EXP 	window1: mouseVisible = True
24.8705 	EXP 	window1: mouseVisible = True
24.8705 	EXP 	window1: mouseVisible = True
24.8706 	EXP 	window1: mouseVisible = True
24.8706 	EXP 	window1: mouseVisible = True
24.8706 	EXP 	window1: mouseVisible = True
24.8706 	EXP 	window1: mouseVisible = True
24.8707 	EXP 	window1: mouseVisible = True
24.8707 	EXP 	window1: mouseVisible = True
24.8707 	EXP 	window1: mouseVisible = True
24.8708 	EXP 	window1: mouseVisible = True
24.8708 	EXP 	window1: mouseVisible = True
24.8708 	EXP 	window1: mouseVisible = True
24.8709 	EXP 	window1: mouseVisible = True
24.8709 	EXP 	window1: mouseVisible = True
24.8709 	EXP 	window1: mouseVisible = True
24.8709 	EXP 	window1: mouseVisible = True
24.8710 	EXP 	window1: mouseVisible = True
24.8710 	EXP 	window1: mouseVisible = True
24.8710 	EXP 	window1: mouseVisible = True
24.8711 	EXP 	window1: mouseVisible = True
24.8711 	EXP 	window1: mouseVisible = True
24.8711 	EXP 	window1: mouseVisible = True
24.8711 	EXP 	window1: mouseVisible = True
24.8712 	EXP 	window1: mouseVisible = True
24.8712 	EXP 	window1: mouseVisible = True
24.8712 	EXP 	window1: mouseVisible = True
24.8713 	EXP 	window1: mouseVisible = True
24.8713 	EXP 	window1: mouseVisible = True
24.8713 	EXP 	window1: mouseVisible = True
24.8713 	EXP 	window1: mouseVisible = True
24.8714 	EXP 	window1: mouseVisible = True
24.8714 	EXP 	window1: mouseVisible = True
24.8714 	EXP 	window1: mouseVisible = True
24.8715 	EXP 	window1: mouseVisible = True
24.8715 	EXP 	window1: mouseVisible = True
24.8715 	EXP 	window1: mouseVisible = True
24.8716 	EXP 	window1: mouseVisible = True
24.8716 	EXP 	window1: mouseVisible = True
24.8716 	EXP 	window1: mouseVisible = True
24.8716 	EXP 	window1: mouseVisible = True
24.8717 	EXP 	window1: mouseVisible = True
24.8717 	EXP 	window1: mouseVisible = True
24.8717 	EXP 	window1: mouseVisible = True
24.8718 	EXP 	window1: mouseVisible = True
24.8718 	EXP 	window1: mouseVisible = True
24.8718 	EXP 	window1: mouseVisible = True
24.8718 	EXP 	window1: mouseVisible = True
24.8719 	EXP 	window1: mouseVisible = True
24.8719 	EXP 	window1: mouseVisible = True
24.8719 	EXP 	window1: mouseVisible = True
24.8720 	EXP 	window1: mouseVisible = True
24.8720 	EXP 	window1: mouseVisible = True
24.8720 	EXP 	window1: mouseVisible = True
24.8720 	EXP 	window1: mouseVisible = True
24.8721 	EXP 	window1: mouseVisible = True
24.8721 	EXP 	window1: mouseVisible = True
24.8721 	EXP 	window1: mouseVisible = True
24.8722 	EXP 	window1: mouseVisible = True
24.8722 	EXP 	window1: mouseVisible = True
24.8722 	EXP 	window1: mouseVisible = True
24.8722 	EXP 	window1: mouseVisible = True
24.8723 	EXP 	window1: mouseVisible = True
24.8723 	EXP 	window1: mouseVisible = True
24.8723 	EXP 	window1: mouseVisible = True
24.8724 	EXP 	window1: mouseVisible = True
24.8724 	EXP 	window1: mouseVisible = True
24.8724 	EXP 	window1: mouseVisible = True
24.8724 	EXP 	window1: mouseVisible = True
24.8725 	EXP 	window1: mouseVisible = True
24.8725 	EXP 	window1: mouseVisible = True
24.8725 	EXP 	window1: mouseVisible = True
24.8726 	EXP 	window1: mouseVisible = True
24.8726 	EXP 	window1: mouseVisible = True
24.8726 	EXP 	window1: mouseVisible = True
24.8726 	EXP 	window1: mouseVisible = True
24.8727 	EXP 	window1: mouseVisible = True
24.8727 	EXP 	window1: mouseVisible = True
24.8727 	EXP 	window1: mouseVisible = True
24.8728 	EXP 	window1: mouseVisible = True
24.8728 	EXP 	window1: mouseVisible = True
24.8728 	EXP 	window1: mouseVisible = True
24.8728 	EXP 	window1: mouseVisible = True
24.8729 	EXP 	window1: mouseVisible = True
24.8729 	EXP 	window1: mouseVisible = True
24.8729 	EXP 	window1: mouseVisible = True
24.8730 	EXP 	window1: mouseVisible = True
24.8730 	EXP 	window1: mouseVisible = True
24.8730 	EXP 	window1: mouseVisible = True
24.8731 	EXP 	window1: mouseVisible = True
24.8731 	EXP 	window1: mouseVisible = True
24.8731 	EXP 	window1: mouseVisible = True
24.8731 	EXP 	window1: mouseVisible = True
24.8732 	EXP 	window1: mouseVisible = True
24.8732 	EXP 	window1: mouseVisible = True
24.8732 	EXP 	window1: mouseVisible = True
24.8732 	EXP 	window1: mouseVisible = True
24.8733 	EXP 	window1: mouseVisible = True
24.8733 	EXP 	window1: mouseVisible = True
24.8733 	EXP 	window1: mouseVisible = True
24.8734 	EXP 	window1: mouseVisible = True
24.8734 	EXP 	window1: mouseVisible = True
24.8734 	EXP 	window1: mouseVisible = True
24.8735 	EXP 	window1: mouseVisible = True
24.8735 	EXP 	window1: mouseVisible = True
24.8735 	EXP 	window1: mouseVisible = True
24.8735 	EXP 	window1: mouseVisible = True
24.8736 	EXP 	window1: mouseVisible = True
24.8736 	EXP 	window1: mouseVisible = True
24.8736 	EXP 	window1: mouseVisible = True
24.8737 	EXP 	window1: mouseVisible = True
24.8737 	EXP 	window1: mouseVisible = True
24.8737 	EXP 	window1: mouseVisible = True
24.8737 	EXP 	window1: mouseVisible = True
24.8738 	EXP 	window1: mouseVisible = True
24.8738 	EXP 	window1: mouseVisible = True
24.8738 	EXP 	window1: mouseVisible = True
24.8739 	EXP 	window1: mouseVisible = True
24.8739 	EXP 	window1: mouseVisible = True
24.8739 	EXP 	window1: mouseVisible = True
24.8740 	EXP 	window1: mouseVisible = True
24.8740 	EXP 	window1: mouseVisible = True
24.8740 	EXP 	window1: mouseVisible = True
24.8740 	EXP 	window1: mouseVisible = True
24.8741 	EXP 	window1: mouseVisible = True
24.8741 	EXP 	window1: mouseVisible = True
24.8741 	EXP 	window1: mouseVisible = True
24.8742 	EXP 	window1: mouseVisible = True
24.8742 	EXP 	window1: mouseVisible = True
24.8742 	EXP 	window1: mouseVisible = True
24.8743 	EXP 	window1: mouseVisible = True
24.8743 	EXP 	window1: mouseVisible = True
24.8743 	EXP 	window1: mouseVisible = True
24.8744 	EXP 	window1: mouseVisible = True
24.8744 	EXP 	window1: mouseVisible = True
24.8744 	EXP 	window1: mouseVisible = True
24.8745 	EXP 	window1: mouseVisible = True
24.8745 	EXP 	window1: mouseVisible = True
24.8745 	EXP 	window1: mouseVisible = True
24.8746 	EXP 	window1: mouseVisible = True
24.8746 	EXP 	window1: mouseVisible = True
24.8746 	EXP 	window1: mouseVisible = True
24.8746 	EXP 	window1: mouseVisible = True
24.8747 	EXP 	window1: mouseVisible = True
24.8747 	EXP 	window1: mouseVisible = True
24.8747 	EXP 	window1: mouseVisible = True
24.8748 	EXP 	window1: mouseVisible = True
24.8748 	EXP 	window1: mouseVisible = True
24.8748 	EXP 	window1: mouseVisible = True
24.8748 	EXP 	window1: mouseVisible = True
24.8749 	EXP 	window1: mouseVisible = True
24.8749 	EXP 	window1: mouseVisible = True
24.8749 	EXP 	window1: mouseVisible = True
24.8750 	EXP 	window1: mouseVisible = True
24.8750 	EXP 	window1: mouseVisible = True
24.8750 	EXP 	window1: mouseVisible = True
24.8751 	EXP 	window1: mouseVisible = True
24.8751 	EXP 	window1: mouseVisible = True
24.8751 	EXP 	window1: mouseVisible = True
24.8751 	EXP 	window1: mouseVisible = True
24.8752 	EXP 	window1: mouseVisible = True
24.8752 	EXP 	window1: mouseVisible = True
24.8752 	EXP 	window1: mouseVisible = True
24.8753 	EXP 	window1: mouseVisible = True
24.8753 	EXP 	window1: mouseVisible = True
24.8753 	EXP 	window1: mouseVisible = True
24.8753 	EXP 	window1: mouseVisible = True
24.8754 	EXP 	window1: mouseVisible = True
24.8754 	EXP 	window1: mouseVisible = True
24.8754 	EXP 	window1: mouseVisible = True
24.8755 	EXP 	window1: mouseVisible = True
24.8755 	EXP 	window1: mouseVisible = True
24.8755 	EXP 	window1: mouseVisible = True
24.8756 	EXP 	window1: mouseVisible = True
24.8756 	EXP 	window1: mouseVisible = True
24.8756 	EXP 	window1: mouseVisible = True
24.8756 	EXP 	window1: mouseVisible = True
24.8757 	EXP 	window1: mouseVisible = True
24.8757 	EXP 	window1: mouseVisible = True
24.8757 	EXP 	window1: mouseVisible = True
24.8758 	EXP 	window1: mouseVisible = True
24.8758 	EXP 	window1: mouseVisible = True
24.8758 	EXP 	window1: mouseVisible = True
24.8758 	EXP 	window1: mouseVisible = True
24.8759 	EXP 	window1: mouseVisible = True
24.8759 	EXP 	window1: mouseVisible = True
24.8759 	EXP 	window1: mouseVisible = True
24.8760 	EXP 	window1: mouseVisible = True
24.8760 	EXP 	window1: mouseVisible = True
24.8760 	EXP 	window1: mouseVisible = True
24.8761 	EXP 	window1: mouseVisible = True
24.8761 	EXP 	window1: mouseVisible = True
24.8761 	EXP 	window1: mouseVisible = True
24.8761 	EXP 	window1: mouseVisible = True
24.8762 	EXP 	window1: mouseVisible = True
24.8762 	EXP 	window1: mouseVisible = True
24.8762 	EXP 	window1: mouseVisible = True
24.8763 	EXP 	window1: mouseVisible = True
24.8763 	EXP 	window1: mouseVisible = True
24.8763 	EXP 	window1: mouseVisible = True
24.8763 	EXP 	window1: mouseVisible = True
24.8764 	EXP 	window1: mouseVisible = True
24.8764 	EXP 	window1: mouseVisible = True
24.8764 	EXP 	window1: mouseVisible = True
24.8765 	EXP 	window1: mouseVisible = True
24.8765 	EXP 	window1: mouseVisible = True
24.8765 	EXP 	window1: mouseVisible = True
24.8766 	EXP 	window1: mouseVisible = True
24.8766 	EXP 	window1: mouseVisible = True
24.8766 	EXP 	window1: mouseVisible = True
24.8766 	EXP 	window1: mouseVisible = True
24.8767 	EXP 	window1: mouseVisible = True
24.8767 	EXP 	window1: mouseVisible = True
24.8767 	EXP 	window1: mouseVisible = True
24.8768 	EXP 	window1: mouseVisible = True
24.8768 	EXP 	window1: mouseVisible = True
24.8768 	EXP 	window1: mouseVisible = True
24.8768 	EXP 	window1: mouseVisible = True
24.8769 	EXP 	window1: mouseVisible = True
24.8769 	EXP 	window1: mouseVisible = True
24.8769 	EXP 	window1: mouseVisible = True
24.8770 	EXP 	window1: mouseVisible = True
24.8770 	EXP 	window1: mouseVisible = True
24.8770 	EXP 	window1: mouseVisible = True
24.8771 	EXP 	window1: mouseVisible = True
24.8771 	EXP 	window1: mouseVisible = True
24.8771 	EXP 	window1: mouseVisible = True
24.8771 	EXP 	window1: mouseVisible = True
24.8772 	EXP 	window1: mouseVisible = True
24.8772 	EXP 	window1: mouseVisible = True
24.8772 	EXP 	window1: mouseVisible = True
24.8773 	EXP 	window1: mouseVisible = True
24.8773 	EXP 	window1: mouseVisible = True
24.8773 	EXP 	window1: mouseVisible = True
24.8773 	EXP 	window1: mouseVisible = True
24.8774 	EXP 	window1: mouseVisible = True
24.8774 	EXP 	window1: mouseVisible = True
24.8774 	EXP 	window1: mouseVisible = True
24.8775 	EXP 	window1: mouseVisible = True
24.8775 	EXP 	window1: mouseVisible = True
24.8775 	EXP 	window1: mouseVisible = True
24.8776 	EXP 	window1: mouseVisible = True
24.8776 	EXP 	window1: mouseVisible = True
24.8776 	EXP 	window1: mouseVisible = True
24.8776 	EXP 	window1: mouseVisible = True
24.8777 	EXP 	window1: mouseVisible = True
24.8777 	EXP 	window1: mouseVisible = True
24.8777 	EXP 	window1: mouseVisible = True
24.8778 	EXP 	window1: mouseVisible = True
24.8778 	EXP 	window1: mouseVisible = True
24.8778 	EXP 	window1: mouseVisible = True
24.8778 	EXP 	window1: mouseVisible = True
24.8779 	EXP 	window1: mouseVisible = True
24.8779 	EXP 	window1: mouseVisible = True
24.8779 	EXP 	window1: mouseVisible = True
24.8780 	EXP 	window1: mouseVisible = True
24.8780 	EXP 	window1: mouseVisible = True
24.8780 	EXP 	window1: mouseVisible = True
24.8781 	EXP 	window1: mouseVisible = True
24.8781 	EXP 	window1: mouseVisible = True
24.8781 	EXP 	window1: mouseVisible = True
24.8781 	EXP 	window1: mouseVisible = True
24.8782 	EXP 	window1: mouseVisible = True
24.8782 	EXP 	window1: mouseVisible = True
24.8782 	EXP 	window1: mouseVisible = True
24.8783 	EXP 	window1: mouseVisible = True
24.8783 	EXP 	window1: mouseVisible = True
24.8783 	EXP 	window1: mouseVisible = True
24.8783 	EXP 	window1: mouseVisible = True
24.8784 	EXP 	window1: mouseVisible = True
24.8784 	EXP 	window1: mouseVisible = True
24.8784 	EXP 	window1: mouseVisible = True
24.8785 	EXP 	window1: mouseVisible = True
24.8785 	EXP 	window1: mouseVisible = True
24.8785 	EXP 	window1: mouseVisible = True
24.8786 	EXP 	window1: mouseVisible = True
24.8786 	EXP 	window1: mouseVisible = True
24.8786 	EXP 	window1: mouseVisible = True
24.8786 	EXP 	window1: mouseVisible = True
24.8787 	EXP 	window1: mouseVisible = True
24.8787 	EXP 	window1: mouseVisible = True
24.8787 	EXP 	window1: mouseVisible = True
24.8788 	EXP 	window1: mouseVisible = True
24.8788 	EXP 	window1: mouseVisible = True
24.8788 	EXP 	window1: mouseVisible = True
24.8788 	EXP 	window1: mouseVisible = True
24.8789 	EXP 	window1: mouseVisible = True
24.8789 	EXP 	window1: mouseVisible = True
24.8789 	EXP 	window1: mouseVisible = True
24.8790 	EXP 	window1: mouseVisible = True
24.8790 	EXP 	window1: mouseVisible = True
24.8791 	EXP 	window1: mouseVisible = True
24.8791 	EXP 	window1: mouseVisible = True
24.8791 	EXP 	window1: mouseVisible = True
24.8791 	EXP 	window1: mouseVisible = True
24.8792 	EXP 	window1: mouseVisible = True
24.8792 	EXP 	window1: mouseVisible = True
24.8792 	EXP 	window1: mouseVisible = True
24.8793 	EXP 	window1: mouseVisible = True
24.8793 	EXP 	window1: mouseVisible = True
24.8793 	EXP 	window1: mouseVisible = True
24.8793 	EXP 	window1: mouseVisible = True
24.8794 	EXP 	window1: mouseVisible = True
24.8794 	EXP 	window1: mouseVisible = True
24.8795 	EXP 	window1: mouseVisible = True
24.8795 	EXP 	window1: mouseVisible = True
24.8795 	EXP 	window1: mouseVisible = True
24.8796 	EXP 	window1: mouseVisible = True
24.8796 	EXP 	window1: mouseVisible = True
24.8796 	EXP 	window1: mouseVisible = True
24.8797 	EXP 	window1: mouseVisible = True
24.8797 	EXP 	window1: mouseVisible = True
24.8797 	EXP 	window1: mouseVisible = True
24.8797 	EXP 	window1: mouseVisible = True
24.8798 	EXP 	window1: mouseVisible = True
24.8798 	EXP 	window1: mouseVisible = True
24.8798 	EXP 	window1: mouseVisible = True
24.8799 	EXP 	window1: mouseVisible = True
24.8799 	EXP 	window1: mouseVisible = True
24.8799 	EXP 	window1: mouseVisible = True
24.8800 	EXP 	window1: mouseVisible = True
24.8800 	EXP 	window1: mouseVisible = True
24.8800 	EXP 	window1: mouseVisible = True
24.8801 	EXP 	window1: mouseVisible = True
24.8801 	EXP 	window1: mouseVisible = True
24.8801 	EXP 	window1: mouseVisible = True
24.8801 	EXP 	window1: mouseVisible = True
24.8802 	EXP 	window1: mouseVisible = True
24.8802 	EXP 	window1: mouseVisible = True
24.8802 	EXP 	window1: mouseVisible = True
24.8803 	EXP 	window1: mouseVisible = True
24.8803 	EXP 	window1: mouseVisible = True
24.8803 	EXP 	window1: mouseVisible = True
24.8803 	EXP 	window1: mouseVisible = True
24.8804 	EXP 	window1: mouseVisible = True
24.8804 	EXP 	window1: mouseVisible = True
24.8804 	EXP 	window1: mouseVisible = True
24.8805 	EXP 	window1: mouseVisible = True
24.8805 	EXP 	window1: mouseVisible = True
24.8805 	EXP 	window1: mouseVisible = True
24.8806 	EXP 	window1: mouseVisible = True
24.8806 	EXP 	window1: mouseVisible = True
24.8806 	EXP 	window1: mouseVisible = True
24.8806 	EXP 	window1: mouseVisible = True
24.8807 	EXP 	window1: mouseVisible = True
24.8807 	EXP 	window1: mouseVisible = True
24.8807 	EXP 	window1: mouseVisible = True
24.8808 	EXP 	window1: mouseVisible = True
24.8808 	EXP 	window1: mouseVisible = True
24.8808 	EXP 	window1: mouseVisible = True
24.8808 	EXP 	window1: mouseVisible = True
24.8809 	EXP 	window1: mouseVisible = True
24.8809 	EXP 	window1: mouseVisible = True
24.8809 	EXP 	window1: mouseVisible = True
24.8810 	EXP 	window1: mouseVisible = True
24.8810 	EXP 	window1: mouseVisible = True
24.8810 	EXP 	window1: mouseVisible = True
24.8811 	EXP 	window1: mouseVisible = True
24.8811 	EXP 	window1: mouseVisible = True
24.8811 	EXP 	window1: mouseVisible = True
24.8811 	EXP 	window1: mouseVisible = True
24.8812 	EXP 	window1: mouseVisible = True
24.8812 	EXP 	window1: mouseVisible = True
24.8812 	EXP 	window1: mouseVisible = True
24.8813 	EXP 	window1: mouseVisible = True
24.8813 	EXP 	window1: mouseVisible = True
24.8813 	EXP 	window1: mouseVisible = True
24.8813 	EXP 	window1: mouseVisible = True
24.8814 	EXP 	window1: mouseVisible = True
24.8814 	EXP 	window1: mouseVisible = True
24.8814 	EXP 	window1: mouseVisible = True
24.8815 	EXP 	window1: mouseVisible = True
24.8815 	EXP 	window1: mouseVisible = True
24.8815 	EXP 	window1: mouseVisible = True
24.8816 	EXP 	window1: mouseVisible = True
24.8816 	EXP 	window1: mouseVisible = True
24.8816 	EXP 	window1: mouseVisible = True
24.8816 	EXP 	window1: mouseVisible = True
24.8817 	EXP 	window1: mouseVisible = True
24.8817 	EXP 	window1: mouseVisible = True
24.8817 	EXP 	window1: mouseVisible = True
24.8818 	EXP 	window1: mouseVisible = True
24.8818 	EXP 	window1: mouseVisible = True
24.8818 	EXP 	window1: mouseVisible = True
24.8818 	EXP 	window1: mouseVisible = True
24.8819 	EXP 	window1: mouseVisible = True
24.8819 	EXP 	window1: mouseVisible = True
24.8819 	EXP 	window1: mouseVisible = True
24.8820 	EXP 	window1: mouseVisible = True
24.8820 	EXP 	window1: mouseVisible = True
24.8820 	EXP 	window1: mouseVisible = True
24.8821 	EXP 	window1: mouseVisible = True
24.8821 	EXP 	window1: mouseVisible = True
24.8821 	EXP 	window1: mouseVisible = True
24.8821 	EXP 	window1: mouseVisible = True
24.8822 	EXP 	window1: mouseVisible = True
24.8822 	EXP 	window1: mouseVisible = True
24.8822 	EXP 	window1: mouseVisible = True
24.8823 	EXP 	window1: mouseVisible = True
24.8823 	EXP 	window1: mouseVisible = True
24.8823 	EXP 	window1: mouseVisible = True
24.8823 	EXP 	window1: mouseVisible = True
24.8824 	EXP 	window1: mouseVisible = True
24.8824 	EXP 	window1: mouseVisible = True
24.8824 	EXP 	window1: mouseVisible = True
24.8825 	EXP 	window1: mouseVisible = True
24.8825 	EXP 	window1: mouseVisible = True
24.8825 	EXP 	window1: mouseVisible = True
24.8825 	EXP 	window1: mouseVisible = True
24.8826 	EXP 	window1: mouseVisible = True
24.8826 	EXP 	window1: mouseVisible = True
24.8826 	EXP 	window1: mouseVisible = True
24.8827 	EXP 	window1: mouseVisible = True
24.8827 	EXP 	window1: mouseVisible = True
24.8827 	EXP 	window1: mouseVisible = True
24.8828 	EXP 	window1: mouseVisible = True
24.8828 	EXP 	window1: mouseVisible = True
24.8828 	EXP 	window1: mouseVisible = True
24.8828 	EXP 	window1: mouseVisible = True
24.8829 	EXP 	window1: mouseVisible = True
24.8829 	EXP 	window1: mouseVisible = True
24.8829 	EXP 	window1: mouseVisible = True
24.8830 	EXP 	window1: mouseVisible = True
24.8830 	EXP 	window1: mouseVisible = True
24.8830 	EXP 	window1: mouseVisible = True
24.8830 	EXP 	window1: mouseVisible = True
24.8831 	EXP 	window1: mouseVisible = True
24.8831 	EXP 	window1: mouseVisible = True
24.8831 	EXP 	window1: mouseVisible = True
24.8832 	EXP 	window1: mouseVisible = True
24.8832 	EXP 	window1: mouseVisible = True
24.8832 	EXP 	window1: mouseVisible = True
24.8833 	EXP 	window1: mouseVisible = True
24.8833 	EXP 	window1: mouseVisible = True
24.8833 	EXP 	window1: mouseVisible = True
24.8833 	EXP 	window1: mouseVisible = True
24.8834 	EXP 	window1: mouseVisible = True
24.8834 	EXP 	window1: mouseVisible = True
24.8834 	EXP 	window1: mouseVisible = True
24.8835 	EXP 	window1: mouseVisible = True
24.8835 	EXP 	window1: mouseVisible = True
24.8835 	EXP 	window1: mouseVisible = True
24.8836 	EXP 	window1: mouseVisible = True
24.8836 	EXP 	window1: mouseVisible = True
24.8836 	EXP 	window1: mouseVisible = True
24.8837 	EXP 	window1: mouseVisible = True
24.8837 	EXP 	window1: mouseVisible = True
24.8837 	EXP 	window1: mouseVisible = True
24.8838 	EXP 	window1: mouseVisible = True
24.8838 	EXP 	window1: mouseVisible = True
24.8838 	EXP 	window1: mouseVisible = True
24.8838 	EXP 	window1: mouseVisible = True
24.8839 	EXP 	window1: mouseVisible = True
24.8839 	EXP 	window1: mouseVisible = True
24.8839 	EXP 	window1: mouseVisible = True
24.8840 	EXP 	window1: mouseVisible = True
24.8840 	EXP 	window1: mouseVisible = True
24.8840 	EXP 	window1: mouseVisible = True
24.8841 	EXP 	window1: mouseVisible = True
24.8841 	EXP 	window1: mouseVisible = True
24.8841 	EXP 	window1: mouseVisible = True
24.8841 	EXP 	window1: mouseVisible = True
24.8842 	EXP 	window1: mouseVisible = True
24.8842 	EXP 	window1: mouseVisible = True
24.8842 	EXP 	window1: mouseVisible = True
24.8843 	EXP 	window1: mouseVisible = True
24.8843 	EXP 	window1: mouseVisible = True
24.8843 	EXP 	window1: mouseVisible = True
24.8843 	EXP 	window1: mouseVisible = True
24.8844 	EXP 	window1: mouseVisible = True
24.8844 	EXP 	window1: mouseVisible = True
24.8844 	EXP 	window1: mouseVisible = True
24.8845 	EXP 	window1: mouseVisible = True
24.8845 	EXP 	window1: mouseVisible = True
24.8845 	EXP 	window1: mouseVisible = True
24.8845 	EXP 	window1: mouseVisible = True
24.8846 	EXP 	window1: mouseVisible = True
24.8846 	EXP 	window1: mouseVisible = True
24.8846 	EXP 	window1: mouseVisible = True
24.8847 	EXP 	window1: mouseVisible = True
24.8847 	EXP 	window1: mouseVisible = True
24.8847 	EXP 	window1: mouseVisible = True
24.8848 	EXP 	window1: mouseVisible = True
24.8848 	EXP 	window1: mouseVisible = True
24.8848 	EXP 	window1: mouseVisible = True
24.8848 	EXP 	window1: mouseVisible = True
24.8849 	EXP 	window1: mouseVisible = True
24.8849 	EXP 	window1: mouseVisible = True
24.8849 	EXP 	window1: mouseVisible = True
24.8850 	EXP 	window1: mouseVisible = True
24.8850 	EXP 	window1: mouseVisible = True
24.8850 	EXP 	window1: mouseVisible = True
24.8851 	EXP 	window1: mouseVisible = True
24.8851 	EXP 	window1: mouseVisible = True
24.8851 	EXP 	window1: mouseVisible = True
24.8851 	EXP 	window1: mouseVisible = True
24.8852 	EXP 	window1: mouseVisible = True
24.8852 	EXP 	window1: mouseVisible = True
24.8852 	EXP 	window1: mouseVisible = True
24.8853 	EXP 	window1: mouseVisible = True
24.8853 	EXP 	window1: mouseVisible = True
24.8853 	EXP 	window1: mouseVisible = True
24.8853 	EXP 	window1: mouseVisible = True
24.8854 	EXP 	window1: mouseVisible = True
24.8854 	EXP 	window1: mouseVisible = True
24.8854 	EXP 	window1: mouseVisible = True
24.8855 	EXP 	window1: mouseVisible = True
24.8855 	EXP 	window1: mouseVisible = True
24.8855 	EXP 	window1: mouseVisible = True
24.8856 	EXP 	window1: mouseVisible = True
24.8856 	EXP 	window1: mouseVisible = True
24.8856 	EXP 	window1: mouseVisible = True
24.8856 	EXP 	window1: mouseVisible = True
24.8857 	EXP 	window1: mouseVisible = True
24.8857 	EXP 	window1: mouseVisible = True
24.8857 	EXP 	window1: mouseVisible = True
24.8858 	EXP 	window1: mouseVisible = True
24.8858 	EXP 	window1: mouseVisible = True
24.8858 	EXP 	window1: mouseVisible = True
24.8859 	EXP 	window1: mouseVisible = True
24.8859 	EXP 	window1: mouseVisible = True
24.8859 	EXP 	window1: mouseVisible = True
24.8859 	EXP 	window1: mouseVisible = True
24.8860 	EXP 	window1: mouseVisible = True
24.8861 	EXP 	window1: mouseVisible = True
24.8861 	EXP 	window1: mouseVisible = True
24.8861 	EXP 	window1: mouseVisible = True
24.8862 	EXP 	window1: mouseVisible = True
24.8862 	EXP 	window1: mouseVisible = True
24.8862 	EXP 	window1: mouseVisible = True
24.8863 	EXP 	window1: mouseVisible = True
24.8863 	EXP 	window1: mouseVisible = True
24.8863 	EXP 	window1: mouseVisible = True
24.8864 	EXP 	window1: mouseVisible = True
24.8864 	EXP 	window1: mouseVisible = True
24.8864 	EXP 	window1: mouseVisible = True
24.8864 	EXP 	window1: mouseVisible = True
24.8865 	EXP 	window1: mouseVisible = True
24.8865 	EXP 	window1: mouseVisible = True
24.8865 	EXP 	window1: mouseVisible = True
24.8866 	EXP 	window1: mouseVisible = True
24.8866 	EXP 	window1: mouseVisible = True
24.8866 	EXP 	window1: mouseVisible = True
24.8867 	EXP 	window1: mouseVisible = True
24.8867 	EXP 	window1: mouseVisible = True
24.8867 	EXP 	window1: mouseVisible = True
24.8867 	EXP 	window1: mouseVisible = True
24.8868 	EXP 	window1: mouseVisible = True
24.8868 	EXP 	window1: mouseVisible = True
24.8868 	EXP 	window1: mouseVisible = True
24.8869 	EXP 	window1: mouseVisible = True
24.8869 	EXP 	window1: mouseVisible = True
24.8869 	EXP 	window1: mouseVisible = True
24.8869 	EXP 	window1: mouseVisible = True
24.8870 	EXP 	window1: mouseVisible = True
24.8870 	EXP 	window1: mouseVisible = True
24.8870 	EXP 	window1: mouseVisible = True
24.8871 	EXP 	window1: mouseVisible = True
24.8871 	EXP 	window1: mouseVisible = True
24.8871 	EXP 	window1: mouseVisible = True
24.8872 	EXP 	window1: mouseVisible = True
24.8872 	EXP 	window1: mouseVisible = True
24.8872 	EXP 	window1: mouseVisible = True
24.8872 	EXP 	window1: mouseVisible = True
24.8873 	EXP 	window1: mouseVisible = True
24.8873 	EXP 	window1: mouseVisible = True
24.8873 	EXP 	window1: mouseVisible = True
24.8874 	EXP 	window1: mouseVisible = True
24.8874 	EXP 	window1: mouseVisible = True
24.8874 	EXP 	window1: mouseVisible = True
24.8874 	EXP 	window1: mouseVisible = True
24.8875 	EXP 	window1: mouseVisible = True
24.8875 	EXP 	window1: mouseVisible = True
24.8875 	EXP 	window1: mouseVisible = True
24.8876 	EXP 	window1: mouseVisible = True
24.8876 	EXP 	window1: mouseVisible = True
24.8876 	EXP 	window1: mouseVisible = True
24.8877 	EXP 	window1: mouseVisible = True
24.8877 	EXP 	window1: mouseVisible = True
24.8877 	EXP 	window1: mouseVisible = True
24.8877 	EXP 	window1: mouseVisible = True
24.8878 	EXP 	window1: mouseVisible = True
24.8878 	EXP 	window1: mouseVisible = True
24.8878 	EXP 	window1: mouseVisible = True
24.8879 	EXP 	window1: mouseVisible = True
24.8879 	EXP 	window1: mouseVisible = True
24.8879 	EXP 	window1: mouseVisible = True
24.8880 	EXP 	window1: mouseVisible = True
24.8880 	EXP 	window1: mouseVisible = True
24.8880 	EXP 	window1: mouseVisible = True
24.8880 	EXP 	window1: mouseVisible = True
24.8881 	EXP 	window1: mouseVisible = True
24.8881 	EXP 	window1: mouseVisible = True
24.8881 	EXP 	window1: mouseVisible = True
24.8882 	EXP 	window1: mouseVisible = True
24.8882 	EXP 	window1: mouseVisible = True
24.8882 	EXP 	window1: mouseVisible = True
24.8882 	EXP 	window1: mouseVisible = True
24.8883 	EXP 	window1: mouseVisible = True
24.8883 	EXP 	window1: mouseVisible = True
24.8883 	EXP 	window1: mouseVisible = True
24.8884 	EXP 	window1: mouseVisible = True
24.8884 	EXP 	window1: mouseVisible = True
24.8885 	EXP 	window1: mouseVisible = True
24.8885 	EXP 	window1: mouseVisible = True
24.8885 	EXP 	window1: mouseVisible = True
24.8885 	EXP 	window1: mouseVisible = True
24.8886 	EXP 	window1: mouseVisible = True
24.8886 	EXP 	window1: mouseVisible = True
24.8886 	EXP 	window1: mouseVisible = True
24.8887 	EXP 	window1: mouseVisible = True
24.8887 	EXP 	window1: mouseVisible = True
24.8887 	EXP 	window1: mouseVisible = True
24.8888 	EXP 	window1: mouseVisible = True
24.8888 	EXP 	window1: mouseVisible = True
24.8888 	EXP 	window1: mouseVisible = True
24.8888 	EXP 	window1: mouseVisible = True
24.8889 	EXP 	window1: mouseVisible = True
24.8889 	EXP 	window1: mouseVisible = True
24.8889 	EXP 	window1: mouseVisible = True
24.8890 	EXP 	window1: mouseVisible = True
24.8890 	EXP 	window1: mouseVisible = True
24.8890 	EXP 	window1: mouseVisible = True
24.8890 	EXP 	window1: mouseVisible = True
24.8891 	EXP 	window1: mouseVisible = True
24.8891 	EXP 	window1: mouseVisible = True
24.8891 	EXP 	window1: mouseVisible = True
24.8892 	EXP 	window1: mouseVisible = True
24.8892 	EXP 	window1: mouseVisible = True
24.8892 	EXP 	window1: mouseVisible = True
24.8893 	EXP 	window1: mouseVisible = True
24.8893 	EXP 	window1: mouseVisible = True
24.8893 	EXP 	window1: mouseVisible = True
24.8893 	EXP 	window1: mouseVisible = True
24.8894 	EXP 	window1: mouseVisible = True
24.8894 	EXP 	window1: mouseVisible = True
24.8894 	EXP 	window1: mouseVisible = True
24.8895 	EXP 	window1: mouseVisible = True
24.8895 	EXP 	window1: mouseVisible = True
24.8895 	EXP 	window1: mouseVisible = True
24.8895 	EXP 	window1: mouseVisible = True
24.8896 	EXP 	window1: mouseVisible = True
24.8896 	EXP 	window1: mouseVisible = True
24.8896 	EXP 	window1: mouseVisible = True
24.8897 	EXP 	window1: mouseVisible = True
24.8897 	EXP 	window1: mouseVisible = True
24.8897 	EXP 	window1: mouseVisible = True
24.8898 	EXP 	window1: mouseVisible = True
24.8898 	EXP 	window1: mouseVisible = True
24.8898 	EXP 	window1: mouseVisible = True
24.8898 	EXP 	window1: mouseVisible = True
24.8899 	EXP 	window1: mouseVisible = True
24.8899 	EXP 	window1: mouseVisible = True
24.8899 	EXP 	window1: mouseVisible = True
24.8900 	EXP 	window1: mouseVisible = True
24.8900 	EXP 	window1: mouseVisible = True
24.8900 	EXP 	window1: mouseVisible = True
24.8900 	EXP 	window1: mouseVisible = True
24.8901 	EXP 	window1: mouseVisible = True
24.8901 	EXP 	window1: mouseVisible = True
24.8901 	EXP 	window1: mouseVisible = True
24.8902 	EXP 	window1: mouseVisible = True
24.8902 	EXP 	window1: mouseVisible = True
24.8902 	EXP 	window1: mouseVisible = True
24.8903 	EXP 	window1: mouseVisible = True
24.8903 	EXP 	window1: mouseVisible = True
24.8903 	EXP 	window1: mouseVisible = True
24.8903 	EXP 	window1: mouseVisible = True
24.8904 	EXP 	window1: mouseVisible = True
24.8904 	EXP 	window1: mouseVisible = True
24.8904 	EXP 	window1: mouseVisible = True
24.8905 	EXP 	window1: mouseVisible = True
24.8905 	EXP 	window1: mouseVisible = True
24.8905 	EXP 	window1: mouseVisible = True
24.8906 	EXP 	window1: mouseVisible = True
24.8906 	EXP 	window1: mouseVisible = True
24.8906 	EXP 	window1: mouseVisible = True
24.8906 	EXP 	window1: mouseVisible = True
24.8907 	EXP 	window1: mouseVisible = True
24.8907 	EXP 	window1: mouseVisible = True
24.8907 	EXP 	window1: mouseVisible = True
24.8908 	EXP 	window1: mouseVisible = True
24.8908 	EXP 	window1: mouseVisible = True
24.8908 	EXP 	window1: mouseVisible = True
24.8908 	EXP 	window1: mouseVisible = True
24.8909 	EXP 	window1: mouseVisible = True
24.8909 	EXP 	window1: mouseVisible = True
24.8909 	EXP 	window1: mouseVisible = True
24.8910 	EXP 	window1: mouseVisible = True
24.8910 	EXP 	window1: mouseVisible = True
24.8910 	EXP 	window1: mouseVisible = True
24.8911 	EXP 	window1: mouseVisible = True
24.8911 	EXP 	window1: mouseVisible = True
24.8911 	EXP 	window1: mouseVisible = True
24.8911 	EXP 	window1: mouseVisible = True
24.8912 	EXP 	window1: mouseVisible = True
24.8912 	EXP 	window1: mouseVisible = True
24.8913 	EXP 	window1: mouseVisible = True
24.8913 	EXP 	window1: mouseVisible = True
24.8913 	EXP 	window1: mouseVisible = True
24.8913 	EXP 	window1: mouseVisible = True
24.8914 	EXP 	window1: mouseVisible = True
24.8914 	EXP 	window1: mouseVisible = True
24.8914 	EXP 	window1: mouseVisible = True
24.8915 	EXP 	window1: mouseVisible = True
24.8915 	EXP 	window1: mouseVisible = True
24.8915 	EXP 	window1: mouseVisible = True
24.8916 	EXP 	window1: mouseVisible = True
24.8916 	EXP 	window1: mouseVisible = True
24.8916 	EXP 	window1: mouseVisible = True
24.8916 	EXP 	window1: mouseVisible = True
24.8917 	EXP 	window1: mouseVisible = True
24.8917 	EXP 	window1: mouseVisible = True
24.8917 	EXP 	window1: mouseVisible = True
24.8918 	EXP 	window1: mouseVisible = True
24.8918 	EXP 	window1: mouseVisible = True
24.8918 	EXP 	window1: mouseVisible = True
24.8918 	EXP 	window1: mouseVisible = True
24.8919 	EXP 	window1: mouseVisible = True
24.8919 	EXP 	window1: mouseVisible = True
24.8919 	EXP 	window1: mouseVisible = True
24.8920 	EXP 	window1: mouseVisible = True
24.8920 	EXP 	window1: mouseVisible = True
24.8920 	EXP 	window1: mouseVisible = True
24.8921 	EXP 	window1: mouseVisible = True
24.8921 	EXP 	window1: mouseVisible = True
24.8921 	EXP 	window1: mouseVisible = True
24.8921 	EXP 	window1: mouseVisible = True
24.8922 	EXP 	window1: mouseVisible = True
24.8922 	EXP 	window1: mouseVisible = True
24.8922 	EXP 	window1: mouseVisible = True
24.8923 	EXP 	window1: mouseVisible = True
24.8923 	EXP 	window1: mouseVisible = True
24.8923 	EXP 	window1: mouseVisible = True
24.8923 	EXP 	window1: mouseVisible = True
24.8924 	EXP 	window1: mouseVisible = True
24.8924 	EXP 	window1: mouseVisible = True
24.8924 	EXP 	window1: mouseVisible = True
24.8925 	EXP 	window1: mouseVisible = True
24.8925 	EXP 	window1: mouseVisible = True
24.8925 	EXP 	window1: mouseVisible = True
24.8925 	EXP 	window1: mouseVisible = True
24.8926 	EXP 	window1: mouseVisible = True
24.8926 	EXP 	window1: mouseVisible = True
24.8926 	EXP 	window1: mouseVisible = True
24.8927 	EXP 	window1: mouseVisible = True
24.8927 	EXP 	window1: mouseVisible = True
24.8927 	EXP 	window1: mouseVisible = True
24.8928 	EXP 	window1: mouseVisible = True
24.8928 	EXP 	window1: mouseVisible = True
24.8928 	EXP 	window1: mouseVisible = True
24.8928 	EXP 	window1: mouseVisible = True
24.8929 	EXP 	window1: mouseVisible = True
24.8929 	EXP 	window1: mouseVisible = True
24.8929 	EXP 	window1: mouseVisible = True
24.8930 	EXP 	window1: mouseVisible = True
24.8930 	EXP 	window1: mouseVisible = True
24.8931 	EXP 	window1: mouseVisible = True
24.8931 	EXP 	window1: mouseVisible = True
24.8931 	EXP 	window1: mouseVisible = True
24.8931 	EXP 	window1: mouseVisible = True
24.8932 	EXP 	window1: mouseVisible = True
24.8932 	EXP 	window1: mouseVisible = True
24.8932 	EXP 	window1: mouseVisible = True
24.8933 	EXP 	window1: mouseVisible = True
24.8933 	EXP 	window1: mouseVisible = True
24.8933 	EXP 	window1: mouseVisible = True
24.8933 	EXP 	window1: mouseVisible = True
24.8934 	EXP 	window1: mouseVisible = True
24.8934 	EXP 	window1: mouseVisible = True
24.8934 	EXP 	window1: mouseVisible = True
24.8935 	EXP 	window1: mouseVisible = True
24.8935 	EXP 	window1: mouseVisible = True
24.8935 	EXP 	window1: mouseVisible = True
24.8935 	EXP 	window1: mouseVisible = True
24.8936 	EXP 	window1: mouseVisible = True
24.8936 	EXP 	window1: mouseVisible = True
24.8936 	EXP 	window1: mouseVisible = True
24.8937 	EXP 	window1: mouseVisible = True
24.8937 	EXP 	window1: mouseVisible = True
24.8937 	EXP 	window1: mouseVisible = True
24.8938 	EXP 	window1: mouseVisible = True
24.8938 	EXP 	window1: mouseVisible = True
24.8938 	EXP 	window1: mouseVisible = True
24.8938 	EXP 	window1: mouseVisible = True
24.8939 	EXP 	window1: mouseVisible = True
24.8939 	EXP 	window1: mouseVisible = True
24.8939 	EXP 	window1: mouseVisible = True
24.8940 	EXP 	window1: mouseVisible = True
24.8940 	EXP 	window1: mouseVisible = True
24.8940 	EXP 	window1: mouseVisible = True
24.8941 	EXP 	window1: mouseVisible = True
24.8941 	EXP 	window1: mouseVisible = True
24.8941 	EXP 	window1: mouseVisible = True
24.8942 	EXP 	window1: mouseVisible = True
24.8942 	EXP 	window1: mouseVisible = True
24.8942 	EXP 	window1: mouseVisible = True
24.8943 	EXP 	window1: mouseVisible = True
24.8943 	EXP 	window1: mouseVisible = True
24.8943 	EXP 	window1: mouseVisible = True
24.8943 	EXP 	window1: mouseVisible = True
24.8944 	EXP 	window1: mouseVisible = True
24.8944 	EXP 	window1: mouseVisible = True
24.8944 	EXP 	window1: mouseVisible = True
24.8945 	EXP 	window1: mouseVisible = True
24.8945 	EXP 	window1: mouseVisible = True
24.8945 	EXP 	window1: mouseVisible = True
24.8945 	EXP 	window1: mouseVisible = True
24.8946 	EXP 	window1: mouseVisible = True
24.8946 	EXP 	window1: mouseVisible = True
24.8946 	EXP 	window1: mouseVisible = True
24.8947 	EXP 	window1: mouseVisible = True
24.8947 	EXP 	window1: mouseVisible = True
24.8947 	EXP 	window1: mouseVisible = True
24.8948 	EXP 	window1: mouseVisible = True
24.8948 	EXP 	window1: mouseVisible = True
24.8949 	EXP 	window1: mouseVisible = True
24.8949 	EXP 	window1: mouseVisible = True
24.8950 	EXP 	window1: mouseVisible = True
24.8950 	EXP 	window1: mouseVisible = True
24.8950 	EXP 	window1: mouseVisible = True
24.8951 	EXP 	window1: mouseVisible = True
24.8951 	EXP 	window1: mouseVisible = True
24.8951 	EXP 	window1: mouseVisible = True
24.8952 	EXP 	window1: mouseVisible = True
24.8952 	EXP 	window1: mouseVisible = True
24.8952 	EXP 	window1: mouseVisible = True
24.8952 	EXP 	window1: mouseVisible = True
24.8953 	EXP 	window1: mouseVisible = True
24.8953 	EXP 	window1: mouseVisible = True
24.8953 	EXP 	window1: mouseVisible = True
24.8954 	EXP 	window1: mouseVisible = True
24.8954 	EXP 	window1: mouseVisible = True
24.8954 	EXP 	window1: mouseVisible = True
24.8954 	EXP 	window1: mouseVisible = True
24.8955 	EXP 	window1: mouseVisible = True
24.8955 	EXP 	window1: mouseVisible = True
24.8955 	EXP 	window1: mouseVisible = True
24.8956 	EXP 	window1: mouseVisible = True
24.8956 	EXP 	window1: mouseVisible = True
24.8956 	EXP 	window1: mouseVisible = True
24.8957 	EXP 	window1: mouseVisible = True
24.8957 	EXP 	window1: mouseVisible = True
24.8957 	EXP 	window1: mouseVisible = True
24.8957 	EXP 	window1: mouseVisible = True
24.8958 	EXP 	window1: mouseVisible = True
24.8958 	EXP 	window1: mouseVisible = True
24.8958 	EXP 	window1: mouseVisible = True
24.8959 	EXP 	window1: mouseVisible = True
24.8959 	EXP 	window1: mouseVisible = True
24.8959 	EXP 	window1: mouseVisible = True
24.8960 	EXP 	window1: mouseVisible = True
24.8960 	EXP 	window1: mouseVisible = True
24.8960 	EXP 	window1: mouseVisible = True
24.8961 	EXP 	window1: mouseVisible = True
24.8961 	EXP 	window1: mouseVisible = True
24.8961 	EXP 	window1: mouseVisible = True
24.8962 	EXP 	window1: mouseVisible = True
24.8962 	EXP 	window1: mouseVisible = True
24.8962 	EXP 	window1: mouseVisible = True
24.8963 	EXP 	window1: mouseVisible = True
24.8963 	EXP 	window1: mouseVisible = True
24.8963 	EXP 	window1: mouseVisible = True
24.8964 	EXP 	window1: mouseVisible = True
24.8964 	EXP 	window1: mouseVisible = True
24.8964 	EXP 	window1: mouseVisible = True
24.8964 	EXP 	window1: mouseVisible = True
24.8965 	EXP 	window1: mouseVisible = True
24.8965 	EXP 	window1: mouseVisible = True
24.8965 	EXP 	window1: mouseVisible = True
24.8966 	EXP 	window1: mouseVisible = True
24.8966 	EXP 	window1: mouseVisible = True
24.8966 	EXP 	window1: mouseVisible = True
24.8967 	EXP 	window1: mouseVisible = True
24.8967 	EXP 	window1: mouseVisible = True
24.8967 	EXP 	window1: mouseVisible = True
24.8968 	EXP 	window1: mouseVisible = True
24.8968 	EXP 	window1: mouseVisible = True
24.8968 	EXP 	window1: mouseVisible = True
24.8969 	EXP 	window1: mouseVisible = True
24.8969 	EXP 	window1: mouseVisible = True
24.8969 	EXP 	window1: mouseVisible = True
24.8969 	EXP 	window1: mouseVisible = True
24.8970 	EXP 	window1: mouseVisible = True
24.8970 	EXP 	window1: mouseVisible = True
24.8971 	EXP 	window1: mouseVisible = True
24.8971 	EXP 	window1: mouseVisible = True
24.8971 	EXP 	window1: mouseVisible = True
24.8972 	EXP 	window1: mouseVisible = True
24.8972 	EXP 	window1: mouseVisible = True
24.8972 	EXP 	window1: mouseVisible = True
24.8973 	EXP 	window1: mouseVisible = True
24.8973 	EXP 	window1: mouseVisible = True
24.8973 	EXP 	window1: mouseVisible = True
24.8974 	EXP 	window1: mouseVisible = True
24.8974 	EXP 	window1: mouseVisible = True
24.8974 	EXP 	window1: mouseVisible = True
24.8974 	EXP 	window1: mouseVisible = True
24.8975 	EXP 	window1: mouseVisible = True
24.8975 	EXP 	window1: mouseVisible = True
24.8975 	EXP 	window1: mouseVisible = True
24.8976 	EXP 	window1: mouseVisible = True
24.8976 	EXP 	window1: mouseVisible = True
24.8976 	EXP 	window1: mouseVisible = True
24.8977 	EXP 	window1: mouseVisible = True
24.8977 	EXP 	window1: mouseVisible = True
