3.1764 	WARNING 	We strongly recommend you activate the PTB sound engine in PsychoPy prefs as the preferred audio engine. Its timing is vastly superior. Your prefs are currently set to use ['sounddevice', 'PTB', 'pyo', 'pygame'] (in that order).
8.9013 	WARNING 	Monitor specification not found. Creating a temporary one...
8.9211 	WARNING 	User requested fullscreen with size [800 600], but screen is actually [1280, 1024]. Using actual size
9.4660 	EXP 	Created window1 = Window(allowGUI=True, allowStencil=False, autoLog=True, backendConf=UNKNOWN, bitsMode=UNKNOWN, blendMode='avg', bpc=(8, 8, 8), color=array([0, 0, 0]), colorSpace='rgb', depthBits=8, fullscr=<method-wrapper '__getattribute__' of attributeSetter object at 0x0000023688E38040>, gamma=None, gammaErrorPolicy='raise', lms=UNKNOWN, monitor=<psychopy.monitors.calibTools.Monitor object at 0x00000236893047F0>, multiSample=False, name='window1', numSamples=2, pos=(0, 0), screen=0, size=array([1280, 1024]), stencilBits=0, stereo=False, units='pix', useFBO=False, useRetina=False, viewOri=0.0, viewPos=None, viewScale=None, waitBlanking=True, winType='pyglet')
9.4661 	EXP 	window1: mouseVisible = True
9.4666 	EXP 	window1: mouseVisible = False
14.5995 	DATA 	Keypress: return
15.1222 	DATA 	Keypress: return
15.8412 	DATA 	Keypress: o
15.8420 	EXP 	window1: units = 'pix'
15.8662 	WARNING 	User requested fullscreen with size [1280  720], but screen is actually [1280, 1024]. Using actual size
16.2657 	EXP 	Created window1 = Window(allowGUI=False, allowStencil=False, autoLog=True, backendConf=UNKNOWN, bitsMode=UNKNOWN, blendMode='avg', bpc=(8, 8, 8), color=array([0, 0, 0]), colorSpace='rgb', depthBits=8, fullscr=<method-wrapper '__getattribute__' of attributeSetter object at 0x0000023688E38040>, gamma=None, gammaErrorPolicy='raise', lms=UNKNOWN, monitor=<psychopy.monitors.calibTools.Monitor object at 0x000002368FB1AEE0>, multiSample=False, name='window1', numSamples=2, pos=(0, 0), screen=0, size=array([1280, 1024]), stencilBits=0, stereo=False, units='height', useFBO=True, useRetina=False, viewOri=0.0, viewPos=None, viewScale=None, waitBlanking=True, winType='pyglet')
16.2659 	EXP 	window1: mouseVisible = True
16.2659 	EXP 	window1: Attempting to measure frame rate of screen (0) ...
16.2660 	EXP 	window1: recordFrameIntervals = False
16.4321 	EXP 	window1: recordFrameIntervals = True
16.6151 	EXP 	Screen (0) actual frame rate measured at 60.13Hz
16.6152 	EXP 	window1: recordFrameIntervals = False
16.8005 	EXP 	Created Instructions = TextStim(__class__=<class 'psychopy.visual.text.TextStim'>, alignHoriz=method-wrapper(...), alignText='center', alignVert=method-wrapper(...), anchorHoriz='center', anchorVert='center', antialias=True, autoDraw=False, autoLog=True, bold=False, color=array([1, 1, 1]), colorSpace='rgb', contrast=1.0, depth=0.0, flipHoriz=False, flipVert=False, font='Arial', fontFiles=[], height=0.03, italic=False, languageStyle='LTR', name='Instructions', opacity=1.0, ori=0, pos=array([0., 0.]), rgb=UNKNOWN, text=str(...), units='height', win=Window(...), wrapWidth=1)
16.8043 	EXP 	Created Triplet1 = ImageStim(__class__=<class 'psychopy.visual.image.ImageStim'>, anchor=('center', 'center'), autoLog=True, color=array([1, 1, 1]), colorSpace='rgb', contrast=1.0, depth=-1.0, flipHoriz=False, flipVert=False, image='sin', interpolate=True, mask=None, maskParams=None, name='Triplet1', opacity=1.0, ori=0.0, pos=array([0., 0.]), size=array([0.3, 0.3]), texRes=128, units='height', win=Window(...))
16.8091 	EXP 	Created Triplet2 = ImageStim(__class__=<class 'psychopy.visual.image.ImageStim'>, anchor=('center', 'center'), autoLog=True, color=array([1, 1, 1]), colorSpace='rgb', contrast=1.0, depth=-2.0, flipHoriz=False, flipVert=False, image='sin', interpolate=True, mask=None, maskParams=None, name='Triplet2', opacity=1.0, ori=0.0, pos=array([0., 0.]), size=array([0.3, 0.3]), texRes=128, units='height', win=Window(...))
16.8149 	EXP 	Created Triplet3 = ImageStim(__class__=<class 'psychopy.visual.image.ImageStim'>, anchor=('center', 'center'), autoLog=True, color=array([1, 1, 1]), colorSpace='rgb', contrast=1.0, depth=-3.0, flipHoriz=False, flipVert=False, image='sin', interpolate=True, mask=None, maskParams=None, name='Triplet3', opacity=1.0, ori=0.0, pos=array([0., 0.]), size=array([0.3, 0.3]), texRes=128, units='height', win=Window(...))
16.8149 	EXP 	Sound sound_pop set volume 1.000
16.8149 	EXP 	Sound sound_pop2 set volume 1.000
16.8150 	EXP 	Sound sound_pop3 set volume 1.000
16.9011 	EXP 	Created Mask = ImageStim(__class__=<class 'psychopy.visual.image.ImageStim'>, anchor=('center', 'center'), autoLog=True, color=array([1, 1, 1]), colorSpace='rgb', contrast=1.0, depth=0.0, flipHoriz=False, flipVert=False, image='images/Mask.png', interpolate=True, mask=None, maskParams=None, name='Mask', opacity=1.0, ori=0.0, pos=array([0., 0.]), size=array([1.5, 0.5]), texRes=128, units='height', win=Window(...))
16.9099 	EXP 	Created img1 = ImageStim(__class__=<class 'psychopy.visual.image.ImageStim'>, anchor=('center', 'center'), autoLog=True, color=array([1, 1, 1]), colorSpace='rgb', contrast=1.0, depth=-1.0, flipHoriz=False, flipVert=False, image='sin', interpolate=True, mask=None, maskParams=None, name='img1', opacity=1.0, ori=0.0, pos=array([0., 0.]), size=array([0.3, 0.3]), texRes=128, units='height', win=Window(...))
16.9162 	EXP 	Created img2 = ImageStim(__class__=<class 'psychopy.visual.image.ImageStim'>, anchor=('center', 'center'), autoLog=True, color=array([1, 1, 1]), colorSpace='rgb', contrast=1.0, depth=-2.0, flipHoriz=False, flipVert=False, image='sin', interpolate=True, mask=None, maskParams=None, name='img2', opacity=1.0, ori=0.0, pos=array([0., 0.]), size=array([0.3, 0.3]), texRes=128, units='height', win=Window(...))
16.9213 	EXP 	Created img3 = ImageStim(__class__=<class 'psychopy.visual.image.ImageStim'>, anchor=('center', 'center'), autoLog=True, color=array([1, 1, 1]), colorSpace='rgb', contrast=1.0, depth=-3.0, flipHoriz=False, flipVert=False, image='sin', interpolate=True, mask=None, maskParams=None, name='img3', opacity=1.0, ori=0.0, pos=array([0., 0.]), size=array([0.3, 0.3]), texRes=128, units='height', win=Window(...))
16.9213 	EXP 	Sound sound_pop4 set volume 1.000
16.9214 	EXP 	Sound sound_pop5 set volume 1.000
16.9214 	EXP 	Sound sound_pop6 set volume 1.000
16.9253 	EXP 	Created text_2 = TextStim(__class__=<class 'psychopy.visual.text.TextStim'>, alignHoriz=method-wrapper(...), alignText='center', alignVert=method-wrapper(...), anchorHoriz='center', anchorVert='center', antialias=True, autoDraw=False, autoLog=True, bold=False, color=array([1, 1, 1]), colorSpace='rgb', contrast=1.0, depth=0.0, flipHoriz=False, flipVert=False, font='Arial', fontFiles=[], height=0.03, italic=False, languageStyle='LTR', name='text_2', opacity=1.0, ori=0, pos=array([0., 0.]), rgb=UNKNOWN, text=str(...), units='height', win=Window(...), wrapWidth=1)
16.9287 	EXP 	Created text = TextStim(__class__=<class 'psychopy.visual.text.TextStim'>, alignHoriz=method-wrapper(...), alignText='center', alignVert=method-wrapper(...), anchorHoriz='center', anchorVert='center', antialias=True, autoDraw=False, autoLog=True, bold=False, color=array([1, 1, 1]), colorSpace='rgb', contrast=1.0, depth=-1.0, flipHoriz=False, flipVert=False, font='Arial', fontFiles=[], height=0.03, italic=False, languageStyle='LTR', name='text', opacity=1.0, ori=0, pos=array([0., 0.]), rgb=UNKNOWN, text=str(...), units='height', win=Window(...), wrapWidth=1)
16.9292 	EXP 	Created sameText = TextStim(__class__=<class 'psychopy.visual.text.TextStim'>, alignHoriz=method-wrapper(...), alignText='center', alignVert=method-wrapper(...), anchorHoriz='center', anchorVert='center', antialias=True, autoDraw=False, autoLog=True, bold=False, color=array([1, 1, 1]), colorSpace='rgb', contrast=1.0, depth=-2.0, flipHoriz=False, flipVert=False, font='Arial', fontFiles=[], height=0.03, italic=False, languageStyle='LTR', name='sameText', opacity=1.0, ori=0, pos=array([-0.2, -0.3]), rgb=UNKNOWN, text='', units='height', win=Window(...), wrapWidth=1)
16.9297 	EXP 	Created diffText = TextStim(__class__=<class 'psychopy.visual.text.TextStim'>, alignHoriz=method-wrapper(...), alignText='center', alignVert=method-wrapper(...), anchorHoriz='center', anchorVert='center', antialias=True, autoDraw=False, autoLog=True, bold=False, color=array([1, 1, 1]), colorSpace='rgb', contrast=1.0, depth=-3.0, flipHoriz=False, flipVert=False, font='Arial', fontFiles=[], height=0.03, italic=False, languageStyle='LTR', name='diffText', opacity=1.0, ori=0, pos=array([ 0.2, -0.3]), rgb=UNKNOWN, text='', units='height', win=Window(...), wrapWidth=1)
16.9306 	EXP 	Created leftCL = Rect(__class__=<class 'psychopy.visual.rect.Rect'>, anchor=('center', 'center'), autoDraw=False, autoLog=True, closeShape=True, color=method-wrapper(...), colorSpace='rgb', contrast=None, depth=-4.0, fillColor=array([1., 1., 1.]), fillColorSpace='rgb', fillRGB=array([1., 1., 1.]), interpolate=True, lineColor=array([1, 1, 1]), lineColorSpace='rgb', lineRGB=array([1, 1, 1]), lineWidth=3, name='leftCL', opacity=0.5, ori=0.0, pos=array([-0.2, -0.3]), size=array([-0.2, -0.2]), units='height', vertices=ndarray(...), win=Window(...))
16.9314 	EXP 	Created rightCL = Rect(__class__=<class 'psychopy.visual.rect.Rect'>, anchor=('center', 'center'), autoDraw=False, autoLog=True, closeShape=True, color=method-wrapper(...), colorSpace='rgb', contrast=None, depth=-5.0, fillColor=array([1., 1., 1.]), fillColorSpace='rgb', fillRGB=array([1., 1., 1.]), interpolate=True, lineColor=array([1, 1, 1]), lineColorSpace='rgb', lineRGB=array([1, 1, 1]), lineWidth=3, name='rightCL', opacity=0.5, ori=0.0, pos=array([ 0.2, -0.3]), size=array([0.2, 0.2]), units='height', vertices=ndarray(...), win=Window(...))
16.9315 	EXP 	window1: mouseVisible = True
16.9316 	EXP 	Sound clickedSound set volume 1.000
16.9352 	EXP 	Created retIMG = ImageStim(__class__=<class 'psychopy.visual.image.ImageStim'>, anchor=('center', 'center'), autoLog=True, color=array([1, 1, 1]), colorSpace='rgb', contrast=1.0, depth=-1.0, flipHoriz=False, flipVert=False, image='sin', interpolate=True, mask=None, maskParams=None, name='retIMG', opacity=1.0, ori=0.0, pos=array([0., 0.]), size=array([0.3, 0.3]), texRes=128, units='height', win=Window(...))
16.9352 	EXP 	Sound sound_pop7 set volume 1.000
16.9374 	EXP 	Created question_text = TextStim(__class__=<class 'psychopy.visual.text.TextStim'>, alignHoriz=method-wrapper(...), alignText='center', alignVert=method-wrapper(...), anchorHoriz='center', anchorVert='center', antialias=True, autoDraw=False, autoLog=True, bold=False, color=array([1, 1, 1]), colorSpace='rgb', contrast=1.0, depth=0.0, flipHoriz=False, flipVert=False, font='Arial', fontFiles=[], height=0.03, italic=False, languageStyle='LTR', name='question_text', opacity=1.0, ori=0, pos=array([0. , 0.3]), rgb=UNKNOWN, text='When did you see this object?', units='height', win=Window(...), wrapWidth=1)
16.9395 	EXP 	Created decisionQ_2 = TextStim(__class__=<class 'psychopy.visual.text.TextStim'>, alignHoriz=method-wrapper(...), alignText='center', alignVert=method-wrapper(...), anchorHoriz='center', anchorVert='center', antialias=True, autoDraw=False, autoLog=True, bold=False, color=array([1, 1, 1]), colorSpace='rgb', contrast=1.0, depth=-1.0, flipHoriz=False, flipVert=False, font='Arial', fontFiles=[], height=0.03, italic=False, languageStyle='LTR', name='decisionQ_2', opacity=1.0, ori=0, pos=array([0. , 0.3]), rgb=UNKNOWN, text='When did you see this object?', units='height', win=Window(...), wrapWidth=1)
16.9402 	EXP 	Created first_left = Rect(__class__=<class 'psychopy.visual.rect.Rect'>, anchor=('center', 'center'), autoDraw=False, autoLog=True, closeShape=True, color=method-wrapper(...), colorSpace='rgb', contrast=None, depth=-2.0, fillColor=array([1, 1, 1]), fillColorSpace='rgb', fillRGB=array([1, 1, 1]), interpolate=True, lineColor=array([1, 1, 1]), lineColorSpace='rgb', lineRGB=array([1, 1, 1]), lineWidth=3, name='first_left', opacity=0.5, ori=0.0, pos=array([0. , 0.1]), size=array([0.15, 0.15]), units='height', vertices=ndarray(...), win=Window(...))
16.9409 	EXP 	Created second_middle = Rect(__class__=<class 'psychopy.visual.rect.Rect'>, anchor=('center', 'center'), autoDraw=False, autoLog=True, closeShape=True, color=method-wrapper(...), colorSpace='rgb', contrast=None, depth=-3.0, fillColor=array([1, 1, 1]), fillColorSpace='rgb', fillRGB=array([1, 1, 1]), interpolate=True, lineColor=array([1, 1, 1]), lineColorSpace='rgb', lineRGB=array([1, 1, 1]), lineWidth=3, name='second_middle', opacity=0.5, ori=0.0, pos=array([ 0. , -0.1]), size=array([0.15, 0.15]), units='height', vertices=ndarray(...), win=Window(...))
16.9416 	EXP 	Created third_right = Rect(__class__=<class 'psychopy.visual.rect.Rect'>, anchor=('center', 'center'), autoDraw=False, autoLog=True, closeShape=True, color=method-wrapper(...), colorSpace='rgb', contrast=None, depth=-4.0, fillColor=array([1, 1, 1]), fillColorSpace='rgb', fillRGB=array([1, 1, 1]), interpolate=True, lineColor=array([1, 1, 1]), lineColorSpace='rgb', lineRGB=array([1, 1, 1]), lineWidth=3, name='third_right', opacity=0.5, ori=0.0, pos=array([ 0. , -0.3]), size=array([0.15, 0.15]), units='height', vertices=ndarray(...), win=Window(...))
16.9446 	EXP 	Created First = TextStim(__class__=<class 'psychopy.visual.text.TextStim'>, alignHoriz=method-wrapper(...), alignText='center', alignVert=method-wrapper(...), anchorHoriz='center', anchorVert='center', antialias=True, autoDraw=False, autoLog=True, bold=False, color=array([1, 1, 1]), colorSpace='rgb', contrast=1.0, depth=-5.0, flipHoriz=False, flipVert=False, font='Arial', fontFiles=[], height=0.03, italic=False, languageStyle='LTR', name='First', opacity=1.0, ori=0, pos=array([0. , 0.1]), rgb=UNKNOWN, text='First', units='height', win=Window(...), wrapWidth=1)
16.9465 	EXP 	Created Second = TextStim(__class__=<class 'psychopy.visual.text.TextStim'>, alignHoriz=method-wrapper(...), alignText='center', alignVert=method-wrapper(...), anchorHoriz='center', anchorVert='center', antialias=True, autoDraw=False, autoLog=True, bold=False, color=array([1, 1, 1]), colorSpace='rgb', contrast=1.0, depth=-6.0, flipHoriz=False, flipVert=False, font='Arial', fontFiles=[], height=0.03, italic=False, languageStyle='LTR', name='Second', opacity=1.0, ori=0, pos=array([ 0. , -0.1]), rgb=UNKNOWN, text='Second', units='height', win=Window(...), wrapWidth=1)
16.9483 	EXP 	Created Third = TextStim(__class__=<class 'psychopy.visual.text.TextStim'>, alignHoriz=method-wrapper(...), alignText='center', alignVert=method-wrapper(...), anchorHoriz='center', anchorVert='center', antialias=True, autoDraw=False, autoLog=True, bold=False, color=array([1, 1, 1]), colorSpace='rgb', contrast=1.0, depth=-7.0, flipHoriz=False, flipVert=False, font='Arial', fontFiles=[], height=0.03, italic=False, languageStyle='LTR', name='Third', opacity=1.0, ori=0, pos=array([ 0. , -0.3]), rgb=UNKNOWN, text='Third', units='height', win=Window(...), wrapWidth=1)
16.9484 	EXP 	window1: mouseVisible = True
16.9485 	EXP 	Sound clickedSound set volume 1.000
16.9558 	EXP 	Created BlockBreak = TextStim(__class__=<class 'psychopy.visual.text.TextStim'>, alignHoriz=method-wrapper(...), alignText='center', alignVert=method-wrapper(...), anchorHoriz='center', anchorVert='center', antialias=True, autoDraw=False, autoLog=True, bold=False, color=array([1, 1, 1]), colorSpace='rgb', contrast=1.0, depth=0.0, flipHoriz=False, flipVert=False, font='Arial', fontFiles=[], height=0.03, italic=False, languageStyle='LTR', name='BlockBreak', opacity=1.0, ori=0, pos=array([0., 0.]), rgb=UNKNOWN, text=str(...), units='height', win=Window(...), wrapWidth=1)
16.9685 	EXP 	Created text_4 = TextStim(__class__=<class 'psychopy.visual.text.TextStim'>, alignHoriz=method-wrapper(...), alignText='center', alignVert=method-wrapper(...), anchorHoriz='center', anchorVert='center', antialias=True, autoDraw=False, autoLog=True, bold=False, color=array([1, 1, 1]), colorSpace='rgb', contrast=1.0, depth=-1.0, flipHoriz=False, flipVert=False, font='Open Sans', fontFiles=[], height=0.03, italic=False, languageStyle='LTR', name='text_4', opacity=1.0, ori=0.0, pos=array([0., 0.]), rgb=UNKNOWN, text=str(...), units='height', win=Window(...), wrapWidth=1)
16.9721 	EXP 	Created Triplet1 = ImageStim(__class__=<class 'psychopy.visual.image.ImageStim'>, anchor=('center', 'center'), autoLog=True, color=array([1, 1, 1]), colorSpace='rgb', contrast=1.0, depth=-1.0, flipHoriz=False, flipVert=False, image='sin', interpolate=True, mask=None, maskParams=None, name='Triplet1', opacity=1.0, ori=0.0, pos=array([0., 0.]), size=array([0.3, 0.3]), texRes=128, units='height', win=Window(...))
16.9766 	EXP 	Created Triplet2 = ImageStim(__class__=<class 'psychopy.visual.image.ImageStim'>, anchor=('center', 'center'), autoLog=True, color=array([1, 1, 1]), colorSpace='rgb', contrast=1.0, depth=-2.0, flipHoriz=False, flipVert=False, image='sin', interpolate=True, mask=None, maskParams=None, name='Triplet2', opacity=1.0, ori=0.0, pos=array([0., 0.]), size=array([0.3, 0.3]), texRes=128, units='height', win=Window(...))
16.9810 	EXP 	Created Triplet3 = ImageStim(__class__=<class 'psychopy.visual.image.ImageStim'>, anchor=('center', 'center'), autoLog=True, color=array([1, 1, 1]), colorSpace='rgb', contrast=1.0, depth=-3.0, flipHoriz=False, flipVert=False, image='sin', interpolate=True, mask=None, maskParams=None, name='Triplet3', opacity=1.0, ori=0.0, pos=array([0., 0.]), size=array([0.3, 0.3]), texRes=128, units='height', win=Window(...))
16.9810 	EXP 	Sound sound_pop set volume 1.000
16.9810 	EXP 	Sound sound_pop2 set volume 1.000
16.9811 	EXP 	Sound sound_pop3 set volume 1.000
17.0676 	EXP 	Created Mask = ImageStim(__class__=<class 'psychopy.visual.image.ImageStim'>, anchor=('center', 'center'), autoLog=True, color=array([1, 1, 1]), colorSpace='rgb', contrast=1.0, depth=0.0, flipHoriz=False, flipVert=False, image='images/Mask.png', interpolate=True, mask=None, maskParams=None, name='Mask', opacity=1.0, ori=0.0, pos=array([0., 0.]), size=array([1.5, 0.5]), texRes=128, units='height', win=Window(...))
17.0735 	EXP 	Created img1 = ImageStim(__class__=<class 'psychopy.visual.image.ImageStim'>, anchor=('center', 'center'), autoLog=True, color=array([1, 1, 1]), colorSpace='rgb', contrast=1.0, depth=-1.0, flipHoriz=False, flipVert=False, image='sin', interpolate=True, mask=None, maskParams=None, name='img1', opacity=1.0, ori=0.0, pos=array([0., 0.]), size=array([0.3, 0.3]), texRes=128, units='height', win=Window(...))
17.0779 	EXP 	Created img2 = ImageStim(__class__=<class 'psychopy.visual.image.ImageStim'>, anchor=('center', 'center'), autoLog=True, color=array([1, 1, 1]), colorSpace='rgb', contrast=1.0, depth=-2.0, flipHoriz=False, flipVert=False, image='sin', interpolate=True, mask=None, maskParams=None, name='img2', opacity=1.0, ori=0.0, pos=array([0., 0.]), size=array([0.3, 0.3]), texRes=128, units='height', win=Window(...))
17.0824 	EXP 	Created img3 = ImageStim(__class__=<class 'psychopy.visual.image.ImageStim'>, anchor=('center', 'center'), autoLog=True, color=array([1, 1, 1]), colorSpace='rgb', contrast=1.0, depth=-3.0, flipHoriz=False, flipVert=False, image='sin', interpolate=True, mask=None, maskParams=None, name='img3', opacity=1.0, ori=0.0, pos=array([0., 0.]), size=array([0.3, 0.3]), texRes=128, units='height', win=Window(...))
17.0825 	EXP 	Sound sound_pop4 set volume 1.000
17.0825 	EXP 	Sound sound_pop5 set volume 1.000
17.0825 	EXP 	Sound sound_pop6 set volume 1.000
17.0862 	EXP 	Created text_2 = TextStim(__class__=<class 'psychopy.visual.text.TextStim'>, alignHoriz=method-wrapper(...), alignText='center', alignVert=method-wrapper(...), anchorHoriz='center', anchorVert='center', antialias=True, autoDraw=False, autoLog=True, bold=False, color=array([1, 1, 1]), colorSpace='rgb', contrast=1.0, depth=0.0, flipHoriz=False, flipVert=False, font='Arial', fontFiles=[], height=0.03, italic=False, languageStyle='LTR', name='text_2', opacity=1.0, ori=0, pos=array([0., 0.]), rgb=UNKNOWN, text=str(...), units='height', win=Window(...), wrapWidth=1)
17.0887 	EXP 	Created text = TextStim(__class__=<class 'psychopy.visual.text.TextStim'>, alignHoriz=method-wrapper(...), alignText='center', alignVert=method-wrapper(...), anchorHoriz='center', anchorVert='center', antialias=True, autoDraw=False, autoLog=True, bold=False, color=array([1, 1, 1]), colorSpace='rgb', contrast=1.0, depth=-1.0, flipHoriz=False, flipVert=False, font='Arial', fontFiles=[], height=0.03, italic=False, languageStyle='LTR', name='text', opacity=1.0, ori=0, pos=array([0., 0.]), rgb=UNKNOWN, text=str(...), units='height', win=Window(...), wrapWidth=1)
17.0892 	EXP 	Created sameText = TextStim(__class__=<class 'psychopy.visual.text.TextStim'>, alignHoriz=method-wrapper(...), alignText='center', alignVert=method-wrapper(...), anchorHoriz='center', anchorVert='center', antialias=True, autoDraw=False, autoLog=True, bold=False, color=array([1, 1, 1]), colorSpace='rgb', contrast=1.0, depth=-2.0, flipHoriz=False, flipVert=False, font='Arial', fontFiles=[], height=0.03, italic=False, languageStyle='LTR', name='sameText', opacity=1.0, ori=0, pos=array([-0.2, -0.3]), rgb=UNKNOWN, text='', units='height', win=Window(...), wrapWidth=1)
17.0897 	EXP 	Created diffText = TextStim(__class__=<class 'psychopy.visual.text.TextStim'>, alignHoriz=method-wrapper(...), alignText='center', alignVert=method-wrapper(...), anchorHoriz='center', anchorVert='center', antialias=True, autoDraw=False, autoLog=True, bold=False, color=array([1, 1, 1]), colorSpace='rgb', contrast=1.0, depth=-3.0, flipHoriz=False, flipVert=False, font='Arial', fontFiles=[], height=0.03, italic=False, languageStyle='LTR', name='diffText', opacity=1.0, ori=0, pos=array([ 0.2, -0.3]), rgb=UNKNOWN, text='', units='height', win=Window(...), wrapWidth=1)
17.0906 	EXP 	Created leftCL = Rect(__class__=<class 'psychopy.visual.rect.Rect'>, anchor=('center', 'center'), autoDraw=False, autoLog=True, closeShape=True, color=method-wrapper(...), colorSpace='rgb', contrast=None, depth=-4.0, fillColor=array([1., 1., 1.]), fillColorSpace='rgb', fillRGB=array([1., 1., 1.]), interpolate=True, lineColor=array([1, 1, 1]), lineColorSpace='rgb', lineRGB=array([1, 1, 1]), lineWidth=3, name='leftCL', opacity=0.5, ori=0.0, pos=array([-0.2, -0.3]), size=array([-0.2, -0.2]), units='height', vertices=ndarray(...), win=Window(...))
17.0915 	EXP 	Created rightCL = Rect(__class__=<class 'psychopy.visual.rect.Rect'>, anchor=('center', 'center'), autoDraw=False, autoLog=True, closeShape=True, color=method-wrapper(...), colorSpace='rgb', contrast=None, depth=-5.0, fillColor=array([1., 1., 1.]), fillColorSpace='rgb', fillRGB=array([1., 1., 1.]), interpolate=True, lineColor=array([1, 1, 1]), lineColorSpace='rgb', lineRGB=array([1, 1, 1]), lineWidth=3, name='rightCL', opacity=0.5, ori=0.0, pos=array([ 0.2, -0.3]), size=array([0.2, 0.2]), units='height', vertices=ndarray(...), win=Window(...))
17.0915 	EXP 	window1: mouseVisible = True
17.0916 	EXP 	Sound clickedSound set volume 1.000
17.0950 	EXP 	Created retIMG = ImageStim(__class__=<class 'psychopy.visual.image.ImageStim'>, anchor=('center', 'center'), autoLog=True, color=array([1, 1, 1]), colorSpace='rgb', contrast=1.0, depth=-1.0, flipHoriz=False, flipVert=False, image='sin', interpolate=True, mask=None, maskParams=None, name='retIMG', opacity=1.0, ori=0.0, pos=array([0., 0.]), size=array([0.3, 0.3]), texRes=128, units='height', win=Window(...))
17.0950 	EXP 	Sound sound_pop7 set volume 1.000
17.0971 	EXP 	Created question_text = TextStim(__class__=<class 'psychopy.visual.text.TextStim'>, alignHoriz=method-wrapper(...), alignText='center', alignVert=method-wrapper(...), anchorHoriz='center', anchorVert='center', antialias=True, autoDraw=False, autoLog=True, bold=False, color=array([1, 1, 1]), colorSpace='rgb', contrast=1.0, depth=0.0, flipHoriz=False, flipVert=False, font='Arial', fontFiles=[], height=0.03, italic=False, languageStyle='LTR', name='question_text', opacity=1.0, ori=0, pos=array([0. , 0.3]), rgb=UNKNOWN, text='When did you see this object?', units='height', win=Window(...), wrapWidth=1)
17.0992 	EXP 	Created decisionQ_2 = TextStim(__class__=<class 'psychopy.visual.text.TextStim'>, alignHoriz=method-wrapper(...), alignText='center', alignVert=method-wrapper(...), anchorHoriz='center', anchorVert='center', antialias=True, autoDraw=False, autoLog=True, bold=False, color=array([1, 1, 1]), colorSpace='rgb', contrast=1.0, depth=-1.0, flipHoriz=False, flipVert=False, font='Arial', fontFiles=[], height=0.03, italic=False, languageStyle='LTR', name='decisionQ_2', opacity=1.0, ori=0, pos=array([0. , 0.3]), rgb=UNKNOWN, text='When did you see this object?', units='height', win=Window(...), wrapWidth=1)
17.1000 	EXP 	Created first_left = Rect(__class__=<class 'psychopy.visual.rect.Rect'>, anchor=('center', 'center'), autoDraw=False, autoLog=True, closeShape=True, color=method-wrapper(...), colorSpace='rgb', contrast=None, depth=-2.0, fillColor=array([1, 1, 1]), fillColorSpace='rgb', fillRGB=array([1, 1, 1]), interpolate=True, lineColor=array([1, 1, 1]), lineColorSpace='rgb', lineRGB=array([1, 1, 1]), lineWidth=3, name='first_left', opacity=0.5, ori=0.0, pos=array([0. , 0.1]), size=array([0.15, 0.15]), units='height', vertices=ndarray(...), win=Window(...))
17.1006 	EXP 	Created second_middle = Rect(__class__=<class 'psychopy.visual.rect.Rect'>, anchor=('center', 'center'), autoDraw=False, autoLog=True, closeShape=True, color=method-wrapper(...), colorSpace='rgb', contrast=None, depth=-3.0, fillColor=array([1, 1, 1]), fillColorSpace='rgb', fillRGB=array([1, 1, 1]), interpolate=True, lineColor=array([1, 1, 1]), lineColorSpace='rgb', lineRGB=array([1, 1, 1]), lineWidth=3, name='second_middle', opacity=0.5, ori=0.0, pos=array([ 0. , -0.1]), size=array([0.15, 0.15]), units='height', vertices=ndarray(...), win=Window(...))
17.1013 	EXP 	Created third_right = Rect(__class__=<class 'psychopy.visual.rect.Rect'>, anchor=('center', 'center'), autoDraw=False, autoLog=True, closeShape=True, color=method-wrapper(...), colorSpace='rgb', contrast=None, depth=-4.0, fillColor=array([1, 1, 1]), fillColorSpace='rgb', fillRGB=array([1, 1, 1]), interpolate=True, lineColor=array([1, 1, 1]), lineColorSpace='rgb', lineRGB=array([1, 1, 1]), lineWidth=3, name='third_right', opacity=0.5, ori=0.0, pos=array([ 0. , -0.3]), size=array([0.15, 0.15]), units='height', vertices=ndarray(...), win=Window(...))
17.1033 	EXP 	Created First = TextStim(__class__=<class 'psychopy.visual.text.TextStim'>, alignHoriz=method-wrapper(...), alignText='center', alignVert=method-wrapper(...), anchorHoriz='center', anchorVert='center', antialias=True, autoDraw=False, autoLog=True, bold=False, color=array([1, 1, 1]), colorSpace='rgb', contrast=1.0, depth=-5.0, flipHoriz=False, flipVert=False, font='Arial', fontFiles=[], height=0.03, italic=False, languageStyle='LTR', name='First', opacity=1.0, ori=0, pos=array([0. , 0.1]), rgb=UNKNOWN, text='First', units='height', win=Window(...), wrapWidth=1)
17.1051 	EXP 	Created Second = TextStim(__class__=<class 'psychopy.visual.text.TextStim'>, alignHoriz=method-wrapper(...), alignText='center', alignVert=method-wrapper(...), anchorHoriz='center', anchorVert='center', antialias=True, autoDraw=False, autoLog=True, bold=False, color=array([1, 1, 1]), colorSpace='rgb', contrast=1.0, depth=-6.0, flipHoriz=False, flipVert=False, font='Arial', fontFiles=[], height=0.03, italic=False, languageStyle='LTR', name='Second', opacity=1.0, ori=0, pos=array([ 0. , -0.1]), rgb=UNKNOWN, text='Second', units='height', win=Window(...), wrapWidth=1)
17.1070 	EXP 	Created Third = TextStim(__class__=<class 'psychopy.visual.text.TextStim'>, alignHoriz=method-wrapper(...), alignText='center', alignVert=method-wrapper(...), anchorHoriz='center', anchorVert='center', antialias=True, autoDraw=False, autoLog=True, bold=False, color=array([1, 1, 1]), colorSpace='rgb', contrast=1.0, depth=-7.0, flipHoriz=False, flipVert=False, font='Arial', fontFiles=[], height=0.03, italic=False, languageStyle='LTR', name='Third', opacity=1.0, ori=0, pos=array([ 0. , -0.3]), rgb=UNKNOWN, text='Third', units='height', win=Window(...), wrapWidth=1)
17.1070 	EXP 	window1: mouseVisible = True
17.1071 	EXP 	Sound clickedSound set volume 1.000
17.1099 	EXP 	Created end = TextStim(__class__=<class 'psychopy.visual.text.TextStim'>, alignHoriz=method-wrapper(...), alignText='center', alignVert=method-wrapper(...), anchorHoriz='center', anchorVert='center', antialias=True, autoDraw=False, autoLog=True, bold=False, color=array([1, 1, 1]), colorSpace='rgb', contrast=1.0, depth=0.0, flipHoriz=False, flipVert=False, font='Arial', fontFiles=[], height=0.03, italic=False, languageStyle='LTR', name='end', opacity=1.0, ori=0, pos=array([0., 0.]), rgb=UNKNOWN, text=str(...), units='height', win=Window(...), wrapWidth=1)
17.1412 	EXP 	Instructions: autoDraw = True
17.3487 	EXP 	Created sequence: random, trialTypes=1, nReps=2, seed=None
17.3488 	EXP 	New trial (rep=0, index=0): None
17.4699 	DATA 	Keypress: space
17.7186 	EXP 	Instructions: autoDraw = False
17.7186 	EXP 	Triplet1: image = 'images/OBJ_88.png'
17.7186 	EXP 	Triplet2: image = 'images/OBJ_155.png'
17.7186 	EXP 	Triplet3: image = 'images/OBJ_143.png'
17.7186 	EXP 	Triplet1: autoDraw = True
19.2310 	EXP 	Triplet1: autoDraw = False
19.7142 	EXP 	Triplet2: autoDraw = True
21.2138 	EXP 	Triplet2: autoDraw = False
21.7136 	EXP 	Triplet3: autoDraw = True
23.2132 	EXP 	Triplet3: autoDraw = False
23.2132 	EXP 	Triplet1: autoDraw = False
23.2132 	EXP 	Triplet2: autoDraw = False
23.2132 	EXP 	Triplet3: autoDraw = False
23.2132 	EXP 	Mask: autoDraw = True
24.8391 	EXP 	Mask: autoDraw = False
24.8391 	EXP 	Mask: autoDraw = False
24.8391 	EXP 	img1: image = 'images/OBJ_88.png'
24.8391 	EXP 	img2: image = 'images/OBJ_155.png'
24.8391 	EXP 	img3: image = 'images/OBJ_143.png'
24.8391 	EXP 	img1: autoDraw = True
26.3456 	EXP 	img1: autoDraw = False
26.8288 	EXP 	img2: autoDraw = True
28.3284 	EXP 	img2: autoDraw = False
28.8282 	EXP 	img3: autoDraw = True
30.3278 	EXP 	img3: autoDraw = False
30.3278 	EXP 	img1: autoDraw = False
30.3278 	EXP 	img2: autoDraw = False
30.3278 	EXP 	img3: autoDraw = False
30.3278 	EXP 	text_2: autoDraw = True
31.3275 	EXP 	text_2: autoDraw = False
31.3275 	EXP 	text_2: autoDraw = False
31.3275 	EXP 	sameText: height = 0.03
31.3275 	EXP 	sameText: height = 0.03
31.3275 	EXP 	sameText: height = 0.03
31.3275 	EXP 	sameText: text = 'Same'
31.3275 	EXP 	diffText: height = 0.03
31.3275 	EXP 	diffText: height = 0.03
31.3275 	EXP 	diffText: height = 0.03
31.3275 	EXP 	diffText: text = 'Different'
31.3275 	EXP 	text: autoDraw = True
31.3275 	EXP 	sameText: autoDraw = True
31.3275 	EXP 	diffText: autoDraw = True
31.3275 	EXP 	leftCL: autoDraw = True
31.3275 	EXP 	rightCL: autoDraw = True
31.5780 	DATA 	Mouse: Left button down, pos=(402,219)
31.5941 	EXP 	text: autoDraw = False
31.5941 	EXP 	sameText: autoDraw = False
31.5941 	EXP 	diffText: autoDraw = False
31.5941 	EXP 	leftCL: autoDraw = False
31.5941 	EXP 	rightCL: autoDraw = False
31.6944 	DATA 	Mouse:  Left button up, pos=(401,219)
32.0778 	EXP 	New trial (rep=1, index=0): None
32.3614 	EXP 	Triplet1: image = 'images/OBJ_174.png'
32.3614 	EXP 	Triplet2: image = 'images/OBJ_50.png'
32.3614 	EXP 	Triplet3: image = 'images/OBJ_67.png'
32.3614 	EXP 	Triplet1: autoDraw = True
33.8601 	EXP 	Triplet1: autoDraw = False
34.3604 	EXP 	Triplet2: autoDraw = True
35.8595 	EXP 	Triplet2: autoDraw = False
36.3594 	EXP 	Triplet3: autoDraw = True
37.8589 	EXP 	Triplet3: autoDraw = False
37.8589 	EXP 	Triplet1: autoDraw = False
37.8589 	EXP 	Triplet2: autoDraw = False
37.8589 	EXP 	Triplet3: autoDraw = False
37.8589 	EXP 	Mask: autoDraw = True
39.3955 	EXP 	Mask: autoDraw = False
39.3955 	EXP 	Mask: autoDraw = False
39.3955 	EXP 	img1: image = 'images/OBJ_174.png'
39.3955 	EXP 	img2: image = 'images/OBJ_50.png'
39.3955 	EXP 	img3: image = 'images/OBJ_67.png'
39.3955 	EXP 	img1: autoDraw = True
40.9085 	EXP 	img1: autoDraw = False
41.3913 	EXP 	img2: autoDraw = True
42.8908 	EXP 	img2: autoDraw = False
43.3907 	EXP 	img3: autoDraw = True
44.8903 	EXP 	img3: autoDraw = False
44.8903 	EXP 	img1: autoDraw = False
44.8903 	EXP 	img2: autoDraw = False
44.8903 	EXP 	img3: autoDraw = False
44.8903 	EXP 	text_2: autoDraw = True
45.8904 	EXP 	text_2: autoDraw = False
45.8904 	EXP 	text_2: autoDraw = False
45.8904 	EXP 	sameText: text = 'Same'
45.8904 	EXP 	diffText: text = 'Different'
45.8904 	EXP 	text: autoDraw = True
45.8904 	EXP 	sameText: autoDraw = True
45.8904 	EXP 	diffText: autoDraw = True
45.8904 	EXP 	leftCL: autoDraw = True
45.8904 	EXP 	rightCL: autoDraw = True
46.1234 	DATA 	Mouse: Left button down, pos=(456,198)
46.1399 	EXP 	text: autoDraw = False
46.1399 	EXP 	sameText: autoDraw = False
46.1399 	EXP 	diffText: autoDraw = False
46.1399 	EXP 	leftCL: autoDraw = False
46.1399 	EXP 	rightCL: autoDraw = False
46.2236 	DATA 	Mouse:  Left button up, pos=(456,198)
46.6235 	EXP 	Created sequence: random, trialTypes=1, nReps=2, seed=None
46.6236 	EXP 	New trial (rep=0, index=0): None
46.9229 	EXP 	retIMG: image = 'images/OBJ_174.png'
46.9229 	EXP 	retIMG: autoDraw = True
48.4231 	EXP 	retIMG: autoDraw = False
48.4231 	EXP 	retIMG: autoDraw = False
48.4231 	EXP 	question_text: autoDraw = True
49.4222 	EXP 	question_text: autoDraw = False
49.4222 	EXP 	question_text: autoDraw = False
49.4222 	EXP 	decisionQ_2: autoDraw = True
49.4222 	EXP 	first_left: autoDraw = True
49.4222 	EXP 	second_middle: autoDraw = True
49.4222 	EXP 	third_right: autoDraw = True
49.4222 	EXP 	First: autoDraw = True
49.4222 	EXP 	Second: autoDraw = True
49.4222 	EXP 	Third: autoDraw = True
49.6890 	DATA 	Mouse: Left button down, pos=(597,415)
49.7055 	EXP 	decisionQ_2: autoDraw = False
49.7055 	EXP 	first_left: autoDraw = False
49.7055 	EXP 	second_middle: autoDraw = False
49.7055 	EXP 	third_right: autoDraw = False
49.7055 	EXP 	First: autoDraw = False
49.7055 	EXP 	Second: autoDraw = False
49.7055 	EXP 	Third: autoDraw = False
49.7896 	DATA 	Mouse:  Left button up, pos=(597,415)
50.1891 	EXP 	New trial (rep=1, index=0): None
50.4522 	EXP 	retIMG: image = 'images/OBJ_50.png'
50.4522 	EXP 	retIMG: autoDraw = True
51.9553 	EXP 	retIMG: autoDraw = False
51.9553 	EXP 	retIMG: autoDraw = False
51.9553 	EXP 	question_text: autoDraw = True
52.9546 	EXP 	question_text: autoDraw = False
52.9546 	EXP 	question_text: autoDraw = False
52.9546 	EXP 	decisionQ_2: autoDraw = True
52.9546 	EXP 	first_left: autoDraw = True
52.9546 	EXP 	second_middle: autoDraw = True
52.9546 	EXP 	third_right: autoDraw = True
52.9546 	EXP 	First: autoDraw = True
52.9546 	EXP 	Second: autoDraw = True
52.9546 	EXP 	Third: autoDraw = True
53.2880 	DATA 	Mouse: Left button down, pos=(627,542)
53.3050 	EXP 	decisionQ_2: autoDraw = False
53.3050 	EXP 	first_left: autoDraw = False
53.3050 	EXP 	second_middle: autoDraw = False
53.3050 	EXP 	third_right: autoDraw = False
53.3050 	EXP 	First: autoDraw = False
53.3050 	EXP 	Second: autoDraw = False
53.3050 	EXP 	Third: autoDraw = False
53.4047 	DATA 	Mouse:  Left button up, pos=(627,542)
53.8043 	EXP 	BlockBreak: autoDraw = True
55.8876 	DATA 	Keypress: space
57.9875 	DATA 	Keypress: q
58.5701 	DATA 	Keypress: return
59.8532 	DATA 	Keypress: quoteleft
62.3361 	DATA 	Keypress: f1
62.7028 	DATA 	Keypress: f2
63.3188 	DATA 	Keypress: f3
63.9020 	DATA 	Keypress: f4
64.2191 	DATA 	Keypress: f5
233.7855 	EXP 	text_4: autoDraw = True
233.8187 	EXP 	BlockBreak: autoDraw = False
247.2993 	EXP 	Created sequence: random, trialTypes=1, nReps=25, seed=None
247.2994 	EXP 	New trial (rep=0, index=0): None
247.2996 	EXP 	New trial (rep=1, index=0): None
247.2997 	EXP 	New trial (rep=2, index=0): None
247.2998 	EXP 	New trial (rep=3, index=0): None
247.2999 	EXP 	New trial (rep=4, index=0): None
247.3000 	EXP 	New trial (rep=5, index=0): None
247.3001 	EXP 	New trial (rep=6, index=0): None
247.3002 	EXP 	New trial (rep=7, index=0): None
247.3003 	EXP 	New trial (rep=8, index=0): None
247.3005 	EXP 	New trial (rep=9, index=0): None
247.3006 	EXP 	New trial (rep=10, index=0): None
247.3007 	EXP 	New trial (rep=11, index=0): None
247.3008 	EXP 	New trial (rep=12, index=0): None
247.3009 	EXP 	New trial (rep=13, index=0): None
247.3010 	EXP 	New trial (rep=14, index=0): None
247.3011 	EXP 	New trial (rep=15, index=0): None
247.3012 	EXP 	New trial (rep=16, index=0): None
247.3013 	EXP 	New trial (rep=17, index=0): None
247.3014 	EXP 	New trial (rep=18, index=0): None
247.3015 	EXP 	New trial (rep=19, index=0): None
247.3016 	EXP 	New trial (rep=20, index=0): None
247.3017 	EXP 	New trial (rep=21, index=0): None
247.3018 	EXP 	New trial (rep=22, index=0): None
247.3020 	EXP 	New trial (rep=23, index=0): None
247.3021 	EXP 	New trial (rep=24, index=0): None
247.3025 	EXP 	Created sequence: random, trialTypes=1, nReps=40, seed=None
247.3026 	EXP 	New trial (rep=0, index=0): None
247.4287 	DATA 	Keypress: space
247.5506 	EXP 	BlockBreak: autoDraw = False
247.5506 	EXP 	text_4: autoDraw = False
247.5506 	EXP 	retIMG: image = 'images/OBJ_67.png'
247.5506 	EXP 	retIMG: autoDraw = True
249.0648 	EXP 	retIMG: autoDraw = False
249.0648 	EXP 	retIMG: autoDraw = False
249.0648 	EXP 	question_text: autoDraw = True
250.0644 	EXP 	question_text: autoDraw = False
250.0644 	EXP 	question_text: autoDraw = False
250.0644 	EXP 	decisionQ_2: autoDraw = True
250.0644 	EXP 	first_left: autoDraw = True
250.0644 	EXP 	second_middle: autoDraw = True
250.0644 	EXP 	third_right: autoDraw = True
250.0644 	EXP 	First: autoDraw = True
250.0644 	EXP 	Second: autoDraw = True
250.0644 	EXP 	Third: autoDraw = True
251.9637 	DATA 	Mouse: Left button down, pos=(596,579)
251.9802 	EXP 	decisionQ_2: autoDraw = False
251.9802 	EXP 	first_left: autoDraw = False
251.9802 	EXP 	second_middle: autoDraw = False
251.9802 	EXP 	third_right: autoDraw = False
251.9802 	EXP 	First: autoDraw = False
251.9802 	EXP 	Second: autoDraw = False
251.9802 	EXP 	Third: autoDraw = False
252.0471 	DATA 	Mouse:  Left button up, pos=(596,579)
252.4639 	EXP 	New trial (rep=1, index=0): None
252.6931 	EXP 	window1: mouseVisible = True
