7.0439 	WARNING 	Monitor specification not found. Creating a temporary one...
7.0643 	WARNING 	User requested fullscreen with size [800 600], but screen is actually [1280, 1024]. Using actual size
7.6229 	EXP 	Created window1 = Window(allowGUI=True, allowStencil=False, autoLog=True, backendConf=UNKNOWN, bitsMode=UNKNOWN, blendMode='avg', bpc=(8, 8, 8), color=array([0, 0, 0]), colorSpace='rgb', depthBits=8, fullscr=<method-wrapper '__getattribute__' of attributeSetter object at 0x000002DA718D4C70>, gamma=None, gammaErrorPolicy='raise', lms=UNKNOWN, monitor=<psychopy.monitors.calibTools.Monitor object at 0x000002DA71E6B430>, multiSample=False, name='window1', numSamples=2, pos=(0, 0), screen=0, size=array([1280, 1024]), stencilBits=0, stereo=False, units='pix', useFBO=False, useRetina=False, viewOri=0.0, viewPos=None, viewScale=None, waitBlanking=True, winType='pyglet')
7.6229 	EXP 	window1: mouseVisible = True
7.6232 	EXP 	window1: mouseVisible = False
10.6429 	DATA 	Keypress: o
15.4294 	DATA 	Keypress: space
21.0377 	DATA 	Keypress: return
21.2068 	DATA 	Keypress: return
24.2796 	DATA 	Keypress: c
43.1889 	EXP 	window1: units = 'pix'
44.9359 	DATA 	Keypress: o
44.9363 	EXP 	window1: units = 'pix'
44.9648 	WARNING 	User requested fullscreen with size [1280  720], but screen is actually [1280, 1024]. Using actual size
45.3635 	EXP 	Created window1 = Window(allowGUI=False, allowStencil=False, autoLog=True, backendConf=UNKNOWN, bitsMode=UNKNOWN, blendMode='avg', bpc=(8, 8, 8), color=array([0, 0, 0]), colorSpace='rgb', depthBits=8, fullscr=<method-wrapper '__getattribute__' of attributeSetter object at 0x000002DA718D4C70>, gamma=None, gammaErrorPolicy='raise', lms=UNKNOWN, monitor=<psychopy.monitors.calibTools.Monitor object at 0x000002DA78562B20>, multiSample=False, name='window1', numSamples=2, pos=(0, 0), screen=0, size=array([1280, 1024]), stencilBits=0, stereo=False, units='height', useFBO=True, useRetina=False, viewOri=0.0, viewPos=None, viewScale=None, waitBlanking=True, winType='pyglet')
45.3638 	EXP 	window1: mouseVisible = True
45.3638 	EXP 	window1: Attempting to measure frame rate of screen (0) ...
45.3638 	EXP 	window1: recordFrameIntervals = False
45.5300 	EXP 	window1: recordFrameIntervals = True
45.7133 	EXP 	Screen (0) actual frame rate measured at 60.03Hz
45.7133 	EXP 	window1: recordFrameIntervals = False
45.9010 	EXP 	Created Instructions = TextStim(__class__=<class 'psychopy.visual.text.TextStim'>, alignHoriz=method-wrapper(...), alignText='center', alignVert=method-wrapper(...), anchorHoriz='center', anchorVert='center', antialias=True, autoDraw=False, autoLog=True, bold=False, color=array([1, 1, 1]), colorSpace='rgb', contrast=1.0, depth=0.0, flipHoriz=False, flipVert=False, font='Arial', fontFiles=[], height=0.03, italic=False, languageStyle='LTR', name='Instructions', opacity=1.0, ori=0, pos=array([0., 0.]), rgb=UNKNOWN, text=str(...), units='height', win=Window(...), wrapWidth=1)
45.9062 	EXP 	Created Triplet1 = ImageStim(__class__=<class 'psychopy.visual.image.ImageStim'>, anchor=('center', 'center'), autoLog=True, color=array([1, 1, 1]), colorSpace='rgb', contrast=1.0, depth=-1.0, flipHoriz=False, flipVert=False, image='sin', interpolate=True, mask=None, maskParams=None, name='Triplet1', opacity=1.0, ori=0.0, pos=array([0., 0.]), size=array([0.3, 0.3]), texRes=128, units='height', win=Window(...))
45.9109 	EXP 	Created Triplet2 = ImageStim(__class__=<class 'psychopy.visual.image.ImageStim'>, anchor=('center', 'center'), autoLog=True, color=array([1, 1, 1]), colorSpace='rgb', contrast=1.0, depth=-2.0, flipHoriz=False, flipVert=False, image='sin', interpolate=True, mask=None, maskParams=None, name='Triplet2', opacity=1.0, ori=0.0, pos=array([0., 0.]), size=array([0.3, 0.3]), texRes=128, units='height', win=Window(...))
45.9156 	EXP 	Created Triplet3 = ImageStim(__class__=<class 'psychopy.visual.image.ImageStim'>, anchor=('center', 'center'), autoLog=True, color=array([1, 1, 1]), colorSpace='rgb', contrast=1.0, depth=-3.0, flipHoriz=False, flipVert=False, image='sin', interpolate=True, mask=None, maskParams=None, name='Triplet3', opacity=1.0, ori=0.0, pos=array([0., 0.]), size=array([0.3, 0.3]), texRes=128, units='height', win=Window(...))
45.9244 	EXP 	Sound sound_pop set volume 1.000
45.9332 	EXP 	Sound sound_pop2 set volume 1.000
45.9420 	EXP 	Sound sound_pop3 set volume 1.000
46.0293 	EXP 	Created Mask = ImageStim(__class__=<class 'psychopy.visual.image.ImageStim'>, anchor=('center', 'center'), autoLog=True, color=array([1, 1, 1]), colorSpace='rgb', contrast=1.0, depth=0.0, flipHoriz=False, flipVert=False, image='images/Mask.png', interpolate=True, mask=None, maskParams=None, name='Mask', opacity=1.0, ori=0.0, pos=array([0., 0.]), size=array([1.5, 0.5]), texRes=128, units='height', win=Window(...))
46.0355 	EXP 	Created img1 = ImageStim(__class__=<class 'psychopy.visual.image.ImageStim'>, anchor=('center', 'center'), autoLog=True, color=array([1, 1, 1]), colorSpace='rgb', contrast=1.0, depth=-1.0, flipHoriz=False, flipVert=False, image='sin', interpolate=True, mask=None, maskParams=None, name='img1', opacity=1.0, ori=0.0, pos=array([0., 0.]), size=array([0.3, 0.3]), texRes=128, units='height', win=Window(...))
46.0401 	EXP 	Created img2 = ImageStim(__class__=<class 'psychopy.visual.image.ImageStim'>, anchor=('center', 'center'), autoLog=True, color=array([1, 1, 1]), colorSpace='rgb', contrast=1.0, depth=-2.0, flipHoriz=False, flipVert=False, image='sin', interpolate=True, mask=None, maskParams=None, name='img2', opacity=1.0, ori=0.0, pos=array([0., 0.]), size=array([0.3, 0.3]), texRes=128, units='height', win=Window(...))
46.0446 	EXP 	Created img3 = ImageStim(__class__=<class 'psychopy.visual.image.ImageStim'>, anchor=('center', 'center'), autoLog=True, color=array([1, 1, 1]), colorSpace='rgb', contrast=1.0, depth=-3.0, flipHoriz=False, flipVert=False, image='sin', interpolate=True, mask=None, maskParams=None, name='img3', opacity=1.0, ori=0.0, pos=array([0., 0.]), size=array([0.3, 0.3]), texRes=128, units='height', win=Window(...))
46.0535 	EXP 	Sound sound_pop4 set volume 1.000
46.0624 	EXP 	Sound sound_pop5 set volume 1.000
46.0713 	EXP 	Sound sound_pop6 set volume 1.000
46.0755 	EXP 	Created text_2 = TextStim(__class__=<class 'psychopy.visual.text.TextStim'>, alignHoriz=method-wrapper(...), alignText='center', alignVert=method-wrapper(...), anchorHoriz='center', anchorVert='center', antialias=True, autoDraw=False, autoLog=True, bold=False, color=array([1, 1, 1]), colorSpace='rgb', contrast=1.0, depth=0.0, flipHoriz=False, flipVert=False, font='Arial', fontFiles=[], height=0.03, italic=False, languageStyle='LTR', name='text_2', opacity=1.0, ori=0, pos=array([0., 0.]), rgb=UNKNOWN, text=str(...), units='height', win=Window(...), wrapWidth=1)
46.0785 	EXP 	Created text = TextStim(__class__=<class 'psychopy.visual.text.TextStim'>, alignHoriz=method-wrapper(...), alignText='center', alignVert=method-wrapper(...), anchorHoriz='center', anchorVert='center', antialias=True, autoDraw=False, autoLog=True, bold=False, color=array([1, 1, 1]), colorSpace='rgb', contrast=1.0, depth=-1.0, flipHoriz=False, flipVert=False, font='Arial', fontFiles=[], height=0.03, italic=False, languageStyle='LTR', name='text', opacity=1.0, ori=0, pos=array([0., 0.]), rgb=UNKNOWN, text=str(...), units='height', win=Window(...), wrapWidth=1)
46.0789 	EXP 	Created sameText = TextStim(__class__=<class 'psychopy.visual.text.TextStim'>, alignHoriz=method-wrapper(...), alignText='center', alignVert=method-wrapper(...), anchorHoriz='center', anchorVert='center', antialias=True, autoDraw=False, autoLog=True, bold=False, color=array([1, 1, 1]), colorSpace='rgb', contrast=1.0, depth=-2.0, flipHoriz=False, flipVert=False, font='Arial', fontFiles=[], height=0.03, italic=False, languageStyle='LTR', name='sameText', opacity=1.0, ori=0, pos=array([-0.2, -0.3]), rgb=UNKNOWN, text='', units='height', win=Window(...), wrapWidth=1)
46.0794 	EXP 	Created diffText = TextStim(__class__=<class 'psychopy.visual.text.TextStim'>, alignHoriz=method-wrapper(...), alignText='center', alignVert=method-wrapper(...), anchorHoriz='center', anchorVert='center', antialias=True, autoDraw=False, autoLog=True, bold=False, color=array([1, 1, 1]), colorSpace='rgb', contrast=1.0, depth=-3.0, flipHoriz=False, flipVert=False, font='Arial', fontFiles=[], height=0.03, italic=False, languageStyle='LTR', name='diffText', opacity=1.0, ori=0, pos=array([ 0.2, -0.3]), rgb=UNKNOWN, text='', units='height', win=Window(...), wrapWidth=1)
46.0803 	EXP 	Created leftCL = Rect(__class__=<class 'psychopy.visual.rect.Rect'>, anchor=('center', 'center'), autoDraw=False, autoLog=True, closeShape=True, color=method-wrapper(...), colorSpace='rgb', contrast=None, depth=-4.0, fillColor=array([1., 1., 1.]), fillColorSpace='rgb', fillRGB=array([1., 1., 1.]), interpolate=True, lineColor=array([1, 1, 1]), lineColorSpace='rgb', lineRGB=array([1, 1, 1]), lineWidth=3, name='leftCL', opacity=0.5, ori=0.0, pos=array([-0.2, -0.3]), size=array([-0.2, -0.2]), units='height', vertices=ndarray(...), win=Window(...))
46.0811 	EXP 	Created rightCL = Rect(__class__=<class 'psychopy.visual.rect.Rect'>, anchor=('center', 'center'), autoDraw=False, autoLog=True, closeShape=True, color=method-wrapper(...), colorSpace='rgb', contrast=None, depth=-5.0, fillColor=array([1., 1., 1.]), fillColorSpace='rgb', fillRGB=array([1., 1., 1.]), interpolate=True, lineColor=array([1, 1, 1]), lineColorSpace='rgb', lineRGB=array([1, 1, 1]), lineWidth=3, name='rightCL', opacity=0.5, ori=0.0, pos=array([ 0.2, -0.3]), size=array([0.2, 0.2]), units='height', vertices=ndarray(...), win=Window(...))
46.0811 	EXP 	window1: mouseVisible = True
46.0816 	EXP 	Sound clickedSound set volume 1.000
46.0853 	EXP 	Created retIMG = ImageStim(__class__=<class 'psychopy.visual.image.ImageStim'>, anchor=('center', 'center'), autoLog=True, color=array([1, 1, 1]), colorSpace='rgb', contrast=1.0, depth=-1.0, flipHoriz=False, flipVert=False, image='sin', interpolate=True, mask=None, maskParams=None, name='retIMG', opacity=1.0, ori=0.0, pos=array([0., 0.]), size=array([0.3, 0.3]), texRes=128, units='height', win=Window(...))
46.0941 	EXP 	Sound sound_pop7 set volume 1.000
46.0965 	EXP 	Created question_text = TextStim(__class__=<class 'psychopy.visual.text.TextStim'>, alignHoriz=method-wrapper(...), alignText='center', alignVert=method-wrapper(...), anchorHoriz='center', anchorVert='center', antialias=True, autoDraw=False, autoLog=True, bold=False, color=array([1, 1, 1]), colorSpace='rgb', contrast=1.0, depth=0.0, flipHoriz=False, flipVert=False, font='Arial', fontFiles=[], height=0.03, italic=False, languageStyle='LTR', name='question_text', opacity=1.0, ori=0, pos=array([0. , 0.3]), rgb=UNKNOWN, text='When did you see this object?', units='height', win=Window(...), wrapWidth=1)
46.0987 	EXP 	Created decisionQ_2 = TextStim(__class__=<class 'psychopy.visual.text.TextStim'>, alignHoriz=method-wrapper(...), alignText='center', alignVert=method-wrapper(...), anchorHoriz='center', anchorVert='center', antialias=True, autoDraw=False, autoLog=True, bold=False, color=array([1, 1, 1]), colorSpace='rgb', contrast=1.0, depth=-1.0, flipHoriz=False, flipVert=False, font='Arial', fontFiles=[], height=0.03, italic=False, languageStyle='LTR', name='decisionQ_2', opacity=1.0, ori=0, pos=array([0. , 0.3]), rgb=UNKNOWN, text='When did you see this object?', units='height', win=Window(...), wrapWidth=1)
46.0993 	EXP 	Created first_left = Rect(__class__=<class 'psychopy.visual.rect.Rect'>, anchor=('center', 'center'), autoDraw=False, autoLog=True, closeShape=True, color=method-wrapper(...), colorSpace='rgb', contrast=None, depth=-2.0, fillColor=array([1, 1, 1]), fillColorSpace='rgb', fillRGB=array([1, 1, 1]), interpolate=True, lineColor=array([1, 1, 1]), lineColorSpace='rgb', lineRGB=array([1, 1, 1]), lineWidth=3, name='first_left', opacity=0.5, ori=0.0, pos=array([0. , 0.1]), size=array([0.15, 0.15]), units='height', vertices=ndarray(...), win=Window(...))
46.1000 	EXP 	Created second_middle = Rect(__class__=<class 'psychopy.visual.rect.Rect'>, anchor=('center', 'center'), autoDraw=False, autoLog=True, closeShape=True, color=method-wrapper(...), colorSpace='rgb', contrast=None, depth=-3.0, fillColor=array([1, 1, 1]), fillColorSpace='rgb', fillRGB=array([1, 1, 1]), interpolate=True, lineColor=array([1, 1, 1]), lineColorSpace='rgb', lineRGB=array([1, 1, 1]), lineWidth=3, name='second_middle', opacity=0.5, ori=0.0, pos=array([ 0. , -0.1]), size=array([0.15, 0.15]), units='height', vertices=ndarray(...), win=Window(...))
46.1007 	EXP 	Created third_right = Rect(__class__=<class 'psychopy.visual.rect.Rect'>, anchor=('center', 'center'), autoDraw=False, autoLog=True, closeShape=True, color=method-wrapper(...), colorSpace='rgb', contrast=None, depth=-4.0, fillColor=array([1, 1, 1]), fillColorSpace='rgb', fillRGB=array([1, 1, 1]), interpolate=True, lineColor=array([1, 1, 1]), lineColorSpace='rgb', lineRGB=array([1, 1, 1]), lineWidth=3, name='third_right', opacity=0.5, ori=0.0, pos=array([ 0. , -0.3]), size=array([0.15, 0.15]), units='height', vertices=ndarray(...), win=Window(...))
46.1033 	EXP 	Created First = TextStim(__class__=<class 'psychopy.visual.text.TextStim'>, alignHoriz=method-wrapper(...), alignText='center', alignVert=method-wrapper(...), anchorHoriz='center', anchorVert='center', antialias=True, autoDraw=False, autoLog=True, bold=False, color=array([1, 1, 1]), colorSpace='rgb', contrast=1.0, depth=-5.0, flipHoriz=False, flipVert=False, font='Arial', fontFiles=[], height=0.03, italic=False, languageStyle='LTR', name='First', opacity=1.0, ori=0, pos=array([0. , 0.1]), rgb=UNKNOWN, text='First', units='height', win=Window(...), wrapWidth=1)
46.1052 	EXP 	Created Second = TextStim(__class__=<class 'psychopy.visual.text.TextStim'>, alignHoriz=method-wrapper(...), alignText='center', alignVert=method-wrapper(...), anchorHoriz='center', anchorVert='center', antialias=True, autoDraw=False, autoLog=True, bold=False, color=array([1, 1, 1]), colorSpace='rgb', contrast=1.0, depth=-6.0, flipHoriz=False, flipVert=False, font='Arial', fontFiles=[], height=0.03, italic=False, languageStyle='LTR', name='Second', opacity=1.0, ori=0, pos=array([ 0. , -0.1]), rgb=UNKNOWN, text='Second', units='height', win=Window(...), wrapWidth=1)
46.1071 	EXP 	Created Third = TextStim(__class__=<class 'psychopy.visual.text.TextStim'>, alignHoriz=method-wrapper(...), alignText='center', alignVert=method-wrapper(...), anchorHoriz='center', anchorVert='center', antialias=True, autoDraw=False, autoLog=True, bold=False, color=array([1, 1, 1]), colorSpace='rgb', contrast=1.0, depth=-7.0, flipHoriz=False, flipVert=False, font='Arial', fontFiles=[], height=0.03, italic=False, languageStyle='LTR', name='Third', opacity=1.0, ori=0, pos=array([ 0. , -0.3]), rgb=UNKNOWN, text='Third', units='height', win=Window(...), wrapWidth=1)
46.1071 	EXP 	window1: mouseVisible = True
46.1075 	EXP 	Sound clickedSound set volume 1.000
46.1149 	EXP 	Created BlockBreak = TextStim(__class__=<class 'psychopy.visual.text.TextStim'>, alignHoriz=method-wrapper(...), alignText='center', alignVert=method-wrapper(...), anchorHoriz='center', anchorVert='center', antialias=True, autoDraw=False, autoLog=True, bold=False, color=array([1, 1, 1]), colorSpace='rgb', contrast=1.0, depth=0.0, flipHoriz=False, flipVert=False, font='Arial', fontFiles=[], height=0.03, italic=False, languageStyle='LTR', name='BlockBreak', opacity=1.0, ori=0, pos=array([0., 0.]), rgb=UNKNOWN, text=str(...), units='height', win=Window(...), wrapWidth=1)
46.1284 	EXP 	Created text_4 = TextStim(__class__=<class 'psychopy.visual.text.TextStim'>, alignHoriz=method-wrapper(...), alignText='center', alignVert=method-wrapper(...), anchorHoriz='center', anchorVert='center', antialias=True, autoDraw=False, autoLog=True, bold=False, color=array([1, 1, 1]), colorSpace='rgb', contrast=1.0, depth=-1.0, flipHoriz=False, flipVert=False, font='Open Sans', fontFiles=[], height=0.03, italic=False, languageStyle='LTR', name='text_4', opacity=1.0, ori=0.0, pos=array([0., 0.]), rgb=UNKNOWN, text=str(...), units='height', win=Window(...), wrapWidth=1)
46.1321 	EXP 	Created Triplet1 = ImageStim(__class__=<class 'psychopy.visual.image.ImageStim'>, anchor=('center', 'center'), autoLog=True, color=array([1, 1, 1]), colorSpace='rgb', contrast=1.0, depth=-1.0, flipHoriz=False, flipVert=False, image='sin', interpolate=True, mask=None, maskParams=None, name='Triplet1', opacity=1.0, ori=0.0, pos=array([0., 0.]), size=array([0.3, 0.3]), texRes=128, units='height', win=Window(...))
46.1367 	EXP 	Created Triplet2 = ImageStim(__class__=<class 'psychopy.visual.image.ImageStim'>, anchor=('center', 'center'), autoLog=True, color=array([1, 1, 1]), colorSpace='rgb', contrast=1.0, depth=-2.0, flipHoriz=False, flipVert=False, image='sin', interpolate=True, mask=None, maskParams=None, name='Triplet2', opacity=1.0, ori=0.0, pos=array([0., 0.]), size=array([0.3, 0.3]), texRes=128, units='height', win=Window(...))
46.1411 	EXP 	Created Triplet3 = ImageStim(__class__=<class 'psychopy.visual.image.ImageStim'>, anchor=('center', 'center'), autoLog=True, color=array([1, 1, 1]), colorSpace='rgb', contrast=1.0, depth=-3.0, flipHoriz=False, flipVert=False, image='sin', interpolate=True, mask=None, maskParams=None, name='Triplet3', opacity=1.0, ori=0.0, pos=array([0., 0.]), size=array([0.3, 0.3]), texRes=128, units='height', win=Window(...))
46.1500 	EXP 	Sound sound_pop set volume 1.000
46.1588 	EXP 	Sound sound_pop2 set volume 1.000
46.1676 	EXP 	Sound sound_pop3 set volume 1.000
46.2527 	EXP 	Created Mask = ImageStim(__class__=<class 'psychopy.visual.image.ImageStim'>, anchor=('center', 'center'), autoLog=True, color=array([1, 1, 1]), colorSpace='rgb', contrast=1.0, depth=0.0, flipHoriz=False, flipVert=False, image='images/Mask.png', interpolate=True, mask=None, maskParams=None, name='Mask', opacity=1.0, ori=0.0, pos=array([0., 0.]), size=array([1.5, 0.5]), texRes=128, units='height', win=Window(...))
46.2600 	EXP 	Created img1 = ImageStim(__class__=<class 'psychopy.visual.image.ImageStim'>, anchor=('center', 'center'), autoLog=True, color=array([1, 1, 1]), colorSpace='rgb', contrast=1.0, depth=-1.0, flipHoriz=False, flipVert=False, image='sin', interpolate=True, mask=None, maskParams=None, name='img1', opacity=1.0, ori=0.0, pos=array([0., 0.]), size=array([0.3, 0.3]), texRes=128, units='height', win=Window(...))
46.2646 	EXP 	Created img2 = ImageStim(__class__=<class 'psychopy.visual.image.ImageStim'>, anchor=('center', 'center'), autoLog=True, color=array([1, 1, 1]), colorSpace='rgb', contrast=1.0, depth=-2.0, flipHoriz=False, flipVert=False, image='sin', interpolate=True, mask=None, maskParams=None, name='img2', opacity=1.0, ori=0.0, pos=array([0., 0.]), size=array([0.3, 0.3]), texRes=128, units='height', win=Window(...))
46.2692 	EXP 	Created img3 = ImageStim(__class__=<class 'psychopy.visual.image.ImageStim'>, anchor=('center', 'center'), autoLog=True, color=array([1, 1, 1]), colorSpace='rgb', contrast=1.0, depth=-3.0, flipHoriz=False, flipVert=False, image='sin', interpolate=True, mask=None, maskParams=None, name='img3', opacity=1.0, ori=0.0, pos=array([0., 0.]), size=array([0.3, 0.3]), texRes=128, units='height', win=Window(...))
46.2780 	EXP 	Sound sound_pop4 set volume 1.000
46.2868 	EXP 	Sound sound_pop5 set volume 1.000
46.2956 	EXP 	Sound sound_pop6 set volume 1.000
46.2996 	EXP 	Created text_2 = TextStim(__class__=<class 'psychopy.visual.text.TextStim'>, alignHoriz=method-wrapper(...), alignText='center', alignVert=method-wrapper(...), anchorHoriz='center', anchorVert='center', antialias=True, autoDraw=False, autoLog=True, bold=False, color=array([1, 1, 1]), colorSpace='rgb', contrast=1.0, depth=0.0, flipHoriz=False, flipVert=False, font='Arial', fontFiles=[], height=0.03, italic=False, languageStyle='LTR', name='text_2', opacity=1.0, ori=0, pos=array([0., 0.]), rgb=UNKNOWN, text=str(...), units='height', win=Window(...), wrapWidth=1)
46.3021 	EXP 	Created text = TextStim(__class__=<class 'psychopy.visual.text.TextStim'>, alignHoriz=method-wrapper(...), alignText='center', alignVert=method-wrapper(...), anchorHoriz='center', anchorVert='center', antialias=True, autoDraw=False, autoLog=True, bold=False, color=array([1, 1, 1]), colorSpace='rgb', contrast=1.0, depth=-1.0, flipHoriz=False, flipVert=False, font='Arial', fontFiles=[], height=0.03, italic=False, languageStyle='LTR', name='text', opacity=1.0, ori=0, pos=array([0., 0.]), rgb=UNKNOWN, text=str(...), units='height', win=Window(...), wrapWidth=1)
46.3026 	EXP 	Created sameText = TextStim(__class__=<class 'psychopy.visual.text.TextStim'>, alignHoriz=method-wrapper(...), alignText='center', alignVert=method-wrapper(...), anchorHoriz='center', anchorVert='center', antialias=True, autoDraw=False, autoLog=True, bold=False, color=array([1, 1, 1]), colorSpace='rgb', contrast=1.0, depth=-2.0, flipHoriz=False, flipVert=False, font='Arial', fontFiles=[], height=0.03, italic=False, languageStyle='LTR', name='sameText', opacity=1.0, ori=0, pos=array([-0.2, -0.3]), rgb=UNKNOWN, text='', units='height', win=Window(...), wrapWidth=1)
46.3031 	EXP 	Created diffText = TextStim(__class__=<class 'psychopy.visual.text.TextStim'>, alignHoriz=method-wrapper(...), alignText='center', alignVert=method-wrapper(...), anchorHoriz='center', anchorVert='center', antialias=True, autoDraw=False, autoLog=True, bold=False, color=array([1, 1, 1]), colorSpace='rgb', contrast=1.0, depth=-3.0, flipHoriz=False, flipVert=False, font='Arial', fontFiles=[], height=0.03, italic=False, languageStyle='LTR', name='diffText', opacity=1.0, ori=0, pos=array([ 0.2, -0.3]), rgb=UNKNOWN, text='', units='height', win=Window(...), wrapWidth=1)
46.3039 	EXP 	Created leftCL = Rect(__class__=<class 'psychopy.visual.rect.Rect'>, anchor=('center', 'center'), autoDraw=False, autoLog=True, closeShape=True, color=method-wrapper(...), colorSpace='rgb', contrast=None, depth=-4.0, fillColor=array([1., 1., 1.]), fillColorSpace='rgb', fillRGB=array([1., 1., 1.]), interpolate=True, lineColor=array([1, 1, 1]), lineColorSpace='rgb', lineRGB=array([1, 1, 1]), lineWidth=3, name='leftCL', opacity=0.5, ori=0.0, pos=array([-0.2, -0.3]), size=array([-0.2, -0.2]), units='height', vertices=ndarray(...), win=Window(...))
46.3048 	EXP 	Created rightCL = Rect(__class__=<class 'psychopy.visual.rect.Rect'>, anchor=('center', 'center'), autoDraw=False, autoLog=True, closeShape=True, color=method-wrapper(...), colorSpace='rgb', contrast=None, depth=-5.0, fillColor=array([1., 1., 1.]), fillColorSpace='rgb', fillRGB=array([1., 1., 1.]), interpolate=True, lineColor=array([1, 1, 1]), lineColorSpace='rgb', lineRGB=array([1, 1, 1]), lineWidth=3, name='rightCL', opacity=0.5, ori=0.0, pos=array([ 0.2, -0.3]), size=array([0.2, 0.2]), units='height', vertices=ndarray(...), win=Window(...))
46.3048 	EXP 	window1: mouseVisible = True
46.3053 	EXP 	Sound clickedSound set volume 1.000
46.3089 	EXP 	Created retIMG = ImageStim(__class__=<class 'psychopy.visual.image.ImageStim'>, anchor=('center', 'center'), autoLog=True, color=array([1, 1, 1]), colorSpace='rgb', contrast=1.0, depth=-1.0, flipHoriz=False, flipVert=False, image='sin', interpolate=True, mask=None, maskParams=None, name='retIMG', opacity=1.0, ori=0.0, pos=array([0., 0.]), size=array([0.3, 0.3]), texRes=128, units='height', win=Window(...))
46.3177 	EXP 	Sound sound_pop7 set volume 1.000
46.3201 	EXP 	Created question_text = TextStim(__class__=<class 'psychopy.visual.text.TextStim'>, alignHoriz=method-wrapper(...), alignText='center', alignVert=method-wrapper(...), anchorHoriz='center', anchorVert='center', antialias=True, autoDraw=False, autoLog=True, bold=False, color=array([1, 1, 1]), colorSpace='rgb', contrast=1.0, depth=0.0, flipHoriz=False, flipVert=False, font='Arial', fontFiles=[], height=0.03, italic=False, languageStyle='LTR', name='question_text', opacity=1.0, ori=0, pos=array([0. , 0.3]), rgb=UNKNOWN, text='When did you see this object?', units='height', win=Window(...), wrapWidth=1)
46.3223 	EXP 	Created decisionQ_2 = TextStim(__class__=<class 'psychopy.visual.text.TextStim'>, alignHoriz=method-wrapper(...), alignText='center', alignVert=method-wrapper(...), anchorHoriz='center', anchorVert='center', antialias=True, autoDraw=False, autoLog=True, bold=False, color=array([1, 1, 1]), colorSpace='rgb', contrast=1.0, depth=-1.0, flipHoriz=False, flipVert=False, font='Arial', fontFiles=[], height=0.03, italic=False, languageStyle='LTR', name='decisionQ_2', opacity=1.0, ori=0, pos=array([0. , 0.3]), rgb=UNKNOWN, text='When did you see this object?', units='height', win=Window(...), wrapWidth=1)
46.3230 	EXP 	Created first_left = Rect(__class__=<class 'psychopy.visual.rect.Rect'>, anchor=('center', 'center'), autoDraw=False, autoLog=True, closeShape=True, color=method-wrapper(...), colorSpace='rgb', contrast=None, depth=-2.0, fillColor=array([1, 1, 1]), fillColorSpace='rgb', fillRGB=array([1, 1, 1]), interpolate=True, lineColor=array([1, 1, 1]), lineColorSpace='rgb', lineRGB=array([1, 1, 1]), lineWidth=3, name='first_left', opacity=0.5, ori=0.0, pos=array([0. , 0.1]), size=array([0.15, 0.15]), units='height', vertices=ndarray(...), win=Window(...))
46.3237 	EXP 	Created second_middle = Rect(__class__=<class 'psychopy.visual.rect.Rect'>, anchor=('center', 'center'), autoDraw=False, autoLog=True, closeShape=True, color=method-wrapper(...), colorSpace='rgb', contrast=None, depth=-3.0, fillColor=array([1, 1, 1]), fillColorSpace='rgb', fillRGB=array([1, 1, 1]), interpolate=True, lineColor=array([1, 1, 1]), lineColorSpace='rgb', lineRGB=array([1, 1, 1]), lineWidth=3, name='second_middle', opacity=0.5, ori=0.0, pos=array([ 0. , -0.1]), size=array([0.15, 0.15]), units='height', vertices=ndarray(...), win=Window(...))
46.3243 	EXP 	Created third_right = Rect(__class__=<class 'psychopy.visual.rect.Rect'>, anchor=('center', 'center'), autoDraw=False, autoLog=True, closeShape=True, color=method-wrapper(...), colorSpace='rgb', contrast=None, depth=-4.0, fillColor=array([1, 1, 1]), fillColorSpace='rgb', fillRGB=array([1, 1, 1]), interpolate=True, lineColor=array([1, 1, 1]), lineColorSpace='rgb', lineRGB=array([1, 1, 1]), lineWidth=3, name='third_right', opacity=0.5, ori=0.0, pos=array([ 0. , -0.3]), size=array([0.15, 0.15]), units='height', vertices=ndarray(...), win=Window(...))
46.3263 	EXP 	Created First = TextStim(__class__=<class 'psychopy.visual.text.TextStim'>, alignHoriz=method-wrapper(...), alignText='center', alignVert=method-wrapper(...), anchorHoriz='center', anchorVert='center', antialias=True, autoDraw=False, autoLog=True, bold=False, color=array([1, 1, 1]), colorSpace='rgb', contrast=1.0, depth=-5.0, flipHoriz=False, flipVert=False, font='Arial', fontFiles=[], height=0.03, italic=False, languageStyle='LTR', name='First', opacity=1.0, ori=0, pos=array([0. , 0.1]), rgb=UNKNOWN, text='First', units='height', win=Window(...), wrapWidth=1)
46.3282 	EXP 	Created Second = TextStim(__class__=<class 'psychopy.visual.text.TextStim'>, alignHoriz=method-wrapper(...), alignText='center', alignVert=method-wrapper(...), anchorHoriz='center', anchorVert='center', antialias=True, autoDraw=False, autoLog=True, bold=False, color=array([1, 1, 1]), colorSpace='rgb', contrast=1.0, depth=-6.0, flipHoriz=False, flipVert=False, font='Arial', fontFiles=[], height=0.03, italic=False, languageStyle='LTR', name='Second', opacity=1.0, ori=0, pos=array([ 0. , -0.1]), rgb=UNKNOWN, text='Second', units='height', win=Window(...), wrapWidth=1)
46.3301 	EXP 	Created Third = TextStim(__class__=<class 'psychopy.visual.text.TextStim'>, alignHoriz=method-wrapper(...), alignText='center', alignVert=method-wrapper(...), anchorHoriz='center', anchorVert='center', antialias=True, autoDraw=False, autoLog=True, bold=False, color=array([1, 1, 1]), colorSpace='rgb', contrast=1.0, depth=-7.0, flipHoriz=False, flipVert=False, font='Arial', fontFiles=[], height=0.03, italic=False, languageStyle='LTR', name='Third', opacity=1.0, ori=0, pos=array([ 0. , -0.3]), rgb=UNKNOWN, text='Third', units='height', win=Window(...), wrapWidth=1)
46.3302 	EXP 	window1: mouseVisible = True
46.3307 	EXP 	Sound clickedSound set volume 1.000
46.3335 	EXP 	Created end = TextStim(__class__=<class 'psychopy.visual.text.TextStim'>, alignHoriz=method-wrapper(...), alignText='center', alignVert=method-wrapper(...), anchorHoriz='center', anchorVert='center', antialias=True, autoDraw=False, autoLog=True, bold=False, color=array([1, 1, 1]), colorSpace='rgb', contrast=1.0, depth=0.0, flipHoriz=False, flipVert=False, font='Arial', fontFiles=[], height=0.03, italic=False, languageStyle='LTR', name='end', opacity=1.0, ori=0, pos=array([0., 0.]), rgb=UNKNOWN, text=str(...), units='height', win=Window(...), wrapWidth=1)
46.3696 	EXP 	Instructions: autoDraw = True
46.7466 	EXP 	Created sequence: random, trialTypes=1, nReps=25, seed=None
46.7468 	EXP 	New trial (rep=0, index=0): None
46.8835 	DATA 	Keypress: space
47.1458 	EXP 	Sound sound_pop started
47.1370 	EXP 	Instructions: autoDraw = False
47.1370 	EXP 	Triplet1: image = 'images/OBJ_2.png'
47.1370 	EXP 	Triplet2: image = 'images/OBJ_11.png'
47.1370 	EXP 	Triplet3: image = 'images/OBJ_148.png'
47.1370 	EXP 	Triplet1: autoDraw = True
47.5123 	EXP 	Sound sound_pop reached end of file
48.6459 	EXP 	Triplet1: autoDraw = False
49.1291 	EXP 	Sound sound_pop2 started
49.1292 	EXP 	Triplet2: autoDraw = True
49.4931 	EXP 	Sound sound_pop2 reached end of file
50.6281 	EXP 	Triplet2: autoDraw = False
51.1280 	EXP 	Sound sound_pop3 started
51.1280 	EXP 	Triplet3: autoDraw = True
51.4924 	EXP 	Sound sound_pop3 reached end of file
52.6276 	EXP 	Triplet3: autoDraw = False
52.6276 	EXP 	Triplet1: autoDraw = False
52.6276 	EXP 	Triplet2: autoDraw = False
52.6276 	EXP 	Triplet3: autoDraw = False
52.6276 	EXP 	Mask: autoDraw = True
54.2608 	EXP 	Sound sound_pop4 started
54.2619 	EXP 	Mask: autoDraw = False
54.2619 	EXP 	Mask: autoDraw = False
54.2619 	EXP 	img1: image = 'images/OBJ_2.png'
54.2619 	EXP 	img2: image = 'images/OBJ_11.png'
54.2619 	EXP 	img3: image = 'images/OBJ_148.png'
54.2619 	EXP 	img1: autoDraw = True
54.6429 	EXP 	Sound sound_pop4 reached end of file
55.7767 	EXP 	img1: autoDraw = False
56.2599 	EXP 	Sound sound_pop5 started
56.2604 	EXP 	img2: autoDraw = True
56.6183 	EXP 	Sound sound_pop5 reached end of file
57.7599 	EXP 	img2: autoDraw = False
58.2598 	EXP 	Sound sound_pop6 started
58.2593 	EXP 	img3: autoDraw = True
58.6229 	EXP 	Sound sound_pop6 reached end of file
59.7594 	EXP 	img3: autoDraw = False
59.7594 	EXP 	img1: autoDraw = False
59.7594 	EXP 	img2: autoDraw = False
59.7594 	EXP 	img3: autoDraw = False
59.7594 	EXP 	text_2: autoDraw = True
60.7586 	EXP 	text_2: autoDraw = False
60.7586 	EXP 	text_2: autoDraw = False
60.7586 	EXP 	sameText: height = 0.03
60.7586 	EXP 	sameText: height = 0.03
60.7586 	EXP 	sameText: height = 0.03
60.7586 	EXP 	sameText: text = 'Same'
60.7586 	EXP 	diffText: height = 0.03
60.7586 	EXP 	diffText: height = 0.03
60.7586 	EXP 	diffText: height = 0.03
60.7586 	EXP 	diffText: text = 'Different'
60.7586 	EXP 	text: autoDraw = True
60.7586 	EXP 	sameText: autoDraw = True
60.7586 	EXP 	diffText: autoDraw = True
60.7586 	EXP 	leftCL: autoDraw = True
60.7586 	EXP 	rightCL: autoDraw = True
61.1425 	DATA 	Mouse: Left button down, pos=(450,270)
61.1590 	EXP 	Sound clickedSound started
61.1590 	EXP 	text: autoDraw = False
61.1590 	EXP 	sameText: autoDraw = False
61.1590 	EXP 	diffText: autoDraw = False
61.1590 	EXP 	leftCL: autoDraw = False
61.1590 	EXP 	rightCL: autoDraw = False
61.2421 	DATA 	Mouse:  Left button up, pos=(450,270)
61.6637 	EXP 	Sound clickedSound stopped
61.6641 	EXP 	New trial (rep=1, index=0): None
61.9416 	EXP 	Sound sound_pop started
61.9434 	EXP 	Triplet1: image = 'images/OBJ_57.png'
61.9434 	EXP 	Triplet2: image = 'images/OBJ_56.png'
61.9434 	EXP 	Triplet3: image = 'images/OBJ_25.png'
61.9434 	EXP 	Triplet1: autoDraw = True
62.3217 	EXP 	Sound sound_pop reached end of file
63.4578 	EXP 	Triplet1: autoDraw = False
63.9410 	EXP 	Sound sound_pop2 started
63.9410 	EXP 	Triplet2: autoDraw = True
64.3025 	EXP 	Sound sound_pop2 reached end of file
65.4405 	EXP 	Triplet2: autoDraw = False
65.9409 	EXP 	Sound sound_pop3 started
65.9404 	EXP 	Triplet3: autoDraw = True
66.3037 	EXP 	Sound sound_pop3 reached end of file
67.4399 	EXP 	Triplet3: autoDraw = False
67.4399 	EXP 	Triplet1: autoDraw = False
67.4399 	EXP 	Triplet2: autoDraw = False
67.4399 	EXP 	Triplet3: autoDraw = False
67.4399 	EXP 	Mask: autoDraw = True
68.9733 	EXP 	Sound sound_pop4 started
68.9724 	EXP 	Mask: autoDraw = False
68.9724 	EXP 	Mask: autoDraw = False
68.9724 	EXP 	img1: image = 'images/OBJ_57.png'
68.9724 	EXP 	img2: image = 'images/OBJ_56.png'
68.9724 	EXP 	img3: image = 'images/OBJ_25.png'
68.9724 	EXP 	img1: autoDraw = True
69.3424 	EXP 	Sound sound_pop4 reached end of file
70.4724 	EXP 	img1: autoDraw = False
70.9722 	EXP 	Sound sound_pop5 started
70.9722 	EXP 	img2: autoDraw = True
71.3333 	EXP 	Sound sound_pop5 reached end of file
72.4719 	EXP 	img2: autoDraw = False
72.9717 	EXP 	Sound sound_pop6 started
72.9717 	EXP 	img3: autoDraw = True
73.3325 	EXP 	Sound sound_pop6 reached end of file
74.4713 	EXP 	img3: autoDraw = False
74.4713 	EXP 	img1: autoDraw = False
74.4713 	EXP 	img2: autoDraw = False
74.4713 	EXP 	img3: autoDraw = False
74.4713 	EXP 	text_2: autoDraw = True
75.4715 	EXP 	text_2: autoDraw = False
75.4715 	EXP 	text_2: autoDraw = False
75.4715 	EXP 	sameText: text = 'Same'
75.4715 	EXP 	diffText: text = 'Different'
75.4715 	EXP 	text: autoDraw = True
75.4715 	EXP 	sameText: autoDraw = True
75.4715 	EXP 	diffText: autoDraw = True
75.4715 	EXP 	leftCL: autoDraw = True
75.4715 	EXP 	rightCL: autoDraw = True
75.7711 	DATA 	Mouse: Left button down, pos=(450,270)
75.7876 	EXP 	Sound clickedSound started
75.7876 	EXP 	text: autoDraw = False
75.7876 	EXP 	sameText: autoDraw = False
75.7876 	EXP 	diffText: autoDraw = False
75.7876 	EXP 	leftCL: autoDraw = False
75.7876 	EXP 	rightCL: autoDraw = False
75.8879 	DATA 	Mouse:  Left button up, pos=(450,270)
76.2936 	EXP 	Sound clickedSound stopped
76.2940 	EXP 	New trial (rep=2, index=0): None
76.5873 	EXP 	Sound sound_pop started
76.5874 	EXP 	Triplet1: image = 'images/OBJ_40.png'
76.5874 	EXP 	Triplet2: image = 'images/OBJ_188.png'
76.5874 	EXP 	Triplet3: image = 'images/OBJ_59.png'
76.5874 	EXP 	Triplet1: autoDraw = True
76.9641 	EXP 	Sound sound_pop reached end of file
78.0869 	EXP 	Triplet1: autoDraw = False
78.5867 	EXP 	Sound sound_pop2 started
78.5867 	EXP 	Triplet2: autoDraw = True
78.9530 	EXP 	Sound sound_pop2 reached end of file
80.0863 	EXP 	Triplet2: autoDraw = False
80.5862 	EXP 	Sound sound_pop3 started
80.5862 	EXP 	Triplet3: autoDraw = True
80.9564 	EXP 	Sound sound_pop3 reached end of file
82.0863 	EXP 	Triplet3: autoDraw = False
82.0863 	EXP 	Triplet1: autoDraw = False
82.0863 	EXP 	Triplet2: autoDraw = False
82.0863 	EXP 	Triplet3: autoDraw = False
82.0863 	EXP 	Mask: autoDraw = True
83.6356 	EXP 	Sound sound_pop4 started
83.6236 	EXP 	Mask: autoDraw = False
83.6236 	EXP 	Mask: autoDraw = False
83.6236 	EXP 	img1: image = 'images/OBJ_40.png'
83.6236 	EXP 	img2: image = 'images/OBJ_188.png'
83.6236 	EXP 	img3: image = 'images/OBJ_59.png'
83.6236 	EXP 	img1: autoDraw = True
83.9969 	EXP 	Sound sound_pop4 reached end of file
85.1354 	EXP 	img1: autoDraw = False
85.6185 	EXP 	Sound sound_pop5 started
85.6180 	EXP 	img2: autoDraw = True
85.9770 	EXP 	Sound sound_pop5 reached end of file
87.1176 	EXP 	img2: autoDraw = False
87.6180 	EXP 	Sound sound_pop6 started
87.6175 	EXP 	img3: autoDraw = True
87.9786 	EXP 	Sound sound_pop6 reached end of file
88.7013 	DATA 	Keypress: escape
90.9160 	EXP 	window1: mouseVisible = True
90.9186 	EXP 	window1: mouseVisible = True
90.9186 	EXP 	window1: mouseVisible = True
90.9186 	EXP 	window1: mouseVisible = True
90.9187 	EXP 	window1: mouseVisible = True
90.9187 	EXP 	window1: mouseVisible = True
90.9187 	EXP 	window1: mouseVisible = True
90.9188 	EXP 	window1: mouseVisible = True
90.9188 	EXP 	window1: mouseVisible = True
90.9188 	EXP 	window1: mouseVisible = True
90.9189 	EXP 	window1: mouseVisible = True
90.9189 	EXP 	window1: mouseVisible = True
90.9189 	EXP 	window1: mouseVisible = True
90.9190 	EXP 	window1: mouseVisible = True
90.9190 	EXP 	window1: mouseVisible = True
90.9190 	EXP 	window1: mouseVisible = True
90.9191 	EXP 	window1: mouseVisible = True
90.9191 	EXP 	window1: mouseVisible = True
90.9191 	EXP 	window1: mouseVisible = True
90.9191 	EXP 	window1: mouseVisible = True
90.9192 	EXP 	window1: mouseVisible = True
90.9192 	EXP 	window1: mouseVisible = True
90.9192 	EXP 	window1: mouseVisible = True
90.9193 	EXP 	window1: mouseVisible = True
90.9193 	EXP 	window1: mouseVisible = True
90.9193 	EXP 	window1: mouseVisible = True
90.9193 	EXP 	window1: mouseVisible = True
90.9194 	EXP 	window1: mouseVisible = True
90.9194 	EXP 	window1: mouseVisible = True
90.9194 	EXP 	window1: mouseVisible = True
90.9195 	EXP 	window1: mouseVisible = True
90.9195 	EXP 	window1: mouseVisible = True
90.9195 	EXP 	window1: mouseVisible = True
90.9196 	EXP 	window1: mouseVisible = True
90.9196 	EXP 	window1: mouseVisible = True
90.9196 	EXP 	window1: mouseVisible = True
90.9196 	EXP 	window1: mouseVisible = True
90.9197 	EXP 	window1: mouseVisible = True
90.9197 	EXP 	window1: mouseVisible = True
90.9197 	EXP 	window1: mouseVisible = True
90.9198 	EXP 	window1: mouseVisible = True
90.9198 	EXP 	window1: mouseVisible = True
90.9198 	EXP 	window1: mouseVisible = True
90.9199 	EXP 	window1: mouseVisible = True
90.9199 	EXP 	window1: mouseVisible = True
90.9199 	EXP 	window1: mouseVisible = True
90.9199 	EXP 	window1: mouseVisible = True
90.9200 	EXP 	window1: mouseVisible = True
90.9200 	EXP 	window1: mouseVisible = True
90.9200 	EXP 	window1: mouseVisible = True
90.9201 	EXP 	window1: mouseVisible = True
90.9201 	EXP 	window1: mouseVisible = True
90.9201 	EXP 	window1: mouseVisible = True
90.9202 	EXP 	window1: mouseVisible = True
90.9202 	EXP 	window1: mouseVisible = True
90.9202 	EXP 	window1: mouseVisible = True
90.9202 	EXP 	window1: mouseVisible = True
90.9203 	EXP 	window1: mouseVisible = True
90.9203 	EXP 	window1: mouseVisible = True
90.9203 	EXP 	window1: mouseVisible = True
90.9204 	EXP 	window1: mouseVisible = True
90.9204 	EXP 	window1: mouseVisible = True
90.9204 	EXP 	window1: mouseVisible = True
90.9204 	EXP 	window1: mouseVisible = True
90.9205 	EXP 	window1: mouseVisible = True
90.9205 	EXP 	window1: mouseVisible = True
90.9205 	EXP 	window1: mouseVisible = True
90.9206 	EXP 	window1: mouseVisible = True
90.9206 	EXP 	window1: mouseVisible = True
90.9206 	EXP 	window1: mouseVisible = True
90.9207 	EXP 	window1: mouseVisible = True
90.9207 	EXP 	window1: mouseVisible = True
90.9207 	EXP 	window1: mouseVisible = True
90.9207 	EXP 	window1: mouseVisible = True
90.9208 	EXP 	window1: mouseVisible = True
90.9208 	EXP 	window1: mouseVisible = True
90.9208 	EXP 	window1: mouseVisible = True
90.9209 	EXP 	window1: mouseVisible = True
90.9209 	EXP 	window1: mouseVisible = True
90.9209 	EXP 	window1: mouseVisible = True
90.9210 	EXP 	window1: mouseVisible = True
90.9210 	EXP 	window1: mouseVisible = True
90.9210 	EXP 	window1: mouseVisible = True
90.9211 	EXP 	window1: mouseVisible = True
90.9211 	EXP 	window1: mouseVisible = True
90.9212 	EXP 	window1: mouseVisible = True
90.9212 	EXP 	window1: mouseVisible = True
90.9212 	EXP 	window1: mouseVisible = True
90.9213 	EXP 	window1: mouseVisible = True
90.9213 	EXP 	window1: mouseVisible = True
90.9213 	EXP 	window1: mouseVisible = True
90.9213 	EXP 	window1: mouseVisible = True
90.9214 	EXP 	window1: mouseVisible = True
90.9214 	EXP 	window1: mouseVisible = True
90.9214 	EXP 	window1: mouseVisible = True
90.9215 	EXP 	window1: mouseVisible = True
90.9215 	EXP 	window1: mouseVisible = True
90.9215 	EXP 	window1: mouseVisible = True
90.9216 	EXP 	window1: mouseVisible = True
90.9216 	EXP 	window1: mouseVisible = True
90.9216 	EXP 	window1: mouseVisible = True
90.9216 	EXP 	window1: mouseVisible = True
90.9217 	EXP 	window1: mouseVisible = True
90.9217 	EXP 	window1: mouseVisible = True
90.9217 	EXP 	window1: mouseVisible = True
90.9218 	EXP 	window1: mouseVisible = True
90.9218 	EXP 	window1: mouseVisible = True
90.9218 	EXP 	window1: mouseVisible = True
90.9218 	EXP 	window1: mouseVisible = True
90.9219 	EXP 	window1: mouseVisible = True
90.9219 	EXP 	window1: mouseVisible = True
90.9219 	EXP 	window1: mouseVisible = True
90.9220 	EXP 	window1: mouseVisible = True
90.9220 	EXP 	window1: mouseVisible = True
90.9220 	EXP 	window1: mouseVisible = True
90.9221 	EXP 	window1: mouseVisible = True
90.9221 	EXP 	window1: mouseVisible = True
90.9221 	EXP 	window1: mouseVisible = True
90.9221 	EXP 	window1: mouseVisible = True
90.9222 	EXP 	window1: mouseVisible = True
90.9222 	EXP 	window1: mouseVisible = True
90.9222 	EXP 	window1: mouseVisible = True
90.9223 	EXP 	window1: mouseVisible = True
90.9223 	EXP 	window1: mouseVisible = True
90.9223 	EXP 	window1: mouseVisible = True
90.9224 	EXP 	window1: mouseVisible = True
90.9224 	EXP 	window1: mouseVisible = True
90.9224 	EXP 	window1: mouseVisible = True
90.9224 	EXP 	window1: mouseVisible = True
90.9225 	EXP 	window1: mouseVisible = True
90.9225 	EXP 	window1: mouseVisible = True
90.9225 	EXP 	window1: mouseVisible = True
90.9226 	EXP 	window1: mouseVisible = True
90.9226 	EXP 	window1: mouseVisible = True
90.9226 	EXP 	window1: mouseVisible = True
90.9226 	EXP 	window1: mouseVisible = True
90.9227 	EXP 	window1: mouseVisible = True
90.9227 	EXP 	window1: mouseVisible = True
90.9227 	EXP 	window1: mouseVisible = True
90.9228 	EXP 	window1: mouseVisible = True
90.9228 	EXP 	window1: mouseVisible = True
90.9228 	EXP 	window1: mouseVisible = True
90.9229 	EXP 	window1: mouseVisible = True
90.9229 	EXP 	window1: mouseVisible = True
90.9229 	EXP 	window1: mouseVisible = True
90.9229 	EXP 	window1: mouseVisible = True
90.9230 	EXP 	window1: mouseVisible = True
90.9230 	EXP 	window1: mouseVisible = True
90.9230 	EXP 	window1: mouseVisible = True
90.9231 	EXP 	window1: mouseVisible = True
90.9231 	EXP 	window1: mouseVisible = True
90.9231 	EXP 	window1: mouseVisible = True
90.9231 	EXP 	window1: mouseVisible = True
90.9232 	EXP 	window1: mouseVisible = True
90.9232 	EXP 	window1: mouseVisible = True
90.9232 	EXP 	window1: mouseVisible = True
90.9233 	EXP 	window1: mouseVisible = True
90.9233 	EXP 	window1: mouseVisible = True
90.9233 	EXP 	window1: mouseVisible = True
90.9234 	EXP 	window1: mouseVisible = True
90.9234 	EXP 	window1: mouseVisible = True
90.9234 	EXP 	window1: mouseVisible = True
90.9234 	EXP 	window1: mouseVisible = True
90.9235 	EXP 	window1: mouseVisible = True
90.9235 	EXP 	window1: mouseVisible = True
90.9235 	EXP 	window1: mouseVisible = True
90.9236 	EXP 	window1: mouseVisible = True
90.9236 	EXP 	window1: mouseVisible = True
90.9236 	EXP 	window1: mouseVisible = True
90.9237 	EXP 	window1: mouseVisible = True
90.9237 	EXP 	window1: mouseVisible = True
90.9237 	EXP 	window1: mouseVisible = True
90.9237 	EXP 	window1: mouseVisible = True
90.9238 	EXP 	window1: mouseVisible = True
90.9238 	EXP 	window1: mouseVisible = True
90.9238 	EXP 	window1: mouseVisible = True
90.9239 	EXP 	window1: mouseVisible = True
90.9239 	EXP 	window1: mouseVisible = True
90.9239 	EXP 	window1: mouseVisible = True
90.9239 	EXP 	window1: mouseVisible = True
90.9240 	EXP 	window1: mouseVisible = True
90.9240 	EXP 	window1: mouseVisible = True
90.9240 	EXP 	window1: mouseVisible = True
90.9241 	EXP 	window1: mouseVisible = True
90.9241 	EXP 	window1: mouseVisible = True
90.9241 	EXP 	window1: mouseVisible = True
90.9242 	EXP 	window1: mouseVisible = True
90.9242 	EXP 	window1: mouseVisible = True
90.9242 	EXP 	window1: mouseVisible = True
90.9242 	EXP 	window1: mouseVisible = True
90.9243 	EXP 	window1: mouseVisible = True
90.9243 	EXP 	window1: mouseVisible = True
90.9243 	EXP 	window1: mouseVisible = True
90.9244 	EXP 	window1: mouseVisible = True
90.9244 	EXP 	window1: mouseVisible = True
90.9244 	EXP 	window1: mouseVisible = True
90.9245 	EXP 	window1: mouseVisible = True
90.9245 	EXP 	window1: mouseVisible = True
90.9245 	EXP 	window1: mouseVisible = True
90.9245 	EXP 	window1: mouseVisible = True
90.9246 	EXP 	window1: mouseVisible = True
90.9246 	EXP 	window1: mouseVisible = True
90.9246 	EXP 	window1: mouseVisible = True
90.9247 	EXP 	window1: mouseVisible = True
90.9247 	EXP 	window1: mouseVisible = True
90.9247 	EXP 	window1: mouseVisible = True
90.9247 	EXP 	window1: mouseVisible = True
90.9248 	EXP 	window1: mouseVisible = True
90.9248 	EXP 	window1: mouseVisible = True
90.9248 	EXP 	window1: mouseVisible = True
90.9249 	EXP 	window1: mouseVisible = True
90.9249 	EXP 	window1: mouseVisible = True
90.9249 	EXP 	window1: mouseVisible = True
90.9250 	EXP 	window1: mouseVisible = True
90.9250 	EXP 	window1: mouseVisible = True
90.9250 	EXP 	window1: mouseVisible = True
90.9250 	EXP 	window1: mouseVisible = True
90.9251 	EXP 	window1: mouseVisible = True
90.9251 	EXP 	window1: mouseVisible = True
90.9251 	EXP 	window1: mouseVisible = True
90.9252 	EXP 	window1: mouseVisible = True
90.9252 	EXP 	window1: mouseVisible = True
90.9252 	EXP 	window1: mouseVisible = True
90.9253 	EXP 	window1: mouseVisible = True
90.9253 	EXP 	window1: mouseVisible = True
90.9253 	EXP 	window1: mouseVisible = True
90.9253 	EXP 	window1: mouseVisible = True
90.9254 	EXP 	window1: mouseVisible = True
90.9254 	EXP 	window1: mouseVisible = True
90.9254 	EXP 	window1: mouseVisible = True
90.9255 	EXP 	window1: mouseVisible = True
90.9255 	EXP 	window1: mouseVisible = True
90.9255 	EXP 	window1: mouseVisible = True
90.9255 	EXP 	window1: mouseVisible = True
90.9256 	EXP 	window1: mouseVisible = True
90.9256 	EXP 	window1: mouseVisible = True
90.9256 	EXP 	window1: mouseVisible = True
90.9257 	EXP 	window1: mouseVisible = True
90.9257 	EXP 	window1: mouseVisible = True
90.9258 	EXP 	window1: mouseVisible = True
90.9258 	EXP 	window1: mouseVisible = True
90.9258 	EXP 	window1: mouseVisible = True
90.9259 	EXP 	window1: mouseVisible = True
90.9259 	EXP 	window1: mouseVisible = True
90.9259 	EXP 	window1: mouseVisible = True
90.9260 	EXP 	window1: mouseVisible = True
90.9260 	EXP 	window1: mouseVisible = True
90.9260 	EXP 	window1: mouseVisible = True
90.9260 	EXP 	window1: mouseVisible = True
90.9261 	EXP 	window1: mouseVisible = True
90.9261 	EXP 	window1: mouseVisible = True
90.9261 	EXP 	window1: mouseVisible = True
90.9262 	EXP 	window1: mouseVisible = True
90.9262 	EXP 	window1: mouseVisible = True
90.9262 	EXP 	window1: mouseVisible = True
90.9263 	EXP 	window1: mouseVisible = True
90.9263 	EXP 	window1: mouseVisible = True
90.9263 	EXP 	window1: mouseVisible = True
90.9263 	EXP 	window1: mouseVisible = True
90.9264 	EXP 	window1: mouseVisible = True
90.9264 	EXP 	window1: mouseVisible = True
90.9264 	EXP 	window1: mouseVisible = True
90.9265 	EXP 	window1: mouseVisible = True
90.9265 	EXP 	window1: mouseVisible = True
90.9265 	EXP 	window1: mouseVisible = True
90.9266 	EXP 	window1: mouseVisible = True
90.9266 	EXP 	window1: mouseVisible = True
90.9266 	EXP 	window1: mouseVisible = True
90.9266 	EXP 	window1: mouseVisible = True
90.9267 	EXP 	window1: mouseVisible = True
90.9267 	EXP 	window1: mouseVisible = True
90.9267 	EXP 	window1: mouseVisible = True
90.9268 	EXP 	window1: mouseVisible = True
90.9268 	EXP 	window1: mouseVisible = True
90.9268 	EXP 	window1: mouseVisible = True
90.9269 	EXP 	window1: mouseVisible = True
90.9269 	EXP 	window1: mouseVisible = True
90.9269 	EXP 	window1: mouseVisible = True
90.9270 	EXP 	window1: mouseVisible = True
90.9270 	EXP 	window1: mouseVisible = True
90.9270 	EXP 	window1: mouseVisible = True
90.9271 	EXP 	window1: mouseVisible = True
90.9271 	EXP 	window1: mouseVisible = True
90.9271 	EXP 	window1: mouseVisible = True
90.9271 	EXP 	window1: mouseVisible = True
90.9272 	EXP 	window1: mouseVisible = True
90.9272 	EXP 	window1: mouseVisible = True
90.9272 	EXP 	window1: mouseVisible = True
90.9273 	EXP 	window1: mouseVisible = True
90.9273 	EXP 	window1: mouseVisible = True
90.9273 	EXP 	window1: mouseVisible = True
90.9274 	EXP 	window1: mouseVisible = True
90.9274 	EXP 	window1: mouseVisible = True
90.9274 	EXP 	window1: mouseVisible = True
90.9274 	EXP 	window1: mouseVisible = True
90.9275 	EXP 	window1: mouseVisible = True
90.9275 	EXP 	window1: mouseVisible = True
90.9275 	EXP 	window1: mouseVisible = True
90.9276 	EXP 	window1: mouseVisible = True
90.9276 	EXP 	window1: mouseVisible = True
90.9276 	EXP 	window1: mouseVisible = True
90.9277 	EXP 	window1: mouseVisible = True
90.9277 	EXP 	window1: mouseVisible = True
90.9277 	EXP 	window1: mouseVisible = True
90.9277 	EXP 	window1: mouseVisible = True
90.9278 	EXP 	window1: mouseVisible = True
90.9278 	EXP 	window1: mouseVisible = True
90.9278 	EXP 	window1: mouseVisible = True
90.9279 	EXP 	window1: mouseVisible = True
90.9279 	EXP 	window1: mouseVisible = True
90.9279 	EXP 	window1: mouseVisible = True
90.9280 	EXP 	window1: mouseVisible = True
90.9280 	EXP 	window1: mouseVisible = True
90.9280 	EXP 	window1: mouseVisible = True
90.9281 	EXP 	window1: mouseVisible = True
90.9281 	EXP 	window1: mouseVisible = True
90.9281 	EXP 	window1: mouseVisible = True
90.9281 	EXP 	window1: mouseVisible = True
90.9282 	EXP 	window1: mouseVisible = True
90.9282 	EXP 	window1: mouseVisible = True
90.9282 	EXP 	window1: mouseVisible = True
90.9283 	EXP 	window1: mouseVisible = True
90.9283 	EXP 	window1: mouseVisible = True
90.9283 	EXP 	window1: mouseVisible = True
90.9284 	EXP 	window1: mouseVisible = True
90.9284 	EXP 	window1: mouseVisible = True
90.9284 	EXP 	window1: mouseVisible = True
90.9284 	EXP 	window1: mouseVisible = True
90.9285 	EXP 	window1: mouseVisible = True
90.9285 	EXP 	window1: mouseVisible = True
90.9285 	EXP 	window1: mouseVisible = True
90.9286 	EXP 	window1: mouseVisible = True
90.9286 	EXP 	window1: mouseVisible = True
90.9286 	EXP 	window1: mouseVisible = True
90.9287 	EXP 	window1: mouseVisible = True
90.9287 	EXP 	window1: mouseVisible = True
90.9287 	EXP 	window1: mouseVisible = True
90.9287 	EXP 	window1: mouseVisible = True
90.9288 	EXP 	window1: mouseVisible = True
90.9288 	EXP 	window1: mouseVisible = True
90.9288 	EXP 	window1: mouseVisible = True
90.9289 	EXP 	window1: mouseVisible = True
90.9289 	EXP 	window1: mouseVisible = True
90.9289 	EXP 	window1: mouseVisible = True
90.9290 	EXP 	window1: mouseVisible = True
90.9290 	EXP 	window1: mouseVisible = True
90.9290 	EXP 	window1: mouseVisible = True
90.9290 	EXP 	window1: mouseVisible = True
90.9291 	EXP 	window1: mouseVisible = True
90.9291 	EXP 	window1: mouseVisible = True
90.9291 	EXP 	window1: mouseVisible = True
90.9292 	EXP 	window1: mouseVisible = True
90.9292 	EXP 	window1: mouseVisible = True
90.9292 	EXP 	window1: mouseVisible = True
90.9293 	EXP 	window1: mouseVisible = True
90.9293 	EXP 	window1: mouseVisible = True
90.9293 	EXP 	window1: mouseVisible = True
90.9293 	EXP 	window1: mouseVisible = True
90.9294 	EXP 	window1: mouseVisible = True
90.9294 	EXP 	window1: mouseVisible = True
90.9294 	EXP 	window1: mouseVisible = True
90.9295 	EXP 	window1: mouseVisible = True
90.9295 	EXP 	window1: mouseVisible = True
90.9295 	EXP 	window1: mouseVisible = True
90.9296 	EXP 	window1: mouseVisible = True
90.9296 	EXP 	window1: mouseVisible = True
90.9296 	EXP 	window1: mouseVisible = True
90.9297 	EXP 	window1: mouseVisible = True
90.9297 	EXP 	window1: mouseVisible = True
90.9297 	EXP 	window1: mouseVisible = True
90.9297 	EXP 	window1: mouseVisible = True
90.9298 	EXP 	window1: mouseVisible = True
90.9298 	EXP 	window1: mouseVisible = True
90.9298 	EXP 	window1: mouseVisible = True
90.9299 	EXP 	window1: mouseVisible = True
90.9299 	EXP 	window1: mouseVisible = True
90.9299 	EXP 	window1: mouseVisible = True
90.9300 	EXP 	window1: mouseVisible = True
90.9300 	EXP 	window1: mouseVisible = True
90.9300 	EXP 	window1: mouseVisible = True
90.9300 	EXP 	window1: mouseVisible = True
90.9301 	EXP 	window1: mouseVisible = True
90.9301 	EXP 	window1: mouseVisible = True
90.9301 	EXP 	window1: mouseVisible = True
90.9302 	EXP 	window1: mouseVisible = True
90.9302 	EXP 	window1: mouseVisible = True
90.9302 	EXP 	window1: mouseVisible = True
90.9303 	EXP 	window1: mouseVisible = True
90.9303 	EXP 	window1: mouseVisible = True
90.9303 	EXP 	window1: mouseVisible = True
90.9303 	EXP 	window1: mouseVisible = True
90.9304 	EXP 	window1: mouseVisible = True
90.9304 	EXP 	window1: mouseVisible = True
90.9304 	EXP 	window1: mouseVisible = True
90.9305 	EXP 	window1: mouseVisible = True
90.9305 	EXP 	window1: mouseVisible = True
90.9306 	EXP 	window1: mouseVisible = True
90.9306 	EXP 	window1: mouseVisible = True
90.9306 	EXP 	window1: mouseVisible = True
90.9306 	EXP 	window1: mouseVisible = True
90.9307 	EXP 	window1: mouseVisible = True
90.9307 	EXP 	window1: mouseVisible = True
90.9307 	EXP 	window1: mouseVisible = True
90.9308 	EXP 	window1: mouseVisible = True
90.9308 	EXP 	window1: mouseVisible = True
90.9308 	EXP 	window1: mouseVisible = True
90.9309 	EXP 	window1: mouseVisible = True
90.9309 	EXP 	window1: mouseVisible = True
90.9309 	EXP 	window1: mouseVisible = True
90.9310 	EXP 	window1: mouseVisible = True
90.9310 	EXP 	window1: mouseVisible = True
90.9310 	EXP 	window1: mouseVisible = True
90.9310 	EXP 	window1: mouseVisible = True
90.9311 	EXP 	window1: mouseVisible = True
90.9311 	EXP 	window1: mouseVisible = True
90.9311 	EXP 	window1: mouseVisible = True
90.9312 	EXP 	window1: mouseVisible = True
90.9312 	EXP 	window1: mouseVisible = True
90.9312 	EXP 	window1: mouseVisible = True
90.9313 	EXP 	window1: mouseVisible = True
90.9313 	EXP 	window1: mouseVisible = True
90.9313 	EXP 	window1: mouseVisible = True
90.9313 	EXP 	window1: mouseVisible = True
90.9314 	EXP 	window1: mouseVisible = True
90.9314 	EXP 	window1: mouseVisible = True
90.9314 	EXP 	window1: mouseVisible = True
90.9315 	EXP 	window1: mouseVisible = True
90.9315 	EXP 	window1: mouseVisible = True
90.9315 	EXP 	window1: mouseVisible = True
90.9316 	EXP 	window1: mouseVisible = True
90.9316 	EXP 	window1: mouseVisible = True
90.9316 	EXP 	window1: mouseVisible = True
90.9316 	EXP 	window1: mouseVisible = True
90.9317 	EXP 	window1: mouseVisible = True
90.9317 	EXP 	window1: mouseVisible = True
90.9317 	EXP 	window1: mouseVisible = True
90.9318 	EXP 	window1: mouseVisible = True
90.9318 	EXP 	window1: mouseVisible = True
90.9318 	EXP 	window1: mouseVisible = True
90.9319 	EXP 	window1: mouseVisible = True
90.9319 	EXP 	window1: mouseVisible = True
90.9319 	EXP 	window1: mouseVisible = True
90.9319 	EXP 	window1: mouseVisible = True
90.9320 	EXP 	window1: mouseVisible = True
90.9320 	EXP 	window1: mouseVisible = True
90.9320 	EXP 	window1: mouseVisible = True
90.9321 	EXP 	window1: mouseVisible = True
90.9321 	EXP 	window1: mouseVisible = True
90.9321 	EXP 	window1: mouseVisible = True
90.9322 	EXP 	window1: mouseVisible = True
90.9322 	EXP 	window1: mouseVisible = True
90.9322 	EXP 	window1: mouseVisible = True
90.9323 	EXP 	window1: mouseVisible = True
90.9323 	EXP 	window1: mouseVisible = True
90.9323 	EXP 	window1: mouseVisible = True
90.9323 	EXP 	window1: mouseVisible = True
90.9324 	EXP 	window1: mouseVisible = True
90.9324 	EXP 	window1: mouseVisible = True
90.9324 	EXP 	window1: mouseVisible = True
90.9325 	EXP 	window1: mouseVisible = True
90.9325 	EXP 	window1: mouseVisible = True
90.9325 	EXP 	window1: mouseVisible = True
90.9326 	EXP 	window1: mouseVisible = True
90.9326 	EXP 	window1: mouseVisible = True
90.9326 	EXP 	window1: mouseVisible = True
90.9326 	EXP 	window1: mouseVisible = True
90.9327 	EXP 	window1: mouseVisible = True
90.9327 	EXP 	window1: mouseVisible = True
90.9327 	EXP 	window1: mouseVisible = True
90.9328 	EXP 	window1: mouseVisible = True
90.9328 	EXP 	window1: mouseVisible = True
90.9328 	EXP 	window1: mouseVisible = True
90.9329 	EXP 	window1: mouseVisible = True
90.9329 	EXP 	window1: mouseVisible = True
90.9329 	EXP 	window1: mouseVisible = True
90.9329 	EXP 	window1: mouseVisible = True
90.9330 	EXP 	window1: mouseVisible = True
90.9330 	EXP 	window1: mouseVisible = True
90.9330 	EXP 	window1: mouseVisible = True
90.9331 	EXP 	window1: mouseVisible = True
90.9331 	EXP 	window1: mouseVisible = True
90.9331 	EXP 	window1: mouseVisible = True
90.9332 	EXP 	window1: mouseVisible = True
90.9332 	EXP 	window1: mouseVisible = True
90.9332 	EXP 	window1: mouseVisible = True
90.9332 	EXP 	window1: mouseVisible = True
90.9333 	EXP 	window1: mouseVisible = True
90.9333 	EXP 	window1: mouseVisible = True
90.9333 	EXP 	window1: mouseVisible = True
90.9334 	EXP 	window1: mouseVisible = True
90.9334 	EXP 	window1: mouseVisible = True
90.9334 	EXP 	window1: mouseVisible = True
90.9335 	EXP 	window1: mouseVisible = True
90.9335 	EXP 	window1: mouseVisible = True
90.9335 	EXP 	window1: mouseVisible = True
90.9336 	EXP 	window1: mouseVisible = True
90.9336 	EXP 	window1: mouseVisible = True
90.9336 	EXP 	window1: mouseVisible = True
90.9336 	EXP 	window1: mouseVisible = True
90.9337 	EXP 	window1: mouseVisible = True
90.9337 	EXP 	window1: mouseVisible = True
90.9337 	EXP 	window1: mouseVisible = True
90.9338 	EXP 	window1: mouseVisible = True
90.9338 	EXP 	window1: mouseVisible = True
90.9338 	EXP 	window1: mouseVisible = True
90.9339 	EXP 	window1: mouseVisible = True
90.9339 	EXP 	window1: mouseVisible = True
90.9339 	EXP 	window1: mouseVisible = True
90.9340 	EXP 	window1: mouseVisible = True
90.9340 	EXP 	window1: mouseVisible = True
90.9340 	EXP 	window1: mouseVisible = True
90.9340 	EXP 	window1: mouseVisible = True
90.9341 	EXP 	window1: mouseVisible = True
90.9341 	EXP 	window1: mouseVisible = True
90.9341 	EXP 	window1: mouseVisible = True
90.9342 	EXP 	window1: mouseVisible = True
90.9342 	EXP 	window1: mouseVisible = True
90.9342 	EXP 	window1: mouseVisible = True
90.9343 	EXP 	window1: mouseVisible = True
90.9343 	EXP 	window1: mouseVisible = True
90.9343 	EXP 	window1: mouseVisible = True
90.9344 	EXP 	window1: mouseVisible = True
90.9344 	EXP 	window1: mouseVisible = True
90.9344 	EXP 	window1: mouseVisible = True
90.9344 	EXP 	window1: mouseVisible = True
90.9345 	EXP 	window1: mouseVisible = True
90.9345 	EXP 	window1: mouseVisible = True
90.9345 	EXP 	window1: mouseVisible = True
90.9346 	EXP 	window1: mouseVisible = True
90.9346 	EXP 	window1: mouseVisible = True
90.9346 	EXP 	window1: mouseVisible = True
90.9347 	EXP 	window1: mouseVisible = True
90.9347 	EXP 	window1: mouseVisible = True
90.9347 	EXP 	window1: mouseVisible = True
90.9347 	EXP 	window1: mouseVisible = True
90.9348 	EXP 	window1: mouseVisible = True
90.9348 	EXP 	window1: mouseVisible = True
90.9348 	EXP 	window1: mouseVisible = True
90.9349 	EXP 	window1: mouseVisible = True
90.9349 	EXP 	window1: mouseVisible = True
90.9349 	EXP 	window1: mouseVisible = True
90.9350 	EXP 	window1: mouseVisible = True
90.9350 	EXP 	window1: mouseVisible = True
90.9350 	EXP 	window1: mouseVisible = True
90.9350 	EXP 	window1: mouseVisible = True
90.9351 	EXP 	window1: mouseVisible = True
90.9351 	EXP 	window1: mouseVisible = True
90.9351 	EXP 	window1: mouseVisible = True
90.9352 	EXP 	window1: mouseVisible = True
90.9352 	EXP 	window1: mouseVisible = True
90.9352 	EXP 	window1: mouseVisible = True
90.9353 	EXP 	window1: mouseVisible = True
90.9353 	EXP 	window1: mouseVisible = True
90.9354 	EXP 	window1: mouseVisible = True
90.9354 	EXP 	window1: mouseVisible = True
90.9354 	EXP 	window1: mouseVisible = True
90.9354 	EXP 	window1: mouseVisible = True
90.9355 	EXP 	window1: mouseVisible = True
90.9355 	EXP 	window1: mouseVisible = True
90.9355 	EXP 	window1: mouseVisible = True
90.9356 	EXP 	window1: mouseVisible = True
90.9356 	EXP 	window1: mouseVisible = True
90.9356 	EXP 	window1: mouseVisible = True
90.9357 	EXP 	window1: mouseVisible = True
90.9357 	EXP 	window1: mouseVisible = True
90.9357 	EXP 	window1: mouseVisible = True
90.9357 	EXP 	window1: mouseVisible = True
90.9358 	EXP 	window1: mouseVisible = True
90.9358 	EXP 	window1: mouseVisible = True
90.9358 	EXP 	window1: mouseVisible = True
90.9359 	EXP 	window1: mouseVisible = True
90.9359 	EXP 	window1: mouseVisible = True
90.9359 	EXP 	window1: mouseVisible = True
90.9360 	EXP 	window1: mouseVisible = True
90.9360 	EXP 	window1: mouseVisible = True
90.9360 	EXP 	window1: mouseVisible = True
90.9360 	EXP 	window1: mouseVisible = True
90.9361 	EXP 	window1: mouseVisible = True
90.9361 	EXP 	window1: mouseVisible = True
90.9361 	EXP 	window1: mouseVisible = True
90.9362 	EXP 	window1: mouseVisible = True
90.9362 	EXP 	window1: mouseVisible = True
90.9362 	EXP 	window1: mouseVisible = True
90.9363 	EXP 	window1: mouseVisible = True
90.9363 	EXP 	window1: mouseVisible = True
90.9363 	EXP 	window1: mouseVisible = True
90.9364 	EXP 	window1: mouseVisible = True
90.9364 	EXP 	window1: mouseVisible = True
90.9364 	EXP 	window1: mouseVisible = True
90.9365 	EXP 	window1: mouseVisible = True
90.9365 	EXP 	window1: mouseVisible = True
90.9365 	EXP 	window1: mouseVisible = True
90.9366 	EXP 	window1: mouseVisible = True
90.9366 	EXP 	window1: mouseVisible = True
90.9367 	EXP 	window1: mouseVisible = True
90.9367 	EXP 	window1: mouseVisible = True
90.9367 	EXP 	window1: mouseVisible = True
90.9367 	EXP 	window1: mouseVisible = True
90.9368 	EXP 	window1: mouseVisible = True
90.9368 	EXP 	window1: mouseVisible = True
90.9368 	EXP 	window1: mouseVisible = True
90.9369 	EXP 	window1: mouseVisible = True
90.9369 	EXP 	window1: mouseVisible = True
90.9369 	EXP 	window1: mouseVisible = True
90.9370 	EXP 	window1: mouseVisible = True
90.9370 	EXP 	window1: mouseVisible = True
90.9370 	EXP 	window1: mouseVisible = True
90.9371 	EXP 	window1: mouseVisible = True
90.9371 	EXP 	window1: mouseVisible = True
90.9371 	EXP 	window1: mouseVisible = True
90.9371 	EXP 	window1: mouseVisible = True
90.9372 	EXP 	window1: mouseVisible = True
90.9372 	EXP 	window1: mouseVisible = True
90.9372 	EXP 	window1: mouseVisible = True
90.9373 	EXP 	window1: mouseVisible = True
90.9373 	EXP 	window1: mouseVisible = True
90.9373 	EXP 	window1: mouseVisible = True
90.9374 	EXP 	window1: mouseVisible = True
90.9374 	EXP 	window1: mouseVisible = True
90.9374 	EXP 	window1: mouseVisible = True
90.9374 	EXP 	window1: mouseVisible = True
90.9375 	EXP 	window1: mouseVisible = True
90.9375 	EXP 	window1: mouseVisible = True
90.9375 	EXP 	window1: mouseVisible = True
90.9376 	EXP 	window1: mouseVisible = True
90.9376 	EXP 	window1: mouseVisible = True
90.9376 	EXP 	window1: mouseVisible = True
90.9377 	EXP 	window1: mouseVisible = True
90.9377 	EXP 	window1: mouseVisible = True
90.9377 	EXP 	window1: mouseVisible = True
90.9378 	EXP 	window1: mouseVisible = True
90.9378 	EXP 	window1: mouseVisible = True
90.9378 	EXP 	window1: mouseVisible = True
90.9379 	EXP 	window1: mouseVisible = True
90.9379 	EXP 	window1: mouseVisible = True
90.9379 	EXP 	window1: mouseVisible = True
90.9379 	EXP 	window1: mouseVisible = True
90.9380 	EXP 	window1: mouseVisible = True
90.9380 	EXP 	window1: mouseVisible = True
90.9380 	EXP 	window1: mouseVisible = True
90.9381 	EXP 	window1: mouseVisible = True
90.9381 	EXP 	window1: mouseVisible = True
90.9381 	EXP 	window1: mouseVisible = True
90.9382 	EXP 	window1: mouseVisible = True
90.9382 	EXP 	window1: mouseVisible = True
90.9382 	EXP 	window1: mouseVisible = True
90.9382 	EXP 	window1: mouseVisible = True
90.9383 	EXP 	window1: mouseVisible = True
90.9383 	EXP 	window1: mouseVisible = True
90.9383 	EXP 	window1: mouseVisible = True
90.9384 	EXP 	window1: mouseVisible = True
90.9384 	EXP 	window1: mouseVisible = True
90.9384 	EXP 	window1: mouseVisible = True
90.9385 	EXP 	window1: mouseVisible = True
90.9385 	EXP 	window1: mouseVisible = True
90.9385 	EXP 	window1: mouseVisible = True
90.9386 	EXP 	window1: mouseVisible = True
90.9386 	EXP 	window1: mouseVisible = True
90.9386 	EXP 	window1: mouseVisible = True
90.9387 	EXP 	window1: mouseVisible = True
90.9387 	EXP 	window1: mouseVisible = True
90.9387 	EXP 	window1: mouseVisible = True
90.9387 	EXP 	window1: mouseVisible = True
90.9388 	EXP 	window1: mouseVisible = True
90.9388 	EXP 	window1: mouseVisible = True
90.9388 	EXP 	window1: mouseVisible = True
90.9389 	EXP 	window1: mouseVisible = True
90.9389 	EXP 	window1: mouseVisible = True
90.9389 	EXP 	window1: mouseVisible = True
90.9390 	EXP 	window1: mouseVisible = True
90.9390 	EXP 	window1: mouseVisible = True
90.9390 	EXP 	window1: mouseVisible = True
90.9390 	EXP 	window1: mouseVisible = True
90.9391 	EXP 	window1: mouseVisible = True
90.9391 	EXP 	window1: mouseVisible = True
90.9391 	EXP 	window1: mouseVisible = True
90.9392 	EXP 	window1: mouseVisible = True
90.9392 	EXP 	window1: mouseVisible = True
90.9392 	EXP 	window1: mouseVisible = True
90.9393 	EXP 	window1: mouseVisible = True
90.9393 	EXP 	window1: mouseVisible = True
90.9393 	EXP 	window1: mouseVisible = True
90.9394 	EXP 	window1: mouseVisible = True
90.9394 	EXP 	window1: mouseVisible = True
90.9394 	EXP 	window1: mouseVisible = True
90.9395 	EXP 	window1: mouseVisible = True
90.9395 	EXP 	window1: mouseVisible = True
90.9395 	EXP 	window1: mouseVisible = True
90.9395 	EXP 	window1: mouseVisible = True
90.9396 	EXP 	window1: mouseVisible = True
90.9396 	EXP 	window1: mouseVisible = True
90.9396 	EXP 	window1: mouseVisible = True
90.9397 	EXP 	window1: mouseVisible = True
90.9397 	EXP 	window1: mouseVisible = True
90.9398 	EXP 	window1: mouseVisible = True
90.9398 	EXP 	window1: mouseVisible = True
90.9398 	EXP 	window1: mouseVisible = True
90.9399 	EXP 	window1: mouseVisible = True
90.9399 	EXP 	window1: mouseVisible = True
90.9399 	EXP 	window1: mouseVisible = True
90.9399 	EXP 	window1: mouseVisible = True
90.9400 	EXP 	window1: mouseVisible = True
90.9400 	EXP 	window1: mouseVisible = True
90.9400 	EXP 	window1: mouseVisible = True
90.9401 	EXP 	window1: mouseVisible = True
90.9401 	EXP 	window1: mouseVisible = True
90.9401 	EXP 	window1: mouseVisible = True
90.9402 	EXP 	window1: mouseVisible = True
90.9402 	EXP 	window1: mouseVisible = True
90.9403 	EXP 	window1: mouseVisible = True
90.9403 	EXP 	window1: mouseVisible = True
90.9403 	EXP 	window1: mouseVisible = True
90.9403 	EXP 	window1: mouseVisible = True
90.9404 	EXP 	window1: mouseVisible = True
90.9404 	EXP 	window1: mouseVisible = True
90.9404 	EXP 	window1: mouseVisible = True
90.9405 	EXP 	window1: mouseVisible = True
90.9405 	EXP 	window1: mouseVisible = True
90.9405 	EXP 	window1: mouseVisible = True
90.9406 	EXP 	window1: mouseVisible = True
90.9406 	EXP 	window1: mouseVisible = True
90.9406 	EXP 	window1: mouseVisible = True
90.9406 	EXP 	window1: mouseVisible = True
90.9407 	EXP 	window1: mouseVisible = True
90.9407 	EXP 	window1: mouseVisible = True
90.9407 	EXP 	window1: mouseVisible = True
90.9408 	EXP 	window1: mouseVisible = True
90.9408 	EXP 	window1: mouseVisible = True
90.9408 	EXP 	window1: mouseVisible = True
90.9409 	EXP 	window1: mouseVisible = True
90.9409 	EXP 	window1: mouseVisible = True
90.9409 	EXP 	window1: mouseVisible = True
90.9409 	EXP 	window1: mouseVisible = True
90.9410 	EXP 	window1: mouseVisible = True
90.9410 	EXP 	window1: mouseVisible = True
90.9410 	EXP 	window1: mouseVisible = True
90.9411 	EXP 	window1: mouseVisible = True
90.9411 	EXP 	window1: mouseVisible = True
90.9411 	EXP 	window1: mouseVisible = True
90.9412 	EXP 	window1: mouseVisible = True
90.9412 	EXP 	window1: mouseVisible = True
90.9412 	EXP 	window1: mouseVisible = True
90.9412 	EXP 	window1: mouseVisible = True
90.9413 	EXP 	window1: mouseVisible = True
90.9413 	EXP 	window1: mouseVisible = True
90.9413 	EXP 	window1: mouseVisible = True
90.9414 	EXP 	window1: mouseVisible = True
90.9414 	EXP 	window1: mouseVisible = True
90.9414 	EXP 	window1: mouseVisible = True
90.9415 	EXP 	window1: mouseVisible = True
90.9415 	EXP 	window1: mouseVisible = True
90.9415 	EXP 	window1: mouseVisible = True
90.9415 	EXP 	window1: mouseVisible = True
90.9416 	EXP 	window1: mouseVisible = True
90.9416 	EXP 	window1: mouseVisible = True
90.9416 	EXP 	window1: mouseVisible = True
90.9417 	EXP 	window1: mouseVisible = True
90.9417 	EXP 	window1: mouseVisible = True
90.9417 	EXP 	window1: mouseVisible = True
90.9418 	EXP 	window1: mouseVisible = True
90.9418 	EXP 	window1: mouseVisible = True
90.9418 	EXP 	window1: mouseVisible = True
90.9419 	EXP 	window1: mouseVisible = True
90.9419 	EXP 	window1: mouseVisible = True
90.9419 	EXP 	window1: mouseVisible = True
90.9420 	EXP 	window1: mouseVisible = True
90.9420 	EXP 	window1: mouseVisible = True
90.9420 	EXP 	window1: mouseVisible = True
90.9420 	EXP 	window1: mouseVisible = True
90.9421 	EXP 	window1: mouseVisible = True
90.9421 	EXP 	window1: mouseVisible = True
90.9421 	EXP 	window1: mouseVisible = True
90.9422 	EXP 	window1: mouseVisible = True
90.9422 	EXP 	window1: mouseVisible = True
90.9422 	EXP 	window1: mouseVisible = True
90.9423 	EXP 	window1: mouseVisible = True
90.9423 	EXP 	window1: mouseVisible = True
90.9423 	EXP 	window1: mouseVisible = True
90.9423 	EXP 	window1: mouseVisible = True
90.9424 	EXP 	window1: mouseVisible = True
90.9424 	EXP 	window1: mouseVisible = True
90.9424 	EXP 	window1: mouseVisible = True
90.9425 	EXP 	window1: mouseVisible = True
90.9425 	EXP 	window1: mouseVisible = True
90.9425 	EXP 	window1: mouseVisible = True
90.9426 	EXP 	window1: mouseVisible = True
90.9426 	EXP 	window1: mouseVisible = True
90.9426 	EXP 	window1: mouseVisible = True
90.9427 	EXP 	window1: mouseVisible = True
90.9427 	EXP 	window1: mouseVisible = True
90.9427 	EXP 	window1: mouseVisible = True
90.9428 	EXP 	window1: mouseVisible = True
90.9428 	EXP 	window1: mouseVisible = True
90.9428 	EXP 	window1: mouseVisible = True
90.9429 	EXP 	window1: mouseVisible = True
90.9429 	EXP 	window1: mouseVisible = True
90.9429 	EXP 	window1: mouseVisible = True
90.9429 	EXP 	window1: mouseVisible = True
90.9430 	EXP 	window1: mouseVisible = True
90.9430 	EXP 	window1: mouseVisible = True
90.9430 	EXP 	window1: mouseVisible = True
90.9431 	EXP 	window1: mouseVisible = True
90.9431 	EXP 	window1: mouseVisible = True
90.9431 	EXP 	window1: mouseVisible = True
90.9432 	EXP 	window1: mouseVisible = True
90.9432 	EXP 	window1: mouseVisible = True
90.9432 	EXP 	window1: mouseVisible = True
90.9433 	EXP 	window1: mouseVisible = True
90.9433 	EXP 	window1: mouseVisible = True
90.9433 	EXP 	window1: mouseVisible = True
90.9433 	EXP 	window1: mouseVisible = True
90.9434 	EXP 	window1: mouseVisible = True
90.9434 	EXP 	window1: mouseVisible = True
90.9434 	EXP 	window1: mouseVisible = True
90.9435 	EXP 	window1: mouseVisible = True
90.9435 	EXP 	window1: mouseVisible = True
90.9435 	EXP 	window1: mouseVisible = True
90.9436 	EXP 	window1: mouseVisible = True
90.9436 	EXP 	window1: mouseVisible = True
90.9436 	EXP 	window1: mouseVisible = True
90.9436 	EXP 	window1: mouseVisible = True
90.9437 	EXP 	window1: mouseVisible = True
90.9437 	EXP 	window1: mouseVisible = True
90.9437 	EXP 	window1: mouseVisible = True
90.9438 	EXP 	window1: mouseVisible = True
90.9438 	EXP 	window1: mouseVisible = True
90.9438 	EXP 	window1: mouseVisible = True
90.9439 	EXP 	window1: mouseVisible = True
90.9439 	EXP 	window1: mouseVisible = True
90.9439 	EXP 	window1: mouseVisible = True
90.9440 	EXP 	window1: mouseVisible = True
90.9440 	EXP 	window1: mouseVisible = True
90.9440 	EXP 	window1: mouseVisible = True
90.9440 	EXP 	window1: mouseVisible = True
90.9441 	EXP 	window1: mouseVisible = True
90.9441 	EXP 	window1: mouseVisible = True
90.9441 	EXP 	window1: mouseVisible = True
90.9442 	EXP 	window1: mouseVisible = True
90.9442 	EXP 	window1: mouseVisible = True
90.9442 	EXP 	window1: mouseVisible = True
90.9443 	EXP 	window1: mouseVisible = True
90.9443 	EXP 	window1: mouseVisible = True
90.9443 	EXP 	window1: mouseVisible = True
90.9443 	EXP 	window1: mouseVisible = True
90.9444 	EXP 	window1: mouseVisible = True
90.9444 	EXP 	window1: mouseVisible = True
90.9444 	EXP 	window1: mouseVisible = True
90.9445 	EXP 	window1: mouseVisible = True
90.9445 	EXP 	window1: mouseVisible = True
90.9445 	EXP 	window1: mouseVisible = True
90.9446 	EXP 	window1: mouseVisible = True
90.9446 	EXP 	window1: mouseVisible = True
90.9446 	EXP 	window1: mouseVisible = True
90.9447 	EXP 	window1: mouseVisible = True
90.9447 	EXP 	window1: mouseVisible = True
90.9447 	EXP 	window1: mouseVisible = True
90.9447 	EXP 	window1: mouseVisible = True
90.9448 	EXP 	window1: mouseVisible = True
90.9448 	EXP 	window1: mouseVisible = True
90.9448 	EXP 	window1: mouseVisible = True
90.9449 	EXP 	window1: mouseVisible = True
90.9449 	EXP 	window1: mouseVisible = True
90.9449 	EXP 	window1: mouseVisible = True
90.9450 	EXP 	window1: mouseVisible = True
90.9450 	EXP 	window1: mouseVisible = True
90.9450 	EXP 	window1: mouseVisible = True
90.9451 	EXP 	window1: mouseVisible = True
90.9451 	EXP 	window1: mouseVisible = True
90.9451 	EXP 	window1: mouseVisible = True
90.9452 	EXP 	window1: mouseVisible = True
90.9452 	EXP 	window1: mouseVisible = True
90.9452 	EXP 	window1: mouseVisible = True
90.9453 	EXP 	window1: mouseVisible = True
90.9453 	EXP 	window1: mouseVisible = True
90.9453 	EXP 	window1: mouseVisible = True
90.9454 	EXP 	window1: mouseVisible = True
90.9454 	EXP 	window1: mouseVisible = True
90.9454 	EXP 	window1: mouseVisible = True
90.9454 	EXP 	window1: mouseVisible = True
90.9455 	EXP 	window1: mouseVisible = True
90.9455 	EXP 	window1: mouseVisible = True
90.9455 	EXP 	window1: mouseVisible = True
90.9456 	EXP 	window1: mouseVisible = True
90.9456 	EXP 	window1: mouseVisible = True
90.9456 	EXP 	window1: mouseVisible = True
90.9457 	EXP 	window1: mouseVisible = True
90.9457 	EXP 	window1: mouseVisible = True
90.9457 	EXP 	window1: mouseVisible = True
90.9458 	EXP 	window1: mouseVisible = True
90.9458 	EXP 	window1: mouseVisible = True
90.9458 	EXP 	window1: mouseVisible = True
90.9459 	EXP 	window1: mouseVisible = True
90.9459 	EXP 	window1: mouseVisible = True
90.9459 	EXP 	window1: mouseVisible = True
90.9460 	EXP 	window1: mouseVisible = True
90.9460 	EXP 	window1: mouseVisible = True
90.9460 	EXP 	window1: mouseVisible = True
90.9460 	EXP 	window1: mouseVisible = True
90.9461 	EXP 	window1: mouseVisible = True
90.9461 	EXP 	window1: mouseVisible = True
90.9461 	EXP 	window1: mouseVisible = True
90.9462 	EXP 	window1: mouseVisible = True
90.9462 	EXP 	window1: mouseVisible = True
90.9462 	EXP 	window1: mouseVisible = True
90.9463 	EXP 	window1: mouseVisible = True
90.9463 	EXP 	window1: mouseVisible = True
90.9463 	EXP 	window1: mouseVisible = True
90.9463 	EXP 	window1: mouseVisible = True
90.9464 	EXP 	window1: mouseVisible = True
90.9464 	EXP 	window1: mouseVisible = True
90.9464 	EXP 	window1: mouseVisible = True
90.9465 	EXP 	window1: mouseVisible = True
90.9465 	EXP 	window1: mouseVisible = True
90.9465 	EXP 	window1: mouseVisible = True
90.9466 	EXP 	window1: mouseVisible = True
90.9466 	EXP 	window1: mouseVisible = True
90.9466 	EXP 	window1: mouseVisible = True
90.9466 	EXP 	window1: mouseVisible = True
90.9467 	EXP 	window1: mouseVisible = True
90.9467 	EXP 	window1: mouseVisible = True
90.9467 	EXP 	window1: mouseVisible = True
90.9468 	EXP 	window1: mouseVisible = True
90.9468 	EXP 	window1: mouseVisible = True
90.9468 	EXP 	window1: mouseVisible = True
90.9469 	EXP 	window1: mouseVisible = True
90.9469 	EXP 	window1: mouseVisible = True
90.9469 	EXP 	window1: mouseVisible = True
90.9470 	EXP 	window1: mouseVisible = True
90.9470 	EXP 	window1: mouseVisible = True
90.9470 	EXP 	window1: mouseVisible = True
90.9470 	EXP 	window1: mouseVisible = True
90.9471 	EXP 	window1: mouseVisible = True
90.9471 	EXP 	window1: mouseVisible = True
90.9471 	EXP 	window1: mouseVisible = True
90.9472 	EXP 	window1: mouseVisible = True
90.9472 	EXP 	window1: mouseVisible = True
90.9472 	EXP 	window1: mouseVisible = True
90.9473 	EXP 	window1: mouseVisible = True
90.9473 	EXP 	window1: mouseVisible = True
90.9473 	EXP 	window1: mouseVisible = True
90.9473 	EXP 	window1: mouseVisible = True
90.9474 	EXP 	window1: mouseVisible = True
90.9474 	EXP 	window1: mouseVisible = True
90.9474 	EXP 	window1: mouseVisible = True
90.9475 	EXP 	window1: mouseVisible = True
90.9475 	EXP 	window1: mouseVisible = True
90.9475 	EXP 	window1: mouseVisible = True
90.9476 	EXP 	window1: mouseVisible = True
90.9476 	EXP 	window1: mouseVisible = True
90.9476 	EXP 	window1: mouseVisible = True
90.9477 	EXP 	window1: mouseVisible = True
90.9477 	EXP 	window1: mouseVisible = True
90.9477 	EXP 	window1: mouseVisible = True
90.9478 	EXP 	window1: mouseVisible = True
90.9478 	EXP 	window1: mouseVisible = True
90.9478 	EXP 	window1: mouseVisible = True
90.9478 	EXP 	window1: mouseVisible = True
90.9479 	EXP 	window1: mouseVisible = True
90.9479 	EXP 	window1: mouseVisible = True
90.9479 	EXP 	window1: mouseVisible = True
90.9480 	EXP 	window1: mouseVisible = True
90.9480 	EXP 	window1: mouseVisible = True
90.9480 	EXP 	window1: mouseVisible = True
90.9481 	EXP 	window1: mouseVisible = True
90.9481 	EXP 	window1: mouseVisible = True
90.9481 	EXP 	window1: mouseVisible = True
90.9482 	EXP 	window1: mouseVisible = True
90.9482 	EXP 	window1: mouseVisible = True
90.9482 	EXP 	window1: mouseVisible = True
90.9483 	EXP 	window1: mouseVisible = True
90.9483 	EXP 	window1: mouseVisible = True
90.9483 	EXP 	window1: mouseVisible = True
90.9483 	EXP 	window1: mouseVisible = True
90.9484 	EXP 	window1: mouseVisible = True
90.9484 	EXP 	window1: mouseVisible = True
90.9484 	EXP 	window1: mouseVisible = True
90.9485 	EXP 	window1: mouseVisible = True
90.9485 	EXP 	window1: mouseVisible = True
90.9485 	EXP 	window1: mouseVisible = True
90.9486 	EXP 	window1: mouseVisible = True
90.9486 	EXP 	window1: mouseVisible = True
90.9486 	EXP 	window1: mouseVisible = True
90.9487 	EXP 	window1: mouseVisible = True
90.9487 	EXP 	window1: mouseVisible = True
90.9487 	EXP 	window1: mouseVisible = True
90.9488 	EXP 	window1: mouseVisible = True
90.9488 	EXP 	window1: mouseVisible = True
90.9488 	EXP 	window1: mouseVisible = True
90.9489 	EXP 	window1: mouseVisible = True
90.9489 	EXP 	window1: mouseVisible = True
90.9489 	EXP 	window1: mouseVisible = True
90.9490 	EXP 	window1: mouseVisible = True
90.9490 	EXP 	window1: mouseVisible = True
90.9490 	EXP 	window1: mouseVisible = True
90.9491 	EXP 	window1: mouseVisible = True
90.9491 	EXP 	window1: mouseVisible = True
90.9491 	EXP 	window1: mouseVisible = True
90.9492 	EXP 	window1: mouseVisible = True
90.9492 	EXP 	window1: mouseVisible = True
90.9492 	EXP 	window1: mouseVisible = True
90.9493 	EXP 	window1: mouseVisible = True
90.9493 	EXP 	window1: mouseVisible = True
90.9493 	EXP 	window1: mouseVisible = True
90.9493 	EXP 	window1: mouseVisible = True
90.9494 	EXP 	window1: mouseVisible = True
90.9494 	EXP 	window1: mouseVisible = True
90.9494 	EXP 	window1: mouseVisible = True
90.9495 	EXP 	window1: mouseVisible = True
90.9495 	EXP 	window1: mouseVisible = True
90.9495 	EXP 	window1: mouseVisible = True
90.9496 	EXP 	window1: mouseVisible = True
90.9496 	EXP 	window1: mouseVisible = True
90.9496 	EXP 	window1: mouseVisible = True
90.9497 	EXP 	window1: mouseVisible = True
90.9497 	EXP 	window1: mouseVisible = True
90.9497 	EXP 	window1: mouseVisible = True
90.9498 	EXP 	window1: mouseVisible = True
90.9498 	EXP 	window1: mouseVisible = True
90.9502 	EXP 	window1: mouseVisible = True
90.9502 	EXP 	window1: mouseVisible = True
90.9502 	EXP 	window1: mouseVisible = True
90.9503 	EXP 	window1: mouseVisible = True
90.9503 	EXP 	window1: mouseVisible = True
90.9503 	EXP 	window1: mouseVisible = True
90.9504 	EXP 	window1: mouseVisible = True
90.9504 	EXP 	window1: mouseVisible = True
90.9504 	EXP 	window1: mouseVisible = True
90.9505 	EXP 	window1: mouseVisible = True
90.9505 	EXP 	window1: mouseVisible = True
90.9505 	EXP 	window1: mouseVisible = True
90.9506 	EXP 	window1: mouseVisible = True
90.9506 	EXP 	window1: mouseVisible = True
90.9506 	EXP 	window1: mouseVisible = True
90.9507 	EXP 	window1: mouseVisible = True
90.9507 	EXP 	window1: mouseVisible = True
90.9507 	EXP 	window1: mouseVisible = True
