1.5629 	WARNING 	We strongly recommend you activate the PTB sound engine in PsychoPy prefs as the preferred audio engine. Its timing is vastly superior. Your prefs are currently set to use ['sounddevice', 'PTB', 'pyo', 'pygame'] (in that order).
5.3526 	EXP 	Created window1 = Window(allowGUI=False, allowStencil=False, autoLog=True, backendConf=UNKNOWN, bitsMode=UNKNOWN, blendMode='avg', bpc=(8, 8, 8), color=array([0, 0, 0]), colorSpace='rgb', depthBits=8, fullscr=<method-wrapper '__getattribute__' of attributeSetter object at 0x0000021A5FFC3470>, gamma=None, gammaErrorPolicy='raise', lms=UNKNOWN, monitor=<psychopy.monitors.calibTools.Monitor object at 0x0000021A6005ABA8>, multiSample=False, name='window1', numSamples=2, pos=[0.0, 0.0], screen=0, size=array([1280, 1024]), stencilBits=0, stereo=False, units='height', useFBO=True, useRetina=False, viewOri=0.0, viewPos=None, viewScale=None, waitBlanking=True, winType='pyglet')
5.3528 	EXP 	window1: mouseVisible = True
5.3528 	EXP 	window1: recordFrameIntervals = False
5.5194 	EXP 	window1: recordFrameIntervals = True
5.7027 	EXP 	window1: recordFrameIntervals = False
9.8222 	EXP 	Created Instructions = TextStim(__class__=<class 'psychopy.visual.text.TextStim'>, alignHoriz=method-wrapper(...), alignText='center', alignVert=method-wrapper(...), anchorHoriz='center', anchorVert='center', antialias=True, autoLog=True, bold=False, color=array([1., 1., 1.]), colorSpace='rgb', contrast=1.0, depth=0.0, flipHoriz=False, flipVert=False, font='Arial', fontFiles=[], height=0.03, italic=False, languageStyle='LTR', name='Instructions', opacity=1, ori=0, pos=array([0., 0.]), rgb=UNKNOWN, text=str(...), units='height', win=Window(...), wrapWidth=1)
9.8334 	EXP 	Created Triplet1 = ImageStim(__class__=<class 'psychopy.visual.image.ImageStim'>, autoLog=True, color=array([1., 1., 1.]), colorSpace='rgb', contrast=1.0, depth=-1.0, flipHoriz=False, flipVert=False, image='sin', interpolate=True, mask=None, maskParams=None, name='Triplet1', opacity=1, ori=0.0, pos=array([0., 0.]), size=array([0.3, 0.3]), texRes=128, units='height', win=Window(...))
9.8365 	EXP 	Created Triplet2 = ImageStim(__class__=<class 'psychopy.visual.image.ImageStim'>, autoLog=True, color=array([1., 1., 1.]), colorSpace='rgb', contrast=1.0, depth=-2.0, flipHoriz=False, flipVert=False, image='sin', interpolate=True, mask=None, maskParams=None, name='Triplet2', opacity=1, ori=0.0, pos=array([0., 0.]), size=array([0.3, 0.3]), texRes=128, units='height', win=Window(...))
9.8409 	EXP 	Created Triplet3 = ImageStim(__class__=<class 'psychopy.visual.image.ImageStim'>, autoLog=True, color=array([1., 1., 1.]), colorSpace='rgb', contrast=1.0, depth=-3.0, flipHoriz=False, flipVert=False, image='sin', interpolate=True, mask=None, maskParams=None, name='Triplet3', opacity=1, ori=0.0, pos=array([0., 0.]), size=array([0.3, 0.3]), texRes=128, units='height', win=Window(...))
9.8566 	EXP 	Sound sound_pop set volume 1.000
9.8567 	EXP 	Sound sound_pop2 set volume 1.000
9.8567 	EXP 	Sound sound_pop3 set volume 1.000
9.9475 	EXP 	Created Mask = ImageStim(__class__=<class 'psychopy.visual.image.ImageStim'>, autoLog=True, color=array([1., 1., 1.]), colorSpace='rgb', contrast=1.0, depth=0.0, flipHoriz=False, flipVert=False, image='images/Mask.png', interpolate=True, mask=None, maskParams=None, name='Mask', opacity=1, ori=0.0, pos=array([0., 0.]), size=array([1.5, 0.5]), texRes=128, units='height', win=Window(...))
9.9567 	EXP 	Created img1 = ImageStim(__class__=<class 'psychopy.visual.image.ImageStim'>, autoLog=True, color=array([1., 1., 1.]), colorSpace='rgb', contrast=1.0, depth=-1.0, flipHoriz=False, flipVert=False, image='sin', interpolate=True, mask=None, maskParams=None, name='img1', opacity=1, ori=0.0, pos=array([0., 0.]), size=array([0.3, 0.3]), texRes=128, units='height', win=Window(...))
9.9611 	EXP 	Created img2 = ImageStim(__class__=<class 'psychopy.visual.image.ImageStim'>, autoLog=True, color=array([1., 1., 1.]), colorSpace='rgb', contrast=1.0, depth=-2.0, flipHoriz=False, flipVert=False, image='sin', interpolate=True, mask=None, maskParams=None, name='img2', opacity=1, ori=0.0, pos=array([0., 0.]), size=array([0.3, 0.3]), texRes=128, units='height', win=Window(...))
9.9655 	EXP 	Created img3 = ImageStim(__class__=<class 'psychopy.visual.image.ImageStim'>, autoLog=True, color=array([1., 1., 1.]), colorSpace='rgb', contrast=1.0, depth=-3.0, flipHoriz=False, flipVert=False, image='sin', interpolate=True, mask=None, maskParams=None, name='img3', opacity=1, ori=0.0, pos=array([0., 0.]), size=array([0.3, 0.3]), texRes=128, units='height', win=Window(...))
9.9655 	EXP 	Sound sound_pop4 set volume 1.000
9.9655 	EXP 	Sound sound_pop5 set volume 1.000
9.9656 	EXP 	Sound sound_pop6 set volume 1.000
9.9705 	EXP 	Created text_2 = TextStim(__class__=<class 'psychopy.visual.text.TextStim'>, alignHoriz=method-wrapper(...), alignText='center', alignVert=method-wrapper(...), anchorHoriz='center', anchorVert='center', antialias=True, autoLog=True, bold=False, color=array([1., 1., 1.]), colorSpace='rgb', contrast=1.0, depth=0.0, flipHoriz=False, flipVert=False, font='Arial', fontFiles=[], height=0.03, italic=False, languageStyle='LTR', name='text_2', opacity=1, ori=0, pos=array([0., 0.]), rgb=UNKNOWN, text=str(...), units='height', win=Window(...), wrapWidth=1)
9.9735 	EXP 	Created text = TextStim(__class__=<class 'psychopy.visual.text.TextStim'>, alignHoriz=method-wrapper(...), alignText='center', alignVert=method-wrapper(...), anchorHoriz='center', anchorVert='center', antialias=True, autoLog=True, bold=False, color=array([1., 1., 1.]), colorSpace='rgb', contrast=1.0, depth=-1.0, flipHoriz=False, flipVert=False, font='Arial', fontFiles=[], height=0.03, italic=False, languageStyle='LTR', name='text', opacity=1, ori=0, pos=array([0., 0.]), rgb=UNKNOWN, text=str(...), units='height', win=Window(...), wrapWidth=1)
9.9744 	EXP 	Created sameText = TextStim(__class__=<class 'psychopy.visual.text.TextStim'>, alignHoriz=method-wrapper(...), alignText='center', alignVert=method-wrapper(...), anchorHoriz='center', anchorVert='center', antialias=True, autoLog=True, bold=False, color=array([1., 1., 1.]), colorSpace='rgb', contrast=1.0, depth=-2.0, flipHoriz=False, flipVert=False, font='Arial', fontFiles=[], height=0.03, italic=False, languageStyle='LTR', name='sameText', opacity=1, ori=0, pos=array([-0.2, -0.3]), rgb=UNKNOWN, text='', units='height', win=Window(...), wrapWidth=1)
9.9754 	EXP 	Created diffText = TextStim(__class__=<class 'psychopy.visual.text.TextStim'>, alignHoriz=method-wrapper(...), alignText='center', alignVert=method-wrapper(...), anchorHoriz='center', anchorVert='center', antialias=True, autoLog=True, bold=False, color=array([1., 1., 1.]), colorSpace='rgb', contrast=1.0, depth=-3.0, flipHoriz=False, flipVert=False, font='Arial', fontFiles=[], height=0.03, italic=False, languageStyle='LTR', name='diffText', opacity=1, ori=0, pos=array([ 0.2, -0.3]), rgb=UNKNOWN, text='', units='height', win=Window(...), wrapWidth=1)
9.9773 	EXP 	Created leftCL = Rect(__class__=<class 'psychopy.visual.rect.Rect'>, autoDraw=False, autoLog=True, closeShape=True, color=method-wrapper(...), colorSpace='rgb', contrast=None, depth=-4.0, fillColor=array([1., 1., 1.]), fillColorSpace='rgb', fillRGB=array([1., 1., 1.]), interpolate=True, lineColor=array([1., 1., 1.]), lineColorSpace='rgb', lineRGB=array([1, 1, 1]), lineWidth=3, name='leftCL', opacity=0.5, ori=0.0, pos=array([-0.2, -0.3]), size=array([-0.2, -0.2]), units='height', vertices=ndarray(...), win=Window(...))
9.9787 	EXP 	Created rightCL = Rect(__class__=<class 'psychopy.visual.rect.Rect'>, autoDraw=False, autoLog=True, closeShape=True, color=method-wrapper(...), colorSpace='rgb', contrast=None, depth=-5.0, fillColor=array([1., 1., 1.]), fillColorSpace='rgb', fillRGB=array([1., 1., 1.]), interpolate=True, lineColor=array([1., 1., 1.]), lineColorSpace='rgb', lineRGB=array([1, 1, 1]), lineWidth=3, name='rightCL', opacity=0.5, ori=0.0, pos=array([ 0.2, -0.3]), size=array([0.2, 0.2]), units='height', vertices=ndarray(...), win=Window(...))
9.9788 	EXP 	window1: mouseVisible = True
9.9788 	EXP 	Sound clickedSound set volume 1.000
9.9823 	EXP 	Created retIMG = ImageStim(__class__=<class 'psychopy.visual.image.ImageStim'>, autoLog=True, color=array([1., 1., 1.]), colorSpace='rgb', contrast=1.0, depth=-1.0, flipHoriz=False, flipVert=False, image='sin', interpolate=True, mask=None, maskParams=None, name='retIMG', opacity=1, ori=0.0, pos=array([0., 0.]), size=array([0.3, 0.3]), texRes=128, units='height', win=Window(...))
9.9824 	EXP 	Sound sound_pop7 set volume 1.000
9.9852 	EXP 	Created question_text = TextStim(__class__=<class 'psychopy.visual.text.TextStim'>, alignHoriz=method-wrapper(...), alignText='center', alignVert=method-wrapper(...), anchorHoriz='center', anchorVert='center', antialias=True, autoLog=True, bold=False, color=array([1., 1., 1.]), colorSpace='rgb', contrast=1.0, depth=0.0, flipHoriz=False, flipVert=False, font='Arial', fontFiles=[], height=0.03, italic=False, languageStyle='LTR', name='question_text', opacity=1, ori=0, pos=array([0. , 0.3]), rgb=UNKNOWN, text='When did you see this object?', units='height', win=Window(...), wrapWidth=1)
9.9878 	EXP 	Created decisionQ_2 = TextStim(__class__=<class 'psychopy.visual.text.TextStim'>, alignHoriz=method-wrapper(...), alignText='center', alignVert=method-wrapper(...), anchorHoriz='center', anchorVert='center', antialias=True, autoLog=True, bold=False, color=array([1., 1., 1.]), colorSpace='rgb', contrast=1.0, depth=-1.0, flipHoriz=False, flipVert=False, font='Arial', fontFiles=[], height=0.03, italic=False, languageStyle='LTR', name='decisionQ_2', opacity=1, ori=0, pos=array([0. , 0.3]), rgb=UNKNOWN, text='When did you see this object?', units='height', win=Window(...), wrapWidth=1)
9.9887 	EXP 	Created first_left = Rect(__class__=<class 'psychopy.visual.rect.Rect'>, autoDraw=False, autoLog=True, closeShape=True, color=method-wrapper(...), colorSpace='rgb', contrast=None, depth=-2.0, fillColor=array([1, 1, 1]), fillColorSpace='rgb', fillRGB=array([1, 1, 1]), interpolate=True, lineColor=array([1., 1., 1.]), lineColorSpace='rgb', lineRGB=array([1, 1, 1]), lineWidth=3, name='first_left', opacity=0.5, ori=0.0, pos=array([0. , 0.1]), size=array([0.15, 0.15]), units='height', vertices=ndarray(...), win=Window(...))
9.9895 	EXP 	Created second_middle = Rect(__class__=<class 'psychopy.visual.rect.Rect'>, autoDraw=False, autoLog=True, closeShape=True, color=method-wrapper(...), colorSpace='rgb', contrast=None, depth=-3.0, fillColor=array([1, 1, 1]), fillColorSpace='rgb', fillRGB=array([1, 1, 1]), interpolate=True, lineColor=array([1., 1., 1.]), lineColorSpace='rgb', lineRGB=array([1, 1, 1]), lineWidth=3, name='second_middle', opacity=0.5, ori=0.0, pos=array([ 0. , -0.1]), size=array([0.15, 0.15]), units='height', vertices=ndarray(...), win=Window(...))
9.9904 	EXP 	Created third_right = Rect(__class__=<class 'psychopy.visual.rect.Rect'>, autoDraw=False, autoLog=True, closeShape=True, color=method-wrapper(...), colorSpace='rgb', contrast=None, depth=-4.0, fillColor=array([1, 1, 1]), fillColorSpace='rgb', fillRGB=array([1, 1, 1]), interpolate=True, lineColor=array([1., 1., 1.]), lineColorSpace='rgb', lineRGB=array([1, 1, 1]), lineWidth=3, name='third_right', opacity=0.5, ori=0.0, pos=array([ 0. , -0.3]), size=array([0.15, 0.15]), units='height', vertices=ndarray(...), win=Window(...))
9.9936 	EXP 	Created First = TextStim(__class__=<class 'psychopy.visual.text.TextStim'>, alignHoriz=method-wrapper(...), alignText='center', alignVert=method-wrapper(...), anchorHoriz='center', anchorVert='center', antialias=True, autoLog=True, bold=False, color=array([1., 1., 1.]), colorSpace='rgb', contrast=1.0, depth=-5.0, flipHoriz=False, flipVert=False, font='Arial', fontFiles=[], height=0.03, italic=False, languageStyle='LTR', name='First', opacity=1, ori=0, pos=array([0. , 0.1]), rgb=UNKNOWN, text='First', units='height', win=Window(...), wrapWidth=1)
9.9962 	EXP 	Created Second = TextStim(__class__=<class 'psychopy.visual.text.TextStim'>, alignHoriz=method-wrapper(...), alignText='center', alignVert=method-wrapper(...), anchorHoriz='center', anchorVert='center', antialias=True, autoLog=True, bold=False, color=array([1., 1., 1.]), colorSpace='rgb', contrast=1.0, depth=-6.0, flipHoriz=False, flipVert=False, font='Arial', fontFiles=[], height=0.03, italic=False, languageStyle='LTR', name='Second', opacity=1, ori=0, pos=array([ 0. , -0.1]), rgb=UNKNOWN, text='Second', units='height', win=Window(...), wrapWidth=1)
9.9990 	EXP 	Created Third = TextStim(__class__=<class 'psychopy.visual.text.TextStim'>, alignHoriz=method-wrapper(...), alignText='center', alignVert=method-wrapper(...), anchorHoriz='center', anchorVert='center', antialias=True, autoLog=True, bold=False, color=array([1., 1., 1.]), colorSpace='rgb', contrast=1.0, depth=-7.0, flipHoriz=False, flipVert=False, font='Arial', fontFiles=[], height=0.03, italic=False, languageStyle='LTR', name='Third', opacity=1, ori=0, pos=array([ 0. , -0.3]), rgb=UNKNOWN, text='Third', units='height', win=Window(...), wrapWidth=1)
9.9990 	EXP 	window1: mouseVisible = True
9.9991 	EXP 	Sound clickedSound set volume 1.000
10.0079 	EXP 	Created BlockBreak = TextStim(__class__=<class 'psychopy.visual.text.TextStim'>, alignHoriz=method-wrapper(...), alignText='center', alignVert=method-wrapper(...), anchorHoriz='center', anchorVert='center', antialias=True, autoLog=True, bold=False, color=array([1., 1., 1.]), colorSpace='rgb', contrast=1.0, depth=0.0, flipHoriz=False, flipVert=False, font='Arial', fontFiles=[], height=0.03, italic=False, languageStyle='LTR', name='BlockBreak', opacity=1, ori=0, pos=array([0., 0.]), rgb=UNKNOWN, text=str(...), units='height', win=Window(...), wrapWidth=1)
10.0178 	EXP 	Created text_4 = TextStim(__class__=<class 'psychopy.visual.text.TextStim'>, alignHoriz=method-wrapper(...), alignText='center', alignVert=method-wrapper(...), anchorHoriz='center', anchorVert='center', antialias=True, autoLog=True, bold=False, color=array([1., 1., 1.]), colorSpace='rgb', contrast=1.0, depth=-1.0, flipHoriz=False, flipVert=False, font='Open Sans', fontFiles=[], height=0.03, italic=False, languageStyle='LTR', name='text_4', opacity=1, ori=0.0, pos=array([0., 0.]), rgb=UNKNOWN, text=str(...), units='height', win=Window(...), wrapWidth=1)
10.0213 	EXP 	Created Triplet1 = ImageStim(__class__=<class 'psychopy.visual.image.ImageStim'>, autoLog=True, color=array([1., 1., 1.]), colorSpace='rgb', contrast=1.0, depth=-1.0, flipHoriz=False, flipVert=False, image='sin', interpolate=True, mask=None, maskParams=None, name='Triplet1', opacity=1, ori=0.0, pos=array([0., 0.]), size=array([0.3, 0.3]), texRes=128, units='height', win=Window(...))
10.0257 	EXP 	Created Triplet2 = ImageStim(__class__=<class 'psychopy.visual.image.ImageStim'>, autoLog=True, color=array([1., 1., 1.]), colorSpace='rgb', contrast=1.0, depth=-2.0, flipHoriz=False, flipVert=False, image='sin', interpolate=True, mask=None, maskParams=None, name='Triplet2', opacity=1, ori=0.0, pos=array([0., 0.]), size=array([0.3, 0.3]), texRes=128, units='height', win=Window(...))
10.0300 	EXP 	Created Triplet3 = ImageStim(__class__=<class 'psychopy.visual.image.ImageStim'>, autoLog=True, color=array([1., 1., 1.]), colorSpace='rgb', contrast=1.0, depth=-3.0, flipHoriz=False, flipVert=False, image='sin', interpolate=True, mask=None, maskParams=None, name='Triplet3', opacity=1, ori=0.0, pos=array([0., 0.]), size=array([0.3, 0.3]), texRes=128, units='height', win=Window(...))
10.0301 	EXP 	Sound sound_pop set volume 1.000
10.0301 	EXP 	Sound sound_pop2 set volume 1.000
10.0302 	EXP 	Sound sound_pop3 set volume 1.000
10.1149 	EXP 	Created Mask = ImageStim(__class__=<class 'psychopy.visual.image.ImageStim'>, autoLog=True, color=array([1., 1., 1.]), colorSpace='rgb', contrast=1.0, depth=0.0, flipHoriz=False, flipVert=False, image='images/Mask.png', interpolate=True, mask=None, maskParams=None, name='Mask', opacity=1, ori=0.0, pos=array([0., 0.]), size=array([1.5, 0.5]), texRes=128, units='height', win=Window(...))
10.1225 	EXP 	Created img1 = ImageStim(__class__=<class 'psychopy.visual.image.ImageStim'>, autoLog=True, color=array([1., 1., 1.]), colorSpace='rgb', contrast=1.0, depth=-1.0, flipHoriz=False, flipVert=False, image='sin', interpolate=True, mask=None, maskParams=None, name='img1', opacity=1, ori=0.0, pos=array([0., 0.]), size=array([0.3, 0.3]), texRes=128, units='height', win=Window(...))
10.1270 	EXP 	Created img2 = ImageStim(__class__=<class 'psychopy.visual.image.ImageStim'>, autoLog=True, color=array([1., 1., 1.]), colorSpace='rgb', contrast=1.0, depth=-2.0, flipHoriz=False, flipVert=False, image='sin', interpolate=True, mask=None, maskParams=None, name='img2', opacity=1, ori=0.0, pos=array([0., 0.]), size=array([0.3, 0.3]), texRes=128, units='height', win=Window(...))
10.1315 	EXP 	Created img3 = ImageStim(__class__=<class 'psychopy.visual.image.ImageStim'>, autoLog=True, color=array([1., 1., 1.]), colorSpace='rgb', contrast=1.0, depth=-3.0, flipHoriz=False, flipVert=False, image='sin', interpolate=True, mask=None, maskParams=None, name='img3', opacity=1, ori=0.0, pos=array([0., 0.]), size=array([0.3, 0.3]), texRes=128, units='height', win=Window(...))
10.1316 	EXP 	Sound sound_pop4 set volume 1.000
10.1316 	EXP 	Sound sound_pop5 set volume 1.000
10.1316 	EXP 	Sound sound_pop6 set volume 1.000
10.1347 	EXP 	Created text_2 = TextStim(__class__=<class 'psychopy.visual.text.TextStim'>, alignHoriz=method-wrapper(...), alignText='center', alignVert=method-wrapper(...), anchorHoriz='center', anchorVert='center', antialias=True, autoLog=True, bold=False, color=array([1., 1., 1.]), colorSpace='rgb', contrast=1.0, depth=0.0, flipHoriz=False, flipVert=False, font='Arial', fontFiles=[], height=0.03, italic=False, languageStyle='LTR', name='text_2', opacity=1, ori=0, pos=array([0., 0.]), rgb=UNKNOWN, text=str(...), units='height', win=Window(...), wrapWidth=1)
10.1378 	EXP 	Created text = TextStim(__class__=<class 'psychopy.visual.text.TextStim'>, alignHoriz=method-wrapper(...), alignText='center', alignVert=method-wrapper(...), anchorHoriz='center', anchorVert='center', antialias=True, autoLog=True, bold=False, color=array([1., 1., 1.]), colorSpace='rgb', contrast=1.0, depth=-1.0, flipHoriz=False, flipVert=False, font='Arial', fontFiles=[], height=0.03, italic=False, languageStyle='LTR', name='text', opacity=1, ori=0, pos=array([0., 0.]), rgb=UNKNOWN, text=str(...), units='height', win=Window(...), wrapWidth=1)
10.1388 	EXP 	Created sameText = TextStim(__class__=<class 'psychopy.visual.text.TextStim'>, alignHoriz=method-wrapper(...), alignText='center', alignVert=method-wrapper(...), anchorHoriz='center', anchorVert='center', antialias=True, autoLog=True, bold=False, color=array([1., 1., 1.]), colorSpace='rgb', contrast=1.0, depth=-2.0, flipHoriz=False, flipVert=False, font='Arial', fontFiles=[], height=0.03, italic=False, languageStyle='LTR', name='sameText', opacity=1, ori=0, pos=array([-0.2, -0.3]), rgb=UNKNOWN, text='', units='height', win=Window(...), wrapWidth=1)
10.1398 	EXP 	Created diffText = TextStim(__class__=<class 'psychopy.visual.text.TextStim'>, alignHoriz=method-wrapper(...), alignText='center', alignVert=method-wrapper(...), anchorHoriz='center', anchorVert='center', antialias=True, autoLog=True, bold=False, color=array([1., 1., 1.]), colorSpace='rgb', contrast=1.0, depth=-3.0, flipHoriz=False, flipVert=False, font='Arial', fontFiles=[], height=0.03, italic=False, languageStyle='LTR', name='diffText', opacity=1, ori=0, pos=array([ 0.2, -0.3]), rgb=UNKNOWN, text='', units='height', win=Window(...), wrapWidth=1)
10.1412 	EXP 	Created leftCL = Rect(__class__=<class 'psychopy.visual.rect.Rect'>, autoDraw=False, autoLog=True, closeShape=True, color=method-wrapper(...), colorSpace='rgb', contrast=None, depth=-4.0, fillColor=array([1., 1., 1.]), fillColorSpace='rgb', fillRGB=array([1., 1., 1.]), interpolate=True, lineColor=array([1., 1., 1.]), lineColorSpace='rgb', lineRGB=array([1, 1, 1]), lineWidth=3, name='leftCL', opacity=0.5, ori=0.0, pos=array([-0.2, -0.3]), size=array([-0.2, -0.2]), units='height', vertices=ndarray(...), win=Window(...))
10.1426 	EXP 	Created rightCL = Rect(__class__=<class 'psychopy.visual.rect.Rect'>, autoDraw=False, autoLog=True, closeShape=True, color=method-wrapper(...), colorSpace='rgb', contrast=None, depth=-5.0, fillColor=array([1., 1., 1.]), fillColorSpace='rgb', fillRGB=array([1., 1., 1.]), interpolate=True, lineColor=array([1., 1., 1.]), lineColorSpace='rgb', lineRGB=array([1, 1, 1]), lineWidth=3, name='rightCL', opacity=0.5, ori=0.0, pos=array([ 0.2, -0.3]), size=array([0.2, 0.2]), units='height', vertices=ndarray(...), win=Window(...))
10.1427 	EXP 	window1: mouseVisible = True
10.1427 	EXP 	Sound clickedSound set volume 1.000
10.1471 	EXP 	Created retIMG = ImageStim(__class__=<class 'psychopy.visual.image.ImageStim'>, autoLog=True, color=array([1., 1., 1.]), colorSpace='rgb', contrast=1.0, depth=-1.0, flipHoriz=False, flipVert=False, image='sin', interpolate=True, mask=None, maskParams=None, name='retIMG', opacity=1, ori=0.0, pos=array([0., 0.]), size=array([0.3, 0.3]), texRes=128, units='height', win=Window(...))
10.1472 	EXP 	Sound sound_pop7 set volume 1.000
10.1500 	EXP 	Created question_text = TextStim(__class__=<class 'psychopy.visual.text.TextStim'>, alignHoriz=method-wrapper(...), alignText='center', alignVert=method-wrapper(...), anchorHoriz='center', anchorVert='center', antialias=True, autoLog=True, bold=False, color=array([1., 1., 1.]), colorSpace='rgb', contrast=1.0, depth=0.0, flipHoriz=False, flipVert=False, font='Arial', fontFiles=[], height=0.03, italic=False, languageStyle='LTR', name='question_text', opacity=1, ori=0, pos=array([0. , 0.3]), rgb=UNKNOWN, text='When did you see this object?', units='height', win=Window(...), wrapWidth=1)
10.1526 	EXP 	Created decisionQ_2 = TextStim(__class__=<class 'psychopy.visual.text.TextStim'>, alignHoriz=method-wrapper(...), alignText='center', alignVert=method-wrapper(...), anchorHoriz='center', anchorVert='center', antialias=True, autoLog=True, bold=False, color=array([1., 1., 1.]), colorSpace='rgb', contrast=1.0, depth=-1.0, flipHoriz=False, flipVert=False, font='Arial', fontFiles=[], height=0.03, italic=False, languageStyle='LTR', name='decisionQ_2', opacity=1, ori=0, pos=array([0. , 0.3]), rgb=UNKNOWN, text='When did you see this object?', units='height', win=Window(...), wrapWidth=1)
10.1536 	EXP 	Created first_left = Rect(__class__=<class 'psychopy.visual.rect.Rect'>, autoDraw=False, autoLog=True, closeShape=True, color=method-wrapper(...), colorSpace='rgb', contrast=None, depth=-2.0, fillColor=array([1, 1, 1]), fillColorSpace='rgb', fillRGB=array([1, 1, 1]), interpolate=True, lineColor=array([1., 1., 1.]), lineColorSpace='rgb', lineRGB=array([1, 1, 1]), lineWidth=3, name='first_left', opacity=0.5, ori=0.0, pos=array([0. , 0.1]), size=array([0.15, 0.15]), units='height', vertices=ndarray(...), win=Window(...))
10.1544 	EXP 	Created second_middle = Rect(__class__=<class 'psychopy.visual.rect.Rect'>, autoDraw=False, autoLog=True, closeShape=True, color=method-wrapper(...), colorSpace='rgb', contrast=None, depth=-3.0, fillColor=array([1, 1, 1]), fillColorSpace='rgb', fillRGB=array([1, 1, 1]), interpolate=True, lineColor=array([1., 1., 1.]), lineColorSpace='rgb', lineRGB=array([1, 1, 1]), lineWidth=3, name='second_middle', opacity=0.5, ori=0.0, pos=array([ 0. , -0.1]), size=array([0.15, 0.15]), units='height', vertices=ndarray(...), win=Window(...))
10.1553 	EXP 	Created third_right = Rect(__class__=<class 'psychopy.visual.rect.Rect'>, autoDraw=False, autoLog=True, closeShape=True, color=method-wrapper(...), colorSpace='rgb', contrast=None, depth=-4.0, fillColor=array([1, 1, 1]), fillColorSpace='rgb', fillRGB=array([1, 1, 1]), interpolate=True, lineColor=array([1., 1., 1.]), lineColorSpace='rgb', lineRGB=array([1, 1, 1]), lineWidth=3, name='third_right', opacity=0.5, ori=0.0, pos=array([ 0. , -0.3]), size=array([0.15, 0.15]), units='height', vertices=ndarray(...), win=Window(...))
10.1574 	EXP 	Created First = TextStim(__class__=<class 'psychopy.visual.text.TextStim'>, alignHoriz=method-wrapper(...), alignText='center', alignVert=method-wrapper(...), anchorHoriz='center', anchorVert='center', antialias=True, autoLog=True, bold=False, color=array([1., 1., 1.]), colorSpace='rgb', contrast=1.0, depth=-5.0, flipHoriz=False, flipVert=False, font='Arial', fontFiles=[], height=0.03, italic=False, languageStyle='LTR', name='First', opacity=1, ori=0, pos=array([0. , 0.1]), rgb=UNKNOWN, text='First', units='height', win=Window(...), wrapWidth=1)
10.1595 	EXP 	Created Second = TextStim(__class__=<class 'psychopy.visual.text.TextStim'>, alignHoriz=method-wrapper(...), alignText='center', alignVert=method-wrapper(...), anchorHoriz='center', anchorVert='center', antialias=True, autoLog=True, bold=False, color=array([1., 1., 1.]), colorSpace='rgb', contrast=1.0, depth=-6.0, flipHoriz=False, flipVert=False, font='Arial', fontFiles=[], height=0.03, italic=False, languageStyle='LTR', name='Second', opacity=1, ori=0, pos=array([ 0. , -0.1]), rgb=UNKNOWN, text='Second', units='height', win=Window(...), wrapWidth=1)
10.1616 	EXP 	Created Third = TextStim(__class__=<class 'psychopy.visual.text.TextStim'>, alignHoriz=method-wrapper(...), alignText='center', alignVert=method-wrapper(...), anchorHoriz='center', anchorVert='center', antialias=True, autoLog=True, bold=False, color=array([1., 1., 1.]), colorSpace='rgb', contrast=1.0, depth=-7.0, flipHoriz=False, flipVert=False, font='Arial', fontFiles=[], height=0.03, italic=False, languageStyle='LTR', name='Third', opacity=1, ori=0, pos=array([ 0. , -0.3]), rgb=UNKNOWN, text='Third', units='height', win=Window(...), wrapWidth=1)
10.1616 	EXP 	window1: mouseVisible = True
10.1617 	EXP 	Sound clickedSound set volume 1.000
10.1650 	EXP 	Created end = TextStim(__class__=<class 'psychopy.visual.text.TextStim'>, alignHoriz=method-wrapper(...), alignText='center', alignVert=method-wrapper(...), anchorHoriz='center', anchorVert='center', antialias=True, autoLog=True, bold=False, color=array([1., 1., 1.]), colorSpace='rgb', contrast=1.0, depth=0.0, flipHoriz=False, flipVert=False, font='Arial', fontFiles=[], height=0.03, italic=False, languageStyle='LTR', name='end', opacity=1, ori=0, pos=array([0., 0.]), rgb=UNKNOWN, text=str(...), units='height', win=Window(...), wrapWidth=1)
10.2221 	EXP 	Instructions: autoDraw = True
10.2258 	EXP 	Created sequence: random, trialTypes=1, nReps=2, seed=None
10.2260 	EXP 	New trial (rep=0, index=0): None
10.3849 	EXP 	Instructions: autoDraw = False
10.3849 	EXP 	Triplet1: pos = array([-0.5,  0. ])
10.3849 	EXP 	Triplet1: image = 'images/OBJ_110.png'
10.3849 	EXP 	Triplet2: pos = array([0., 0.])
10.3849 	EXP 	Triplet2: image = 'images/OBJ_36.png'
10.3849 	EXP 	Triplet3: pos = array([0.5, 0. ])
10.3849 	EXP 	Triplet3: image = 'images/OBJ_170.png'
10.3849 	EXP 	Triplet1: autoDraw = True
11.8844 	EXP 	Triplet1: autoDraw = False
12.3676 	EXP 	Triplet2: autoDraw = True
13.8672 	EXP 	Triplet2: autoDraw = False
14.3671 	EXP 	Triplet3: autoDraw = True
15.8666 	EXP 	Triplet3: autoDraw = False
15.8666 	EXP 	Triplet1: autoDraw = False
15.8666 	EXP 	Triplet2: autoDraw = False
15.8666 	EXP 	Triplet3: autoDraw = False
15.8666 	EXP 	Mask: autoDraw = True
17.4995 	EXP 	Mask: autoDraw = False
17.4995 	EXP 	Mask: autoDraw = False
17.4995 	EXP 	img1: pos = array([-0.5,  0. ])
17.4995 	EXP 	img1: image = 'images/OBJ_110.png'
17.4995 	EXP 	img2: pos = array([0., 0.])
17.4995 	EXP 	img2: image = 'images/OBJ_36.png'
17.4995 	EXP 	img3: pos = array([0.5, 0. ])
17.4995 	EXP 	img3: image = 'images/OBJ_170.png'
17.4995 	EXP 	img1: autoDraw = True
18.9990 	EXP 	img1: autoDraw = False
19.4821 	EXP 	img2: autoDraw = True
20.9818 	EXP 	img2: autoDraw = False
21.4816 	EXP 	img3: autoDraw = True
22.9812 	EXP 	img3: autoDraw = False
22.9812 	EXP 	img1: autoDraw = False
22.9812 	EXP 	img2: autoDraw = False
22.9812 	EXP 	img3: autoDraw = False
22.9812 	EXP 	text_2: autoDraw = True
23.9809 	EXP 	text_2: autoDraw = False
23.9809 	EXP 	text_2: autoDraw = False
23.9809 	EXP 	sameText: text = 'Same'
23.9809 	EXP 	diffText: text = 'Different'
23.9809 	EXP 	text: autoDraw = True
23.9809 	EXP 	sameText: autoDraw = True
23.9809 	EXP 	diffText: autoDraw = True
23.9809 	EXP 	leftCL: autoDraw = True
23.9809 	EXP 	rightCL: autoDraw = True
25.4640 	DATA 	Mouse: Left button down, pos=(384,299)
25.4805 	EXP 	text: autoDraw = False
25.4805 	EXP 	sameText: autoDraw = False
25.4805 	EXP 	diffText: autoDraw = False
25.4805 	EXP 	leftCL: autoDraw = False
25.4805 	EXP 	rightCL: autoDraw = False
25.6155 	DATA 	Mouse:  Left button up, pos=(385,299)
25.9657 	EXP 	New trial (rep=1, index=0): None
26.0470 	EXP 	Triplet1: pos = array([0.5, 0. ])
26.0470 	EXP 	Triplet1: image = 'images/OBJ_158.png'
26.0470 	EXP 	Triplet2: pos = array([0., 0.])
26.0470 	EXP 	Triplet2: image = 'images/OBJ_131.png'
26.0470 	EXP 	Triplet3: pos = array([-0.5,  0. ])
26.0470 	EXP 	Triplet3: image = 'images/OBJ_163.png'
26.0470 	EXP 	Triplet1: autoDraw = True
27.5465 	EXP 	Triplet1: autoDraw = False
28.0298 	EXP 	Triplet2: autoDraw = True
29.5293 	EXP 	Triplet2: autoDraw = False
30.0291 	EXP 	Triplet3: autoDraw = True
31.5287 	EXP 	Triplet3: autoDraw = False
31.5287 	EXP 	Triplet1: autoDraw = False
31.5287 	EXP 	Triplet2: autoDraw = False
31.5287 	EXP 	Triplet3: autoDraw = False
31.5287 	EXP 	Mask: autoDraw = True
33.0783 	EXP 	Mask: autoDraw = False
33.0783 	EXP 	Mask: autoDraw = False
33.0783 	EXP 	img1: pos = array([0.5, 0. ])
33.0783 	EXP 	img1: image = 'images/OBJ_158.png'
33.0783 	EXP 	img2: pos = array([0., 0.])
33.0783 	EXP 	img2: image = 'images/OBJ_131.png'
33.0783 	EXP 	img3: pos = array([-0.5,  0. ])
33.0783 	EXP 	img3: image = 'images/OBJ_163.png'
33.0783 	EXP 	img1: autoDraw = True
34.5778 	EXP 	img1: autoDraw = False
35.0610 	EXP 	img2: autoDraw = True
36.5606 	EXP 	img2: autoDraw = False
37.0604 	EXP 	img3: autoDraw = True
38.5600 	EXP 	img3: autoDraw = False
38.5600 	EXP 	img1: autoDraw = False
38.5600 	EXP 	img2: autoDraw = False
38.5600 	EXP 	img3: autoDraw = False
38.5600 	EXP 	text_2: autoDraw = True
39.5597 	EXP 	text_2: autoDraw = False
39.5597 	EXP 	text_2: autoDraw = False
39.5597 	EXP 	sameText: text = 'Same'
39.5597 	EXP 	diffText: text = 'Different'
39.5597 	EXP 	text: autoDraw = True
39.5597 	EXP 	sameText: autoDraw = True
39.5597 	EXP 	diffText: autoDraw = True
39.5597 	EXP 	leftCL: autoDraw = True
39.5597 	EXP 	rightCL: autoDraw = True
39.9765 	DATA 	Mouse: Left button down, pos=(479,148)
39.9929 	EXP 	text: autoDraw = False
39.9929 	EXP 	sameText: autoDraw = False
39.9929 	EXP 	diffText: autoDraw = False
39.9929 	EXP 	leftCL: autoDraw = False
39.9929 	EXP 	rightCL: autoDraw = False
40.0780 	DATA 	Mouse:  Left button up, pos=(479,148)
40.4798 	EXP 	Created sequence: random, trialTypes=1, nReps=3, seed=None
40.4800 	EXP 	New trial (rep=0, index=0): None
40.5430 	EXP 	retIMG: image = 'images/OBJ_170.png'
40.5430 	EXP 	retIMG: autoDraw = True
42.0424 	EXP 	retIMG: autoDraw = False
42.0424 	EXP 	retIMG: autoDraw = False
42.0424 	EXP 	question_text: autoDraw = True
43.0420 	EXP 	question_text: autoDraw = False
43.0420 	EXP 	question_text: autoDraw = False
43.0420 	EXP 	decisionQ_2: autoDraw = True
43.0420 	EXP 	first_left: autoDraw = True
43.0420 	EXP 	second_middle: autoDraw = True
43.0420 	EXP 	third_right: autoDraw = True
43.0420 	EXP 	First: autoDraw = True
43.0420 	EXP 	Second: autoDraw = True
43.0420 	EXP 	Third: autoDraw = True
43.4921 	DATA 	Mouse: Left button down, pos=(638,555)
43.5086 	EXP 	decisionQ_2: autoDraw = False
43.5086 	EXP 	first_left: autoDraw = False
43.5086 	EXP 	second_middle: autoDraw = False
43.5086 	EXP 	third_right: autoDraw = False
43.5086 	EXP 	First: autoDraw = False
43.5086 	EXP 	Second: autoDraw = False
43.5086 	EXP 	Third: autoDraw = False
43.5776 	DATA 	Mouse:  Left button up, pos=(638,555)
43.9935 	EXP 	New trial (rep=1, index=0): None
44.0250 	EXP 	retIMG: image = 'images/OBJ_163.png'
44.0250 	EXP 	retIMG: autoDraw = True
45.5247 	EXP 	retIMG: autoDraw = False
45.5247 	EXP 	retIMG: autoDraw = False
45.5247 	EXP 	question_text: autoDraw = True
46.5244 	EXP 	question_text: autoDraw = False
46.5244 	EXP 	question_text: autoDraw = False
46.5244 	EXP 	decisionQ_2: autoDraw = True
46.5244 	EXP 	first_left: autoDraw = True
46.5244 	EXP 	second_middle: autoDraw = True
46.5244 	EXP 	third_right: autoDraw = True
46.5244 	EXP 	First: autoDraw = True
46.5244 	EXP 	Second: autoDraw = True
46.5244 	EXP 	Third: autoDraw = True
46.7785 	DATA 	Mouse: Left button down, pos=(645,357)
46.8076 	EXP 	decisionQ_2: autoDraw = False
46.8076 	EXP 	first_left: autoDraw = False
46.8076 	EXP 	second_middle: autoDraw = False
46.8076 	EXP 	third_right: autoDraw = False
46.8076 	EXP 	First: autoDraw = False
46.8076 	EXP 	Second: autoDraw = False
46.8076 	EXP 	Third: autoDraw = False
46.8926 	DATA 	Mouse:  Left button up, pos=(645,357)
47.2926 	EXP 	New trial (rep=2, index=0): None
47.3242 	EXP 	retIMG: image = 'images/OBJ_158.png'
47.3242 	EXP 	retIMG: autoDraw = True
48.8237 	EXP 	retIMG: autoDraw = False
48.8237 	EXP 	retIMG: autoDraw = False
48.8237 	EXP 	question_text: autoDraw = True
49.8234 	EXP 	question_text: autoDraw = False
49.8234 	EXP 	question_text: autoDraw = False
49.8234 	EXP 	decisionQ_2: autoDraw = True
49.8234 	EXP 	first_left: autoDraw = True
49.8234 	EXP 	second_middle: autoDraw = True
49.8234 	EXP 	third_right: autoDraw = True
49.8234 	EXP 	First: autoDraw = True
49.8234 	EXP 	Second: autoDraw = True
49.8234 	EXP 	Third: autoDraw = True
50.1069 	DATA 	Mouse: Left button down, pos=(593,556)
50.1233 	EXP 	decisionQ_2: autoDraw = False
50.1233 	EXP 	first_left: autoDraw = False
50.1233 	EXP 	second_middle: autoDraw = False
50.1233 	EXP 	third_right: autoDraw = False
50.1233 	EXP 	First: autoDraw = False
50.1233 	EXP 	Second: autoDraw = False
50.1233 	EXP 	Third: autoDraw = False
50.2416 	DATA 	Mouse:  Left button up, pos=(593,556)
50.6232 	EXP 	BlockBreak: autoDraw = True
52.7779 	EXP 	Created sequence: random, trialTypes=1, nReps=2, seed=None
52.7781 	EXP 	New trial (rep=0, index=0): None
52.9207 	EXP 	window1: mouseVisible = True
