3.9754 	WARNING 	We strongly recommend you activate the PTB sound engine in PsychoPy prefs as the preferred audio engine. Its timing is vastly superior. Your prefs are currently set to use ['sounddevice', 'PTB', 'pyo', 'pygame'] (in that order).
37.3892 	WARNING 	User requested fullscreen with size [1280  720], but screen is actually [1280, 1024]. Using actual size
37.8209 	EXP 	Created window1 = Window(allowGUI=False, allowStencil=False, autoLog=True, backendConf=UNKNOWN, bitsMode=UNKNOWN, blendMode='avg', bpc=(8, 8, 8), color=array([0, 0, 0]), colorSpace='rgb', depthBits=8, fullscr=<method-wrapper '__getattribute__' of attributeSetter object at 0x00000207352A9730>, gamma=None, gammaErrorPolicy='raise', lms=UNKNOWN, monitor=<psychopy.monitors.calibTools.Monitor object at 0x0000020737A8F850>, multiSample=False, name='window1', numSamples=2, pos=[0.0, 0.0], screen=0, size=array([1280, 1024]), stencilBits=0, stereo=False, units='height', useFBO=True, useRetina=False, viewOri=0.0, viewPos=None, viewScale=None, waitBlanking=True, winType='pyglet')
37.8211 	EXP 	window1: mouseVisible = True
37.8212 	EXP 	window1: recordFrameIntervals = False
37.9872 	EXP 	window1: recordFrameIntervals = True
38.1707 	EXP 	window1: recordFrameIntervals = False
38.2391 	EXP 	Created Instructions = TextStim(__class__=<class 'psychopy.visual.text.TextStim'>, alignHoriz=method-wrapper(...), alignText='center', alignVert=method-wrapper(...), anchorHoriz='center', anchorVert='center', antialias=True, autoLog=True, bold=False, color=array([1, 1, 1]), colorSpace='rgb', contrast=1.0, depth=0.0, flipHoriz=False, flipVert=False, font='Arial', fontFiles=[], height=0.03, italic=False, languageStyle='LTR', name='Instructions', opacity=1, ori=0, pos=array([0., 0.]), rgb=UNKNOWN, text=str(...), units='height', win=Window(...), wrapWidth=1)
38.2424 	EXP 	Created Triplet1 = ImageStim(__class__=<class 'psychopy.visual.image.ImageStim'>, autoLog=True, color=array([1, 1, 1]), colorSpace='rgb', contrast=1.0, depth=-1.0, flipHoriz=False, flipVert=False, image='sin', interpolate=True, mask=None, maskParams=None, name='Triplet1', opacity=1, ori=0.0, pos=array([0., 0.]), size=array([0.3, 0.3]), texRes=128, units='height', win=Window(...))
38.2460 	EXP 	Created Triplet2 = ImageStim(__class__=<class 'psychopy.visual.image.ImageStim'>, autoLog=True, color=array([1, 1, 1]), colorSpace='rgb', contrast=1.0, depth=-2.0, flipHoriz=False, flipVert=False, image='sin', interpolate=True, mask=None, maskParams=None, name='Triplet2', opacity=1, ori=0.0, pos=array([0., 0.]), size=array([0.3, 0.3]), texRes=128, units='height', win=Window(...))
38.2514 	EXP 	Created Triplet3 = ImageStim(__class__=<class 'psychopy.visual.image.ImageStim'>, autoLog=True, color=array([1, 1, 1]), colorSpace='rgb', contrast=1.0, depth=-3.0, flipHoriz=False, flipVert=False, image='sin', interpolate=True, mask=None, maskParams=None, name='Triplet3', opacity=1, ori=0.0, pos=array([0., 0.]), size=array([0.3, 0.3]), texRes=128, units='height', win=Window(...))
38.2515 	EXP 	Sound sound_pop set volume 1.000
38.2515 	EXP 	Sound sound_pop2 set volume 1.000
38.2515 	EXP 	Sound sound_pop3 set volume 1.000
38.3422 	EXP 	Created Mask = ImageStim(__class__=<class 'psychopy.visual.image.ImageStim'>, autoLog=True, color=array([1, 1, 1]), colorSpace='rgb', contrast=1.0, depth=0.0, flipHoriz=False, flipVert=False, image='images/Mask.png', interpolate=True, mask=None, maskParams=None, name='Mask', opacity=1, ori=0.0, pos=array([0., 0.]), size=array([1.5, 0.5]), texRes=128, units='height', win=Window(...))
38.3510 	EXP 	Created img1 = ImageStim(__class__=<class 'psychopy.visual.image.ImageStim'>, autoLog=True, color=array([1, 1, 1]), colorSpace='rgb', contrast=1.0, depth=-1.0, flipHoriz=False, flipVert=False, image='sin', interpolate=True, mask=None, maskParams=None, name='img1', opacity=1, ori=0.0, pos=array([0., 0.]), size=array([0.3, 0.3]), texRes=128, units='height', win=Window(...))
38.3553 	EXP 	Created img2 = ImageStim(__class__=<class 'psychopy.visual.image.ImageStim'>, autoLog=True, color=array([1, 1, 1]), colorSpace='rgb', contrast=1.0, depth=-2.0, flipHoriz=False, flipVert=False, image='sin', interpolate=True, mask=None, maskParams=None, name='img2', opacity=1, ori=0.0, pos=array([0., 0.]), size=array([0.3, 0.3]), texRes=128, units='height', win=Window(...))
38.3600 	EXP 	Created img3 = ImageStim(__class__=<class 'psychopy.visual.image.ImageStim'>, autoLog=True, color=array([1, 1, 1]), colorSpace='rgb', contrast=1.0, depth=-3.0, flipHoriz=False, flipVert=False, image='sin', interpolate=True, mask=None, maskParams=None, name='img3', opacity=1, ori=0.0, pos=array([0., 0.]), size=array([0.3, 0.3]), texRes=128, units='height', win=Window(...))
38.3601 	EXP 	Sound sound_pop4 set volume 1.000
38.3601 	EXP 	Sound sound_pop5 set volume 1.000
38.3601 	EXP 	Sound sound_pop6 set volume 1.000
38.3637 	EXP 	Created text_2 = TextStim(__class__=<class 'psychopy.visual.text.TextStim'>, alignHoriz=method-wrapper(...), alignText='center', alignVert=method-wrapper(...), anchorHoriz='center', anchorVert='center', antialias=True, autoLog=True, bold=False, color=array([1, 1, 1]), colorSpace='rgb', contrast=1.0, depth=0.0, flipHoriz=False, flipVert=False, font='Arial', fontFiles=[], height=0.03, italic=False, languageStyle='LTR', name='text_2', opacity=1, ori=0, pos=array([0., 0.]), rgb=UNKNOWN, text=str(...), units='height', win=Window(...), wrapWidth=1)
38.3663 	EXP 	Created text = TextStim(__class__=<class 'psychopy.visual.text.TextStim'>, alignHoriz=method-wrapper(...), alignText='center', alignVert=method-wrapper(...), anchorHoriz='center', anchorVert='center', antialias=True, autoLog=True, bold=False, color=array([1, 1, 1]), colorSpace='rgb', contrast=1.0, depth=-1.0, flipHoriz=False, flipVert=False, font='Arial', fontFiles=[], height=0.03, italic=False, languageStyle='LTR', name='text', opacity=1, ori=0, pos=array([0., 0.]), rgb=UNKNOWN, text=str(...), units='height', win=Window(...), wrapWidth=1)
38.3666 	EXP 	Created sameText = TextStim(__class__=<class 'psychopy.visual.text.TextStim'>, alignHoriz=method-wrapper(...), alignText='center', alignVert=method-wrapper(...), anchorHoriz='center', anchorVert='center', antialias=True, autoLog=True, bold=False, color=array([1, 1, 1]), colorSpace='rgb', contrast=1.0, depth=-2.0, flipHoriz=False, flipVert=False, font='Arial', fontFiles=[], height=0.03, italic=False, languageStyle='LTR', name='sameText', opacity=1, ori=0, pos=array([-0.2, -0.3]), rgb=UNKNOWN, text='', units='height', win=Window(...), wrapWidth=1)
38.3670 	EXP 	Created diffText = TextStim(__class__=<class 'psychopy.visual.text.TextStim'>, alignHoriz=method-wrapper(...), alignText='center', alignVert=method-wrapper(...), anchorHoriz='center', anchorVert='center', antialias=True, autoLog=True, bold=False, color=array([1, 1, 1]), colorSpace='rgb', contrast=1.0, depth=-3.0, flipHoriz=False, flipVert=False, font='Arial', fontFiles=[], height=0.03, italic=False, languageStyle='LTR', name='diffText', opacity=1, ori=0, pos=array([ 0.2, -0.3]), rgb=UNKNOWN, text='', units='height', win=Window(...), wrapWidth=1)
38.3676 	EXP 	Created leftCL = Rect(__class__=<class 'psychopy.visual.rect.Rect'>, autoDraw=False, autoLog=True, closeShape=True, color=method-wrapper(...), colorSpace='rgb', contrast=None, depth=-4.0, fillColor=array([1., 1., 1.]), fillColorSpace='rgb', fillRGB=UNKNOWN, interpolate=True, lineColor=array([1, 1, 1]), lineColorSpace='rgb', lineRGB=UNKNOWN, lineWidth=3, name='leftCL', opacity=0.5, ori=0.0, pos=array([-0.2, -0.3]), size=array([-0.2, -0.2]), units='height', vertices=ndarray(...), win=Window(...))
38.3682 	EXP 	Created rightCL = Rect(__class__=<class 'psychopy.visual.rect.Rect'>, autoDraw=False, autoLog=True, closeShape=True, color=method-wrapper(...), colorSpace='rgb', contrast=None, depth=-5.0, fillColor=array([1., 1., 1.]), fillColorSpace='rgb', fillRGB=UNKNOWN, interpolate=True, lineColor=array([1, 1, 1]), lineColorSpace='rgb', lineRGB=UNKNOWN, lineWidth=3, name='rightCL', opacity=0.5, ori=0.0, pos=array([ 0.2, -0.3]), size=array([0.2, 0.2]), units='height', vertices=ndarray(...), win=Window(...))
38.3683 	EXP 	window1: mouseVisible = True
38.3683 	EXP 	Sound clickedSound set volume 1.000
38.3713 	EXP 	Created retIMG = ImageStim(__class__=<class 'psychopy.visual.image.ImageStim'>, autoLog=True, color=array([1, 1, 1]), colorSpace='rgb', contrast=1.0, depth=-1.0, flipHoriz=False, flipVert=False, image='sin', interpolate=True, mask=None, maskParams=None, name='retIMG', opacity=1, ori=0.0, pos=array([0., 0.]), size=array([0.3, 0.3]), texRes=128, units='height', win=Window(...))
38.3713 	EXP 	Sound sound_pop7 set volume 1.000
38.3985 	EXP 	Created question_text = TextStim(__class__=<class 'psychopy.visual.text.TextStim'>, alignHoriz=method-wrapper(...), alignText='center', alignVert=method-wrapper(...), anchorHoriz='center', anchorVert='center', antialias=True, autoLog=True, bold=False, color=array([1, 1, 1]), colorSpace='rgb', contrast=1.0, depth=0.0, flipHoriz=False, flipVert=False, font='Arial', fontFiles=[], height=0.03, italic=False, languageStyle='LTR', name='question_text', opacity=1, ori=0, pos=array([0. , 0.3]), rgb=UNKNOWN, text='When did you see this object?', units='height', win=Window(...), wrapWidth=1)
38.4004 	EXP 	Created decisionQ_2 = TextStim(__class__=<class 'psychopy.visual.text.TextStim'>, alignHoriz=method-wrapper(...), alignText='center', alignVert=method-wrapper(...), anchorHoriz='center', anchorVert='center', antialias=True, autoLog=True, bold=False, color=array([1, 1, 1]), colorSpace='rgb', contrast=1.0, depth=-1.0, flipHoriz=False, flipVert=False, font='Arial', fontFiles=[], height=0.03, italic=False, languageStyle='LTR', name='decisionQ_2', opacity=1, ori=0, pos=array([0. , 0.3]), rgb=UNKNOWN, text='When did you see this object?', units='height', win=Window(...), wrapWidth=1)
38.4009 	EXP 	Created first_left = Rect(__class__=<class 'psychopy.visual.rect.Rect'>, autoDraw=False, autoLog=True, closeShape=True, color=method-wrapper(...), colorSpace='rgb', contrast=None, depth=-2.0, fillColor=array([1, 1, 1]), fillColorSpace='rgb', fillRGB=UNKNOWN, interpolate=True, lineColor=array([1, 1, 1]), lineColorSpace='rgb', lineRGB=UNKNOWN, lineWidth=3, name='first_left', opacity=0.5, ori=0.0, pos=array([0. , 0.1]), size=array([0.15, 0.15]), units='height', vertices=ndarray(...), win=Window(...))
38.4013 	EXP 	Created second_middle = Rect(__class__=<class 'psychopy.visual.rect.Rect'>, autoDraw=False, autoLog=True, closeShape=True, color=method-wrapper(...), colorSpace='rgb', contrast=None, depth=-3.0, fillColor=array([1, 1, 1]), fillColorSpace='rgb', fillRGB=UNKNOWN, interpolate=True, lineColor=array([1, 1, 1]), lineColorSpace='rgb', lineRGB=UNKNOWN, lineWidth=3, name='second_middle', opacity=0.5, ori=0.0, pos=array([ 0. , -0.1]), size=array([0.15, 0.15]), units='height', vertices=ndarray(...), win=Window(...))
38.4018 	EXP 	Created third_right = Rect(__class__=<class 'psychopy.visual.rect.Rect'>, autoDraw=False, autoLog=True, closeShape=True, color=method-wrapper(...), colorSpace='rgb', contrast=None, depth=-4.0, fillColor=array([1, 1, 1]), fillColorSpace='rgb', fillRGB=UNKNOWN, interpolate=True, lineColor=array([1, 1, 1]), lineColorSpace='rgb', lineRGB=UNKNOWN, lineWidth=3, name='third_right', opacity=0.5, ori=0.0, pos=array([ 0. , -0.3]), size=array([0.15, 0.15]), units='height', vertices=ndarray(...), win=Window(...))
38.4040 	EXP 	Created First = TextStim(__class__=<class 'psychopy.visual.text.TextStim'>, alignHoriz=method-wrapper(...), alignText='center', alignVert=method-wrapper(...), anchorHoriz='center', anchorVert='center', antialias=True, autoLog=True, bold=False, color=array([1, 1, 1]), colorSpace='rgb', contrast=1.0, depth=-5.0, flipHoriz=False, flipVert=False, font='Arial', fontFiles=[], height=0.03, italic=False, languageStyle='LTR', name='First', opacity=1, ori=0, pos=array([0. , 0.1]), rgb=UNKNOWN, text='First', units='height', win=Window(...), wrapWidth=1)
38.4055 	EXP 	Created Second = TextStim(__class__=<class 'psychopy.visual.text.TextStim'>, alignHoriz=method-wrapper(...), alignText='center', alignVert=method-wrapper(...), anchorHoriz='center', anchorVert='center', antialias=True, autoLog=True, bold=False, color=array([1, 1, 1]), colorSpace='rgb', contrast=1.0, depth=-6.0, flipHoriz=False, flipVert=False, font='Arial', fontFiles=[], height=0.03, italic=False, languageStyle='LTR', name='Second', opacity=1, ori=0, pos=array([ 0. , -0.1]), rgb=UNKNOWN, text='Second', units='height', win=Window(...), wrapWidth=1)
38.4070 	EXP 	Created Third = TextStim(__class__=<class 'psychopy.visual.text.TextStim'>, alignHoriz=method-wrapper(...), alignText='center', alignVert=method-wrapper(...), anchorHoriz='center', anchorVert='center', antialias=True, autoLog=True, bold=False, color=array([1, 1, 1]), colorSpace='rgb', contrast=1.0, depth=-7.0, flipHoriz=False, flipVert=False, font='Arial', fontFiles=[], height=0.03, italic=False, languageStyle='LTR', name='Third', opacity=1, ori=0, pos=array([ 0. , -0.3]), rgb=UNKNOWN, text='Third', units='height', win=Window(...), wrapWidth=1)
38.4071 	EXP 	window1: mouseVisible = True
38.4071 	EXP 	Sound clickedSound set volume 1.000
38.4140 	EXP 	Created BlockBreak = TextStim(__class__=<class 'psychopy.visual.text.TextStim'>, alignHoriz=method-wrapper(...), alignText='center', alignVert=method-wrapper(...), anchorHoriz='center', anchorVert='center', antialias=True, autoLog=True, bold=False, color=array([1, 1, 1]), colorSpace='rgb', contrast=1.0, depth=0.0, flipHoriz=False, flipVert=False, font='Arial', fontFiles=[], height=0.03, italic=False, languageStyle='LTR', name='BlockBreak', opacity=1, ori=0, pos=array([0., 0.]), rgb=UNKNOWN, text=str(...), units='height', win=Window(...), wrapWidth=1)
38.4256 	EXP 	Created text_4 = TextStim(__class__=<class 'psychopy.visual.text.TextStim'>, alignHoriz=method-wrapper(...), alignText='center', alignVert=method-wrapper(...), anchorHoriz='center', anchorVert='center', antialias=True, autoLog=True, bold=False, color=array([1, 1, 1]), colorSpace='rgb', contrast=1.0, depth=-1.0, flipHoriz=False, flipVert=False, font='Open Sans', fontFiles=[], height=0.03, italic=False, languageStyle='LTR', name='text_4', opacity=1, ori=0.0, pos=array([0., 0.]), rgb=UNKNOWN, text=str(...), units='height', win=Window(...), wrapWidth=1)
38.4288 	EXP 	Created Triplet1 = ImageStim(__class__=<class 'psychopy.visual.image.ImageStim'>, autoLog=True, color=array([1, 1, 1]), colorSpace='rgb', contrast=1.0, depth=-1.0, flipHoriz=False, flipVert=False, image='sin', interpolate=True, mask=None, maskParams=None, name='Triplet1', opacity=1, ori=0.0, pos=array([0., 0.]), size=array([0.3, 0.3]), texRes=128, units='height', win=Window(...))
38.4318 	EXP 	Created Triplet2 = ImageStim(__class__=<class 'psychopy.visual.image.ImageStim'>, autoLog=True, color=array([1, 1, 1]), colorSpace='rgb', contrast=1.0, depth=-2.0, flipHoriz=False, flipVert=False, image='sin', interpolate=True, mask=None, maskParams=None, name='Triplet2', opacity=1, ori=0.0, pos=array([0., 0.]), size=array([0.3, 0.3]), texRes=128, units='height', win=Window(...))
38.4358 	EXP 	Created Triplet3 = ImageStim(__class__=<class 'psychopy.visual.image.ImageStim'>, autoLog=True, color=array([1, 1, 1]), colorSpace='rgb', contrast=1.0, depth=-3.0, flipHoriz=False, flipVert=False, image='sin', interpolate=True, mask=None, maskParams=None, name='Triplet3', opacity=1, ori=0.0, pos=array([0., 0.]), size=array([0.3, 0.3]), texRes=128, units='height', win=Window(...))
38.4359 	EXP 	Sound sound_pop set volume 1.000
38.4359 	EXP 	Sound sound_pop2 set volume 1.000
38.4360 	EXP 	Sound sound_pop3 set volume 1.000
38.5254 	EXP 	Created Mask = ImageStim(__class__=<class 'psychopy.visual.image.ImageStim'>, autoLog=True, color=array([1, 1, 1]), colorSpace='rgb', contrast=1.0, depth=0.0, flipHoriz=False, flipVert=False, image='images/Mask.png', interpolate=True, mask=None, maskParams=None, name='Mask', opacity=1, ori=0.0, pos=array([0., 0.]), size=array([1.5, 0.5]), texRes=128, units='height', win=Window(...))
38.5311 	EXP 	Created img1 = ImageStim(__class__=<class 'psychopy.visual.image.ImageStim'>, autoLog=True, color=array([1, 1, 1]), colorSpace='rgb', contrast=1.0, depth=-1.0, flipHoriz=False, flipVert=False, image='sin', interpolate=True, mask=None, maskParams=None, name='img1', opacity=1, ori=0.0, pos=array([0., 0.]), size=array([0.3, 0.3]), texRes=128, units='height', win=Window(...))
38.5351 	EXP 	Created img2 = ImageStim(__class__=<class 'psychopy.visual.image.ImageStim'>, autoLog=True, color=array([1, 1, 1]), colorSpace='rgb', contrast=1.0, depth=-2.0, flipHoriz=False, flipVert=False, image='sin', interpolate=True, mask=None, maskParams=None, name='img2', opacity=1, ori=0.0, pos=array([0., 0.]), size=array([0.3, 0.3]), texRes=128, units='height', win=Window(...))
38.5390 	EXP 	Created img3 = ImageStim(__class__=<class 'psychopy.visual.image.ImageStim'>, autoLog=True, color=array([1, 1, 1]), colorSpace='rgb', contrast=1.0, depth=-3.0, flipHoriz=False, flipVert=False, image='sin', interpolate=True, mask=None, maskParams=None, name='img3', opacity=1, ori=0.0, pos=array([0., 0.]), size=array([0.3, 0.3]), texRes=128, units='height', win=Window(...))
38.5391 	EXP 	Sound sound_pop4 set volume 1.000
38.5391 	EXP 	Sound sound_pop5 set volume 1.000
38.5391 	EXP 	Sound sound_pop6 set volume 1.000
38.5426 	EXP 	Created text_2 = TextStim(__class__=<class 'psychopy.visual.text.TextStim'>, alignHoriz=method-wrapper(...), alignText='center', alignVert=method-wrapper(...), anchorHoriz='center', anchorVert='center', antialias=True, autoLog=True, bold=False, color=array([1, 1, 1]), colorSpace='rgb', contrast=1.0, depth=0.0, flipHoriz=False, flipVert=False, font='Arial', fontFiles=[], height=0.03, italic=False, languageStyle='LTR', name='text_2', opacity=1, ori=0, pos=array([0., 0.]), rgb=UNKNOWN, text=str(...), units='height', win=Window(...), wrapWidth=1)
38.5448 	EXP 	Created text = TextStim(__class__=<class 'psychopy.visual.text.TextStim'>, alignHoriz=method-wrapper(...), alignText='center', alignVert=method-wrapper(...), anchorHoriz='center', anchorVert='center', antialias=True, autoLog=True, bold=False, color=array([1, 1, 1]), colorSpace='rgb', contrast=1.0, depth=-1.0, flipHoriz=False, flipVert=False, font='Arial', fontFiles=[], height=0.03, italic=False, languageStyle='LTR', name='text', opacity=1, ori=0, pos=array([0., 0.]), rgb=UNKNOWN, text=str(...), units='height', win=Window(...), wrapWidth=1)
38.5452 	EXP 	Created sameText = TextStim(__class__=<class 'psychopy.visual.text.TextStim'>, alignHoriz=method-wrapper(...), alignText='center', alignVert=method-wrapper(...), anchorHoriz='center', anchorVert='center', antialias=True, autoLog=True, bold=False, color=array([1, 1, 1]), colorSpace='rgb', contrast=1.0, depth=-2.0, flipHoriz=False, flipVert=False, font='Arial', fontFiles=[], height=0.03, italic=False, languageStyle='LTR', name='sameText', opacity=1, ori=0, pos=array([-0.2, -0.3]), rgb=UNKNOWN, text='', units='height', win=Window(...), wrapWidth=1)
38.5456 	EXP 	Created diffText = TextStim(__class__=<class 'psychopy.visual.text.TextStim'>, alignHoriz=method-wrapper(...), alignText='center', alignVert=method-wrapper(...), anchorHoriz='center', anchorVert='center', antialias=True, autoLog=True, bold=False, color=array([1, 1, 1]), colorSpace='rgb', contrast=1.0, depth=-3.0, flipHoriz=False, flipVert=False, font='Arial', fontFiles=[], height=0.03, italic=False, languageStyle='LTR', name='diffText', opacity=1, ori=0, pos=array([ 0.2, -0.3]), rgb=UNKNOWN, text='', units='height', win=Window(...), wrapWidth=1)
38.5462 	EXP 	Created leftCL = Rect(__class__=<class 'psychopy.visual.rect.Rect'>, autoDraw=False, autoLog=True, closeShape=True, color=method-wrapper(...), colorSpace='rgb', contrast=None, depth=-4.0, fillColor=array([1., 1., 1.]), fillColorSpace='rgb', fillRGB=UNKNOWN, interpolate=True, lineColor=array([1, 1, 1]), lineColorSpace='rgb', lineRGB=UNKNOWN, lineWidth=3, name='leftCL', opacity=0.5, ori=0.0, pos=array([-0.2, -0.3]), size=array([-0.2, -0.2]), units='height', vertices=ndarray(...), win=Window(...))
38.5468 	EXP 	Created rightCL = Rect(__class__=<class 'psychopy.visual.rect.Rect'>, autoDraw=False, autoLog=True, closeShape=True, color=method-wrapper(...), colorSpace='rgb', contrast=None, depth=-5.0, fillColor=array([1., 1., 1.]), fillColorSpace='rgb', fillRGB=UNKNOWN, interpolate=True, lineColor=array([1, 1, 1]), lineColorSpace='rgb', lineRGB=UNKNOWN, lineWidth=3, name='rightCL', opacity=0.5, ori=0.0, pos=array([ 0.2, -0.3]), size=array([0.2, 0.2]), units='height', vertices=ndarray(...), win=Window(...))
38.5469 	EXP 	window1: mouseVisible = True
38.5470 	EXP 	Sound clickedSound set volume 1.000
38.5499 	EXP 	Created retIMG = ImageStim(__class__=<class 'psychopy.visual.image.ImageStim'>, autoLog=True, color=array([1, 1, 1]), colorSpace='rgb', contrast=1.0, depth=-1.0, flipHoriz=False, flipVert=False, image='sin', interpolate=True, mask=None, maskParams=None, name='retIMG', opacity=1, ori=0.0, pos=array([0., 0.]), size=array([0.3, 0.3]), texRes=128, units='height', win=Window(...))
38.5499 	EXP 	Sound sound_pop7 set volume 1.000
38.5517 	EXP 	Created question_text = TextStim(__class__=<class 'psychopy.visual.text.TextStim'>, alignHoriz=method-wrapper(...), alignText='center', alignVert=method-wrapper(...), anchorHoriz='center', anchorVert='center', antialias=True, autoLog=True, bold=False, color=array([1, 1, 1]), colorSpace='rgb', contrast=1.0, depth=0.0, flipHoriz=False, flipVert=False, font='Arial', fontFiles=[], height=0.03, italic=False, languageStyle='LTR', name='question_text', opacity=1, ori=0, pos=array([0. , 0.3]), rgb=UNKNOWN, text='When did you see this object?', units='height', win=Window(...), wrapWidth=1)
38.5535 	EXP 	Created decisionQ_2 = TextStim(__class__=<class 'psychopy.visual.text.TextStim'>, alignHoriz=method-wrapper(...), alignText='center', alignVert=method-wrapper(...), anchorHoriz='center', anchorVert='center', antialias=True, autoLog=True, bold=False, color=array([1, 1, 1]), colorSpace='rgb', contrast=1.0, depth=-1.0, flipHoriz=False, flipVert=False, font='Arial', fontFiles=[], height=0.03, italic=False, languageStyle='LTR', name='decisionQ_2', opacity=1, ori=0, pos=array([0. , 0.3]), rgb=UNKNOWN, text='When did you see this object?', units='height', win=Window(...), wrapWidth=1)
38.5541 	EXP 	Created first_left = Rect(__class__=<class 'psychopy.visual.rect.Rect'>, autoDraw=False, autoLog=True, closeShape=True, color=method-wrapper(...), colorSpace='rgb', contrast=None, depth=-2.0, fillColor=array([1, 1, 1]), fillColorSpace='rgb', fillRGB=UNKNOWN, interpolate=True, lineColor=array([1, 1, 1]), lineColorSpace='rgb', lineRGB=UNKNOWN, lineWidth=3, name='first_left', opacity=0.5, ori=0.0, pos=array([0. , 0.1]), size=array([0.15, 0.15]), units='height', vertices=ndarray(...), win=Window(...))
38.5545 	EXP 	Created second_middle = Rect(__class__=<class 'psychopy.visual.rect.Rect'>, autoDraw=False, autoLog=True, closeShape=True, color=method-wrapper(...), colorSpace='rgb', contrast=None, depth=-3.0, fillColor=array([1, 1, 1]), fillColorSpace='rgb', fillRGB=UNKNOWN, interpolate=True, lineColor=array([1, 1, 1]), lineColorSpace='rgb', lineRGB=UNKNOWN, lineWidth=3, name='second_middle', opacity=0.5, ori=0.0, pos=array([ 0. , -0.1]), size=array([0.15, 0.15]), units='height', vertices=ndarray(...), win=Window(...))
38.5550 	EXP 	Created third_right = Rect(__class__=<class 'psychopy.visual.rect.Rect'>, autoDraw=False, autoLog=True, closeShape=True, color=method-wrapper(...), colorSpace='rgb', contrast=None, depth=-4.0, fillColor=array([1, 1, 1]), fillColorSpace='rgb', fillRGB=UNKNOWN, interpolate=True, lineColor=array([1, 1, 1]), lineColorSpace='rgb', lineRGB=UNKNOWN, lineWidth=3, name='third_right', opacity=0.5, ori=0.0, pos=array([ 0. , -0.3]), size=array([0.15, 0.15]), units='height', vertices=ndarray(...), win=Window(...))
38.5566 	EXP 	Created First = TextStim(__class__=<class 'psychopy.visual.text.TextStim'>, alignHoriz=method-wrapper(...), alignText='center', alignVert=method-wrapper(...), anchorHoriz='center', anchorVert='center', antialias=True, autoLog=True, bold=False, color=array([1, 1, 1]), colorSpace='rgb', contrast=1.0, depth=-5.0, flipHoriz=False, flipVert=False, font='Arial', fontFiles=[], height=0.03, italic=False, languageStyle='LTR', name='First', opacity=1, ori=0, pos=array([0. , 0.1]), rgb=UNKNOWN, text='First', units='height', win=Window(...), wrapWidth=1)
38.5581 	EXP 	Created Second = TextStim(__class__=<class 'psychopy.visual.text.TextStim'>, alignHoriz=method-wrapper(...), alignText='center', alignVert=method-wrapper(...), anchorHoriz='center', anchorVert='center', antialias=True, autoLog=True, bold=False, color=array([1, 1, 1]), colorSpace='rgb', contrast=1.0, depth=-6.0, flipHoriz=False, flipVert=False, font='Arial', fontFiles=[], height=0.03, italic=False, languageStyle='LTR', name='Second', opacity=1, ori=0, pos=array([ 0. , -0.1]), rgb=UNKNOWN, text='Second', units='height', win=Window(...), wrapWidth=1)
38.5596 	EXP 	Created Third = TextStim(__class__=<class 'psychopy.visual.text.TextStim'>, alignHoriz=method-wrapper(...), alignText='center', alignVert=method-wrapper(...), anchorHoriz='center', anchorVert='center', antialias=True, autoLog=True, bold=False, color=array([1, 1, 1]), colorSpace='rgb', contrast=1.0, depth=-7.0, flipHoriz=False, flipVert=False, font='Arial', fontFiles=[], height=0.03, italic=False, languageStyle='LTR', name='Third', opacity=1, ori=0, pos=array([ 0. , -0.3]), rgb=UNKNOWN, text='Third', units='height', win=Window(...), wrapWidth=1)
38.5597 	EXP 	window1: mouseVisible = True
38.5597 	EXP 	Sound clickedSound set volume 1.000
38.5622 	EXP 	Created end = TextStim(__class__=<class 'psychopy.visual.text.TextStim'>, alignHoriz=method-wrapper(...), alignText='center', alignVert=method-wrapper(...), anchorHoriz='center', anchorVert='center', antialias=True, autoLog=True, bold=False, color=array([1, 1, 1]), colorSpace='rgb', contrast=1.0, depth=0.0, flipHoriz=False, flipVert=False, font='Arial', fontFiles=[], height=0.03, italic=False, languageStyle='LTR', name='end', opacity=1, ori=0, pos=array([0., 0.]), rgb=UNKNOWN, text=str(...), units='height', win=Window(...), wrapWidth=1)
38.6146 	EXP 	Instructions: autoDraw = True
40.0559 	EXP 	Created sequence: random, trialTypes=1, nReps=2, seed=None
40.0560 	EXP 	New trial (rep=0, index=0): None
40.2339 	DATA 	Keypress: space
40.2373 	EXP 	Instructions: autoDraw = False
40.2373 	EXP 	Triplet1: pos = array([-0.5,  0. ])
40.2373 	EXP 	Triplet1: image = 'images/OBJ_196.png'
40.2373 	EXP 	Triplet2: pos = array([0., 0.])
40.2373 	EXP 	Triplet2: image = 'images/OBJ_131.png'
40.2373 	EXP 	Triplet3: pos = array([0.5, 0. ])
40.2373 	EXP 	Triplet3: image = 'images/OBJ_171.png'
40.2373 	EXP 	Triplet1: autoDraw = True
41.7525 	EXP 	Triplet1: autoDraw = False
42.2358 	EXP 	Triplet2: autoDraw = True
43.7353 	EXP 	Triplet2: autoDraw = False
44.2352 	EXP 	Triplet3: autoDraw = True
45.7348 	EXP 	Triplet3: autoDraw = False
45.7348 	EXP 	Triplet1: autoDraw = False
45.7348 	EXP 	Triplet2: autoDraw = False
45.7348 	EXP 	Triplet3: autoDraw = False
45.7348 	EXP 	Mask: autoDraw = True
47.3940 	EXP 	Mask: autoDraw = False
47.3940 	EXP 	Mask: autoDraw = False
47.3940 	EXP 	img1: pos = array([0., 0.])
47.3940 	EXP 	img1: image = 'images/OBJ_196.png'
47.3940 	EXP 	img2: pos = array([-0.5,  0. ])
47.3940 	EXP 	img2: image = 'images/OBJ_171.png'
47.3940 	EXP 	img3: pos = array([0.5, 0. ])
47.3940 	EXP 	img3: image = 'images/OBJ_131.png'
47.3940 	EXP 	img1: autoDraw = True
48.9005 	EXP 	img1: autoDraw = False
49.3837 	EXP 	img2: autoDraw = True
50.8832 	EXP 	img2: autoDraw = False
51.3831 	EXP 	img3: autoDraw = True
52.8827 	EXP 	img3: autoDraw = False
52.8827 	EXP 	img1: autoDraw = False
52.8827 	EXP 	img2: autoDraw = False
52.8827 	EXP 	img3: autoDraw = False
52.8827 	EXP 	text_2: autoDraw = True
53.8824 	EXP 	text_2: autoDraw = False
53.8824 	EXP 	text_2: autoDraw = False
53.8824 	EXP 	sameText: text = 'Same'
53.8824 	EXP 	diffText: text = 'Different'
53.8824 	EXP 	text: autoDraw = True
53.8824 	EXP 	sameText: autoDraw = True
53.8824 	EXP 	diffText: autoDraw = True
53.8824 	EXP 	leftCL: autoDraw = True
53.8824 	EXP 	rightCL: autoDraw = True
54.7489 	DATA 	Mouse: Left button down, pos=(894,181)
54.7655 	EXP 	text: autoDraw = False
54.7655 	EXP 	sameText: autoDraw = False
54.7655 	EXP 	diffText: autoDraw = False
54.7655 	EXP 	leftCL: autoDraw = False
54.7655 	EXP 	rightCL: autoDraw = False
54.8669 	DATA 	Mouse:  Left button up, pos=(894,181)
55.2504 	EXP 	New trial (rep=1, index=0): None
55.3547 	EXP 	Triplet1: pos = array([0.5, 0. ])
55.3547 	EXP 	Triplet1: image = 'images/OBJ_95.png'
55.3547 	EXP 	Triplet2: pos = array([-0.5,  0. ])
55.3547 	EXP 	Triplet2: image = 'images/OBJ_73.png'
55.3547 	EXP 	Triplet3: pos = array([0., 0.])
55.3547 	EXP 	Triplet3: image = 'images/OBJ_191.png'
55.3547 	EXP 	Triplet1: autoDraw = True
56.8648 	EXP 	Triplet1: autoDraw = False
57.3480 	EXP 	Triplet2: autoDraw = True
58.8476 	EXP 	Triplet2: autoDraw = False
59.3475 	EXP 	Triplet3: autoDraw = True
60.8470 	EXP 	Triplet3: autoDraw = False
60.8470 	EXP 	Triplet1: autoDraw = False
60.8470 	EXP 	Triplet2: autoDraw = False
60.8470 	EXP 	Triplet3: autoDraw = False
60.8470 	EXP 	Mask: autoDraw = True
62.4240 	EXP 	Mask: autoDraw = False
62.4240 	EXP 	Mask: autoDraw = False
62.4240 	EXP 	img1: pos = array([0.5, 0. ])
62.4240 	EXP 	img1: image = 'images/OBJ_95.png'
62.4240 	EXP 	img2: pos = array([-0.5,  0. ])
62.4240 	EXP 	img2: image = 'images/OBJ_73.png'
62.4240 	EXP 	img3: pos = array([0., 0.])
62.4240 	EXP 	img3: image = 'images/OBJ_191.png'
62.4240 	EXP 	img1: autoDraw = True
63.9295 	EXP 	img1: autoDraw = False
64.4127 	EXP 	img2: autoDraw = True
65.9122 	EXP 	img2: autoDraw = False
66.4121 	EXP 	img3: autoDraw = True
67.9117 	EXP 	img3: autoDraw = False
67.9117 	EXP 	img1: autoDraw = False
67.9117 	EXP 	img2: autoDraw = False
67.9117 	EXP 	img3: autoDraw = False
67.9117 	EXP 	text_2: autoDraw = True
68.9113 	EXP 	text_2: autoDraw = False
68.9113 	EXP 	text_2: autoDraw = False
68.9113 	EXP 	sameText: text = 'Same'
68.9113 	EXP 	diffText: text = 'Different'
68.9113 	EXP 	text: autoDraw = True
68.9113 	EXP 	sameText: autoDraw = True
68.9113 	EXP 	diffText: autoDraw = True
68.9113 	EXP 	leftCL: autoDraw = True
68.9113 	EXP 	rightCL: autoDraw = True
69.5113 	DATA 	Mouse: Left button down, pos=(518,224)
69.5279 	EXP 	text: autoDraw = False
69.5279 	EXP 	sameText: autoDraw = False
69.5279 	EXP 	diffText: autoDraw = False
69.5279 	EXP 	leftCL: autoDraw = False
69.5279 	EXP 	rightCL: autoDraw = False
69.6294 	DATA 	Mouse:  Left button up, pos=(518,223)
70.0137 	EXP 	Created sequence: random, trialTypes=1, nReps=3, seed=None
70.0138 	EXP 	New trial (rep=0, index=0): None
70.0666 	EXP 	retIMG: image = 'images/OBJ_191.png'
70.0666 	EXP 	retIMG: autoDraw = True
71.5772 	EXP 	retIMG: autoDraw = False
71.5772 	EXP 	retIMG: autoDraw = False
71.5772 	EXP 	question_text: autoDraw = True
72.5770 	EXP 	question_text: autoDraw = False
72.5770 	EXP 	question_text: autoDraw = False
72.5770 	EXP 	decisionQ_2: autoDraw = True
72.5770 	EXP 	first_left: autoDraw = True
72.5770 	EXP 	second_middle: autoDraw = True
72.5770 	EXP 	third_right: autoDraw = True
72.5770 	EXP 	First: autoDraw = True
72.5770 	EXP 	Second: autoDraw = True
72.5770 	EXP 	Third: autoDraw = True
72.9436 	DATA 	Mouse: Left button down, pos=(672,408)
72.9602 	EXP 	decisionQ_2: autoDraw = False
72.9602 	EXP 	first_left: autoDraw = False
72.9602 	EXP 	second_middle: autoDraw = False
72.9602 	EXP 	third_right: autoDraw = False
72.9602 	EXP 	First: autoDraw = False
72.9602 	EXP 	Second: autoDraw = False
72.9602 	EXP 	Third: autoDraw = False
73.0448 	DATA 	Mouse:  Left button up, pos=(672,408)
73.4452 	EXP 	New trial (rep=1, index=0): None
73.4719 	EXP 	retIMG: image = 'images/OBJ_95.png'
73.4719 	EXP 	retIMG: autoDraw = True
74.9763 	EXP 	retIMG: autoDraw = False
74.9763 	EXP 	retIMG: autoDraw = False
74.9763 	EXP 	question_text: autoDraw = True
75.9760 	EXP 	question_text: autoDraw = False
75.9760 	EXP 	question_text: autoDraw = False
75.9760 	EXP 	decisionQ_2: autoDraw = True
75.9760 	EXP 	first_left: autoDraw = True
75.9760 	EXP 	second_middle: autoDraw = True
75.9760 	EXP 	third_right: autoDraw = True
75.9760 	EXP 	First: autoDraw = True
75.9760 	EXP 	Second: autoDraw = True
75.9760 	EXP 	Third: autoDraw = True
76.6312 	DATA 	Mouse: Left button down, pos=(561,191)
76.7425 	DATA 	Mouse:  Left button up, pos=(561,191)
77.1424 	DATA 	Mouse: Left button down, pos=(586,197)
77.1589 	EXP 	decisionQ_2: autoDraw = False
77.1589 	EXP 	first_left: autoDraw = False
77.1589 	EXP 	second_middle: autoDraw = False
77.1589 	EXP 	third_right: autoDraw = False
77.1589 	EXP 	First: autoDraw = False
77.1589 	EXP 	Second: autoDraw = False
77.1589 	EXP 	Third: autoDraw = False
77.2774 	DATA 	Mouse:  Left button up, pos=(589,197)
77.6437 	EXP 	New trial (rep=2, index=0): None
77.6672 	EXP 	retIMG: image = 'images/OBJ_73.png'
77.6672 	EXP 	retIMG: autoDraw = True
79.1750 	EXP 	retIMG: autoDraw = False
79.1750 	EXP 	retIMG: autoDraw = False
79.1750 	EXP 	question_text: autoDraw = True
80.1747 	EXP 	question_text: autoDraw = False
80.1747 	EXP 	question_text: autoDraw = False
80.1747 	EXP 	decisionQ_2: autoDraw = True
80.1747 	EXP 	first_left: autoDraw = True
80.1747 	EXP 	second_middle: autoDraw = True
80.1747 	EXP 	third_right: autoDraw = True
80.1747 	EXP 	First: autoDraw = True
80.1747 	EXP 	Second: autoDraw = True
80.1747 	EXP 	Third: autoDraw = True
80.8081 	DATA 	Mouse: Left button down, pos=(654,571)
80.8246 	EXP 	decisionQ_2: autoDraw = False
80.8246 	EXP 	first_left: autoDraw = False
80.8246 	EXP 	second_middle: autoDraw = False
80.8246 	EXP 	third_right: autoDraw = False
80.8246 	EXP 	First: autoDraw = False
80.8246 	EXP 	Second: autoDraw = False
80.8246 	EXP 	Third: autoDraw = False
80.9094 	DATA 	Mouse:  Left button up, pos=(654,571)
81.3244 	EXP 	BlockBreak: autoDraw = True
86.0420 	DATA 	Keypress: q
87.0245 	DATA 	Keypress: y
88.5407 	DATA 	Keypress: quoteleft
90.3070 	DATA 	Keypress: lctrl
91.2917 	DATA 	Mouse: Left button down, pos=(1026,446)
91.4210 	DATA 	Mouse:  Left button up, pos=(1029,447)
91.6705 	DATA 	Keypress: escape
92.4604 	EXP 	Created unnamed TextStim = TextStim(__class__=<class 'psychopy.visual.text.TextStim'>, alignHoriz=method-wrapper(...), alignText='center', alignVert=method-wrapper(...), anchorHoriz='center', anchorVert='center', antialias=True, autoLog=True, bold=False, color=array([-1, -1, -1]), colorSpace='rgb', contrast=1.0, depth=0, flipHoriz=False, flipVert=False, font='', fontFiles=[], height=0.2, italic=False, languageStyle='LTR', name='unnamed TextStim', opacity=1.0, ori=0.0, pos=array([0., 0.]), rgb=UNKNOWN, text=str(...), units='height', win=Window(...), wrapWidth=640.0)
93.9263 	EXP 	window1: mouseVisible = True
