0.8836 	WARNING 	We strongly recommend you activate the PTB sound engine in PsychoPy prefs as the preferred audio engine. Its timing is vastly superior. Your prefs are currently set to use ['sounddevice', 'PTB', 'pyo', 'pygame'] (in that order).
5.8662 	WARNING 	User requested fullscreen with size [1280  720], but screen is actually [1920, 1080]. Using actual size
6.3299 	EXP 	Created window1 = Window(allowGUI=False, allowStencil=False, autoLog=True, backendConf=UNKNOWN, bitsMode=UNKNOWN, blendMode='avg', bpc=(8, 8, 8), color=array([0, 0, 0]), colorSpace='rgb', depthBits=8, fullscr=<method-wrapper '__getattribute__' of attributeSetter object at 0x7fc210417c88>, gamma=None, gammaErrorPolicy='raise', lms=UNKNOWN, monitor=<psychopy.monitors.calibTools.Monitor object at 0x7fc210338e10>, multiSample=False, name='window1', numSamples=2, pos=[0.0, 0.0], screen=0, size=array([1920, 1080]), stencilBits=0, stereo=False, units='height', useFBO=True, useRetina=False, viewOri=0.0, viewPos=None, viewScale=None, waitBlanking=True, winType='pyglet')
6.3306 	EXP 	window1: mouseVisible = True
6.3307 	EXP 	window1: recordFrameIntervals = False
6.4618 	EXP 	window1: recordFrameIntervals = True
6.6090 	EXP 	window1: recordFrameIntervals = False
6.8714 	EXP 	Created Instructions = TextStim(__class__=<class 'psychopy.visual.text.TextStim'>, alignHoriz=method-wrapper(...), alignText='center', alignVert=method-wrapper(...), anchorHoriz='center', anchorVert='center', antialias=True, autoLog=True, bold=False, color=array([1, 1, 1]), colorSpace='rgb', contrast=1.0, depth=0.0, flipHoriz=False, flipVert=False, font='Arial', fontFiles=[], height=0.03, italic=False, languageStyle='LTR', name='Instructions', opacity=1, ori=0, pos=array([0., 0.]), rgb=UNKNOWN, text=str(...), units='height', win=Window(...), wrapWidth=1)
7.0233 	EXP 	Created Triplet1 = ImageStim(__class__=<class 'psychopy.visual.image.ImageStim'>, autoLog=True, color=array([1, 1, 1]), colorSpace='rgb', contrast=1.0, depth=-1.0, flipHoriz=False, flipVert=False, image='sin', interpolate=True, mask=None, maskParams=None, name='Triplet1', opacity=1, ori=0.0, pos=array([0., 0.]), size=array([0.3, 0.3]), texRes=128, units='height', win=Window(...))
7.0257 	EXP 	Created Triplet2 = ImageStim(__class__=<class 'psychopy.visual.image.ImageStim'>, autoLog=True, color=array([1, 1, 1]), colorSpace='rgb', contrast=1.0, depth=-2.0, flipHoriz=False, flipVert=False, image='sin', interpolate=True, mask=None, maskParams=None, name='Triplet2', opacity=1, ori=0.0, pos=array([0., 0.]), size=array([0.3, 0.3]), texRes=128, units='height', win=Window(...))
7.0284 	EXP 	Created Triplet3 = ImageStim(__class__=<class 'psychopy.visual.image.ImageStim'>, autoLog=True, color=array([1, 1, 1]), colorSpace='rgb', contrast=1.0, depth=-3.0, flipHoriz=False, flipVert=False, image='sin', interpolate=True, mask=None, maskParams=None, name='Triplet3', opacity=1, ori=0.0, pos=array([0., 0.]), size=array([0.3, 0.3]), texRes=128, units='height', win=Window(...))
7.0787 	EXP 	Sound sound_pop set volume 1.000
7.0788 	EXP 	Sound sound_pop2 set volume 1.000
7.0788 	EXP 	Sound sound_pop3 set volume 1.000
7.2234 	EXP 	Created Mask = ImageStim(__class__=<class 'psychopy.visual.image.ImageStim'>, autoLog=True, color=array([1, 1, 1]), colorSpace='rgb', contrast=1.0, depth=0.0, flipHoriz=False, flipVert=False, image='images/Mask.png', interpolate=True, mask=None, maskParams=None, name='Mask', opacity=1, ori=0.0, pos=array([0., 0.]), size=array([1.5, 0.5]), texRes=128, units='height', win=Window(...))
7.2263 	EXP 	Created img1 = ImageStim(__class__=<class 'psychopy.visual.image.ImageStim'>, autoLog=True, color=array([1, 1, 1]), colorSpace='rgb', contrast=1.0, depth=-1.0, flipHoriz=False, flipVert=False, image='sin', interpolate=True, mask=None, maskParams=None, name='img1', opacity=1, ori=0.0, pos=array([0., 0.]), size=array([0.3, 0.3]), texRes=128, units='height', win=Window(...))
7.2289 	EXP 	Created img2 = ImageStim(__class__=<class 'psychopy.visual.image.ImageStim'>, autoLog=True, color=array([1, 1, 1]), colorSpace='rgb', contrast=1.0, depth=-2.0, flipHoriz=False, flipVert=False, image='sin', interpolate=True, mask=None, maskParams=None, name='img2', opacity=1, ori=0.0, pos=array([0., 0.]), size=array([0.3, 0.3]), texRes=128, units='height', win=Window(...))
7.2314 	EXP 	Created img3 = ImageStim(__class__=<class 'psychopy.visual.image.ImageStim'>, autoLog=True, color=array([1, 1, 1]), colorSpace='rgb', contrast=1.0, depth=-3.0, flipHoriz=False, flipVert=False, image='sin', interpolate=True, mask=None, maskParams=None, name='img3', opacity=1, ori=0.0, pos=array([0., 0.]), size=array([0.3, 0.3]), texRes=128, units='height', win=Window(...))
7.2314 	EXP 	Sound sound_pop4 set volume 1.000
7.2314 	EXP 	Sound sound_pop5 set volume 1.000
7.2315 	EXP 	Sound sound_pop6 set volume 1.000
7.2359 	EXP 	Created text_2 = TextStim(__class__=<class 'psychopy.visual.text.TextStim'>, alignHoriz=method-wrapper(...), alignText='center', alignVert=method-wrapper(...), anchorHoriz='center', anchorVert='center', antialias=True, autoLog=True, bold=False, color=array([1, 1, 1]), colorSpace='rgb', contrast=1.0, depth=0.0, flipHoriz=False, flipVert=False, font='Arial', fontFiles=[], height=0.03, italic=False, languageStyle='LTR', name='text_2', opacity=1, ori=0, pos=array([0., 0.]), rgb=UNKNOWN, text=str(...), units='height', win=Window(...), wrapWidth=1)
7.2384 	EXP 	Created text = TextStim(__class__=<class 'psychopy.visual.text.TextStim'>, alignHoriz=method-wrapper(...), alignText='center', alignVert=method-wrapper(...), anchorHoriz='center', anchorVert='center', antialias=True, autoLog=True, bold=False, color=array([1, 1, 1]), colorSpace='rgb', contrast=1.0, depth=-1.0, flipHoriz=False, flipVert=False, font='Arial', fontFiles=[], height=0.03, italic=False, languageStyle='LTR', name='text', opacity=1, ori=0, pos=array([0., 0.]), rgb=UNKNOWN, text=str(...), units='height', win=Window(...), wrapWidth=1)
7.2389 	EXP 	Created sameText = TextStim(__class__=<class 'psychopy.visual.text.TextStim'>, alignHoriz=method-wrapper(...), alignText='center', alignVert=method-wrapper(...), anchorHoriz='center', anchorVert='center', antialias=True, autoLog=True, bold=False, color=array([1, 1, 1]), colorSpace='rgb', contrast=1.0, depth=-2.0, flipHoriz=False, flipVert=False, font='Arial', fontFiles=[], height=0.03, italic=False, languageStyle='LTR', name='sameText', opacity=1, ori=0, pos=array([-0.2, -0.3]), rgb=UNKNOWN, text='', units='height', win=Window(...), wrapWidth=1)
7.2393 	EXP 	Created diffText = TextStim(__class__=<class 'psychopy.visual.text.TextStim'>, alignHoriz=method-wrapper(...), alignText='center', alignVert=method-wrapper(...), anchorHoriz='center', anchorVert='center', antialias=True, autoLog=True, bold=False, color=array([1, 1, 1]), colorSpace='rgb', contrast=1.0, depth=-3.0, flipHoriz=False, flipVert=False, font='Arial', fontFiles=[], height=0.03, italic=False, languageStyle='LTR', name='diffText', opacity=1, ori=0, pos=array([ 0.2, -0.3]), rgb=UNKNOWN, text='', units='height', win=Window(...), wrapWidth=1)
7.2419 	EXP 	Created leftCL = Rect(__class__=<class 'psychopy.visual.rect.Rect'>, autoDraw=False, autoLog=True, closeShape=True, color=method-wrapper(...), colorSpace='rgb', contrast=None, depth=-4.0, fillColor=array([1., 1., 1.]), fillColorSpace='rgb', fillRGB=UNKNOWN, interpolate=True, lineColor=array([1, 1, 1]), lineColorSpace='rgb', lineRGB=UNKNOWN, lineWidth=3, name='leftCL', opacity=0.5, ori=0.0, pos=array([-0.2, -0.3]), size=array([-0.2, -0.2]), units='height', vertices=ndarray(...), win=Window(...))
7.2425 	EXP 	Created rightCL = Rect(__class__=<class 'psychopy.visual.rect.Rect'>, autoDraw=False, autoLog=True, closeShape=True, color=method-wrapper(...), colorSpace='rgb', contrast=None, depth=-5.0, fillColor=array([1., 1., 1.]), fillColorSpace='rgb', fillRGB=UNKNOWN, interpolate=True, lineColor=array([1, 1, 1]), lineColorSpace='rgb', lineRGB=UNKNOWN, lineWidth=3, name='rightCL', opacity=0.5, ori=0.0, pos=array([ 0.2, -0.3]), size=array([0.2, 0.2]), units='height', vertices=ndarray(...), win=Window(...))
7.2426 	EXP 	window1: mouseVisible = True
7.2427 	EXP 	Sound clickedSound set volume 1.000
7.2455 	EXP 	Created retIMG = ImageStim(__class__=<class 'psychopy.visual.image.ImageStim'>, autoLog=True, color=array([1, 1, 1]), colorSpace='rgb', contrast=1.0, depth=-1.0, flipHoriz=False, flipVert=False, image='sin', interpolate=True, mask=None, maskParams=None, name='retIMG', opacity=1, ori=0.0, pos=array([0., 0.]), size=array([0.3, 0.3]), texRes=128, units='height', win=Window(...))
7.2455 	EXP 	Sound sound_pop7 set volume 1.000
7.2477 	EXP 	Created question_text = TextStim(__class__=<class 'psychopy.visual.text.TextStim'>, alignHoriz=method-wrapper(...), alignText='center', alignVert=method-wrapper(...), anchorHoriz='center', anchorVert='center', antialias=True, autoLog=True, bold=False, color=array([1, 1, 1]), colorSpace='rgb', contrast=1.0, depth=0.0, flipHoriz=False, flipVert=False, font='Arial', fontFiles=[], height=0.03, italic=False, languageStyle='LTR', name='question_text', opacity=1, ori=0, pos=array([0. , 0.3]), rgb=UNKNOWN, text='When did you see this object?', units='height', win=Window(...), wrapWidth=1)
7.2496 	EXP 	Created decisionQ_2 = TextStim(__class__=<class 'psychopy.visual.text.TextStim'>, alignHoriz=method-wrapper(...), alignText='center', alignVert=method-wrapper(...), anchorHoriz='center', anchorVert='center', antialias=True, autoLog=True, bold=False, color=array([1, 1, 1]), colorSpace='rgb', contrast=1.0, depth=-1.0, flipHoriz=False, flipVert=False, font='Arial', fontFiles=[], height=0.03, italic=False, languageStyle='LTR', name='decisionQ_2', opacity=1, ori=0, pos=array([0. , 0.3]), rgb=UNKNOWN, text='When did you see this object?', units='height', win=Window(...), wrapWidth=1)
7.2502 	EXP 	Created first_left = Rect(__class__=<class 'psychopy.visual.rect.Rect'>, autoDraw=False, autoLog=True, closeShape=True, color=method-wrapper(...), colorSpace='rgb', contrast=None, depth=-2.0, fillColor=array([1, 1, 1]), fillColorSpace='rgb', fillRGB=UNKNOWN, interpolate=True, lineColor=array([1, 1, 1]), lineColorSpace='rgb', lineRGB=UNKNOWN, lineWidth=3, name='first_left', opacity=0.5, ori=0.0, pos=array([0. , 0.1]), size=array([0.15, 0.15]), units='height', vertices=ndarray(...), win=Window(...))
7.2507 	EXP 	Created second_middle = Rect(__class__=<class 'psychopy.visual.rect.Rect'>, autoDraw=False, autoLog=True, closeShape=True, color=method-wrapper(...), colorSpace='rgb', contrast=None, depth=-3.0, fillColor=array([1, 1, 1]), fillColorSpace='rgb', fillRGB=UNKNOWN, interpolate=True, lineColor=array([1, 1, 1]), lineColorSpace='rgb', lineRGB=UNKNOWN, lineWidth=3, name='second_middle', opacity=0.5, ori=0.0, pos=array([ 0. , -0.1]), size=array([0.15, 0.15]), units='height', vertices=ndarray(...), win=Window(...))
7.2512 	EXP 	Created third_right = Rect(__class__=<class 'psychopy.visual.rect.Rect'>, autoDraw=False, autoLog=True, closeShape=True, color=method-wrapper(...), colorSpace='rgb', contrast=None, depth=-4.0, fillColor=array([1, 1, 1]), fillColorSpace='rgb', fillRGB=UNKNOWN, interpolate=True, lineColor=array([1, 1, 1]), lineColorSpace='rgb', lineRGB=UNKNOWN, lineWidth=3, name='third_right', opacity=0.5, ori=0.0, pos=array([ 0. , -0.3]), size=array([0.15, 0.15]), units='height', vertices=ndarray(...), win=Window(...))
7.2533 	EXP 	Created First = TextStim(__class__=<class 'psychopy.visual.text.TextStim'>, alignHoriz=method-wrapper(...), alignText='center', alignVert=method-wrapper(...), anchorHoriz='center', anchorVert='center', antialias=True, autoLog=True, bold=False, color=array([1, 1, 1]), colorSpace='rgb', contrast=1.0, depth=-5.0, flipHoriz=False, flipVert=False, font='Arial', fontFiles=[], height=0.03, italic=False, languageStyle='LTR', name='First', opacity=1, ori=0, pos=array([0. , 0.1]), rgb=UNKNOWN, text='First', units='height', win=Window(...), wrapWidth=1)
7.2551 	EXP 	Created Second = TextStim(__class__=<class 'psychopy.visual.text.TextStim'>, alignHoriz=method-wrapper(...), alignText='center', alignVert=method-wrapper(...), anchorHoriz='center', anchorVert='center', antialias=True, autoLog=True, bold=False, color=array([1, 1, 1]), colorSpace='rgb', contrast=1.0, depth=-6.0, flipHoriz=False, flipVert=False, font='Arial', fontFiles=[], height=0.03, italic=False, languageStyle='LTR', name='Second', opacity=1, ori=0, pos=array([ 0. , -0.1]), rgb=UNKNOWN, text='Second', units='height', win=Window(...), wrapWidth=1)
7.2569 	EXP 	Created Third = TextStim(__class__=<class 'psychopy.visual.text.TextStim'>, alignHoriz=method-wrapper(...), alignText='center', alignVert=method-wrapper(...), anchorHoriz='center', anchorVert='center', antialias=True, autoLog=True, bold=False, color=array([1, 1, 1]), colorSpace='rgb', contrast=1.0, depth=-7.0, flipHoriz=False, flipVert=False, font='Arial', fontFiles=[], height=0.03, italic=False, languageStyle='LTR', name='Third', opacity=1, ori=0, pos=array([ 0. , -0.3]), rgb=UNKNOWN, text='Third', units='height', win=Window(...), wrapWidth=1)
7.2570 	EXP 	window1: mouseVisible = True
7.2571 	EXP 	Sound clickedSound set volume 1.000
7.2657 	EXP 	Created BlockBreak = TextStim(__class__=<class 'psychopy.visual.text.TextStim'>, alignHoriz=method-wrapper(...), alignText='center', alignVert=method-wrapper(...), anchorHoriz='center', anchorVert='center', antialias=True, autoLog=True, bold=False, color=array([1, 1, 1]), colorSpace='rgb', contrast=1.0, depth=0.0, flipHoriz=False, flipVert=False, font='Arial', fontFiles=[], height=0.03, italic=False, languageStyle='LTR', name='BlockBreak', opacity=1, ori=0, pos=array([0., 0.]), rgb=UNKNOWN, text=str(...), units='height', win=Window(...), wrapWidth=1)
7.2775 	EXP 	Created text_4 = TextStim(__class__=<class 'psychopy.visual.text.TextStim'>, alignHoriz=method-wrapper(...), alignText='center', alignVert=method-wrapper(...), anchorHoriz='center', anchorVert='center', antialias=True, autoLog=True, bold=False, color=array([1, 1, 1]), colorSpace='rgb', contrast=1.0, depth=-1.0, flipHoriz=False, flipVert=False, font='Open Sans', fontFiles=[], height=0.03, italic=False, languageStyle='LTR', name='text_4', opacity=1, ori=0.0, pos=array([0., 0.]), rgb=UNKNOWN, text=str(...), units='height', win=Window(...), wrapWidth=1)
7.4306 	EXP 	Created Triplet1 = ImageStim(__class__=<class 'psychopy.visual.image.ImageStim'>, autoLog=True, color=array([1, 1, 1]), colorSpace='rgb', contrast=1.0, depth=-1.0, flipHoriz=False, flipVert=False, image='sin', interpolate=True, mask=None, maskParams=None, name='Triplet1', opacity=1, ori=0.0, pos=array([0., 0.]), size=array([0.3, 0.3]), texRes=128, units='height', win=Window(...))
7.4331 	EXP 	Created Triplet2 = ImageStim(__class__=<class 'psychopy.visual.image.ImageStim'>, autoLog=True, color=array([1, 1, 1]), colorSpace='rgb', contrast=1.0, depth=-2.0, flipHoriz=False, flipVert=False, image='sin', interpolate=True, mask=None, maskParams=None, name='Triplet2', opacity=1, ori=0.0, pos=array([0., 0.]), size=array([0.3, 0.3]), texRes=128, units='height', win=Window(...))
7.4358 	EXP 	Created Triplet3 = ImageStim(__class__=<class 'psychopy.visual.image.ImageStim'>, autoLog=True, color=array([1, 1, 1]), colorSpace='rgb', contrast=1.0, depth=-3.0, flipHoriz=False, flipVert=False, image='sin', interpolate=True, mask=None, maskParams=None, name='Triplet3', opacity=1, ori=0.0, pos=array([0., 0.]), size=array([0.3, 0.3]), texRes=128, units='height', win=Window(...))
7.4359 	EXP 	Sound sound_pop set volume 1.000
7.4360 	EXP 	Sound sound_pop2 set volume 1.000
7.4360 	EXP 	Sound sound_pop3 set volume 1.000
7.5655 	EXP 	Created Mask = ImageStim(__class__=<class 'psychopy.visual.image.ImageStim'>, autoLog=True, color=array([1, 1, 1]), colorSpace='rgb', contrast=1.0, depth=0.0, flipHoriz=False, flipVert=False, image='images/Mask.png', interpolate=True, mask=None, maskParams=None, name='Mask', opacity=1, ori=0.0, pos=array([0., 0.]), size=array([1.5, 0.5]), texRes=128, units='height', win=Window(...))
7.5683 	EXP 	Created img1 = ImageStim(__class__=<class 'psychopy.visual.image.ImageStim'>, autoLog=True, color=array([1, 1, 1]), colorSpace='rgb', contrast=1.0, depth=-1.0, flipHoriz=False, flipVert=False, image='sin', interpolate=True, mask=None, maskParams=None, name='img1', opacity=1, ori=0.0, pos=array([0., 0.]), size=array([0.3, 0.3]), texRes=128, units='height', win=Window(...))
7.5711 	EXP 	Created img2 = ImageStim(__class__=<class 'psychopy.visual.image.ImageStim'>, autoLog=True, color=array([1, 1, 1]), colorSpace='rgb', contrast=1.0, depth=-2.0, flipHoriz=False, flipVert=False, image='sin', interpolate=True, mask=None, maskParams=None, name='img2', opacity=1, ori=0.0, pos=array([0., 0.]), size=array([0.3, 0.3]), texRes=128, units='height', win=Window(...))
7.5736 	EXP 	Created img3 = ImageStim(__class__=<class 'psychopy.visual.image.ImageStim'>, autoLog=True, color=array([1, 1, 1]), colorSpace='rgb', contrast=1.0, depth=-3.0, flipHoriz=False, flipVert=False, image='sin', interpolate=True, mask=None, maskParams=None, name='img3', opacity=1, ori=0.0, pos=array([0., 0.]), size=array([0.3, 0.3]), texRes=128, units='height', win=Window(...))
7.5736 	EXP 	Sound sound_pop4 set volume 1.000
7.5737 	EXP 	Sound sound_pop5 set volume 1.000
7.5737 	EXP 	Sound sound_pop6 set volume 1.000
7.5763 	EXP 	Created text_2 = TextStim(__class__=<class 'psychopy.visual.text.TextStim'>, alignHoriz=method-wrapper(...), alignText='center', alignVert=method-wrapper(...), anchorHoriz='center', anchorVert='center', antialias=True, autoLog=True, bold=False, color=array([1, 1, 1]), colorSpace='rgb', contrast=1.0, depth=0.0, flipHoriz=False, flipVert=False, font='Arial', fontFiles=[], height=0.03, italic=False, languageStyle='LTR', name='text_2', opacity=1, ori=0, pos=array([0., 0.]), rgb=UNKNOWN, text=str(...), units='height', win=Window(...), wrapWidth=1)
7.5787 	EXP 	Created text = TextStim(__class__=<class 'psychopy.visual.text.TextStim'>, alignHoriz=method-wrapper(...), alignText='center', alignVert=method-wrapper(...), anchorHoriz='center', anchorVert='center', antialias=True, autoLog=True, bold=False, color=array([1, 1, 1]), colorSpace='rgb', contrast=1.0, depth=-1.0, flipHoriz=False, flipVert=False, font='Arial', fontFiles=[], height=0.03, italic=False, languageStyle='LTR', name='text', opacity=1, ori=0, pos=array([0., 0.]), rgb=UNKNOWN, text=str(...), units='height', win=Window(...), wrapWidth=1)
7.5791 	EXP 	Created sameText = TextStim(__class__=<class 'psychopy.visual.text.TextStim'>, alignHoriz=method-wrapper(...), alignText='center', alignVert=method-wrapper(...), anchorHoriz='center', anchorVert='center', antialias=True, autoLog=True, bold=False, color=array([1, 1, 1]), colorSpace='rgb', contrast=1.0, depth=-2.0, flipHoriz=False, flipVert=False, font='Arial', fontFiles=[], height=0.03, italic=False, languageStyle='LTR', name='sameText', opacity=1, ori=0, pos=array([-0.2, -0.3]), rgb=UNKNOWN, text='', units='height', win=Window(...), wrapWidth=1)
7.5795 	EXP 	Created diffText = TextStim(__class__=<class 'psychopy.visual.text.TextStim'>, alignHoriz=method-wrapper(...), alignText='center', alignVert=method-wrapper(...), anchorHoriz='center', anchorVert='center', antialias=True, autoLog=True, bold=False, color=array([1, 1, 1]), colorSpace='rgb', contrast=1.0, depth=-3.0, flipHoriz=False, flipVert=False, font='Arial', fontFiles=[], height=0.03, italic=False, languageStyle='LTR', name='diffText', opacity=1, ori=0, pos=array([ 0.2, -0.3]), rgb=UNKNOWN, text='', units='height', win=Window(...), wrapWidth=1)
7.5802 	EXP 	Created leftCL = Rect(__class__=<class 'psychopy.visual.rect.Rect'>, autoDraw=False, autoLog=True, closeShape=True, color=method-wrapper(...), colorSpace='rgb', contrast=None, depth=-4.0, fillColor=array([1., 1., 1.]), fillColorSpace='rgb', fillRGB=UNKNOWN, interpolate=True, lineColor=array([1, 1, 1]), lineColorSpace='rgb', lineRGB=UNKNOWN, lineWidth=3, name='leftCL', opacity=0.5, ori=0.0, pos=array([-0.2, -0.3]), size=array([-0.2, -0.2]), units='height', vertices=ndarray(...), win=Window(...))
7.5808 	EXP 	Created rightCL = Rect(__class__=<class 'psychopy.visual.rect.Rect'>, autoDraw=False, autoLog=True, closeShape=True, color=method-wrapper(...), colorSpace='rgb', contrast=None, depth=-5.0, fillColor=array([1., 1., 1.]), fillColorSpace='rgb', fillRGB=UNKNOWN, interpolate=True, lineColor=array([1, 1, 1]), lineColorSpace='rgb', lineRGB=UNKNOWN, lineWidth=3, name='rightCL', opacity=0.5, ori=0.0, pos=array([ 0.2, -0.3]), size=array([0.2, 0.2]), units='height', vertices=ndarray(...), win=Window(...))
7.5809 	EXP 	window1: mouseVisible = True
7.5810 	EXP 	Sound clickedSound set volume 1.000
7.5838 	EXP 	Created retIMG = ImageStim(__class__=<class 'psychopy.visual.image.ImageStim'>, autoLog=True, color=array([1, 1, 1]), colorSpace='rgb', contrast=1.0, depth=-1.0, flipHoriz=False, flipVert=False, image='sin', interpolate=True, mask=None, maskParams=None, name='retIMG', opacity=1, ori=0.0, pos=array([0., 0.]), size=array([0.3, 0.3]), texRes=128, units='height', win=Window(...))
7.5838 	EXP 	Sound sound_pop7 set volume 1.000
7.5858 	EXP 	Created question_text = TextStim(__class__=<class 'psychopy.visual.text.TextStim'>, alignHoriz=method-wrapper(...), alignText='center', alignVert=method-wrapper(...), anchorHoriz='center', anchorVert='center', antialias=True, autoLog=True, bold=False, color=array([1, 1, 1]), colorSpace='rgb', contrast=1.0, depth=0.0, flipHoriz=False, flipVert=False, font='Arial', fontFiles=[], height=0.03, italic=False, languageStyle='LTR', name='question_text', opacity=1, ori=0, pos=array([0. , 0.3]), rgb=UNKNOWN, text='When did you see this object?', units='height', win=Window(...), wrapWidth=1)
7.5877 	EXP 	Created decisionQ_2 = TextStim(__class__=<class 'psychopy.visual.text.TextStim'>, alignHoriz=method-wrapper(...), alignText='center', alignVert=method-wrapper(...), anchorHoriz='center', anchorVert='center', antialias=True, autoLog=True, bold=False, color=array([1, 1, 1]), colorSpace='rgb', contrast=1.0, depth=-1.0, flipHoriz=False, flipVert=False, font='Arial', fontFiles=[], height=0.03, italic=False, languageStyle='LTR', name='decisionQ_2', opacity=1, ori=0, pos=array([0. , 0.3]), rgb=UNKNOWN, text='When did you see this object?', units='height', win=Window(...), wrapWidth=1)
7.5883 	EXP 	Created first_left = Rect(__class__=<class 'psychopy.visual.rect.Rect'>, autoDraw=False, autoLog=True, closeShape=True, color=method-wrapper(...), colorSpace='rgb', contrast=None, depth=-2.0, fillColor=array([1, 1, 1]), fillColorSpace='rgb', fillRGB=UNKNOWN, interpolate=True, lineColor=array([1, 1, 1]), lineColorSpace='rgb', lineRGB=UNKNOWN, lineWidth=3, name='first_left', opacity=0.5, ori=0.0, pos=array([0. , 0.1]), size=array([0.15, 0.15]), units='height', vertices=ndarray(...), win=Window(...))
7.5888 	EXP 	Created second_middle = Rect(__class__=<class 'psychopy.visual.rect.Rect'>, autoDraw=False, autoLog=True, closeShape=True, color=method-wrapper(...), colorSpace='rgb', contrast=None, depth=-3.0, fillColor=array([1, 1, 1]), fillColorSpace='rgb', fillRGB=UNKNOWN, interpolate=True, lineColor=array([1, 1, 1]), lineColorSpace='rgb', lineRGB=UNKNOWN, lineWidth=3, name='second_middle', opacity=0.5, ori=0.0, pos=array([ 0. , -0.1]), size=array([0.15, 0.15]), units='height', vertices=ndarray(...), win=Window(...))
7.5893 	EXP 	Created third_right = Rect(__class__=<class 'psychopy.visual.rect.Rect'>, autoDraw=False, autoLog=True, closeShape=True, color=method-wrapper(...), colorSpace='rgb', contrast=None, depth=-4.0, fillColor=array([1, 1, 1]), fillColorSpace='rgb', fillRGB=UNKNOWN, interpolate=True, lineColor=array([1, 1, 1]), lineColorSpace='rgb', lineRGB=UNKNOWN, lineWidth=3, name='third_right', opacity=0.5, ori=0.0, pos=array([ 0. , -0.3]), size=array([0.15, 0.15]), units='height', vertices=ndarray(...), win=Window(...))
7.5906 	EXP 	Created First = TextStim(__class__=<class 'psychopy.visual.text.TextStim'>, alignHoriz=method-wrapper(...), alignText='center', alignVert=method-wrapper(...), anchorHoriz='center', anchorVert='center', antialias=True, autoLog=True, bold=False, color=array([1, 1, 1]), colorSpace='rgb', contrast=1.0, depth=-5.0, flipHoriz=False, flipVert=False, font='Arial', fontFiles=[], height=0.03, italic=False, languageStyle='LTR', name='First', opacity=1, ori=0, pos=array([0. , 0.1]), rgb=UNKNOWN, text='First', units='height', win=Window(...), wrapWidth=1)
7.5919 	EXP 	Created Second = TextStim(__class__=<class 'psychopy.visual.text.TextStim'>, alignHoriz=method-wrapper(...), alignText='center', alignVert=method-wrapper(...), anchorHoriz='center', anchorVert='center', antialias=True, autoLog=True, bold=False, color=array([1, 1, 1]), colorSpace='rgb', contrast=1.0, depth=-6.0, flipHoriz=False, flipVert=False, font='Arial', fontFiles=[], height=0.03, italic=False, languageStyle='LTR', name='Second', opacity=1, ori=0, pos=array([ 0. , -0.1]), rgb=UNKNOWN, text='Second', units='height', win=Window(...), wrapWidth=1)
7.5931 	EXP 	Created Third = TextStim(__class__=<class 'psychopy.visual.text.TextStim'>, alignHoriz=method-wrapper(...), alignText='center', alignVert=method-wrapper(...), anchorHoriz='center', anchorVert='center', antialias=True, autoLog=True, bold=False, color=array([1, 1, 1]), colorSpace='rgb', contrast=1.0, depth=-7.0, flipHoriz=False, flipVert=False, font='Arial', fontFiles=[], height=0.03, italic=False, languageStyle='LTR', name='Third', opacity=1, ori=0, pos=array([ 0. , -0.3]), rgb=UNKNOWN, text='Third', units='height', win=Window(...), wrapWidth=1)
7.5932 	EXP 	window1: mouseVisible = True
7.5932 	EXP 	Sound clickedSound set volume 1.000
7.5959 	EXP 	Created end = TextStim(__class__=<class 'psychopy.visual.text.TextStim'>, alignHoriz=method-wrapper(...), alignText='center', alignVert=method-wrapper(...), anchorHoriz='center', anchorVert='center', antialias=True, autoLog=True, bold=False, color=array([1, 1, 1]), colorSpace='rgb', contrast=1.0, depth=0.0, flipHoriz=False, flipVert=False, font='Arial', fontFiles=[], height=0.03, italic=False, languageStyle='LTR', name='end', opacity=1, ori=0, pos=array([0., 0.]), rgb=UNKNOWN, text=str(...), units='height', win=Window(...), wrapWidth=1)
7.6006 	EXP 	Instructions: autoDraw = True
8.7575 	EXP 	Created sequence: random, trialTypes=1, nReps=25, seed=None
8.7582 	EXP 	New trial (rep=0, index=0): None
8.9276 	DATA 	Keypress: space
8.9301 	EXP 	Instructions: autoDraw = False
8.9301 	EXP 	Triplet1: pos = array([-0.5,  0. ])
8.9301 	EXP 	Triplet1: image = 'images/OBJ_80.png'
8.9301 	EXP 	Triplet2: pos = array([0., 0.])
8.9301 	EXP 	Triplet2: image = 'images/OBJ_200.png'
8.9301 	EXP 	Triplet3: pos = array([0.5, 0. ])
8.9301 	EXP 	Triplet3: image = 'images/OBJ_143.png'
8.9301 	EXP 	Triplet1: autoDraw = True
10.4359 	EXP 	Triplet1: autoDraw = False
10.9162 	EXP 	Triplet2: autoDraw = True
12.4232 	EXP 	Triplet2: autoDraw = False
12.9167 	EXP 	Triplet3: autoDraw = True
14.4224 	EXP 	Triplet3: autoDraw = False
14.4224 	EXP 	Triplet1: autoDraw = False
14.4224 	EXP 	Triplet2: autoDraw = False
14.4224 	EXP 	Triplet3: autoDraw = False
14.4224 	EXP 	Mask: autoDraw = True
16.0671 	EXP 	Mask: autoDraw = False
16.0671 	EXP 	img1: pos = array([-0.5,  0. ])
16.0671 	EXP 	img1: image = 'images/OBJ_80.png'
16.0671 	EXP 	img2: pos = array([0., 0.])
16.0671 	EXP 	img2: image = 'images/OBJ_200.png'
16.0671 	EXP 	img3: pos = array([0.5, 0. ])
16.0671 	EXP 	img3: image = 'images/OBJ_143.png'
16.0671 	EXP 	img1: autoDraw = True
17.5718 	EXP 	img1: autoDraw = False
18.0654 	EXP 	img2: autoDraw = True
19.5728 	EXP 	img2: autoDraw = False
20.0663 	EXP 	img3: autoDraw = True
21.5721 	EXP 	img3: autoDraw = False
21.5721 	EXP 	img1: autoDraw = False
21.5721 	EXP 	img2: autoDraw = False
21.5721 	EXP 	img3: autoDraw = False
21.5721 	EXP 	text_2: autoDraw = True
22.5807 	EXP 	text_2: autoDraw = False
22.5807 	EXP 	text_2: autoDraw = False
22.5807 	EXP 	sameText: text = 'Same'
22.5807 	EXP 	diffText: text = 'Different'
22.5807 	EXP 	text: autoDraw = True
22.5807 	EXP 	sameText: autoDraw = True
22.5807 	EXP 	diffText: autoDraw = True
22.5807 	EXP 	leftCL: autoDraw = True
22.5807 	EXP 	rightCL: autoDraw = True
23.3341 	DATA 	Mouse: Left button down, pos=(704,218)
23.3468 	EXP 	text: autoDraw = False
23.3468 	EXP 	sameText: autoDraw = False
23.3468 	EXP 	diffText: autoDraw = False
23.3468 	EXP 	leftCL: autoDraw = False
23.3468 	EXP 	rightCL: autoDraw = False
23.4291 	DATA 	Mouse:  Left button up, pos=(704,218)
23.8432 	EXP 	New trial (rep=1, index=0): None
24.0192 	EXP 	Triplet1: pos = array([0.5, 0. ])
24.0192 	EXP 	Triplet1: image = 'images/OBJ_182.png'
24.0192 	EXP 	Triplet2: pos = array([-0.5,  0. ])
24.0192 	EXP 	Triplet2: image = 'images/OBJ_99.png'
24.0192 	EXP 	Triplet3: pos = array([0., 0.])
24.0192 	EXP 	Triplet3: image = 'images/OBJ_26.png'
24.0192 	EXP 	Triplet1: autoDraw = True
25.5213 	EXP 	Triplet1: autoDraw = False
26.0154 	EXP 	Triplet2: autoDraw = True
27.5221 	EXP 	Triplet2: autoDraw = False
28.0163 	EXP 	Triplet3: autoDraw = True
29.5230 	EXP 	Triplet3: autoDraw = False
29.5230 	EXP 	Triplet1: autoDraw = False
29.5230 	EXP 	Triplet2: autoDraw = False
29.5230 	EXP 	Triplet3: autoDraw = False
29.5230 	EXP 	Mask: autoDraw = True
31.1699 	EXP 	Mask: autoDraw = False
31.1699 	EXP 	img1: pos = array([0.5, 0. ])
31.1699 	EXP 	img1: image = 'images/OBJ_182.png'
31.1699 	EXP 	img2: pos = array([-0.5,  0. ])
31.1699 	EXP 	img2: image = 'images/OBJ_99.png'
31.1699 	EXP 	img3: pos = array([0., 0.])
31.1699 	EXP 	img3: image = 'images/OBJ_26.png'
31.1699 	EXP 	img1: autoDraw = True
32.6709 	EXP 	img1: autoDraw = False
33.1646 	EXP 	img2: autoDraw = True
34.6713 	EXP 	img2: autoDraw = False
35.1649 	EXP 	img3: autoDraw = True
36.6708 	EXP 	img3: autoDraw = False
36.6708 	EXP 	img1: autoDraw = False
36.6708 	EXP 	img2: autoDraw = False
36.6708 	EXP 	img3: autoDraw = False
36.6708 	EXP 	text_2: autoDraw = True
37.6723 	EXP 	text_2: autoDraw = False
37.6723 	EXP 	text_2: autoDraw = False
37.6723 	EXP 	sameText: text = 'Same'
37.6723 	EXP 	diffText: text = 'Different'
37.6723 	EXP 	text: autoDraw = True
37.6723 	EXP 	sameText: autoDraw = True
37.6723 	EXP 	diffText: autoDraw = True
37.6723 	EXP 	leftCL: autoDraw = True
37.6723 	EXP 	rightCL: autoDraw = True
37.9930 	DATA 	Mouse: Left button down, pos=(703,218)
38.0059 	EXP 	text: autoDraw = False
38.0059 	EXP 	sameText: autoDraw = False
38.0059 	EXP 	diffText: autoDraw = False
38.0059 	EXP 	leftCL: autoDraw = False
38.0059 	EXP 	rightCL: autoDraw = False
38.1285 	DATA 	Mouse:  Left button up, pos=(703,218)
38.5010 	EXP 	New trial (rep=2, index=0): None
38.6370 	EXP 	Triplet1: pos = array([-0.5,  0. ])
38.6370 	EXP 	Triplet1: image = 'images/OBJ_56.png'
38.6370 	EXP 	Triplet2: pos = array([0., 0.])
38.6370 	EXP 	Triplet2: image = 'images/OBJ_145.png'
38.6370 	EXP 	Triplet3: pos = array([0.5, 0. ])
38.6370 	EXP 	Triplet3: image = 'images/OBJ_31.png'
38.6370 	EXP 	Triplet1: autoDraw = True
40.1400 	EXP 	Triplet1: autoDraw = False
40.6205 	EXP 	Triplet2: autoDraw = True
42.1277 	EXP 	Triplet2: autoDraw = False
42.6213 	EXP 	Triplet3: autoDraw = True
44.1284 	EXP 	Triplet3: autoDraw = False
44.1284 	EXP 	Triplet1: autoDraw = False
44.1284 	EXP 	Triplet2: autoDraw = False
44.1284 	EXP 	Triplet3: autoDraw = False
44.1284 	EXP 	Mask: autoDraw = True
45.7507 	EXP 	Mask: autoDraw = False
45.7507 	EXP 	img1: pos = array([-0.5,  0. ])
45.7507 	EXP 	img1: image = 'images/OBJ_56.png'
45.7507 	EXP 	img2: pos = array([0., 0.])
45.7507 	EXP 	img2: image = 'images/OBJ_145.png'
45.7507 	EXP 	img3: pos = array([0.5, 0. ])
45.7507 	EXP 	img3: image = 'images/OBJ_31.png'
45.7507 	EXP 	img1: autoDraw = True
47.2631 	EXP 	img1: autoDraw = False
47.7434 	EXP 	img2: autoDraw = True
49.2503 	EXP 	img2: autoDraw = False
49.7444 	EXP 	img3: autoDraw = True
51.2490 	EXP 	img3: autoDraw = False
51.2490 	EXP 	img1: autoDraw = False
51.2490 	EXP 	img2: autoDraw = False
51.2490 	EXP 	img3: autoDraw = False
51.2490 	EXP 	text_2: autoDraw = True
52.2511 	EXP 	text_2: autoDraw = False
52.2511 	EXP 	text_2: autoDraw = False
52.2511 	EXP 	sameText: text = 'Same'
52.2511 	EXP 	diffText: text = 'Different'
52.2511 	EXP 	text: autoDraw = True
52.2511 	EXP 	sameText: autoDraw = True
52.2511 	EXP 	diffText: autoDraw = True
52.2511 	EXP 	leftCL: autoDraw = True
52.2511 	EXP 	rightCL: autoDraw = True
52.5050 	DATA 	Mouse: Left button down, pos=(703,218)
52.5179 	EXP 	text: autoDraw = False
52.5179 	EXP 	sameText: autoDraw = False
52.5179 	EXP 	diffText: autoDraw = False
52.5179 	EXP 	leftCL: autoDraw = False
52.5179 	EXP 	rightCL: autoDraw = False
52.6139 	DATA 	Mouse:  Left button up, pos=(703,218)
53.0134 	EXP 	New trial (rep=3, index=0): None
53.1747 	EXP 	Triplet1: pos = array([-0.5,  0. ])
53.1747 	EXP 	Triplet1: image = 'images/OBJ_164.png'
53.1747 	EXP 	Triplet2: pos = array([0., 0.])
53.1747 	EXP 	Triplet2: image = 'images/OBJ_85.png'
53.1747 	EXP 	Triplet3: pos = array([0.5, 0. ])
53.1747 	EXP 	Triplet3: image = 'images/OBJ_144.png'
53.1747 	EXP 	Triplet1: autoDraw = True
54.6790 	EXP 	Triplet1: autoDraw = False
55.1725 	EXP 	Triplet2: autoDraw = True
56.6795 	EXP 	Triplet2: autoDraw = False
57.1737 	EXP 	Triplet3: autoDraw = True
58.6802 	EXP 	Triplet3: autoDraw = False
58.6802 	EXP 	Triplet1: autoDraw = False
58.6802 	EXP 	Triplet2: autoDraw = False
58.6802 	EXP 	Triplet3: autoDraw = False
58.6802 	EXP 	Mask: autoDraw = True
60.3192 	EXP 	Mask: autoDraw = False
60.3192 	EXP 	img1: pos = array([-0.5,  0. ])
60.3192 	EXP 	img1: image = 'images/OBJ_164.png'
60.3192 	EXP 	img2: pos = array([0., 0.])
60.3192 	EXP 	img2: image = 'images/OBJ_85.png'
60.3192 	EXP 	img3: pos = array([0.5, 0. ])
60.3192 	EXP 	img3: image = 'images/OBJ_144.png'
60.3192 	EXP 	img1: autoDraw = True
61.8284 	EXP 	img1: autoDraw = False
62.3219 	EXP 	img2: autoDraw = True
63.8291 	EXP 	img2: autoDraw = False
64.3092 	EXP 	img3: autoDraw = True
65.8161 	EXP 	img3: autoDraw = False
65.8161 	EXP 	img1: autoDraw = False
65.8161 	EXP 	img2: autoDraw = False
65.8161 	EXP 	img3: autoDraw = False
65.8161 	EXP 	text_2: autoDraw = True
66.8164 	EXP 	text_2: autoDraw = False
66.8164 	EXP 	text_2: autoDraw = False
66.8164 	EXP 	sameText: text = 'Same'
66.8164 	EXP 	diffText: text = 'Different'
66.8164 	EXP 	text: autoDraw = True
66.8164 	EXP 	sameText: autoDraw = True
66.8164 	EXP 	diffText: autoDraw = True
66.8164 	EXP 	leftCL: autoDraw = True
66.8164 	EXP 	rightCL: autoDraw = True
67.0986 	DATA 	Mouse: Left button down, pos=(694,258)
67.1099 	EXP 	text: autoDraw = False
67.1099 	EXP 	sameText: autoDraw = False
67.1099 	EXP 	diffText: autoDraw = False
67.1099 	EXP 	leftCL: autoDraw = False
67.1099 	EXP 	rightCL: autoDraw = False
67.2063 	DATA 	Mouse:  Left button up, pos=(694,258)
67.6054 	EXP 	New trial (rep=4, index=0): None
67.7529 	EXP 	Triplet1: pos = array([0., 0.])
67.7529 	EXP 	Triplet1: image = 'images/OBJ_100.png'
67.7529 	EXP 	Triplet2: pos = array([-0.5,  0. ])
67.7529 	EXP 	Triplet2: image = 'images/OBJ_58.png'
67.7529 	EXP 	Triplet3: pos = array([0.5, 0. ])
67.7529 	EXP 	Triplet3: image = 'images/OBJ_3.png'
67.7529 	EXP 	Triplet1: autoDraw = True
69.2577 	EXP 	Triplet1: autoDraw = False
69.7512 	EXP 	Triplet2: autoDraw = True
71.2583 	EXP 	Triplet2: autoDraw = False
71.7519 	EXP 	Triplet3: autoDraw = True
73.2572 	EXP 	Triplet3: autoDraw = False
73.2572 	EXP 	Triplet1: autoDraw = False
73.2572 	EXP 	Triplet2: autoDraw = False
73.2572 	EXP 	Triplet3: autoDraw = False
73.2572 	EXP 	Mask: autoDraw = True
74.8929 	EXP 	Mask: autoDraw = False
74.8929 	EXP 	img1: pos = array([0., 0.])
74.8929 	EXP 	img1: image = 'images/OBJ_100.png'
74.8929 	EXP 	img2: pos = array([-0.5,  0. ])
74.8929 	EXP 	img2: image = 'images/OBJ_58.png'
74.8929 	EXP 	img3: pos = array([0.5, 0. ])
74.8929 	EXP 	img3: image = 'images/OBJ_3.png'
74.8929 	EXP 	img1: autoDraw = True
76.3935 	EXP 	img1: autoDraw = False
76.8870 	EXP 	img2: autoDraw = True
78.3942 	EXP 	img2: autoDraw = False
78.8884 	EXP 	img3: autoDraw = True
80.3952 	EXP 	img3: autoDraw = False
80.3952 	EXP 	img1: autoDraw = False
80.3952 	EXP 	img2: autoDraw = False
80.3952 	EXP 	img3: autoDraw = False
80.3952 	EXP 	text_2: autoDraw = True
81.3953 	EXP 	text_2: autoDraw = False
81.3953 	EXP 	text_2: autoDraw = False
81.3953 	EXP 	sameText: text = 'Same'
81.3953 	EXP 	diffText: text = 'Different'
81.3953 	EXP 	text: autoDraw = True
81.3953 	EXP 	sameText: autoDraw = True
81.3953 	EXP 	diffText: autoDraw = True
81.3953 	EXP 	leftCL: autoDraw = True
81.3953 	EXP 	rightCL: autoDraw = True
81.6625 	DATA 	Mouse: Left button down, pos=(690,266)
81.6754 	EXP 	text: autoDraw = False
81.6754 	EXP 	sameText: autoDraw = False
81.6754 	EXP 	diffText: autoDraw = False
81.6754 	EXP 	leftCL: autoDraw = False
81.6754 	EXP 	rightCL: autoDraw = False
81.7710 	DATA 	Mouse:  Left button up, pos=(690,266)
82.1705 	EXP 	New trial (rep=5, index=0): None
82.3208 	EXP 	Triplet1: pos = array([-0.5,  0. ])
82.3208 	EXP 	Triplet1: image = 'images/OBJ_165.png'
82.3208 	EXP 	Triplet2: pos = array([0., 0.])
82.3208 	EXP 	Triplet2: image = 'images/OBJ_36.png'
82.3208 	EXP 	Triplet3: pos = array([0.5, 0. ])
82.3208 	EXP 	Triplet3: image = 'images/OBJ_4.png'
82.3208 	EXP 	Triplet1: autoDraw = True
83.8231 	EXP 	Triplet1: autoDraw = False
84.3166 	EXP 	Triplet2: autoDraw = True
85.8244 	EXP 	Triplet2: autoDraw = False
86.3173 	EXP 	Triplet3: autoDraw = True
87.8247 	EXP 	Triplet3: autoDraw = False
87.8247 	EXP 	Triplet1: autoDraw = False
87.8247 	EXP 	Triplet2: autoDraw = False
87.8247 	EXP 	Triplet3: autoDraw = False
87.8247 	EXP 	Mask: autoDraw = True
89.4541 	EXP 	Mask: autoDraw = False
89.4541 	EXP 	img1: pos = array([-0.5,  0. ])
89.4541 	EXP 	img1: image = 'images/OBJ_165.png'
89.4541 	EXP 	img2: pos = array([0., 0.])
89.4541 	EXP 	img2: image = 'images/OBJ_36.png'
89.4541 	EXP 	img3: pos = array([0.5, 0. ])
89.4541 	EXP 	img3: image = 'images/OBJ_4.png'
89.4541 	EXP 	img1: autoDraw = True
90.9591 	EXP 	img1: autoDraw = False
91.4525 	EXP 	img2: autoDraw = True
92.9598 	EXP 	img2: autoDraw = False
93.4533 	EXP 	img3: autoDraw = True
94.9585 	EXP 	img3: autoDraw = False
94.9585 	EXP 	img1: autoDraw = False
94.9585 	EXP 	img2: autoDraw = False
94.9585 	EXP 	img3: autoDraw = False
94.9585 	EXP 	text_2: autoDraw = True
95.9607 	EXP 	text_2: autoDraw = False
95.9607 	EXP 	text_2: autoDraw = False
95.9607 	EXP 	sameText: text = 'Same'
95.9607 	EXP 	diffText: text = 'Different'
95.9607 	EXP 	text: autoDraw = True
95.9607 	EXP 	sameText: autoDraw = True
95.9607 	EXP 	diffText: autoDraw = True
95.9607 	EXP 	leftCL: autoDraw = True
95.9607 	EXP 	rightCL: autoDraw = True
96.2280 	DATA 	Mouse: Left button down, pos=(763,225)
96.2408 	EXP 	text: autoDraw = False
96.2408 	EXP 	sameText: autoDraw = False
96.2408 	EXP 	diffText: autoDraw = False
96.2408 	EXP 	leftCL: autoDraw = False
96.2408 	EXP 	rightCL: autoDraw = False
96.3504 	DATA 	Mouse:  Left button up, pos=(763,225)
96.7367 	EXP 	New trial (rep=6, index=0): None
96.8911 	EXP 	Triplet1: pos = array([0.5, 0. ])
96.8911 	EXP 	Triplet1: image = 'images/OBJ_171.png'
96.8911 	EXP 	Triplet2: pos = array([-0.5,  0. ])
96.8911 	EXP 	Triplet2: image = 'images/OBJ_53.png'
96.8911 	EXP 	Triplet3: pos = array([0., 0.])
96.8911 	EXP 	Triplet3: image = 'images/OBJ_70.png'
96.8911 	EXP 	Triplet1: autoDraw = True
98.4019 	EXP 	Triplet1: autoDraw = False
98.8819 	EXP 	Triplet2: autoDraw = True
100.3893 	EXP 	Triplet2: autoDraw = False
100.8833 	EXP 	Triplet3: autoDraw = True
102.3900 	EXP 	Triplet3: autoDraw = False
102.3900 	EXP 	Triplet1: autoDraw = False
102.3900 	EXP 	Triplet2: autoDraw = False
102.3900 	EXP 	Triplet3: autoDraw = False
102.3900 	EXP 	Mask: autoDraw = True
104.0167 	EXP 	Mask: autoDraw = False
104.0167 	EXP 	img1: pos = array([0.5, 0. ])
104.0167 	EXP 	img1: image = 'images/OBJ_171.png'
104.0167 	EXP 	img2: pos = array([-0.5,  0. ])
104.0167 	EXP 	img2: image = 'images/OBJ_53.png'
104.0167 	EXP 	img3: pos = array([0., 0.])
104.0167 	EXP 	img3: image = 'images/OBJ_70.png'
104.0167 	EXP 	img1: autoDraw = True
105.5245 	EXP 	img1: autoDraw = False
106.0179 	EXP 	img2: autoDraw = True
107.5250 	EXP 	img2: autoDraw = False
108.0195 	EXP 	img3: autoDraw = True
109.5238 	EXP 	img3: autoDraw = False
109.5238 	EXP 	img1: autoDraw = False
109.5238 	EXP 	img2: autoDraw = False
109.5238 	EXP 	img3: autoDraw = False
109.5238 	EXP 	text_2: autoDraw = True
110.5260 	EXP 	text_2: autoDraw = False
110.5260 	EXP 	text_2: autoDraw = False
110.5260 	EXP 	sameText: text = 'Same'
110.5260 	EXP 	diffText: text = 'Different'
110.5260 	EXP 	text: autoDraw = True
110.5260 	EXP 	sameText: autoDraw = True
110.5260 	EXP 	diffText: autoDraw = True
110.5260 	EXP 	leftCL: autoDraw = True
110.5260 	EXP 	rightCL: autoDraw = True
110.8881 	DATA 	Mouse: Left button down, pos=(763,226)
110.8995 	EXP 	text: autoDraw = False
110.8995 	EXP 	sameText: autoDraw = False
110.8995 	EXP 	diffText: autoDraw = False
110.8995 	EXP 	leftCL: autoDraw = False
110.8995 	EXP 	rightCL: autoDraw = False
111.0084 	DATA 	Mouse:  Left button up, pos=(763,226)
111.3946 	EXP 	New trial (rep=7, index=0): None
111.5499 	EXP 	Triplet1: pos = array([-0.5,  0. ])
111.5499 	EXP 	Triplet1: image = 'images/OBJ_142.png'
111.5499 	EXP 	Triplet2: pos = array([0.5, 0. ])
111.5499 	EXP 	Triplet2: image = 'images/OBJ_113.png'
111.5499 	EXP 	Triplet3: pos = array([0., 0.])
111.5499 	EXP 	Triplet3: image = 'images/OBJ_116.png'
111.5499 	EXP 	Triplet1: autoDraw = True
113.0604 	EXP 	Triplet1: autoDraw = False
113.5409 	EXP 	Triplet2: autoDraw = True
115.0480 	EXP 	Triplet2: autoDraw = False
115.5414 	EXP 	Triplet3: autoDraw = True
117.0473 	EXP 	Triplet3: autoDraw = False
117.0473 	EXP 	Triplet1: autoDraw = False
117.0473 	EXP 	Triplet2: autoDraw = False
117.0473 	EXP 	Triplet3: autoDraw = False
117.0473 	EXP 	Mask: autoDraw = True
118.6850 	EXP 	Mask: autoDraw = False
118.6850 	EXP 	img1: pos = array([-0.5,  0. ])
118.6850 	EXP 	img1: image = 'images/OBJ_142.png'
118.6850 	EXP 	img2: pos = array([0.5, 0. ])
118.6850 	EXP 	img2: image = 'images/OBJ_113.png'
118.6850 	EXP 	img3: pos = array([0., 0.])
118.6850 	EXP 	img3: image = 'images/OBJ_116.png'
118.6850 	EXP 	img1: autoDraw = True
120.1966 	EXP 	img1: autoDraw = False
120.6767 	EXP 	img2: autoDraw = True
122.1839 	EXP 	img2: autoDraw = False
122.6781 	EXP 	img3: autoDraw = True
124.1833 	EXP 	img3: autoDraw = False
124.1833 	EXP 	img1: autoDraw = False
124.1833 	EXP 	img2: autoDraw = False
124.1833 	EXP 	img3: autoDraw = False
124.1833 	EXP 	text_2: autoDraw = True
125.1849 	EXP 	text_2: autoDraw = False
125.1849 	EXP 	text_2: autoDraw = False
125.1849 	EXP 	sameText: text = 'Same'
125.1849 	EXP 	diffText: text = 'Different'
125.1849 	EXP 	text: autoDraw = True
125.1849 	EXP 	sameText: autoDraw = True
125.1849 	EXP 	diffText: autoDraw = True
125.1849 	EXP 	leftCL: autoDraw = True
125.1849 	EXP 	rightCL: autoDraw = True
125.4922 	DATA 	Mouse: Left button down, pos=(762,227)
125.5049 	EXP 	text: autoDraw = False
125.5049 	EXP 	sameText: autoDraw = False
125.5049 	EXP 	diffText: autoDraw = False
125.5049 	EXP 	leftCL: autoDraw = False
125.5049 	EXP 	rightCL: autoDraw = False
125.6418 	DATA 	Mouse:  Left button up, pos=(762,227)
126.0007 	EXP 	New trial (rep=8, index=0): None
126.1545 	EXP 	Triplet1: pos = array([-0.5,  0. ])
126.1545 	EXP 	Triplet1: image = 'images/OBJ_84.png'
126.1545 	EXP 	Triplet2: pos = array([0., 0.])
126.1545 	EXP 	Triplet2: image = 'images/OBJ_206.png'
126.1545 	EXP 	Triplet3: pos = array([0.5, 0. ])
126.1545 	EXP 	Triplet3: image = 'images/OBJ_175.png'
126.1545 	EXP 	Triplet1: autoDraw = True
127.6661 	EXP 	Triplet1: autoDraw = False
128.1462 	EXP 	Triplet2: autoDraw = True
129.6540 	EXP 	Triplet2: autoDraw = False
130.1479 	EXP 	Triplet3: autoDraw = True
131.6525 	EXP 	Triplet3: autoDraw = False
131.6525 	EXP 	Triplet1: autoDraw = False
131.6525 	EXP 	Triplet2: autoDraw = False
131.6525 	EXP 	Triplet3: autoDraw = False
131.6525 	EXP 	Mask: autoDraw = True
133.2892 	EXP 	Mask: autoDraw = False
133.2892 	EXP 	img1: pos = array([-0.5,  0. ])
133.2892 	EXP 	img1: image = 'images/OBJ_84.png'
133.2892 	EXP 	img2: pos = array([0., 0.])
133.2892 	EXP 	img2: image = 'images/OBJ_206.png'
133.2892 	EXP 	img3: pos = array([0.5, 0. ])
133.2892 	EXP 	img3: image = 'images/OBJ_175.png'
133.2892 	EXP 	img1: autoDraw = True
134.7888 	EXP 	img1: autoDraw = False
135.2826 	EXP 	img2: autoDraw = True
136.7896 	EXP 	img2: autoDraw = False
137.2830 	EXP 	img3: autoDraw = True
138.7884 	EXP 	img3: autoDraw = False
138.7884 	EXP 	img1: autoDraw = False
138.7884 	EXP 	img2: autoDraw = False
138.7884 	EXP 	img3: autoDraw = False
138.7884 	EXP 	text_2: autoDraw = True
139.7902 	EXP 	text_2: autoDraw = False
139.7902 	EXP 	text_2: autoDraw = False
139.7902 	EXP 	sameText: text = 'Same'
139.7902 	EXP 	diffText: text = 'Different'
139.7902 	EXP 	text: autoDraw = True
139.7902 	EXP 	sameText: autoDraw = True
139.7902 	EXP 	diffText: autoDraw = True
139.7902 	EXP 	leftCL: autoDraw = True
139.7902 	EXP 	rightCL: autoDraw = True
140.1563 	DATA 	Mouse: Left button down, pos=(762,227)
140.1770 	EXP 	text: autoDraw = False
140.1770 	EXP 	sameText: autoDraw = False
140.1770 	EXP 	diffText: autoDraw = False
140.1770 	EXP 	leftCL: autoDraw = False
140.1770 	EXP 	rightCL: autoDraw = False
140.3404 	DATA 	Mouse:  Left button up, pos=(762,227)
140.6724 	EXP 	New trial (rep=9, index=0): None
140.8372 	EXP 	Triplet1: pos = array([0.5, 0. ])
140.8372 	EXP 	Triplet1: image = 'images/OBJ_7.png'
140.8372 	EXP 	Triplet2: pos = array([0., 0.])
140.8372 	EXP 	Triplet2: image = 'images/OBJ_160.png'
140.8372 	EXP 	Triplet3: pos = array([-0.5,  0. ])
140.8372 	EXP 	Triplet3: image = 'images/OBJ_44.png'
140.8372 	EXP 	Triplet1: autoDraw = True
142.3382 	EXP 	Triplet1: autoDraw = False
142.8318 	EXP 	Triplet2: autoDraw = True
144.3394 	EXP 	Triplet2: autoDraw = False
144.8325 	EXP 	Triplet3: autoDraw = True
146.3393 	EXP 	Triplet3: autoDraw = False
146.3393 	EXP 	Triplet1: autoDraw = False
146.3393 	EXP 	Triplet2: autoDraw = False
146.3393 	EXP 	Triplet3: autoDraw = False
146.3393 	EXP 	Mask: autoDraw = True
147.9827 	EXP 	Mask: autoDraw = False
147.9827 	EXP 	img1: pos = array([0.5, 0. ])
147.9827 	EXP 	img1: image = 'images/OBJ_7.png'
147.9827 	EXP 	img2: pos = array([0., 0.])
147.9827 	EXP 	img2: image = 'images/OBJ_160.png'
147.9827 	EXP 	img3: pos = array([-0.5,  0. ])
147.9827 	EXP 	img3: image = 'images/OBJ_44.png'
147.9827 	EXP 	img1: autoDraw = True
149.4878 	EXP 	img1: autoDraw = False
149.9812 	EXP 	img2: autoDraw = True
151.4883 	EXP 	img2: autoDraw = False
151.9818 	EXP 	img3: autoDraw = True
153.4870 	EXP 	img3: autoDraw = False
153.4870 	EXP 	img1: autoDraw = False
153.4870 	EXP 	img2: autoDraw = False
153.4870 	EXP 	img3: autoDraw = False
153.4870 	EXP 	text_2: autoDraw = True
154.4890 	EXP 	text_2: autoDraw = False
154.4890 	EXP 	text_2: autoDraw = False
154.4890 	EXP 	sameText: text = 'Same'
154.4890 	EXP 	diffText: text = 'Different'
154.4890 	EXP 	text: autoDraw = True
154.4890 	EXP 	sameText: autoDraw = True
154.4890 	EXP 	diffText: autoDraw = True
154.4890 	EXP 	leftCL: autoDraw = True
154.4890 	EXP 	rightCL: autoDraw = True
155.5034 	DATA 	Mouse: Left button down, pos=(704,217)
155.5162 	EXP 	text: autoDraw = False
155.5162 	EXP 	sameText: autoDraw = False
155.5162 	EXP 	diffText: autoDraw = False
155.5162 	EXP 	leftCL: autoDraw = False
155.5162 	EXP 	rightCL: autoDraw = False
155.6516 	DATA 	Mouse:  Left button up, pos=(704,217)
156.0118 	EXP 	New trial (rep=10, index=0): None
156.1909 	EXP 	Triplet1: pos = array([0., 0.])
156.1909 	EXP 	Triplet1: image = 'images/OBJ_39.png'
156.1909 	EXP 	Triplet2: pos = array([-0.5,  0. ])
156.1909 	EXP 	Triplet2: image = 'images/OBJ_45.png'
156.1909 	EXP 	Triplet3: pos = array([0.5, 0. ])
156.1909 	EXP 	Triplet3: image = 'images/OBJ_78.png'
156.1909 	EXP 	Triplet1: autoDraw = True
157.6910 	EXP 	Triplet1: autoDraw = False
158.1840 	EXP 	Triplet2: autoDraw = True
159.6911 	EXP 	Triplet2: autoDraw = False
160.1853 	EXP 	Triplet3: autoDraw = True
161.6922 	EXP 	Triplet3: autoDraw = False
161.6922 	EXP 	Triplet1: autoDraw = False
161.6922 	EXP 	Triplet2: autoDraw = False
161.6922 	EXP 	Triplet3: autoDraw = False
161.6922 	EXP 	Mask: autoDraw = True
163.3360 	EXP 	Mask: autoDraw = False
163.3360 	EXP 	img1: pos = array([0., 0.])
163.3360 	EXP 	img1: image = 'images/OBJ_39.png'
163.3360 	EXP 	img2: pos = array([-0.5,  0. ])
163.3360 	EXP 	img2: image = 'images/OBJ_45.png'
163.3360 	EXP 	img3: pos = array([0.5, 0. ])
163.3360 	EXP 	img3: image = 'images/OBJ_78.png'
163.3360 	EXP 	img1: autoDraw = True
164.0421 	DATA 	Mouse: Left button down, pos=(561,1080)
164.2427 	DATA 	Mouse:  Left button up, pos=(571,1050)
164.8400 	EXP 	img1: autoDraw = False
165.3334 	EXP 	img2: autoDraw = True
166.8403 	EXP 	img2: autoDraw = False
167.3335 	EXP 	img3: autoDraw = True
168.8411 	EXP 	img3: autoDraw = False
168.8411 	EXP 	img1: autoDraw = False
168.8411 	EXP 	img2: autoDraw = False
168.8411 	EXP 	img3: autoDraw = False
168.8411 	EXP 	text_2: autoDraw = True
169.8414 	EXP 	text_2: autoDraw = False
169.8414 	EXP 	text_2: autoDraw = False
169.8414 	EXP 	sameText: text = 'Same'
169.8414 	EXP 	diffText: text = 'Different'
169.8414 	EXP 	text: autoDraw = True
169.8414 	EXP 	sameText: autoDraw = True
169.8414 	EXP 	diffText: autoDraw = True
169.8414 	EXP 	leftCL: autoDraw = True
169.8414 	EXP 	rightCL: autoDraw = True
176.0985 	DATA 	Mouse: Left button down, pos=(810,180)
176.1103 	EXP 	text: autoDraw = False
176.1103 	EXP 	sameText: autoDraw = False
176.1103 	EXP 	diffText: autoDraw = False
176.1103 	EXP 	leftCL: autoDraw = False
176.1103 	EXP 	rightCL: autoDraw = False
176.1779 	DATA 	Mouse:  Left button up, pos=(810,180)
176.6066 	EXP 	New trial (rep=11, index=0): None
176.7476 	EXP 	Triplet1: pos = array([-0.5,  0. ])
176.7476 	EXP 	Triplet1: image = 'images/OBJ_77.png'
176.7476 	EXP 	Triplet2: pos = array([0.5, 0. ])
176.7476 	EXP 	Triplet2: image = 'images/OBJ_181.png'
176.7476 	EXP 	Triplet3: pos = array([0., 0.])
176.7476 	EXP 	Triplet3: image = 'images/OBJ_152.png'
176.7476 	EXP 	Triplet1: autoDraw = True
178.2583 	EXP 	Triplet1: autoDraw = False
178.7384 	EXP 	Triplet2: autoDraw = True
180.2454 	EXP 	Triplet2: autoDraw = False
180.7391 	EXP 	Triplet3: autoDraw = True
182.2464 	EXP 	Triplet3: autoDraw = False
182.2464 	EXP 	Triplet1: autoDraw = False
182.2464 	EXP 	Triplet2: autoDraw = False
182.2464 	EXP 	Triplet3: autoDraw = False
182.2464 	EXP 	Mask: autoDraw = True
183.8701 	EXP 	Mask: autoDraw = False
183.8701 	EXP 	img1: pos = array([-0.5,  0. ])
183.8701 	EXP 	img1: image = 'images/OBJ_77.png'
183.8701 	EXP 	img2: pos = array([0., 0.])
183.8701 	EXP 	img2: image = 'images/OBJ_181.png'
183.8701 	EXP 	img3: pos = array([0.5, 0. ])
183.8701 	EXP 	img3: image = 'images/OBJ_152.png'
183.8701 	EXP 	img1: autoDraw = True
185.3813 	EXP 	img1: autoDraw = False
185.8616 	EXP 	img2: autoDraw = True
187.3679 	EXP 	img2: autoDraw = False
187.8618 	EXP 	img3: autoDraw = True
189.3687 	EXP 	img3: autoDraw = False
189.3687 	EXP 	img1: autoDraw = False
189.3687 	EXP 	img2: autoDraw = False
189.3687 	EXP 	img3: autoDraw = False
189.3687 	EXP 	text_2: autoDraw = True
190.3691 	EXP 	text_2: autoDraw = False
190.3691 	EXP 	text_2: autoDraw = False
190.3691 	EXP 	sameText: text = 'Same'
190.3691 	EXP 	diffText: text = 'Different'
190.3691 	EXP 	text: autoDraw = True
190.3691 	EXP 	sameText: autoDraw = True
190.3691 	EXP 	diffText: autoDraw = True
190.3691 	EXP 	leftCL: autoDraw = True
190.3691 	EXP 	rightCL: autoDraw = True
217.4340 	DATA 	Mouse: Left button down, pos=(797,181)
217.4457 	EXP 	text: autoDraw = False
217.4457 	EXP 	sameText: autoDraw = False
217.4457 	EXP 	diffText: autoDraw = False
217.4457 	EXP 	leftCL: autoDraw = False
217.4457 	EXP 	rightCL: autoDraw = False
217.5152 	DATA 	Mouse:  Left button up, pos=(797,181)
217.9416 	EXP 	New trial (rep=12, index=0): None
218.0857 	EXP 	Triplet1: pos = array([-0.5,  0. ])
218.0857 	EXP 	Triplet1: image = 'images/OBJ_82.png'
218.0857 	EXP 	Triplet2: pos = array([0.5, 0. ])
218.0857 	EXP 	Triplet2: image = 'images/OBJ_50.png'
218.0857 	EXP 	Triplet3: pos = array([0., 0.])
218.0857 	EXP 	Triplet3: image = 'images/OBJ_49.png'
218.0857 	EXP 	Triplet1: autoDraw = True
219.5936 	EXP 	Triplet1: autoDraw = False
220.0872 	EXP 	Triplet2: autoDraw = True
221.5944 	EXP 	Triplet2: autoDraw = False
222.0883 	EXP 	Triplet3: autoDraw = True
223.5947 	EXP 	Triplet3: autoDraw = False
223.5947 	EXP 	Triplet1: autoDraw = False
223.5947 	EXP 	Triplet2: autoDraw = False
223.5947 	EXP 	Triplet3: autoDraw = False
223.5947 	EXP 	Mask: autoDraw = True
225.2233 	EXP 	Mask: autoDraw = False
225.2233 	EXP 	img1: pos = array([-0.5,  0. ])
225.2233 	EXP 	img1: image = 'images/OBJ_82.png'
225.2233 	EXP 	img2: pos = array([0.5, 0. ])
225.2233 	EXP 	img2: image = 'images/OBJ_50.png'
225.2233 	EXP 	img3: pos = array([0., 0.])
225.2233 	EXP 	img3: image = 'images/OBJ_49.png'
225.2233 	EXP 	img1: autoDraw = True
226.7300 	EXP 	img1: autoDraw = False
227.2231 	EXP 	img2: autoDraw = True
228.7303 	EXP 	img2: autoDraw = False
229.2240 	EXP 	img3: autoDraw = True
230.7287 	EXP 	img3: autoDraw = False
230.7287 	EXP 	img1: autoDraw = False
230.7287 	EXP 	img2: autoDraw = False
230.7287 	EXP 	img3: autoDraw = False
230.7287 	EXP 	text_2: autoDraw = True
231.7312 	EXP 	text_2: autoDraw = False
231.7312 	EXP 	text_2: autoDraw = False
231.7312 	EXP 	sameText: text = 'Same'
231.7312 	EXP 	diffText: text = 'Different'
231.7312 	EXP 	text: autoDraw = True
231.7312 	EXP 	sameText: autoDraw = True
231.7312 	EXP 	diffText: autoDraw = True
231.7312 	EXP 	leftCL: autoDraw = True
231.7312 	EXP 	rightCL: autoDraw = True
232.0812 	DATA 	Mouse: Left button down, pos=(710,191)
232.1047 	EXP 	text: autoDraw = False
232.1047 	EXP 	sameText: autoDraw = False
232.1047 	EXP 	diffText: autoDraw = False
232.1047 	EXP 	leftCL: autoDraw = False
232.1047 	EXP 	rightCL: autoDraw = False
232.1877 	DATA 	Mouse:  Left button up, pos=(704,188)
232.6001 	EXP 	New trial (rep=13, index=0): None
232.7753 	EXP 	Triplet1: pos = array([0.5, 0. ])
232.7753 	EXP 	Triplet1: image = 'images/OBJ_120.png'
232.7753 	EXP 	Triplet2: pos = array([0., 0.])
232.7753 	EXP 	Triplet2: image = 'images/OBJ_140.png'
232.7753 	EXP 	Triplet3: pos = array([-0.5,  0. ])
232.7753 	EXP 	Triplet3: image = 'images/OBJ_33.png'
232.7753 	EXP 	Triplet1: autoDraw = True
234.2785 	EXP 	Triplet1: autoDraw = False
234.7726 	EXP 	Triplet2: autoDraw = True
236.2798 	EXP 	Triplet2: autoDraw = False
236.7738 	EXP 	Triplet3: autoDraw = True
238.2805 	EXP 	Triplet3: autoDraw = False
238.2805 	EXP 	Triplet1: autoDraw = False
238.2805 	EXP 	Triplet2: autoDraw = False
238.2805 	EXP 	Triplet3: autoDraw = False
238.2805 	EXP 	Mask: autoDraw = True
239.9304 	EXP 	Mask: autoDraw = False
239.9304 	EXP 	img1: pos = array([-0.5,  0. ])
239.9304 	EXP 	img1: image = 'images/OBJ_120.png'
239.9304 	EXP 	img2: pos = array([0., 0.])
239.9304 	EXP 	img2: image = 'images/OBJ_33.png'
239.9304 	EXP 	img3: pos = array([0.5, 0. ])
239.9304 	EXP 	img3: image = 'images/OBJ_140.png'
239.9304 	EXP 	img1: autoDraw = True
241.4416 	EXP 	img1: autoDraw = False
241.9221 	EXP 	img2: autoDraw = True
243.4290 	EXP 	img2: autoDraw = False
243.9230 	EXP 	img3: autoDraw = True
245.4300 	EXP 	img3: autoDraw = False
245.4300 	EXP 	img1: autoDraw = False
245.4300 	EXP 	img2: autoDraw = False
245.4300 	EXP 	img3: autoDraw = False
245.4300 	EXP 	text_2: autoDraw = True
246.4299 	EXP 	text_2: autoDraw = False
246.4299 	EXP 	text_2: autoDraw = False
246.4299 	EXP 	sameText: text = 'Same'
246.4299 	EXP 	diffText: text = 'Different'
246.4299 	EXP 	text: autoDraw = True
246.4299 	EXP 	sameText: autoDraw = True
246.4299 	EXP 	diffText: autoDraw = True
246.4299 	EXP 	leftCL: autoDraw = True
246.4299 	EXP 	rightCL: autoDraw = True
246.9690 	DATA 	Mouse: Left button down, pos=(1229,168)
246.9901 	EXP 	text: autoDraw = False
246.9901 	EXP 	sameText: autoDraw = False
246.9901 	EXP 	diffText: autoDraw = False
246.9901 	EXP 	leftCL: autoDraw = False
246.9901 	EXP 	rightCL: autoDraw = False
247.0597 	DATA 	Mouse:  Left button up, pos=(1229,168)
247.4863 	EXP 	New trial (rep=14, index=0): None
247.6494 	EXP 	Triplet1: pos = array([0.5, 0. ])
247.6494 	EXP 	Triplet1: image = 'images/OBJ_138.png'
247.6494 	EXP 	Triplet2: pos = array([0., 0.])
247.6494 	EXP 	Triplet2: image = 'images/OBJ_94.png'
247.6494 	EXP 	Triplet3: pos = array([-0.5,  0. ])
247.6494 	EXP 	Triplet3: image = 'images/OBJ_204.png'
247.6494 	EXP 	Triplet1: autoDraw = True
249.1512 	EXP 	Triplet1: autoDraw = False
249.6452 	EXP 	Triplet2: autoDraw = True
251.1518 	EXP 	Triplet2: autoDraw = False
251.6454 	EXP 	Triplet3: autoDraw = True
253.1512 	EXP 	Triplet3: autoDraw = False
253.1512 	EXP 	Triplet1: autoDraw = False
253.1512 	EXP 	Triplet2: autoDraw = False
253.1512 	EXP 	Triplet3: autoDraw = False
253.1512 	EXP 	Mask: autoDraw = True
254.7945 	EXP 	Mask: autoDraw = False
254.7945 	EXP 	img1: pos = array([0.5, 0. ])
254.7945 	EXP 	img1: image = 'images/OBJ_138.png'
254.7945 	EXP 	img2: pos = array([0., 0.])
254.7945 	EXP 	img2: image = 'images/OBJ_94.png'
254.7945 	EXP 	img3: pos = array([-0.5,  0. ])
254.7945 	EXP 	img3: image = 'images/OBJ_204.png'
254.7945 	EXP 	img1: autoDraw = True
256.3010 	EXP 	img1: autoDraw = False
256.7942 	EXP 	img2: autoDraw = True
258.3012 	EXP 	img2: autoDraw = False
258.7948 	EXP 	img3: autoDraw = True
260.3022 	EXP 	img3: autoDraw = False
260.3022 	EXP 	img1: autoDraw = False
260.3022 	EXP 	img2: autoDraw = False
260.3022 	EXP 	img3: autoDraw = False
260.3022 	EXP 	text_2: autoDraw = True
261.3021 	EXP 	text_2: autoDraw = False
261.3021 	EXP 	text_2: autoDraw = False
261.3021 	EXP 	sameText: text = 'Same'
261.3021 	EXP 	diffText: text = 'Different'
261.3021 	EXP 	text: autoDraw = True
261.3021 	EXP 	sameText: autoDraw = True
261.3021 	EXP 	diffText: autoDraw = True
261.3021 	EXP 	leftCL: autoDraw = True
261.3021 	EXP 	rightCL: autoDraw = True
261.6357 	DATA 	Mouse: Left button down, pos=(1229,168)
261.6490 	EXP 	text: autoDraw = False
261.6490 	EXP 	sameText: autoDraw = False
261.6490 	EXP 	diffText: autoDraw = False
261.6490 	EXP 	leftCL: autoDraw = False
261.6490 	EXP 	rightCL: autoDraw = False
261.7320 	DATA 	Mouse:  Left button up, pos=(1229,168)
262.1444 	EXP 	New trial (rep=15, index=0): None
262.3108 	EXP 	Triplet1: pos = array([-0.5,  0. ])
262.3108 	EXP 	Triplet1: image = 'images/OBJ_199.png'
262.3108 	EXP 	Triplet2: pos = array([0., 0.])
262.3108 	EXP 	Triplet2: image = 'images/OBJ_111.png'
262.3108 	EXP 	Triplet3: pos = array([0.5, 0. ])
262.3108 	EXP 	Triplet3: image = 'images/OBJ_184.png'
262.3108 	EXP 	Triplet1: autoDraw = True
263.8104 	EXP 	Triplet1: autoDraw = False
264.3037 	EXP 	Triplet2: autoDraw = True
265.8106 	EXP 	Triplet2: autoDraw = False
266.3042 	EXP 	Triplet3: autoDraw = True
267.8114 	EXP 	Triplet3: autoDraw = False
267.8114 	EXP 	Triplet1: autoDraw = False
267.8114 	EXP 	Triplet2: autoDraw = False
267.8114 	EXP 	Triplet3: autoDraw = False
267.8114 	EXP 	Mask: autoDraw = True
269.4573 	EXP 	Mask: autoDraw = False
269.4573 	EXP 	img1: pos = array([-0.5,  0. ])
269.4573 	EXP 	img1: image = 'images/OBJ_199.png'
269.4573 	EXP 	img2: pos = array([0., 0.])
269.4573 	EXP 	img2: image = 'images/OBJ_111.png'
269.4573 	EXP 	img3: pos = array([0.5, 0. ])
269.4573 	EXP 	img3: image = 'images/OBJ_184.png'
269.4573 	EXP 	img1: autoDraw = True
270.9598 	EXP 	img1: autoDraw = False
271.4530 	EXP 	img2: autoDraw = True
272.9605 	EXP 	img2: autoDraw = False
273.4537 	EXP 	img3: autoDraw = True
274.9590 	EXP 	img3: autoDraw = False
274.9590 	EXP 	img1: autoDraw = False
274.9590 	EXP 	img2: autoDraw = False
274.9590 	EXP 	img3: autoDraw = False
274.9590 	EXP 	text_2: autoDraw = True
275.9609 	EXP 	text_2: autoDraw = False
275.9609 	EXP 	text_2: autoDraw = False
275.9609 	EXP 	sameText: text = 'Same'
275.9609 	EXP 	diffText: text = 'Different'
275.9609 	EXP 	text: autoDraw = True
275.9609 	EXP 	sameText: autoDraw = True
275.9609 	EXP 	diffText: autoDraw = True
275.9609 	EXP 	leftCL: autoDraw = True
275.9609 	EXP 	rightCL: autoDraw = True
276.8448 	DATA 	Mouse: Left button down, pos=(794,159)
276.8678 	EXP 	text: autoDraw = False
276.8678 	EXP 	sameText: autoDraw = False
276.8678 	EXP 	diffText: autoDraw = False
276.8678 	EXP 	leftCL: autoDraw = False
276.8678 	EXP 	rightCL: autoDraw = False
276.9621 	DATA 	Mouse:  Left button up, pos=(794,159)
277.3632 	EXP 	New trial (rep=16, index=0): None
277.5014 	EXP 	Triplet1: pos = array([0.5, 0. ])
277.5014 	EXP 	Triplet1: image = 'images/OBJ_71.png'
277.5014 	EXP 	Triplet2: pos = array([0., 0.])
277.5014 	EXP 	Triplet2: image = 'images/OBJ_67.png'
277.5014 	EXP 	Triplet3: pos = array([-0.5,  0. ])
277.5014 	EXP 	Triplet3: image = 'images/OBJ_25.png'
277.5014 	EXP 	Triplet1: autoDraw = True
279.0024 	EXP 	Triplet1: autoDraw = False
279.4960 	EXP 	Triplet2: autoDraw = True
281.0030 	EXP 	Triplet2: autoDraw = False
281.4970 	EXP 	Triplet3: autoDraw = True
283.0039 	EXP 	Triplet3: autoDraw = False
283.0039 	EXP 	Triplet1: autoDraw = False
283.0039 	EXP 	Triplet2: autoDraw = False
283.0039 	EXP 	Triplet3: autoDraw = False
283.0039 	EXP 	Mask: autoDraw = True
284.6267 	EXP 	Mask: autoDraw = False
284.6267 	EXP 	img1: pos = array([-0.5,  0. ])
284.6267 	EXP 	img1: image = 'images/OBJ_67.png'
284.6267 	EXP 	img2: pos = array([0., 0.])
284.6267 	EXP 	img2: image = 'images/OBJ_71.png'
284.6267 	EXP 	img3: pos = array([0.5, 0. ])
284.6267 	EXP 	img3: image = 'images/OBJ_25.png'
284.6267 	EXP 	img1: autoDraw = True
286.1385 	EXP 	img1: autoDraw = False
286.6188 	EXP 	img2: autoDraw = True
288.1257 	EXP 	img2: autoDraw = False
288.6192 	EXP 	img3: autoDraw = True
290.1247 	EXP 	img3: autoDraw = False
290.1247 	EXP 	img1: autoDraw = False
290.1247 	EXP 	img2: autoDraw = False
290.1247 	EXP 	img3: autoDraw = False
290.1247 	EXP 	text_2: autoDraw = True
291.1269 	EXP 	text_2: autoDraw = False
291.1269 	EXP 	text_2: autoDraw = False
291.1269 	EXP 	sameText: text = 'Same'
291.1269 	EXP 	diffText: text = 'Different'
291.1269 	EXP 	text: autoDraw = True
291.1269 	EXP 	sameText: autoDraw = True
291.1269 	EXP 	diffText: autoDraw = True
291.1269 	EXP 	leftCL: autoDraw = True
291.1269 	EXP 	rightCL: autoDraw = True
291.3940 	DATA 	Mouse: Left button down, pos=(796,161)
291.4066 	EXP 	text: autoDraw = False
291.4066 	EXP 	sameText: autoDraw = False
291.4066 	EXP 	diffText: autoDraw = False
291.4066 	EXP 	leftCL: autoDraw = False
291.4066 	EXP 	rightCL: autoDraw = False
291.5037 	DATA 	Mouse:  Left button up, pos=(796,161)
291.9029 	EXP 	New trial (rep=17, index=0): None
292.0720 	EXP 	Triplet1: pos = array([0.5, 0. ])
292.0720 	EXP 	Triplet1: image = 'images/OBJ_173.png'
292.0720 	EXP 	Triplet2: pos = array([-0.5,  0. ])
292.0720 	EXP 	Triplet2: image = 'images/OBJ_107.png'
292.0720 	EXP 	Triplet3: pos = array([0., 0.])
292.0720 	EXP 	Triplet3: image = 'images/OBJ_168.png'
292.0720 	EXP 	Triplet1: autoDraw = True
293.5810 	EXP 	Triplet1: autoDraw = False
294.0745 	EXP 	Triplet2: autoDraw = True
295.5816 	EXP 	Triplet2: autoDraw = False
296.0752 	EXP 	Triplet3: autoDraw = True
297.5806 	EXP 	Triplet3: autoDraw = False
297.5806 	EXP 	Triplet1: autoDraw = False
297.5806 	EXP 	Triplet2: autoDraw = False
297.5806 	EXP 	Triplet3: autoDraw = False
297.5806 	EXP 	Mask: autoDraw = True
299.2222 	EXP 	Mask: autoDraw = False
299.2222 	EXP 	img1: pos = array([0.5, 0. ])
299.2222 	EXP 	img1: image = 'images/OBJ_173.png'
299.2222 	EXP 	img2: pos = array([-0.5,  0. ])
299.2222 	EXP 	img2: image = 'images/OBJ_107.png'
299.2222 	EXP 	img3: pos = array([0., 0.])
299.2222 	EXP 	img3: image = 'images/OBJ_168.png'
299.2222 	EXP 	img1: autoDraw = True
300.7306 	EXP 	img1: autoDraw = False
301.2239 	EXP 	img2: autoDraw = True
302.7313 	EXP 	img2: autoDraw = False
303.2248 	EXP 	img3: autoDraw = True
304.7295 	EXP 	img3: autoDraw = False
304.7295 	EXP 	img1: autoDraw = False
304.7295 	EXP 	img2: autoDraw = False
304.7295 	EXP 	img3: autoDraw = False
304.7295 	EXP 	text_2: autoDraw = True
305.7300 	EXP 	text_2: autoDraw = False
305.7300 	EXP 	text_2: autoDraw = False
305.7300 	EXP 	sameText: text = 'Same'
305.7300 	EXP 	diffText: text = 'Different'
305.7300 	EXP 	text: autoDraw = True
305.7300 	EXP 	sameText: autoDraw = True
305.7300 	EXP 	diffText: autoDraw = True
305.7300 	EXP 	leftCL: autoDraw = True
305.7300 	EXP 	rightCL: autoDraw = True
305.9592 	DATA 	Mouse: Left button down, pos=(796,161)
305.9722 	EXP 	text: autoDraw = False
305.9722 	EXP 	sameText: autoDraw = False
305.9722 	EXP 	diffText: autoDraw = False
305.9722 	EXP 	leftCL: autoDraw = False
305.9722 	EXP 	rightCL: autoDraw = False
306.0679 	DATA 	Mouse:  Left button up, pos=(796,161)
306.4675 	EXP 	New trial (rep=18, index=0): None
306.6114 	EXP 	Triplet1: pos = array([-0.5,  0. ])
306.6114 	EXP 	Triplet1: image = 'images/OBJ_170.png'
306.6114 	EXP 	Triplet2: pos = array([0.5, 0. ])
306.6114 	EXP 	Triplet2: image = 'images/OBJ_48.png'
306.6114 	EXP 	Triplet3: pos = array([0., 0.])
306.6114 	EXP 	Triplet3: image = 'images/OBJ_187.png'
306.6114 	EXP 	Triplet1: autoDraw = True
308.1197 	EXP 	Triplet1: autoDraw = False
308.6137 	EXP 	Triplet2: autoDraw = True
310.1206 	EXP 	Triplet2: autoDraw = False
310.6140 	EXP 	Triplet3: autoDraw = True
312.1210 	EXP 	Triplet3: autoDraw = False
312.1210 	EXP 	Triplet1: autoDraw = False
312.1210 	EXP 	Triplet2: autoDraw = False
312.1210 	EXP 	Triplet3: autoDraw = False
312.1210 	EXP 	Mask: autoDraw = True
313.7525 	EXP 	Mask: autoDraw = False
313.7525 	EXP 	img1: pos = array([-0.5,  0. ])
313.7525 	EXP 	img1: image = 'images/OBJ_170.png'
313.7525 	EXP 	img2: pos = array([0.5, 0. ])
313.7525 	EXP 	img2: image = 'images/OBJ_48.png'
313.7525 	EXP 	img3: pos = array([0., 0.])
313.7525 	EXP 	img3: image = 'images/OBJ_187.png'
313.7525 	EXP 	img1: autoDraw = True
315.2558 	EXP 	img1: autoDraw = False
315.7361 	EXP 	img2: autoDraw = True
317.2438 	EXP 	img2: autoDraw = False
317.7370 	EXP 	img3: autoDraw = True
319.2418 	EXP 	img3: autoDraw = False
319.2418 	EXP 	img1: autoDraw = False
319.2418 	EXP 	img2: autoDraw = False
319.2418 	EXP 	img3: autoDraw = False
319.2418 	EXP 	text_2: autoDraw = True
320.2421 	EXP 	text_2: autoDraw = False
320.2421 	EXP 	text_2: autoDraw = False
320.2421 	EXP 	sameText: text = 'Same'
320.2421 	EXP 	diffText: text = 'Different'
320.2421 	EXP 	text: autoDraw = True
320.2421 	EXP 	sameText: autoDraw = True
320.2421 	EXP 	diffText: autoDraw = True
320.2421 	EXP 	leftCL: autoDraw = True
320.2421 	EXP 	rightCL: autoDraw = True
320.5513 	DATA 	Mouse: Left button down, pos=(796,161)
320.5642 	EXP 	text: autoDraw = False
320.5642 	EXP 	sameText: autoDraw = False
320.5642 	EXP 	diffText: autoDraw = False
320.5642 	EXP 	leftCL: autoDraw = False
320.5642 	EXP 	rightCL: autoDraw = False
320.6599 	DATA 	Mouse:  Left button up, pos=(796,161)
321.0603 	EXP 	New trial (rep=19, index=0): None
321.2197 	EXP 	Triplet1: pos = array([0., 0.])
321.2197 	EXP 	Triplet1: image = 'images/OBJ_2.png'
321.2197 	EXP 	Triplet2: pos = array([0.5, 0. ])
321.2197 	EXP 	Triplet2: image = 'images/OBJ_141.png'
321.2197 	EXP 	Triplet3: pos = array([-0.5,  0. ])
321.2197 	EXP 	Triplet3: image = 'images/OBJ_86.png'
321.2197 	EXP 	Triplet1: autoDraw = True
322.7257 	EXP 	Triplet1: autoDraw = False
323.2188 	EXP 	Triplet2: autoDraw = True
324.7265 	EXP 	Triplet2: autoDraw = False
325.2197 	EXP 	Triplet3: autoDraw = True
326.7250 	EXP 	Triplet3: autoDraw = False
326.7250 	EXP 	Triplet1: autoDraw = False
326.7250 	EXP 	Triplet2: autoDraw = False
326.7250 	EXP 	Triplet3: autoDraw = False
326.7250 	EXP 	Mask: autoDraw = True
328.3687 	EXP 	Mask: autoDraw = False
328.3687 	EXP 	img1: pos = array([0., 0.])
328.3687 	EXP 	img1: image = 'images/OBJ_2.png'
328.3687 	EXP 	img2: pos = array([0.5, 0. ])
328.3687 	EXP 	img2: image = 'images/OBJ_141.png'
328.3687 	EXP 	img3: pos = array([-0.5,  0. ])
328.3687 	EXP 	img3: image = 'images/OBJ_86.png'
328.3687 	EXP 	img1: autoDraw = True
329.8747 	EXP 	img1: autoDraw = False
330.3682 	EXP 	img2: autoDraw = True
331.8752 	EXP 	img2: autoDraw = False
332.3693 	EXP 	img3: autoDraw = True
333.8761 	EXP 	img3: autoDraw = False
333.8761 	EXP 	img1: autoDraw = False
333.8761 	EXP 	img2: autoDraw = False
333.8761 	EXP 	img3: autoDraw = False
333.8761 	EXP 	text_2: autoDraw = True
334.8761 	EXP 	text_2: autoDraw = False
334.8761 	EXP 	text_2: autoDraw = False
334.8761 	EXP 	sameText: text = 'Same'
334.8761 	EXP 	diffText: text = 'Different'
334.8761 	EXP 	text: autoDraw = True
334.8761 	EXP 	sameText: autoDraw = True
334.8761 	EXP 	diffText: autoDraw = True
334.8761 	EXP 	leftCL: autoDraw = True
334.8761 	EXP 	rightCL: autoDraw = True
336.0503 	DATA 	Mouse: Left button down, pos=(846,187)
336.0632 	EXP 	text: autoDraw = False
336.0632 	EXP 	sameText: autoDraw = False
336.0632 	EXP 	diffText: autoDraw = False
336.0632 	EXP 	leftCL: autoDraw = False
336.0632 	EXP 	rightCL: autoDraw = False
336.1456 	DATA 	Mouse:  Left button up, pos=(839,186)
336.5588 	EXP 	New trial (rep=20, index=0): None
336.7217 	EXP 	Triplet1: pos = array([0.5, 0. ])
336.7217 	EXP 	Triplet1: image = 'images/OBJ_155.png'
336.7217 	EXP 	Triplet2: pos = array([0., 0.])
336.7217 	EXP 	Triplet2: image = 'images/OBJ_139.png'
336.7217 	EXP 	Triplet3: pos = array([-0.5,  0. ])
336.7217 	EXP 	Triplet3: image = 'images/OBJ_74.png'
336.7217 	EXP 	Triplet1: autoDraw = True
338.2243 	EXP 	Triplet1: autoDraw = False
338.7179 	EXP 	Triplet2: autoDraw = True
340.2254 	EXP 	Triplet2: autoDraw = False
340.7053 	EXP 	Triplet3: autoDraw = True
342.2125 	EXP 	Triplet3: autoDraw = False
342.2125 	EXP 	Triplet1: autoDraw = False
342.2125 	EXP 	Triplet2: autoDraw = False
342.2125 	EXP 	Triplet3: autoDraw = False
342.2125 	EXP 	Mask: autoDraw = True
343.8517 	EXP 	Mask: autoDraw = False
343.8517 	EXP 	img1: pos = array([0.5, 0. ])
343.8517 	EXP 	img1: image = 'images/OBJ_155.png'
343.8517 	EXP 	img2: pos = array([0., 0.])
343.8517 	EXP 	img2: image = 'images/OBJ_139.png'
343.8517 	EXP 	img3: pos = array([-0.5,  0. ])
343.8517 	EXP 	img3: image = 'images/OBJ_74.png'
343.8517 	EXP 	img1: autoDraw = True
345.3603 	EXP 	img1: autoDraw = False
345.8539 	EXP 	img2: autoDraw = True
347.3612 	EXP 	img2: autoDraw = False
347.8546 	EXP 	img3: autoDraw = True
349.3593 	EXP 	img3: autoDraw = False
349.3593 	EXP 	img1: autoDraw = False
349.3593 	EXP 	img2: autoDraw = False
349.3593 	EXP 	img3: autoDraw = False
349.3593 	EXP 	text_2: autoDraw = True
350.3619 	EXP 	text_2: autoDraw = False
350.3619 	EXP 	text_2: autoDraw = False
350.3619 	EXP 	sameText: text = 'Same'
350.3619 	EXP 	diffText: text = 'Different'
350.3619 	EXP 	text: autoDraw = True
350.3619 	EXP 	sameText: autoDraw = True
350.3619 	EXP 	diffText: autoDraw = True
350.3619 	EXP 	leftCL: autoDraw = True
350.3619 	EXP 	rightCL: autoDraw = True
350.7758 	DATA 	Mouse: Left button down, pos=(767,290)
350.7886 	EXP 	text: autoDraw = False
350.7886 	EXP 	sameText: autoDraw = False
350.7886 	EXP 	diffText: autoDraw = False
350.7886 	EXP 	leftCL: autoDraw = False
350.7886 	EXP 	rightCL: autoDraw = False
350.8981 	DATA 	Mouse:  Left button up, pos=(771,290)
351.2848 	EXP 	New trial (rep=21, index=0): None
351.4546 	EXP 	Triplet1: pos = array([0.5, 0. ])
351.4546 	EXP 	Triplet1: image = 'images/OBJ_167.png'
351.4546 	EXP 	Triplet2: pos = array([0., 0.])
351.4546 	EXP 	Triplet2: image = 'images/OBJ_194.png'
351.4546 	EXP 	Triplet3: pos = array([-0.5,  0. ])
351.4546 	EXP 	Triplet3: image = 'images/OBJ_29.png'
351.4546 	EXP 	Triplet1: autoDraw = True
352.9636 	EXP 	Triplet1: autoDraw = False
353.4569 	EXP 	Triplet2: autoDraw = True
354.9639 	EXP 	Triplet2: autoDraw = False
355.4574 	EXP 	Triplet3: autoDraw = True
356.9647 	EXP 	Triplet3: autoDraw = False
356.9647 	EXP 	Triplet1: autoDraw = False
356.9647 	EXP 	Triplet2: autoDraw = False
356.9647 	EXP 	Triplet3: autoDraw = False
356.9647 	EXP 	Mask: autoDraw = True
358.6124 	EXP 	Mask: autoDraw = False
358.6124 	EXP 	img1: pos = array([0., 0.])
358.6124 	EXP 	img1: image = 'images/OBJ_167.png'
358.6124 	EXP 	img2: pos = array([0.5, 0. ])
358.6124 	EXP 	img2: image = 'images/OBJ_29.png'
358.6124 	EXP 	img3: pos = array([-0.5,  0. ])
358.6124 	EXP 	img3: image = 'images/OBJ_194.png'
358.6124 	EXP 	img1: autoDraw = True
360.1130 	EXP 	img1: autoDraw = False
360.6065 	EXP 	img2: autoDraw = True
362.1133 	EXP 	img2: autoDraw = False
362.6069 	EXP 	img3: autoDraw = True
364.1122 	EXP 	img3: autoDraw = False
364.1122 	EXP 	img1: autoDraw = False
364.1122 	EXP 	img2: autoDraw = False
364.1122 	EXP 	img3: autoDraw = False
364.1122 	EXP 	text_2: autoDraw = True
365.1140 	EXP 	text_2: autoDraw = False
365.1140 	EXP 	text_2: autoDraw = False
365.1140 	EXP 	sameText: text = 'Same'
365.1140 	EXP 	diffText: text = 'Different'
365.1140 	EXP 	text: autoDraw = True
365.1140 	EXP 	sameText: autoDraw = True
365.1140 	EXP 	diffText: autoDraw = True
365.1140 	EXP 	leftCL: autoDraw = True
365.1140 	EXP 	rightCL: autoDraw = True
365.3547 	DATA 	Mouse: Left button down, pos=(1200,191)
365.3674 	EXP 	text: autoDraw = False
365.3674 	EXP 	sameText: autoDraw = False
365.3674 	EXP 	diffText: autoDraw = False
365.3674 	EXP 	leftCL: autoDraw = False
365.3674 	EXP 	rightCL: autoDraw = False
365.4505 	DATA 	Mouse:  Left button up, pos=(1199,187)
365.8636 	EXP 	New trial (rep=22, index=0): None
366.0307 	EXP 	Triplet1: pos = array([-0.5,  0. ])
366.0307 	EXP 	Triplet1: image = 'images/OBJ_19.png'
366.0307 	EXP 	Triplet2: pos = array([0., 0.])
366.0307 	EXP 	Triplet2: image = 'images/OBJ_51.png'
366.0307 	EXP 	Triplet3: pos = array([0.5, 0. ])
366.0307 	EXP 	Triplet3: image = 'images/OBJ_101.png'
366.0307 	EXP 	Triplet1: autoDraw = True
367.5419 	EXP 	Triplet1: autoDraw = False
368.0223 	EXP 	Triplet2: autoDraw = True
369.5298 	EXP 	Triplet2: autoDraw = False
370.0229 	EXP 	Triplet3: autoDraw = True
371.5302 	EXP 	Triplet3: autoDraw = False
371.5302 	EXP 	Triplet1: autoDraw = False
371.5302 	EXP 	Triplet2: autoDraw = False
371.5302 	EXP 	Triplet3: autoDraw = False
371.5302 	EXP 	Mask: autoDraw = True
373.1698 	EXP 	Mask: autoDraw = False
373.1698 	EXP 	img1: pos = array([-0.5,  0. ])
373.1698 	EXP 	img1: image = 'images/OBJ_19.png'
373.1698 	EXP 	img2: pos = array([0., 0.])
373.1698 	EXP 	img2: image = 'images/OBJ_51.png'
373.1698 	EXP 	img3: pos = array([0.5, 0. ])
373.1698 	EXP 	img3: image = 'images/OBJ_101.png'
373.1698 	EXP 	img1: autoDraw = True
374.6778 	EXP 	img1: autoDraw = False
375.1717 	EXP 	img2: autoDraw = True
376.6784 	EXP 	img2: autoDraw = False
377.1726 	EXP 	img3: autoDraw = True
378.6773 	EXP 	img3: autoDraw = False
378.6773 	EXP 	img1: autoDraw = False
378.6773 	EXP 	img2: autoDraw = False
378.6773 	EXP 	img3: autoDraw = False
378.6773 	EXP 	text_2: autoDraw = True
379.6794 	EXP 	text_2: autoDraw = False
379.6794 	EXP 	text_2: autoDraw = False
379.6794 	EXP 	sameText: text = 'Same'
379.6794 	EXP 	diffText: text = 'Different'
379.6794 	EXP 	text: autoDraw = True
379.6794 	EXP 	sameText: autoDraw = True
379.6794 	EXP 	diffText: autoDraw = True
379.6794 	EXP 	leftCL: autoDraw = True
379.6794 	EXP 	rightCL: autoDraw = True
379.9602 	DATA 	Mouse: Left button down, pos=(1135,245)
379.9729 	EXP 	text: autoDraw = False
379.9729 	EXP 	sameText: autoDraw = False
379.9729 	EXP 	diffText: autoDraw = False
379.9729 	EXP 	leftCL: autoDraw = False
379.9729 	EXP 	rightCL: autoDraw = False
380.0827 	DATA 	Mouse:  Left button up, pos=(1135,245)
380.4687 	EXP 	New trial (rep=23, index=0): None
380.6436 	EXP 	Triplet1: pos = array([0.5, 0. ])
380.6436 	EXP 	Triplet1: image = 'images/OBJ_197.png'
380.6436 	EXP 	Triplet2: pos = array([0., 0.])
380.6436 	EXP 	Triplet2: image = 'images/OBJ_21.png'
380.6436 	EXP 	Triplet3: pos = array([-0.5,  0. ])
380.6436 	EXP 	Triplet3: image = 'images/OBJ_119.png'
380.6436 	EXP 	Triplet1: autoDraw = True
382.1472 	EXP 	Triplet1: autoDraw = False
382.6408 	EXP 	Triplet2: autoDraw = True
384.1486 	EXP 	Triplet2: autoDraw = False
384.6420 	EXP 	Triplet3: autoDraw = True
386.1488 	EXP 	Triplet3: autoDraw = False
386.1488 	EXP 	Triplet1: autoDraw = False
386.1488 	EXP 	Triplet2: autoDraw = False
386.1488 	EXP 	Triplet3: autoDraw = False
386.1488 	EXP 	Mask: autoDraw = True
387.7947 	EXP 	Mask: autoDraw = False
387.7947 	EXP 	img1: pos = array([0.5, 0. ])
387.7947 	EXP 	img1: image = 'images/OBJ_197.png'
387.7947 	EXP 	img2: pos = array([0., 0.])
387.7947 	EXP 	img2: image = 'images/OBJ_21.png'
387.7947 	EXP 	img3: pos = array([-0.5,  0. ])
387.7947 	EXP 	img3: image = 'images/OBJ_119.png'
387.7947 	EXP 	img1: autoDraw = True
389.2967 	EXP 	img1: autoDraw = False
389.7902 	EXP 	img2: autoDraw = True
391.2973 	EXP 	img2: autoDraw = False
391.7909 	EXP 	img3: autoDraw = True
393.2962 	EXP 	img3: autoDraw = False
393.2962 	EXP 	img1: autoDraw = False
393.2962 	EXP 	img2: autoDraw = False
393.2962 	EXP 	img3: autoDraw = False
393.2962 	EXP 	text_2: autoDraw = True
394.2984 	EXP 	text_2: autoDraw = False
394.2984 	EXP 	text_2: autoDraw = False
394.2984 	EXP 	sameText: text = 'Same'
394.2984 	EXP 	diffText: text = 'Different'
394.2984 	EXP 	text: autoDraw = True
394.2984 	EXP 	sameText: autoDraw = True
394.2984 	EXP 	diffText: autoDraw = True
394.2984 	EXP 	leftCL: autoDraw = True
394.2984 	EXP 	rightCL: autoDraw = True
394.6083 	DATA 	Mouse: Left button down, pos=(665,249)
394.6317 	EXP 	text: autoDraw = False
394.6317 	EXP 	sameText: autoDraw = False
394.6317 	EXP 	diffText: autoDraw = False
394.6317 	EXP 	leftCL: autoDraw = False
394.6317 	EXP 	rightCL: autoDraw = False
394.7415 	DATA 	Mouse:  Left button up, pos=(665,249)
395.1281 	EXP 	New trial (rep=24, index=0): None
395.2968 	EXP 	Triplet1: pos = array([0.5, 0. ])
395.2968 	EXP 	Triplet1: image = 'images/OBJ_123.png'
395.2968 	EXP 	Triplet2: pos = array([-0.5,  0. ])
395.2968 	EXP 	Triplet2: image = 'images/OBJ_41.png'
395.2968 	EXP 	Triplet3: pos = array([0., 0.])
395.2968 	EXP 	Triplet3: image = 'images/OBJ_5.png'
395.2968 	EXP 	Triplet1: autoDraw = True
396.8063 	EXP 	Triplet1: autoDraw = False
397.2999 	EXP 	Triplet2: autoDraw = True
398.8073 	EXP 	Triplet2: autoDraw = False
399.2869 	EXP 	Triplet3: autoDraw = True
400.7944 	EXP 	Triplet3: autoDraw = False
400.7944 	EXP 	Triplet1: autoDraw = False
400.7944 	EXP 	Triplet2: autoDraw = False
400.7944 	EXP 	Triplet3: autoDraw = False
400.7944 	EXP 	Mask: autoDraw = True
402.4351 	EXP 	Mask: autoDraw = False
402.4351 	EXP 	img1: pos = array([-0.5,  0. ])
402.4351 	EXP 	img1: image = 'images/OBJ_123.png'
402.4351 	EXP 	img2: pos = array([0., 0.])
402.4351 	EXP 	img2: image = 'images/OBJ_5.png'
402.4351 	EXP 	img3: pos = array([0.5, 0. ])
402.4351 	EXP 	img3: image = 'images/OBJ_41.png'
402.4351 	EXP 	img1: autoDraw = True
403.9421 	EXP 	img1: autoDraw = False
404.4355 	EXP 	img2: autoDraw = True
405.9433 	EXP 	img2: autoDraw = False
406.4369 	EXP 	img3: autoDraw = True
407.9437 	EXP 	img3: autoDraw = False
407.9437 	EXP 	img1: autoDraw = False
407.9437 	EXP 	img2: autoDraw = False
407.9437 	EXP 	img3: autoDraw = False
407.9437 	EXP 	text_2: autoDraw = True
408.9436 	EXP 	text_2: autoDraw = False
408.9436 	EXP 	text_2: autoDraw = False
408.9436 	EXP 	sameText: text = 'Same'
408.9436 	EXP 	diffText: text = 'Different'
408.9436 	EXP 	text: autoDraw = True
408.9436 	EXP 	sameText: autoDraw = True
408.9436 	EXP 	diffText: autoDraw = True
408.9436 	EXP 	leftCL: autoDraw = True
408.9436 	EXP 	rightCL: autoDraw = True
410.7849 	DATA 	Mouse: Left button down, pos=(707,282)
410.7982 	EXP 	text: autoDraw = False
410.7982 	EXP 	sameText: autoDraw = False
410.7982 	EXP 	diffText: autoDraw = False
410.7982 	EXP 	leftCL: autoDraw = False
410.7982 	EXP 	rightCL: autoDraw = False
410.8941 	DATA 	Mouse:  Left button up, pos=(709,282)
411.5686 	EXP 	window1: mouseVisible = True
