0.8528 	WARNING 	We strongly recommend you activate the PTB sound engine in PsychoPy prefs as the preferred audio engine. Its timing is vastly superior. Your prefs are currently set to use ['sounddevice', 'PTB', 'pyo', 'pygame'] (in that order).
7.6210 	WARNING 	User requested fullscreen with size [1280  720], but screen is actually [1920, 1080]. Using actual size
8.3170 	EXP 	Created window1 = Window(allowGUI=False, allowStencil=False, autoLog=True, backendConf=UNKNOWN, bitsMode=UNKNOWN, blendMode='avg', bpc=(8, 8, 8), color=array([0, 0, 0]), colorSpace='rgb', depthBits=8, fullscr=<method-wrapper '__getattribute__' of attributeSetter object at 0x7fb968526c88>, gamma=None, gammaErrorPolicy='raise', lms=UNKNOWN, monitor=<psychopy.monitors.calibTools.Monitor object at 0x7fb963317e48>, multiSample=False, name='window1', numSamples=2, pos=[0.0, 0.0], screen=0, size=array([1920, 1080]), stencilBits=0, stereo=False, units='height', useFBO=True, useRetina=False, viewOri=0.0, viewPos=None, viewScale=None, waitBlanking=True, winType='pyglet')
8.3175 	EXP 	window1: mouseVisible = True
8.3175 	EXP 	window1: recordFrameIntervals = False
8.4507 	EXP 	window1: recordFrameIntervals = True
8.5966 	EXP 	window1: recordFrameIntervals = False
8.8538 	EXP 	Created Instructions = TextStim(__class__=<class 'psychopy.visual.text.TextStim'>, alignHoriz=method-wrapper(...), alignText='center', alignVert=method-wrapper(...), anchorHoriz='center', anchorVert='center', antialias=True, autoLog=True, bold=False, color=array([1, 1, 1]), colorSpace='rgb', contrast=1.0, depth=0.0, flipHoriz=False, flipVert=False, font='Arial', fontFiles=[], height=0.03, italic=False, languageStyle='LTR', name='Instructions', opacity=1, ori=0, pos=array([0., 0.]), rgb=UNKNOWN, text=str(...), units='height', win=Window(...), wrapWidth=1)
9.0106 	EXP 	Created Triplet1 = ImageStim(__class__=<class 'psychopy.visual.image.ImageStim'>, autoLog=True, color=array([1, 1, 1]), colorSpace='rgb', contrast=1.0, depth=-1.0, flipHoriz=False, flipVert=False, image='sin', interpolate=True, mask=None, maskParams=None, name='Triplet1', opacity=1, ori=0.0, pos=array([0., 0.]), size=array([0.3, 0.3]), texRes=128, units='height', win=Window(...))
9.0130 	EXP 	Created Triplet2 = ImageStim(__class__=<class 'psychopy.visual.image.ImageStim'>, autoLog=True, color=array([1, 1, 1]), colorSpace='rgb', contrast=1.0, depth=-2.0, flipHoriz=False, flipVert=False, image='sin', interpolate=True, mask=None, maskParams=None, name='Triplet2', opacity=1, ori=0.0, pos=array([0., 0.]), size=array([0.3, 0.3]), texRes=128, units='height', win=Window(...))
9.0156 	EXP 	Created Triplet3 = ImageStim(__class__=<class 'psychopy.visual.image.ImageStim'>, autoLog=True, color=array([1, 1, 1]), colorSpace='rgb', contrast=1.0, depth=-3.0, flipHoriz=False, flipVert=False, image='sin', interpolate=True, mask=None, maskParams=None, name='Triplet3', opacity=1, ori=0.0, pos=array([0., 0.]), size=array([0.3, 0.3]), texRes=128, units='height', win=Window(...))
9.0655 	EXP 	Sound sound_pop set volume 1.000
9.0656 	EXP 	Sound sound_pop2 set volume 1.000
9.0656 	EXP 	Sound sound_pop3 set volume 1.000
9.2490 	EXP 	Created Mask = ImageStim(__class__=<class 'psychopy.visual.image.ImageStim'>, autoLog=True, color=array([1, 1, 1]), colorSpace='rgb', contrast=1.0, depth=0.0, flipHoriz=False, flipVert=False, image='images/Mask.png', interpolate=True, mask=None, maskParams=None, name='Mask', opacity=1, ori=0.0, pos=array([0., 0.]), size=array([1.5, 0.5]), texRes=128, units='height', win=Window(...))
9.2525 	EXP 	Created img1 = ImageStim(__class__=<class 'psychopy.visual.image.ImageStim'>, autoLog=True, color=array([1, 1, 1]), colorSpace='rgb', contrast=1.0, depth=-1.0, flipHoriz=False, flipVert=False, image='sin', interpolate=True, mask=None, maskParams=None, name='img1', opacity=1, ori=0.0, pos=array([0., 0.]), size=array([0.3, 0.3]), texRes=128, units='height', win=Window(...))
9.2554 	EXP 	Created img2 = ImageStim(__class__=<class 'psychopy.visual.image.ImageStim'>, autoLog=True, color=array([1, 1, 1]), colorSpace='rgb', contrast=1.0, depth=-2.0, flipHoriz=False, flipVert=False, image='sin', interpolate=True, mask=None, maskParams=None, name='img2', opacity=1, ori=0.0, pos=array([0., 0.]), size=array([0.3, 0.3]), texRes=128, units='height', win=Window(...))
9.2580 	EXP 	Created img3 = ImageStim(__class__=<class 'psychopy.visual.image.ImageStim'>, autoLog=True, color=array([1, 1, 1]), colorSpace='rgb', contrast=1.0, depth=-3.0, flipHoriz=False, flipVert=False, image='sin', interpolate=True, mask=None, maskParams=None, name='img3', opacity=1, ori=0.0, pos=array([0., 0.]), size=array([0.3, 0.3]), texRes=128, units='height', win=Window(...))
9.2580 	EXP 	Sound sound_pop4 set volume 1.000
9.2581 	EXP 	Sound sound_pop5 set volume 1.000
9.2581 	EXP 	Sound sound_pop6 set volume 1.000
9.2630 	EXP 	Created text_2 = TextStim(__class__=<class 'psychopy.visual.text.TextStim'>, alignHoriz=method-wrapper(...), alignText='center', alignVert=method-wrapper(...), anchorHoriz='center', anchorVert='center', antialias=True, autoLog=True, bold=False, color=array([1, 1, 1]), colorSpace='rgb', contrast=1.0, depth=0.0, flipHoriz=False, flipVert=False, font='Arial', fontFiles=[], height=0.03, italic=False, languageStyle='LTR', name='text_2', opacity=1, ori=0, pos=array([0., 0.]), rgb=UNKNOWN, text=str(...), units='height', win=Window(...), wrapWidth=1)
9.2657 	EXP 	Created text = TextStim(__class__=<class 'psychopy.visual.text.TextStim'>, alignHoriz=method-wrapper(...), alignText='center', alignVert=method-wrapper(...), anchorHoriz='center', anchorVert='center', antialias=True, autoLog=True, bold=False, color=array([1, 1, 1]), colorSpace='rgb', contrast=1.0, depth=-1.0, flipHoriz=False, flipVert=False, font='Arial', fontFiles=[], height=0.03, italic=False, languageStyle='LTR', name='text', opacity=1, ori=0, pos=array([0., 0.]), rgb=UNKNOWN, text=str(...), units='height', win=Window(...), wrapWidth=1)
9.2661 	EXP 	Created sameText = TextStim(__class__=<class 'psychopy.visual.text.TextStim'>, alignHoriz=method-wrapper(...), alignText='center', alignVert=method-wrapper(...), anchorHoriz='center', anchorVert='center', antialias=True, autoLog=True, bold=False, color=array([1, 1, 1]), colorSpace='rgb', contrast=1.0, depth=-2.0, flipHoriz=False, flipVert=False, font='Arial', fontFiles=[], height=0.03, italic=False, languageStyle='LTR', name='sameText', opacity=1, ori=0, pos=array([-0.2, -0.3]), rgb=UNKNOWN, text='', units='height', win=Window(...), wrapWidth=1)
9.2666 	EXP 	Created diffText = TextStim(__class__=<class 'psychopy.visual.text.TextStim'>, alignHoriz=method-wrapper(...), alignText='center', alignVert=method-wrapper(...), anchorHoriz='center', anchorVert='center', antialias=True, autoLog=True, bold=False, color=array([1, 1, 1]), colorSpace='rgb', contrast=1.0, depth=-3.0, flipHoriz=False, flipVert=False, font='Arial', fontFiles=[], height=0.03, italic=False, languageStyle='LTR', name='diffText', opacity=1, ori=0, pos=array([ 0.2, -0.3]), rgb=UNKNOWN, text='', units='height', win=Window(...), wrapWidth=1)
9.2686 	EXP 	Created leftCL = Rect(__class__=<class 'psychopy.visual.rect.Rect'>, autoDraw=False, autoLog=True, closeShape=True, color=method-wrapper(...), colorSpace='rgb', contrast=None, depth=-4.0, fillColor=array([1., 1., 1.]), fillColorSpace='rgb', fillRGB=UNKNOWN, interpolate=True, lineColor=array([1, 1, 1]), lineColorSpace='rgb', lineRGB=UNKNOWN, lineWidth=3, name='leftCL', opacity=0.5, ori=0.0, pos=array([-0.2, -0.3]), size=array([-0.2, -0.2]), units='height', vertices=ndarray(...), win=Window(...))
9.2693 	EXP 	Created rightCL = Rect(__class__=<class 'psychopy.visual.rect.Rect'>, autoDraw=False, autoLog=True, closeShape=True, color=method-wrapper(...), colorSpace='rgb', contrast=None, depth=-5.0, fillColor=array([1., 1., 1.]), fillColorSpace='rgb', fillRGB=UNKNOWN, interpolate=True, lineColor=array([1, 1, 1]), lineColorSpace='rgb', lineRGB=UNKNOWN, lineWidth=3, name='rightCL', opacity=0.5, ori=0.0, pos=array([ 0.2, -0.3]), size=array([0.2, 0.2]), units='height', vertices=ndarray(...), win=Window(...))
9.2694 	EXP 	window1: mouseVisible = True
9.2695 	EXP 	Sound clickedSound set volume 1.000
9.2728 	EXP 	Created retIMG = ImageStim(__class__=<class 'psychopy.visual.image.ImageStim'>, autoLog=True, color=array([1, 1, 1]), colorSpace='rgb', contrast=1.0, depth=-1.0, flipHoriz=False, flipVert=False, image='sin', interpolate=True, mask=None, maskParams=None, name='retIMG', opacity=1, ori=0.0, pos=array([0., 0.]), size=array([0.3, 0.3]), texRes=128, units='height', win=Window(...))
9.2729 	EXP 	Sound sound_pop7 set volume 1.000
9.2755 	EXP 	Created question_text = TextStim(__class__=<class 'psychopy.visual.text.TextStim'>, alignHoriz=method-wrapper(...), alignText='center', alignVert=method-wrapper(...), anchorHoriz='center', anchorVert='center', antialias=True, autoLog=True, bold=False, color=array([1, 1, 1]), colorSpace='rgb', contrast=1.0, depth=0.0, flipHoriz=False, flipVert=False, font='Arial', fontFiles=[], height=0.03, italic=False, languageStyle='LTR', name='question_text', opacity=1, ori=0, pos=array([0. , 0.3]), rgb=UNKNOWN, text='When did you see this object?', units='height', win=Window(...), wrapWidth=1)
9.2777 	EXP 	Created decisionQ_2 = TextStim(__class__=<class 'psychopy.visual.text.TextStim'>, alignHoriz=method-wrapper(...), alignText='center', alignVert=method-wrapper(...), anchorHoriz='center', anchorVert='center', antialias=True, autoLog=True, bold=False, color=array([1, 1, 1]), colorSpace='rgb', contrast=1.0, depth=-1.0, flipHoriz=False, flipVert=False, font='Arial', fontFiles=[], height=0.03, italic=False, languageStyle='LTR', name='decisionQ_2', opacity=1, ori=0, pos=array([0. , 0.3]), rgb=UNKNOWN, text='When did you see this object?', units='height', win=Window(...), wrapWidth=1)
9.2783 	EXP 	Created first_left = Rect(__class__=<class 'psychopy.visual.rect.Rect'>, autoDraw=False, autoLog=True, closeShape=True, color=method-wrapper(...), colorSpace='rgb', contrast=None, depth=-2.0, fillColor=array([1, 1, 1]), fillColorSpace='rgb', fillRGB=UNKNOWN, interpolate=True, lineColor=array([1, 1, 1]), lineColorSpace='rgb', lineRGB=UNKNOWN, lineWidth=3, name='first_left', opacity=0.5, ori=0.0, pos=array([0. , 0.1]), size=array([0.15, 0.15]), units='height', vertices=ndarray(...), win=Window(...))
9.2789 	EXP 	Created second_middle = Rect(__class__=<class 'psychopy.visual.rect.Rect'>, autoDraw=False, autoLog=True, closeShape=True, color=method-wrapper(...), colorSpace='rgb', contrast=None, depth=-3.0, fillColor=array([1, 1, 1]), fillColorSpace='rgb', fillRGB=UNKNOWN, interpolate=True, lineColor=array([1, 1, 1]), lineColorSpace='rgb', lineRGB=UNKNOWN, lineWidth=3, name='second_middle', opacity=0.5, ori=0.0, pos=array([ 0. , -0.1]), size=array([0.15, 0.15]), units='height', vertices=ndarray(...), win=Window(...))
9.2794 	EXP 	Created third_right = Rect(__class__=<class 'psychopy.visual.rect.Rect'>, autoDraw=False, autoLog=True, closeShape=True, color=method-wrapper(...), colorSpace='rgb', contrast=None, depth=-4.0, fillColor=array([1, 1, 1]), fillColorSpace='rgb', fillRGB=UNKNOWN, interpolate=True, lineColor=array([1, 1, 1]), lineColorSpace='rgb', lineRGB=UNKNOWN, lineWidth=3, name='third_right', opacity=0.5, ori=0.0, pos=array([ 0. , -0.3]), size=array([0.15, 0.15]), units='height', vertices=ndarray(...), win=Window(...))
9.2820 	EXP 	Created First = TextStim(__class__=<class 'psychopy.visual.text.TextStim'>, alignHoriz=method-wrapper(...), alignText='center', alignVert=method-wrapper(...), anchorHoriz='center', anchorVert='center', antialias=True, autoLog=True, bold=False, color=array([1, 1, 1]), colorSpace='rgb', contrast=1.0, depth=-5.0, flipHoriz=False, flipVert=False, font='Arial', fontFiles=[], height=0.03, italic=False, languageStyle='LTR', name='First', opacity=1, ori=0, pos=array([0. , 0.1]), rgb=UNKNOWN, text='First', units='height', win=Window(...), wrapWidth=1)
9.2841 	EXP 	Created Second = TextStim(__class__=<class 'psychopy.visual.text.TextStim'>, alignHoriz=method-wrapper(...), alignText='center', alignVert=method-wrapper(...), anchorHoriz='center', anchorVert='center', antialias=True, autoLog=True, bold=False, color=array([1, 1, 1]), colorSpace='rgb', contrast=1.0, depth=-6.0, flipHoriz=False, flipVert=False, font='Arial', fontFiles=[], height=0.03, italic=False, languageStyle='LTR', name='Second', opacity=1, ori=0, pos=array([ 0. , -0.1]), rgb=UNKNOWN, text='Second', units='height', win=Window(...), wrapWidth=1)
9.2861 	EXP 	Created Third = TextStim(__class__=<class 'psychopy.visual.text.TextStim'>, alignHoriz=method-wrapper(...), alignText='center', alignVert=method-wrapper(...), anchorHoriz='center', anchorVert='center', antialias=True, autoLog=True, bold=False, color=array([1, 1, 1]), colorSpace='rgb', contrast=1.0, depth=-7.0, flipHoriz=False, flipVert=False, font='Arial', fontFiles=[], height=0.03, italic=False, languageStyle='LTR', name='Third', opacity=1, ori=0, pos=array([ 0. , -0.3]), rgb=UNKNOWN, text='Third', units='height', win=Window(...), wrapWidth=1)
9.2862 	EXP 	window1: mouseVisible = True
9.2863 	EXP 	Sound clickedSound set volume 1.000
9.2957 	EXP 	Created BlockBreak = TextStim(__class__=<class 'psychopy.visual.text.TextStim'>, alignHoriz=method-wrapper(...), alignText='center', alignVert=method-wrapper(...), anchorHoriz='center', anchorVert='center', antialias=True, autoLog=True, bold=False, color=array([1, 1, 1]), colorSpace='rgb', contrast=1.0, depth=0.0, flipHoriz=False, flipVert=False, font='Arial', fontFiles=[], height=0.03, italic=False, languageStyle='LTR', name='BlockBreak', opacity=1, ori=0, pos=array([0., 0.]), rgb=UNKNOWN, text=str(...), units='height', win=Window(...), wrapWidth=1)
9.3094 	EXP 	Created text_4 = TextStim(__class__=<class 'psychopy.visual.text.TextStim'>, alignHoriz=method-wrapper(...), alignText='center', alignVert=method-wrapper(...), anchorHoriz='center', anchorVert='center', antialias=True, autoLog=True, bold=False, color=array([1, 1, 1]), colorSpace='rgb', contrast=1.0, depth=-1.0, flipHoriz=False, flipVert=False, font='Open Sans', fontFiles=[], height=0.03, italic=False, languageStyle='LTR', name='text_4', opacity=1, ori=0.0, pos=array([0., 0.]), rgb=UNKNOWN, text=str(...), units='height', win=Window(...), wrapWidth=1)
9.4676 	EXP 	Created Triplet1 = ImageStim(__class__=<class 'psychopy.visual.image.ImageStim'>, autoLog=True, color=array([1, 1, 1]), colorSpace='rgb', contrast=1.0, depth=-1.0, flipHoriz=False, flipVert=False, image='sin', interpolate=True, mask=None, maskParams=None, name='Triplet1', opacity=1, ori=0.0, pos=array([0., 0.]), size=array([0.3, 0.3]), texRes=128, units='height', win=Window(...))
9.4702 	EXP 	Created Triplet2 = ImageStim(__class__=<class 'psychopy.visual.image.ImageStim'>, autoLog=True, color=array([1, 1, 1]), colorSpace='rgb', contrast=1.0, depth=-2.0, flipHoriz=False, flipVert=False, image='sin', interpolate=True, mask=None, maskParams=None, name='Triplet2', opacity=1, ori=0.0, pos=array([0., 0.]), size=array([0.3, 0.3]), texRes=128, units='height', win=Window(...))
9.4726 	EXP 	Created Triplet3 = ImageStim(__class__=<class 'psychopy.visual.image.ImageStim'>, autoLog=True, color=array([1, 1, 1]), colorSpace='rgb', contrast=1.0, depth=-3.0, flipHoriz=False, flipVert=False, image='sin', interpolate=True, mask=None, maskParams=None, name='Triplet3', opacity=1, ori=0.0, pos=array([0., 0.]), size=array([0.3, 0.3]), texRes=128, units='height', win=Window(...))
9.4728 	EXP 	Sound sound_pop set volume 1.000
9.4728 	EXP 	Sound sound_pop2 set volume 1.000
9.4728 	EXP 	Sound sound_pop3 set volume 1.000
9.6039 	EXP 	Created Mask = ImageStim(__class__=<class 'psychopy.visual.image.ImageStim'>, autoLog=True, color=array([1, 1, 1]), colorSpace='rgb', contrast=1.0, depth=0.0, flipHoriz=False, flipVert=False, image='images/Mask.png', interpolate=True, mask=None, maskParams=None, name='Mask', opacity=1, ori=0.0, pos=array([0., 0.]), size=array([1.5, 0.5]), texRes=128, units='height', win=Window(...))
9.6068 	EXP 	Created img1 = ImageStim(__class__=<class 'psychopy.visual.image.ImageStim'>, autoLog=True, color=array([1, 1, 1]), colorSpace='rgb', contrast=1.0, depth=-1.0, flipHoriz=False, flipVert=False, image='sin', interpolate=True, mask=None, maskParams=None, name='img1', opacity=1, ori=0.0, pos=array([0., 0.]), size=array([0.3, 0.3]), texRes=128, units='height', win=Window(...))
9.6093 	EXP 	Created img2 = ImageStim(__class__=<class 'psychopy.visual.image.ImageStim'>, autoLog=True, color=array([1, 1, 1]), colorSpace='rgb', contrast=1.0, depth=-2.0, flipHoriz=False, flipVert=False, image='sin', interpolate=True, mask=None, maskParams=None, name='img2', opacity=1, ori=0.0, pos=array([0., 0.]), size=array([0.3, 0.3]), texRes=128, units='height', win=Window(...))
9.6120 	EXP 	Created img3 = ImageStim(__class__=<class 'psychopy.visual.image.ImageStim'>, autoLog=True, color=array([1, 1, 1]), colorSpace='rgb', contrast=1.0, depth=-3.0, flipHoriz=False, flipVert=False, image='sin', interpolate=True, mask=None, maskParams=None, name='img3', opacity=1, ori=0.0, pos=array([0., 0.]), size=array([0.3, 0.3]), texRes=128, units='height', win=Window(...))
9.6120 	EXP 	Sound sound_pop4 set volume 1.000
9.6121 	EXP 	Sound sound_pop5 set volume 1.000
9.6121 	EXP 	Sound sound_pop6 set volume 1.000
9.6147 	EXP 	Created text_2 = TextStim(__class__=<class 'psychopy.visual.text.TextStim'>, alignHoriz=method-wrapper(...), alignText='center', alignVert=method-wrapper(...), anchorHoriz='center', anchorVert='center', antialias=True, autoLog=True, bold=False, color=array([1, 1, 1]), colorSpace='rgb', contrast=1.0, depth=0.0, flipHoriz=False, flipVert=False, font='Arial', fontFiles=[], height=0.03, italic=False, languageStyle='LTR', name='text_2', opacity=1, ori=0, pos=array([0., 0.]), rgb=UNKNOWN, text=str(...), units='height', win=Window(...), wrapWidth=1)
9.6171 	EXP 	Created text = TextStim(__class__=<class 'psychopy.visual.text.TextStim'>, alignHoriz=method-wrapper(...), alignText='center', alignVert=method-wrapper(...), anchorHoriz='center', anchorVert='center', antialias=True, autoLog=True, bold=False, color=array([1, 1, 1]), colorSpace='rgb', contrast=1.0, depth=-1.0, flipHoriz=False, flipVert=False, font='Arial', fontFiles=[], height=0.03, italic=False, languageStyle='LTR', name='text', opacity=1, ori=0, pos=array([0., 0.]), rgb=UNKNOWN, text=str(...), units='height', win=Window(...), wrapWidth=1)
9.6175 	EXP 	Created sameText = TextStim(__class__=<class 'psychopy.visual.text.TextStim'>, alignHoriz=method-wrapper(...), alignText='center', alignVert=method-wrapper(...), anchorHoriz='center', anchorVert='center', antialias=True, autoLog=True, bold=False, color=array([1, 1, 1]), colorSpace='rgb', contrast=1.0, depth=-2.0, flipHoriz=False, flipVert=False, font='Arial', fontFiles=[], height=0.03, italic=False, languageStyle='LTR', name='sameText', opacity=1, ori=0, pos=array([-0.2, -0.3]), rgb=UNKNOWN, text='', units='height', win=Window(...), wrapWidth=1)
9.6179 	EXP 	Created diffText = TextStim(__class__=<class 'psychopy.visual.text.TextStim'>, alignHoriz=method-wrapper(...), alignText='center', alignVert=method-wrapper(...), anchorHoriz='center', anchorVert='center', antialias=True, autoLog=True, bold=False, color=array([1, 1, 1]), colorSpace='rgb', contrast=1.0, depth=-3.0, flipHoriz=False, flipVert=False, font='Arial', fontFiles=[], height=0.03, italic=False, languageStyle='LTR', name='diffText', opacity=1, ori=0, pos=array([ 0.2, -0.3]), rgb=UNKNOWN, text='', units='height', win=Window(...), wrapWidth=1)
9.6186 	EXP 	Created leftCL = Rect(__class__=<class 'psychopy.visual.rect.Rect'>, autoDraw=False, autoLog=True, closeShape=True, color=method-wrapper(...), colorSpace='rgb', contrast=None, depth=-4.0, fillColor=array([1., 1., 1.]), fillColorSpace='rgb', fillRGB=UNKNOWN, interpolate=True, lineColor=array([1, 1, 1]), lineColorSpace='rgb', lineRGB=UNKNOWN, lineWidth=3, name='leftCL', opacity=0.5, ori=0.0, pos=array([-0.2, -0.3]), size=array([-0.2, -0.2]), units='height', vertices=ndarray(...), win=Window(...))
9.6192 	EXP 	Created rightCL = Rect(__class__=<class 'psychopy.visual.rect.Rect'>, autoDraw=False, autoLog=True, closeShape=True, color=method-wrapper(...), colorSpace='rgb', contrast=None, depth=-5.0, fillColor=array([1., 1., 1.]), fillColorSpace='rgb', fillRGB=UNKNOWN, interpolate=True, lineColor=array([1, 1, 1]), lineColorSpace='rgb', lineRGB=UNKNOWN, lineWidth=3, name='rightCL', opacity=0.5, ori=0.0, pos=array([ 0.2, -0.3]), size=array([0.2, 0.2]), units='height', vertices=ndarray(...), win=Window(...))
9.6193 	EXP 	window1: mouseVisible = True
9.6194 	EXP 	Sound clickedSound set volume 1.000
9.6225 	EXP 	Created retIMG = ImageStim(__class__=<class 'psychopy.visual.image.ImageStim'>, autoLog=True, color=array([1, 1, 1]), colorSpace='rgb', contrast=1.0, depth=-1.0, flipHoriz=False, flipVert=False, image='sin', interpolate=True, mask=None, maskParams=None, name='retIMG', opacity=1, ori=0.0, pos=array([0., 0.]), size=array([0.3, 0.3]), texRes=128, units='height', win=Window(...))
9.6225 	EXP 	Sound sound_pop7 set volume 1.000
9.6245 	EXP 	Created question_text = TextStim(__class__=<class 'psychopy.visual.text.TextStim'>, alignHoriz=method-wrapper(...), alignText='center', alignVert=method-wrapper(...), anchorHoriz='center', anchorVert='center', antialias=True, autoLog=True, bold=False, color=array([1, 1, 1]), colorSpace='rgb', contrast=1.0, depth=0.0, flipHoriz=False, flipVert=False, font='Arial', fontFiles=[], height=0.03, italic=False, languageStyle='LTR', name='question_text', opacity=1, ori=0, pos=array([0. , 0.3]), rgb=UNKNOWN, text='When did you see this object?', units='height', win=Window(...), wrapWidth=1)
9.6265 	EXP 	Created decisionQ_2 = TextStim(__class__=<class 'psychopy.visual.text.TextStim'>, alignHoriz=method-wrapper(...), alignText='center', alignVert=method-wrapper(...), anchorHoriz='center', anchorVert='center', antialias=True, autoLog=True, bold=False, color=array([1, 1, 1]), colorSpace='rgb', contrast=1.0, depth=-1.0, flipHoriz=False, flipVert=False, font='Arial', fontFiles=[], height=0.03, italic=False, languageStyle='LTR', name='decisionQ_2', opacity=1, ori=0, pos=array([0. , 0.3]), rgb=UNKNOWN, text='When did you see this object?', units='height', win=Window(...), wrapWidth=1)
9.6270 	EXP 	Created first_left = Rect(__class__=<class 'psychopy.visual.rect.Rect'>, autoDraw=False, autoLog=True, closeShape=True, color=method-wrapper(...), colorSpace='rgb', contrast=None, depth=-2.0, fillColor=array([1, 1, 1]), fillColorSpace='rgb', fillRGB=UNKNOWN, interpolate=True, lineColor=array([1, 1, 1]), lineColorSpace='rgb', lineRGB=UNKNOWN, lineWidth=3, name='first_left', opacity=0.5, ori=0.0, pos=array([0. , 0.1]), size=array([0.15, 0.15]), units='height', vertices=ndarray(...), win=Window(...))
9.6275 	EXP 	Created second_middle = Rect(__class__=<class 'psychopy.visual.rect.Rect'>, autoDraw=False, autoLog=True, closeShape=True, color=method-wrapper(...), colorSpace='rgb', contrast=None, depth=-3.0, fillColor=array([1, 1, 1]), fillColorSpace='rgb', fillRGB=UNKNOWN, interpolate=True, lineColor=array([1, 1, 1]), lineColorSpace='rgb', lineRGB=UNKNOWN, lineWidth=3, name='second_middle', opacity=0.5, ori=0.0, pos=array([ 0. , -0.1]), size=array([0.15, 0.15]), units='height', vertices=ndarray(...), win=Window(...))
9.6280 	EXP 	Created third_right = Rect(__class__=<class 'psychopy.visual.rect.Rect'>, autoDraw=False, autoLog=True, closeShape=True, color=method-wrapper(...), colorSpace='rgb', contrast=None, depth=-4.0, fillColor=array([1, 1, 1]), fillColorSpace='rgb', fillRGB=UNKNOWN, interpolate=True, lineColor=array([1, 1, 1]), lineColorSpace='rgb', lineRGB=UNKNOWN, lineWidth=3, name='third_right', opacity=0.5, ori=0.0, pos=array([ 0. , -0.3]), size=array([0.15, 0.15]), units='height', vertices=ndarray(...), win=Window(...))
9.6294 	EXP 	Created First = TextStim(__class__=<class 'psychopy.visual.text.TextStim'>, alignHoriz=method-wrapper(...), alignText='center', alignVert=method-wrapper(...), anchorHoriz='center', anchorVert='center', antialias=True, autoLog=True, bold=False, color=array([1, 1, 1]), colorSpace='rgb', contrast=1.0, depth=-5.0, flipHoriz=False, flipVert=False, font='Arial', fontFiles=[], height=0.03, italic=False, languageStyle='LTR', name='First', opacity=1, ori=0, pos=array([0. , 0.1]), rgb=UNKNOWN, text='First', units='height', win=Window(...), wrapWidth=1)
9.6308 	EXP 	Created Second = TextStim(__class__=<class 'psychopy.visual.text.TextStim'>, alignHoriz=method-wrapper(...), alignText='center', alignVert=method-wrapper(...), anchorHoriz='center', anchorVert='center', antialias=True, autoLog=True, bold=False, color=array([1, 1, 1]), colorSpace='rgb', contrast=1.0, depth=-6.0, flipHoriz=False, flipVert=False, font='Arial', fontFiles=[], height=0.03, italic=False, languageStyle='LTR', name='Second', opacity=1, ori=0, pos=array([ 0. , -0.1]), rgb=UNKNOWN, text='Second', units='height', win=Window(...), wrapWidth=1)
9.6320 	EXP 	Created Third = TextStim(__class__=<class 'psychopy.visual.text.TextStim'>, alignHoriz=method-wrapper(...), alignText='center', alignVert=method-wrapper(...), anchorHoriz='center', anchorVert='center', antialias=True, autoLog=True, bold=False, color=array([1, 1, 1]), colorSpace='rgb', contrast=1.0, depth=-7.0, flipHoriz=False, flipVert=False, font='Arial', fontFiles=[], height=0.03, italic=False, languageStyle='LTR', name='Third', opacity=1, ori=0, pos=array([ 0. , -0.3]), rgb=UNKNOWN, text='Third', units='height', win=Window(...), wrapWidth=1)
9.6321 	EXP 	window1: mouseVisible = True
9.6322 	EXP 	Sound clickedSound set volume 1.000
9.6349 	EXP 	Created end = TextStim(__class__=<class 'psychopy.visual.text.TextStim'>, alignHoriz=method-wrapper(...), alignText='center', alignVert=method-wrapper(...), anchorHoriz='center', anchorVert='center', antialias=True, autoLog=True, bold=False, color=array([1, 1, 1]), colorSpace='rgb', contrast=1.0, depth=0.0, flipHoriz=False, flipVert=False, font='Arial', fontFiles=[], height=0.03, italic=False, languageStyle='LTR', name='end', opacity=1, ori=0, pos=array([0., 0.]), rgb=UNKNOWN, text=str(...), units='height', win=Window(...), wrapWidth=1)
9.6400 	EXP 	Instructions: autoDraw = True
10.2918 	EXP 	Created sequence: random, trialTypes=1, nReps=2, seed=None
10.2923 	EXP 	New trial (rep=0, index=0): None
10.4696 	DATA 	Keypress: space
10.4723 	EXP 	Instructions: autoDraw = False
10.4723 	EXP 	Triplet1: pos = array([-0.5,  0. ])
10.4723 	EXP 	Triplet1: image = 'images/OBJ_116.png'
10.4723 	EXP 	Triplet2: pos = array([0., 0.])
10.4723 	EXP 	Triplet2: image = 'images/OBJ_137.png'
10.4723 	EXP 	Triplet3: pos = array([0.5, 0. ])
10.4723 	EXP 	Triplet3: image = 'images/OBJ_143.png'
10.4723 	EXP 	Triplet1: autoDraw = True
11.9844 	EXP 	Triplet1: autoDraw = False
12.4639 	EXP 	Triplet2: autoDraw = True
13.9708 	EXP 	Triplet2: autoDraw = False
14.4649 	EXP 	Triplet3: autoDraw = True
15.9717 	EXP 	Triplet3: autoDraw = False
15.9717 	EXP 	Triplet1: autoDraw = False
15.9717 	EXP 	Triplet2: autoDraw = False
15.9717 	EXP 	Triplet3: autoDraw = False
15.9717 	EXP 	Mask: autoDraw = True
17.6226 	EXP 	Mask: autoDraw = False
17.6226 	EXP 	img1: pos = array([-0.5,  0. ])
17.6226 	EXP 	img1: image = 'images/OBJ_116.png'
17.6226 	EXP 	img2: pos = array([0., 0.])
17.6226 	EXP 	img2: image = 'images/OBJ_137.png'
17.6226 	EXP 	img3: pos = array([0.5, 0. ])
17.6226 	EXP 	img3: image = 'images/OBJ_143.png'
17.6226 	EXP 	img1: autoDraw = True
19.1331 	EXP 	img1: autoDraw = False
19.6131 	EXP 	img2: autoDraw = True
21.1209 	EXP 	img2: autoDraw = False
21.6141 	EXP 	img3: autoDraw = True
23.1190 	EXP 	img3: autoDraw = False
23.1190 	EXP 	img1: autoDraw = False
23.1190 	EXP 	img2: autoDraw = False
23.1190 	EXP 	img3: autoDraw = False
23.1190 	EXP 	text_2: autoDraw = True
24.1312 	EXP 	text_2: autoDraw = False
24.1312 	EXP 	text_2: autoDraw = False
24.1312 	EXP 	sameText: text = 'Same'
24.1312 	EXP 	diffText: text = 'Different'
24.1312 	EXP 	text: autoDraw = True
24.1312 	EXP 	sameText: autoDraw = True
24.1312 	EXP 	diffText: autoDraw = True
24.1312 	EXP 	leftCL: autoDraw = True
24.1312 	EXP 	rightCL: autoDraw = True
24.6445 	DATA 	Mouse: Left button down, pos=(836,248)
24.6681 	EXP 	text: autoDraw = False
24.6681 	EXP 	sameText: autoDraw = False
24.6681 	EXP 	diffText: autoDraw = False
24.6681 	EXP 	leftCL: autoDraw = False
24.6681 	EXP 	rightCL: autoDraw = False
24.7638 	DATA 	Mouse:  Left button up, pos=(835,245)
25.1637 	EXP 	New trial (rep=1, index=0): None
25.3215 	EXP 	Triplet1: pos = array([0.5, 0. ])
25.3215 	EXP 	Triplet1: image = 'images/OBJ_17.png'
25.3215 	EXP 	Triplet2: pos = array([0., 0.])
25.3215 	EXP 	Triplet2: image = 'images/OBJ_170.png'
25.3215 	EXP 	Triplet3: pos = array([-0.5,  0. ])
25.3215 	EXP 	Triplet3: image = 'images/OBJ_175.png'
25.3215 	EXP 	Triplet1: autoDraw = True
26.8298 	EXP 	Triplet1: autoDraw = False
27.3232 	EXP 	Triplet2: autoDraw = True
28.8305 	EXP 	Triplet2: autoDraw = False
29.3239 	EXP 	Triplet3: autoDraw = True
30.8309 	EXP 	Triplet3: autoDraw = False
30.8309 	EXP 	Triplet1: autoDraw = False
30.8309 	EXP 	Triplet2: autoDraw = False
30.8309 	EXP 	Triplet3: autoDraw = False
30.8309 	EXP 	Mask: autoDraw = True
32.4666 	EXP 	Mask: autoDraw = False
32.4666 	EXP 	img1: pos = array([-0.5,  0. ])
32.4666 	EXP 	img1: image = 'images/OBJ_170.png'
32.4666 	EXP 	img2: pos = array([0., 0.])
32.4666 	EXP 	img2: image = 'images/OBJ_17.png'
32.4666 	EXP 	img3: pos = array([0.5, 0. ])
32.4666 	EXP 	img3: image = 'images/OBJ_175.png'
32.4666 	EXP 	img1: autoDraw = True
33.9791 	EXP 	img1: autoDraw = False
34.4588 	EXP 	img2: autoDraw = True
35.9660 	EXP 	img2: autoDraw = False
36.4596 	EXP 	img3: autoDraw = True
37.9668 	EXP 	img3: autoDraw = False
37.9668 	EXP 	img1: autoDraw = False
37.9668 	EXP 	img2: autoDraw = False
37.9668 	EXP 	img3: autoDraw = False
37.9668 	EXP 	text_2: autoDraw = True
38.9668 	EXP 	text_2: autoDraw = False
38.9668 	EXP 	text_2: autoDraw = False
38.9668 	EXP 	sameText: text = 'Same'
38.9668 	EXP 	diffText: text = 'Different'
38.9668 	EXP 	text: autoDraw = True
38.9668 	EXP 	sameText: autoDraw = True
38.9668 	EXP 	diffText: autoDraw = True
38.9668 	EXP 	leftCL: autoDraw = True
38.9668 	EXP 	rightCL: autoDraw = True
39.7542 	DATA 	Mouse: Left button down, pos=(1179,259)
39.7676 	EXP 	text: autoDraw = False
39.7676 	EXP 	sameText: autoDraw = False
39.7676 	EXP 	diffText: autoDraw = False
39.7676 	EXP 	leftCL: autoDraw = False
39.7676 	EXP 	rightCL: autoDraw = False
39.8370 	DATA 	Mouse:  Left button up, pos=(1179,259)
40.2627 	EXP 	Created sequence: random, trialTypes=1, nReps=3, seed=None
40.2631 	EXP 	New trial (rep=0, index=0): None
40.3225 	EXP 	retIMG: image = 'images/OBJ_137.png'
40.3225 	EXP 	retIMG: autoDraw = True
41.8218 	EXP 	retIMG: autoDraw = False
41.8218 	EXP 	retIMG: autoDraw = False
41.8218 	EXP 	question_text: autoDraw = True
42.8216 	EXP 	question_text: autoDraw = False
42.8216 	EXP 	question_text: autoDraw = False
42.8216 	EXP 	decisionQ_2: autoDraw = True
42.8216 	EXP 	first_left: autoDraw = True
42.8216 	EXP 	second_middle: autoDraw = True
42.8216 	EXP 	third_right: autoDraw = True
42.8216 	EXP 	First: autoDraw = True
42.8216 	EXP 	Second: autoDraw = True
42.8216 	EXP 	Third: autoDraw = True
43.3288 	DATA 	Mouse: Left button down, pos=(908,222)
43.3418 	EXP 	decisionQ_2: autoDraw = False
43.3418 	EXP 	first_left: autoDraw = False
43.3418 	EXP 	second_middle: autoDraw = False
43.3418 	EXP 	third_right: autoDraw = False
43.3418 	EXP 	First: autoDraw = False
43.3418 	EXP 	Second: autoDraw = False
43.3418 	EXP 	Third: autoDraw = False
43.4241 	DATA 	Mouse:  Left button up, pos=(908,222)
43.8371 	EXP 	New trial (rep=1, index=0): None
43.9013 	EXP 	retIMG: image = 'images/OBJ_116.png'
43.9013 	EXP 	retIMG: autoDraw = True
45.4097 	EXP 	retIMG: autoDraw = False
45.4097 	EXP 	retIMG: autoDraw = False
45.4097 	EXP 	question_text: autoDraw = True
46.4096 	EXP 	question_text: autoDraw = False
46.4096 	EXP 	question_text: autoDraw = False
46.4096 	EXP 	decisionQ_2: autoDraw = True
46.4096 	EXP 	first_left: autoDraw = True
46.4096 	EXP 	second_middle: autoDraw = True
46.4096 	EXP 	third_right: autoDraw = True
46.4096 	EXP 	First: autoDraw = True
46.4096 	EXP 	Second: autoDraw = True
46.4096 	EXP 	Third: autoDraw = True
46.7070 	DATA 	Mouse: Left button down, pos=(978,453)
46.7302 	EXP 	decisionQ_2: autoDraw = False
46.7302 	EXP 	first_left: autoDraw = False
46.7302 	EXP 	second_middle: autoDraw = False
46.7302 	EXP 	third_right: autoDraw = False
46.7302 	EXP 	First: autoDraw = False
46.7302 	EXP 	Second: autoDraw = False
46.7302 	EXP 	Third: autoDraw = False
46.8253 	DATA 	Mouse:  Left button up, pos=(978,453)
47.2251 	EXP 	New trial (rep=2, index=0): None
47.2835 	EXP 	retIMG: image = 'images/OBJ_143.png'
47.2835 	EXP 	retIMG: autoDraw = True
48.7844 	EXP 	retIMG: autoDraw = False
48.7844 	EXP 	retIMG: autoDraw = False
48.7844 	EXP 	question_text: autoDraw = True
49.7825 	EXP 	question_text: autoDraw = False
49.7825 	EXP 	question_text: autoDraw = False
49.7825 	EXP 	decisionQ_2: autoDraw = True
49.7825 	EXP 	first_left: autoDraw = True
49.7825 	EXP 	second_middle: autoDraw = True
49.7825 	EXP 	third_right: autoDraw = True
49.7825 	EXP 	First: autoDraw = True
49.7825 	EXP 	Second: autoDraw = True
49.7825 	EXP 	Third: autoDraw = True
50.0914 	DATA 	Mouse: Left button down, pos=(941,692)
50.1039 	EXP 	decisionQ_2: autoDraw = False
50.1039 	EXP 	first_left: autoDraw = False
50.1039 	EXP 	second_middle: autoDraw = False
50.1039 	EXP 	third_right: autoDraw = False
50.1039 	EXP 	First: autoDraw = False
50.1039 	EXP 	Second: autoDraw = False
50.1039 	EXP 	Third: autoDraw = False
50.2006 	DATA 	Mouse:  Left button up, pos=(941,692)
50.6117 	EXP 	BlockBreak: autoDraw = True
54.1798 	DATA 	Keypress: p
55.3475 	DATA 	Keypress: y
55.9921 	DATA 	Keypress: w
56.4586 	DATA 	Keypress: q
56.8861 	DATA 	Keypress: space
57.5652 	DATA 	Keypress: a
57.8060 	DATA 	Keypress: l
58.3922 	DATA 	Keypress: s
58.5660 	DATA 	Keypress: k
59.0203 	DATA 	Keypress: d
59.3123 	DATA 	Keypress: j
59.4846 	DATA 	Keypress: f
59.6599 	DATA 	Keypress: h
59.8873 	DATA 	Keypress: v
60.0732 	DATA 	Keypress: n
60.3140 	DATA 	Keypress: c
60.4743 	DATA 	Keypress: b
60.7660 	DATA 	Keypress: x
60.9942 	DATA 	Keypress: m
61.3129 	DATA 	Keypress: z
61.4866 	DATA 	Keypress: comma
61.7534 	DATA 	Keypress: x
61.8600 	DATA 	Keypress: period
62.1527 	DATA 	Keypress: z
62.4328 	DATA 	Keypress: m
62.6170 	DATA 	Keypress: x
63.2215 	DATA 	Keypress: z
63.6330 	DATA 	Keypress: period
64.1424 	DATA 	Keypress: z
64.3268 	DATA 	Keypress: slash
64.5682 	DATA 	Keypress: a
65.1646 	DATA 	Keypress: semicolon
65.4980 	DATA 	Keypress: s
65.6608 	DATA 	Keypress: l
65.9021 	DATA 	Keypress: q
66.3358 	DATA 	Keypress: q
66.8233 	DATA 	Keypress: w
67.1965 	DATA 	Keypress: e
67.5424 	DATA 	Keypress: r
67.9037 	DATA 	Keypress: t
68.2638 	DATA 	Keypress: y
68.5703 	DATA 	Keypress: u
68.7828 	DATA 	Keypress: i
69.0650 	DATA 	Keypress: o
69.2769 	DATA 	Keypress: p
70.2623 	DATA 	Keypress: bracketleft
70.4634 	DATA 	Keypress: bracketright
70.7289 	DATA 	Keypress: apostrophe
70.9697 	DATA 	Keypress: semicolon
71.2205 	DATA 	Keypress: l
71.4896 	DATA 	Keypress: k
71.7718 	DATA 	Keypress: j
72.0375 	DATA 	Keypress: h
72.3300 	DATA 	Keypress: g
72.7050 	DATA 	Keypress: f
72.9455 	DATA 	Keypress: d
73.2218 	DATA 	Keypress: s
73.5437 	DATA 	Keypress: a
74.1445 	DATA 	Keypress: z
74.4649 	DATA 	Keypress: x
74.7578 	DATA 	Keypress: c
75.0639 	DATA 	Keypress: v
75.3064 	DATA 	Keypress: b
75.5857 	DATA 	Keypress: n
75.8514 	DATA 	Keypress: m
76.1462 	DATA 	Keypress: comma
76.4662 	DATA 	Keypress: period
76.7991 	DATA 	Keypress: slash
77.1450 	DATA 	Keypress: apostrophe
77.5998 	DATA 	Keypress: bracketright
78.0253 	DATA 	Keypress: 1
78.2657 	DATA 	Keypress: 2
78.5327 	DATA 	Keypress: 3
78.8802 	DATA 	Keypress: 4
79.1074 	DATA 	Keypress: 5
79.4662 	DATA 	Keypress: 9
79.5195 	DATA 	Keypress: 8
79.6658 	DATA 	Keypress: 5
79.6795 	DATA 	Keypress: 9
79.7330 	DATA 	Keypress: 8
79.8126 	DATA 	Keypress: n
79.8412 	DATA 	Keypress: bracketright
79.9861 	DATA 	Keypress: f
79.9997 	DATA 	Keypress: space
80.0135 	DATA 	Keypress: apostrophe
80.0905 	DATA 	Keypress: s
80.0911 	DATA 	Keypress: semicolon
80.1036 	DATA 	Keypress: d
80.1042 	DATA 	Keypress: k
80.1047 	DATA 	Keypress: l
80.1325 	DATA 	Keypress: j
80.1601 	DATA 	Keypress: space
80.2800 	DATA 	Keypress: s
80.7608 	DATA 	Keypress: escape
81.0870 	EXP 	window1: mouseVisible = True
