25.5120 	WARNING 	Monitor specification not found. Creating a temporary one...
25.5331 	WARNING 	User requested fullscreen with size [800 600], but screen is actually [1280, 1024]. Using actual size
26.0426 	EXP 	Created window1 = Window(allowGUI=True, allowStencil=False, autoLog=True, backendConf=UNKNOWN, bitsMode=UNKNOWN, blendMode='avg', bpc=(8, 8, 8), color=array([0, 0, 0]), colorSpace='rgb', depthBits=8, fullscr=<method-wrapper '__getattribute__' of attributeSetter object at 0x00000193EE366D60>, gamma=None, gammaErrorPolicy='raise', lms=UNKNOWN, monitor=<psychopy.monitors.calibTools.Monitor object at 0x00000193EE7A0460>, multiSample=False, name='window1', numSamples=2, pos=(0, 0), screen=0, size=array([1280, 1024]), stencilBits=0, stereo=False, units='pix', useFBO=False, useRetina=False, viewOri=0.0, viewPos=None, viewScale=None, waitBlanking=True, winType='pyglet')
26.0426 	EXP 	window1: mouseVisible = True
26.0430 	EXP 	window1: mouseVisible = False
46.6022 	DATA 	Keypress: return
47.1235 	DATA 	Keypress: return
49.6164 	DATA 	Keypress: c
69.0798 	EXP 	window1: units = 'pix'
97.1841 	EXP 	window1: units = 'pix'
99.8239 	DATA 	Keypress: o
99.8243 	EXP 	window1: units = 'pix'
99.8576 	WARNING 	User requested fullscreen with size [1280  720], but screen is actually [1280, 1024]. Using actual size
100.2726 	EXP 	Created window1 = Window(allowGUI=False, allowStencil=False, autoLog=True, backendConf=UNKNOWN, bitsMode=UNKNOWN, blendMode='avg', bpc=(8, 8, 8), color=array([0, 0, 0]), colorSpace='rgb', depthBits=8, fullscr=<method-wrapper '__getattribute__' of attributeSetter object at 0x00000193EE366D60>, gamma=None, gammaErrorPolicy='raise', lms=UNKNOWN, monitor=<psychopy.monitors.calibTools.Monitor object at 0x00000193F51492B0>, multiSample=False, name='window1', numSamples=2, pos=(0, 0), screen=0, size=array([1280, 1024]), stencilBits=0, stereo=False, units='height', useFBO=True, useRetina=False, viewOri=0.0, viewPos=None, viewScale=None, waitBlanking=True, winType='pyglet')
100.2729 	EXP 	window1: mouseVisible = True
100.2729 	EXP 	window1: Attempting to measure frame rate of screen (0) ...
100.2729 	EXP 	window1: recordFrameIntervals = False
100.4389 	EXP 	window1: recordFrameIntervals = True
100.6224 	EXP 	Screen (0) actual frame rate measured at 60.03Hz
100.6224 	EXP 	window1: recordFrameIntervals = False
100.8106 	EXP 	Created Instructions = TextStim(__class__=<class 'psychopy.visual.text.TextStim'>, alignHoriz=method-wrapper(...), alignText='center', alignVert=method-wrapper(...), anchorHoriz='center', anchorVert='center', antialias=True, autoDraw=False, autoLog=True, bold=False, color=array([1, 1, 1]), colorSpace='rgb', contrast=1.0, depth=0.0, flipHoriz=False, flipVert=False, font='Arial', fontFiles=[], height=0.03, italic=False, languageStyle='LTR', name='Instructions', opacity=1.0, ori=0, pos=array([0., 0.]), rgb=UNKNOWN, text=str(...), units='height', win=Window(...), wrapWidth=1)
100.8145 	EXP 	Created Triplet1 = ImageStim(__class__=<class 'psychopy.visual.image.ImageStim'>, anchor=('center', 'center'), autoLog=True, color=array([1, 1, 1]), colorSpace='rgb', contrast=1.0, depth=-1.0, flipHoriz=False, flipVert=False, image='sin', interpolate=True, mask=None, maskParams=None, name='Triplet1', opacity=1.0, ori=0.0, pos=array([0., 0.]), size=array([0.25, 0.25]), texRes=128, units='height', win=Window(...))
100.8204 	EXP 	Created Triplet2 = ImageStim(__class__=<class 'psychopy.visual.image.ImageStim'>, anchor=('center', 'center'), autoLog=True, color=array([1, 1, 1]), colorSpace='rgb', contrast=1.0, depth=-2.0, flipHoriz=False, flipVert=False, image='sin', interpolate=True, mask=None, maskParams=None, name='Triplet2', opacity=1.0, ori=0.0, pos=array([0., 0.]), size=array([0.25, 0.25]), texRes=128, units='height', win=Window(...))
100.8251 	EXP 	Created Triplet3 = ImageStim(__class__=<class 'psychopy.visual.image.ImageStim'>, anchor=('center', 'center'), autoLog=True, color=array([1, 1, 1]), colorSpace='rgb', contrast=1.0, depth=-3.0, flipHoriz=False, flipVert=False, image='sin', interpolate=True, mask=None, maskParams=None, name='Triplet3', opacity=1.0, ori=0.0, pos=array([0., 0.]), size=array([0.25, 0.25]), texRes=128, units='height', win=Window(...))
100.8341 	EXP 	Sound sound_pop set volume 1.000
100.8433 	EXP 	Sound sound_pop2 set volume 1.000
100.8523 	EXP 	Sound sound_pop3 set volume 1.000
100.8756 	EXP 	Created fix = ImageStim(__class__=<class 'psychopy.visual.image.ImageStim'>, anchor=('center', 'center'), autoLog=True, color=array([1, 1, 1]), colorSpace='rgb', contrast=1.0, depth=0.0, flipHoriz=False, flipVert=False, image='images/fixation.png', interpolate=True, mask=None, maskParams=None, name='fix', opacity=1.0, ori=0.0, pos=array([0., 0.]), size=array([0.1 , 0.05]), texRes=128, units='height', win=Window(...))
100.9639 	EXP 	Created Mask = ImageStim(__class__=<class 'psychopy.visual.image.ImageStim'>, anchor=('center', 'center'), autoLog=True, color=array([1, 1, 1]), colorSpace='rgb', contrast=1.0, depth=0.0, flipHoriz=False, flipVert=False, image='images/Mask.png', interpolate=True, mask=None, maskParams=None, name='Mask', opacity=1.0, ori=0.0, pos=array([0., 0.]), size=array([1.5, 0.5]), texRes=128, units='height', win=Window(...))
100.9694 	EXP 	Created img1 = ImageStim(__class__=<class 'psychopy.visual.image.ImageStim'>, anchor=('center', 'center'), autoLog=True, color=array([1, 1, 1]), colorSpace='rgb', contrast=1.0, depth=-1.0, flipHoriz=False, flipVert=False, image='sin', interpolate=True, mask=None, maskParams=None, name='img1', opacity=1.0, ori=0.0, pos=array([0., 0.]), size=array([0.25, 0.25]), texRes=128, units='height', win=Window(...))
100.9741 	EXP 	Created img2 = ImageStim(__class__=<class 'psychopy.visual.image.ImageStim'>, anchor=('center', 'center'), autoLog=True, color=array([1, 1, 1]), colorSpace='rgb', contrast=1.0, depth=-2.0, flipHoriz=False, flipVert=False, image='sin', interpolate=True, mask=None, maskParams=None, name='img2', opacity=1.0, ori=0.0, pos=array([0., 0.]), size=array([0.25, 0.25]), texRes=128, units='height', win=Window(...))
100.9785 	EXP 	Created img3 = ImageStim(__class__=<class 'psychopy.visual.image.ImageStim'>, anchor=('center', 'center'), autoLog=True, color=array([1, 1, 1]), colorSpace='rgb', contrast=1.0, depth=-3.0, flipHoriz=False, flipVert=False, image='sin', interpolate=True, mask=None, maskParams=None, name='img3', opacity=1.0, ori=0.0, pos=array([0., 0.]), size=array([0.25, 0.25]), texRes=128, units='height', win=Window(...))
100.9876 	EXP 	Sound sound_pop4 set volume 1.000
100.9968 	EXP 	Sound sound_pop5 set volume 1.000
101.0058 	EXP 	Sound sound_pop6 set volume 1.000
101.0107 	EXP 	Created text_2 = TextStim(__class__=<class 'psychopy.visual.text.TextStim'>, alignHoriz=method-wrapper(...), alignText='center', alignVert=method-wrapper(...), anchorHoriz='center', anchorVert='center', antialias=True, autoDraw=False, autoLog=True, bold=False, color=array([1, 1, 1]), colorSpace='rgb', contrast=1.0, depth=0.0, flipHoriz=False, flipVert=False, font='Arial', fontFiles=[], height=0.03, italic=False, languageStyle='LTR', name='text_2', opacity=1.0, ori=0, pos=array([0., 0.]), rgb=UNKNOWN, text=str(...), units='height', win=Window(...), wrapWidth=1)
101.0132 	EXP 	Created text = TextStim(__class__=<class 'psychopy.visual.text.TextStim'>, alignHoriz=method-wrapper(...), alignText='center', alignVert=method-wrapper(...), anchorHoriz='center', anchorVert='center', antialias=True, autoDraw=False, autoLog=True, bold=False, color=array([1, 1, 1]), colorSpace='rgb', contrast=1.0, depth=-1.0, flipHoriz=False, flipVert=False, font='Arial', fontFiles=[], height=0.03, italic=False, languageStyle='LTR', name='text', opacity=1.0, ori=0, pos=array([0., 0.]), rgb=UNKNOWN, text=str(...), units='height', win=Window(...), wrapWidth=1)
101.0137 	EXP 	Created sameText = TextStim(__class__=<class 'psychopy.visual.text.TextStim'>, alignHoriz=method-wrapper(...), alignText='center', alignVert=method-wrapper(...), anchorHoriz='center', anchorVert='center', antialias=True, autoDraw=False, autoLog=True, bold=False, color=array([1, 1, 1]), colorSpace='rgb', contrast=1.0, depth=-2.0, flipHoriz=False, flipVert=False, font='Arial', fontFiles=[], height=0.03, italic=False, languageStyle='LTR', name='sameText', opacity=1.0, ori=0, pos=array([-0.2, -0.3]), rgb=UNKNOWN, text='', units='height', win=Window(...), wrapWidth=1)
101.0141 	EXP 	Created diffText = TextStim(__class__=<class 'psychopy.visual.text.TextStim'>, alignHoriz=method-wrapper(...), alignText='center', alignVert=method-wrapper(...), anchorHoriz='center', anchorVert='center', antialias=True, autoDraw=False, autoLog=True, bold=False, color=array([1, 1, 1]), colorSpace='rgb', contrast=1.0, depth=-3.0, flipHoriz=False, flipVert=False, font='Arial', fontFiles=[], height=0.03, italic=False, languageStyle='LTR', name='diffText', opacity=1.0, ori=0, pos=array([ 0.2, -0.3]), rgb=UNKNOWN, text='', units='height', win=Window(...), wrapWidth=1)
101.0150 	EXP 	Created leftCL = Rect(__class__=<class 'psychopy.visual.rect.Rect'>, anchor=('center', 'center'), autoDraw=False, autoLog=True, closeShape=True, color=method-wrapper(...), colorSpace='rgb', contrast=None, depth=-4.0, fillColor=array([1., 1., 1.]), fillColorSpace='rgb', fillRGB=array([1., 1., 1.]), interpolate=True, lineColor=array([1, 1, 1]), lineColorSpace='rgb', lineRGB=array([1, 1, 1]), lineWidth=3, name='leftCL', opacity=0.5, ori=0.0, pos=array([-0.2, -0.3]), size=array([-0.2, -0.2]), units='height', vertices=ndarray(...), win=Window(...))
101.0159 	EXP 	Created rightCL = Rect(__class__=<class 'psychopy.visual.rect.Rect'>, anchor=('center', 'center'), autoDraw=False, autoLog=True, closeShape=True, color=method-wrapper(...), colorSpace='rgb', contrast=None, depth=-5.0, fillColor=array([1., 1., 1.]), fillColorSpace='rgb', fillRGB=array([1., 1., 1.]), interpolate=True, lineColor=array([1, 1, 1]), lineColorSpace='rgb', lineRGB=array([1, 1, 1]), lineWidth=3, name='rightCL', opacity=0.5, ori=0.0, pos=array([ 0.2, -0.3]), size=array([0.2, 0.2]), units='height', vertices=ndarray(...), win=Window(...))
101.0159 	EXP 	window1: mouseVisible = True
101.0163 	EXP 	Sound clickedSound set volume 1.000
101.0200 	EXP 	Created retIMG = ImageStim(__class__=<class 'psychopy.visual.image.ImageStim'>, anchor=('center', 'center'), autoLog=True, color=array([1, 1, 1]), colorSpace='rgb', contrast=1.0, depth=-1.0, flipHoriz=False, flipVert=False, image='sin', interpolate=True, mask=None, maskParams=None, name='retIMG', opacity=1.0, ori=0.0, pos=array([0., 0.]), size=array([0.25, 0.25]), texRes=128, units='height', win=Window(...))
101.0293 	EXP 	Sound sound_pop7 set volume 1.000
101.0317 	EXP 	Created question_text = TextStim(__class__=<class 'psychopy.visual.text.TextStim'>, alignHoriz=method-wrapper(...), alignText='center', alignVert=method-wrapper(...), anchorHoriz='center', anchorVert='center', antialias=True, autoDraw=False, autoLog=True, bold=False, color=array([1, 1, 1]), colorSpace='rgb', contrast=1.0, depth=0.0, flipHoriz=False, flipVert=False, font='Arial', fontFiles=[], height=0.03, italic=False, languageStyle='LTR', name='question_text', opacity=1.0, ori=0, pos=array([0. , 0.3]), rgb=UNKNOWN, text='When did you see this object?', units='height', win=Window(...), wrapWidth=1)
101.0339 	EXP 	Created decisionQ_2 = TextStim(__class__=<class 'psychopy.visual.text.TextStim'>, alignHoriz=method-wrapper(...), alignText='center', alignVert=method-wrapper(...), anchorHoriz='center', anchorVert='center', antialias=True, autoDraw=False, autoLog=True, bold=False, color=array([1, 1, 1]), colorSpace='rgb', contrast=1.0, depth=-1.0, flipHoriz=False, flipVert=False, font='Arial', fontFiles=[], height=0.03, italic=False, languageStyle='LTR', name='decisionQ_2', opacity=1.0, ori=0, pos=array([0. , 0.3]), rgb=UNKNOWN, text='When did you see this object?', units='height', win=Window(...), wrapWidth=1)
101.0346 	EXP 	Created first_left = Rect(__class__=<class 'psychopy.visual.rect.Rect'>, anchor=('center', 'center'), autoDraw=False, autoLog=True, closeShape=True, color=method-wrapper(...), colorSpace='rgb', contrast=None, depth=-2.0, fillColor=array([1, 1, 1]), fillColorSpace='rgb', fillRGB=array([1, 1, 1]), interpolate=True, lineColor=array([1, 1, 1]), lineColorSpace='rgb', lineRGB=array([1, 1, 1]), lineWidth=3, name='first_left', opacity=0.5, ori=0.0, pos=array([0. , 0.1]), size=array([0.15, 0.15]), units='height', vertices=ndarray(...), win=Window(...))
101.0353 	EXP 	Created second_middle = Rect(__class__=<class 'psychopy.visual.rect.Rect'>, anchor=('center', 'center'), autoDraw=False, autoLog=True, closeShape=True, color=method-wrapper(...), colorSpace='rgb', contrast=None, depth=-3.0, fillColor=array([1, 1, 1]), fillColorSpace='rgb', fillRGB=array([1, 1, 1]), interpolate=True, lineColor=array([1, 1, 1]), lineColorSpace='rgb', lineRGB=array([1, 1, 1]), lineWidth=3, name='second_middle', opacity=0.5, ori=0.0, pos=array([ 0. , -0.1]), size=array([0.15, 0.15]), units='height', vertices=ndarray(...), win=Window(...))
101.0359 	EXP 	Created third_right = Rect(__class__=<class 'psychopy.visual.rect.Rect'>, anchor=('center', 'center'), autoDraw=False, autoLog=True, closeShape=True, color=method-wrapper(...), colorSpace='rgb', contrast=None, depth=-4.0, fillColor=array([1, 1, 1]), fillColorSpace='rgb', fillRGB=array([1, 1, 1]), interpolate=True, lineColor=array([1, 1, 1]), lineColorSpace='rgb', lineRGB=array([1, 1, 1]), lineWidth=3, name='third_right', opacity=0.5, ori=0.0, pos=array([ 0. , -0.3]), size=array([0.15, 0.15]), units='height', vertices=ndarray(...), win=Window(...))
101.0384 	EXP 	Created First = TextStim(__class__=<class 'psychopy.visual.text.TextStim'>, alignHoriz=method-wrapper(...), alignText='center', alignVert=method-wrapper(...), anchorHoriz='center', anchorVert='center', antialias=True, autoDraw=False, autoLog=True, bold=False, color=array([1, 1, 1]), colorSpace='rgb', contrast=1.0, depth=-5.0, flipHoriz=False, flipVert=False, font='Arial', fontFiles=[], height=0.03, italic=False, languageStyle='LTR', name='First', opacity=1.0, ori=0, pos=array([0. , 0.1]), rgb=UNKNOWN, text='First', units='height', win=Window(...), wrapWidth=1)
101.0403 	EXP 	Created Second = TextStim(__class__=<class 'psychopy.visual.text.TextStim'>, alignHoriz=method-wrapper(...), alignText='center', alignVert=method-wrapper(...), anchorHoriz='center', anchorVert='center', antialias=True, autoDraw=False, autoLog=True, bold=False, color=array([1, 1, 1]), colorSpace='rgb', contrast=1.0, depth=-6.0, flipHoriz=False, flipVert=False, font='Arial', fontFiles=[], height=0.03, italic=False, languageStyle='LTR', name='Second', opacity=1.0, ori=0, pos=array([ 0. , -0.1]), rgb=UNKNOWN, text='Second', units='height', win=Window(...), wrapWidth=1)
101.0422 	EXP 	Created Third = TextStim(__class__=<class 'psychopy.visual.text.TextStim'>, alignHoriz=method-wrapper(...), alignText='center', alignVert=method-wrapper(...), anchorHoriz='center', anchorVert='center', antialias=True, autoDraw=False, autoLog=True, bold=False, color=array([1, 1, 1]), colorSpace='rgb', contrast=1.0, depth=-7.0, flipHoriz=False, flipVert=False, font='Arial', fontFiles=[], height=0.03, italic=False, languageStyle='LTR', name='Third', opacity=1.0, ori=0, pos=array([ 0. , -0.3]), rgb=UNKNOWN, text='Third', units='height', win=Window(...), wrapWidth=1)
101.0423 	EXP 	window1: mouseVisible = True
101.0427 	EXP 	Sound clickedSound set volume 1.000
101.0505 	EXP 	Created BlockBreak = TextStim(__class__=<class 'psychopy.visual.text.TextStim'>, alignHoriz=method-wrapper(...), alignText='center', alignVert=method-wrapper(...), anchorHoriz='center', anchorVert='center', antialias=True, autoDraw=False, autoLog=True, bold=False, color=array([1, 1, 1]), colorSpace='rgb', contrast=1.0, depth=0.0, flipHoriz=False, flipVert=False, font='Arial', fontFiles=[], height=0.03, italic=False, languageStyle='LTR', name='BlockBreak', opacity=1.0, ori=0, pos=array([0., 0.]), rgb=UNKNOWN, text=str(...), units='height', win=Window(...), wrapWidth=1)
101.0643 	EXP 	Created text_4 = TextStim(__class__=<class 'psychopy.visual.text.TextStim'>, alignHoriz=method-wrapper(...), alignText='center', alignVert=method-wrapper(...), anchorHoriz='center', anchorVert='center', antialias=True, autoDraw=False, autoLog=True, bold=False, color=array([1, 1, 1]), colorSpace='rgb', contrast=1.0, depth=-1.0, flipHoriz=False, flipVert=False, font='Open Sans', fontFiles=[], height=0.03, italic=False, languageStyle='LTR', name='text_4', opacity=1.0, ori=0.0, pos=array([0., 0.]), rgb=UNKNOWN, text=str(...), units='height', win=Window(...), wrapWidth=1)
101.0680 	EXP 	Created Triplet1 = ImageStim(__class__=<class 'psychopy.visual.image.ImageStim'>, anchor=('center', 'center'), autoLog=True, color=array([1, 1, 1]), colorSpace='rgb', contrast=1.0, depth=-1.0, flipHoriz=False, flipVert=False, image='sin', interpolate=True, mask=None, maskParams=None, name='Triplet1', opacity=1.0, ori=0.0, pos=array([0., 0.]), size=array([0.25, 0.25]), texRes=128, units='height', win=Window(...))
101.0724 	EXP 	Created Triplet2 = ImageStim(__class__=<class 'psychopy.visual.image.ImageStim'>, anchor=('center', 'center'), autoLog=True, color=array([1, 1, 1]), colorSpace='rgb', contrast=1.0, depth=-2.0, flipHoriz=False, flipVert=False, image='sin', interpolate=True, mask=None, maskParams=None, name='Triplet2', opacity=1.0, ori=0.0, pos=array([0., 0.]), size=array([0.25, 0.25]), texRes=128, units='height', win=Window(...))
101.0767 	EXP 	Created Triplet3 = ImageStim(__class__=<class 'psychopy.visual.image.ImageStim'>, anchor=('center', 'center'), autoLog=True, color=array([1, 1, 1]), colorSpace='rgb', contrast=1.0, depth=-3.0, flipHoriz=False, flipVert=False, image='sin', interpolate=True, mask=None, maskParams=None, name='Triplet3', opacity=1.0, ori=0.0, pos=array([0., 0.]), size=array([0.25, 0.25]), texRes=128, units='height', win=Window(...))
101.0859 	EXP 	Sound sound_pop set volume 1.000
101.0950 	EXP 	Sound sound_pop2 set volume 1.000
101.1041 	EXP 	Sound sound_pop3 set volume 1.000
101.1268 	EXP 	Created fix = ImageStim(__class__=<class 'psychopy.visual.image.ImageStim'>, anchor=('center', 'center'), autoLog=True, color=array([1, 1, 1]), colorSpace='rgb', contrast=1.0, depth=0.0, flipHoriz=False, flipVert=False, image='images/fixation.png', interpolate=True, mask=None, maskParams=None, name='fix', opacity=1.0, ori=0.0, pos=array([0., 0.]), size=array([0.1 , 0.05]), texRes=128, units='height', win=Window(...))
101.2140 	EXP 	Created Mask = ImageStim(__class__=<class 'psychopy.visual.image.ImageStim'>, anchor=('center', 'center'), autoLog=True, color=array([1, 1, 1]), colorSpace='rgb', contrast=1.0, depth=0.0, flipHoriz=False, flipVert=False, image='images/Mask.png', interpolate=True, mask=None, maskParams=None, name='Mask', opacity=1.0, ori=0.0, pos=array([0., 0.]), size=array([1.5, 0.5]), texRes=128, units='height', win=Window(...))
101.2195 	EXP 	Created img1 = ImageStim(__class__=<class 'psychopy.visual.image.ImageStim'>, anchor=('center', 'center'), autoLog=True, color=array([1, 1, 1]), colorSpace='rgb', contrast=1.0, depth=-1.0, flipHoriz=False, flipVert=False, image='sin', interpolate=True, mask=None, maskParams=None, name='img1', opacity=1.0, ori=0.0, pos=array([0., 0.]), size=array([0.25, 0.25]), texRes=128, units='height', win=Window(...))
101.2237 	EXP 	Created img2 = ImageStim(__class__=<class 'psychopy.visual.image.ImageStim'>, anchor=('center', 'center'), autoLog=True, color=array([1, 1, 1]), colorSpace='rgb', contrast=1.0, depth=-2.0, flipHoriz=False, flipVert=False, image='sin', interpolate=True, mask=None, maskParams=None, name='img2', opacity=1.0, ori=0.0, pos=array([0., 0.]), size=array([0.25, 0.25]), texRes=128, units='height', win=Window(...))
101.2279 	EXP 	Created img3 = ImageStim(__class__=<class 'psychopy.visual.image.ImageStim'>, anchor=('center', 'center'), autoLog=True, color=array([1, 1, 1]), colorSpace='rgb', contrast=1.0, depth=-3.0, flipHoriz=False, flipVert=False, image='sin', interpolate=True, mask=None, maskParams=None, name='img3', opacity=1.0, ori=0.0, pos=array([0., 0.]), size=array([0.25, 0.25]), texRes=128, units='height', win=Window(...))
101.2370 	EXP 	Sound sound_pop4 set volume 1.000
101.2461 	EXP 	Sound sound_pop5 set volume 1.000
101.2551 	EXP 	Sound sound_pop6 set volume 1.000
101.2587 	EXP 	Created text_2 = TextStim(__class__=<class 'psychopy.visual.text.TextStim'>, alignHoriz=method-wrapper(...), alignText='center', alignVert=method-wrapper(...), anchorHoriz='center', anchorVert='center', antialias=True, autoDraw=False, autoLog=True, bold=False, color=array([1, 1, 1]), colorSpace='rgb', contrast=1.0, depth=0.0, flipHoriz=False, flipVert=False, font='Arial', fontFiles=[], height=0.03, italic=False, languageStyle='LTR', name='text_2', opacity=1.0, ori=0, pos=array([0., 0.]), rgb=UNKNOWN, text=str(...), units='height', win=Window(...), wrapWidth=1)
101.2611 	EXP 	Created text = TextStim(__class__=<class 'psychopy.visual.text.TextStim'>, alignHoriz=method-wrapper(...), alignText='center', alignVert=method-wrapper(...), anchorHoriz='center', anchorVert='center', antialias=True, autoDraw=False, autoLog=True, bold=False, color=array([1, 1, 1]), colorSpace='rgb', contrast=1.0, depth=-1.0, flipHoriz=False, flipVert=False, font='Arial', fontFiles=[], height=0.03, italic=False, languageStyle='LTR', name='text', opacity=1.0, ori=0, pos=array([0., 0.]), rgb=UNKNOWN, text=str(...), units='height', win=Window(...), wrapWidth=1)
101.2616 	EXP 	Created sameText = TextStim(__class__=<class 'psychopy.visual.text.TextStim'>, alignHoriz=method-wrapper(...), alignText='center', alignVert=method-wrapper(...), anchorHoriz='center', anchorVert='center', antialias=True, autoDraw=False, autoLog=True, bold=False, color=array([1, 1, 1]), colorSpace='rgb', contrast=1.0, depth=-2.0, flipHoriz=False, flipVert=False, font='Arial', fontFiles=[], height=0.03, italic=False, languageStyle='LTR', name='sameText', opacity=1.0, ori=0, pos=array([-0.2, -0.3]), rgb=UNKNOWN, text='', units='height', win=Window(...), wrapWidth=1)
101.2621 	EXP 	Created diffText = TextStim(__class__=<class 'psychopy.visual.text.TextStim'>, alignHoriz=method-wrapper(...), alignText='center', alignVert=method-wrapper(...), anchorHoriz='center', anchorVert='center', antialias=True, autoDraw=False, autoLog=True, bold=False, color=array([1, 1, 1]), colorSpace='rgb', contrast=1.0, depth=-3.0, flipHoriz=False, flipVert=False, font='Arial', fontFiles=[], height=0.03, italic=False, languageStyle='LTR', name='diffText', opacity=1.0, ori=0, pos=array([ 0.2, -0.3]), rgb=UNKNOWN, text='', units='height', win=Window(...), wrapWidth=1)
101.2630 	EXP 	Created leftCL = Rect(__class__=<class 'psychopy.visual.rect.Rect'>, anchor=('center', 'center'), autoDraw=False, autoLog=True, closeShape=True, color=method-wrapper(...), colorSpace='rgb', contrast=None, depth=-4.0, fillColor=array([1., 1., 1.]), fillColorSpace='rgb', fillRGB=array([1., 1., 1.]), interpolate=True, lineColor=array([1, 1, 1]), lineColorSpace='rgb', lineRGB=array([1, 1, 1]), lineWidth=3, name='leftCL', opacity=0.5, ori=0.0, pos=array([-0.2, -0.3]), size=array([-0.2, -0.2]), units='height', vertices=ndarray(...), win=Window(...))
101.2638 	EXP 	Created rightCL = Rect(__class__=<class 'psychopy.visual.rect.Rect'>, anchor=('center', 'center'), autoDraw=False, autoLog=True, closeShape=True, color=method-wrapper(...), colorSpace='rgb', contrast=None, depth=-5.0, fillColor=array([1., 1., 1.]), fillColorSpace='rgb', fillRGB=array([1., 1., 1.]), interpolate=True, lineColor=array([1, 1, 1]), lineColorSpace='rgb', lineRGB=array([1, 1, 1]), lineWidth=3, name='rightCL', opacity=0.5, ori=0.0, pos=array([ 0.2, -0.3]), size=array([0.2, 0.2]), units='height', vertices=ndarray(...), win=Window(...))
101.2639 	EXP 	window1: mouseVisible = True
101.2643 	EXP 	Sound clickedSound set volume 1.000
101.2679 	EXP 	Created retIMG = ImageStim(__class__=<class 'psychopy.visual.image.ImageStim'>, anchor=('center', 'center'), autoLog=True, color=array([1, 1, 1]), colorSpace='rgb', contrast=1.0, depth=-1.0, flipHoriz=False, flipVert=False, image='sin', interpolate=True, mask=None, maskParams=None, name='retIMG', opacity=1.0, ori=0.0, pos=array([0., 0.]), size=array([0.25, 0.25]), texRes=128, units='height', win=Window(...))
101.2770 	EXP 	Sound sound_pop7 set volume 1.000
101.2793 	EXP 	Created question_text = TextStim(__class__=<class 'psychopy.visual.text.TextStim'>, alignHoriz=method-wrapper(...), alignText='center', alignVert=method-wrapper(...), anchorHoriz='center', anchorVert='center', antialias=True, autoDraw=False, autoLog=True, bold=False, color=array([1, 1, 1]), colorSpace='rgb', contrast=1.0, depth=0.0, flipHoriz=False, flipVert=False, font='Arial', fontFiles=[], height=0.03, italic=False, languageStyle='LTR', name='question_text', opacity=1.0, ori=0, pos=array([0. , 0.3]), rgb=UNKNOWN, text='When did you see this object?', units='height', win=Window(...), wrapWidth=1)
101.2814 	EXP 	Created decisionQ_2 = TextStim(__class__=<class 'psychopy.visual.text.TextStim'>, alignHoriz=method-wrapper(...), alignText='center', alignVert=method-wrapper(...), anchorHoriz='center', anchorVert='center', antialias=True, autoDraw=False, autoLog=True, bold=False, color=array([1, 1, 1]), colorSpace='rgb', contrast=1.0, depth=-1.0, flipHoriz=False, flipVert=False, font='Arial', fontFiles=[], height=0.03, italic=False, languageStyle='LTR', name='decisionQ_2', opacity=1.0, ori=0, pos=array([0. , 0.3]), rgb=UNKNOWN, text='When did you see this object?', units='height', win=Window(...), wrapWidth=1)
101.2821 	EXP 	Created first_left = Rect(__class__=<class 'psychopy.visual.rect.Rect'>, anchor=('center', 'center'), autoDraw=False, autoLog=True, closeShape=True, color=method-wrapper(...), colorSpace='rgb', contrast=None, depth=-2.0, fillColor=array([1, 1, 1]), fillColorSpace='rgb', fillRGB=array([1, 1, 1]), interpolate=True, lineColor=array([1, 1, 1]), lineColorSpace='rgb', lineRGB=array([1, 1, 1]), lineWidth=3, name='first_left', opacity=0.5, ori=0.0, pos=array([0. , 0.1]), size=array([0.15, 0.15]), units='height', vertices=ndarray(...), win=Window(...))
101.2828 	EXP 	Created second_middle = Rect(__class__=<class 'psychopy.visual.rect.Rect'>, anchor=('center', 'center'), autoDraw=False, autoLog=True, closeShape=True, color=method-wrapper(...), colorSpace='rgb', contrast=None, depth=-3.0, fillColor=array([1, 1, 1]), fillColorSpace='rgb', fillRGB=array([1, 1, 1]), interpolate=True, lineColor=array([1, 1, 1]), lineColorSpace='rgb', lineRGB=array([1, 1, 1]), lineWidth=3, name='second_middle', opacity=0.5, ori=0.0, pos=array([ 0. , -0.1]), size=array([0.15, 0.15]), units='height', vertices=ndarray(...), win=Window(...))
101.2835 	EXP 	Created third_right = Rect(__class__=<class 'psychopy.visual.rect.Rect'>, anchor=('center', 'center'), autoDraw=False, autoLog=True, closeShape=True, color=method-wrapper(...), colorSpace='rgb', contrast=None, depth=-4.0, fillColor=array([1, 1, 1]), fillColorSpace='rgb', fillRGB=array([1, 1, 1]), interpolate=True, lineColor=array([1, 1, 1]), lineColorSpace='rgb', lineRGB=array([1, 1, 1]), lineWidth=3, name='third_right', opacity=0.5, ori=0.0, pos=array([ 0. , -0.3]), size=array([0.15, 0.15]), units='height', vertices=ndarray(...), win=Window(...))
101.2855 	EXP 	Created First = TextStim(__class__=<class 'psychopy.visual.text.TextStim'>, alignHoriz=method-wrapper(...), alignText='center', alignVert=method-wrapper(...), anchorHoriz='center', anchorVert='center', antialias=True, autoDraw=False, autoLog=True, bold=False, color=array([1, 1, 1]), colorSpace='rgb', contrast=1.0, depth=-5.0, flipHoriz=False, flipVert=False, font='Arial', fontFiles=[], height=0.03, italic=False, languageStyle='LTR', name='First', opacity=1.0, ori=0, pos=array([0. , 0.1]), rgb=UNKNOWN, text='First', units='height', win=Window(...), wrapWidth=1)
101.2878 	EXP 	Created Second = TextStim(__class__=<class 'psychopy.visual.text.TextStim'>, alignHoriz=method-wrapper(...), alignText='center', alignVert=method-wrapper(...), anchorHoriz='center', anchorVert='center', antialias=True, autoDraw=False, autoLog=True, bold=False, color=array([1, 1, 1]), colorSpace='rgb', contrast=1.0, depth=-6.0, flipHoriz=False, flipVert=False, font='Arial', fontFiles=[], height=0.03, italic=False, languageStyle='LTR', name='Second', opacity=1.0, ori=0, pos=array([ 0. , -0.1]), rgb=UNKNOWN, text='Second', units='height', win=Window(...), wrapWidth=1)
101.2898 	EXP 	Created Third = TextStim(__class__=<class 'psychopy.visual.text.TextStim'>, alignHoriz=method-wrapper(...), alignText='center', alignVert=method-wrapper(...), anchorHoriz='center', anchorVert='center', antialias=True, autoDraw=False, autoLog=True, bold=False, color=array([1, 1, 1]), colorSpace='rgb', contrast=1.0, depth=-7.0, flipHoriz=False, flipVert=False, font='Arial', fontFiles=[], height=0.03, italic=False, languageStyle='LTR', name='Third', opacity=1.0, ori=0, pos=array([ 0. , -0.3]), rgb=UNKNOWN, text='Third', units='height', win=Window(...), wrapWidth=1)
101.2898 	EXP 	window1: mouseVisible = True
101.2903 	EXP 	Sound clickedSound set volume 1.000
101.2931 	EXP 	Created end = TextStim(__class__=<class 'psychopy.visual.text.TextStim'>, alignHoriz=method-wrapper(...), alignText='center', alignVert=method-wrapper(...), anchorHoriz='center', anchorVert='center', antialias=True, autoDraw=False, autoLog=True, bold=False, color=array([1, 1, 1]), colorSpace='rgb', contrast=1.0, depth=0.0, flipHoriz=False, flipVert=False, font='Arial', fontFiles=[], height=0.03, italic=False, languageStyle='LTR', name='end', opacity=1.0, ori=0, pos=array([0., 0.]), rgb=UNKNOWN, text=str(...), units='height', win=Window(...), wrapWidth=1)
101.2967 	EXP 	Instructions: autoDraw = True
101.9388 	EXP 	Created sequence: random, trialTypes=1, nReps=5, seed=None
101.9389 	EXP 	New trial (rep=0, index=0): None
102.0606 	DATA 	Keypress: space
102.1639 	EXP 	Instructions: autoDraw = False
102.1639 	EXP 	fix: autoDraw = True
104.0544 	EXP 	Sound sound_pop started
104.0493 	EXP 	fix: autoDraw = False
104.0493 	EXP 	fix: autoDraw = False
104.0493 	EXP 	Triplet1: image = 'images/OBJ_55.png'
104.0493 	EXP 	Triplet2: image = 'images/OBJ_70.png'
104.0493 	EXP 	Triplet3: image = 'images/OBJ_87.png'
104.0493 	EXP 	Triplet1: autoDraw = True
104.4195 	EXP 	Sound sound_pop reached end of file
105.5538 	EXP 	Triplet1: autoDraw = False
106.0371 	EXP 	Sound sound_pop2 started
106.0371 	EXP 	Triplet2: autoDraw = True
106.3985 	EXP 	Sound sound_pop2 reached end of file
107.5366 	EXP 	Triplet2: autoDraw = False
108.0370 	EXP 	Sound sound_pop3 started
108.0370 	EXP 	Triplet3: autoDraw = True
108.3996 	EXP 	Sound sound_pop3 reached end of file
109.5361 	EXP 	Triplet3: autoDraw = False
109.5361 	EXP 	Triplet1: autoDraw = False
109.5361 	EXP 	Triplet2: autoDraw = False
109.5361 	EXP 	Triplet3: autoDraw = False
109.5361 	EXP 	Mask: autoDraw = True
111.1688 	EXP 	Sound sound_pop4 started
111.1720 	EXP 	Mask: autoDraw = False
111.1720 	EXP 	Mask: autoDraw = False
111.1720 	EXP 	img1: image = 'images/OBJ_55.png'
111.1720 	EXP 	img2: image = 'images/OBJ_70.png'
111.1720 	EXP 	img3: image = 'images/OBJ_87.png'
111.1720 	EXP 	img1: autoDraw = True
111.5399 	EXP 	Sound sound_pop4 reached end of file
112.6852 	EXP 	img1: autoDraw = False
113.1687 	EXP 	Sound sound_pop5 started
113.1684 	EXP 	img2: autoDraw = True
113.5290 	EXP 	Sound sound_pop5 reached end of file
114.6679 	EXP 	img2: autoDraw = False
115.1677 	EXP 	Sound sound_pop6 started
115.1678 	EXP 	img3: autoDraw = True
115.5282 	EXP 	Sound sound_pop6 reached end of file
116.6674 	EXP 	img3: autoDraw = False
116.6674 	EXP 	img1: autoDraw = False
116.6674 	EXP 	img2: autoDraw = False
116.6674 	EXP 	img3: autoDraw = False
116.6674 	EXP 	text_2: autoDraw = True
117.6675 	EXP 	text_2: autoDraw = False
117.6675 	EXP 	text_2: autoDraw = False
117.6675 	EXP 	sameText: height = 0.03
117.6675 	EXP 	sameText: height = 0.03
117.6675 	EXP 	sameText: height = 0.03
117.6675 	EXP 	sameText: text = 'Same'
117.6675 	EXP 	diffText: height = 0.03
117.6675 	EXP 	diffText: height = 0.03
117.6675 	EXP 	diffText: height = 0.03
117.6675 	EXP 	diffText: text = 'Different'
117.6675 	EXP 	text: autoDraw = True
117.6675 	EXP 	sameText: autoDraw = True
117.6675 	EXP 	diffText: autoDraw = True
117.6675 	EXP 	leftCL: autoDraw = True
117.6675 	EXP 	rightCL: autoDraw = True
118.5836 	DATA 	Mouse: Left button down, pos=(396,174)
118.6001 	EXP 	Sound clickedSound started
118.6001 	EXP 	text: autoDraw = False
118.6001 	EXP 	sameText: autoDraw = False
118.6001 	EXP 	diffText: autoDraw = False
118.6001 	EXP 	leftCL: autoDraw = False
118.6001 	EXP 	rightCL: autoDraw = False
118.7004 	DATA 	Mouse:  Left button up, pos=(396,174)
119.1088 	EXP 	Sound clickedSound stopped
119.1092 	EXP 	New trial (rep=1, index=0): None
119.3385 	EXP 	fix: autoDraw = True
121.1330 	EXP 	Sound sound_pop started
121.1222 	EXP 	fix: autoDraw = False
121.1222 	EXP 	fix: autoDraw = False
121.1222 	EXP 	Triplet1: image = 'images/OBJ_109.png'
121.1222 	EXP 	Triplet2: image = 'images/OBJ_94.png'
121.1222 	EXP 	Triplet3: image = 'images/OBJ_174.png'
121.1222 	EXP 	Triplet1: autoDraw = True
121.4992 	EXP 	Sound sound_pop reached end of file
122.6323 	EXP 	Triplet1: autoDraw = False
123.1159 	EXP 	Sound sound_pop2 started
123.1155 	EXP 	Triplet2: autoDraw = True
123.4799 	EXP 	Sound sound_pop2 reached end of file
124.6155 	EXP 	Triplet2: autoDraw = False
125.1154 	EXP 	Sound sound_pop3 started
125.1148 	EXP 	Triplet3: autoDraw = True
125.4791 	EXP 	Sound sound_pop3 reached end of file
126.6144 	EXP 	Triplet3: autoDraw = False
126.6144 	EXP 	Triplet1: autoDraw = False
126.6144 	EXP 	Triplet2: autoDraw = False
126.6144 	EXP 	Triplet3: autoDraw = False
126.6144 	EXP 	Mask: autoDraw = True
128.1639 	EXP 	Sound sound_pop4 started
128.1585 	EXP 	Mask: autoDraw = False
128.1585 	EXP 	Mask: autoDraw = False
128.1585 	EXP 	img1: image = 'images/OBJ_109.png'
128.1585 	EXP 	img2: image = 'images/OBJ_94.png'
128.1585 	EXP 	img3: image = 'images/OBJ_174.png'
128.1585 	EXP 	img1: autoDraw = True
128.5299 	EXP 	Sound sound_pop4 reached end of file
129.6635 	EXP 	img1: autoDraw = False
130.1467 	EXP 	Sound sound_pop5 started
130.1467 	EXP 	img2: autoDraw = True
130.5087 	EXP 	Sound sound_pop5 reached end of file
131.6468 	EXP 	img2: autoDraw = False
132.1461 	EXP 	Sound sound_pop6 started
132.1462 	EXP 	img3: autoDraw = True
132.5099 	EXP 	Sound sound_pop6 reached end of file
133.6457 	EXP 	img3: autoDraw = False
133.6457 	EXP 	img1: autoDraw = False
133.6457 	EXP 	img2: autoDraw = False
133.6457 	EXP 	img3: autoDraw = False
133.6457 	EXP 	text_2: autoDraw = True
134.6454 	EXP 	text_2: autoDraw = False
134.6454 	EXP 	text_2: autoDraw = False
134.6454 	EXP 	sameText: text = 'Same'
134.6454 	EXP 	diffText: text = 'Different'
134.6454 	EXP 	text: autoDraw = True
134.6454 	EXP 	sameText: autoDraw = True
134.6454 	EXP 	diffText: autoDraw = True
134.6454 	EXP 	leftCL: autoDraw = True
134.6454 	EXP 	rightCL: autoDraw = True
136.1452 	DATA 	Mouse: Left button down, pos=(392,172)
136.1617 	EXP 	Sound clickedSound started
136.1622 	EXP 	text: autoDraw = False
136.1622 	EXP 	sameText: autoDraw = False
136.1622 	EXP 	diffText: autoDraw = False
136.1622 	EXP 	leftCL: autoDraw = False
136.1622 	EXP 	rightCL: autoDraw = False
136.3786 	DATA 	Mouse:  Left button up, pos=(392,172)
136.6593 	EXP 	Sound clickedSound stopped
136.6595 	EXP 	New trial (rep=2, index=0): None
136.8939 	EXP 	fix: autoDraw = True
138.6776 	EXP 	Sound sound_pop started
138.6708 	EXP 	fix: autoDraw = False
138.6708 	EXP 	fix: autoDraw = False
138.6708 	EXP 	Triplet1: image = 'images/OBJ_8.png'
138.6708 	EXP 	Triplet2: image = 'images/OBJ_79.png'
138.6708 	EXP 	Triplet3: image = 'images/OBJ_24.png'
138.6708 	EXP 	Triplet1: autoDraw = True
139.0394 	EXP 	Sound sound_pop reached end of file
140.1771 	EXP 	Triplet1: autoDraw = False
140.6604 	EXP 	Sound sound_pop2 started
140.6605 	EXP 	Triplet2: autoDraw = True
141.0210 	EXP 	Sound sound_pop2 reached end of file
142.1599 	EXP 	Triplet2: autoDraw = False
142.6602 	EXP 	Sound sound_pop3 started
142.6597 	EXP 	Triplet3: autoDraw = True
143.0193 	EXP 	Sound sound_pop3 reached end of file
144.1593 	EXP 	Triplet3: autoDraw = False
144.1593 	EXP 	Triplet1: autoDraw = False
144.1593 	EXP 	Triplet2: autoDraw = False
144.1593 	EXP 	Triplet3: autoDraw = False
144.1593 	EXP 	Mask: autoDraw = True
145.7088 	EXP 	Sound sound_pop4 started
145.7020 	EXP 	Mask: autoDraw = False
145.7020 	EXP 	Mask: autoDraw = False
145.7020 	EXP 	img1: image = 'images/OBJ_8.png'
145.7020 	EXP 	img2: image = 'images/OBJ_79.png'
145.7020 	EXP 	img3: image = 'images/OBJ_24.png'
145.7020 	EXP 	img1: autoDraw = True
146.0700 	EXP 	Sound sound_pop4 reached end of file
147.2084 	EXP 	img1: autoDraw = False
147.6916 	EXP 	Sound sound_pop5 started
147.6916 	EXP 	img2: autoDraw = True
148.0520 	EXP 	Sound sound_pop5 reached end of file
149.1911 	EXP 	img2: autoDraw = False
149.6910 	EXP 	Sound sound_pop6 started
149.6910 	EXP 	img3: autoDraw = True
150.0516 	EXP 	Sound sound_pop6 reached end of file
151.1906 	EXP 	img3: autoDraw = False
151.1906 	EXP 	img1: autoDraw = False
151.1906 	EXP 	img2: autoDraw = False
151.1906 	EXP 	img3: autoDraw = False
151.1906 	EXP 	text_2: autoDraw = True
152.1908 	EXP 	text_2: autoDraw = False
152.1908 	EXP 	text_2: autoDraw = False
152.1908 	EXP 	sameText: text = 'Same'
152.1908 	EXP 	diffText: text = 'Different'
152.1908 	EXP 	text: autoDraw = True
152.1908 	EXP 	sameText: autoDraw = True
152.1908 	EXP 	diffText: autoDraw = True
152.1908 	EXP 	leftCL: autoDraw = True
152.1908 	EXP 	rightCL: autoDraw = True
153.2902 	DATA 	Mouse: Left button down, pos=(392,172)
153.3067 	EXP 	Sound clickedSound started
153.3067 	EXP 	text: autoDraw = False
153.3067 	EXP 	sameText: autoDraw = False
153.3067 	EXP 	diffText: autoDraw = False
153.3067 	EXP 	leftCL: autoDraw = False
153.3067 	EXP 	rightCL: autoDraw = False
153.4736 	DATA 	Mouse:  Left button up, pos=(392,172)
153.8100 	EXP 	Sound clickedSound stopped
153.8103 	EXP 	New trial (rep=3, index=0): None
154.0562 	EXP 	fix: autoDraw = True
155.8392 	EXP 	Sound sound_pop started
155.8286 	EXP 	fix: autoDraw = False
155.8286 	EXP 	fix: autoDraw = False
155.8286 	EXP 	Triplet1: image = 'images/OBJ_20.png'
155.8286 	EXP 	Triplet2: image = 'images/OBJ_105.png'
155.8286 	EXP 	Triplet3: image = 'images/OBJ_141.png'
155.8286 	EXP 	Triplet1: autoDraw = True
156.2003 	EXP 	Sound sound_pop reached end of file
157.3388 	EXP 	Triplet1: autoDraw = False
157.8220 	EXP 	Sound sound_pop2 started
157.8220 	EXP 	Triplet2: autoDraw = True
158.1826 	EXP 	Sound sound_pop2 reached end of file
159.3215 	EXP 	Triplet2: autoDraw = False
159.8218 	EXP 	Sound sound_pop3 started
159.8214 	EXP 	Triplet3: autoDraw = True
160.1824 	EXP 	Sound sound_pop3 reached end of file
161.3215 	EXP 	Triplet3: autoDraw = False
161.3215 	EXP 	Triplet1: autoDraw = False
161.3215 	EXP 	Triplet2: autoDraw = False
161.3215 	EXP 	Triplet3: autoDraw = False
161.3215 	EXP 	Mask: autoDraw = True
162.8709 	EXP 	Sound sound_pop4 started
162.8619 	EXP 	Mask: autoDraw = False
162.8619 	EXP 	Mask: autoDraw = False
162.8619 	EXP 	img1: image = 'images/OBJ_20.png'
162.8619 	EXP 	img2: image = 'images/OBJ_105.png'
162.8619 	EXP 	img3: image = 'images/OBJ_141.png'
162.8619 	EXP 	img1: autoDraw = True
163.2413 	EXP 	Sound sound_pop4 reached end of file
164.3705 	EXP 	img1: autoDraw = False
164.8532 	EXP 	Sound sound_pop5 started
164.8538 	EXP 	img2: autoDraw = True
165.2201 	EXP 	Sound sound_pop5 reached end of file
166.3533 	EXP 	img2: autoDraw = False
166.8527 	EXP 	Sound sound_pop6 started
166.8532 	EXP 	img3: autoDraw = True
167.2131 	EXP 	Sound sound_pop6 reached end of file
168.3522 	EXP 	img3: autoDraw = False
168.3522 	EXP 	img1: autoDraw = False
168.3522 	EXP 	img2: autoDraw = False
168.3522 	EXP 	img3: autoDraw = False
168.3522 	EXP 	text_2: autoDraw = True
169.3519 	EXP 	text_2: autoDraw = False
169.3519 	EXP 	text_2: autoDraw = False
169.3519 	EXP 	sameText: text = 'Same'
169.3519 	EXP 	diffText: text = 'Different'
169.3519 	EXP 	text: autoDraw = True
169.3519 	EXP 	sameText: autoDraw = True
169.3519 	EXP 	diffText: autoDraw = True
169.3519 	EXP 	leftCL: autoDraw = True
169.3519 	EXP 	rightCL: autoDraw = True
170.6522 	DATA 	Mouse: Left button down, pos=(392,172)
170.6687 	EXP 	Sound clickedSound started
170.6683 	EXP 	text: autoDraw = False
170.6683 	EXP 	sameText: autoDraw = False
170.6683 	EXP 	diffText: autoDraw = False
170.6683 	EXP 	leftCL: autoDraw = False
170.6683 	EXP 	rightCL: autoDraw = False
170.8351 	DATA 	Mouse:  Left button up, pos=(392,172)
171.1709 	EXP 	Sound clickedSound stopped
171.1712 	EXP 	New trial (rep=4, index=0): None
171.4160 	EXP 	fix: autoDraw = True
173.2013 	EXP 	Sound sound_pop started
173.1890 	EXP 	fix: autoDraw = False
173.1890 	EXP 	fix: autoDraw = False
173.1890 	EXP 	Triplet1: image = 'images/OBJ_186.png'
173.1890 	EXP 	Triplet2: image = 'images/OBJ_4.png'
173.1890 	EXP 	Triplet3: image = 'images/OBJ_96.png'
173.1890 	EXP 	Triplet1: autoDraw = True
173.5675 	EXP 	Sound sound_pop reached end of file
174.7004 	EXP 	Triplet1: autoDraw = False
175.1841 	EXP 	Sound sound_pop2 started
175.1836 	EXP 	Triplet2: autoDraw = True
175.5427 	EXP 	Sound sound_pop2 reached end of file
176.6831 	EXP 	Triplet2: autoDraw = False
177.1830 	EXP 	Sound sound_pop3 started
177.1830 	EXP 	Triplet3: autoDraw = True
177.5514 	EXP 	Sound sound_pop3 reached end of file
178.6826 	EXP 	Triplet3: autoDraw = False
178.6826 	EXP 	Triplet1: autoDraw = False
178.6826 	EXP 	Triplet2: autoDraw = False
178.6826 	EXP 	Triplet3: autoDraw = False
178.6826 	EXP 	Mask: autoDraw = True
180.2320 	EXP 	Sound sound_pop4 started
180.2221 	EXP 	Mask: autoDraw = False
180.2221 	EXP 	Mask: autoDraw = False
180.2221 	EXP 	img1: image = 'images/OBJ_186.png'
180.2221 	EXP 	img2: image = 'images/OBJ_4.png'
180.2221 	EXP 	img3: image = 'images/OBJ_96.png'
180.2221 	EXP 	img1: autoDraw = True
180.6021 	EXP 	Sound sound_pop4 reached end of file
181.7317 	EXP 	img1: autoDraw = False
182.2148 	EXP 	Sound sound_pop5 started
182.2149 	EXP 	img2: autoDraw = True
182.5733 	EXP 	Sound sound_pop5 reached end of file
183.7144 	EXP 	img2: autoDraw = False
184.2142 	EXP 	Sound sound_pop6 started
184.2143 	EXP 	img3: autoDraw = True
184.5747 	EXP 	Sound sound_pop6 reached end of file
185.7143 	EXP 	img3: autoDraw = False
185.7143 	EXP 	img1: autoDraw = False
185.7143 	EXP 	img2: autoDraw = False
185.7143 	EXP 	img3: autoDraw = False
185.7143 	EXP 	text_2: autoDraw = True
186.7140 	EXP 	text_2: autoDraw = False
186.7140 	EXP 	text_2: autoDraw = False
186.7140 	EXP 	sameText: text = 'Same'
186.7140 	EXP 	diffText: text = 'Different'
186.7140 	EXP 	text: autoDraw = True
186.7140 	EXP 	sameText: autoDraw = True
186.7140 	EXP 	diffText: autoDraw = True
186.7140 	EXP 	leftCL: autoDraw = True
186.7140 	EXP 	rightCL: autoDraw = True
187.1807 	DATA 	Mouse: Left button down, pos=(392,172)
187.1972 	EXP 	Sound clickedSound started
187.1972 	EXP 	text: autoDraw = False
187.1972 	EXP 	sameText: autoDraw = False
187.1972 	EXP 	diffText: autoDraw = False
187.1972 	EXP 	leftCL: autoDraw = False
187.1972 	EXP 	rightCL: autoDraw = False
187.3304 	DATA 	Mouse:  Left button up, pos=(392,172)
187.7023 	EXP 	Sound clickedSound stopped
187.7027 	EXP 	Created sequence: random, trialTypes=1, nReps=6, seed=None
187.7029 	EXP 	New trial (rep=0, index=0): None
187.9798 	EXP 	Sound sound_pop7 started
187.9777 	EXP 	retIMG: image = 'images/OBJ_20.png'
187.9777 	EXP 	retIMG: autoDraw = True
188.3522 	EXP 	Sound sound_pop7 reached end of file
189.4794 	EXP 	retIMG: autoDraw = False
189.4794 	EXP 	retIMG: autoDraw = False
189.4794 	EXP 	question_text: autoDraw = True
190.4796 	EXP 	question_text: autoDraw = False
190.4796 	EXP 	question_text: autoDraw = False
190.4796 	EXP 	decisionQ_2: autoDraw = True
191.4626 	EXP 	first_left: autoDraw = True
191.4626 	EXP 	second_middle: autoDraw = True
191.4626 	EXP 	third_right: autoDraw = True
191.4626 	EXP 	First: autoDraw = True
191.4626 	EXP 	Second: autoDraw = True
191.4626 	EXP 	Third: autoDraw = True
191.9794 	DATA 	Mouse: Left button down, pos=(608,554)
191.9959 	EXP 	Sound clickedSound started
191.9954 	EXP 	decisionQ_2: autoDraw = False
191.9954 	EXP 	first_left: autoDraw = False
191.9954 	EXP 	second_middle: autoDraw = False
191.9954 	EXP 	third_right: autoDraw = False
191.9954 	EXP 	First: autoDraw = False
191.9954 	EXP 	Second: autoDraw = False
191.9954 	EXP 	Third: autoDraw = False
192.1457 	DATA 	Mouse:  Left button up, pos=(608,555)
192.5015 	EXP 	Sound clickedSound stopped
192.5019 	EXP 	New trial (rep=1, index=0): None
192.7618 	EXP 	Sound sound_pop7 started
192.7518 	EXP 	retIMG: image = 'images/OBJ_94.png'
192.7518 	EXP 	retIMG: autoDraw = True
193.1209 	EXP 	Sound sound_pop7 reached end of file
194.2613 	EXP 	retIMG: autoDraw = False
194.2613 	EXP 	retIMG: autoDraw = False
194.2613 	EXP 	question_text: autoDraw = True
195.2610 	EXP 	question_text: autoDraw = False
195.2610 	EXP 	question_text: autoDraw = False
195.2610 	EXP 	decisionQ_2: autoDraw = True
196.2275 	EXP 	first_left: autoDraw = True
196.2275 	EXP 	second_middle: autoDraw = True
196.2275 	EXP 	third_right: autoDraw = True
196.2275 	EXP 	First: autoDraw = True
196.2275 	EXP 	Second: autoDraw = True
196.2275 	EXP 	Third: autoDraw = True
196.6109 	DATA 	Mouse: Left button down, pos=(608,347)
196.6274 	EXP 	Sound clickedSound started
196.6274 	EXP 	decisionQ_2: autoDraw = False
196.6274 	EXP 	first_left: autoDraw = False
196.6274 	EXP 	second_middle: autoDraw = False
196.6274 	EXP 	third_right: autoDraw = False
196.6274 	EXP 	First: autoDraw = False
196.6274 	EXP 	Second: autoDraw = False
196.6274 	EXP 	Third: autoDraw = False
196.7943 	DATA 	Mouse:  Left button up, pos=(608,347)
197.1317 	EXP 	Sound clickedSound stopped
197.1319 	EXP 	New trial (rep=2, index=0): None
197.3938 	EXP 	Sound sound_pop7 started
197.3982 	EXP 	retIMG: image = 'images/OBJ_24.png'
197.3982 	EXP 	retIMG: autoDraw = True
197.7714 	EXP 	Sound sound_pop7 reached end of file
198.9100 	EXP 	retIMG: autoDraw = False
198.9100 	EXP 	retIMG: autoDraw = False
198.9100 	EXP 	question_text: autoDraw = True
199.9097 	EXP 	question_text: autoDraw = False
199.9097 	EXP 	question_text: autoDraw = False
199.9097 	EXP 	decisionQ_2: autoDraw = True
200.8760 	EXP 	first_left: autoDraw = True
200.8760 	EXP 	second_middle: autoDraw = True
200.8760 	EXP 	third_right: autoDraw = True
200.8760 	EXP 	First: autoDraw = True
200.8760 	EXP 	Second: autoDraw = True
200.8760 	EXP 	Third: autoDraw = True
201.1428 	DATA 	Mouse: Left button down, pos=(635,230)
201.1593 	EXP 	Sound clickedSound started
201.1594 	EXP 	decisionQ_2: autoDraw = False
201.1594 	EXP 	first_left: autoDraw = False
201.1594 	EXP 	second_middle: autoDraw = False
201.1594 	EXP 	third_right: autoDraw = False
201.1594 	EXP 	First: autoDraw = False
201.1594 	EXP 	Second: autoDraw = False
201.1594 	EXP 	Third: autoDraw = False
201.2929 	DATA 	Mouse:  Left button up, pos=(635,230)
201.6618 	EXP 	Sound clickedSound stopped
201.6621 	EXP 	New trial (rep=3, index=0): None
201.9091 	EXP 	Sound sound_pop7 started
201.9049 	EXP 	retIMG: image = 'images/OBJ_4.png'
201.9049 	EXP 	retIMG: autoDraw = True
202.2731 	EXP 	Sound sound_pop7 reached end of file
203.4087 	EXP 	retIMG: autoDraw = False
203.4087 	EXP 	retIMG: autoDraw = False
203.4087 	EXP 	question_text: autoDraw = True
204.4089 	EXP 	question_text: autoDraw = False
204.4089 	EXP 	question_text: autoDraw = False
204.4089 	EXP 	decisionQ_2: autoDraw = True
205.3914 	EXP 	first_left: autoDraw = True
205.3914 	EXP 	second_middle: autoDraw = True
205.3914 	EXP 	third_right: autoDraw = True
205.3914 	EXP 	First: autoDraw = True
205.3914 	EXP 	Second: autoDraw = True
205.3914 	EXP 	Third: autoDraw = True
206.1415 	DATA 	Mouse: Left button down, pos=(643,576)
206.1579 	EXP 	Sound clickedSound started
206.1579 	EXP 	decisionQ_2: autoDraw = False
206.1579 	EXP 	first_left: autoDraw = False
206.1579 	EXP 	second_middle: autoDraw = False
206.1579 	EXP 	third_right: autoDraw = False
206.1579 	EXP 	First: autoDraw = False
206.1579 	EXP 	Second: autoDraw = False
206.1579 	EXP 	Third: autoDraw = False
206.2915 	DATA 	Mouse:  Left button up, pos=(643,576)
206.6627 	EXP 	Sound clickedSound stopped
206.6630 	EXP 	New trial (rep=4, index=0): None
206.9410 	EXP 	Sound sound_pop7 started
206.9339 	EXP 	retIMG: image = 'images/OBJ_87.png'
206.9339 	EXP 	retIMG: autoDraw = True
207.3128 	EXP 	Sound sound_pop7 reached end of file
208.4405 	EXP 	retIMG: autoDraw = False
208.4405 	EXP 	retIMG: autoDraw = False
208.4405 	EXP 	question_text: autoDraw = True
209.4403 	EXP 	question_text: autoDraw = False
209.4403 	EXP 	question_text: autoDraw = False
209.4403 	EXP 	decisionQ_2: autoDraw = True
210.4238 	EXP 	first_left: autoDraw = True
210.4238 	EXP 	second_middle: autoDraw = True
210.4238 	EXP 	third_right: autoDraw = True
210.4238 	EXP 	First: autoDraw = True
210.4238 	EXP 	Second: autoDraw = True
210.4238 	EXP 	Third: autoDraw = True
211.0400 	DATA 	Mouse: Left button down, pos=(682,369)
211.0565 	EXP 	Sound clickedSound started
211.0570 	EXP 	decisionQ_2: autoDraw = False
211.0570 	EXP 	first_left: autoDraw = False
211.0570 	EXP 	second_middle: autoDraw = False
211.0570 	EXP 	third_right: autoDraw = False
211.0570 	EXP 	First: autoDraw = False
211.0570 	EXP 	Second: autoDraw = False
211.0570 	EXP 	Third: autoDraw = False
211.2068 	DATA 	Mouse:  Left button up, pos=(682,369)
211.5518 	EXP 	Sound clickedSound stopped
211.5521 	EXP 	New trial (rep=5, index=0): None
211.8062 	EXP 	Sound sound_pop7 started
211.8002 	EXP 	retIMG: image = 'images/OBJ_109.png'
211.8002 	EXP 	retIMG: autoDraw = True
212.1731 	EXP 	Sound sound_pop7 reached end of file
213.3059 	EXP 	retIMG: autoDraw = False
213.3059 	EXP 	retIMG: autoDraw = False
213.3059 	EXP 	question_text: autoDraw = True
214.3055 	EXP 	question_text: autoDraw = False
214.3055 	EXP 	question_text: autoDraw = False
214.3055 	EXP 	decisionQ_2: autoDraw = True
215.2719 	EXP 	first_left: autoDraw = True
215.2719 	EXP 	second_middle: autoDraw = True
215.2719 	EXP 	third_right: autoDraw = True
215.2719 	EXP 	First: autoDraw = True
215.2719 	EXP 	Second: autoDraw = True
215.2719 	EXP 	Third: autoDraw = True
215.6553 	DATA 	Mouse: Left button down, pos=(655,247)
215.6718 	EXP 	Sound clickedSound started
215.6718 	EXP 	decisionQ_2: autoDraw = False
215.6718 	EXP 	first_left: autoDraw = False
215.6718 	EXP 	second_middle: autoDraw = False
215.6718 	EXP 	third_right: autoDraw = False
215.6718 	EXP 	First: autoDraw = False
215.6718 	EXP 	Second: autoDraw = False
215.6718 	EXP 	Third: autoDraw = False
215.7887 	DATA 	Mouse:  Left button up, pos=(655,247)
216.1818 	EXP 	Sound clickedSound stopped
216.1854 	EXP 	BlockBreak: autoDraw = True
220.3715 	DATA 	Keypress: y
221.7539 	DATA 	Keypress: space
223.6034 	DATA 	Keypress: q
226.0032 	DATA 	Keypress: escape
228.7871 	EXP 	window1: mouseVisible = True
228.7872 	EXP 	window1: mouseVisible = True
228.7872 	EXP 	window1: mouseVisible = True
228.7872 	EXP 	window1: mouseVisible = True
228.7873 	EXP 	window1: mouseVisible = True
228.7873 	EXP 	window1: mouseVisible = True
228.7873 	EXP 	window1: mouseVisible = True
228.7874 	EXP 	window1: mouseVisible = True
228.7874 	EXP 	window1: mouseVisible = True
228.7874 	EXP 	window1: mouseVisible = True
228.7874 	EXP 	window1: mouseVisible = True
228.7875 	EXP 	window1: mouseVisible = True
228.7875 	EXP 	window1: mouseVisible = True
228.7875 	EXP 	window1: mouseVisible = True
228.7876 	EXP 	window1: mouseVisible = True
228.7876 	EXP 	window1: mouseVisible = True
228.7876 	EXP 	window1: mouseVisible = True
228.7877 	EXP 	window1: mouseVisible = True
228.7877 	EXP 	window1: mouseVisible = True
228.7878 	EXP 	window1: mouseVisible = True
228.7878 	EXP 	window1: mouseVisible = True
228.7878 	EXP 	window1: mouseVisible = True
228.7879 	EXP 	window1: mouseVisible = True
228.7879 	EXP 	window1: mouseVisible = True
228.7879 	EXP 	window1: mouseVisible = True
228.7880 	EXP 	window1: mouseVisible = True
228.7880 	EXP 	window1: mouseVisible = True
228.7880 	EXP 	window1: mouseVisible = True
228.7881 	EXP 	window1: mouseVisible = True
228.7881 	EXP 	window1: mouseVisible = True
228.7881 	EXP 	window1: mouseVisible = True
228.7881 	EXP 	window1: mouseVisible = True
228.7882 	EXP 	window1: mouseVisible = True
228.7882 	EXP 	window1: mouseVisible = True
228.7882 	EXP 	window1: mouseVisible = True
228.7883 	EXP 	window1: mouseVisible = True
228.7883 	EXP 	window1: mouseVisible = True
228.7883 	EXP 	window1: mouseVisible = True
228.7884 	EXP 	window1: mouseVisible = True
228.7884 	EXP 	window1: mouseVisible = True
228.7884 	EXP 	window1: mouseVisible = True
228.7885 	EXP 	window1: mouseVisible = True
228.7885 	EXP 	window1: mouseVisible = True
228.7885 	EXP 	window1: mouseVisible = True
228.7887 	EXP 	window1: mouseVisible = True
228.7887 	EXP 	window1: mouseVisible = True
228.7887 	EXP 	window1: mouseVisible = True
228.7888 	EXP 	window1: mouseVisible = True
228.7888 	EXP 	window1: mouseVisible = True
228.7888 	EXP 	window1: mouseVisible = True
228.7889 	EXP 	window1: mouseVisible = True
228.7889 	EXP 	window1: mouseVisible = True
228.7889 	EXP 	window1: mouseVisible = True
228.7890 	EXP 	window1: mouseVisible = True
228.7890 	EXP 	window1: mouseVisible = True
228.7890 	EXP 	window1: mouseVisible = True
228.7891 	EXP 	window1: mouseVisible = True
228.7891 	EXP 	window1: mouseVisible = True
228.7891 	EXP 	window1: mouseVisible = True
228.7891 	EXP 	window1: mouseVisible = True
228.7892 	EXP 	window1: mouseVisible = True
228.7892 	EXP 	window1: mouseVisible = True
228.7892 	EXP 	window1: mouseVisible = True
228.7893 	EXP 	window1: mouseVisible = True
228.7893 	EXP 	window1: mouseVisible = True
228.7893 	EXP 	window1: mouseVisible = True
228.7894 	EXP 	window1: mouseVisible = True
228.7894 	EXP 	window1: mouseVisible = True
228.7894 	EXP 	window1: mouseVisible = True
228.7895 	EXP 	window1: mouseVisible = True
228.7895 	EXP 	window1: mouseVisible = True
228.7895 	EXP 	window1: mouseVisible = True
228.7896 	EXP 	window1: mouseVisible = True
228.7896 	EXP 	window1: mouseVisible = True
228.7896 	EXP 	window1: mouseVisible = True
228.7897 	EXP 	window1: mouseVisible = True
228.7897 	EXP 	window1: mouseVisible = True
228.7897 	EXP 	window1: mouseVisible = True
228.7898 	EXP 	window1: mouseVisible = True
228.7898 	EXP 	window1: mouseVisible = True
228.7898 	EXP 	window1: mouseVisible = True
228.7899 	EXP 	window1: mouseVisible = True
228.7899 	EXP 	window1: mouseVisible = True
228.7899 	EXP 	window1: mouseVisible = True
228.7899 	EXP 	window1: mouseVisible = True
228.7900 	EXP 	window1: mouseVisible = True
228.7900 	EXP 	window1: mouseVisible = True
228.7900 	EXP 	window1: mouseVisible = True
228.7901 	EXP 	window1: mouseVisible = True
228.7901 	EXP 	window1: mouseVisible = True
228.7901 	EXP 	window1: mouseVisible = True
228.7902 	EXP 	window1: mouseVisible = True
228.7902 	EXP 	window1: mouseVisible = True
228.7902 	EXP 	window1: mouseVisible = True
228.7903 	EXP 	window1: mouseVisible = True
228.7903 	EXP 	window1: mouseVisible = True
228.7903 	EXP 	window1: mouseVisible = True
228.7904 	EXP 	window1: mouseVisible = True
228.7904 	EXP 	window1: mouseVisible = True
228.7904 	EXP 	window1: mouseVisible = True
228.7905 	EXP 	window1: mouseVisible = True
228.7905 	EXP 	window1: mouseVisible = True
228.7905 	EXP 	window1: mouseVisible = True
228.7905 	EXP 	window1: mouseVisible = True
228.7906 	EXP 	window1: mouseVisible = True
228.7906 	EXP 	window1: mouseVisible = True
228.7906 	EXP 	window1: mouseVisible = True
228.7907 	EXP 	window1: mouseVisible = True
228.7907 	EXP 	window1: mouseVisible = True
228.7907 	EXP 	window1: mouseVisible = True
228.7908 	EXP 	window1: mouseVisible = True
228.7908 	EXP 	window1: mouseVisible = True
228.7908 	EXP 	window1: mouseVisible = True
228.7909 	EXP 	window1: mouseVisible = True
228.7909 	EXP 	window1: mouseVisible = True
228.7909 	EXP 	window1: mouseVisible = True
228.7910 	EXP 	window1: mouseVisible = True
228.7910 	EXP 	window1: mouseVisible = True
228.7910 	EXP 	window1: mouseVisible = True
228.7910 	EXP 	window1: mouseVisible = True
228.7911 	EXP 	window1: mouseVisible = True
228.7911 	EXP 	window1: mouseVisible = True
228.7911 	EXP 	window1: mouseVisible = True
228.7912 	EXP 	window1: mouseVisible = True
228.7912 	EXP 	window1: mouseVisible = True
228.7912 	EXP 	window1: mouseVisible = True
228.7912 	EXP 	window1: mouseVisible = True
228.7913 	EXP 	window1: mouseVisible = True
228.7913 	EXP 	window1: mouseVisible = True
228.7913 	EXP 	window1: mouseVisible = True
228.7914 	EXP 	window1: mouseVisible = True
228.7914 	EXP 	window1: mouseVisible = True
228.7914 	EXP 	window1: mouseVisible = True
228.7915 	EXP 	window1: mouseVisible = True
228.7915 	EXP 	window1: mouseVisible = True
228.7915 	EXP 	window1: mouseVisible = True
228.7915 	EXP 	window1: mouseVisible = True
228.7916 	EXP 	window1: mouseVisible = True
228.7916 	EXP 	window1: mouseVisible = True
228.7916 	EXP 	window1: mouseVisible = True
228.7917 	EXP 	window1: mouseVisible = True
228.7917 	EXP 	window1: mouseVisible = True
228.7917 	EXP 	window1: mouseVisible = True
228.7917 	EXP 	window1: mouseVisible = True
228.7918 	EXP 	window1: mouseVisible = True
228.7918 	EXP 	window1: mouseVisible = True
228.7918 	EXP 	window1: mouseVisible = True
228.7919 	EXP 	window1: mouseVisible = True
228.7919 	EXP 	window1: mouseVisible = True
228.7919 	EXP 	window1: mouseVisible = True
228.7920 	EXP 	window1: mouseVisible = True
228.7920 	EXP 	window1: mouseVisible = True
228.7920 	EXP 	window1: mouseVisible = True
228.7921 	EXP 	window1: mouseVisible = True
228.7921 	EXP 	window1: mouseVisible = True
228.7921 	EXP 	window1: mouseVisible = True
228.7921 	EXP 	window1: mouseVisible = True
228.7922 	EXP 	window1: mouseVisible = True
228.7922 	EXP 	window1: mouseVisible = True
228.7922 	EXP 	window1: mouseVisible = True
228.7923 	EXP 	window1: mouseVisible = True
228.7923 	EXP 	window1: mouseVisible = True
228.7923 	EXP 	window1: mouseVisible = True
228.7923 	EXP 	window1: mouseVisible = True
228.7924 	EXP 	window1: mouseVisible = True
228.7924 	EXP 	window1: mouseVisible = True
228.7924 	EXP 	window1: mouseVisible = True
228.7925 	EXP 	window1: mouseVisible = True
228.7925 	EXP 	window1: mouseVisible = True
228.7925 	EXP 	window1: mouseVisible = True
228.7926 	EXP 	window1: mouseVisible = True
228.7926 	EXP 	window1: mouseVisible = True
228.7926 	EXP 	window1: mouseVisible = True
228.7926 	EXP 	window1: mouseVisible = True
228.7927 	EXP 	window1: mouseVisible = True
228.7927 	EXP 	window1: mouseVisible = True
228.7927 	EXP 	window1: mouseVisible = True
228.7928 	EXP 	window1: mouseVisible = True
228.7928 	EXP 	window1: mouseVisible = True
228.7928 	EXP 	window1: mouseVisible = True
228.7928 	EXP 	window1: mouseVisible = True
228.7929 	EXP 	window1: mouseVisible = True
228.7929 	EXP 	window1: mouseVisible = True
228.7929 	EXP 	window1: mouseVisible = True
228.7930 	EXP 	window1: mouseVisible = True
228.7930 	EXP 	window1: mouseVisible = True
228.7930 	EXP 	window1: mouseVisible = True
228.7930 	EXP 	window1: mouseVisible = True
228.7931 	EXP 	window1: mouseVisible = True
228.7931 	EXP 	window1: mouseVisible = True
228.7931 	EXP 	window1: mouseVisible = True
228.7932 	EXP 	window1: mouseVisible = True
228.7932 	EXP 	window1: mouseVisible = True
228.7932 	EXP 	window1: mouseVisible = True
228.7933 	EXP 	window1: mouseVisible = True
228.7933 	EXP 	window1: mouseVisible = True
228.7933 	EXP 	window1: mouseVisible = True
228.7933 	EXP 	window1: mouseVisible = True
228.7934 	EXP 	window1: mouseVisible = True
228.7934 	EXP 	window1: mouseVisible = True
228.7938 	EXP 	window1: mouseVisible = True
228.7939 	EXP 	window1: mouseVisible = True
228.7939 	EXP 	window1: mouseVisible = True
228.7939 	EXP 	window1: mouseVisible = True
228.7940 	EXP 	window1: mouseVisible = True
228.7940 	EXP 	window1: mouseVisible = True
228.7940 	EXP 	window1: mouseVisible = True
228.7941 	EXP 	window1: mouseVisible = True
228.7941 	EXP 	window1: mouseVisible = True
228.7941 	EXP 	window1: mouseVisible = True
228.7942 	EXP 	window1: mouseVisible = True
228.7942 	EXP 	window1: mouseVisible = True
228.7942 	EXP 	window1: mouseVisible = True
228.7943 	EXP 	window1: mouseVisible = True
228.7943 	EXP 	window1: mouseVisible = True
228.7943 	EXP 	window1: mouseVisible = True
228.7943 	EXP 	window1: mouseVisible = True
228.7944 	EXP 	window1: mouseVisible = True
228.7944 	EXP 	window1: mouseVisible = True
228.7944 	EXP 	window1: mouseVisible = True
228.7945 	EXP 	window1: mouseVisible = True
228.7945 	EXP 	window1: mouseVisible = True
228.7945 	EXP 	window1: mouseVisible = True
228.7945 	EXP 	window1: mouseVisible = True
228.7946 	EXP 	window1: mouseVisible = True
228.7946 	EXP 	window1: mouseVisible = True
228.7946 	EXP 	window1: mouseVisible = True
228.7947 	EXP 	window1: mouseVisible = True
228.7947 	EXP 	window1: mouseVisible = True
228.7947 	EXP 	window1: mouseVisible = True
228.7948 	EXP 	window1: mouseVisible = True
228.7948 	EXP 	window1: mouseVisible = True
228.7948 	EXP 	window1: mouseVisible = True
228.7948 	EXP 	window1: mouseVisible = True
228.7949 	EXP 	window1: mouseVisible = True
228.7949 	EXP 	window1: mouseVisible = True
228.7949 	EXP 	window1: mouseVisible = True
228.7950 	EXP 	window1: mouseVisible = True
228.7950 	EXP 	window1: mouseVisible = True
228.7950 	EXP 	window1: mouseVisible = True
228.7951 	EXP 	window1: mouseVisible = True
228.7951 	EXP 	window1: mouseVisible = True
228.7951 	EXP 	window1: mouseVisible = True
228.7951 	EXP 	window1: mouseVisible = True
228.7952 	EXP 	window1: mouseVisible = True
228.7952 	EXP 	window1: mouseVisible = True
228.7952 	EXP 	window1: mouseVisible = True
228.7953 	EXP 	window1: mouseVisible = True
228.7953 	EXP 	window1: mouseVisible = True
228.7953 	EXP 	window1: mouseVisible = True
228.7954 	EXP 	window1: mouseVisible = True
228.7954 	EXP 	window1: mouseVisible = True
228.7954 	EXP 	window1: mouseVisible = True
228.7955 	EXP 	window1: mouseVisible = True
228.7955 	EXP 	window1: mouseVisible = True
228.7955 	EXP 	window1: mouseVisible = True
228.7955 	EXP 	window1: mouseVisible = True
228.7956 	EXP 	window1: mouseVisible = True
228.7956 	EXP 	window1: mouseVisible = True
228.7956 	EXP 	window1: mouseVisible = True
228.7957 	EXP 	window1: mouseVisible = True
228.7957 	EXP 	window1: mouseVisible = True
228.7957 	EXP 	window1: mouseVisible = True
228.7958 	EXP 	window1: mouseVisible = True
228.7958 	EXP 	window1: mouseVisible = True
228.7958 	EXP 	window1: mouseVisible = True
228.7959 	EXP 	window1: mouseVisible = True
228.7959 	EXP 	window1: mouseVisible = True
228.7959 	EXP 	window1: mouseVisible = True
228.7959 	EXP 	window1: mouseVisible = True
228.7960 	EXP 	window1: mouseVisible = True
228.7960 	EXP 	window1: mouseVisible = True
228.7960 	EXP 	window1: mouseVisible = True
228.7961 	EXP 	window1: mouseVisible = True
228.7961 	EXP 	window1: mouseVisible = True
228.7961 	EXP 	window1: mouseVisible = True
228.7962 	EXP 	window1: mouseVisible = True
228.7962 	EXP 	window1: mouseVisible = True
228.7962 	EXP 	window1: mouseVisible = True
228.7963 	EXP 	window1: mouseVisible = True
228.7963 	EXP 	window1: mouseVisible = True
228.7963 	EXP 	window1: mouseVisible = True
228.7964 	EXP 	window1: mouseVisible = True
228.7964 	EXP 	window1: mouseVisible = True
228.7964 	EXP 	window1: mouseVisible = True
228.7964 	EXP 	window1: mouseVisible = True
228.7965 	EXP 	window1: mouseVisible = True
228.7965 	EXP 	window1: mouseVisible = True
228.7965 	EXP 	window1: mouseVisible = True
228.7966 	EXP 	window1: mouseVisible = True
228.7966 	EXP 	window1: mouseVisible = True
228.7966 	EXP 	window1: mouseVisible = True
228.7967 	EXP 	window1: mouseVisible = True
228.7967 	EXP 	window1: mouseVisible = True
228.7967 	EXP 	window1: mouseVisible = True
228.7967 	EXP 	window1: mouseVisible = True
228.7968 	EXP 	window1: mouseVisible = True
228.7968 	EXP 	window1: mouseVisible = True
228.7968 	EXP 	window1: mouseVisible = True
228.7969 	EXP 	window1: mouseVisible = True
228.7969 	EXP 	window1: mouseVisible = True
228.7969 	EXP 	window1: mouseVisible = True
228.7970 	EXP 	window1: mouseVisible = True
228.7970 	EXP 	window1: mouseVisible = True
228.7970 	EXP 	window1: mouseVisible = True
228.7971 	EXP 	window1: mouseVisible = True
228.7971 	EXP 	window1: mouseVisible = True
228.7971 	EXP 	window1: mouseVisible = True
228.7971 	EXP 	window1: mouseVisible = True
228.7972 	EXP 	window1: mouseVisible = True
228.7972 	EXP 	window1: mouseVisible = True
228.7972 	EXP 	window1: mouseVisible = True
228.7973 	EXP 	window1: mouseVisible = True
228.7973 	EXP 	window1: mouseVisible = True
228.7973 	EXP 	window1: mouseVisible = True
228.7974 	EXP 	window1: mouseVisible = True
228.7974 	EXP 	window1: mouseVisible = True
228.7974 	EXP 	window1: mouseVisible = True
228.7974 	EXP 	window1: mouseVisible = True
228.7975 	EXP 	window1: mouseVisible = True
228.7975 	EXP 	window1: mouseVisible = True
228.7975 	EXP 	window1: mouseVisible = True
228.7976 	EXP 	window1: mouseVisible = True
228.7976 	EXP 	window1: mouseVisible = True
228.7976 	EXP 	window1: mouseVisible = True
228.7977 	EXP 	window1: mouseVisible = True
228.7977 	EXP 	window1: mouseVisible = True
228.7977 	EXP 	window1: mouseVisible = True
228.7977 	EXP 	window1: mouseVisible = True
228.7978 	EXP 	window1: mouseVisible = True
228.7979 	EXP 	window1: mouseVisible = True
228.7979 	EXP 	window1: mouseVisible = True
228.7979 	EXP 	window1: mouseVisible = True
228.7979 	EXP 	window1: mouseVisible = True
228.7980 	EXP 	window1: mouseVisible = True
228.7980 	EXP 	window1: mouseVisible = True
228.7980 	EXP 	window1: mouseVisible = True
228.7981 	EXP 	window1: mouseVisible = True
228.7981 	EXP 	window1: mouseVisible = True
228.7981 	EXP 	window1: mouseVisible = True
228.7982 	EXP 	window1: mouseVisible = True
228.7982 	EXP 	window1: mouseVisible = True
228.7982 	EXP 	window1: mouseVisible = True
228.7982 	EXP 	window1: mouseVisible = True
228.7983 	EXP 	window1: mouseVisible = True
228.7983 	EXP 	window1: mouseVisible = True
228.7983 	EXP 	window1: mouseVisible = True
228.7984 	EXP 	window1: mouseVisible = True
228.7984 	EXP 	window1: mouseVisible = True
228.7984 	EXP 	window1: mouseVisible = True
228.7985 	EXP 	window1: mouseVisible = True
228.7985 	EXP 	window1: mouseVisible = True
228.7985 	EXP 	window1: mouseVisible = True
228.7986 	EXP 	window1: mouseVisible = True
228.7986 	EXP 	window1: mouseVisible = True
228.7986 	EXP 	window1: mouseVisible = True
228.7987 	EXP 	window1: mouseVisible = True
228.7987 	EXP 	window1: mouseVisible = True
228.7987 	EXP 	window1: mouseVisible = True
228.7988 	EXP 	window1: mouseVisible = True
228.7988 	EXP 	window1: mouseVisible = True
228.7988 	EXP 	window1: mouseVisible = True
228.7989 	EXP 	window1: mouseVisible = True
228.7989 	EXP 	window1: mouseVisible = True
228.7989 	EXP 	window1: mouseVisible = True
228.7990 	EXP 	window1: mouseVisible = True
228.7990 	EXP 	window1: mouseVisible = True
228.7990 	EXP 	window1: mouseVisible = True
228.7991 	EXP 	window1: mouseVisible = True
228.7991 	EXP 	window1: mouseVisible = True
228.7991 	EXP 	window1: mouseVisible = True
228.7991 	EXP 	window1: mouseVisible = True
228.7992 	EXP 	window1: mouseVisible = True
228.7992 	EXP 	window1: mouseVisible = True
228.7992 	EXP 	window1: mouseVisible = True
228.7993 	EXP 	window1: mouseVisible = True
228.7993 	EXP 	window1: mouseVisible = True
228.7993 	EXP 	window1: mouseVisible = True
228.7993 	EXP 	window1: mouseVisible = True
228.7994 	EXP 	window1: mouseVisible = True
228.7994 	EXP 	window1: mouseVisible = True
228.7994 	EXP 	window1: mouseVisible = True
228.7995 	EXP 	window1: mouseVisible = True
228.7995 	EXP 	window1: mouseVisible = True
228.7995 	EXP 	window1: mouseVisible = True
228.7996 	EXP 	window1: mouseVisible = True
228.7996 	EXP 	window1: mouseVisible = True
228.7996 	EXP 	window1: mouseVisible = True
228.7997 	EXP 	window1: mouseVisible = True
228.7997 	EXP 	window1: mouseVisible = True
228.7997 	EXP 	window1: mouseVisible = True
228.7997 	EXP 	window1: mouseVisible = True
228.7998 	EXP 	window1: mouseVisible = True
228.7998 	EXP 	window1: mouseVisible = True
228.7998 	EXP 	window1: mouseVisible = True
228.7999 	EXP 	window1: mouseVisible = True
228.7999 	EXP 	window1: mouseVisible = True
228.7999 	EXP 	window1: mouseVisible = True
228.8000 	EXP 	window1: mouseVisible = True
228.8000 	EXP 	window1: mouseVisible = True
228.8000 	EXP 	window1: mouseVisible = True
228.8000 	EXP 	window1: mouseVisible = True
228.8001 	EXP 	window1: mouseVisible = True
228.8001 	EXP 	window1: mouseVisible = True
228.8001 	EXP 	window1: mouseVisible = True
228.8002 	EXP 	window1: mouseVisible = True
228.8002 	EXP 	window1: mouseVisible = True
228.8002 	EXP 	window1: mouseVisible = True
228.8002 	EXP 	window1: mouseVisible = True
228.8003 	EXP 	window1: mouseVisible = True
228.8003 	EXP 	window1: mouseVisible = True
228.8003 	EXP 	window1: mouseVisible = True
228.8004 	EXP 	window1: mouseVisible = True
228.8004 	EXP 	window1: mouseVisible = True
228.8004 	EXP 	window1: mouseVisible = True
228.8005 	EXP 	window1: mouseVisible = True
228.8005 	EXP 	window1: mouseVisible = True
228.8005 	EXP 	window1: mouseVisible = True
228.8005 	EXP 	window1: mouseVisible = True
228.8006 	EXP 	window1: mouseVisible = True
228.8006 	EXP 	window1: mouseVisible = True
228.8006 	EXP 	window1: mouseVisible = True
228.8007 	EXP 	window1: mouseVisible = True
228.8007 	EXP 	window1: mouseVisible = True
228.8007 	EXP 	window1: mouseVisible = True
228.8008 	EXP 	window1: mouseVisible = True
228.8008 	EXP 	window1: mouseVisible = True
228.8008 	EXP 	window1: mouseVisible = True
228.8009 	EXP 	window1: mouseVisible = True
228.8009 	EXP 	window1: mouseVisible = True
228.8009 	EXP 	window1: mouseVisible = True
228.8009 	EXP 	window1: mouseVisible = True
228.8010 	EXP 	window1: mouseVisible = True
228.8010 	EXP 	window1: mouseVisible = True
228.8010 	EXP 	window1: mouseVisible = True
228.8011 	EXP 	window1: mouseVisible = True
228.8011 	EXP 	window1: mouseVisible = True
228.8011 	EXP 	window1: mouseVisible = True
228.8012 	EXP 	window1: mouseVisible = True
228.8012 	EXP 	window1: mouseVisible = True
228.8012 	EXP 	window1: mouseVisible = True
228.8012 	EXP 	window1: mouseVisible = True
228.8013 	EXP 	window1: mouseVisible = True
228.8013 	EXP 	window1: mouseVisible = True
228.8013 	EXP 	window1: mouseVisible = True
228.8014 	EXP 	window1: mouseVisible = True
228.8014 	EXP 	window1: mouseVisible = True
228.8014 	EXP 	window1: mouseVisible = True
228.8015 	EXP 	window1: mouseVisible = True
228.8015 	EXP 	window1: mouseVisible = True
228.8015 	EXP 	window1: mouseVisible = True
228.8015 	EXP 	window1: mouseVisible = True
228.8016 	EXP 	window1: mouseVisible = True
228.8016 	EXP 	window1: mouseVisible = True
228.8016 	EXP 	window1: mouseVisible = True
228.8017 	EXP 	window1: mouseVisible = True
228.8017 	EXP 	window1: mouseVisible = True
228.8017 	EXP 	window1: mouseVisible = True
228.8018 	EXP 	window1: mouseVisible = True
228.8018 	EXP 	window1: mouseVisible = True
228.8018 	EXP 	window1: mouseVisible = True
228.8018 	EXP 	window1: mouseVisible = True
228.8019 	EXP 	window1: mouseVisible = True
228.8019 	EXP 	window1: mouseVisible = True
228.8019 	EXP 	window1: mouseVisible = True
228.8020 	EXP 	window1: mouseVisible = True
228.8020 	EXP 	window1: mouseVisible = True
228.8020 	EXP 	window1: mouseVisible = True
228.8021 	EXP 	window1: mouseVisible = True
228.8021 	EXP 	window1: mouseVisible = True
228.8021 	EXP 	window1: mouseVisible = True
228.8021 	EXP 	window1: mouseVisible = True
228.8022 	EXP 	window1: mouseVisible = True
228.8022 	EXP 	window1: mouseVisible = True
228.8022 	EXP 	window1: mouseVisible = True
228.8023 	EXP 	window1: mouseVisible = True
228.8023 	EXP 	window1: mouseVisible = True
228.8023 	EXP 	window1: mouseVisible = True
228.8024 	EXP 	window1: mouseVisible = True
228.8024 	EXP 	window1: mouseVisible = True
228.8024 	EXP 	window1: mouseVisible = True
228.8024 	EXP 	window1: mouseVisible = True
228.8025 	EXP 	window1: mouseVisible = True
228.8025 	EXP 	window1: mouseVisible = True
228.8025 	EXP 	window1: mouseVisible = True
228.8026 	EXP 	window1: mouseVisible = True
228.8026 	EXP 	window1: mouseVisible = True
228.8026 	EXP 	window1: mouseVisible = True
228.8026 	EXP 	window1: mouseVisible = True
228.8027 	EXP 	window1: mouseVisible = True
228.8027 	EXP 	window1: mouseVisible = True
228.8027 	EXP 	window1: mouseVisible = True
228.8028 	EXP 	window1: mouseVisible = True
228.8028 	EXP 	window1: mouseVisible = True
228.8028 	EXP 	window1: mouseVisible = True
228.8029 	EXP 	window1: mouseVisible = True
228.8029 	EXP 	window1: mouseVisible = True
228.8029 	EXP 	window1: mouseVisible = True
228.8029 	EXP 	window1: mouseVisible = True
228.8030 	EXP 	window1: mouseVisible = True
228.8030 	EXP 	window1: mouseVisible = True
228.8030 	EXP 	window1: mouseVisible = True
228.8031 	EXP 	window1: mouseVisible = True
228.8031 	EXP 	window1: mouseVisible = True
228.8032 	EXP 	window1: mouseVisible = True
228.8032 	EXP 	window1: mouseVisible = True
228.8032 	EXP 	window1: mouseVisible = True
228.8033 	EXP 	window1: mouseVisible = True
228.8033 	EXP 	window1: mouseVisible = True
228.8033 	EXP 	window1: mouseVisible = True
228.8033 	EXP 	window1: mouseVisible = True
228.8034 	EXP 	window1: mouseVisible = True
228.8034 	EXP 	window1: mouseVisible = True
228.8035 	EXP 	window1: mouseVisible = True
228.8035 	EXP 	window1: mouseVisible = True
228.8035 	EXP 	window1: mouseVisible = True
228.8036 	EXP 	window1: mouseVisible = True
228.8036 	EXP 	window1: mouseVisible = True
228.8036 	EXP 	window1: mouseVisible = True
228.8037 	EXP 	window1: mouseVisible = True
228.8037 	EXP 	window1: mouseVisible = True
228.8037 	EXP 	window1: mouseVisible = True
228.8037 	EXP 	window1: mouseVisible = True
228.8038 	EXP 	window1: mouseVisible = True
228.8038 	EXP 	window1: mouseVisible = True
228.8038 	EXP 	window1: mouseVisible = True
228.8039 	EXP 	window1: mouseVisible = True
228.8039 	EXP 	window1: mouseVisible = True
228.8039 	EXP 	window1: mouseVisible = True
228.8040 	EXP 	window1: mouseVisible = True
228.8040 	EXP 	window1: mouseVisible = True
228.8040 	EXP 	window1: mouseVisible = True
228.8041 	EXP 	window1: mouseVisible = True
228.8041 	EXP 	window1: mouseVisible = True
228.8041 	EXP 	window1: mouseVisible = True
228.8041 	EXP 	window1: mouseVisible = True
228.8042 	EXP 	window1: mouseVisible = True
228.8042 	EXP 	window1: mouseVisible = True
228.8042 	EXP 	window1: mouseVisible = True
228.8043 	EXP 	window1: mouseVisible = True
228.8043 	EXP 	window1: mouseVisible = True
228.8043 	EXP 	window1: mouseVisible = True
228.8044 	EXP 	window1: mouseVisible = True
228.8044 	EXP 	window1: mouseVisible = True
228.8044 	EXP 	window1: mouseVisible = True
228.8044 	EXP 	window1: mouseVisible = True
228.8045 	EXP 	window1: mouseVisible = True
228.8045 	EXP 	window1: mouseVisible = True
228.8045 	EXP 	window1: mouseVisible = True
228.8046 	EXP 	window1: mouseVisible = True
228.8046 	EXP 	window1: mouseVisible = True
228.8046 	EXP 	window1: mouseVisible = True
228.8047 	EXP 	window1: mouseVisible = True
228.8047 	EXP 	window1: mouseVisible = True
228.8047 	EXP 	window1: mouseVisible = True
228.8047 	EXP 	window1: mouseVisible = True
228.8048 	EXP 	window1: mouseVisible = True
228.8048 	EXP 	window1: mouseVisible = True
228.8048 	EXP 	window1: mouseVisible = True
228.8049 	EXP 	window1: mouseVisible = True
228.8049 	EXP 	window1: mouseVisible = True
228.8049 	EXP 	window1: mouseVisible = True
228.8050 	EXP 	window1: mouseVisible = True
228.8050 	EXP 	window1: mouseVisible = True
228.8050 	EXP 	window1: mouseVisible = True
228.8050 	EXP 	window1: mouseVisible = True
228.8051 	EXP 	window1: mouseVisible = True
228.8051 	EXP 	window1: mouseVisible = True
228.8051 	EXP 	window1: mouseVisible = True
228.8052 	EXP 	window1: mouseVisible = True
228.8052 	EXP 	window1: mouseVisible = True
228.8052 	EXP 	window1: mouseVisible = True
228.8053 	EXP 	window1: mouseVisible = True
228.8053 	EXP 	window1: mouseVisible = True
228.8053 	EXP 	window1: mouseVisible = True
228.8053 	EXP 	window1: mouseVisible = True
228.8054 	EXP 	window1: mouseVisible = True
228.8054 	EXP 	window1: mouseVisible = True
228.8054 	EXP 	window1: mouseVisible = True
228.8055 	EXP 	window1: mouseVisible = True
228.8055 	EXP 	window1: mouseVisible = True
228.8055 	EXP 	window1: mouseVisible = True
228.8056 	EXP 	window1: mouseVisible = True
228.8056 	EXP 	window1: mouseVisible = True
228.8056 	EXP 	window1: mouseVisible = True
228.8056 	EXP 	window1: mouseVisible = True
228.8057 	EXP 	window1: mouseVisible = True
228.8057 	EXP 	window1: mouseVisible = True
228.8057 	EXP 	window1: mouseVisible = True
228.8058 	EXP 	window1: mouseVisible = True
228.8058 	EXP 	window1: mouseVisible = True
228.8058 	EXP 	window1: mouseVisible = True
228.8059 	EXP 	window1: mouseVisible = True
228.8059 	EXP 	window1: mouseVisible = True
228.8059 	EXP 	window1: mouseVisible = True
228.8060 	EXP 	window1: mouseVisible = True
228.8060 	EXP 	window1: mouseVisible = True
228.8060 	EXP 	window1: mouseVisible = True
228.8060 	EXP 	window1: mouseVisible = True
228.8061 	EXP 	window1: mouseVisible = True
228.8061 	EXP 	window1: mouseVisible = True
228.8061 	EXP 	window1: mouseVisible = True
228.8062 	EXP 	window1: mouseVisible = True
228.8062 	EXP 	window1: mouseVisible = True
228.8062 	EXP 	window1: mouseVisible = True
228.8063 	EXP 	window1: mouseVisible = True
228.8063 	EXP 	window1: mouseVisible = True
228.8063 	EXP 	window1: mouseVisible = True
228.8063 	EXP 	window1: mouseVisible = True
228.8064 	EXP 	window1: mouseVisible = True
228.8064 	EXP 	window1: mouseVisible = True
228.8064 	EXP 	window1: mouseVisible = True
228.8065 	EXP 	window1: mouseVisible = True
228.8065 	EXP 	window1: mouseVisible = True
228.8065 	EXP 	window1: mouseVisible = True
228.8066 	EXP 	window1: mouseVisible = True
228.8066 	EXP 	window1: mouseVisible = True
228.8066 	EXP 	window1: mouseVisible = True
228.8066 	EXP 	window1: mouseVisible = True
228.8067 	EXP 	window1: mouseVisible = True
228.8067 	EXP 	window1: mouseVisible = True
228.8067 	EXP 	window1: mouseVisible = True
228.8068 	EXP 	window1: mouseVisible = True
228.8068 	EXP 	window1: mouseVisible = True
228.8068 	EXP 	window1: mouseVisible = True
228.8069 	EXP 	window1: mouseVisible = True
228.8069 	EXP 	window1: mouseVisible = True
228.8069 	EXP 	window1: mouseVisible = True
228.8069 	EXP 	window1: mouseVisible = True
228.8070 	EXP 	window1: mouseVisible = True
228.8070 	EXP 	window1: mouseVisible = True
228.8070 	EXP 	window1: mouseVisible = True
228.8071 	EXP 	window1: mouseVisible = True
228.8071 	EXP 	window1: mouseVisible = True
228.8071 	EXP 	window1: mouseVisible = True
228.8072 	EXP 	window1: mouseVisible = True
228.8072 	EXP 	window1: mouseVisible = True
228.8072 	EXP 	window1: mouseVisible = True
228.8072 	EXP 	window1: mouseVisible = True
228.8073 	EXP 	window1: mouseVisible = True
228.8073 	EXP 	window1: mouseVisible = True
228.8073 	EXP 	window1: mouseVisible = True
228.8074 	EXP 	window1: mouseVisible = True
228.8074 	EXP 	window1: mouseVisible = True
228.8074 	EXP 	window1: mouseVisible = True
228.8075 	EXP 	window1: mouseVisible = True
228.8075 	EXP 	window1: mouseVisible = True
228.8075 	EXP 	window1: mouseVisible = True
228.8076 	EXP 	window1: mouseVisible = True
228.8076 	EXP 	window1: mouseVisible = True
228.8076 	EXP 	window1: mouseVisible = True
228.8076 	EXP 	window1: mouseVisible = True
228.8077 	EXP 	window1: mouseVisible = True
228.8077 	EXP 	window1: mouseVisible = True
228.8077 	EXP 	window1: mouseVisible = True
228.8078 	EXP 	window1: mouseVisible = True
228.8078 	EXP 	window1: mouseVisible = True
228.8078 	EXP 	window1: mouseVisible = True
228.8079 	EXP 	window1: mouseVisible = True
228.8079 	EXP 	window1: mouseVisible = True
228.8079 	EXP 	window1: mouseVisible = True
228.8080 	EXP 	window1: mouseVisible = True
228.8080 	EXP 	window1: mouseVisible = True
228.8080 	EXP 	window1: mouseVisible = True
228.8080 	EXP 	window1: mouseVisible = True
228.8081 	EXP 	window1: mouseVisible = True
228.8081 	EXP 	window1: mouseVisible = True
228.8081 	EXP 	window1: mouseVisible = True
228.8082 	EXP 	window1: mouseVisible = True
228.8082 	EXP 	window1: mouseVisible = True
228.8083 	EXP 	window1: mouseVisible = True
228.8083 	EXP 	window1: mouseVisible = True
228.8083 	EXP 	window1: mouseVisible = True
228.8084 	EXP 	window1: mouseVisible = True
228.8084 	EXP 	window1: mouseVisible = True
228.8084 	EXP 	window1: mouseVisible = True
228.8084 	EXP 	window1: mouseVisible = True
228.8085 	EXP 	window1: mouseVisible = True
228.8085 	EXP 	window1: mouseVisible = True
228.8085 	EXP 	window1: mouseVisible = True
228.8086 	EXP 	window1: mouseVisible = True
228.8086 	EXP 	window1: mouseVisible = True
228.8086 	EXP 	window1: mouseVisible = True
228.8086 	EXP 	window1: mouseVisible = True
228.8087 	EXP 	window1: mouseVisible = True
228.8087 	EXP 	window1: mouseVisible = True
228.8087 	EXP 	window1: mouseVisible = True
228.8088 	EXP 	window1: mouseVisible = True
228.8088 	EXP 	window1: mouseVisible = True
228.8088 	EXP 	window1: mouseVisible = True
228.8089 	EXP 	window1: mouseVisible = True
228.8089 	EXP 	window1: mouseVisible = True
228.8089 	EXP 	window1: mouseVisible = True
228.8089 	EXP 	window1: mouseVisible = True
228.8090 	EXP 	window1: mouseVisible = True
228.8090 	EXP 	window1: mouseVisible = True
228.8090 	EXP 	window1: mouseVisible = True
228.8091 	EXP 	window1: mouseVisible = True
228.8091 	EXP 	window1: mouseVisible = True
228.8091 	EXP 	window1: mouseVisible = True
228.8092 	EXP 	window1: mouseVisible = True
228.8092 	EXP 	window1: mouseVisible = True
228.8092 	EXP 	window1: mouseVisible = True
228.8092 	EXP 	window1: mouseVisible = True
228.8093 	EXP 	window1: mouseVisible = True
228.8093 	EXP 	window1: mouseVisible = True
228.8093 	EXP 	window1: mouseVisible = True
228.8094 	EXP 	window1: mouseVisible = True
228.8094 	EXP 	window1: mouseVisible = True
228.8094 	EXP 	window1: mouseVisible = True
228.8095 	EXP 	window1: mouseVisible = True
228.8095 	EXP 	window1: mouseVisible = True
228.8095 	EXP 	window1: mouseVisible = True
228.8095 	EXP 	window1: mouseVisible = True
228.8096 	EXP 	window1: mouseVisible = True
228.8096 	EXP 	window1: mouseVisible = True
228.8096 	EXP 	window1: mouseVisible = True
228.8097 	EXP 	window1: mouseVisible = True
228.8097 	EXP 	window1: mouseVisible = True
228.8097 	EXP 	window1: mouseVisible = True
228.8098 	EXP 	window1: mouseVisible = True
228.8098 	EXP 	window1: mouseVisible = True
228.8098 	EXP 	window1: mouseVisible = True
228.8098 	EXP 	window1: mouseVisible = True
228.8099 	EXP 	window1: mouseVisible = True
228.8099 	EXP 	window1: mouseVisible = True
228.8099 	EXP 	window1: mouseVisible = True
228.8100 	EXP 	window1: mouseVisible = True
228.8100 	EXP 	window1: mouseVisible = True
228.8100 	EXP 	window1: mouseVisible = True
228.8101 	EXP 	window1: mouseVisible = True
228.8101 	EXP 	window1: mouseVisible = True
228.8101 	EXP 	window1: mouseVisible = True
228.8101 	EXP 	window1: mouseVisible = True
228.8102 	EXP 	window1: mouseVisible = True
228.8102 	EXP 	window1: mouseVisible = True
228.8102 	EXP 	window1: mouseVisible = True
228.8103 	EXP 	window1: mouseVisible = True
228.8103 	EXP 	window1: mouseVisible = True
228.8103 	EXP 	window1: mouseVisible = True
228.8104 	EXP 	window1: mouseVisible = True
228.8104 	EXP 	window1: mouseVisible = True
228.8104 	EXP 	window1: mouseVisible = True
228.8104 	EXP 	window1: mouseVisible = True
228.8105 	EXP 	window1: mouseVisible = True
228.8105 	EXP 	window1: mouseVisible = True
228.8105 	EXP 	window1: mouseVisible = True
228.8106 	EXP 	window1: mouseVisible = True
228.8106 	EXP 	window1: mouseVisible = True
228.8106 	EXP 	window1: mouseVisible = True
228.8106 	EXP 	window1: mouseVisible = True
228.8107 	EXP 	window1: mouseVisible = True
228.8107 	EXP 	window1: mouseVisible = True
228.8107 	EXP 	window1: mouseVisible = True
228.8108 	EXP 	window1: mouseVisible = True
228.8108 	EXP 	window1: mouseVisible = True
228.8108 	EXP 	window1: mouseVisible = True
228.8109 	EXP 	window1: mouseVisible = True
228.8109 	EXP 	window1: mouseVisible = True
228.8109 	EXP 	window1: mouseVisible = True
228.8109 	EXP 	window1: mouseVisible = True
228.8110 	EXP 	window1: mouseVisible = True
228.8110 	EXP 	window1: mouseVisible = True
228.8110 	EXP 	window1: mouseVisible = True
228.8111 	EXP 	window1: mouseVisible = True
228.8111 	EXP 	window1: mouseVisible = True
228.8111 	EXP 	window1: mouseVisible = True
228.8112 	EXP 	window1: mouseVisible = True
228.8112 	EXP 	window1: mouseVisible = True
228.8112 	EXP 	window1: mouseVisible = True
228.8112 	EXP 	window1: mouseVisible = True
228.8113 	EXP 	window1: mouseVisible = True
228.8113 	EXP 	window1: mouseVisible = True
228.8113 	EXP 	window1: mouseVisible = True
228.8114 	EXP 	window1: mouseVisible = True
228.8114 	EXP 	window1: mouseVisible = True
228.8114 	EXP 	window1: mouseVisible = True
228.8115 	EXP 	window1: mouseVisible = True
228.8115 	EXP 	window1: mouseVisible = True
228.8115 	EXP 	window1: mouseVisible = True
228.8115 	EXP 	window1: mouseVisible = True
228.8116 	EXP 	window1: mouseVisible = True
228.8116 	EXP 	window1: mouseVisible = True
228.8116 	EXP 	window1: mouseVisible = True
228.8117 	EXP 	window1: mouseVisible = True
228.8117 	EXP 	window1: mouseVisible = True
228.8117 	EXP 	window1: mouseVisible = True
228.8117 	EXP 	window1: mouseVisible = True
228.8118 	EXP 	window1: mouseVisible = True
228.8118 	EXP 	window1: mouseVisible = True
228.8118 	EXP 	window1: mouseVisible = True
228.8119 	EXP 	window1: mouseVisible = True
228.8119 	EXP 	window1: mouseVisible = True
228.8119 	EXP 	window1: mouseVisible = True
228.8120 	EXP 	window1: mouseVisible = True
228.8120 	EXP 	window1: mouseVisible = True
228.8120 	EXP 	window1: mouseVisible = True
228.8120 	EXP 	window1: mouseVisible = True
228.8121 	EXP 	window1: mouseVisible = True
228.8121 	EXP 	window1: mouseVisible = True
228.8121 	EXP 	window1: mouseVisible = True
228.8122 	EXP 	window1: mouseVisible = True
228.8122 	EXP 	window1: mouseVisible = True
228.8122 	EXP 	window1: mouseVisible = True
228.8123 	EXP 	window1: mouseVisible = True
228.8123 	EXP 	window1: mouseVisible = True
228.8123 	EXP 	window1: mouseVisible = True
228.8123 	EXP 	window1: mouseVisible = True
228.8124 	EXP 	window1: mouseVisible = True
228.8124 	EXP 	window1: mouseVisible = True
228.8124 	EXP 	window1: mouseVisible = True
228.8125 	EXP 	window1: mouseVisible = True
228.8125 	EXP 	window1: mouseVisible = True
228.8125 	EXP 	window1: mouseVisible = True
228.8126 	EXP 	window1: mouseVisible = True
228.8126 	EXP 	window1: mouseVisible = True
228.8126 	EXP 	window1: mouseVisible = True
228.8127 	EXP 	window1: mouseVisible = True
228.8127 	EXP 	window1: mouseVisible = True
228.8127 	EXP 	window1: mouseVisible = True
228.8128 	EXP 	window1: mouseVisible = True
228.8128 	EXP 	window1: mouseVisible = True
228.8128 	EXP 	window1: mouseVisible = True
228.8129 	EXP 	window1: mouseVisible = True
228.8129 	EXP 	window1: mouseVisible = True
228.8130 	EXP 	window1: mouseVisible = True
228.8130 	EXP 	window1: mouseVisible = True
228.8130 	EXP 	window1: mouseVisible = True
228.8130 	EXP 	window1: mouseVisible = True
228.8131 	EXP 	window1: mouseVisible = True
228.8131 	EXP 	window1: mouseVisible = True
228.8131 	EXP 	window1: mouseVisible = True
228.8132 	EXP 	window1: mouseVisible = True
228.8132 	EXP 	window1: mouseVisible = True
228.8132 	EXP 	window1: mouseVisible = True
228.8132 	EXP 	window1: mouseVisible = True
228.8133 	EXP 	window1: mouseVisible = True
228.8133 	EXP 	window1: mouseVisible = True
228.8133 	EXP 	window1: mouseVisible = True
228.8134 	EXP 	window1: mouseVisible = True
228.8134 	EXP 	window1: mouseVisible = True
228.8134 	EXP 	window1: mouseVisible = True
228.8135 	EXP 	window1: mouseVisible = True
228.8135 	EXP 	window1: mouseVisible = True
228.8135 	EXP 	window1: mouseVisible = True
228.8135 	EXP 	window1: mouseVisible = True
228.8136 	EXP 	window1: mouseVisible = True
228.8136 	EXP 	window1: mouseVisible = True
228.8136 	EXP 	window1: mouseVisible = True
228.8137 	EXP 	window1: mouseVisible = True
228.8137 	EXP 	window1: mouseVisible = True
228.8137 	EXP 	window1: mouseVisible = True
228.8138 	EXP 	window1: mouseVisible = True
228.8138 	EXP 	window1: mouseVisible = True
228.8138 	EXP 	window1: mouseVisible = True
228.8139 	EXP 	window1: mouseVisible = True
228.8139 	EXP 	window1: mouseVisible = True
228.8140 	EXP 	window1: mouseVisible = True
228.8140 	EXP 	window1: mouseVisible = True
228.8141 	EXP 	window1: mouseVisible = True
228.8141 	EXP 	window1: mouseVisible = True
228.8141 	EXP 	window1: mouseVisible = True
228.8142 	EXP 	window1: mouseVisible = True
228.8142 	EXP 	window1: mouseVisible = True
228.8142 	EXP 	window1: mouseVisible = True
228.8143 	EXP 	window1: mouseVisible = True
228.8143 	EXP 	window1: mouseVisible = True
228.8143 	EXP 	window1: mouseVisible = True
228.8144 	EXP 	window1: mouseVisible = True
228.8144 	EXP 	window1: mouseVisible = True
228.8144 	EXP 	window1: mouseVisible = True
228.8145 	EXP 	window1: mouseVisible = True
228.8145 	EXP 	window1: mouseVisible = True
228.8145 	EXP 	window1: mouseVisible = True
228.8146 	EXP 	window1: mouseVisible = True
228.8146 	EXP 	window1: mouseVisible = True
228.8146 	EXP 	window1: mouseVisible = True
228.8147 	EXP 	window1: mouseVisible = True
228.8147 	EXP 	window1: mouseVisible = True
228.8147 	EXP 	window1: mouseVisible = True
228.8147 	EXP 	window1: mouseVisible = True
228.8148 	EXP 	window1: mouseVisible = True
228.8148 	EXP 	window1: mouseVisible = True
228.8148 	EXP 	window1: mouseVisible = True
228.8149 	EXP 	window1: mouseVisible = True
228.8149 	EXP 	window1: mouseVisible = True
228.8149 	EXP 	window1: mouseVisible = True
228.8150 	EXP 	window1: mouseVisible = True
228.8150 	EXP 	window1: mouseVisible = True
228.8150 	EXP 	window1: mouseVisible = True
228.8151 	EXP 	window1: mouseVisible = True
228.8151 	EXP 	window1: mouseVisible = True
228.8151 	EXP 	window1: mouseVisible = True
228.8151 	EXP 	window1: mouseVisible = True
228.8152 	EXP 	window1: mouseVisible = True
228.8152 	EXP 	window1: mouseVisible = True
228.8152 	EXP 	window1: mouseVisible = True
228.8153 	EXP 	window1: mouseVisible = True
228.8153 	EXP 	window1: mouseVisible = True
228.8153 	EXP 	window1: mouseVisible = True
228.8154 	EXP 	window1: mouseVisible = True
228.8154 	EXP 	window1: mouseVisible = True
228.8154 	EXP 	window1: mouseVisible = True
228.8155 	EXP 	window1: mouseVisible = True
228.8155 	EXP 	window1: mouseVisible = True
228.8155 	EXP 	window1: mouseVisible = True
228.8155 	EXP 	window1: mouseVisible = True
228.8156 	EXP 	window1: mouseVisible = True
228.8156 	EXP 	window1: mouseVisible = True
228.8156 	EXP 	window1: mouseVisible = True
228.8157 	EXP 	window1: mouseVisible = True
228.8157 	EXP 	window1: mouseVisible = True
228.8157 	EXP 	window1: mouseVisible = True
228.8158 	EXP 	window1: mouseVisible = True
228.8158 	EXP 	window1: mouseVisible = True
228.8158 	EXP 	window1: mouseVisible = True
228.8158 	EXP 	window1: mouseVisible = True
228.8159 	EXP 	window1: mouseVisible = True
228.8159 	EXP 	window1: mouseVisible = True
228.8159 	EXP 	window1: mouseVisible = True
228.8160 	EXP 	window1: mouseVisible = True
228.8160 	EXP 	window1: mouseVisible = True
228.8160 	EXP 	window1: mouseVisible = True
228.8161 	EXP 	window1: mouseVisible = True
228.8161 	EXP 	window1: mouseVisible = True
228.8161 	EXP 	window1: mouseVisible = True
228.8161 	EXP 	window1: mouseVisible = True
228.8162 	EXP 	window1: mouseVisible = True
228.8162 	EXP 	window1: mouseVisible = True
228.8162 	EXP 	window1: mouseVisible = True
228.8163 	EXP 	window1: mouseVisible = True
228.8163 	EXP 	window1: mouseVisible = True
228.8163 	EXP 	window1: mouseVisible = True
228.8163 	EXP 	window1: mouseVisible = True
228.8164 	EXP 	window1: mouseVisible = True
228.8164 	EXP 	window1: mouseVisible = True
228.8164 	EXP 	window1: mouseVisible = True
228.8165 	EXP 	window1: mouseVisible = True
228.8165 	EXP 	window1: mouseVisible = True
228.8165 	EXP 	window1: mouseVisible = True
228.8166 	EXP 	window1: mouseVisible = True
228.8166 	EXP 	window1: mouseVisible = True
228.8166 	EXP 	window1: mouseVisible = True
228.8166 	EXP 	window1: mouseVisible = True
228.8167 	EXP 	window1: mouseVisible = True
228.8167 	EXP 	window1: mouseVisible = True
228.8167 	EXP 	window1: mouseVisible = True
228.8168 	EXP 	window1: mouseVisible = True
228.8168 	EXP 	window1: mouseVisible = True
228.8168 	EXP 	window1: mouseVisible = True
228.8169 	EXP 	window1: mouseVisible = True
228.8169 	EXP 	window1: mouseVisible = True
228.8169 	EXP 	window1: mouseVisible = True
228.8170 	EXP 	window1: mouseVisible = True
228.8170 	EXP 	window1: mouseVisible = True
228.8170 	EXP 	window1: mouseVisible = True
228.8170 	EXP 	window1: mouseVisible = True
228.8171 	EXP 	window1: mouseVisible = True
228.8171 	EXP 	window1: mouseVisible = True
228.8171 	EXP 	window1: mouseVisible = True
228.8172 	EXP 	window1: mouseVisible = True
228.8172 	EXP 	window1: mouseVisible = True
228.8172 	EXP 	window1: mouseVisible = True
228.8173 	EXP 	window1: mouseVisible = True
228.8173 	EXP 	window1: mouseVisible = True
228.8173 	EXP 	window1: mouseVisible = True
228.8173 	EXP 	window1: mouseVisible = True
228.8174 	EXP 	window1: mouseVisible = True
228.8174 	EXP 	window1: mouseVisible = True
228.8174 	EXP 	window1: mouseVisible = True
228.8175 	EXP 	window1: mouseVisible = True
228.8175 	EXP 	window1: mouseVisible = True
228.8175 	EXP 	window1: mouseVisible = True
228.8176 	EXP 	window1: mouseVisible = True
228.8176 	EXP 	window1: mouseVisible = True
228.8176 	EXP 	window1: mouseVisible = True
228.8176 	EXP 	window1: mouseVisible = True
228.8177 	EXP 	window1: mouseVisible = True
228.8177 	EXP 	window1: mouseVisible = True
228.8177 	EXP 	window1: mouseVisible = True
228.8178 	EXP 	window1: mouseVisible = True
228.8178 	EXP 	window1: mouseVisible = True
228.8179 	EXP 	window1: mouseVisible = True
228.8179 	EXP 	window1: mouseVisible = True
228.8179 	EXP 	window1: mouseVisible = True
228.8180 	EXP 	window1: mouseVisible = True
228.8180 	EXP 	window1: mouseVisible = True
228.8180 	EXP 	window1: mouseVisible = True
228.8181 	EXP 	window1: mouseVisible = True
228.8181 	EXP 	window1: mouseVisible = True
228.8181 	EXP 	window1: mouseVisible = True
228.8182 	EXP 	window1: mouseVisible = True
228.8182 	EXP 	window1: mouseVisible = True
228.8182 	EXP 	window1: mouseVisible = True
228.8183 	EXP 	window1: mouseVisible = True
228.8183 	EXP 	window1: mouseVisible = True
228.8183 	EXP 	window1: mouseVisible = True
228.8183 	EXP 	window1: mouseVisible = True
228.8184 	EXP 	window1: mouseVisible = True
228.8184 	EXP 	window1: mouseVisible = True
228.8184 	EXP 	window1: mouseVisible = True
228.8185 	EXP 	window1: mouseVisible = True
228.8185 	EXP 	window1: mouseVisible = True
228.8185 	EXP 	window1: mouseVisible = True
228.8186 	EXP 	window1: mouseVisible = True
228.8186 	EXP 	window1: mouseVisible = True
228.8186 	EXP 	window1: mouseVisible = True
228.8187 	EXP 	window1: mouseVisible = True
228.8187 	EXP 	window1: mouseVisible = True
228.8187 	EXP 	window1: mouseVisible = True
228.8188 	EXP 	window1: mouseVisible = True
228.8188 	EXP 	window1: mouseVisible = True
228.8188 	EXP 	window1: mouseVisible = True
228.8188 	EXP 	window1: mouseVisible = True
228.8189 	EXP 	window1: mouseVisible = True
228.8189 	EXP 	window1: mouseVisible = True
228.8189 	EXP 	window1: mouseVisible = True
228.8190 	EXP 	window1: mouseVisible = True
228.8190 	EXP 	window1: mouseVisible = True
228.8190 	EXP 	window1: mouseVisible = True
228.8191 	EXP 	window1: mouseVisible = True
228.8191 	EXP 	window1: mouseVisible = True
228.8191 	EXP 	window1: mouseVisible = True
228.8191 	EXP 	window1: mouseVisible = True
228.8192 	EXP 	window1: mouseVisible = True
228.8192 	EXP 	window1: mouseVisible = True
228.8192 	EXP 	window1: mouseVisible = True
228.8193 	EXP 	window1: mouseVisible = True
228.8193 	EXP 	window1: mouseVisible = True
228.8193 	EXP 	window1: mouseVisible = True
228.8194 	EXP 	window1: mouseVisible = True
228.8194 	EXP 	window1: mouseVisible = True
228.8194 	EXP 	window1: mouseVisible = True
228.8194 	EXP 	window1: mouseVisible = True
228.8195 	EXP 	window1: mouseVisible = True
228.8195 	EXP 	window1: mouseVisible = True
