8.7371 	WARNING 	Monitor specification not found. Creating a temporary one...
8.7578 	WARNING 	User requested fullscreen with size [800 600], but screen is actually [1280, 1024]. Using actual size
9.3019 	EXP 	Created window1 = Window(allowGUI=True, allowStencil=False, autoLog=True, backendConf=UNKNOWN, bitsMode=UNKNOWN, blendMode='avg', bpc=(8, 8, 8), color=array([0, 0, 0]), colorSpace='rgb', depthBits=8, fullscr=<method-wrapper '__getattribute__' of attributeSetter object at 0x000001E0DC7F7CA0>, gamma=None, gammaErrorPolicy='raise', lms=UNKNOWN, monitor=<psychopy.monitors.calibTools.Monitor object at 0x000001E0DCD8C400>, multiSample=False, name='window1', numSamples=2, pos=(0, 0), screen=0, size=array([1280, 1024]), stencilBits=0, stereo=False, units='pix', useFBO=False, useRetina=False, viewOri=0.0, viewPos=None, viewScale=None, waitBlanking=True, winType='pyglet')
9.3020 	EXP 	window1: mouseVisible = True
9.3023 	EXP 	window1: mouseVisible = False
9.7767 	DATA 	Keypress: o
10.4581 	DATA 	Keypress: o
10.4584 	EXP 	window1: units = 'pix'
10.4877 	WARNING 	User requested fullscreen with size [1280  720], but screen is actually [1280, 1024]. Using actual size
10.8863 	EXP 	Created window1 = Window(allowGUI=False, allowStencil=False, autoLog=True, backendConf=UNKNOWN, bitsMode=UNKNOWN, blendMode='avg', bpc=(8, 8, 8), color=array([0, 0, 0]), colorSpace='rgb', depthBits=8, fullscr=<method-wrapper '__getattribute__' of attributeSetter object at 0x000001E0DC7F7CA0>, gamma=None, gammaErrorPolicy='raise', lms=UNKNOWN, monitor=<psychopy.monitors.calibTools.Monitor object at 0x000001E0E3715820>, multiSample=False, name='window1', numSamples=2, pos=(0, 0), screen=0, size=array([1280, 1024]), stencilBits=0, stereo=False, units='height', useFBO=True, useRetina=False, viewOri=0.0, viewPos=None, viewScale=None, waitBlanking=True, winType='pyglet')
10.8866 	EXP 	window1: mouseVisible = True
10.8866 	EXP 	window1: Attempting to measure frame rate of screen (0) ...
10.8866 	EXP 	window1: recordFrameIntervals = False
11.0531 	EXP 	window1: recordFrameIntervals = True
11.2363 	EXP 	Screen (0) actual frame rate measured at 60.00Hz
11.2363 	EXP 	window1: recordFrameIntervals = False
11.4232 	EXP 	Created Instructions = TextStim(__class__=<class 'psychopy.visual.text.TextStim'>, alignHoriz=method-wrapper(...), alignText='center', alignVert=method-wrapper(...), anchorHoriz='center', anchorVert='center', antialias=True, autoDraw=False, autoLog=True, bold=False, color=array([1, 1, 1]), colorSpace='rgb', contrast=1.0, depth=0.0, flipHoriz=False, flipVert=False, font='Arial', fontFiles=[], height=0.03, italic=False, languageStyle='LTR', name='Instructions', opacity=1.0, ori=0, pos=array([0., 0.]), rgb=UNKNOWN, text=str(...), units='height', win=Window(...), wrapWidth=1)
11.4271 	EXP 	Created Triplet1 = ImageStim(__class__=<class 'psychopy.visual.image.ImageStim'>, anchor=('center', 'center'), autoLog=True, color=array([1, 1, 1]), colorSpace='rgb', contrast=1.0, depth=-1.0, flipHoriz=False, flipVert=False, image='sin', interpolate=True, mask=None, maskParams=None, name='Triplet1', opacity=1.0, ori=0.0, pos=array([0., 0.]), size=array([0.3, 0.3]), texRes=128, units='height', win=Window(...))
11.4323 	EXP 	Created Triplet2 = ImageStim(__class__=<class 'psychopy.visual.image.ImageStim'>, anchor=('center', 'center'), autoLog=True, color=array([1, 1, 1]), colorSpace='rgb', contrast=1.0, depth=-2.0, flipHoriz=False, flipVert=False, image='sin', interpolate=True, mask=None, maskParams=None, name='Triplet2', opacity=1.0, ori=0.0, pos=array([0., 0.]), size=array([0.3, 0.3]), texRes=128, units='height', win=Window(...))
11.4389 	EXP 	Created Triplet3 = ImageStim(__class__=<class 'psychopy.visual.image.ImageStim'>, anchor=('center', 'center'), autoLog=True, color=array([1, 1, 1]), colorSpace='rgb', contrast=1.0, depth=-3.0, flipHoriz=False, flipVert=False, image='sin', interpolate=True, mask=None, maskParams=None, name='Triplet3', opacity=1.0, ori=0.0, pos=array([0., 0.]), size=array([0.3, 0.3]), texRes=128, units='height', win=Window(...))
11.4478 	EXP 	Sound sound_pop set volume 1.000
11.4566 	EXP 	Sound sound_pop2 set volume 1.000
11.4654 	EXP 	Sound sound_pop3 set volume 1.000
11.5526 	EXP 	Created Mask = ImageStim(__class__=<class 'psychopy.visual.image.ImageStim'>, anchor=('center', 'center'), autoLog=True, color=array([1, 1, 1]), colorSpace='rgb', contrast=1.0, depth=0.0, flipHoriz=False, flipVert=False, image='images/Mask.png', interpolate=True, mask=None, maskParams=None, name='Mask', opacity=1.0, ori=0.0, pos=array([0., 0.]), size=array([1.5, 0.5]), texRes=128, units='height', win=Window(...))
11.5617 	EXP 	Created img1 = ImageStim(__class__=<class 'psychopy.visual.image.ImageStim'>, anchor=('center', 'center'), autoLog=True, color=array([1, 1, 1]), colorSpace='rgb', contrast=1.0, depth=-1.0, flipHoriz=False, flipVert=False, image='sin', interpolate=True, mask=None, maskParams=None, name='img1', opacity=1.0, ori=0.0, pos=array([0., 0.]), size=array([0.3, 0.3]), texRes=128, units='height', win=Window(...))
11.5661 	EXP 	Created img2 = ImageStim(__class__=<class 'psychopy.visual.image.ImageStim'>, anchor=('center', 'center'), autoLog=True, color=array([1, 1, 1]), colorSpace='rgb', contrast=1.0, depth=-2.0, flipHoriz=False, flipVert=False, image='sin', interpolate=True, mask=None, maskParams=None, name='img2', opacity=1.0, ori=0.0, pos=array([0., 0.]), size=array([0.3, 0.3]), texRes=128, units='height', win=Window(...))
11.5715 	EXP 	Created img3 = ImageStim(__class__=<class 'psychopy.visual.image.ImageStim'>, anchor=('center', 'center'), autoLog=True, color=array([1, 1, 1]), colorSpace='rgb', contrast=1.0, depth=-3.0, flipHoriz=False, flipVert=False, image='sin', interpolate=True, mask=None, maskParams=None, name='img3', opacity=1.0, ori=0.0, pos=array([0., 0.]), size=array([0.3, 0.3]), texRes=128, units='height', win=Window(...))
11.5803 	EXP 	Sound sound_pop4 set volume 1.000
11.5891 	EXP 	Sound sound_pop5 set volume 1.000
11.5979 	EXP 	Sound sound_pop6 set volume 1.000
11.6028 	EXP 	Created text_2 = TextStim(__class__=<class 'psychopy.visual.text.TextStim'>, alignHoriz=method-wrapper(...), alignText='center', alignVert=method-wrapper(...), anchorHoriz='center', anchorVert='center', antialias=True, autoDraw=False, autoLog=True, bold=False, color=array([1, 1, 1]), colorSpace='rgb', contrast=1.0, depth=0.0, flipHoriz=False, flipVert=False, font='Arial', fontFiles=[], height=0.03, italic=False, languageStyle='LTR', name='text_2', opacity=1.0, ori=0, pos=array([0., 0.]), rgb=UNKNOWN, text=str(...), units='height', win=Window(...), wrapWidth=1)
11.6056 	EXP 	Created text = TextStim(__class__=<class 'psychopy.visual.text.TextStim'>, alignHoriz=method-wrapper(...), alignText='center', alignVert=method-wrapper(...), anchorHoriz='center', anchorVert='center', antialias=True, autoDraw=False, autoLog=True, bold=False, color=array([1, 1, 1]), colorSpace='rgb', contrast=1.0, depth=-1.0, flipHoriz=False, flipVert=False, font='Arial', fontFiles=[], height=0.03, italic=False, languageStyle='LTR', name='text', opacity=1.0, ori=0, pos=array([0., 0.]), rgb=UNKNOWN, text=str(...), units='height', win=Window(...), wrapWidth=1)
11.6061 	EXP 	Created sameText = TextStim(__class__=<class 'psychopy.visual.text.TextStim'>, alignHoriz=method-wrapper(...), alignText='center', alignVert=method-wrapper(...), anchorHoriz='center', anchorVert='center', antialias=True, autoDraw=False, autoLog=True, bold=False, color=array([1, 1, 1]), colorSpace='rgb', contrast=1.0, depth=-2.0, flipHoriz=False, flipVert=False, font='Arial', fontFiles=[], height=0.03, italic=False, languageStyle='LTR', name='sameText', opacity=1.0, ori=0, pos=array([-0.2, -0.3]), rgb=UNKNOWN, text='', units='height', win=Window(...), wrapWidth=1)
11.6066 	EXP 	Created diffText = TextStim(__class__=<class 'psychopy.visual.text.TextStim'>, alignHoriz=method-wrapper(...), alignText='center', alignVert=method-wrapper(...), anchorHoriz='center', anchorVert='center', antialias=True, autoDraw=False, autoLog=True, bold=False, color=array([1, 1, 1]), colorSpace='rgb', contrast=1.0, depth=-3.0, flipHoriz=False, flipVert=False, font='Arial', fontFiles=[], height=0.03, italic=False, languageStyle='LTR', name='diffText', opacity=1.0, ori=0, pos=array([ 0.2, -0.3]), rgb=UNKNOWN, text='', units='height', win=Window(...), wrapWidth=1)
11.6075 	EXP 	Created leftCL = Rect(__class__=<class 'psychopy.visual.rect.Rect'>, anchor=('center', 'center'), autoDraw=False, autoLog=True, closeShape=True, color=method-wrapper(...), colorSpace='rgb', contrast=None, depth=-4.0, fillColor=array([1., 1., 1.]), fillColorSpace='rgb', fillRGB=array([1., 1., 1.]), interpolate=True, lineColor=array([1, 1, 1]), lineColorSpace='rgb', lineRGB=array([1, 1, 1]), lineWidth=3, name='leftCL', opacity=0.5, ori=0.0, pos=array([-0.2, -0.3]), size=array([-0.2, -0.2]), units='height', vertices=ndarray(...), win=Window(...))
11.6083 	EXP 	Created rightCL = Rect(__class__=<class 'psychopy.visual.rect.Rect'>, anchor=('center', 'center'), autoDraw=False, autoLog=True, closeShape=True, color=method-wrapper(...), colorSpace='rgb', contrast=None, depth=-5.0, fillColor=array([1., 1., 1.]), fillColorSpace='rgb', fillRGB=array([1., 1., 1.]), interpolate=True, lineColor=array([1, 1, 1]), lineColorSpace='rgb', lineRGB=array([1, 1, 1]), lineWidth=3, name='rightCL', opacity=0.5, ori=0.0, pos=array([ 0.2, -0.3]), size=array([0.2, 0.2]), units='height', vertices=ndarray(...), win=Window(...))
11.6083 	EXP 	window1: mouseVisible = True
11.6088 	EXP 	Sound clickedSound set volume 1.000
11.6125 	EXP 	Created retIMG = ImageStim(__class__=<class 'psychopy.visual.image.ImageStim'>, anchor=('center', 'center'), autoLog=True, color=array([1, 1, 1]), colorSpace='rgb', contrast=1.0, depth=-1.0, flipHoriz=False, flipVert=False, image='sin', interpolate=True, mask=None, maskParams=None, name='retIMG', opacity=1.0, ori=0.0, pos=array([0., 0.]), size=array([0.3, 0.3]), texRes=128, units='height', win=Window(...))
11.6213 	EXP 	Sound sound_pop7 set volume 1.000
11.6237 	EXP 	Created question_text = TextStim(__class__=<class 'psychopy.visual.text.TextStim'>, alignHoriz=method-wrapper(...), alignText='center', alignVert=method-wrapper(...), anchorHoriz='center', anchorVert='center', antialias=True, autoDraw=False, autoLog=True, bold=False, color=array([1, 1, 1]), colorSpace='rgb', contrast=1.0, depth=0.0, flipHoriz=False, flipVert=False, font='Arial', fontFiles=[], height=0.03, italic=False, languageStyle='LTR', name='question_text', opacity=1.0, ori=0, pos=array([0. , 0.3]), rgb=UNKNOWN, text='When did you see this object?', units='height', win=Window(...), wrapWidth=1)
11.6258 	EXP 	Created decisionQ_2 = TextStim(__class__=<class 'psychopy.visual.text.TextStim'>, alignHoriz=method-wrapper(...), alignText='center', alignVert=method-wrapper(...), anchorHoriz='center', anchorVert='center', antialias=True, autoDraw=False, autoLog=True, bold=False, color=array([1, 1, 1]), colorSpace='rgb', contrast=1.0, depth=-1.0, flipHoriz=False, flipVert=False, font='Arial', fontFiles=[], height=0.03, italic=False, languageStyle='LTR', name='decisionQ_2', opacity=1.0, ori=0, pos=array([0. , 0.3]), rgb=UNKNOWN, text='When did you see this object?', units='height', win=Window(...), wrapWidth=1)
11.6265 	EXP 	Created first_left = Rect(__class__=<class 'psychopy.visual.rect.Rect'>, anchor=('center', 'center'), autoDraw=False, autoLog=True, closeShape=True, color=method-wrapper(...), colorSpace='rgb', contrast=None, depth=-2.0, fillColor=array([1, 1, 1]), fillColorSpace='rgb', fillRGB=array([1, 1, 1]), interpolate=True, lineColor=array([1, 1, 1]), lineColorSpace='rgb', lineRGB=array([1, 1, 1]), lineWidth=3, name='first_left', opacity=0.5, ori=0.0, pos=array([0. , 0.1]), size=array([0.15, 0.15]), units='height', vertices=ndarray(...), win=Window(...))
11.6272 	EXP 	Created second_middle = Rect(__class__=<class 'psychopy.visual.rect.Rect'>, anchor=('center', 'center'), autoDraw=False, autoLog=True, closeShape=True, color=method-wrapper(...), colorSpace='rgb', contrast=None, depth=-3.0, fillColor=array([1, 1, 1]), fillColorSpace='rgb', fillRGB=array([1, 1, 1]), interpolate=True, lineColor=array([1, 1, 1]), lineColorSpace='rgb', lineRGB=array([1, 1, 1]), lineWidth=3, name='second_middle', opacity=0.5, ori=0.0, pos=array([ 0. , -0.1]), size=array([0.15, 0.15]), units='height', vertices=ndarray(...), win=Window(...))
11.6279 	EXP 	Created third_right = Rect(__class__=<class 'psychopy.visual.rect.Rect'>, anchor=('center', 'center'), autoDraw=False, autoLog=True, closeShape=True, color=method-wrapper(...), colorSpace='rgb', contrast=None, depth=-4.0, fillColor=array([1, 1, 1]), fillColorSpace='rgb', fillRGB=array([1, 1, 1]), interpolate=True, lineColor=array([1, 1, 1]), lineColorSpace='rgb', lineRGB=array([1, 1, 1]), lineWidth=3, name='third_right', opacity=0.5, ori=0.0, pos=array([ 0. , -0.3]), size=array([0.15, 0.15]), units='height', vertices=ndarray(...), win=Window(...))
11.6304 	EXP 	Created First = TextStim(__class__=<class 'psychopy.visual.text.TextStim'>, alignHoriz=method-wrapper(...), alignText='center', alignVert=method-wrapper(...), anchorHoriz='center', anchorVert='center', antialias=True, autoDraw=False, autoLog=True, bold=False, color=array([1, 1, 1]), colorSpace='rgb', contrast=1.0, depth=-5.0, flipHoriz=False, flipVert=False, font='Arial', fontFiles=[], height=0.03, italic=False, languageStyle='LTR', name='First', opacity=1.0, ori=0, pos=array([0. , 0.1]), rgb=UNKNOWN, text='First', units='height', win=Window(...), wrapWidth=1)
11.6324 	EXP 	Created Second = TextStim(__class__=<class 'psychopy.visual.text.TextStim'>, alignHoriz=method-wrapper(...), alignText='center', alignVert=method-wrapper(...), anchorHoriz='center', anchorVert='center', antialias=True, autoDraw=False, autoLog=True, bold=False, color=array([1, 1, 1]), colorSpace='rgb', contrast=1.0, depth=-6.0, flipHoriz=False, flipVert=False, font='Arial', fontFiles=[], height=0.03, italic=False, languageStyle='LTR', name='Second', opacity=1.0, ori=0, pos=array([ 0. , -0.1]), rgb=UNKNOWN, text='Second', units='height', win=Window(...), wrapWidth=1)
11.6343 	EXP 	Created Third = TextStim(__class__=<class 'psychopy.visual.text.TextStim'>, alignHoriz=method-wrapper(...), alignText='center', alignVert=method-wrapper(...), anchorHoriz='center', anchorVert='center', antialias=True, autoDraw=False, autoLog=True, bold=False, color=array([1, 1, 1]), colorSpace='rgb', contrast=1.0, depth=-7.0, flipHoriz=False, flipVert=False, font='Arial', fontFiles=[], height=0.03, italic=False, languageStyle='LTR', name='Third', opacity=1.0, ori=0, pos=array([ 0. , -0.3]), rgb=UNKNOWN, text='Third', units='height', win=Window(...), wrapWidth=1)
11.6343 	EXP 	window1: mouseVisible = True
11.6347 	EXP 	Sound clickedSound set volume 1.000
11.6424 	EXP 	Created BlockBreak = TextStim(__class__=<class 'psychopy.visual.text.TextStim'>, alignHoriz=method-wrapper(...), alignText='center', alignVert=method-wrapper(...), anchorHoriz='center', anchorVert='center', antialias=True, autoDraw=False, autoLog=True, bold=False, color=array([1, 1, 1]), colorSpace='rgb', contrast=1.0, depth=0.0, flipHoriz=False, flipVert=False, font='Arial', fontFiles=[], height=0.03, italic=False, languageStyle='LTR', name='BlockBreak', opacity=1.0, ori=0, pos=array([0., 0.]), rgb=UNKNOWN, text=str(...), units='height', win=Window(...), wrapWidth=1)
11.6559 	EXP 	Created text_4 = TextStim(__class__=<class 'psychopy.visual.text.TextStim'>, alignHoriz=method-wrapper(...), alignText='center', alignVert=method-wrapper(...), anchorHoriz='center', anchorVert='center', antialias=True, autoDraw=False, autoLog=True, bold=False, color=array([1, 1, 1]), colorSpace='rgb', contrast=1.0, depth=-1.0, flipHoriz=False, flipVert=False, font='Open Sans', fontFiles=[], height=0.03, italic=False, languageStyle='LTR', name='text_4', opacity=1.0, ori=0.0, pos=array([0., 0.]), rgb=UNKNOWN, text=str(...), units='height', win=Window(...), wrapWidth=1)
11.6596 	EXP 	Created Triplet1 = ImageStim(__class__=<class 'psychopy.visual.image.ImageStim'>, anchor=('center', 'center'), autoLog=True, color=array([1, 1, 1]), colorSpace='rgb', contrast=1.0, depth=-1.0, flipHoriz=False, flipVert=False, image='sin', interpolate=True, mask=None, maskParams=None, name='Triplet1', opacity=1.0, ori=0.0, pos=array([0., 0.]), size=array([0.3, 0.3]), texRes=128, units='height', win=Window(...))
11.6643 	EXP 	Created Triplet2 = ImageStim(__class__=<class 'psychopy.visual.image.ImageStim'>, anchor=('center', 'center'), autoLog=True, color=array([1, 1, 1]), colorSpace='rgb', contrast=1.0, depth=-2.0, flipHoriz=False, flipVert=False, image='sin', interpolate=True, mask=None, maskParams=None, name='Triplet2', opacity=1.0, ori=0.0, pos=array([0., 0.]), size=array([0.3, 0.3]), texRes=128, units='height', win=Window(...))
11.6687 	EXP 	Created Triplet3 = ImageStim(__class__=<class 'psychopy.visual.image.ImageStim'>, anchor=('center', 'center'), autoLog=True, color=array([1, 1, 1]), colorSpace='rgb', contrast=1.0, depth=-3.0, flipHoriz=False, flipVert=False, image='sin', interpolate=True, mask=None, maskParams=None, name='Triplet3', opacity=1.0, ori=0.0, pos=array([0., 0.]), size=array([0.3, 0.3]), texRes=128, units='height', win=Window(...))
11.6775 	EXP 	Sound sound_pop set volume 1.000
11.6864 	EXP 	Sound sound_pop2 set volume 1.000
11.6955 	EXP 	Sound sound_pop3 set volume 1.000
11.7828 	EXP 	Created Mask = ImageStim(__class__=<class 'psychopy.visual.image.ImageStim'>, anchor=('center', 'center'), autoLog=True, color=array([1, 1, 1]), colorSpace='rgb', contrast=1.0, depth=0.0, flipHoriz=False, flipVert=False, image='images/Mask.png', interpolate=True, mask=None, maskParams=None, name='Mask', opacity=1.0, ori=0.0, pos=array([0., 0.]), size=array([1.5, 0.5]), texRes=128, units='height', win=Window(...))
11.7890 	EXP 	Created img1 = ImageStim(__class__=<class 'psychopy.visual.image.ImageStim'>, anchor=('center', 'center'), autoLog=True, color=array([1, 1, 1]), colorSpace='rgb', contrast=1.0, depth=-1.0, flipHoriz=False, flipVert=False, image='sin', interpolate=True, mask=None, maskParams=None, name='img1', opacity=1.0, ori=0.0, pos=array([0., 0.]), size=array([0.3, 0.3]), texRes=128, units='height', win=Window(...))
11.7941 	EXP 	Created img2 = ImageStim(__class__=<class 'psychopy.visual.image.ImageStim'>, anchor=('center', 'center'), autoLog=True, color=array([1, 1, 1]), colorSpace='rgb', contrast=1.0, depth=-2.0, flipHoriz=False, flipVert=False, image='sin', interpolate=True, mask=None, maskParams=None, name='img2', opacity=1.0, ori=0.0, pos=array([0., 0.]), size=array([0.3, 0.3]), texRes=128, units='height', win=Window(...))
11.7986 	EXP 	Created img3 = ImageStim(__class__=<class 'psychopy.visual.image.ImageStim'>, anchor=('center', 'center'), autoLog=True, color=array([1, 1, 1]), colorSpace='rgb', contrast=1.0, depth=-3.0, flipHoriz=False, flipVert=False, image='sin', interpolate=True, mask=None, maskParams=None, name='img3', opacity=1.0, ori=0.0, pos=array([0., 0.]), size=array([0.3, 0.3]), texRes=128, units='height', win=Window(...))
11.8075 	EXP 	Sound sound_pop4 set volume 1.000
11.8163 	EXP 	Sound sound_pop5 set volume 1.000
11.8253 	EXP 	Sound sound_pop6 set volume 1.000
11.8289 	EXP 	Created text_2 = TextStim(__class__=<class 'psychopy.visual.text.TextStim'>, alignHoriz=method-wrapper(...), alignText='center', alignVert=method-wrapper(...), anchorHoriz='center', anchorVert='center', antialias=True, autoDraw=False, autoLog=True, bold=False, color=array([1, 1, 1]), colorSpace='rgb', contrast=1.0, depth=0.0, flipHoriz=False, flipVert=False, font='Arial', fontFiles=[], height=0.03, italic=False, languageStyle='LTR', name='text_2', opacity=1.0, ori=0, pos=array([0., 0.]), rgb=UNKNOWN, text=str(...), units='height', win=Window(...), wrapWidth=1)
11.8314 	EXP 	Created text = TextStim(__class__=<class 'psychopy.visual.text.TextStim'>, alignHoriz=method-wrapper(...), alignText='center', alignVert=method-wrapper(...), anchorHoriz='center', anchorVert='center', antialias=True, autoDraw=False, autoLog=True, bold=False, color=array([1, 1, 1]), colorSpace='rgb', contrast=1.0, depth=-1.0, flipHoriz=False, flipVert=False, font='Arial', fontFiles=[], height=0.03, italic=False, languageStyle='LTR', name='text', opacity=1.0, ori=0, pos=array([0., 0.]), rgb=UNKNOWN, text=str(...), units='height', win=Window(...), wrapWidth=1)
11.8319 	EXP 	Created sameText = TextStim(__class__=<class 'psychopy.visual.text.TextStim'>, alignHoriz=method-wrapper(...), alignText='center', alignVert=method-wrapper(...), anchorHoriz='center', anchorVert='center', antialias=True, autoDraw=False, autoLog=True, bold=False, color=array([1, 1, 1]), colorSpace='rgb', contrast=1.0, depth=-2.0, flipHoriz=False, flipVert=False, font='Arial', fontFiles=[], height=0.03, italic=False, languageStyle='LTR', name='sameText', opacity=1.0, ori=0, pos=array([-0.2, -0.3]), rgb=UNKNOWN, text='', units='height', win=Window(...), wrapWidth=1)
11.8323 	EXP 	Created diffText = TextStim(__class__=<class 'psychopy.visual.text.TextStim'>, alignHoriz=method-wrapper(...), alignText='center', alignVert=method-wrapper(...), anchorHoriz='center', anchorVert='center', antialias=True, autoDraw=False, autoLog=True, bold=False, color=array([1, 1, 1]), colorSpace='rgb', contrast=1.0, depth=-3.0, flipHoriz=False, flipVert=False, font='Arial', fontFiles=[], height=0.03, italic=False, languageStyle='LTR', name='diffText', opacity=1.0, ori=0, pos=array([ 0.2, -0.3]), rgb=UNKNOWN, text='', units='height', win=Window(...), wrapWidth=1)
11.8332 	EXP 	Created leftCL = Rect(__class__=<class 'psychopy.visual.rect.Rect'>, anchor=('center', 'center'), autoDraw=False, autoLog=True, closeShape=True, color=method-wrapper(...), colorSpace='rgb', contrast=None, depth=-4.0, fillColor=array([1., 1., 1.]), fillColorSpace='rgb', fillRGB=array([1., 1., 1.]), interpolate=True, lineColor=array([1, 1, 1]), lineColorSpace='rgb', lineRGB=array([1, 1, 1]), lineWidth=3, name='leftCL', opacity=0.5, ori=0.0, pos=array([-0.2, -0.3]), size=array([-0.2, -0.2]), units='height', vertices=ndarray(...), win=Window(...))
11.8340 	EXP 	Created rightCL = Rect(__class__=<class 'psychopy.visual.rect.Rect'>, anchor=('center', 'center'), autoDraw=False, autoLog=True, closeShape=True, color=method-wrapper(...), colorSpace='rgb', contrast=None, depth=-5.0, fillColor=array([1., 1., 1.]), fillColorSpace='rgb', fillRGB=array([1., 1., 1.]), interpolate=True, lineColor=array([1, 1, 1]), lineColorSpace='rgb', lineRGB=array([1, 1, 1]), lineWidth=3, name='rightCL', opacity=0.5, ori=0.0, pos=array([ 0.2, -0.3]), size=array([0.2, 0.2]), units='height', vertices=ndarray(...), win=Window(...))
11.8341 	EXP 	window1: mouseVisible = True
11.8345 	EXP 	Sound clickedSound set volume 1.000
11.8381 	EXP 	Created retIMG = ImageStim(__class__=<class 'psychopy.visual.image.ImageStim'>, anchor=('center', 'center'), autoLog=True, color=array([1, 1, 1]), colorSpace='rgb', contrast=1.0, depth=-1.0, flipHoriz=False, flipVert=False, image='sin', interpolate=True, mask=None, maskParams=None, name='retIMG', opacity=1.0, ori=0.0, pos=array([0., 0.]), size=array([0.3, 0.3]), texRes=128, units='height', win=Window(...))
11.8470 	EXP 	Sound sound_pop7 set volume 1.000
11.8493 	EXP 	Created question_text = TextStim(__class__=<class 'psychopy.visual.text.TextStim'>, alignHoriz=method-wrapper(...), alignText='center', alignVert=method-wrapper(...), anchorHoriz='center', anchorVert='center', antialias=True, autoDraw=False, autoLog=True, bold=False, color=array([1, 1, 1]), colorSpace='rgb', contrast=1.0, depth=0.0, flipHoriz=False, flipVert=False, font='Arial', fontFiles=[], height=0.03, italic=False, languageStyle='LTR', name='question_text', opacity=1.0, ori=0, pos=array([0. , 0.3]), rgb=UNKNOWN, text='When did you see this object?', units='height', win=Window(...), wrapWidth=1)
11.8516 	EXP 	Created decisionQ_2 = TextStim(__class__=<class 'psychopy.visual.text.TextStim'>, alignHoriz=method-wrapper(...), alignText='center', alignVert=method-wrapper(...), anchorHoriz='center', anchorVert='center', antialias=True, autoDraw=False, autoLog=True, bold=False, color=array([1, 1, 1]), colorSpace='rgb', contrast=1.0, depth=-1.0, flipHoriz=False, flipVert=False, font='Arial', fontFiles=[], height=0.03, italic=False, languageStyle='LTR', name='decisionQ_2', opacity=1.0, ori=0, pos=array([0. , 0.3]), rgb=UNKNOWN, text='When did you see this object?', units='height', win=Window(...), wrapWidth=1)
11.8523 	EXP 	Created first_left = Rect(__class__=<class 'psychopy.visual.rect.Rect'>, anchor=('center', 'center'), autoDraw=False, autoLog=True, closeShape=True, color=method-wrapper(...), colorSpace='rgb', contrast=None, depth=-2.0, fillColor=array([1, 1, 1]), fillColorSpace='rgb', fillRGB=array([1, 1, 1]), interpolate=True, lineColor=array([1, 1, 1]), lineColorSpace='rgb', lineRGB=array([1, 1, 1]), lineWidth=3, name='first_left', opacity=0.5, ori=0.0, pos=array([0. , 0.1]), size=array([0.15, 0.15]), units='height', vertices=ndarray(...), win=Window(...))
11.8530 	EXP 	Created second_middle = Rect(__class__=<class 'psychopy.visual.rect.Rect'>, anchor=('center', 'center'), autoDraw=False, autoLog=True, closeShape=True, color=method-wrapper(...), colorSpace='rgb', contrast=None, depth=-3.0, fillColor=array([1, 1, 1]), fillColorSpace='rgb', fillRGB=array([1, 1, 1]), interpolate=True, lineColor=array([1, 1, 1]), lineColorSpace='rgb', lineRGB=array([1, 1, 1]), lineWidth=3, name='second_middle', opacity=0.5, ori=0.0, pos=array([ 0. , -0.1]), size=array([0.15, 0.15]), units='height', vertices=ndarray(...), win=Window(...))
11.8537 	EXP 	Created third_right = Rect(__class__=<class 'psychopy.visual.rect.Rect'>, anchor=('center', 'center'), autoDraw=False, autoLog=True, closeShape=True, color=method-wrapper(...), colorSpace='rgb', contrast=None, depth=-4.0, fillColor=array([1, 1, 1]), fillColorSpace='rgb', fillRGB=array([1, 1, 1]), interpolate=True, lineColor=array([1, 1, 1]), lineColorSpace='rgb', lineRGB=array([1, 1, 1]), lineWidth=3, name='third_right', opacity=0.5, ori=0.0, pos=array([ 0. , -0.3]), size=array([0.15, 0.15]), units='height', vertices=ndarray(...), win=Window(...))
11.8556 	EXP 	Created First = TextStim(__class__=<class 'psychopy.visual.text.TextStim'>, alignHoriz=method-wrapper(...), alignText='center', alignVert=method-wrapper(...), anchorHoriz='center', anchorVert='center', antialias=True, autoDraw=False, autoLog=True, bold=False, color=array([1, 1, 1]), colorSpace='rgb', contrast=1.0, depth=-5.0, flipHoriz=False, flipVert=False, font='Arial', fontFiles=[], height=0.03, italic=False, languageStyle='LTR', name='First', opacity=1.0, ori=0, pos=array([0. , 0.1]), rgb=UNKNOWN, text='First', units='height', win=Window(...), wrapWidth=1)
11.8575 	EXP 	Created Second = TextStim(__class__=<class 'psychopy.visual.text.TextStim'>, alignHoriz=method-wrapper(...), alignText='center', alignVert=method-wrapper(...), anchorHoriz='center', anchorVert='center', antialias=True, autoDraw=False, autoLog=True, bold=False, color=array([1, 1, 1]), colorSpace='rgb', contrast=1.0, depth=-6.0, flipHoriz=False, flipVert=False, font='Arial', fontFiles=[], height=0.03, italic=False, languageStyle='LTR', name='Second', opacity=1.0, ori=0, pos=array([ 0. , -0.1]), rgb=UNKNOWN, text='Second', units='height', win=Window(...), wrapWidth=1)
11.8594 	EXP 	Created Third = TextStim(__class__=<class 'psychopy.visual.text.TextStim'>, alignHoriz=method-wrapper(...), alignText='center', alignVert=method-wrapper(...), anchorHoriz='center', anchorVert='center', antialias=True, autoDraw=False, autoLog=True, bold=False, color=array([1, 1, 1]), colorSpace='rgb', contrast=1.0, depth=-7.0, flipHoriz=False, flipVert=False, font='Arial', fontFiles=[], height=0.03, italic=False, languageStyle='LTR', name='Third', opacity=1.0, ori=0, pos=array([ 0. , -0.3]), rgb=UNKNOWN, text='Third', units='height', win=Window(...), wrapWidth=1)
11.8595 	EXP 	window1: mouseVisible = True
11.8599 	EXP 	Sound clickedSound set volume 1.000
11.8628 	EXP 	Created end = TextStim(__class__=<class 'psychopy.visual.text.TextStim'>, alignHoriz=method-wrapper(...), alignText='center', alignVert=method-wrapper(...), anchorHoriz='center', anchorVert='center', antialias=True, autoDraw=False, autoLog=True, bold=False, color=array([1, 1, 1]), colorSpace='rgb', contrast=1.0, depth=0.0, flipHoriz=False, flipVert=False, font='Arial', fontFiles=[], height=0.03, italic=False, languageStyle='LTR', name='end', opacity=1.0, ori=0, pos=array([0., 0.]), rgb=UNKNOWN, text=str(...), units='height', win=Window(...), wrapWidth=1)
11.8953 	EXP 	Instructions: autoDraw = True
12.1533 	EXP 	Created sequence: random, trialTypes=1, nReps=5, seed=None
12.1535 	EXP 	New trial (rep=0, index=0): None
12.2709 	DATA 	Keypress: space
12.5192 	EXP 	Sound sound_pop started
12.5203 	EXP 	Instructions: autoDraw = False
12.5203 	EXP 	Triplet1: image = 'images/OBJ_25.png'
12.5203 	EXP 	Triplet2: image = 'images/OBJ_78.png'
12.5203 	EXP 	Triplet3: image = 'images/OBJ_40.png'
12.5203 	EXP 	Triplet1: autoDraw = True
12.8941 	EXP 	Sound sound_pop reached end of file
14.0355 	EXP 	Triplet1: autoDraw = False
14.5187 	EXP 	Sound sound_pop2 started
14.5182 	EXP 	Triplet2: autoDraw = True
14.8831 	EXP 	Sound sound_pop2 reached end of file
16.0183 	EXP 	Triplet2: autoDraw = False
16.5181 	EXP 	Sound sound_pop3 started
16.5177 	EXP 	Triplet3: autoDraw = True
16.8842 	EXP 	Sound sound_pop3 reached end of file
18.0172 	EXP 	Triplet3: autoDraw = False
18.0172 	EXP 	Triplet1: autoDraw = False
18.0172 	EXP 	Triplet2: autoDraw = False
18.0172 	EXP 	Triplet3: autoDraw = False
18.0172 	EXP 	Mask: autoDraw = True
19.6499 	EXP 	Sound sound_pop4 started
19.6413 	EXP 	Mask: autoDraw = False
19.6413 	EXP 	Mask: autoDraw = False
19.6413 	EXP 	img1: image = 'images/OBJ_25.png'
19.6413 	EXP 	img2: image = 'images/OBJ_78.png'
19.6413 	EXP 	img3: image = 'images/OBJ_40.png'
19.6413 	EXP 	img1: autoDraw = True
20.0125 	EXP 	Sound sound_pop4 reached end of file
21.1501 	EXP 	img1: autoDraw = False
21.6327 	EXP 	Sound sound_pop5 started
21.6333 	EXP 	img2: autoDraw = True
21.9933 	EXP 	Sound sound_pop5 reached end of file
23.1323 	EXP 	img2: autoDraw = False
23.6322 	EXP 	Sound sound_pop6 started
23.6322 	EXP 	img3: autoDraw = True
23.9945 	EXP 	Sound sound_pop6 reached end of file
25.1318 	EXP 	img3: autoDraw = False
25.1318 	EXP 	img1: autoDraw = False
25.1318 	EXP 	img2: autoDraw = False
25.1318 	EXP 	img3: autoDraw = False
25.1318 	EXP 	text_2: autoDraw = True
26.1320 	EXP 	text_2: autoDraw = False
26.1320 	EXP 	text_2: autoDraw = False
26.1320 	EXP 	sameText: height = 0.03
26.1320 	EXP 	sameText: height = 0.03
26.1320 	EXP 	sameText: height = 0.03
26.1320 	EXP 	sameText: text = 'Same'
26.1320 	EXP 	diffText: height = 0.03
26.1320 	EXP 	diffText: height = 0.03
26.1320 	EXP 	diffText: height = 0.03
26.1320 	EXP 	diffText: text = 'Different'
26.1320 	EXP 	text: autoDraw = True
26.1320 	EXP 	sameText: autoDraw = True
26.1320 	EXP 	diffText: autoDraw = True
26.1320 	EXP 	leftCL: autoDraw = True
26.1320 	EXP 	rightCL: autoDraw = True
27.0147 	DATA 	Mouse: Left button down, pos=(356,223)
27.0312 	EXP 	Sound clickedSound started
27.0312 	EXP 	text: autoDraw = False
27.0312 	EXP 	sameText: autoDraw = False
27.0312 	EXP 	diffText: autoDraw = False
27.0312 	EXP 	leftCL: autoDraw = False
27.0312 	EXP 	rightCL: autoDraw = False
27.1815 	DATA 	Mouse:  Left button up, pos=(356,223)
27.5344 	EXP 	Sound clickedSound stopped
27.5347 	EXP 	New trial (rep=1, index=0): None
27.8310 	EXP 	Sound sound_pop started
27.8188 	EXP 	Triplet1: image = 'images/OBJ_161.png'
27.8188 	EXP 	Triplet2: image = 'images/OBJ_47.png'
27.8188 	EXP 	Triplet3: image = 'images/OBJ_165.png'
27.8188 	EXP 	Triplet1: autoDraw = True
28.1946 	EXP 	Sound sound_pop reached end of file
29.3305 	EXP 	Triplet1: autoDraw = False
29.8137 	EXP 	Sound sound_pop2 started
29.8142 	EXP 	Triplet2: autoDraw = True
30.1743 	EXP 	Sound sound_pop2 reached end of file
31.3133 	EXP 	Triplet2: autoDraw = False
31.8131 	EXP 	Sound sound_pop3 started
31.8136 	EXP 	Triplet3: autoDraw = True
32.1746 	EXP 	Sound sound_pop3 reached end of file
33.3132 	EXP 	Triplet3: autoDraw = False
33.3132 	EXP 	Triplet1: autoDraw = False
33.3132 	EXP 	Triplet2: autoDraw = False
33.3132 	EXP 	Triplet3: autoDraw = False
33.3132 	EXP 	Mask: autoDraw = True
34.8626 	EXP 	Sound sound_pop4 started
34.8512 	EXP 	Mask: autoDraw = False
34.8512 	EXP 	Mask: autoDraw = False
34.8512 	EXP 	img1: image = 'images/OBJ_161.png'
34.8512 	EXP 	img2: image = 'images/OBJ_47.png'
34.8512 	EXP 	img3: image = 'images/OBJ_165.png'
34.8512 	EXP 	img1: autoDraw = True
35.2334 	EXP 	Sound sound_pop4 reached end of file
36.3618 	EXP 	img1: autoDraw = False
36.8450 	EXP 	Sound sound_pop5 started
36.8450 	EXP 	img2: autoDraw = True
37.2054 	EXP 	Sound sound_pop5 reached end of file
38.3449 	EXP 	img2: autoDraw = False
38.8449 	EXP 	Sound sound_pop6 started
38.8444 	EXP 	img3: autoDraw = True
39.2034 	EXP 	Sound sound_pop6 reached end of file
40.3440 	EXP 	img3: autoDraw = False
40.3440 	EXP 	img1: autoDraw = False
40.3440 	EXP 	img2: autoDraw = False
40.3440 	EXP 	img3: autoDraw = False
40.3440 	EXP 	text_2: autoDraw = True
41.3441 	EXP 	text_2: autoDraw = False
41.3441 	EXP 	text_2: autoDraw = False
41.3441 	EXP 	sameText: text = 'Same'
41.3441 	EXP 	diffText: text = 'Different'
41.3441 	EXP 	text: autoDraw = True
41.3441 	EXP 	sameText: autoDraw = True
41.3441 	EXP 	diffText: autoDraw = True
41.3441 	EXP 	leftCL: autoDraw = True
41.3441 	EXP 	rightCL: autoDraw = True
42.0603 	DATA 	Mouse: Left button down, pos=(357,224)
42.0768 	EXP 	Sound clickedSound started
42.0768 	EXP 	text: autoDraw = False
42.0768 	EXP 	sameText: autoDraw = False
42.0768 	EXP 	diffText: autoDraw = False
42.0768 	EXP 	leftCL: autoDraw = False
42.0768 	EXP 	rightCL: autoDraw = False
42.2438 	DATA 	Mouse:  Left button up, pos=(357,224)
42.5741 	EXP 	Sound clickedSound stopped
42.5744 	EXP 	New trial (rep=2, index=0): None
42.8598 	EXP 	Sound sound_pop started
42.8596 	EXP 	Triplet1: image = 'images/OBJ_80.png'
42.8596 	EXP 	Triplet2: image = 'images/OBJ_209.png'
42.8596 	EXP 	Triplet3: image = 'images/OBJ_20.png'
42.8596 	EXP 	Triplet1: autoDraw = True
43.2342 	EXP 	Sound sound_pop reached end of file
44.3595 	EXP 	Triplet1: autoDraw = False
44.8593 	EXP 	Sound sound_pop2 started
44.8593 	EXP 	Triplet2: autoDraw = True
45.2252 	EXP 	Sound sound_pop2 reached end of file
46.3589 	EXP 	Triplet2: autoDraw = False
46.8587 	EXP 	Sound sound_pop3 started
46.8587 	EXP 	Triplet3: autoDraw = True
47.2243 	EXP 	Sound sound_pop3 reached end of file
48.3583 	EXP 	Triplet3: autoDraw = False
48.3583 	EXP 	Triplet1: autoDraw = False
48.3583 	EXP 	Triplet2: autoDraw = False
48.3583 	EXP 	Triplet3: autoDraw = False
48.3583 	EXP 	Mask: autoDraw = True
49.9078 	EXP 	Sound sound_pop4 started
49.8968 	EXP 	Mask: autoDraw = False
49.8968 	EXP 	Mask: autoDraw = False
49.8968 	EXP 	img1: image = 'images/OBJ_80.png'
49.8968 	EXP 	img2: image = 'images/OBJ_209.png'
49.8968 	EXP 	img3: image = 'images/OBJ_20.png'
49.8968 	EXP 	img1: autoDraw = True
50.2752 	EXP 	Sound sound_pop4 reached end of file
51.4074 	EXP 	img1: autoDraw = False
51.8906 	EXP 	Sound sound_pop5 started
51.8906 	EXP 	img2: autoDraw = True
52.2540 	EXP 	Sound sound_pop5 reached end of file
53.3902 	EXP 	img2: autoDraw = False
53.8905 	EXP 	Sound sound_pop6 started
53.8905 	EXP 	img3: autoDraw = True
54.2551 	EXP 	Sound sound_pop6 reached end of file
55.3896 	EXP 	img3: autoDraw = False
55.3896 	EXP 	img1: autoDraw = False
55.3896 	EXP 	img2: autoDraw = False
55.3896 	EXP 	img3: autoDraw = False
55.3896 	EXP 	text_2: autoDraw = True
56.3893 	EXP 	text_2: autoDraw = False
56.3893 	EXP 	text_2: autoDraw = False
56.3893 	EXP 	sameText: text = 'Same'
56.3893 	EXP 	diffText: text = 'Different'
56.3893 	EXP 	text: autoDraw = True
56.3893 	EXP 	sameText: autoDraw = True
56.3893 	EXP 	diffText: autoDraw = True
56.3893 	EXP 	leftCL: autoDraw = True
56.3893 	EXP 	rightCL: autoDraw = True
56.7227 	DATA 	Mouse: Left button down, pos=(357,224)
56.7392 	EXP 	Sound clickedSound started
56.7392 	EXP 	text: autoDraw = False
56.7392 	EXP 	sameText: autoDraw = False
56.7392 	EXP 	diffText: autoDraw = False
56.7392 	EXP 	leftCL: autoDraw = False
56.7392 	EXP 	rightCL: autoDraw = False
56.8901 	DATA 	Mouse:  Left button up, pos=(357,224)
57.2448 	EXP 	Sound clickedSound stopped
57.2451 	EXP 	New trial (rep=3, index=0): None
57.5555 	EXP 	Sound sound_pop started
57.5467 	EXP 	Triplet1: image = 'images/OBJ_35.png'
57.5467 	EXP 	Triplet2: image = 'images/OBJ_194.png'
57.5467 	EXP 	Triplet3: image = 'images/OBJ_166.png'
57.5467 	EXP 	Triplet1: autoDraw = True
57.9254 	EXP 	Sound sound_pop reached end of file
59.0552 	EXP 	Triplet1: autoDraw = False
59.5383 	EXP 	Sound sound_pop2 started
59.5383 	EXP 	Triplet2: autoDraw = True
59.8969 	EXP 	Sound sound_pop2 reached end of file
61.0379 	EXP 	Triplet2: autoDraw = False
61.5378 	EXP 	Sound sound_pop3 started
61.5377 	EXP 	Triplet3: autoDraw = True
61.9054 	EXP 	Sound sound_pop3 reached end of file
63.0378 	EXP 	Triplet3: autoDraw = False
63.0378 	EXP 	Triplet1: autoDraw = False
63.0378 	EXP 	Triplet2: autoDraw = False
63.0378 	EXP 	Triplet3: autoDraw = False
63.0378 	EXP 	Mask: autoDraw = True
64.5873 	EXP 	Sound sound_pop4 started
64.5796 	EXP 	Mask: autoDraw = False
64.5796 	EXP 	Mask: autoDraw = False
64.5796 	EXP 	img1: image = 'images/OBJ_35.png'
64.5796 	EXP 	img2: image = 'images/OBJ_194.png'
64.5796 	EXP 	img3: image = 'images/OBJ_166.png'
64.5796 	EXP 	img1: autoDraw = True
64.9540 	EXP 	Sound sound_pop4 reached end of file
66.0864 	EXP 	img1: autoDraw = False
66.5697 	EXP 	Sound sound_pop5 started
66.5701 	EXP 	img2: autoDraw = True
66.9301 	EXP 	Sound sound_pop5 reached end of file
68.0692 	EXP 	img2: autoDraw = False
68.5690 	EXP 	Sound sound_pop6 started
68.5690 	EXP 	img3: autoDraw = True
68.9294 	EXP 	Sound sound_pop6 reached end of file
70.0692 	EXP 	img3: autoDraw = False
70.0692 	EXP 	img1: autoDraw = False
70.0692 	EXP 	img2: autoDraw = False
70.0692 	EXP 	img3: autoDraw = False
70.0692 	EXP 	text_2: autoDraw = True
71.0683 	EXP 	text_2: autoDraw = False
71.0683 	EXP 	text_2: autoDraw = False
71.0683 	EXP 	sameText: text = 'Same'
71.0683 	EXP 	diffText: text = 'Different'
71.0683 	EXP 	text: autoDraw = True
71.0683 	EXP 	sameText: autoDraw = True
71.0683 	EXP 	diffText: autoDraw = True
71.0683 	EXP 	leftCL: autoDraw = True
71.0683 	EXP 	rightCL: autoDraw = True
71.3698 	DATA 	Mouse: Left button down, pos=(417,201)
71.4016 	EXP 	Sound clickedSound started
71.4016 	EXP 	text: autoDraw = False
71.4016 	EXP 	sameText: autoDraw = False
71.4016 	EXP 	diffText: autoDraw = False
71.4016 	EXP 	leftCL: autoDraw = False
71.4016 	EXP 	rightCL: autoDraw = False
71.5352 	DATA 	Mouse:  Left button up, pos=(417,201)
71.9055 	EXP 	Sound clickedSound stopped
71.9057 	EXP 	New trial (rep=4, index=0): None
72.2012 	EXP 	Sound sound_pop started
72.1958 	EXP 	Triplet1: image = 'images/OBJ_105.png'
72.1958 	EXP 	Triplet2: image = 'images/OBJ_15.png'
72.1958 	EXP 	Triplet3: image = 'images/OBJ_136.png'
72.1958 	EXP 	Triplet1: autoDraw = True
72.5757 	EXP 	Sound sound_pop reached end of file
73.7014 	EXP 	Triplet1: autoDraw = False
74.1841 	EXP 	Sound sound_pop2 started
74.1846 	EXP 	Triplet2: autoDraw = True
74.5545 	EXP 	Sound sound_pop2 reached end of file
75.6836 	EXP 	Triplet2: autoDraw = False
76.1840 	EXP 	Sound sound_pop3 started
76.1840 	EXP 	Triplet3: autoDraw = True
76.5455 	EXP 	Sound sound_pop3 reached end of file
77.6830 	EXP 	Triplet3: autoDraw = False
77.6830 	EXP 	Triplet1: autoDraw = False
77.6830 	EXP 	Triplet2: autoDraw = False
77.6830 	EXP 	Triplet3: autoDraw = False
77.6830 	EXP 	Mask: autoDraw = True
79.2325 	EXP 	Sound sound_pop4 started
79.2272 	EXP 	Mask: autoDraw = False
79.2272 	EXP 	Mask: autoDraw = False
79.2272 	EXP 	img1: image = 'images/OBJ_105.png'
79.2272 	EXP 	img2: image = 'images/OBJ_15.png'
79.2272 	EXP 	img3: image = 'images/OBJ_136.png'
79.2272 	EXP 	img1: autoDraw = True
79.6045 	EXP 	Sound sound_pop4 reached end of file
80.7327 	EXP 	img1: autoDraw = False
81.2159 	EXP 	Sound sound_pop5 started
81.2154 	EXP 	img2: autoDraw = True
81.5764 	EXP 	Sound sound_pop5 reached end of file
82.7149 	EXP 	img2: autoDraw = False
83.2147 	EXP 	Sound sound_pop6 started
83.2153 	EXP 	img3: autoDraw = True
83.5763 	EXP 	Sound sound_pop6 reached end of file
84.7143 	EXP 	img3: autoDraw = False
84.7143 	EXP 	img1: autoDraw = False
84.7143 	EXP 	img2: autoDraw = False
84.7143 	EXP 	img3: autoDraw = False
84.7143 	EXP 	text_2: autoDraw = True
85.7141 	EXP 	text_2: autoDraw = False
85.7141 	EXP 	text_2: autoDraw = False
85.7141 	EXP 	sameText: text = 'Same'
85.7141 	EXP 	diffText: text = 'Different'
85.7141 	EXP 	text: autoDraw = True
85.7141 	EXP 	sameText: autoDraw = True
85.7141 	EXP 	diffText: autoDraw = True
85.7141 	EXP 	leftCL: autoDraw = True
85.7141 	EXP 	rightCL: autoDraw = True
86.0641 	DATA 	Mouse: Left button down, pos=(417,201)
86.0806 	EXP 	Sound clickedSound started
86.0807 	EXP 	text: autoDraw = False
86.0807 	EXP 	sameText: autoDraw = False
86.0807 	EXP 	diffText: autoDraw = False
86.0807 	EXP 	leftCL: autoDraw = False
86.0807 	EXP 	rightCL: autoDraw = False
86.2142 	DATA 	Mouse:  Left button up, pos=(417,201)
86.5863 	EXP 	Sound clickedSound stopped
86.5868 	EXP 	Created sequence: random, trialTypes=1, nReps=6, seed=None
86.5869 	EXP 	New trial (rep=0, index=0): None
86.8641 	EXP 	Sound sound_pop7 started
86.8630 	EXP 	retIMG: image = 'images/OBJ_40.png'
86.8630 	EXP 	retIMG: autoDraw = True
87.2364 	EXP 	Sound sound_pop7 reached end of file
88.3633 	EXP 	retIMG: autoDraw = False
88.3633 	EXP 	retIMG: autoDraw = False
88.3633 	EXP 	question_text: autoDraw = True
89.3630 	EXP 	question_text: autoDraw = False
89.3630 	EXP 	question_text: autoDraw = False
89.3630 	EXP 	decisionQ_2: autoDraw = True
89.3630 	EXP 	first_left: autoDraw = True
89.3630 	EXP 	second_middle: autoDraw = True
89.3630 	EXP 	third_right: autoDraw = True
89.3630 	EXP 	First: autoDraw = True
89.3630 	EXP 	Second: autoDraw = True
89.3630 	EXP 	Third: autoDraw = True
89.9797 	DATA 	Mouse: Left button down, pos=(673,435)
89.9961 	EXP 	Sound clickedSound started
89.9962 	EXP 	decisionQ_2: autoDraw = False
89.9962 	EXP 	first_left: autoDraw = False
89.9962 	EXP 	second_middle: autoDraw = False
89.9962 	EXP 	third_right: autoDraw = False
89.9962 	EXP 	First: autoDraw = False
89.9962 	EXP 	Second: autoDraw = False
89.9962 	EXP 	Third: autoDraw = False
90.0970 	DATA 	Mouse:  Left button up, pos=(673,435)
90.5052 	EXP 	Sound clickedSound stopped
90.5056 	EXP 	New trial (rep=1, index=0): None
90.7463 	EXP 	Sound sound_pop7 started
90.7493 	EXP 	retIMG: image = 'images/OBJ_166.png'
90.7493 	EXP 	retIMG: autoDraw = True
91.1267 	EXP 	Sound sound_pop7 reached end of file
92.2621 	EXP 	retIMG: autoDraw = False
92.2621 	EXP 	retIMG: autoDraw = False
92.2621 	EXP 	question_text: autoDraw = True
93.2618 	EXP 	question_text: autoDraw = False
93.2618 	EXP 	question_text: autoDraw = False
93.2618 	EXP 	decisionQ_2: autoDraw = True
93.2618 	EXP 	first_left: autoDraw = True
93.2618 	EXP 	second_middle: autoDraw = True
93.2618 	EXP 	third_right: autoDraw = True
93.2618 	EXP 	First: autoDraw = True
93.2618 	EXP 	Second: autoDraw = True
93.2618 	EXP 	Third: autoDraw = True
95.9612 	DATA 	Mouse: Left button down, pos=(705,163)
95.9777 	EXP 	Sound clickedSound started
95.9777 	EXP 	decisionQ_2: autoDraw = False
95.9777 	EXP 	first_left: autoDraw = False
95.9777 	EXP 	second_middle: autoDraw = False
95.9777 	EXP 	third_right: autoDraw = False
95.9777 	EXP 	First: autoDraw = False
95.9777 	EXP 	Second: autoDraw = False
95.9777 	EXP 	Third: autoDraw = False
96.1280 	DATA 	Mouse:  Left button up, pos=(705,163)
96.4763 	EXP 	Sound clickedSound stopped
96.4765 	EXP 	New trial (rep=2, index=0): None
96.7274 	EXP 	Sound sound_pop7 started
96.7250 	EXP 	retIMG: image = 'images/OBJ_47.png'
96.7250 	EXP 	retIMG: autoDraw = True
97.1058 	EXP 	Sound sound_pop7 reached end of file
98.2275 	EXP 	retIMG: autoDraw = False
98.2275 	EXP 	retIMG: autoDraw = False
98.2275 	EXP 	question_text: autoDraw = True
99.2267 	EXP 	question_text: autoDraw = False
99.2267 	EXP 	question_text: autoDraw = False
99.2267 	EXP 	decisionQ_2: autoDraw = True
99.2267 	EXP 	first_left: autoDraw = True
99.2267 	EXP 	second_middle: autoDraw = True
99.2267 	EXP 	third_right: autoDraw = True
99.2267 	EXP 	First: autoDraw = True
99.2267 	EXP 	Second: autoDraw = True
99.2267 	EXP 	Third: autoDraw = True
99.5269 	DATA 	Mouse: Left button down, pos=(648,360)
99.5433 	EXP 	Sound clickedSound started
99.5434 	EXP 	decisionQ_2: autoDraw = False
99.5434 	EXP 	first_left: autoDraw = False
99.5434 	EXP 	second_middle: autoDraw = False
99.5434 	EXP 	third_right: autoDraw = False
99.5434 	EXP 	First: autoDraw = False
99.5434 	EXP 	Second: autoDraw = False
99.5434 	EXP 	Third: autoDraw = False
99.6775 	DATA 	Mouse:  Left button up, pos=(648,360)
100.0466 	EXP 	Sound clickedSound stopped
100.0469 	EXP 	New trial (rep=3, index=0): None
100.2936 	EXP 	Sound sound_pop7 started
100.2966 	EXP 	retIMG: image = 'images/OBJ_15.png'
100.2966 	EXP 	retIMG: autoDraw = True
100.6661 	EXP 	Sound sound_pop7 reached end of file
101.8094 	EXP 	retIMG: autoDraw = False
101.8094 	EXP 	retIMG: autoDraw = False
101.8094 	EXP 	question_text: autoDraw = True
102.8092 	EXP 	question_text: autoDraw = False
102.8092 	EXP 	question_text: autoDraw = False
102.8092 	EXP 	decisionQ_2: autoDraw = True
102.8092 	EXP 	first_left: autoDraw = True
102.8092 	EXP 	second_middle: autoDraw = True
102.8092 	EXP 	third_right: autoDraw = True
102.8092 	EXP 	First: autoDraw = True
102.8092 	EXP 	Second: autoDraw = True
102.8092 	EXP 	Third: autoDraw = True
103.3091 	DATA 	Mouse: Left button down, pos=(648,248)
103.3256 	EXP 	Sound clickedSound started
103.3256 	EXP 	decisionQ_2: autoDraw = False
103.3256 	EXP 	first_left: autoDraw = False
103.3256 	EXP 	second_middle: autoDraw = False
103.3256 	EXP 	third_right: autoDraw = False
103.3256 	EXP 	First: autoDraw = False
103.3256 	EXP 	Second: autoDraw = False
103.3256 	EXP 	Third: autoDraw = False
103.4931 	DATA 	Mouse:  Left button up, pos=(648,248)
103.8269 	EXP 	Sound clickedSound stopped
103.8272 	EXP 	New trial (rep=4, index=0): None
104.0754 	EXP 	Sound sound_pop7 started
104.0728 	EXP 	retIMG: image = 'images/OBJ_165.png'
104.0728 	EXP 	retIMG: autoDraw = True
104.4462 	EXP 	Sound sound_pop7 reached end of file
105.5750 	EXP 	retIMG: autoDraw = False
105.5750 	EXP 	retIMG: autoDraw = False
105.5750 	EXP 	question_text: autoDraw = True
106.5746 	EXP 	question_text: autoDraw = False
106.5746 	EXP 	question_text: autoDraw = False
106.5746 	EXP 	decisionQ_2: autoDraw = True
106.5746 	EXP 	first_left: autoDraw = True
106.5746 	EXP 	second_middle: autoDraw = True
106.5746 	EXP 	third_right: autoDraw = True
106.5746 	EXP 	First: autoDraw = True
106.5746 	EXP 	Second: autoDraw = True
106.5746 	EXP 	Third: autoDraw = True
106.9247 	DATA 	Mouse: Left button down, pos=(648,250)
106.9412 	EXP 	Sound clickedSound started
106.9411 	EXP 	decisionQ_2: autoDraw = False
106.9411 	EXP 	first_left: autoDraw = False
106.9411 	EXP 	second_middle: autoDraw = False
106.9411 	EXP 	third_right: autoDraw = False
106.9411 	EXP 	First: autoDraw = False
106.9411 	EXP 	Second: autoDraw = False
106.9411 	EXP 	Third: autoDraw = False
107.0582 	DATA 	Mouse:  Left button up, pos=(648,250)
107.4463 	EXP 	Sound clickedSound stopped
107.4465 	EXP 	New trial (rep=5, index=0): None
107.6914 	EXP 	Sound sound_pop7 started
107.6929 	EXP 	retIMG: image = 'images/OBJ_161.png'
107.6929 	EXP 	retIMG: autoDraw = True
108.0656 	EXP 	Sound sound_pop7 reached end of file
109.2071 	EXP 	retIMG: autoDraw = False
109.2071 	EXP 	retIMG: autoDraw = False
109.2071 	EXP 	question_text: autoDraw = True
110.2074 	EXP 	question_text: autoDraw = False
110.2074 	EXP 	question_text: autoDraw = False
110.2074 	EXP 	decisionQ_2: autoDraw = True
110.2074 	EXP 	first_left: autoDraw = True
110.2074 	EXP 	second_middle: autoDraw = True
110.2074 	EXP 	third_right: autoDraw = True
110.2074 	EXP 	First: autoDraw = True
110.2074 	EXP 	Second: autoDraw = True
110.2074 	EXP 	Third: autoDraw = True
111.1735 	DATA 	Mouse: Left button down, pos=(650,616)
111.1899 	EXP 	Sound clickedSound started
111.1905 	EXP 	decisionQ_2: autoDraw = False
111.1905 	EXP 	first_left: autoDraw = False
111.1905 	EXP 	second_middle: autoDraw = False
111.1905 	EXP 	third_right: autoDraw = False
111.1905 	EXP 	First: autoDraw = False
111.1905 	EXP 	Second: autoDraw = False
111.1905 	EXP 	Third: autoDraw = False
111.3235 	DATA 	Mouse:  Left button up, pos=(650,616)
111.6872 	EXP 	Sound clickedSound stopped
111.6903 	EXP 	BlockBreak: autoDraw = True
115.1399 	DATA 	Keypress: escape
117.6283 	EXP 	window1: mouseVisible = True
117.6283 	EXP 	window1: mouseVisible = True
117.6284 	EXP 	window1: mouseVisible = True
117.6284 	EXP 	window1: mouseVisible = True
117.6284 	EXP 	window1: mouseVisible = True
117.6285 	EXP 	window1: mouseVisible = True
117.6285 	EXP 	window1: mouseVisible = True
117.6285 	EXP 	window1: mouseVisible = True
117.6286 	EXP 	window1: mouseVisible = True
117.6286 	EXP 	window1: mouseVisible = True
117.6286 	EXP 	window1: mouseVisible = True
117.6287 	EXP 	window1: mouseVisible = True
117.6287 	EXP 	window1: mouseVisible = True
117.6287 	EXP 	window1: mouseVisible = True
117.6288 	EXP 	window1: mouseVisible = True
117.6288 	EXP 	window1: mouseVisible = True
117.6288 	EXP 	window1: mouseVisible = True
117.6288 	EXP 	window1: mouseVisible = True
117.6289 	EXP 	window1: mouseVisible = True
117.6289 	EXP 	window1: mouseVisible = True
117.6289 	EXP 	window1: mouseVisible = True
117.6290 	EXP 	window1: mouseVisible = True
117.6290 	EXP 	window1: mouseVisible = True
117.6290 	EXP 	window1: mouseVisible = True
117.6291 	EXP 	window1: mouseVisible = True
117.6291 	EXP 	window1: mouseVisible = True
117.6291 	EXP 	window1: mouseVisible = True
117.6291 	EXP 	window1: mouseVisible = True
117.6292 	EXP 	window1: mouseVisible = True
117.6292 	EXP 	window1: mouseVisible = True
117.6292 	EXP 	window1: mouseVisible = True
117.6293 	EXP 	window1: mouseVisible = True
117.6293 	EXP 	window1: mouseVisible = True
117.6293 	EXP 	window1: mouseVisible = True
117.6293 	EXP 	window1: mouseVisible = True
117.6294 	EXP 	window1: mouseVisible = True
117.6294 	EXP 	window1: mouseVisible = True
117.6294 	EXP 	window1: mouseVisible = True
117.6295 	EXP 	window1: mouseVisible = True
117.6295 	EXP 	window1: mouseVisible = True
117.6295 	EXP 	window1: mouseVisible = True
117.6296 	EXP 	window1: mouseVisible = True
117.6296 	EXP 	window1: mouseVisible = True
117.6296 	EXP 	window1: mouseVisible = True
117.6296 	EXP 	window1: mouseVisible = True
117.6297 	EXP 	window1: mouseVisible = True
117.6297 	EXP 	window1: mouseVisible = True
117.6297 	EXP 	window1: mouseVisible = True
117.6298 	EXP 	window1: mouseVisible = True
117.6298 	EXP 	window1: mouseVisible = True
117.6298 	EXP 	window1: mouseVisible = True
117.6298 	EXP 	window1: mouseVisible = True
117.6299 	EXP 	window1: mouseVisible = True
117.6299 	EXP 	window1: mouseVisible = True
117.6299 	EXP 	window1: mouseVisible = True
117.6300 	EXP 	window1: mouseVisible = True
117.6300 	EXP 	window1: mouseVisible = True
117.6300 	EXP 	window1: mouseVisible = True
117.6301 	EXP 	window1: mouseVisible = True
117.6301 	EXP 	window1: mouseVisible = True
117.6302 	EXP 	window1: mouseVisible = True
117.6302 	EXP 	window1: mouseVisible = True
117.6302 	EXP 	window1: mouseVisible = True
117.6303 	EXP 	window1: mouseVisible = True
117.6303 	EXP 	window1: mouseVisible = True
117.6303 	EXP 	window1: mouseVisible = True
117.6304 	EXP 	window1: mouseVisible = True
117.6304 	EXP 	window1: mouseVisible = True
117.6304 	EXP 	window1: mouseVisible = True
117.6304 	EXP 	window1: mouseVisible = True
117.6305 	EXP 	window1: mouseVisible = True
117.6305 	EXP 	window1: mouseVisible = True
117.6305 	EXP 	window1: mouseVisible = True
117.6306 	EXP 	window1: mouseVisible = True
117.6306 	EXP 	window1: mouseVisible = True
117.6306 	EXP 	window1: mouseVisible = True
117.6306 	EXP 	window1: mouseVisible = True
117.6307 	EXP 	window1: mouseVisible = True
117.6307 	EXP 	window1: mouseVisible = True
117.6307 	EXP 	window1: mouseVisible = True
117.6308 	EXP 	window1: mouseVisible = True
117.6308 	EXP 	window1: mouseVisible = True
117.6308 	EXP 	window1: mouseVisible = True
117.6308 	EXP 	window1: mouseVisible = True
117.6309 	EXP 	window1: mouseVisible = True
117.6309 	EXP 	window1: mouseVisible = True
117.6309 	EXP 	window1: mouseVisible = True
117.6310 	EXP 	window1: mouseVisible = True
117.6310 	EXP 	window1: mouseVisible = True
117.6310 	EXP 	window1: mouseVisible = True
117.6311 	EXP 	window1: mouseVisible = True
117.6311 	EXP 	window1: mouseVisible = True
117.6311 	EXP 	window1: mouseVisible = True
117.6311 	EXP 	window1: mouseVisible = True
117.6312 	EXP 	window1: mouseVisible = True
117.6312 	EXP 	window1: mouseVisible = True
117.6312 	EXP 	window1: mouseVisible = True
117.6313 	EXP 	window1: mouseVisible = True
117.6313 	EXP 	window1: mouseVisible = True
117.6313 	EXP 	window1: mouseVisible = True
117.6313 	EXP 	window1: mouseVisible = True
117.6314 	EXP 	window1: mouseVisible = True
117.6314 	EXP 	window1: mouseVisible = True
117.6314 	EXP 	window1: mouseVisible = True
117.6315 	EXP 	window1: mouseVisible = True
117.6315 	EXP 	window1: mouseVisible = True
117.6315 	EXP 	window1: mouseVisible = True
117.6315 	EXP 	window1: mouseVisible = True
117.6316 	EXP 	window1: mouseVisible = True
117.6316 	EXP 	window1: mouseVisible = True
117.6316 	EXP 	window1: mouseVisible = True
117.6317 	EXP 	window1: mouseVisible = True
117.6317 	EXP 	window1: mouseVisible = True
117.6317 	EXP 	window1: mouseVisible = True
117.6317 	EXP 	window1: mouseVisible = True
117.6318 	EXP 	window1: mouseVisible = True
117.6318 	EXP 	window1: mouseVisible = True
117.6318 	EXP 	window1: mouseVisible = True
117.6319 	EXP 	window1: mouseVisible = True
117.6319 	EXP 	window1: mouseVisible = True
117.6319 	EXP 	window1: mouseVisible = True
117.6320 	EXP 	window1: mouseVisible = True
117.6320 	EXP 	window1: mouseVisible = True
117.6320 	EXP 	window1: mouseVisible = True
117.6320 	EXP 	window1: mouseVisible = True
117.6321 	EXP 	window1: mouseVisible = True
117.6321 	EXP 	window1: mouseVisible = True
117.6321 	EXP 	window1: mouseVisible = True
117.6322 	EXP 	window1: mouseVisible = True
117.6322 	EXP 	window1: mouseVisible = True
117.6322 	EXP 	window1: mouseVisible = True
117.6322 	EXP 	window1: mouseVisible = True
117.6323 	EXP 	window1: mouseVisible = True
117.6323 	EXP 	window1: mouseVisible = True
117.6323 	EXP 	window1: mouseVisible = True
117.6324 	EXP 	window1: mouseVisible = True
117.6324 	EXP 	window1: mouseVisible = True
117.6324 	EXP 	window1: mouseVisible = True
117.6324 	EXP 	window1: mouseVisible = True
117.6325 	EXP 	window1: mouseVisible = True
117.6325 	EXP 	window1: mouseVisible = True
117.6325 	EXP 	window1: mouseVisible = True
117.6326 	EXP 	window1: mouseVisible = True
117.6326 	EXP 	window1: mouseVisible = True
117.6326 	EXP 	window1: mouseVisible = True
117.6326 	EXP 	window1: mouseVisible = True
117.6327 	EXP 	window1: mouseVisible = True
117.6327 	EXP 	window1: mouseVisible = True
117.6327 	EXP 	window1: mouseVisible = True
117.6328 	EXP 	window1: mouseVisible = True
117.6328 	EXP 	window1: mouseVisible = True
117.6328 	EXP 	window1: mouseVisible = True
117.6328 	EXP 	window1: mouseVisible = True
117.6329 	EXP 	window1: mouseVisible = True
117.6329 	EXP 	window1: mouseVisible = True
117.6329 	EXP 	window1: mouseVisible = True
117.6330 	EXP 	window1: mouseVisible = True
117.6330 	EXP 	window1: mouseVisible = True
117.6330 	EXP 	window1: mouseVisible = True
117.6330 	EXP 	window1: mouseVisible = True
117.6331 	EXP 	window1: mouseVisible = True
117.6331 	EXP 	window1: mouseVisible = True
117.6331 	EXP 	window1: mouseVisible = True
117.6332 	EXP 	window1: mouseVisible = True
117.6332 	EXP 	window1: mouseVisible = True
117.6332 	EXP 	window1: mouseVisible = True
117.6333 	EXP 	window1: mouseVisible = True
117.6333 	EXP 	window1: mouseVisible = True
117.6333 	EXP 	window1: mouseVisible = True
117.6333 	EXP 	window1: mouseVisible = True
117.6334 	EXP 	window1: mouseVisible = True
117.6334 	EXP 	window1: mouseVisible = True
117.6334 	EXP 	window1: mouseVisible = True
117.6335 	EXP 	window1: mouseVisible = True
117.6335 	EXP 	window1: mouseVisible = True
117.6335 	EXP 	window1: mouseVisible = True
117.6335 	EXP 	window1: mouseVisible = True
117.6336 	EXP 	window1: mouseVisible = True
117.6336 	EXP 	window1: mouseVisible = True
117.6336 	EXP 	window1: mouseVisible = True
117.6337 	EXP 	window1: mouseVisible = True
117.6337 	EXP 	window1: mouseVisible = True
117.6337 	EXP 	window1: mouseVisible = True
117.6337 	EXP 	window1: mouseVisible = True
117.6338 	EXP 	window1: mouseVisible = True
117.6338 	EXP 	window1: mouseVisible = True
117.6338 	EXP 	window1: mouseVisible = True
117.6339 	EXP 	window1: mouseVisible = True
117.6339 	EXP 	window1: mouseVisible = True
117.6339 	EXP 	window1: mouseVisible = True
117.6339 	EXP 	window1: mouseVisible = True
117.6340 	EXP 	window1: mouseVisible = True
117.6340 	EXP 	window1: mouseVisible = True
117.6340 	EXP 	window1: mouseVisible = True
117.6341 	EXP 	window1: mouseVisible = True
117.6341 	EXP 	window1: mouseVisible = True
117.6341 	EXP 	window1: mouseVisible = True
117.6341 	EXP 	window1: mouseVisible = True
117.6342 	EXP 	window1: mouseVisible = True
117.6342 	EXP 	window1: mouseVisible = True
117.6342 	EXP 	window1: mouseVisible = True
117.6343 	EXP 	window1: mouseVisible = True
117.6343 	EXP 	window1: mouseVisible = True
117.6343 	EXP 	window1: mouseVisible = True
117.6343 	EXP 	window1: mouseVisible = True
117.6344 	EXP 	window1: mouseVisible = True
117.6344 	EXP 	window1: mouseVisible = True
117.6344 	EXP 	window1: mouseVisible = True
117.6345 	EXP 	window1: mouseVisible = True
117.6345 	EXP 	window1: mouseVisible = True
117.6345 	EXP 	window1: mouseVisible = True
117.6345 	EXP 	window1: mouseVisible = True
117.6346 	EXP 	window1: mouseVisible = True
117.6346 	EXP 	window1: mouseVisible = True
117.6350 	EXP 	window1: mouseVisible = True
117.6350 	EXP 	window1: mouseVisible = True
117.6351 	EXP 	window1: mouseVisible = True
117.6351 	EXP 	window1: mouseVisible = True
117.6351 	EXP 	window1: mouseVisible = True
117.6352 	EXP 	window1: mouseVisible = True
117.6352 	EXP 	window1: mouseVisible = True
117.6352 	EXP 	window1: mouseVisible = True
117.6353 	EXP 	window1: mouseVisible = True
117.6353 	EXP 	window1: mouseVisible = True
117.6353 	EXP 	window1: mouseVisible = True
117.6354 	EXP 	window1: mouseVisible = True
117.6354 	EXP 	window1: mouseVisible = True
117.6354 	EXP 	window1: mouseVisible = True
117.6355 	EXP 	window1: mouseVisible = True
117.6355 	EXP 	window1: mouseVisible = True
117.6355 	EXP 	window1: mouseVisible = True
117.6355 	EXP 	window1: mouseVisible = True
117.6356 	EXP 	window1: mouseVisible = True
117.6356 	EXP 	window1: mouseVisible = True
117.6356 	EXP 	window1: mouseVisible = True
117.6357 	EXP 	window1: mouseVisible = True
117.6357 	EXP 	window1: mouseVisible = True
117.6357 	EXP 	window1: mouseVisible = True
117.6358 	EXP 	window1: mouseVisible = True
117.6358 	EXP 	window1: mouseVisible = True
117.6358 	EXP 	window1: mouseVisible = True
117.6359 	EXP 	window1: mouseVisible = True
117.6359 	EXP 	window1: mouseVisible = True
117.6359 	EXP 	window1: mouseVisible = True
117.6360 	EXP 	window1: mouseVisible = True
117.6360 	EXP 	window1: mouseVisible = True
117.6360 	EXP 	window1: mouseVisible = True
117.6361 	EXP 	window1: mouseVisible = True
117.6361 	EXP 	window1: mouseVisible = True
117.6361 	EXP 	window1: mouseVisible = True
117.6361 	EXP 	window1: mouseVisible = True
117.6362 	EXP 	window1: mouseVisible = True
117.6362 	EXP 	window1: mouseVisible = True
117.6362 	EXP 	window1: mouseVisible = True
117.6363 	EXP 	window1: mouseVisible = True
117.6363 	EXP 	window1: mouseVisible = True
117.6363 	EXP 	window1: mouseVisible = True
117.6364 	EXP 	window1: mouseVisible = True
117.6364 	EXP 	window1: mouseVisible = True
117.6364 	EXP 	window1: mouseVisible = True
117.6364 	EXP 	window1: mouseVisible = True
117.6365 	EXP 	window1: mouseVisible = True
117.6365 	EXP 	window1: mouseVisible = True
117.6365 	EXP 	window1: mouseVisible = True
117.6366 	EXP 	window1: mouseVisible = True
117.6366 	EXP 	window1: mouseVisible = True
117.6366 	EXP 	window1: mouseVisible = True
117.6367 	EXP 	window1: mouseVisible = True
117.6367 	EXP 	window1: mouseVisible = True
117.6367 	EXP 	window1: mouseVisible = True
117.6367 	EXP 	window1: mouseVisible = True
117.6368 	EXP 	window1: mouseVisible = True
117.6368 	EXP 	window1: mouseVisible = True
117.6368 	EXP 	window1: mouseVisible = True
117.6369 	EXP 	window1: mouseVisible = True
117.6369 	EXP 	window1: mouseVisible = True
117.6369 	EXP 	window1: mouseVisible = True
117.6370 	EXP 	window1: mouseVisible = True
117.6370 	EXP 	window1: mouseVisible = True
117.6370 	EXP 	window1: mouseVisible = True
117.6370 	EXP 	window1: mouseVisible = True
117.6371 	EXP 	window1: mouseVisible = True
117.6371 	EXP 	window1: mouseVisible = True
117.6371 	EXP 	window1: mouseVisible = True
117.6372 	EXP 	window1: mouseVisible = True
117.6372 	EXP 	window1: mouseVisible = True
117.6372 	EXP 	window1: mouseVisible = True
117.6373 	EXP 	window1: mouseVisible = True
117.6373 	EXP 	window1: mouseVisible = True
117.6373 	EXP 	window1: mouseVisible = True
117.6373 	EXP 	window1: mouseVisible = True
117.6374 	EXP 	window1: mouseVisible = True
117.6374 	EXP 	window1: mouseVisible = True
117.6374 	EXP 	window1: mouseVisible = True
117.6375 	EXP 	window1: mouseVisible = True
117.6375 	EXP 	window1: mouseVisible = True
117.6375 	EXP 	window1: mouseVisible = True
117.6376 	EXP 	window1: mouseVisible = True
117.6376 	EXP 	window1: mouseVisible = True
117.6376 	EXP 	window1: mouseVisible = True
117.6376 	EXP 	window1: mouseVisible = True
117.6377 	EXP 	window1: mouseVisible = True
117.6377 	EXP 	window1: mouseVisible = True
117.6377 	EXP 	window1: mouseVisible = True
117.6378 	EXP 	window1: mouseVisible = True
117.6378 	EXP 	window1: mouseVisible = True
117.6378 	EXP 	window1: mouseVisible = True
117.6379 	EXP 	window1: mouseVisible = True
117.6379 	EXP 	window1: mouseVisible = True
117.6379 	EXP 	window1: mouseVisible = True
117.6379 	EXP 	window1: mouseVisible = True
117.6380 	EXP 	window1: mouseVisible = True
117.6380 	EXP 	window1: mouseVisible = True
117.6380 	EXP 	window1: mouseVisible = True
117.6381 	EXP 	window1: mouseVisible = True
117.6381 	EXP 	window1: mouseVisible = True
117.6381 	EXP 	window1: mouseVisible = True
117.6382 	EXP 	window1: mouseVisible = True
117.6382 	EXP 	window1: mouseVisible = True
117.6382 	EXP 	window1: mouseVisible = True
117.6382 	EXP 	window1: mouseVisible = True
117.6383 	EXP 	window1: mouseVisible = True
117.6383 	EXP 	window1: mouseVisible = True
117.6383 	EXP 	window1: mouseVisible = True
117.6384 	EXP 	window1: mouseVisible = True
117.6384 	EXP 	window1: mouseVisible = True
117.6384 	EXP 	window1: mouseVisible = True
117.6385 	EXP 	window1: mouseVisible = True
117.6385 	EXP 	window1: mouseVisible = True
117.6385 	EXP 	window1: mouseVisible = True
117.6385 	EXP 	window1: mouseVisible = True
117.6386 	EXP 	window1: mouseVisible = True
117.6386 	EXP 	window1: mouseVisible = True
117.6386 	EXP 	window1: mouseVisible = True
117.6387 	EXP 	window1: mouseVisible = True
117.6387 	EXP 	window1: mouseVisible = True
117.6387 	EXP 	window1: mouseVisible = True
117.6387 	EXP 	window1: mouseVisible = True
117.6388 	EXP 	window1: mouseVisible = True
117.6388 	EXP 	window1: mouseVisible = True
117.6388 	EXP 	window1: mouseVisible = True
117.6389 	EXP 	window1: mouseVisible = True
117.6389 	EXP 	window1: mouseVisible = True
117.6389 	EXP 	window1: mouseVisible = True
117.6390 	EXP 	window1: mouseVisible = True
117.6390 	EXP 	window1: mouseVisible = True
117.6390 	EXP 	window1: mouseVisible = True
117.6390 	EXP 	window1: mouseVisible = True
117.6391 	EXP 	window1: mouseVisible = True
117.6391 	EXP 	window1: mouseVisible = True
117.6391 	EXP 	window1: mouseVisible = True
117.6392 	EXP 	window1: mouseVisible = True
117.6392 	EXP 	window1: mouseVisible = True
117.6392 	EXP 	window1: mouseVisible = True
117.6392 	EXP 	window1: mouseVisible = True
117.6393 	EXP 	window1: mouseVisible = True
117.6393 	EXP 	window1: mouseVisible = True
117.6393 	EXP 	window1: mouseVisible = True
117.6394 	EXP 	window1: mouseVisible = True
117.6394 	EXP 	window1: mouseVisible = True
117.6394 	EXP 	window1: mouseVisible = True
117.6395 	EXP 	window1: mouseVisible = True
117.6395 	EXP 	window1: mouseVisible = True
117.6395 	EXP 	window1: mouseVisible = True
117.6395 	EXP 	window1: mouseVisible = True
117.6396 	EXP 	window1: mouseVisible = True
117.6396 	EXP 	window1: mouseVisible = True
117.6396 	EXP 	window1: mouseVisible = True
117.6397 	EXP 	window1: mouseVisible = True
117.6397 	EXP 	window1: mouseVisible = True
117.6398 	EXP 	window1: mouseVisible = True
117.6398 	EXP 	window1: mouseVisible = True
117.6398 	EXP 	window1: mouseVisible = True
117.6399 	EXP 	window1: mouseVisible = True
117.6399 	EXP 	window1: mouseVisible = True
117.6399 	EXP 	window1: mouseVisible = True
117.6399 	EXP 	window1: mouseVisible = True
117.6400 	EXP 	window1: mouseVisible = True
117.6400 	EXP 	window1: mouseVisible = True
117.6401 	EXP 	window1: mouseVisible = True
117.6401 	EXP 	window1: mouseVisible = True
117.6401 	EXP 	window1: mouseVisible = True
117.6402 	EXP 	window1: mouseVisible = True
117.6402 	EXP 	window1: mouseVisible = True
117.6402 	EXP 	window1: mouseVisible = True
117.6403 	EXP 	window1: mouseVisible = True
117.6403 	EXP 	window1: mouseVisible = True
117.6403 	EXP 	window1: mouseVisible = True
117.6403 	EXP 	window1: mouseVisible = True
117.6404 	EXP 	window1: mouseVisible = True
117.6404 	EXP 	window1: mouseVisible = True
117.6404 	EXP 	window1: mouseVisible = True
117.6405 	EXP 	window1: mouseVisible = True
117.6405 	EXP 	window1: mouseVisible = True
117.6405 	EXP 	window1: mouseVisible = True
117.6406 	EXP 	window1: mouseVisible = True
117.6406 	EXP 	window1: mouseVisible = True
117.6406 	EXP 	window1: mouseVisible = True
117.6406 	EXP 	window1: mouseVisible = True
117.6407 	EXP 	window1: mouseVisible = True
117.6407 	EXP 	window1: mouseVisible = True
117.6407 	EXP 	window1: mouseVisible = True
117.6408 	EXP 	window1: mouseVisible = True
117.6408 	EXP 	window1: mouseVisible = True
117.6408 	EXP 	window1: mouseVisible = True
117.6409 	EXP 	window1: mouseVisible = True
117.6409 	EXP 	window1: mouseVisible = True
117.6409 	EXP 	window1: mouseVisible = True
117.6410 	EXP 	window1: mouseVisible = True
117.6410 	EXP 	window1: mouseVisible = True
117.6410 	EXP 	window1: mouseVisible = True
117.6410 	EXP 	window1: mouseVisible = True
117.6411 	EXP 	window1: mouseVisible = True
117.6411 	EXP 	window1: mouseVisible = True
117.6411 	EXP 	window1: mouseVisible = True
117.6412 	EXP 	window1: mouseVisible = True
117.6412 	EXP 	window1: mouseVisible = True
117.6412 	EXP 	window1: mouseVisible = True
117.6412 	EXP 	window1: mouseVisible = True
117.6413 	EXP 	window1: mouseVisible = True
117.6413 	EXP 	window1: mouseVisible = True
117.6413 	EXP 	window1: mouseVisible = True
117.6414 	EXP 	window1: mouseVisible = True
117.6414 	EXP 	window1: mouseVisible = True
117.6414 	EXP 	window1: mouseVisible = True
117.6415 	EXP 	window1: mouseVisible = True
117.6415 	EXP 	window1: mouseVisible = True
117.6415 	EXP 	window1: mouseVisible = True
117.6415 	EXP 	window1: mouseVisible = True
117.6416 	EXP 	window1: mouseVisible = True
117.6416 	EXP 	window1: mouseVisible = True
117.6416 	EXP 	window1: mouseVisible = True
117.6417 	EXP 	window1: mouseVisible = True
117.6417 	EXP 	window1: mouseVisible = True
117.6417 	EXP 	window1: mouseVisible = True
117.6418 	EXP 	window1: mouseVisible = True
117.6418 	EXP 	window1: mouseVisible = True
117.6418 	EXP 	window1: mouseVisible = True
117.6418 	EXP 	window1: mouseVisible = True
117.6419 	EXP 	window1: mouseVisible = True
117.6419 	EXP 	window1: mouseVisible = True
117.6419 	EXP 	window1: mouseVisible = True
117.6420 	EXP 	window1: mouseVisible = True
117.6420 	EXP 	window1: mouseVisible = True
117.6420 	EXP 	window1: mouseVisible = True
117.6420 	EXP 	window1: mouseVisible = True
117.6421 	EXP 	window1: mouseVisible = True
117.6421 	EXP 	window1: mouseVisible = True
117.6421 	EXP 	window1: mouseVisible = True
117.6422 	EXP 	window1: mouseVisible = True
117.6422 	EXP 	window1: mouseVisible = True
117.6422 	EXP 	window1: mouseVisible = True
117.6423 	EXP 	window1: mouseVisible = True
117.6423 	EXP 	window1: mouseVisible = True
117.6423 	EXP 	window1: mouseVisible = True
117.6423 	EXP 	window1: mouseVisible = True
117.6424 	EXP 	window1: mouseVisible = True
117.6424 	EXP 	window1: mouseVisible = True
117.6424 	EXP 	window1: mouseVisible = True
117.6425 	EXP 	window1: mouseVisible = True
117.6425 	EXP 	window1: mouseVisible = True
117.6425 	EXP 	window1: mouseVisible = True
117.6426 	EXP 	window1: mouseVisible = True
117.6426 	EXP 	window1: mouseVisible = True
117.6426 	EXP 	window1: mouseVisible = True
117.6426 	EXP 	window1: mouseVisible = True
117.6427 	EXP 	window1: mouseVisible = True
117.6427 	EXP 	window1: mouseVisible = True
117.6427 	EXP 	window1: mouseVisible = True
117.6428 	EXP 	window1: mouseVisible = True
117.6428 	EXP 	window1: mouseVisible = True
117.6428 	EXP 	window1: mouseVisible = True
117.6429 	EXP 	window1: mouseVisible = True
117.6429 	EXP 	window1: mouseVisible = True
117.6429 	EXP 	window1: mouseVisible = True
117.6429 	EXP 	window1: mouseVisible = True
117.6430 	EXP 	window1: mouseVisible = True
117.6430 	EXP 	window1: mouseVisible = True
117.6430 	EXP 	window1: mouseVisible = True
117.6431 	EXP 	window1: mouseVisible = True
117.6431 	EXP 	window1: mouseVisible = True
117.6431 	EXP 	window1: mouseVisible = True
117.6432 	EXP 	window1: mouseVisible = True
117.6432 	EXP 	window1: mouseVisible = True
117.6432 	EXP 	window1: mouseVisible = True
117.6432 	EXP 	window1: mouseVisible = True
117.6433 	EXP 	window1: mouseVisible = True
117.6433 	EXP 	window1: mouseVisible = True
117.6433 	EXP 	window1: mouseVisible = True
117.6434 	EXP 	window1: mouseVisible = True
117.6434 	EXP 	window1: mouseVisible = True
117.6434 	EXP 	window1: mouseVisible = True
117.6435 	EXP 	window1: mouseVisible = True
117.6435 	EXP 	window1: mouseVisible = True
117.6435 	EXP 	window1: mouseVisible = True
117.6435 	EXP 	window1: mouseVisible = True
117.6436 	EXP 	window1: mouseVisible = True
117.6436 	EXP 	window1: mouseVisible = True
117.6436 	EXP 	window1: mouseVisible = True
117.6437 	EXP 	window1: mouseVisible = True
117.6437 	EXP 	window1: mouseVisible = True
117.6437 	EXP 	window1: mouseVisible = True
117.6437 	EXP 	window1: mouseVisible = True
117.6438 	EXP 	window1: mouseVisible = True
117.6438 	EXP 	window1: mouseVisible = True
117.6438 	EXP 	window1: mouseVisible = True
117.6439 	EXP 	window1: mouseVisible = True
117.6439 	EXP 	window1: mouseVisible = True
117.6439 	EXP 	window1: mouseVisible = True
117.6440 	EXP 	window1: mouseVisible = True
117.6440 	EXP 	window1: mouseVisible = True
117.6440 	EXP 	window1: mouseVisible = True
117.6440 	EXP 	window1: mouseVisible = True
117.6441 	EXP 	window1: mouseVisible = True
117.6441 	EXP 	window1: mouseVisible = True
117.6441 	EXP 	window1: mouseVisible = True
117.6442 	EXP 	window1: mouseVisible = True
117.6442 	EXP 	window1: mouseVisible = True
117.6442 	EXP 	window1: mouseVisible = True
117.6442 	EXP 	window1: mouseVisible = True
117.6443 	EXP 	window1: mouseVisible = True
117.6443 	EXP 	window1: mouseVisible = True
117.6443 	EXP 	window1: mouseVisible = True
117.6444 	EXP 	window1: mouseVisible = True
117.6444 	EXP 	window1: mouseVisible = True
117.6444 	EXP 	window1: mouseVisible = True
117.6445 	EXP 	window1: mouseVisible = True
117.6445 	EXP 	window1: mouseVisible = True
117.6445 	EXP 	window1: mouseVisible = True
117.6446 	EXP 	window1: mouseVisible = True
117.6446 	EXP 	window1: mouseVisible = True
117.6446 	EXP 	window1: mouseVisible = True
117.6447 	EXP 	window1: mouseVisible = True
117.6447 	EXP 	window1: mouseVisible = True
117.6447 	EXP 	window1: mouseVisible = True
117.6448 	EXP 	window1: mouseVisible = True
117.6448 	EXP 	window1: mouseVisible = True
117.6448 	EXP 	window1: mouseVisible = True
117.6449 	EXP 	window1: mouseVisible = True
117.6449 	EXP 	window1: mouseVisible = True
117.6450 	EXP 	window1: mouseVisible = True
117.6450 	EXP 	window1: mouseVisible = True
117.6450 	EXP 	window1: mouseVisible = True
117.6451 	EXP 	window1: mouseVisible = True
117.6451 	EXP 	window1: mouseVisible = True
117.6451 	EXP 	window1: mouseVisible = True
117.6452 	EXP 	window1: mouseVisible = True
117.6452 	EXP 	window1: mouseVisible = True
117.6452 	EXP 	window1: mouseVisible = True
117.6453 	EXP 	window1: mouseVisible = True
117.6453 	EXP 	window1: mouseVisible = True
117.6453 	EXP 	window1: mouseVisible = True
117.6454 	EXP 	window1: mouseVisible = True
117.6454 	EXP 	window1: mouseVisible = True
117.6454 	EXP 	window1: mouseVisible = True
117.6455 	EXP 	window1: mouseVisible = True
117.6455 	EXP 	window1: mouseVisible = True
117.6455 	EXP 	window1: mouseVisible = True
117.6455 	EXP 	window1: mouseVisible = True
117.6456 	EXP 	window1: mouseVisible = True
117.6456 	EXP 	window1: mouseVisible = True
117.6456 	EXP 	window1: mouseVisible = True
117.6457 	EXP 	window1: mouseVisible = True
117.6457 	EXP 	window1: mouseVisible = True
117.6457 	EXP 	window1: mouseVisible = True
117.6458 	EXP 	window1: mouseVisible = True
117.6458 	EXP 	window1: mouseVisible = True
117.6458 	EXP 	window1: mouseVisible = True
117.6459 	EXP 	window1: mouseVisible = True
117.6459 	EXP 	window1: mouseVisible = True
117.6459 	EXP 	window1: mouseVisible = True
117.6460 	EXP 	window1: mouseVisible = True
117.6460 	EXP 	window1: mouseVisible = True
117.6460 	EXP 	window1: mouseVisible = True
117.6460 	EXP 	window1: mouseVisible = True
117.6461 	EXP 	window1: mouseVisible = True
117.6461 	EXP 	window1: mouseVisible = True
117.6461 	EXP 	window1: mouseVisible = True
117.6462 	EXP 	window1: mouseVisible = True
117.6462 	EXP 	window1: mouseVisible = True
117.6462 	EXP 	window1: mouseVisible = True
117.6463 	EXP 	window1: mouseVisible = True
117.6463 	EXP 	window1: mouseVisible = True
117.6463 	EXP 	window1: mouseVisible = True
117.6464 	EXP 	window1: mouseVisible = True
117.6464 	EXP 	window1: mouseVisible = True
117.6464 	EXP 	window1: mouseVisible = True
117.6464 	EXP 	window1: mouseVisible = True
117.6465 	EXP 	window1: mouseVisible = True
117.6465 	EXP 	window1: mouseVisible = True
117.6465 	EXP 	window1: mouseVisible = True
117.6466 	EXP 	window1: mouseVisible = True
117.6466 	EXP 	window1: mouseVisible = True
117.6466 	EXP 	window1: mouseVisible = True
117.6467 	EXP 	window1: mouseVisible = True
117.6467 	EXP 	window1: mouseVisible = True
117.6467 	EXP 	window1: mouseVisible = True
117.6467 	EXP 	window1: mouseVisible = True
117.6468 	EXP 	window1: mouseVisible = True
117.6468 	EXP 	window1: mouseVisible = True
117.6468 	EXP 	window1: mouseVisible = True
117.6469 	EXP 	window1: mouseVisible = True
117.6469 	EXP 	window1: mouseVisible = True
117.6469 	EXP 	window1: mouseVisible = True
117.6470 	EXP 	window1: mouseVisible = True
117.6470 	EXP 	window1: mouseVisible = True
117.6470 	EXP 	window1: mouseVisible = True
117.6471 	EXP 	window1: mouseVisible = True
117.6471 	EXP 	window1: mouseVisible = True
117.6471 	EXP 	window1: mouseVisible = True
117.6471 	EXP 	window1: mouseVisible = True
117.6472 	EXP 	window1: mouseVisible = True
117.6472 	EXP 	window1: mouseVisible = True
117.6472 	EXP 	window1: mouseVisible = True
117.6473 	EXP 	window1: mouseVisible = True
117.6473 	EXP 	window1: mouseVisible = True
117.6473 	EXP 	window1: mouseVisible = True
117.6474 	EXP 	window1: mouseVisible = True
117.6474 	EXP 	window1: mouseVisible = True
117.6474 	EXP 	window1: mouseVisible = True
117.6474 	EXP 	window1: mouseVisible = True
117.6475 	EXP 	window1: mouseVisible = True
117.6475 	EXP 	window1: mouseVisible = True
117.6475 	EXP 	window1: mouseVisible = True
117.6476 	EXP 	window1: mouseVisible = True
117.6476 	EXP 	window1: mouseVisible = True
117.6476 	EXP 	window1: mouseVisible = True
117.6477 	EXP 	window1: mouseVisible = True
117.6477 	EXP 	window1: mouseVisible = True
117.6477 	EXP 	window1: mouseVisible = True
117.6478 	EXP 	window1: mouseVisible = True
117.6478 	EXP 	window1: mouseVisible = True
117.6478 	EXP 	window1: mouseVisible = True
117.6479 	EXP 	window1: mouseVisible = True
117.6479 	EXP 	window1: mouseVisible = True
117.6479 	EXP 	window1: mouseVisible = True
117.6479 	EXP 	window1: mouseVisible = True
117.6480 	EXP 	window1: mouseVisible = True
117.6480 	EXP 	window1: mouseVisible = True
117.6480 	EXP 	window1: mouseVisible = True
117.6481 	EXP 	window1: mouseVisible = True
117.6481 	EXP 	window1: mouseVisible = True
117.6481 	EXP 	window1: mouseVisible = True
117.6482 	EXP 	window1: mouseVisible = True
117.6482 	EXP 	window1: mouseVisible = True
117.6482 	EXP 	window1: mouseVisible = True
117.6482 	EXP 	window1: mouseVisible = True
117.6483 	EXP 	window1: mouseVisible = True
117.6483 	EXP 	window1: mouseVisible = True
117.6483 	EXP 	window1: mouseVisible = True
117.6484 	EXP 	window1: mouseVisible = True
117.6484 	EXP 	window1: mouseVisible = True
117.6484 	EXP 	window1: mouseVisible = True
117.6485 	EXP 	window1: mouseVisible = True
117.6485 	EXP 	window1: mouseVisible = True
117.6485 	EXP 	window1: mouseVisible = True
117.6485 	EXP 	window1: mouseVisible = True
117.6486 	EXP 	window1: mouseVisible = True
117.6486 	EXP 	window1: mouseVisible = True
117.6486 	EXP 	window1: mouseVisible = True
117.6487 	EXP 	window1: mouseVisible = True
117.6487 	EXP 	window1: mouseVisible = True
117.6487 	EXP 	window1: mouseVisible = True
117.6488 	EXP 	window1: mouseVisible = True
117.6488 	EXP 	window1: mouseVisible = True
117.6488 	EXP 	window1: mouseVisible = True
117.6489 	EXP 	window1: mouseVisible = True
117.6489 	EXP 	window1: mouseVisible = True
117.6489 	EXP 	window1: mouseVisible = True
117.6489 	EXP 	window1: mouseVisible = True
117.6490 	EXP 	window1: mouseVisible = True
117.6490 	EXP 	window1: mouseVisible = True
117.6490 	EXP 	window1: mouseVisible = True
117.6491 	EXP 	window1: mouseVisible = True
117.6491 	EXP 	window1: mouseVisible = True
117.6491 	EXP 	window1: mouseVisible = True
117.6492 	EXP 	window1: mouseVisible = True
117.6492 	EXP 	window1: mouseVisible = True
117.6492 	EXP 	window1: mouseVisible = True
117.6493 	EXP 	window1: mouseVisible = True
117.6493 	EXP 	window1: mouseVisible = True
117.6493 	EXP 	window1: mouseVisible = True
117.6494 	EXP 	window1: mouseVisible = True
117.6494 	EXP 	window1: mouseVisible = True
117.6494 	EXP 	window1: mouseVisible = True
117.6495 	EXP 	window1: mouseVisible = True
117.6495 	EXP 	window1: mouseVisible = True
117.6495 	EXP 	window1: mouseVisible = True
117.6496 	EXP 	window1: mouseVisible = True
117.6496 	EXP 	window1: mouseVisible = True
117.6496 	EXP 	window1: mouseVisible = True
117.6496 	EXP 	window1: mouseVisible = True
117.6497 	EXP 	window1: mouseVisible = True
117.6497 	EXP 	window1: mouseVisible = True
117.6497 	EXP 	window1: mouseVisible = True
117.6498 	EXP 	window1: mouseVisible = True
117.6498 	EXP 	window1: mouseVisible = True
117.6498 	EXP 	window1: mouseVisible = True
117.6499 	EXP 	window1: mouseVisible = True
117.6499 	EXP 	window1: mouseVisible = True
117.6499 	EXP 	window1: mouseVisible = True
117.6500 	EXP 	window1: mouseVisible = True
117.6500 	EXP 	window1: mouseVisible = True
117.6500 	EXP 	window1: mouseVisible = True
117.6500 	EXP 	window1: mouseVisible = True
117.6501 	EXP 	window1: mouseVisible = True
117.6501 	EXP 	window1: mouseVisible = True
117.6501 	EXP 	window1: mouseVisible = True
117.6502 	EXP 	window1: mouseVisible = True
117.6502 	EXP 	window1: mouseVisible = True
117.6502 	EXP 	window1: mouseVisible = True
117.6503 	EXP 	window1: mouseVisible = True
117.6503 	EXP 	window1: mouseVisible = True
117.6503 	EXP 	window1: mouseVisible = True
117.6503 	EXP 	window1: mouseVisible = True
117.6504 	EXP 	window1: mouseVisible = True
117.6504 	EXP 	window1: mouseVisible = True
117.6504 	EXP 	window1: mouseVisible = True
117.6505 	EXP 	window1: mouseVisible = True
117.6505 	EXP 	window1: mouseVisible = True
117.6505 	EXP 	window1: mouseVisible = True
117.6506 	EXP 	window1: mouseVisible = True
117.6506 	EXP 	window1: mouseVisible = True
117.6506 	EXP 	window1: mouseVisible = True
117.6506 	EXP 	window1: mouseVisible = True
117.6507 	EXP 	window1: mouseVisible = True
117.6507 	EXP 	window1: mouseVisible = True
117.6507 	EXP 	window1: mouseVisible = True
117.6508 	EXP 	window1: mouseVisible = True
117.6508 	EXP 	window1: mouseVisible = True
117.6508 	EXP 	window1: mouseVisible = True
117.6509 	EXP 	window1: mouseVisible = True
117.6509 	EXP 	window1: mouseVisible = True
117.6509 	EXP 	window1: mouseVisible = True
117.6510 	EXP 	window1: mouseVisible = True
117.6510 	EXP 	window1: mouseVisible = True
117.6510 	EXP 	window1: mouseVisible = True
117.6511 	EXP 	window1: mouseVisible = True
117.6511 	EXP 	window1: mouseVisible = True
117.6511 	EXP 	window1: mouseVisible = True
117.6511 	EXP 	window1: mouseVisible = True
117.6512 	EXP 	window1: mouseVisible = True
117.6512 	EXP 	window1: mouseVisible = True
117.6512 	EXP 	window1: mouseVisible = True
117.6513 	EXP 	window1: mouseVisible = True
117.6513 	EXP 	window1: mouseVisible = True
117.6513 	EXP 	window1: mouseVisible = True
117.6514 	EXP 	window1: mouseVisible = True
117.6514 	EXP 	window1: mouseVisible = True
117.6514 	EXP 	window1: mouseVisible = True
117.6515 	EXP 	window1: mouseVisible = True
117.6515 	EXP 	window1: mouseVisible = True
117.6515 	EXP 	window1: mouseVisible = True
117.6516 	EXP 	window1: mouseVisible = True
117.6516 	EXP 	window1: mouseVisible = True
117.6516 	EXP 	window1: mouseVisible = True
117.6516 	EXP 	window1: mouseVisible = True
117.6517 	EXP 	window1: mouseVisible = True
117.6517 	EXP 	window1: mouseVisible = True
117.6517 	EXP 	window1: mouseVisible = True
117.6518 	EXP 	window1: mouseVisible = True
117.6518 	EXP 	window1: mouseVisible = True
117.6518 	EXP 	window1: mouseVisible = True
117.6519 	EXP 	window1: mouseVisible = True
117.6519 	EXP 	window1: mouseVisible = True
117.6519 	EXP 	window1: mouseVisible = True
117.6520 	EXP 	window1: mouseVisible = True
117.6520 	EXP 	window1: mouseVisible = True
117.6520 	EXP 	window1: mouseVisible = True
117.6520 	EXP 	window1: mouseVisible = True
117.6521 	EXP 	window1: mouseVisible = True
117.6521 	EXP 	window1: mouseVisible = True
117.6521 	EXP 	window1: mouseVisible = True
117.6522 	EXP 	window1: mouseVisible = True
117.6522 	EXP 	window1: mouseVisible = True
117.6522 	EXP 	window1: mouseVisible = True
117.6523 	EXP 	window1: mouseVisible = True
117.6523 	EXP 	window1: mouseVisible = True
117.6523 	EXP 	window1: mouseVisible = True
117.6524 	EXP 	window1: mouseVisible = True
117.6524 	EXP 	window1: mouseVisible = True
117.6524 	EXP 	window1: mouseVisible = True
117.6524 	EXP 	window1: mouseVisible = True
117.6525 	EXP 	window1: mouseVisible = True
117.6525 	EXP 	window1: mouseVisible = True
117.6525 	EXP 	window1: mouseVisible = True
117.6526 	EXP 	window1: mouseVisible = True
117.6526 	EXP 	window1: mouseVisible = True
117.6526 	EXP 	window1: mouseVisible = True
117.6527 	EXP 	window1: mouseVisible = True
117.6527 	EXP 	window1: mouseVisible = True
117.6527 	EXP 	window1: mouseVisible = True
117.6528 	EXP 	window1: mouseVisible = True
117.6528 	EXP 	window1: mouseVisible = True
117.6528 	EXP 	window1: mouseVisible = True
117.6529 	EXP 	window1: mouseVisible = True
117.6529 	EXP 	window1: mouseVisible = True
117.6529 	EXP 	window1: mouseVisible = True
117.6530 	EXP 	window1: mouseVisible = True
117.6530 	EXP 	window1: mouseVisible = True
117.6530 	EXP 	window1: mouseVisible = True
117.6530 	EXP 	window1: mouseVisible = True
117.6531 	EXP 	window1: mouseVisible = True
117.6531 	EXP 	window1: mouseVisible = True
117.6531 	EXP 	window1: mouseVisible = True
117.6532 	EXP 	window1: mouseVisible = True
117.6532 	EXP 	window1: mouseVisible = True
117.6532 	EXP 	window1: mouseVisible = True
117.6533 	EXP 	window1: mouseVisible = True
117.6533 	EXP 	window1: mouseVisible = True
117.6533 	EXP 	window1: mouseVisible = True
117.6533 	EXP 	window1: mouseVisible = True
117.6534 	EXP 	window1: mouseVisible = True
117.6534 	EXP 	window1: mouseVisible = True
117.6534 	EXP 	window1: mouseVisible = True
117.6535 	EXP 	window1: mouseVisible = True
117.6535 	EXP 	window1: mouseVisible = True
117.6535 	EXP 	window1: mouseVisible = True
117.6536 	EXP 	window1: mouseVisible = True
117.6536 	EXP 	window1: mouseVisible = True
117.6536 	EXP 	window1: mouseVisible = True
117.6537 	EXP 	window1: mouseVisible = True
117.6537 	EXP 	window1: mouseVisible = True
117.6537 	EXP 	window1: mouseVisible = True
117.6537 	EXP 	window1: mouseVisible = True
117.6538 	EXP 	window1: mouseVisible = True
117.6538 	EXP 	window1: mouseVisible = True
117.6538 	EXP 	window1: mouseVisible = True
117.6539 	EXP 	window1: mouseVisible = True
117.6539 	EXP 	window1: mouseVisible = True
117.6539 	EXP 	window1: mouseVisible = True
117.6540 	EXP 	window1: mouseVisible = True
117.6540 	EXP 	window1: mouseVisible = True
117.6540 	EXP 	window1: mouseVisible = True
117.6540 	EXP 	window1: mouseVisible = True
117.6541 	EXP 	window1: mouseVisible = True
117.6541 	EXP 	window1: mouseVisible = True
117.6541 	EXP 	window1: mouseVisible = True
117.6542 	EXP 	window1: mouseVisible = True
117.6542 	EXP 	window1: mouseVisible = True
117.6543 	EXP 	window1: mouseVisible = True
117.6543 	EXP 	window1: mouseVisible = True
117.6543 	EXP 	window1: mouseVisible = True
117.6544 	EXP 	window1: mouseVisible = True
117.6544 	EXP 	window1: mouseVisible = True
117.6544 	EXP 	window1: mouseVisible = True
117.6544 	EXP 	window1: mouseVisible = True
117.6545 	EXP 	window1: mouseVisible = True
117.6545 	EXP 	window1: mouseVisible = True
117.6545 	EXP 	window1: mouseVisible = True
117.6546 	EXP 	window1: mouseVisible = True
117.6546 	EXP 	window1: mouseVisible = True
117.6546 	EXP 	window1: mouseVisible = True
117.6547 	EXP 	window1: mouseVisible = True
117.6547 	EXP 	window1: mouseVisible = True
117.6547 	EXP 	window1: mouseVisible = True
117.6547 	EXP 	window1: mouseVisible = True
117.6548 	EXP 	window1: mouseVisible = True
117.6548 	EXP 	window1: mouseVisible = True
117.6548 	EXP 	window1: mouseVisible = True
117.6549 	EXP 	window1: mouseVisible = True
117.6549 	EXP 	window1: mouseVisible = True
117.6549 	EXP 	window1: mouseVisible = True
117.6550 	EXP 	window1: mouseVisible = True
117.6550 	EXP 	window1: mouseVisible = True
117.6550 	EXP 	window1: mouseVisible = True
117.6550 	EXP 	window1: mouseVisible = True
117.6551 	EXP 	window1: mouseVisible = True
117.6551 	EXP 	window1: mouseVisible = True
117.6551 	EXP 	window1: mouseVisible = True
117.6552 	EXP 	window1: mouseVisible = True
117.6552 	EXP 	window1: mouseVisible = True
117.6552 	EXP 	window1: mouseVisible = True
117.6553 	EXP 	window1: mouseVisible = True
117.6553 	EXP 	window1: mouseVisible = True
117.6553 	EXP 	window1: mouseVisible = True
117.6554 	EXP 	window1: mouseVisible = True
117.6554 	EXP 	window1: mouseVisible = True
117.6554 	EXP 	window1: mouseVisible = True
117.6555 	EXP 	window1: mouseVisible = True
117.6555 	EXP 	window1: mouseVisible = True
117.6555 	EXP 	window1: mouseVisible = True
117.6555 	EXP 	window1: mouseVisible = True
117.6556 	EXP 	window1: mouseVisible = True
117.6556 	EXP 	window1: mouseVisible = True
117.6556 	EXP 	window1: mouseVisible = True
117.6557 	EXP 	window1: mouseVisible = True
117.6557 	EXP 	window1: mouseVisible = True
117.6557 	EXP 	window1: mouseVisible = True
117.6558 	EXP 	window1: mouseVisible = True
117.6558 	EXP 	window1: mouseVisible = True
117.6558 	EXP 	window1: mouseVisible = True
117.6558 	EXP 	window1: mouseVisible = True
117.6559 	EXP 	window1: mouseVisible = True
117.6559 	EXP 	window1: mouseVisible = True
117.6559 	EXP 	window1: mouseVisible = True
117.6560 	EXP 	window1: mouseVisible = True
117.6560 	EXP 	window1: mouseVisible = True
117.6560 	EXP 	window1: mouseVisible = True
117.6561 	EXP 	window1: mouseVisible = True
117.6561 	EXP 	window1: mouseVisible = True
117.6561 	EXP 	window1: mouseVisible = True
117.6562 	EXP 	window1: mouseVisible = True
117.6562 	EXP 	window1: mouseVisible = True
117.6562 	EXP 	window1: mouseVisible = True
117.6563 	EXP 	window1: mouseVisible = True
117.6563 	EXP 	window1: mouseVisible = True
117.6563 	EXP 	window1: mouseVisible = True
117.6563 	EXP 	window1: mouseVisible = True
117.6564 	EXP 	window1: mouseVisible = True
117.6564 	EXP 	window1: mouseVisible = True
117.6564 	EXP 	window1: mouseVisible = True
117.6565 	EXP 	window1: mouseVisible = True
117.6565 	EXP 	window1: mouseVisible = True
117.6565 	EXP 	window1: mouseVisible = True
117.6566 	EXP 	window1: mouseVisible = True
117.6566 	EXP 	window1: mouseVisible = True
117.6566 	EXP 	window1: mouseVisible = True
117.6567 	EXP 	window1: mouseVisible = True
117.6567 	EXP 	window1: mouseVisible = True
117.6567 	EXP 	window1: mouseVisible = True
117.6567 	EXP 	window1: mouseVisible = True
117.6568 	EXP 	window1: mouseVisible = True
117.6568 	EXP 	window1: mouseVisible = True
117.6568 	EXP 	window1: mouseVisible = True
117.6569 	EXP 	window1: mouseVisible = True
117.6569 	EXP 	window1: mouseVisible = True
117.6569 	EXP 	window1: mouseVisible = True
117.6570 	EXP 	window1: mouseVisible = True
117.6570 	EXP 	window1: mouseVisible = True
117.6570 	EXP 	window1: mouseVisible = True
117.6570 	EXP 	window1: mouseVisible = True
117.6571 	EXP 	window1: mouseVisible = True
117.6571 	EXP 	window1: mouseVisible = True
117.6571 	EXP 	window1: mouseVisible = True
117.6572 	EXP 	window1: mouseVisible = True
117.6572 	EXP 	window1: mouseVisible = True
117.6572 	EXP 	window1: mouseVisible = True
117.6573 	EXP 	window1: mouseVisible = True
117.6573 	EXP 	window1: mouseVisible = True
117.6573 	EXP 	window1: mouseVisible = True
117.6574 	EXP 	window1: mouseVisible = True
117.6574 	EXP 	window1: mouseVisible = True
117.6574 	EXP 	window1: mouseVisible = True
117.6574 	EXP 	window1: mouseVisible = True
117.6575 	EXP 	window1: mouseVisible = True
117.6575 	EXP 	window1: mouseVisible = True
117.6575 	EXP 	window1: mouseVisible = True
117.6576 	EXP 	window1: mouseVisible = True
117.6576 	EXP 	window1: mouseVisible = True
117.6576 	EXP 	window1: mouseVisible = True
117.6577 	EXP 	window1: mouseVisible = True
117.6577 	EXP 	window1: mouseVisible = True
117.6577 	EXP 	window1: mouseVisible = True
117.6578 	EXP 	window1: mouseVisible = True
117.6578 	EXP 	window1: mouseVisible = True
117.6578 	EXP 	window1: mouseVisible = True
117.6578 	EXP 	window1: mouseVisible = True
117.6579 	EXP 	window1: mouseVisible = True
117.6579 	EXP 	window1: mouseVisible = True
117.6579 	EXP 	window1: mouseVisible = True
117.6580 	EXP 	window1: mouseVisible = True
117.6580 	EXP 	window1: mouseVisible = True
117.6580 	EXP 	window1: mouseVisible = True
117.6581 	EXP 	window1: mouseVisible = True
117.6581 	EXP 	window1: mouseVisible = True
117.6581 	EXP 	window1: mouseVisible = True
117.6582 	EXP 	window1: mouseVisible = True
117.6582 	EXP 	window1: mouseVisible = True
117.6582 	EXP 	window1: mouseVisible = True
117.6583 	EXP 	window1: mouseVisible = True
117.6583 	EXP 	window1: mouseVisible = True
117.6583 	EXP 	window1: mouseVisible = True
117.6583 	EXP 	window1: mouseVisible = True
117.6584 	EXP 	window1: mouseVisible = True
117.6584 	EXP 	window1: mouseVisible = True
117.6584 	EXP 	window1: mouseVisible = True
117.6585 	EXP 	window1: mouseVisible = True
117.6585 	EXP 	window1: mouseVisible = True
117.6585 	EXP 	window1: mouseVisible = True
117.6586 	EXP 	window1: mouseVisible = True
117.6586 	EXP 	window1: mouseVisible = True
117.6586 	EXP 	window1: mouseVisible = True
117.6587 	EXP 	window1: mouseVisible = True
117.6587 	EXP 	window1: mouseVisible = True
117.6587 	EXP 	window1: mouseVisible = True
117.6587 	EXP 	window1: mouseVisible = True
117.6588 	EXP 	window1: mouseVisible = True
117.6588 	EXP 	window1: mouseVisible = True
117.6589 	EXP 	window1: mouseVisible = True
117.6589 	EXP 	window1: mouseVisible = True
117.6589 	EXP 	window1: mouseVisible = True
117.6589 	EXP 	window1: mouseVisible = True
117.6590 	EXP 	window1: mouseVisible = True
117.6590 	EXP 	window1: mouseVisible = True
117.6591 	EXP 	window1: mouseVisible = True
117.6591 	EXP 	window1: mouseVisible = True
117.6591 	EXP 	window1: mouseVisible = True
117.6592 	EXP 	window1: mouseVisible = True
117.6592 	EXP 	window1: mouseVisible = True
117.6592 	EXP 	window1: mouseVisible = True
117.6593 	EXP 	window1: mouseVisible = True
117.6593 	EXP 	window1: mouseVisible = True
117.6593 	EXP 	window1: mouseVisible = True
117.6594 	EXP 	window1: mouseVisible = True
117.6594 	EXP 	window1: mouseVisible = True
117.6594 	EXP 	window1: mouseVisible = True
117.6595 	EXP 	window1: mouseVisible = True
117.6595 	EXP 	window1: mouseVisible = True
117.6595 	EXP 	window1: mouseVisible = True
117.6595 	EXP 	window1: mouseVisible = True
117.6596 	EXP 	window1: mouseVisible = True
117.6596 	EXP 	window1: mouseVisible = True
117.6596 	EXP 	window1: mouseVisible = True
117.6597 	EXP 	window1: mouseVisible = True
117.6597 	EXP 	window1: mouseVisible = True
117.6597 	EXP 	window1: mouseVisible = True
117.6598 	EXP 	window1: mouseVisible = True
117.6598 	EXP 	window1: mouseVisible = True
117.6598 	EXP 	window1: mouseVisible = True
117.6599 	EXP 	window1: mouseVisible = True
117.6599 	EXP 	window1: mouseVisible = True
117.6599 	EXP 	window1: mouseVisible = True
117.6599 	EXP 	window1: mouseVisible = True
117.6600 	EXP 	window1: mouseVisible = True
117.6600 	EXP 	window1: mouseVisible = True
117.6600 	EXP 	window1: mouseVisible = True
117.6601 	EXP 	window1: mouseVisible = True
117.6601 	EXP 	window1: mouseVisible = True
117.6601 	EXP 	window1: mouseVisible = True
117.6602 	EXP 	window1: mouseVisible = True
117.6602 	EXP 	window1: mouseVisible = True
117.6602 	EXP 	window1: mouseVisible = True
117.6603 	EXP 	window1: mouseVisible = True
117.6603 	EXP 	window1: mouseVisible = True
117.6604 	EXP 	window1: mouseVisible = True
