8.5320 	WARNING 	Monitor specification not found. Creating a temporary one...
8.5531 	WARNING 	User requested fullscreen with size [800 600], but screen is actually [1280, 1024]. Using actual size
9.0817 	EXP 	Created window1 = Window(allowGUI=True, allowStencil=False, autoLog=True, backendConf=UNKNOWN, bitsMode=UNKNOWN, blendMode='avg', bpc=(8, 8, 8), color=array([0, 0, 0]), colorSpace='rgb', depthBits=8, fullscr=<method-wrapper '__getattribute__' of attributeSetter object at 0x0000019B1D776D90>, gamma=None, gammaErrorPolicy='raise', lms=UNKNOWN, monitor=<psychopy.monitors.calibTools.Monitor object at 0x0000019B1DCCF4C0>, multiSample=False, name='window1', numSamples=2, pos=(0, 0), screen=0, size=array([1280, 1024]), stencilBits=0, stereo=False, units='pix', useFBO=False, useRetina=False, viewOri=0.0, viewPos=None, viewScale=None, waitBlanking=True, winType='pyglet')
9.0818 	EXP 	window1: mouseVisible = True
9.0821 	EXP 	window1: mouseVisible = False
10.6200 	DATA 	Keypress: o
11.5918 	DATA 	Keypress: space
14.4855 	DATA 	Keypress: o
14.4865 	EXP 	window1: units = 'pix'
14.5165 	WARNING 	User requested fullscreen with size [1280  720], but screen is actually [1280, 1024]. Using actual size
14.9317 	EXP 	Created window1 = Window(allowGUI=False, allowStencil=False, autoLog=True, backendConf=UNKNOWN, bitsMode=UNKNOWN, blendMode='avg', bpc=(8, 8, 8), color=array([0, 0, 0]), colorSpace='rgb', depthBits=8, fullscr=<method-wrapper '__getattribute__' of attributeSetter object at 0x0000019B1D776D90>, gamma=None, gammaErrorPolicy='raise', lms=UNKNOWN, monitor=<psychopy.monitors.calibTools.Monitor object at 0x0000019B24303100>, multiSample=False, name='window1', numSamples=2, pos=(0, 0), screen=0, size=array([1280, 1024]), stencilBits=0, stereo=False, units='height', useFBO=True, useRetina=False, viewOri=0.0, viewPos=None, viewScale=None, waitBlanking=True, winType='pyglet')
14.9319 	EXP 	window1: mouseVisible = True
14.9319 	EXP 	window1: Attempting to measure frame rate of screen (0) ...
14.9319 	EXP 	window1: recordFrameIntervals = False
15.0981 	EXP 	window1: recordFrameIntervals = True
15.2815 	EXP 	Screen (0) actual frame rate measured at 60.00Hz
15.2815 	EXP 	window1: recordFrameIntervals = False
15.4702 	EXP 	Created Instructions = TextStim(__class__=<class 'psychopy.visual.text.TextStim'>, alignHoriz=method-wrapper(...), alignText='center', alignVert=method-wrapper(...), anchorHoriz='center', anchorVert='center', antialias=True, autoDraw=False, autoLog=True, bold=False, color=array([1, 1, 1]), colorSpace='rgb', contrast=1.0, depth=0.0, flipHoriz=False, flipVert=False, font='Arial', fontFiles=[], height=0.03, italic=False, languageStyle='LTR', name='Instructions', opacity=1.0, ori=0, pos=array([0., 0.]), rgb=UNKNOWN, text=str(...), units='height', win=Window(...), wrapWidth=1)
15.4743 	EXP 	Created Triplet1 = ImageStim(__class__=<class 'psychopy.visual.image.ImageStim'>, anchor=('center', 'center'), autoLog=True, color=array([1, 1, 1]), colorSpace='rgb', contrast=1.0, depth=-1.0, flipHoriz=False, flipVert=False, image='sin', interpolate=True, mask=None, maskParams=None, name='Triplet1', opacity=1.0, ori=0.0, pos=array([0., 0.]), size=array([0.25, 0.25]), texRes=128, units='height', win=Window(...))
15.4790 	EXP 	Created Triplet2 = ImageStim(__class__=<class 'psychopy.visual.image.ImageStim'>, anchor=('center', 'center'), autoLog=True, color=array([1, 1, 1]), colorSpace='rgb', contrast=1.0, depth=-2.0, flipHoriz=False, flipVert=False, image='sin', interpolate=True, mask=None, maskParams=None, name='Triplet2', opacity=1.0, ori=0.0, pos=array([0., 0.]), size=array([0.25, 0.25]), texRes=128, units='height', win=Window(...))
15.4847 	EXP 	Created Triplet3 = ImageStim(__class__=<class 'psychopy.visual.image.ImageStim'>, anchor=('center', 'center'), autoLog=True, color=array([1, 1, 1]), colorSpace='rgb', contrast=1.0, depth=-3.0, flipHoriz=False, flipVert=False, image='sin', interpolate=True, mask=None, maskParams=None, name='Triplet3', opacity=1.0, ori=0.0, pos=array([0., 0.]), size=array([0.25, 0.25]), texRes=128, units='height', win=Window(...))
15.4935 	EXP 	Sound sound_pop set volume 1.000
15.5022 	EXP 	Sound sound_pop2 set volume 1.000
15.5110 	EXP 	Sound sound_pop3 set volume 1.000
15.5336 	EXP 	Created fixation = ImageStim(__class__=<class 'psychopy.visual.image.ImageStim'>, anchor=('center', 'center'), autoLog=True, color=array([1, 1, 1]), colorSpace='rgb', contrast=1.0, depth=0.0, flipHoriz=False, flipVert=False, image='images/fixation.png', interpolate=True, mask=None, maskParams=None, name='fixation', opacity=1.0, ori=0.0, pos=array([0., 0.]), size=array([0.1 , 0.05]), texRes=128, units='height', win=Window(...))
15.6218 	EXP 	Created Mask = ImageStim(__class__=<class 'psychopy.visual.image.ImageStim'>, anchor=('center', 'center'), autoLog=True, color=array([1, 1, 1]), colorSpace='rgb', contrast=1.0, depth=0.0, flipHoriz=False, flipVert=False, image='images/Mask.png', interpolate=True, mask=None, maskParams=None, name='Mask', opacity=1.0, ori=0.0, pos=array([0., 0.]), size=array([1.5, 0.5]), texRes=128, units='height', win=Window(...))
15.6269 	EXP 	Created img1 = ImageStim(__class__=<class 'psychopy.visual.image.ImageStim'>, anchor=('center', 'center'), autoLog=True, color=array([1, 1, 1]), colorSpace='rgb', contrast=1.0, depth=-1.0, flipHoriz=False, flipVert=False, image='sin', interpolate=True, mask=None, maskParams=None, name='img1', opacity=1.0, ori=0.0, pos=array([0., 0.]), size=array([0.25, 0.25]), texRes=128, units='height', win=Window(...))
15.6325 	EXP 	Created img2 = ImageStim(__class__=<class 'psychopy.visual.image.ImageStim'>, anchor=('center', 'center'), autoLog=True, color=array([1, 1, 1]), colorSpace='rgb', contrast=1.0, depth=-2.0, flipHoriz=False, flipVert=False, image='sin', interpolate=True, mask=None, maskParams=None, name='img2', opacity=1.0, ori=0.0, pos=array([0., 0.]), size=array([0.25, 0.25]), texRes=128, units='height', win=Window(...))
15.6370 	EXP 	Created img3 = ImageStim(__class__=<class 'psychopy.visual.image.ImageStim'>, anchor=('center', 'center'), autoLog=True, color=array([1, 1, 1]), colorSpace='rgb', contrast=1.0, depth=-3.0, flipHoriz=False, flipVert=False, image='sin', interpolate=True, mask=None, maskParams=None, name='img3', opacity=1.0, ori=0.0, pos=array([0., 0.]), size=array([0.25, 0.25]), texRes=128, units='height', win=Window(...))
15.6457 	EXP 	Sound sound_pop4 set volume 1.000
15.6545 	EXP 	Sound sound_pop5 set volume 1.000
15.6633 	EXP 	Sound sound_pop6 set volume 1.000
15.6681 	EXP 	Created text_2 = TextStim(__class__=<class 'psychopy.visual.text.TextStim'>, alignHoriz=method-wrapper(...), alignText='center', alignVert=method-wrapper(...), anchorHoriz='center', anchorVert='center', antialias=True, autoDraw=False, autoLog=True, bold=False, color=array([1, 1, 1]), colorSpace='rgb', contrast=1.0, depth=0.0, flipHoriz=False, flipVert=False, font='Arial', fontFiles=[], height=0.03, italic=False, languageStyle='LTR', name='text_2', opacity=1.0, ori=0, pos=array([0., 0.]), rgb=UNKNOWN, text=str(...), units='height', win=Window(...), wrapWidth=1)
15.6707 	EXP 	Created text = TextStim(__class__=<class 'psychopy.visual.text.TextStim'>, alignHoriz=method-wrapper(...), alignText='center', alignVert=method-wrapper(...), anchorHoriz='center', anchorVert='center', antialias=True, autoDraw=False, autoLog=True, bold=False, color=array([1, 1, 1]), colorSpace='rgb', contrast=1.0, depth=-1.0, flipHoriz=False, flipVert=False, font='Arial', fontFiles=[], height=0.03, italic=False, languageStyle='LTR', name='text', opacity=1.0, ori=0, pos=array([0., 0.]), rgb=UNKNOWN, text=str(...), units='height', win=Window(...), wrapWidth=1)
15.6712 	EXP 	Created sameText = TextStim(__class__=<class 'psychopy.visual.text.TextStim'>, alignHoriz=method-wrapper(...), alignText='center', alignVert=method-wrapper(...), anchorHoriz='center', anchorVert='center', antialias=True, autoDraw=False, autoLog=True, bold=False, color=array([1, 1, 1]), colorSpace='rgb', contrast=1.0, depth=-2.0, flipHoriz=False, flipVert=False, font='Arial', fontFiles=[], height=0.03, italic=False, languageStyle='LTR', name='sameText', opacity=1.0, ori=0, pos=array([-0.2, -0.3]), rgb=UNKNOWN, text='', units='height', win=Window(...), wrapWidth=1)
15.6716 	EXP 	Created diffText = TextStim(__class__=<class 'psychopy.visual.text.TextStim'>, alignHoriz=method-wrapper(...), alignText='center', alignVert=method-wrapper(...), anchorHoriz='center', anchorVert='center', antialias=True, autoDraw=False, autoLog=True, bold=False, color=array([1, 1, 1]), colorSpace='rgb', contrast=1.0, depth=-3.0, flipHoriz=False, flipVert=False, font='Arial', fontFiles=[], height=0.03, italic=False, languageStyle='LTR', name='diffText', opacity=1.0, ori=0, pos=array([ 0.2, -0.3]), rgb=UNKNOWN, text='', units='height', win=Window(...), wrapWidth=1)
15.6725 	EXP 	Created leftCL = Rect(__class__=<class 'psychopy.visual.rect.Rect'>, anchor=('center', 'center'), autoDraw=False, autoLog=True, closeShape=True, color=method-wrapper(...), colorSpace='rgb', contrast=None, depth=-4.0, fillColor=array([1., 1., 1.]), fillColorSpace='rgb', fillRGB=array([1., 1., 1.]), interpolate=True, lineColor=array([1, 1, 1]), lineColorSpace='rgb', lineRGB=array([1, 1, 1]), lineWidth=3, name='leftCL', opacity=0.5, ori=0.0, pos=array([-0.2, -0.3]), size=array([-0.2, -0.2]), units='height', vertices=ndarray(...), win=Window(...))
15.6734 	EXP 	Created rightCL = Rect(__class__=<class 'psychopy.visual.rect.Rect'>, anchor=('center', 'center'), autoDraw=False, autoLog=True, closeShape=True, color=method-wrapper(...), colorSpace='rgb', contrast=None, depth=-5.0, fillColor=array([1., 1., 1.]), fillColorSpace='rgb', fillRGB=array([1., 1., 1.]), interpolate=True, lineColor=array([1, 1, 1]), lineColorSpace='rgb', lineRGB=array([1, 1, 1]), lineWidth=3, name='rightCL', opacity=0.5, ori=0.0, pos=array([ 0.2, -0.3]), size=array([0.2, 0.2]), units='height', vertices=ndarray(...), win=Window(...))
15.6734 	EXP 	window1: mouseVisible = True
15.6739 	EXP 	Sound clickedSound set volume 1.000
15.6776 	EXP 	Created retIMG = ImageStim(__class__=<class 'psychopy.visual.image.ImageStim'>, anchor=('center', 'center'), autoLog=True, color=array([1, 1, 1]), colorSpace='rgb', contrast=1.0, depth=-1.0, flipHoriz=False, flipVert=False, image='sin', interpolate=True, mask=None, maskParams=None, name='retIMG', opacity=1.0, ori=0.0, pos=array([0., 0.]), size=array([0.25, 0.25]), texRes=128, units='height', win=Window(...))
15.6863 	EXP 	Sound sound_pop7 set volume 1.000
15.6888 	EXP 	Created question_text = TextStim(__class__=<class 'psychopy.visual.text.TextStim'>, alignHoriz=method-wrapper(...), alignText='center', alignVert=method-wrapper(...), anchorHoriz='center', anchorVert='center', antialias=True, autoDraw=False, autoLog=True, bold=False, color=array([1, 1, 1]), colorSpace='rgb', contrast=1.0, depth=0.0, flipHoriz=False, flipVert=False, font='Arial', fontFiles=[], height=0.03, italic=False, languageStyle='LTR', name='question_text', opacity=1.0, ori=0, pos=array([0. , 0.3]), rgb=UNKNOWN, text='When did you see this object?', units='height', win=Window(...), wrapWidth=1)
15.6911 	EXP 	Created decisionQ_2 = TextStim(__class__=<class 'psychopy.visual.text.TextStim'>, alignHoriz=method-wrapper(...), alignText='center', alignVert=method-wrapper(...), anchorHoriz='center', anchorVert='center', antialias=True, autoDraw=False, autoLog=True, bold=False, color=array([1, 1, 1]), colorSpace='rgb', contrast=1.0, depth=-1.0, flipHoriz=False, flipVert=False, font='Arial', fontFiles=[], height=0.03, italic=False, languageStyle='LTR', name='decisionQ_2', opacity=1.0, ori=0, pos=array([0. , 0.3]), rgb=UNKNOWN, text='When did you see this object?', units='height', win=Window(...), wrapWidth=1)
15.6918 	EXP 	Created first_left = Rect(__class__=<class 'psychopy.visual.rect.Rect'>, anchor=('center', 'center'), autoDraw=False, autoLog=True, closeShape=True, color=method-wrapper(...), colorSpace='rgb', contrast=None, depth=-2.0, fillColor=array([1, 1, 1]), fillColorSpace='rgb', fillRGB=array([1, 1, 1]), interpolate=True, lineColor=array([1, 1, 1]), lineColorSpace='rgb', lineRGB=array([1, 1, 1]), lineWidth=3, name='first_left', opacity=0.5, ori=0.0, pos=array([0. , 0.1]), size=array([0.15, 0.15]), units='height', vertices=ndarray(...), win=Window(...))
15.6925 	EXP 	Created second_middle = Rect(__class__=<class 'psychopy.visual.rect.Rect'>, anchor=('center', 'center'), autoDraw=False, autoLog=True, closeShape=True, color=method-wrapper(...), colorSpace='rgb', contrast=None, depth=-3.0, fillColor=array([1, 1, 1]), fillColorSpace='rgb', fillRGB=array([1, 1, 1]), interpolate=True, lineColor=array([1, 1, 1]), lineColorSpace='rgb', lineRGB=array([1, 1, 1]), lineWidth=3, name='second_middle', opacity=0.5, ori=0.0, pos=array([ 0. , -0.1]), size=array([0.15, 0.15]), units='height', vertices=ndarray(...), win=Window(...))
15.6932 	EXP 	Created third_right = Rect(__class__=<class 'psychopy.visual.rect.Rect'>, anchor=('center', 'center'), autoDraw=False, autoLog=True, closeShape=True, color=method-wrapper(...), colorSpace='rgb', contrast=None, depth=-4.0, fillColor=array([1, 1, 1]), fillColorSpace='rgb', fillRGB=array([1, 1, 1]), interpolate=True, lineColor=array([1, 1, 1]), lineColorSpace='rgb', lineRGB=array([1, 1, 1]), lineWidth=3, name='third_right', opacity=0.5, ori=0.0, pos=array([ 0. , -0.3]), size=array([0.15, 0.15]), units='height', vertices=ndarray(...), win=Window(...))
15.6957 	EXP 	Created First = TextStim(__class__=<class 'psychopy.visual.text.TextStim'>, alignHoriz=method-wrapper(...), alignText='center', alignVert=method-wrapper(...), anchorHoriz='center', anchorVert='center', antialias=True, autoDraw=False, autoLog=True, bold=False, color=array([1, 1, 1]), colorSpace='rgb', contrast=1.0, depth=-5.0, flipHoriz=False, flipVert=False, font='Arial', fontFiles=[], height=0.03, italic=False, languageStyle='LTR', name='First', opacity=1.0, ori=0, pos=array([0. , 0.1]), rgb=UNKNOWN, text='First', units='height', win=Window(...), wrapWidth=1)
15.6976 	EXP 	Created Second = TextStim(__class__=<class 'psychopy.visual.text.TextStim'>, alignHoriz=method-wrapper(...), alignText='center', alignVert=method-wrapper(...), anchorHoriz='center', anchorVert='center', antialias=True, autoDraw=False, autoLog=True, bold=False, color=array([1, 1, 1]), colorSpace='rgb', contrast=1.0, depth=-6.0, flipHoriz=False, flipVert=False, font='Arial', fontFiles=[], height=0.03, italic=False, languageStyle='LTR', name='Second', opacity=1.0, ori=0, pos=array([ 0. , -0.1]), rgb=UNKNOWN, text='Second', units='height', win=Window(...), wrapWidth=1)
15.6994 	EXP 	Created Third = TextStim(__class__=<class 'psychopy.visual.text.TextStim'>, alignHoriz=method-wrapper(...), alignText='center', alignVert=method-wrapper(...), anchorHoriz='center', anchorVert='center', antialias=True, autoDraw=False, autoLog=True, bold=False, color=array([1, 1, 1]), colorSpace='rgb', contrast=1.0, depth=-7.0, flipHoriz=False, flipVert=False, font='Arial', fontFiles=[], height=0.03, italic=False, languageStyle='LTR', name='Third', opacity=1.0, ori=0, pos=array([ 0. , -0.3]), rgb=UNKNOWN, text='Third', units='height', win=Window(...), wrapWidth=1)
15.6995 	EXP 	window1: mouseVisible = True
15.6999 	EXP 	Sound clickedSound set volume 1.000
15.7079 	EXP 	Created BlockBreak = TextStim(__class__=<class 'psychopy.visual.text.TextStim'>, alignHoriz=method-wrapper(...), alignText='center', alignVert=method-wrapper(...), anchorHoriz='center', anchorVert='center', antialias=True, autoDraw=False, autoLog=True, bold=False, color=array([1, 1, 1]), colorSpace='rgb', contrast=1.0, depth=0.0, flipHoriz=False, flipVert=False, font='Arial', fontFiles=[], height=0.03, italic=False, languageStyle='LTR', name='BlockBreak', opacity=1.0, ori=0, pos=array([0., 0.]), rgb=UNKNOWN, text=str(...), units='height', win=Window(...), wrapWidth=1)
15.7214 	EXP 	Created text_4 = TextStim(__class__=<class 'psychopy.visual.text.TextStim'>, alignHoriz=method-wrapper(...), alignText='center', alignVert=method-wrapper(...), anchorHoriz='center', anchorVert='center', antialias=True, autoDraw=False, autoLog=True, bold=False, color=array([1, 1, 1]), colorSpace='rgb', contrast=1.0, depth=-1.0, flipHoriz=False, flipVert=False, font='Open Sans', fontFiles=[], height=0.03, italic=False, languageStyle='LTR', name='text_4', opacity=1.0, ori=0.0, pos=array([0., 0.]), rgb=UNKNOWN, text=str(...), units='height', win=Window(...), wrapWidth=1)
15.7251 	EXP 	Created Triplet1 = ImageStim(__class__=<class 'psychopy.visual.image.ImageStim'>, anchor=('center', 'center'), autoLog=True, color=array([1, 1, 1]), colorSpace='rgb', contrast=1.0, depth=-1.0, flipHoriz=False, flipVert=False, image='sin', interpolate=True, mask=None, maskParams=None, name='Triplet1', opacity=1.0, ori=0.0, pos=array([0., 0.]), size=array([0.25, 0.25]), texRes=128, units='height', win=Window(...))
15.7295 	EXP 	Created Triplet2 = ImageStim(__class__=<class 'psychopy.visual.image.ImageStim'>, anchor=('center', 'center'), autoLog=True, color=array([1, 1, 1]), colorSpace='rgb', contrast=1.0, depth=-2.0, flipHoriz=False, flipVert=False, image='sin', interpolate=True, mask=None, maskParams=None, name='Triplet2', opacity=1.0, ori=0.0, pos=array([0., 0.]), size=array([0.25, 0.25]), texRes=128, units='height', win=Window(...))
15.7336 	EXP 	Created Triplet3 = ImageStim(__class__=<class 'psychopy.visual.image.ImageStim'>, anchor=('center', 'center'), autoLog=True, color=array([1, 1, 1]), colorSpace='rgb', contrast=1.0, depth=-3.0, flipHoriz=False, flipVert=False, image='sin', interpolate=True, mask=None, maskParams=None, name='Triplet3', opacity=1.0, ori=0.0, pos=array([0., 0.]), size=array([0.25, 0.25]), texRes=128, units='height', win=Window(...))
15.7424 	EXP 	Sound sound_pop set volume 1.000
15.7511 	EXP 	Sound sound_pop2 set volume 1.000
15.7599 	EXP 	Sound sound_pop3 set volume 1.000
15.8461 	EXP 	Created Mask = ImageStim(__class__=<class 'psychopy.visual.image.ImageStim'>, anchor=('center', 'center'), autoLog=True, color=array([1, 1, 1]), colorSpace='rgb', contrast=1.0, depth=0.0, flipHoriz=False, flipVert=False, image='images/Mask.png', interpolate=True, mask=None, maskParams=None, name='Mask', opacity=1.0, ori=0.0, pos=array([0., 0.]), size=array([1.5, 0.5]), texRes=128, units='height', win=Window(...))
15.8513 	EXP 	Created img1 = ImageStim(__class__=<class 'psychopy.visual.image.ImageStim'>, anchor=('center', 'center'), autoLog=True, color=array([1, 1, 1]), colorSpace='rgb', contrast=1.0, depth=-1.0, flipHoriz=False, flipVert=False, image='sin', interpolate=True, mask=None, maskParams=None, name='img1', opacity=1.0, ori=0.0, pos=array([0., 0.]), size=array([0.25, 0.25]), texRes=128, units='height', win=Window(...))
15.8556 	EXP 	Created img2 = ImageStim(__class__=<class 'psychopy.visual.image.ImageStim'>, anchor=('center', 'center'), autoLog=True, color=array([1, 1, 1]), colorSpace='rgb', contrast=1.0, depth=-2.0, flipHoriz=False, flipVert=False, image='sin', interpolate=True, mask=None, maskParams=None, name='img2', opacity=1.0, ori=0.0, pos=array([0., 0.]), size=array([0.25, 0.25]), texRes=128, units='height', win=Window(...))
15.8598 	EXP 	Created img3 = ImageStim(__class__=<class 'psychopy.visual.image.ImageStim'>, anchor=('center', 'center'), autoLog=True, color=array([1, 1, 1]), colorSpace='rgb', contrast=1.0, depth=-3.0, flipHoriz=False, flipVert=False, image='sin', interpolate=True, mask=None, maskParams=None, name='img3', opacity=1.0, ori=0.0, pos=array([0., 0.]), size=array([0.25, 0.25]), texRes=128, units='height', win=Window(...))
15.8686 	EXP 	Sound sound_pop4 set volume 1.000
15.8774 	EXP 	Sound sound_pop5 set volume 1.000
15.8862 	EXP 	Sound sound_pop6 set volume 1.000
15.8897 	EXP 	Created text_2 = TextStim(__class__=<class 'psychopy.visual.text.TextStim'>, alignHoriz=method-wrapper(...), alignText='center', alignVert=method-wrapper(...), anchorHoriz='center', anchorVert='center', antialias=True, autoDraw=False, autoLog=True, bold=False, color=array([1, 1, 1]), colorSpace='rgb', contrast=1.0, depth=0.0, flipHoriz=False, flipVert=False, font='Arial', fontFiles=[], height=0.03, italic=False, languageStyle='LTR', name='text_2', opacity=1.0, ori=0, pos=array([0., 0.]), rgb=UNKNOWN, text=str(...), units='height', win=Window(...), wrapWidth=1)
15.8922 	EXP 	Created text = TextStim(__class__=<class 'psychopy.visual.text.TextStim'>, alignHoriz=method-wrapper(...), alignText='center', alignVert=method-wrapper(...), anchorHoriz='center', anchorVert='center', antialias=True, autoDraw=False, autoLog=True, bold=False, color=array([1, 1, 1]), colorSpace='rgb', contrast=1.0, depth=-1.0, flipHoriz=False, flipVert=False, font='Arial', fontFiles=[], height=0.03, italic=False, languageStyle='LTR', name='text', opacity=1.0, ori=0, pos=array([0., 0.]), rgb=UNKNOWN, text=str(...), units='height', win=Window(...), wrapWidth=1)
15.8927 	EXP 	Created sameText = TextStim(__class__=<class 'psychopy.visual.text.TextStim'>, alignHoriz=method-wrapper(...), alignText='center', alignVert=method-wrapper(...), anchorHoriz='center', anchorVert='center', antialias=True, autoDraw=False, autoLog=True, bold=False, color=array([1, 1, 1]), colorSpace='rgb', contrast=1.0, depth=-2.0, flipHoriz=False, flipVert=False, font='Arial', fontFiles=[], height=0.03, italic=False, languageStyle='LTR', name='sameText', opacity=1.0, ori=0, pos=array([-0.2, -0.3]), rgb=UNKNOWN, text='', units='height', win=Window(...), wrapWidth=1)
15.8932 	EXP 	Created diffText = TextStim(__class__=<class 'psychopy.visual.text.TextStim'>, alignHoriz=method-wrapper(...), alignText='center', alignVert=method-wrapper(...), anchorHoriz='center', anchorVert='center', antialias=True, autoDraw=False, autoLog=True, bold=False, color=array([1, 1, 1]), colorSpace='rgb', contrast=1.0, depth=-3.0, flipHoriz=False, flipVert=False, font='Arial', fontFiles=[], height=0.03, italic=False, languageStyle='LTR', name='diffText', opacity=1.0, ori=0, pos=array([ 0.2, -0.3]), rgb=UNKNOWN, text='', units='height', win=Window(...), wrapWidth=1)
15.8941 	EXP 	Created leftCL = Rect(__class__=<class 'psychopy.visual.rect.Rect'>, anchor=('center', 'center'), autoDraw=False, autoLog=True, closeShape=True, color=method-wrapper(...), colorSpace='rgb', contrast=None, depth=-4.0, fillColor=array([1., 1., 1.]), fillColorSpace='rgb', fillRGB=array([1., 1., 1.]), interpolate=True, lineColor=array([1, 1, 1]), lineColorSpace='rgb', lineRGB=array([1, 1, 1]), lineWidth=3, name='leftCL', opacity=0.5, ori=0.0, pos=array([-0.2, -0.3]), size=array([-0.2, -0.2]), units='height', vertices=ndarray(...), win=Window(...))
15.8950 	EXP 	Created rightCL = Rect(__class__=<class 'psychopy.visual.rect.Rect'>, anchor=('center', 'center'), autoDraw=False, autoLog=True, closeShape=True, color=method-wrapper(...), colorSpace='rgb', contrast=None, depth=-5.0, fillColor=array([1., 1., 1.]), fillColorSpace='rgb', fillRGB=array([1., 1., 1.]), interpolate=True, lineColor=array([1, 1, 1]), lineColorSpace='rgb', lineRGB=array([1, 1, 1]), lineWidth=3, name='rightCL', opacity=0.5, ori=0.0, pos=array([ 0.2, -0.3]), size=array([0.2, 0.2]), units='height', vertices=ndarray(...), win=Window(...))
15.8950 	EXP 	window1: mouseVisible = True
15.8955 	EXP 	Sound clickedSound set volume 1.000
15.8990 	EXP 	Created retIMG = ImageStim(__class__=<class 'psychopy.visual.image.ImageStim'>, anchor=('center', 'center'), autoLog=True, color=array([1, 1, 1]), colorSpace='rgb', contrast=1.0, depth=-1.0, flipHoriz=False, flipVert=False, image='sin', interpolate=True, mask=None, maskParams=None, name='retIMG', opacity=1.0, ori=0.0, pos=array([0., 0.]), size=array([0.25, 0.25]), texRes=128, units='height', win=Window(...))
15.9078 	EXP 	Sound sound_pop7 set volume 1.000
15.9102 	EXP 	Created question_text = TextStim(__class__=<class 'psychopy.visual.text.TextStim'>, alignHoriz=method-wrapper(...), alignText='center', alignVert=method-wrapper(...), anchorHoriz='center', anchorVert='center', antialias=True, autoDraw=False, autoLog=True, bold=False, color=array([1, 1, 1]), colorSpace='rgb', contrast=1.0, depth=0.0, flipHoriz=False, flipVert=False, font='Arial', fontFiles=[], height=0.03, italic=False, languageStyle='LTR', name='question_text', opacity=1.0, ori=0, pos=array([0. , 0.3]), rgb=UNKNOWN, text='When did you see this object?', units='height', win=Window(...), wrapWidth=1)
15.9124 	EXP 	Created decisionQ_2 = TextStim(__class__=<class 'psychopy.visual.text.TextStim'>, alignHoriz=method-wrapper(...), alignText='center', alignVert=method-wrapper(...), anchorHoriz='center', anchorVert='center', antialias=True, autoDraw=False, autoLog=True, bold=False, color=array([1, 1, 1]), colorSpace='rgb', contrast=1.0, depth=-1.0, flipHoriz=False, flipVert=False, font='Arial', fontFiles=[], height=0.03, italic=False, languageStyle='LTR', name='decisionQ_2', opacity=1.0, ori=0, pos=array([0. , 0.3]), rgb=UNKNOWN, text='When did you see this object?', units='height', win=Window(...), wrapWidth=1)
15.9131 	EXP 	Created first_left = Rect(__class__=<class 'psychopy.visual.rect.Rect'>, anchor=('center', 'center'), autoDraw=False, autoLog=True, closeShape=True, color=method-wrapper(...), colorSpace='rgb', contrast=None, depth=-2.0, fillColor=array([1, 1, 1]), fillColorSpace='rgb', fillRGB=array([1, 1, 1]), interpolate=True, lineColor=array([1, 1, 1]), lineColorSpace='rgb', lineRGB=array([1, 1, 1]), lineWidth=3, name='first_left', opacity=0.5, ori=0.0, pos=array([0. , 0.1]), size=array([0.15, 0.15]), units='height', vertices=ndarray(...), win=Window(...))
15.9138 	EXP 	Created second_middle = Rect(__class__=<class 'psychopy.visual.rect.Rect'>, anchor=('center', 'center'), autoDraw=False, autoLog=True, closeShape=True, color=method-wrapper(...), colorSpace='rgb', contrast=None, depth=-3.0, fillColor=array([1, 1, 1]), fillColorSpace='rgb', fillRGB=array([1, 1, 1]), interpolate=True, lineColor=array([1, 1, 1]), lineColorSpace='rgb', lineRGB=array([1, 1, 1]), lineWidth=3, name='second_middle', opacity=0.5, ori=0.0, pos=array([ 0. , -0.1]), size=array([0.15, 0.15]), units='height', vertices=ndarray(...), win=Window(...))
15.9145 	EXP 	Created third_right = Rect(__class__=<class 'psychopy.visual.rect.Rect'>, anchor=('center', 'center'), autoDraw=False, autoLog=True, closeShape=True, color=method-wrapper(...), colorSpace='rgb', contrast=None, depth=-4.0, fillColor=array([1, 1, 1]), fillColorSpace='rgb', fillRGB=array([1, 1, 1]), interpolate=True, lineColor=array([1, 1, 1]), lineColorSpace='rgb', lineRGB=array([1, 1, 1]), lineWidth=3, name='third_right', opacity=0.5, ori=0.0, pos=array([ 0. , -0.3]), size=array([0.15, 0.15]), units='height', vertices=ndarray(...), win=Window(...))
15.9166 	EXP 	Created First = TextStim(__class__=<class 'psychopy.visual.text.TextStim'>, alignHoriz=method-wrapper(...), alignText='center', alignVert=method-wrapper(...), anchorHoriz='center', anchorVert='center', antialias=True, autoDraw=False, autoLog=True, bold=False, color=array([1, 1, 1]), colorSpace='rgb', contrast=1.0, depth=-5.0, flipHoriz=False, flipVert=False, font='Arial', fontFiles=[], height=0.03, italic=False, languageStyle='LTR', name='First', opacity=1.0, ori=0, pos=array([0. , 0.1]), rgb=UNKNOWN, text='First', units='height', win=Window(...), wrapWidth=1)
15.9185 	EXP 	Created Second = TextStim(__class__=<class 'psychopy.visual.text.TextStim'>, alignHoriz=method-wrapper(...), alignText='center', alignVert=method-wrapper(...), anchorHoriz='center', anchorVert='center', antialias=True, autoDraw=False, autoLog=True, bold=False, color=array([1, 1, 1]), colorSpace='rgb', contrast=1.0, depth=-6.0, flipHoriz=False, flipVert=False, font='Arial', fontFiles=[], height=0.03, italic=False, languageStyle='LTR', name='Second', opacity=1.0, ori=0, pos=array([ 0. , -0.1]), rgb=UNKNOWN, text='Second', units='height', win=Window(...), wrapWidth=1)
15.9203 	EXP 	Created Third = TextStim(__class__=<class 'psychopy.visual.text.TextStim'>, alignHoriz=method-wrapper(...), alignText='center', alignVert=method-wrapper(...), anchorHoriz='center', anchorVert='center', antialias=True, autoDraw=False, autoLog=True, bold=False, color=array([1, 1, 1]), colorSpace='rgb', contrast=1.0, depth=-7.0, flipHoriz=False, flipVert=False, font='Arial', fontFiles=[], height=0.03, italic=False, languageStyle='LTR', name='Third', opacity=1.0, ori=0, pos=array([ 0. , -0.3]), rgb=UNKNOWN, text='Third', units='height', win=Window(...), wrapWidth=1)
15.9204 	EXP 	window1: mouseVisible = True
15.9209 	EXP 	Sound clickedSound set volume 1.000
15.9238 	EXP 	Created end = TextStim(__class__=<class 'psychopy.visual.text.TextStim'>, alignHoriz=method-wrapper(...), alignText='center', alignVert=method-wrapper(...), anchorHoriz='center', anchorVert='center', antialias=True, autoDraw=False, autoLog=True, bold=False, color=array([1, 1, 1]), colorSpace='rgb', contrast=1.0, depth=0.0, flipHoriz=False, flipVert=False, font='Arial', fontFiles=[], height=0.03, italic=False, languageStyle='LTR', name='end', opacity=1.0, ori=0, pos=array([0., 0.]), rgb=UNKNOWN, text=str(...), units='height', win=Window(...), wrapWidth=1)
15.9275 	EXP 	Instructions: autoDraw = True
16.2480 	EXP 	Created sequence: random, trialTypes=1, nReps=5, seed=None
16.2481 	EXP 	New trial (rep=0, index=0): None
16.2492 	DATA 	Keypress: space
16.2646 	EXP 	Instructions: autoDraw = False
16.2646 	EXP 	fixation: autoDraw = True
18.1469 	EXP 	Sound sound_pop started
18.1483 	EXP 	fixation: autoDraw = False
18.1483 	EXP 	fixation: autoDraw = False
18.1483 	EXP 	Triplet1: image = 'images/OBJ_137.png'
18.1483 	EXP 	Triplet2: image = 'images/OBJ_171.png'
18.1483 	EXP 	Triplet3: image = 'images/OBJ_128.png'
18.1483 	EXP 	Triplet1: autoDraw = True
18.5263 	EXP 	Sound sound_pop reached end of file
19.6631 	EXP 	Triplet1: autoDraw = False
20.1468 	EXP 	Sound sound_pop2 started
20.1463 	EXP 	Triplet2: autoDraw = True
20.5173 	EXP 	Sound sound_pop2 reached end of file
21.6459 	EXP 	Triplet2: autoDraw = False
22.1462 	EXP 	Sound sound_pop3 started
22.1457 	EXP 	Triplet3: autoDraw = True
22.5164 	EXP 	Sound sound_pop3 reached end of file
23.6453 	EXP 	Triplet3: autoDraw = False
23.6453 	EXP 	Triplet1: autoDraw = False
23.6453 	EXP 	Triplet2: autoDraw = False
23.6453 	EXP 	Triplet3: autoDraw = False
23.6453 	EXP 	Mask: autoDraw = True
25.2948 	EXP 	Sound sound_pop4 started
25.2980 	EXP 	Mask: autoDraw = False
25.2980 	EXP 	Mask: autoDraw = False
25.2980 	EXP 	img1: image = 'images/OBJ_137.png'
25.2980 	EXP 	img2: image = 'images/OBJ_171.png'
25.2980 	EXP 	img3: image = 'images/OBJ_128.png'
25.2980 	EXP 	img1: autoDraw = True
25.6773 	EXP 	Sound sound_pop4 reached end of file
26.8115 	EXP 	img1: autoDraw = False
27.2942 	EXP 	Sound sound_pop5 started
27.2942 	EXP 	img2: autoDraw = True
27.6580 	EXP 	Sound sound_pop5 reached end of file
28.7938 	EXP 	img2: autoDraw = False
29.2937 	EXP 	Sound sound_pop6 started
29.2937 	EXP 	img3: autoDraw = True
29.6572 	EXP 	Sound sound_pop6 reached end of file
30.7932 	EXP 	img3: autoDraw = False
30.7932 	EXP 	img1: autoDraw = False
30.7932 	EXP 	img2: autoDraw = False
30.7932 	EXP 	img3: autoDraw = False
30.7932 	EXP 	text_2: autoDraw = True
31.7934 	EXP 	text_2: autoDraw = False
31.7934 	EXP 	text_2: autoDraw = False
31.7934 	EXP 	sameText: height = 0.03
31.7934 	EXP 	sameText: height = 0.03
31.7934 	EXP 	sameText: height = 0.03
31.7934 	EXP 	sameText: text = 'Same'
31.7934 	EXP 	diffText: height = 0.03
31.7934 	EXP 	diffText: height = 0.03
31.7934 	EXP 	diffText: height = 0.03
31.7934 	EXP 	diffText: text = 'Different'
31.7934 	EXP 	text: autoDraw = True
31.7934 	EXP 	sameText: autoDraw = True
31.7934 	EXP 	diffText: autoDraw = True
31.7934 	EXP 	leftCL: autoDraw = True
31.7934 	EXP 	rightCL: autoDraw = True
33.1432 	DATA 	Mouse: Left button down, pos=(460,152)
33.1597 	EXP 	Sound clickedSound started
33.1593 	EXP 	text: autoDraw = False
33.1593 	EXP 	sameText: autoDraw = False
33.1593 	EXP 	diffText: autoDraw = False
33.1593 	EXP 	leftCL: autoDraw = False
33.1593 	EXP 	rightCL: autoDraw = False
33.2600 	DATA 	Mouse:  Left button up, pos=(460,152)
33.6678 	EXP 	Sound clickedSound stopped
33.6682 	EXP 	New trial (rep=1, index=0): None
33.6714 	EXP 	fixation: autoDraw = True
35.4919 	EXP 	Sound sound_pop started
35.4927 	EXP 	fixation: autoDraw = False
35.4927 	EXP 	fixation: autoDraw = False
35.4927 	EXP 	Triplet1: image = 'images/OBJ_35.png'
35.4927 	EXP 	Triplet2: image = 'images/OBJ_89.png'
35.4927 	EXP 	Triplet3: image = 'images/OBJ_126.png'
35.4927 	EXP 	Triplet1: autoDraw = True
35.8667 	EXP 	Sound sound_pop reached end of file
37.0081 	EXP 	Triplet1: autoDraw = False
37.4917 	EXP 	Sound sound_pop2 started
37.4914 	EXP 	Triplet2: autoDraw = True
37.8577 	EXP 	Sound sound_pop2 reached end of file
38.9908 	EXP 	Triplet2: autoDraw = False
39.4907 	EXP 	Sound sound_pop3 started
39.4907 	EXP 	Triplet3: autoDraw = True
39.8491 	EXP 	Sound sound_pop3 reached end of file
40.9903 	EXP 	Triplet3: autoDraw = False
40.9903 	EXP 	Triplet1: autoDraw = False
40.9903 	EXP 	Triplet2: autoDraw = False
40.9903 	EXP 	Triplet3: autoDraw = False
40.9903 	EXP 	Mask: autoDraw = True
42.5565 	EXP 	Sound sound_pop4 started
42.5605 	EXP 	Mask: autoDraw = False
42.5605 	EXP 	Mask: autoDraw = False
42.5605 	EXP 	img1: image = 'images/OBJ_35.png'
42.5605 	EXP 	img2: image = 'images/OBJ_89.png'
42.5605 	EXP 	img3: image = 'images/OBJ_126.png'
42.5605 	EXP 	img1: autoDraw = True
42.9382 	EXP 	Sound sound_pop4 reached end of file
44.0727 	EXP 	img1: autoDraw = False
44.5560 	EXP 	Sound sound_pop5 started
44.5559 	EXP 	img2: autoDraw = True
44.9170 	EXP 	Sound sound_pop5 reached end of file
46.0554 	EXP 	img2: autoDraw = False
46.5558 	EXP 	Sound sound_pop6 started
46.5553 	EXP 	img3: autoDraw = True
46.9182 	EXP 	Sound sound_pop6 reached end of file
48.0549 	EXP 	img3: autoDraw = False
48.0549 	EXP 	img1: autoDraw = False
48.0549 	EXP 	img2: autoDraw = False
48.0549 	EXP 	img3: autoDraw = False
48.0549 	EXP 	text_2: autoDraw = True
49.0546 	EXP 	text_2: autoDraw = False
49.0546 	EXP 	text_2: autoDraw = False
49.0546 	EXP 	sameText: text = 'Same'
49.0546 	EXP 	diffText: text = 'Different'
49.0546 	EXP 	text: autoDraw = True
49.0546 	EXP 	sameText: autoDraw = True
49.0546 	EXP 	diffText: autoDraw = True
49.0546 	EXP 	leftCL: autoDraw = True
49.0546 	EXP 	rightCL: autoDraw = True
50.2710 	DATA 	Mouse: Left button down, pos=(520,165)
50.2875 	EXP 	Sound clickedSound started
50.2876 	EXP 	text: autoDraw = False
50.2876 	EXP 	sameText: autoDraw = False
50.2876 	EXP 	diffText: autoDraw = False
50.2876 	EXP 	leftCL: autoDraw = False
50.2876 	EXP 	rightCL: autoDraw = False
50.4216 	DATA 	Mouse:  Left button up, pos=(519,165)
50.7883 	EXP 	Sound clickedSound stopped
50.7885 	EXP 	New trial (rep=2, index=0): None
50.7916 	EXP 	fixation: autoDraw = True
52.6036 	EXP 	Sound sound_pop started
52.6034 	EXP 	fixation: autoDraw = False
52.6034 	EXP 	fixation: autoDraw = False
52.6034 	EXP 	Triplet1: image = 'images/OBJ_47.png'
52.6034 	EXP 	Triplet2: image = 'images/OBJ_41.png'
52.6034 	EXP 	Triplet3: image = 'images/OBJ_36.png'
52.6034 	EXP 	Triplet1: autoDraw = True
52.9789 	EXP 	Sound sound_pop reached end of file
54.1031 	EXP 	Triplet1: autoDraw = False
54.6029 	EXP 	Sound sound_pop2 started
54.6033 	EXP 	Triplet2: autoDraw = True
54.9679 	EXP 	Sound sound_pop2 reached end of file
56.1025 	EXP 	Triplet2: autoDraw = False
56.6024 	EXP 	Sound sound_pop3 started
56.6024 	EXP 	Triplet3: autoDraw = True
56.9690 	EXP 	Sound sound_pop3 reached end of file
58.1019 	EXP 	Triplet3: autoDraw = False
58.1019 	EXP 	Triplet1: autoDraw = False
58.1019 	EXP 	Triplet2: autoDraw = False
58.1019 	EXP 	Triplet3: autoDraw = False
58.1019 	EXP 	Mask: autoDraw = True
59.6847 	EXP 	Sound sound_pop4 started
59.6772 	EXP 	Mask: autoDraw = False
59.6772 	EXP 	Mask: autoDraw = False
59.6772 	EXP 	img1: image = 'images/OBJ_41.png'
59.6772 	EXP 	img2: image = 'images/OBJ_47.png'
59.6772 	EXP 	img3: image = 'images/OBJ_36.png'
59.6772 	EXP 	img1: autoDraw = True
60.0482 	EXP 	Sound sound_pop4 reached end of file
61.1844 	EXP 	img1: autoDraw = False
61.6676 	EXP 	Sound sound_pop5 started
61.6676 	EXP 	img2: autoDraw = True
62.0292 	EXP 	Sound sound_pop5 reached end of file
63.1671 	EXP 	img2: autoDraw = False
63.6675 	EXP 	Sound sound_pop6 started
63.6670 	EXP 	img3: autoDraw = True
64.0284 	EXP 	Sound sound_pop6 reached end of file
65.1666 	EXP 	img3: autoDraw = False
65.1666 	EXP 	img1: autoDraw = False
65.1666 	EXP 	img2: autoDraw = False
65.1666 	EXP 	img3: autoDraw = False
65.1666 	EXP 	text_2: autoDraw = True
66.1663 	EXP 	text_2: autoDraw = False
66.1663 	EXP 	text_2: autoDraw = False
66.1663 	EXP 	sameText: text = 'Same'
66.1663 	EXP 	diffText: text = 'Different'
66.1663 	EXP 	text: autoDraw = True
66.1663 	EXP 	sameText: autoDraw = True
66.1663 	EXP 	diffText: autoDraw = True
66.1663 	EXP 	leftCL: autoDraw = True
66.1663 	EXP 	rightCL: autoDraw = True
66.6505 	DATA 	Mouse: Left button down, pos=(785,255)
66.6661 	EXP 	Sound clickedSound started
66.6661 	EXP 	text: autoDraw = False
66.6661 	EXP 	sameText: autoDraw = False
66.6661 	EXP 	diffText: autoDraw = False
66.6661 	EXP 	leftCL: autoDraw = False
66.6661 	EXP 	rightCL: autoDraw = False
66.7664 	DATA 	Mouse:  Left button up, pos=(785,255)
67.1688 	EXP 	Sound clickedSound stopped
67.1691 	EXP 	New trial (rep=3, index=0): None
67.1723 	EXP 	fixation: autoDraw = True
68.9988 	EXP 	Sound sound_pop started
68.9877 	EXP 	fixation: autoDraw = False
68.9877 	EXP 	fixation: autoDraw = False
68.9877 	EXP 	Triplet1: image = 'images/OBJ_111.png'
68.9877 	EXP 	Triplet2: image = 'images/OBJ_55.png'
68.9877 	EXP 	Triplet3: image = 'images/OBJ_69.png'
68.9877 	EXP 	Triplet1: autoDraw = True
69.3595 	EXP 	Sound sound_pop reached end of file
70.4983 	EXP 	Triplet1: autoDraw = False
70.9815 	EXP 	Sound sound_pop2 started
70.9815 	EXP 	Triplet2: autoDraw = True
71.3484 	EXP 	Sound sound_pop2 reached end of file
72.4811 	EXP 	Triplet2: autoDraw = False
72.9809 	EXP 	Sound sound_pop3 started
72.9810 	EXP 	Triplet3: autoDraw = True
73.3496 	EXP 	Sound sound_pop3 reached end of file
74.4805 	EXP 	Triplet3: autoDraw = False
74.4805 	EXP 	Triplet1: autoDraw = False
74.4805 	EXP 	Triplet2: autoDraw = False
74.4805 	EXP 	Triplet3: autoDraw = False
74.4805 	EXP 	Mask: autoDraw = True
76.0638 	EXP 	Sound sound_pop4 started
76.0622 	EXP 	Mask: autoDraw = False
76.0622 	EXP 	Mask: autoDraw = False
76.0622 	EXP 	img1: image = 'images/OBJ_111.png'
76.0622 	EXP 	img2: image = 'images/OBJ_55.png'
76.0622 	EXP 	img3: image = 'images/OBJ_69.png'
76.0622 	EXP 	img1: autoDraw = True
76.4392 	EXP 	Sound sound_pop4 reached end of file
77.5629 	EXP 	img1: autoDraw = False
78.0627 	EXP 	Sound sound_pop5 started
78.0628 	EXP 	img2: autoDraw = True
78.4281 	EXP 	Sound sound_pop5 reached end of file
79.5623 	EXP 	img2: autoDraw = False
80.0622 	EXP 	Sound sound_pop6 started
80.0622 	EXP 	img3: autoDraw = True
80.4293 	EXP 	Sound sound_pop6 reached end of file
81.5623 	EXP 	img3: autoDraw = False
81.5623 	EXP 	img1: autoDraw = False
81.5623 	EXP 	img2: autoDraw = False
81.5623 	EXP 	img3: autoDraw = False
81.5623 	EXP 	text_2: autoDraw = True
82.5620 	EXP 	text_2: autoDraw = False
82.5620 	EXP 	text_2: autoDraw = False
82.5620 	EXP 	sameText: text = 'Same'
82.5620 	EXP 	diffText: text = 'Different'
82.5620 	EXP 	text: autoDraw = True
82.5620 	EXP 	sameText: autoDraw = True
82.5620 	EXP 	diffText: autoDraw = True
82.5620 	EXP 	leftCL: autoDraw = True
82.5620 	EXP 	rightCL: autoDraw = True
82.8782 	DATA 	Mouse: Left button down, pos=(490,160)
82.8947 	EXP 	Sound clickedSound started
82.8948 	EXP 	text: autoDraw = False
82.8948 	EXP 	sameText: autoDraw = False
82.8948 	EXP 	diffText: autoDraw = False
82.8948 	EXP 	leftCL: autoDraw = False
82.8948 	EXP 	rightCL: autoDraw = False
83.0122 	DATA 	Mouse:  Left button up, pos=(490,160)
83.3986 	EXP 	Sound clickedSound stopped
83.3989 	EXP 	New trial (rep=4, index=0): None
83.4022 	EXP 	fixation: autoDraw = True
85.2279 	EXP 	Sound sound_pop started
85.2165 	EXP 	fixation: autoDraw = False
85.2165 	EXP 	fixation: autoDraw = False
85.2165 	EXP 	Triplet1: image = 'images/OBJ_188.png'
85.2165 	EXP 	Triplet2: image = 'images/OBJ_98.png'
85.2165 	EXP 	Triplet3: image = 'images/OBJ_140.png'
85.2165 	EXP 	Triplet1: autoDraw = True
85.5893 	EXP 	Sound sound_pop reached end of file
86.7269 	EXP 	Triplet1: autoDraw = False
87.2101 	EXP 	Sound sound_pop2 started
87.2101 	EXP 	Triplet2: autoDraw = True
87.5687 	EXP 	Sound sound_pop2 reached end of file
88.7097 	EXP 	Triplet2: autoDraw = False
89.2095 	EXP 	Sound sound_pop3 started
89.2095 	EXP 	Triplet3: autoDraw = True
89.5794 	EXP 	Sound sound_pop3 reached end of file
90.7091 	EXP 	Triplet3: autoDraw = False
90.7091 	EXP 	Triplet1: autoDraw = False
90.7091 	EXP 	Triplet2: autoDraw = False
90.7091 	EXP 	Triplet3: autoDraw = False
90.7091 	EXP 	Mask: autoDraw = True
92.2920 	EXP 	Sound sound_pop4 started
92.2909 	EXP 	Mask: autoDraw = False
92.2909 	EXP 	Mask: autoDraw = False
92.2909 	EXP 	img1: image = 'images/OBJ_188.png'
92.2909 	EXP 	img2: image = 'images/OBJ_98.png'
92.2909 	EXP 	img3: image = 'images/OBJ_140.png'
92.2909 	EXP 	img1: autoDraw = True
92.6586 	EXP 	Sound sound_pop4 reached end of file
93.7915 	EXP 	img1: autoDraw = False
94.2913 	EXP 	Sound sound_pop5 started
94.2914 	EXP 	img2: autoDraw = True
94.6518 	EXP 	Sound sound_pop5 reached end of file
95.7913 	EXP 	img2: autoDraw = False
96.2908 	EXP 	Sound sound_pop6 started
96.2908 	EXP 	img3: autoDraw = True
96.6495 	EXP 	Sound sound_pop6 reached end of file
97.7904 	EXP 	img3: autoDraw = False
97.7904 	EXP 	img1: autoDraw = False
97.7904 	EXP 	img2: autoDraw = False
97.7904 	EXP 	img3: autoDraw = False
97.7904 	EXP 	text_2: autoDraw = True
98.7901 	EXP 	text_2: autoDraw = False
98.7901 	EXP 	text_2: autoDraw = False
98.7901 	EXP 	sameText: text = 'Same'
98.7901 	EXP 	diffText: text = 'Different'
98.7901 	EXP 	text: autoDraw = True
98.7901 	EXP 	sameText: autoDraw = True
98.7901 	EXP 	diffText: autoDraw = True
98.7901 	EXP 	leftCL: autoDraw = True
98.7901 	EXP 	rightCL: autoDraw = True
99.1573 	DATA 	Mouse: Left button down, pos=(490,160)
99.1738 	EXP 	Sound clickedSound started
99.1733 	EXP 	text: autoDraw = False
99.1733 	EXP 	sameText: autoDraw = False
99.1733 	EXP 	diffText: autoDraw = False
99.1733 	EXP 	leftCL: autoDraw = False
99.1733 	EXP 	rightCL: autoDraw = False
99.2575 	DATA 	Mouse:  Left button up, pos=(490,160)
99.6794 	EXP 	Sound clickedSound stopped
99.6799 	EXP 	Created sequence: random, trialTypes=1, nReps=6, seed=None
99.6800 	EXP 	New trial (rep=0, index=0): None
99.9731 	EXP 	Sound sound_pop7 started
99.9642 	EXP 	retIMG: image = 'images/OBJ_140.png'
99.9642 	EXP 	retIMG: autoDraw = True
100.3394 	EXP 	Sound sound_pop7 reached end of file
101.4726 	EXP 	retIMG: autoDraw = False
101.4726 	EXP 	retIMG: autoDraw = False
101.4726 	EXP 	question_text: autoDraw = True
102.4730 	EXP 	question_text: autoDraw = False
102.4730 	EXP 	question_text: autoDraw = False
102.4730 	EXP 	decisionQ_2: autoDraw = True
103.4388 	EXP 	first_left: autoDraw = True
103.4388 	EXP 	second_middle: autoDraw = True
103.4388 	EXP 	third_right: autoDraw = True
103.4388 	EXP 	First: autoDraw = True
103.4388 	EXP 	Second: autoDraw = True
103.4388 	EXP 	Third: autoDraw = True
103.7406 	DATA 	Mouse: Left button down, pos=(673,354)
103.7720 	EXP 	Sound clickedSound started
103.7720 	EXP 	decisionQ_2: autoDraw = False
103.7720 	EXP 	first_left: autoDraw = False
103.7720 	EXP 	second_middle: autoDraw = False
103.7720 	EXP 	third_right: autoDraw = False
103.7720 	EXP 	First: autoDraw = False
103.7720 	EXP 	Second: autoDraw = False
103.7720 	EXP 	Third: autoDraw = False
103.8556 	DATA 	Mouse:  Left button up, pos=(674,354)
104.2708 	EXP 	Sound clickedSound stopped
104.2712 	EXP 	New trial (rep=1, index=0): None
104.5218 	EXP 	Sound sound_pop7 started
104.5192 	EXP 	retIMG: image = 'images/OBJ_98.png'
104.5192 	EXP 	retIMG: autoDraw = True
104.8901 	EXP 	Sound sound_pop7 reached end of file
106.0213 	EXP 	retIMG: autoDraw = False
106.0213 	EXP 	retIMG: autoDraw = False
106.0213 	EXP 	question_text: autoDraw = True
107.0210 	EXP 	question_text: autoDraw = False
107.0210 	EXP 	question_text: autoDraw = False
107.0210 	EXP 	decisionQ_2: autoDraw = True
107.9874 	EXP 	first_left: autoDraw = True
107.9874 	EXP 	second_middle: autoDraw = True
107.9874 	EXP 	third_right: autoDraw = True
107.9874 	EXP 	First: autoDraw = True
107.9874 	EXP 	Second: autoDraw = True
107.9874 	EXP 	Third: autoDraw = True
108.3041 	DATA 	Mouse: Left button down, pos=(631,224)
108.3206 	EXP 	Sound clickedSound started
108.3206 	EXP 	decisionQ_2: autoDraw = False
108.3206 	EXP 	first_left: autoDraw = False
108.3206 	EXP 	second_middle: autoDraw = False
108.3206 	EXP 	third_right: autoDraw = False
108.3206 	EXP 	First: autoDraw = False
108.3206 	EXP 	Second: autoDraw = False
108.3206 	EXP 	Third: autoDraw = False
108.4382 	DATA 	Mouse:  Left button up, pos=(631,224)
108.8193 	EXP 	Sound clickedSound stopped
108.8196 	EXP 	New trial (rep=2, index=0): None
109.0704 	EXP 	Sound sound_pop7 started
109.0636 	EXP 	retIMG: image = 'images/OBJ_137.png'
109.0636 	EXP 	retIMG: autoDraw = True
109.4308 	EXP 	Sound sound_pop7 reached end of file
110.5700 	EXP 	retIMG: autoDraw = False
110.5700 	EXP 	retIMG: autoDraw = False
110.5700 	EXP 	question_text: autoDraw = True
111.5697 	EXP 	question_text: autoDraw = False
111.5697 	EXP 	question_text: autoDraw = False
111.5697 	EXP 	decisionQ_2: autoDraw = True
112.5527 	EXP 	first_left: autoDraw = True
112.5527 	EXP 	second_middle: autoDraw = True
112.5527 	EXP 	third_right: autoDraw = True
112.5527 	EXP 	First: autoDraw = True
112.5527 	EXP 	Second: autoDraw = True
112.5527 	EXP 	Third: autoDraw = True
113.3027 	DATA 	Mouse: Left button down, pos=(641,562)
113.3192 	EXP 	Sound clickedSound started
113.3192 	EXP 	decisionQ_2: autoDraw = False
113.3192 	EXP 	first_left: autoDraw = False
113.3192 	EXP 	second_middle: autoDraw = False
113.3192 	EXP 	third_right: autoDraw = False
113.3192 	EXP 	First: autoDraw = False
113.3192 	EXP 	Second: autoDraw = False
113.3192 	EXP 	Third: autoDraw = False
113.4699 	DATA 	Mouse:  Left button up, pos=(641,562)
113.8304 	EXP 	Sound clickedSound stopped
113.8307 	EXP 	New trial (rep=3, index=0): None
114.0523 	EXP 	Sound sound_pop7 started
114.0468 	EXP 	retIMG: image = 'images/OBJ_55.png'
114.0468 	EXP 	retIMG: autoDraw = True
114.4194 	EXP 	Sound sound_pop7 reached end of file
115.5518 	EXP 	retIMG: autoDraw = False
115.5518 	EXP 	retIMG: autoDraw = False
115.5518 	EXP 	question_text: autoDraw = True
116.5522 	EXP 	question_text: autoDraw = False
116.5522 	EXP 	question_text: autoDraw = False
116.5522 	EXP 	decisionQ_2: autoDraw = True
117.5346 	EXP 	first_left: autoDraw = True
117.5346 	EXP 	second_middle: autoDraw = True
117.5346 	EXP 	third_right: autoDraw = True
117.5346 	EXP 	First: autoDraw = True
117.5346 	EXP 	Second: autoDraw = True
117.5346 	EXP 	Third: autoDraw = True
118.2346 	DATA 	Mouse: Left button down, pos=(634,376)
118.2510 	EXP 	Sound clickedSound started
118.2511 	EXP 	decisionQ_2: autoDraw = False
118.2511 	EXP 	first_left: autoDraw = False
118.2511 	EXP 	second_middle: autoDraw = False
118.2511 	EXP 	third_right: autoDraw = False
118.2511 	EXP 	First: autoDraw = False
118.2511 	EXP 	Second: autoDraw = False
118.2511 	EXP 	Third: autoDraw = False
118.3680 	DATA 	Mouse:  Left button up, pos=(634,376)
118.7500 	EXP 	Sound clickedSound stopped
118.7503 	EXP 	New trial (rep=4, index=0): None
119.0175 	EXP 	Sound sound_pop7 started
119.0099 	EXP 	retIMG: image = 'images/OBJ_89.png'
119.0099 	EXP 	retIMG: autoDraw = True
119.3897 	EXP 	Sound sound_pop7 reached end of file
120.5176 	EXP 	retIMG: autoDraw = False
120.5176 	EXP 	retIMG: autoDraw = False
120.5176 	EXP 	question_text: autoDraw = True
121.5173 	EXP 	question_text: autoDraw = False
121.5173 	EXP 	question_text: autoDraw = False
121.5173 	EXP 	decisionQ_2: autoDraw = True
122.4831 	EXP 	first_left: autoDraw = True
122.4831 	EXP 	second_middle: autoDraw = True
122.4831 	EXP 	third_right: autoDraw = True
122.4831 	EXP 	First: autoDraw = True
122.4831 	EXP 	Second: autoDraw = True
122.4831 	EXP 	Third: autoDraw = True
122.8521 	DATA 	Mouse: Left button down, pos=(634,375)
122.8831 	EXP 	Sound clickedSound started
122.8830 	EXP 	decisionQ_2: autoDraw = False
122.8830 	EXP 	first_left: autoDraw = False
122.8830 	EXP 	second_middle: autoDraw = False
122.8830 	EXP 	third_right: autoDraw = False
122.8830 	EXP 	First: autoDraw = False
122.8830 	EXP 	Second: autoDraw = False
122.8830 	EXP 	Third: autoDraw = False
123.0167 	DATA 	Mouse:  Left button up, pos=(634,375)
123.3902 	EXP 	Sound clickedSound stopped
123.3904 	EXP 	New trial (rep=5, index=0): None
123.6662 	EXP 	Sound sound_pop7 started
123.6629 	EXP 	retIMG: image = 'images/OBJ_35.png'
123.6629 	EXP 	retIMG: autoDraw = True
124.0402 	EXP 	Sound sound_pop7 reached end of file
125.1657 	EXP 	retIMG: autoDraw = False
125.1657 	EXP 	retIMG: autoDraw = False
125.1657 	EXP 	question_text: autoDraw = True
126.1654 	EXP 	question_text: autoDraw = False
126.1654 	EXP 	question_text: autoDraw = False
126.1654 	EXP 	decisionQ_2: autoDraw = True
127.1485 	EXP 	first_left: autoDraw = True
127.1485 	EXP 	second_middle: autoDraw = True
127.1485 	EXP 	third_right: autoDraw = True
127.1485 	EXP 	First: autoDraw = True
127.1485 	EXP 	Second: autoDraw = True
127.1485 	EXP 	Third: autoDraw = True
127.7818 	DATA 	Mouse: Left button down, pos=(644,551)
127.7983 	EXP 	Sound clickedSound started
127.7983 	EXP 	decisionQ_2: autoDraw = False
127.7983 	EXP 	first_left: autoDraw = False
127.7983 	EXP 	second_middle: autoDraw = False
127.7983 	EXP 	third_right: autoDraw = False
127.7983 	EXP 	First: autoDraw = False
127.7983 	EXP 	Second: autoDraw = False
127.7983 	EXP 	Third: autoDraw = False
127.9320 	DATA 	Mouse:  Left button up, pos=(644,551)
128.3016 	EXP 	Sound clickedSound stopped
128.3049 	EXP 	BlockBreak: autoDraw = True
129.7817 	DATA 	Keypress: quoteleft
130.2982 	DATA 	Keypress: escape
132.9817 	EXP 	window1: mouseVisible = True
132.9818 	EXP 	window1: mouseVisible = True
132.9818 	EXP 	window1: mouseVisible = True
132.9818 	EXP 	window1: mouseVisible = True
132.9819 	EXP 	window1: mouseVisible = True
132.9819 	EXP 	window1: mouseVisible = True
132.9819 	EXP 	window1: mouseVisible = True
132.9820 	EXP 	window1: mouseVisible = True
132.9820 	EXP 	window1: mouseVisible = True
132.9820 	EXP 	window1: mouseVisible = True
132.9820 	EXP 	window1: mouseVisible = True
132.9821 	EXP 	window1: mouseVisible = True
132.9821 	EXP 	window1: mouseVisible = True
132.9821 	EXP 	window1: mouseVisible = True
132.9822 	EXP 	window1: mouseVisible = True
132.9822 	EXP 	window1: mouseVisible = True
132.9822 	EXP 	window1: mouseVisible = True
132.9823 	EXP 	window1: mouseVisible = True
132.9823 	EXP 	window1: mouseVisible = True
132.9823 	EXP 	window1: mouseVisible = True
132.9823 	EXP 	window1: mouseVisible = True
132.9824 	EXP 	window1: mouseVisible = True
132.9824 	EXP 	window1: mouseVisible = True
132.9824 	EXP 	window1: mouseVisible = True
132.9824 	EXP 	window1: mouseVisible = True
132.9825 	EXP 	window1: mouseVisible = True
132.9825 	EXP 	window1: mouseVisible = True
132.9825 	EXP 	window1: mouseVisible = True
132.9826 	EXP 	window1: mouseVisible = True
132.9826 	EXP 	window1: mouseVisible = True
132.9826 	EXP 	window1: mouseVisible = True
132.9827 	EXP 	window1: mouseVisible = True
132.9827 	EXP 	window1: mouseVisible = True
132.9827 	EXP 	window1: mouseVisible = True
132.9827 	EXP 	window1: mouseVisible = True
132.9828 	EXP 	window1: mouseVisible = True
132.9828 	EXP 	window1: mouseVisible = True
132.9828 	EXP 	window1: mouseVisible = True
132.9829 	EXP 	window1: mouseVisible = True
132.9829 	EXP 	window1: mouseVisible = True
132.9829 	EXP 	window1: mouseVisible = True
132.9829 	EXP 	window1: mouseVisible = True
132.9830 	EXP 	window1: mouseVisible = True
132.9830 	EXP 	window1: mouseVisible = True
132.9830 	EXP 	window1: mouseVisible = True
132.9831 	EXP 	window1: mouseVisible = True
132.9831 	EXP 	window1: mouseVisible = True
132.9831 	EXP 	window1: mouseVisible = True
132.9831 	EXP 	window1: mouseVisible = True
132.9832 	EXP 	window1: mouseVisible = True
132.9832 	EXP 	window1: mouseVisible = True
132.9832 	EXP 	window1: mouseVisible = True
132.9833 	EXP 	window1: mouseVisible = True
132.9833 	EXP 	window1: mouseVisible = True
132.9833 	EXP 	window1: mouseVisible = True
132.9833 	EXP 	window1: mouseVisible = True
132.9834 	EXP 	window1: mouseVisible = True
132.9834 	EXP 	window1: mouseVisible = True
132.9834 	EXP 	window1: mouseVisible = True
132.9835 	EXP 	window1: mouseVisible = True
132.9835 	EXP 	window1: mouseVisible = True
132.9835 	EXP 	window1: mouseVisible = True
132.9835 	EXP 	window1: mouseVisible = True
132.9836 	EXP 	window1: mouseVisible = True
132.9836 	EXP 	window1: mouseVisible = True
132.9836 	EXP 	window1: mouseVisible = True
132.9837 	EXP 	window1: mouseVisible = True
132.9837 	EXP 	window1: mouseVisible = True
132.9837 	EXP 	window1: mouseVisible = True
132.9837 	EXP 	window1: mouseVisible = True
132.9838 	EXP 	window1: mouseVisible = True
132.9838 	EXP 	window1: mouseVisible = True
132.9838 	EXP 	window1: mouseVisible = True
132.9839 	EXP 	window1: mouseVisible = True
132.9839 	EXP 	window1: mouseVisible = True
132.9839 	EXP 	window1: mouseVisible = True
132.9839 	EXP 	window1: mouseVisible = True
132.9840 	EXP 	window1: mouseVisible = True
132.9840 	EXP 	window1: mouseVisible = True
132.9840 	EXP 	window1: mouseVisible = True
132.9841 	EXP 	window1: mouseVisible = True
132.9841 	EXP 	window1: mouseVisible = True
132.9841 	EXP 	window1: mouseVisible = True
132.9842 	EXP 	window1: mouseVisible = True
132.9842 	EXP 	window1: mouseVisible = True
132.9842 	EXP 	window1: mouseVisible = True
132.9842 	EXP 	window1: mouseVisible = True
132.9843 	EXP 	window1: mouseVisible = True
132.9843 	EXP 	window1: mouseVisible = True
132.9843 	EXP 	window1: mouseVisible = True
132.9844 	EXP 	window1: mouseVisible = True
132.9844 	EXP 	window1: mouseVisible = True
132.9844 	EXP 	window1: mouseVisible = True
132.9844 	EXP 	window1: mouseVisible = True
132.9845 	EXP 	window1: mouseVisible = True
132.9845 	EXP 	window1: mouseVisible = True
132.9845 	EXP 	window1: mouseVisible = True
132.9846 	EXP 	window1: mouseVisible = True
132.9846 	EXP 	window1: mouseVisible = True
132.9846 	EXP 	window1: mouseVisible = True
132.9847 	EXP 	window1: mouseVisible = True
132.9847 	EXP 	window1: mouseVisible = True
132.9847 	EXP 	window1: mouseVisible = True
132.9847 	EXP 	window1: mouseVisible = True
132.9848 	EXP 	window1: mouseVisible = True
132.9848 	EXP 	window1: mouseVisible = True
132.9848 	EXP 	window1: mouseVisible = True
132.9849 	EXP 	window1: mouseVisible = True
132.9849 	EXP 	window1: mouseVisible = True
132.9849 	EXP 	window1: mouseVisible = True
132.9849 	EXP 	window1: mouseVisible = True
132.9850 	EXP 	window1: mouseVisible = True
132.9850 	EXP 	window1: mouseVisible = True
132.9850 	EXP 	window1: mouseVisible = True
132.9851 	EXP 	window1: mouseVisible = True
132.9851 	EXP 	window1: mouseVisible = True
132.9851 	EXP 	window1: mouseVisible = True
132.9851 	EXP 	window1: mouseVisible = True
132.9852 	EXP 	window1: mouseVisible = True
132.9852 	EXP 	window1: mouseVisible = True
132.9852 	EXP 	window1: mouseVisible = True
132.9853 	EXP 	window1: mouseVisible = True
132.9853 	EXP 	window1: mouseVisible = True
132.9853 	EXP 	window1: mouseVisible = True
132.9853 	EXP 	window1: mouseVisible = True
132.9854 	EXP 	window1: mouseVisible = True
132.9854 	EXP 	window1: mouseVisible = True
132.9854 	EXP 	window1: mouseVisible = True
132.9855 	EXP 	window1: mouseVisible = True
132.9855 	EXP 	window1: mouseVisible = True
132.9855 	EXP 	window1: mouseVisible = True
132.9855 	EXP 	window1: mouseVisible = True
132.9856 	EXP 	window1: mouseVisible = True
132.9856 	EXP 	window1: mouseVisible = True
132.9856 	EXP 	window1: mouseVisible = True
132.9857 	EXP 	window1: mouseVisible = True
132.9857 	EXP 	window1: mouseVisible = True
132.9857 	EXP 	window1: mouseVisible = True
132.9857 	EXP 	window1: mouseVisible = True
132.9858 	EXP 	window1: mouseVisible = True
132.9858 	EXP 	window1: mouseVisible = True
132.9858 	EXP 	window1: mouseVisible = True
132.9859 	EXP 	window1: mouseVisible = True
132.9859 	EXP 	window1: mouseVisible = True
132.9863 	EXP 	window1: mouseVisible = True
132.9863 	EXP 	window1: mouseVisible = True
132.9863 	EXP 	window1: mouseVisible = True
132.9864 	EXP 	window1: mouseVisible = True
132.9864 	EXP 	window1: mouseVisible = True
132.9864 	EXP 	window1: mouseVisible = True
132.9865 	EXP 	window1: mouseVisible = True
132.9865 	EXP 	window1: mouseVisible = True
132.9865 	EXP 	window1: mouseVisible = True
132.9865 	EXP 	window1: mouseVisible = True
132.9866 	EXP 	window1: mouseVisible = True
132.9866 	EXP 	window1: mouseVisible = True
132.9866 	EXP 	window1: mouseVisible = True
132.9867 	EXP 	window1: mouseVisible = True
132.9867 	EXP 	window1: mouseVisible = True
132.9867 	EXP 	window1: mouseVisible = True
132.9867 	EXP 	window1: mouseVisible = True
132.9868 	EXP 	window1: mouseVisible = True
132.9868 	EXP 	window1: mouseVisible = True
132.9868 	EXP 	window1: mouseVisible = True
132.9869 	EXP 	window1: mouseVisible = True
132.9869 	EXP 	window1: mouseVisible = True
132.9869 	EXP 	window1: mouseVisible = True
132.9870 	EXP 	window1: mouseVisible = True
132.9870 	EXP 	window1: mouseVisible = True
132.9870 	EXP 	window1: mouseVisible = True
132.9870 	EXP 	window1: mouseVisible = True
132.9871 	EXP 	window1: mouseVisible = True
132.9871 	EXP 	window1: mouseVisible = True
132.9871 	EXP 	window1: mouseVisible = True
132.9872 	EXP 	window1: mouseVisible = True
132.9872 	EXP 	window1: mouseVisible = True
132.9872 	EXP 	window1: mouseVisible = True
132.9872 	EXP 	window1: mouseVisible = True
132.9873 	EXP 	window1: mouseVisible = True
132.9873 	EXP 	window1: mouseVisible = True
132.9873 	EXP 	window1: mouseVisible = True
132.9874 	EXP 	window1: mouseVisible = True
132.9874 	EXP 	window1: mouseVisible = True
132.9874 	EXP 	window1: mouseVisible = True
132.9874 	EXP 	window1: mouseVisible = True
132.9875 	EXP 	window1: mouseVisible = True
132.9875 	EXP 	window1: mouseVisible = True
132.9875 	EXP 	window1: mouseVisible = True
132.9876 	EXP 	window1: mouseVisible = True
132.9876 	EXP 	window1: mouseVisible = True
132.9876 	EXP 	window1: mouseVisible = True
132.9876 	EXP 	window1: mouseVisible = True
132.9877 	EXP 	window1: mouseVisible = True
132.9877 	EXP 	window1: mouseVisible = True
132.9877 	EXP 	window1: mouseVisible = True
132.9878 	EXP 	window1: mouseVisible = True
132.9878 	EXP 	window1: mouseVisible = True
132.9878 	EXP 	window1: mouseVisible = True
132.9878 	EXP 	window1: mouseVisible = True
132.9879 	EXP 	window1: mouseVisible = True
132.9879 	EXP 	window1: mouseVisible = True
132.9879 	EXP 	window1: mouseVisible = True
132.9880 	EXP 	window1: mouseVisible = True
132.9880 	EXP 	window1: mouseVisible = True
132.9880 	EXP 	window1: mouseVisible = True
132.9880 	EXP 	window1: mouseVisible = True
132.9881 	EXP 	window1: mouseVisible = True
132.9881 	EXP 	window1: mouseVisible = True
132.9881 	EXP 	window1: mouseVisible = True
132.9882 	EXP 	window1: mouseVisible = True
132.9882 	EXP 	window1: mouseVisible = True
132.9882 	EXP 	window1: mouseVisible = True
132.9883 	EXP 	window1: mouseVisible = True
132.9883 	EXP 	window1: mouseVisible = True
132.9883 	EXP 	window1: mouseVisible = True
132.9883 	EXP 	window1: mouseVisible = True
132.9884 	EXP 	window1: mouseVisible = True
132.9884 	EXP 	window1: mouseVisible = True
132.9884 	EXP 	window1: mouseVisible = True
132.9885 	EXP 	window1: mouseVisible = True
132.9885 	EXP 	window1: mouseVisible = True
132.9885 	EXP 	window1: mouseVisible = True
132.9886 	EXP 	window1: mouseVisible = True
132.9886 	EXP 	window1: mouseVisible = True
132.9886 	EXP 	window1: mouseVisible = True
132.9887 	EXP 	window1: mouseVisible = True
132.9887 	EXP 	window1: mouseVisible = True
132.9887 	EXP 	window1: mouseVisible = True
132.9887 	EXP 	window1: mouseVisible = True
132.9888 	EXP 	window1: mouseVisible = True
132.9888 	EXP 	window1: mouseVisible = True
132.9888 	EXP 	window1: mouseVisible = True
132.9889 	EXP 	window1: mouseVisible = True
132.9889 	EXP 	window1: mouseVisible = True
132.9889 	EXP 	window1: mouseVisible = True
132.9890 	EXP 	window1: mouseVisible = True
132.9890 	EXP 	window1: mouseVisible = True
132.9890 	EXP 	window1: mouseVisible = True
132.9890 	EXP 	window1: mouseVisible = True
132.9891 	EXP 	window1: mouseVisible = True
132.9891 	EXP 	window1: mouseVisible = True
132.9891 	EXP 	window1: mouseVisible = True
132.9892 	EXP 	window1: mouseVisible = True
132.9892 	EXP 	window1: mouseVisible = True
132.9893 	EXP 	window1: mouseVisible = True
132.9893 	EXP 	window1: mouseVisible = True
132.9893 	EXP 	window1: mouseVisible = True
132.9894 	EXP 	window1: mouseVisible = True
132.9894 	EXP 	window1: mouseVisible = True
132.9894 	EXP 	window1: mouseVisible = True
132.9894 	EXP 	window1: mouseVisible = True
132.9895 	EXP 	window1: mouseVisible = True
132.9895 	EXP 	window1: mouseVisible = True
132.9895 	EXP 	window1: mouseVisible = True
132.9896 	EXP 	window1: mouseVisible = True
132.9896 	EXP 	window1: mouseVisible = True
132.9896 	EXP 	window1: mouseVisible = True
132.9897 	EXP 	window1: mouseVisible = True
132.9897 	EXP 	window1: mouseVisible = True
132.9897 	EXP 	window1: mouseVisible = True
132.9897 	EXP 	window1: mouseVisible = True
132.9898 	EXP 	window1: mouseVisible = True
132.9898 	EXP 	window1: mouseVisible = True
132.9898 	EXP 	window1: mouseVisible = True
132.9899 	EXP 	window1: mouseVisible = True
132.9899 	EXP 	window1: mouseVisible = True
132.9899 	EXP 	window1: mouseVisible = True
132.9900 	EXP 	window1: mouseVisible = True
132.9900 	EXP 	window1: mouseVisible = True
132.9900 	EXP 	window1: mouseVisible = True
132.9901 	EXP 	window1: mouseVisible = True
132.9901 	EXP 	window1: mouseVisible = True
132.9901 	EXP 	window1: mouseVisible = True
132.9901 	EXP 	window1: mouseVisible = True
132.9902 	EXP 	window1: mouseVisible = True
132.9902 	EXP 	window1: mouseVisible = True
132.9902 	EXP 	window1: mouseVisible = True
132.9903 	EXP 	window1: mouseVisible = True
132.9903 	EXP 	window1: mouseVisible = True
132.9903 	EXP 	window1: mouseVisible = True
132.9903 	EXP 	window1: mouseVisible = True
132.9904 	EXP 	window1: mouseVisible = True
132.9904 	EXP 	window1: mouseVisible = True
132.9904 	EXP 	window1: mouseVisible = True
132.9905 	EXP 	window1: mouseVisible = True
132.9905 	EXP 	window1: mouseVisible = True
132.9905 	EXP 	window1: mouseVisible = True
132.9906 	EXP 	window1: mouseVisible = True
132.9906 	EXP 	window1: mouseVisible = True
132.9906 	EXP 	window1: mouseVisible = True
132.9906 	EXP 	window1: mouseVisible = True
132.9907 	EXP 	window1: mouseVisible = True
132.9907 	EXP 	window1: mouseVisible = True
132.9907 	EXP 	window1: mouseVisible = True
132.9908 	EXP 	window1: mouseVisible = True
132.9908 	EXP 	window1: mouseVisible = True
132.9908 	EXP 	window1: mouseVisible = True
132.9908 	EXP 	window1: mouseVisible = True
132.9909 	EXP 	window1: mouseVisible = True
132.9909 	EXP 	window1: mouseVisible = True
132.9910 	EXP 	window1: mouseVisible = True
132.9910 	EXP 	window1: mouseVisible = True
132.9910 	EXP 	window1: mouseVisible = True
132.9911 	EXP 	window1: mouseVisible = True
132.9911 	EXP 	window1: mouseVisible = True
132.9911 	EXP 	window1: mouseVisible = True
132.9911 	EXP 	window1: mouseVisible = True
132.9912 	EXP 	window1: mouseVisible = True
132.9912 	EXP 	window1: mouseVisible = True
132.9912 	EXP 	window1: mouseVisible = True
132.9913 	EXP 	window1: mouseVisible = True
132.9913 	EXP 	window1: mouseVisible = True
132.9913 	EXP 	window1: mouseVisible = True
132.9913 	EXP 	window1: mouseVisible = True
132.9914 	EXP 	window1: mouseVisible = True
132.9914 	EXP 	window1: mouseVisible = True
132.9914 	EXP 	window1: mouseVisible = True
132.9915 	EXP 	window1: mouseVisible = True
132.9915 	EXP 	window1: mouseVisible = True
132.9915 	EXP 	window1: mouseVisible = True
132.9916 	EXP 	window1: mouseVisible = True
132.9916 	EXP 	window1: mouseVisible = True
132.9916 	EXP 	window1: mouseVisible = True
132.9916 	EXP 	window1: mouseVisible = True
132.9917 	EXP 	window1: mouseVisible = True
132.9917 	EXP 	window1: mouseVisible = True
132.9917 	EXP 	window1: mouseVisible = True
132.9918 	EXP 	window1: mouseVisible = True
132.9918 	EXP 	window1: mouseVisible = True
132.9918 	EXP 	window1: mouseVisible = True
132.9918 	EXP 	window1: mouseVisible = True
132.9919 	EXP 	window1: mouseVisible = True
132.9919 	EXP 	window1: mouseVisible = True
132.9919 	EXP 	window1: mouseVisible = True
132.9920 	EXP 	window1: mouseVisible = True
132.9920 	EXP 	window1: mouseVisible = True
132.9920 	EXP 	window1: mouseVisible = True
132.9920 	EXP 	window1: mouseVisible = True
132.9921 	EXP 	window1: mouseVisible = True
132.9921 	EXP 	window1: mouseVisible = True
132.9921 	EXP 	window1: mouseVisible = True
132.9922 	EXP 	window1: mouseVisible = True
132.9922 	EXP 	window1: mouseVisible = True
132.9922 	EXP 	window1: mouseVisible = True
132.9922 	EXP 	window1: mouseVisible = True
132.9923 	EXP 	window1: mouseVisible = True
132.9923 	EXP 	window1: mouseVisible = True
132.9923 	EXP 	window1: mouseVisible = True
132.9924 	EXP 	window1: mouseVisible = True
132.9924 	EXP 	window1: mouseVisible = True
132.9925 	EXP 	window1: mouseVisible = True
132.9925 	EXP 	window1: mouseVisible = True
132.9925 	EXP 	window1: mouseVisible = True
132.9926 	EXP 	window1: mouseVisible = True
132.9926 	EXP 	window1: mouseVisible = True
132.9926 	EXP 	window1: mouseVisible = True
132.9926 	EXP 	window1: mouseVisible = True
132.9927 	EXP 	window1: mouseVisible = True
132.9927 	EXP 	window1: mouseVisible = True
132.9927 	EXP 	window1: mouseVisible = True
132.9928 	EXP 	window1: mouseVisible = True
132.9928 	EXP 	window1: mouseVisible = True
132.9928 	EXP 	window1: mouseVisible = True
132.9928 	EXP 	window1: mouseVisible = True
132.9929 	EXP 	window1: mouseVisible = True
132.9929 	EXP 	window1: mouseVisible = True
132.9929 	EXP 	window1: mouseVisible = True
132.9930 	EXP 	window1: mouseVisible = True
132.9930 	EXP 	window1: mouseVisible = True
132.9930 	EXP 	window1: mouseVisible = True
132.9931 	EXP 	window1: mouseVisible = True
132.9931 	EXP 	window1: mouseVisible = True
132.9931 	EXP 	window1: mouseVisible = True
132.9931 	EXP 	window1: mouseVisible = True
132.9932 	EXP 	window1: mouseVisible = True
132.9932 	EXP 	window1: mouseVisible = True
132.9932 	EXP 	window1: mouseVisible = True
132.9933 	EXP 	window1: mouseVisible = True
132.9933 	EXP 	window1: mouseVisible = True
132.9933 	EXP 	window1: mouseVisible = True
132.9933 	EXP 	window1: mouseVisible = True
132.9934 	EXP 	window1: mouseVisible = True
132.9934 	EXP 	window1: mouseVisible = True
132.9934 	EXP 	window1: mouseVisible = True
132.9935 	EXP 	window1: mouseVisible = True
132.9935 	EXP 	window1: mouseVisible = True
132.9935 	EXP 	window1: mouseVisible = True
132.9935 	EXP 	window1: mouseVisible = True
132.9936 	EXP 	window1: mouseVisible = True
132.9936 	EXP 	window1: mouseVisible = True
132.9936 	EXP 	window1: mouseVisible = True
132.9937 	EXP 	window1: mouseVisible = True
132.9937 	EXP 	window1: mouseVisible = True
132.9937 	EXP 	window1: mouseVisible = True
132.9938 	EXP 	window1: mouseVisible = True
132.9938 	EXP 	window1: mouseVisible = True
132.9938 	EXP 	window1: mouseVisible = True
132.9938 	EXP 	window1: mouseVisible = True
132.9939 	EXP 	window1: mouseVisible = True
132.9939 	EXP 	window1: mouseVisible = True
132.9939 	EXP 	window1: mouseVisible = True
132.9940 	EXP 	window1: mouseVisible = True
132.9940 	EXP 	window1: mouseVisible = True
132.9940 	EXP 	window1: mouseVisible = True
132.9940 	EXP 	window1: mouseVisible = True
132.9941 	EXP 	window1: mouseVisible = True
132.9941 	EXP 	window1: mouseVisible = True
132.9941 	EXP 	window1: mouseVisible = True
132.9942 	EXP 	window1: mouseVisible = True
132.9942 	EXP 	window1: mouseVisible = True
132.9942 	EXP 	window1: mouseVisible = True
132.9942 	EXP 	window1: mouseVisible = True
132.9943 	EXP 	window1: mouseVisible = True
132.9943 	EXP 	window1: mouseVisible = True
132.9943 	EXP 	window1: mouseVisible = True
132.9944 	EXP 	window1: mouseVisible = True
132.9944 	EXP 	window1: mouseVisible = True
132.9944 	EXP 	window1: mouseVisible = True
132.9945 	EXP 	window1: mouseVisible = True
132.9945 	EXP 	window1: mouseVisible = True
132.9945 	EXP 	window1: mouseVisible = True
132.9945 	EXP 	window1: mouseVisible = True
132.9946 	EXP 	window1: mouseVisible = True
132.9946 	EXP 	window1: mouseVisible = True
132.9946 	EXP 	window1: mouseVisible = True
132.9947 	EXP 	window1: mouseVisible = True
132.9947 	EXP 	window1: mouseVisible = True
132.9947 	EXP 	window1: mouseVisible = True
132.9947 	EXP 	window1: mouseVisible = True
132.9948 	EXP 	window1: mouseVisible = True
132.9948 	EXP 	window1: mouseVisible = True
132.9948 	EXP 	window1: mouseVisible = True
132.9949 	EXP 	window1: mouseVisible = True
132.9949 	EXP 	window1: mouseVisible = True
132.9949 	EXP 	window1: mouseVisible = True
132.9950 	EXP 	window1: mouseVisible = True
132.9950 	EXP 	window1: mouseVisible = True
132.9950 	EXP 	window1: mouseVisible = True
132.9950 	EXP 	window1: mouseVisible = True
132.9951 	EXP 	window1: mouseVisible = True
132.9951 	EXP 	window1: mouseVisible = True
132.9951 	EXP 	window1: mouseVisible = True
132.9952 	EXP 	window1: mouseVisible = True
132.9952 	EXP 	window1: mouseVisible = True
132.9952 	EXP 	window1: mouseVisible = True
132.9953 	EXP 	window1: mouseVisible = True
132.9953 	EXP 	window1: mouseVisible = True
132.9953 	EXP 	window1: mouseVisible = True
132.9953 	EXP 	window1: mouseVisible = True
132.9954 	EXP 	window1: mouseVisible = True
132.9954 	EXP 	window1: mouseVisible = True
132.9954 	EXP 	window1: mouseVisible = True
132.9955 	EXP 	window1: mouseVisible = True
132.9955 	EXP 	window1: mouseVisible = True
132.9955 	EXP 	window1: mouseVisible = True
132.9955 	EXP 	window1: mouseVisible = True
132.9956 	EXP 	window1: mouseVisible = True
132.9956 	EXP 	window1: mouseVisible = True
132.9957 	EXP 	window1: mouseVisible = True
132.9957 	EXP 	window1: mouseVisible = True
132.9957 	EXP 	window1: mouseVisible = True
132.9958 	EXP 	window1: mouseVisible = True
132.9958 	EXP 	window1: mouseVisible = True
132.9958 	EXP 	window1: mouseVisible = True
132.9958 	EXP 	window1: mouseVisible = True
132.9959 	EXP 	window1: mouseVisible = True
132.9959 	EXP 	window1: mouseVisible = True
132.9959 	EXP 	window1: mouseVisible = True
132.9960 	EXP 	window1: mouseVisible = True
132.9960 	EXP 	window1: mouseVisible = True
132.9960 	EXP 	window1: mouseVisible = True
132.9960 	EXP 	window1: mouseVisible = True
132.9961 	EXP 	window1: mouseVisible = True
132.9961 	EXP 	window1: mouseVisible = True
132.9961 	EXP 	window1: mouseVisible = True
132.9962 	EXP 	window1: mouseVisible = True
132.9962 	EXP 	window1: mouseVisible = True
132.9962 	EXP 	window1: mouseVisible = True
132.9962 	EXP 	window1: mouseVisible = True
132.9963 	EXP 	window1: mouseVisible = True
132.9963 	EXP 	window1: mouseVisible = True
132.9963 	EXP 	window1: mouseVisible = True
132.9964 	EXP 	window1: mouseVisible = True
132.9964 	EXP 	window1: mouseVisible = True
132.9964 	EXP 	window1: mouseVisible = True
132.9965 	EXP 	window1: mouseVisible = True
132.9965 	EXP 	window1: mouseVisible = True
132.9965 	EXP 	window1: mouseVisible = True
132.9965 	EXP 	window1: mouseVisible = True
132.9966 	EXP 	window1: mouseVisible = True
132.9966 	EXP 	window1: mouseVisible = True
132.9966 	EXP 	window1: mouseVisible = True
132.9967 	EXP 	window1: mouseVisible = True
132.9967 	EXP 	window1: mouseVisible = True
132.9967 	EXP 	window1: mouseVisible = True
132.9967 	EXP 	window1: mouseVisible = True
132.9968 	EXP 	window1: mouseVisible = True
132.9968 	EXP 	window1: mouseVisible = True
132.9968 	EXP 	window1: mouseVisible = True
132.9969 	EXP 	window1: mouseVisible = True
132.9969 	EXP 	window1: mouseVisible = True
132.9969 	EXP 	window1: mouseVisible = True
132.9970 	EXP 	window1: mouseVisible = True
132.9970 	EXP 	window1: mouseVisible = True
132.9970 	EXP 	window1: mouseVisible = True
132.9970 	EXP 	window1: mouseVisible = True
132.9971 	EXP 	window1: mouseVisible = True
132.9971 	EXP 	window1: mouseVisible = True
132.9971 	EXP 	window1: mouseVisible = True
132.9972 	EXP 	window1: mouseVisible = True
132.9972 	EXP 	window1: mouseVisible = True
132.9972 	EXP 	window1: mouseVisible = True
132.9973 	EXP 	window1: mouseVisible = True
132.9973 	EXP 	window1: mouseVisible = True
132.9973 	EXP 	window1: mouseVisible = True
132.9973 	EXP 	window1: mouseVisible = True
132.9974 	EXP 	window1: mouseVisible = True
132.9974 	EXP 	window1: mouseVisible = True
132.9974 	EXP 	window1: mouseVisible = True
132.9975 	EXP 	window1: mouseVisible = True
132.9975 	EXP 	window1: mouseVisible = True
132.9975 	EXP 	window1: mouseVisible = True
132.9976 	EXP 	window1: mouseVisible = True
132.9976 	EXP 	window1: mouseVisible = True
132.9976 	EXP 	window1: mouseVisible = True
132.9976 	EXP 	window1: mouseVisible = True
132.9977 	EXP 	window1: mouseVisible = True
132.9977 	EXP 	window1: mouseVisible = True
132.9977 	EXP 	window1: mouseVisible = True
132.9978 	EXP 	window1: mouseVisible = True
132.9978 	EXP 	window1: mouseVisible = True
132.9978 	EXP 	window1: mouseVisible = True
132.9979 	EXP 	window1: mouseVisible = True
132.9979 	EXP 	window1: mouseVisible = True
132.9979 	EXP 	window1: mouseVisible = True
132.9979 	EXP 	window1: mouseVisible = True
132.9980 	EXP 	window1: mouseVisible = True
132.9980 	EXP 	window1: mouseVisible = True
132.9980 	EXP 	window1: mouseVisible = True
132.9981 	EXP 	window1: mouseVisible = True
132.9981 	EXP 	window1: mouseVisible = True
132.9981 	EXP 	window1: mouseVisible = True
132.9982 	EXP 	window1: mouseVisible = True
132.9982 	EXP 	window1: mouseVisible = True
132.9982 	EXP 	window1: mouseVisible = True
132.9982 	EXP 	window1: mouseVisible = True
132.9983 	EXP 	window1: mouseVisible = True
132.9983 	EXP 	window1: mouseVisible = True
132.9983 	EXP 	window1: mouseVisible = True
132.9984 	EXP 	window1: mouseVisible = True
132.9984 	EXP 	window1: mouseVisible = True
132.9984 	EXP 	window1: mouseVisible = True
132.9984 	EXP 	window1: mouseVisible = True
132.9985 	EXP 	window1: mouseVisible = True
132.9985 	EXP 	window1: mouseVisible = True
132.9985 	EXP 	window1: mouseVisible = True
132.9986 	EXP 	window1: mouseVisible = True
132.9986 	EXP 	window1: mouseVisible = True
132.9986 	EXP 	window1: mouseVisible = True
132.9986 	EXP 	window1: mouseVisible = True
132.9987 	EXP 	window1: mouseVisible = True
132.9987 	EXP 	window1: mouseVisible = True
132.9987 	EXP 	window1: mouseVisible = True
132.9988 	EXP 	window1: mouseVisible = True
132.9988 	EXP 	window1: mouseVisible = True
132.9988 	EXP 	window1: mouseVisible = True
132.9988 	EXP 	window1: mouseVisible = True
132.9989 	EXP 	window1: mouseVisible = True
132.9989 	EXP 	window1: mouseVisible = True
132.9989 	EXP 	window1: mouseVisible = True
132.9990 	EXP 	window1: mouseVisible = True
132.9990 	EXP 	window1: mouseVisible = True
132.9990 	EXP 	window1: mouseVisible = True
132.9991 	EXP 	window1: mouseVisible = True
132.9991 	EXP 	window1: mouseVisible = True
132.9991 	EXP 	window1: mouseVisible = True
132.9991 	EXP 	window1: mouseVisible = True
132.9992 	EXP 	window1: mouseVisible = True
132.9992 	EXP 	window1: mouseVisible = True
132.9992 	EXP 	window1: mouseVisible = True
132.9993 	EXP 	window1: mouseVisible = True
132.9993 	EXP 	window1: mouseVisible = True
132.9993 	EXP 	window1: mouseVisible = True
132.9993 	EXP 	window1: mouseVisible = True
132.9994 	EXP 	window1: mouseVisible = True
132.9994 	EXP 	window1: mouseVisible = True
132.9994 	EXP 	window1: mouseVisible = True
132.9995 	EXP 	window1: mouseVisible = True
132.9995 	EXP 	window1: mouseVisible = True
132.9995 	EXP 	window1: mouseVisible = True
132.9996 	EXP 	window1: mouseVisible = True
132.9996 	EXP 	window1: mouseVisible = True
132.9996 	EXP 	window1: mouseVisible = True
132.9996 	EXP 	window1: mouseVisible = True
132.9997 	EXP 	window1: mouseVisible = True
132.9997 	EXP 	window1: mouseVisible = True
132.9997 	EXP 	window1: mouseVisible = True
132.9998 	EXP 	window1: mouseVisible = True
132.9998 	EXP 	window1: mouseVisible = True
132.9998 	EXP 	window1: mouseVisible = True
132.9998 	EXP 	window1: mouseVisible = True
132.9999 	EXP 	window1: mouseVisible = True
132.9999 	EXP 	window1: mouseVisible = True
132.9999 	EXP 	window1: mouseVisible = True
133.0000 	EXP 	window1: mouseVisible = True
133.0000 	EXP 	window1: mouseVisible = True
133.0000 	EXP 	window1: mouseVisible = True
133.0001 	EXP 	window1: mouseVisible = True
133.0001 	EXP 	window1: mouseVisible = True
133.0001 	EXP 	window1: mouseVisible = True
133.0001 	EXP 	window1: mouseVisible = True
133.0002 	EXP 	window1: mouseVisible = True
133.0002 	EXP 	window1: mouseVisible = True
133.0003 	EXP 	window1: mouseVisible = True
133.0003 	EXP 	window1: mouseVisible = True
133.0003 	EXP 	window1: mouseVisible = True
133.0003 	EXP 	window1: mouseVisible = True
133.0004 	EXP 	window1: mouseVisible = True
133.0004 	EXP 	window1: mouseVisible = True
133.0004 	EXP 	window1: mouseVisible = True
133.0005 	EXP 	window1: mouseVisible = True
133.0005 	EXP 	window1: mouseVisible = True
133.0005 	EXP 	window1: mouseVisible = True
133.0005 	EXP 	window1: mouseVisible = True
133.0006 	EXP 	window1: mouseVisible = True
133.0006 	EXP 	window1: mouseVisible = True
133.0006 	EXP 	window1: mouseVisible = True
133.0007 	EXP 	window1: mouseVisible = True
133.0007 	EXP 	window1: mouseVisible = True
133.0007 	EXP 	window1: mouseVisible = True
133.0008 	EXP 	window1: mouseVisible = True
133.0008 	EXP 	window1: mouseVisible = True
133.0008 	EXP 	window1: mouseVisible = True
133.0008 	EXP 	window1: mouseVisible = True
133.0009 	EXP 	window1: mouseVisible = True
133.0009 	EXP 	window1: mouseVisible = True
133.0009 	EXP 	window1: mouseVisible = True
133.0010 	EXP 	window1: mouseVisible = True
133.0010 	EXP 	window1: mouseVisible = True
133.0010 	EXP 	window1: mouseVisible = True
133.0010 	EXP 	window1: mouseVisible = True
133.0011 	EXP 	window1: mouseVisible = True
133.0011 	EXP 	window1: mouseVisible = True
133.0011 	EXP 	window1: mouseVisible = True
133.0012 	EXP 	window1: mouseVisible = True
133.0012 	EXP 	window1: mouseVisible = True
133.0012 	EXP 	window1: mouseVisible = True
133.0012 	EXP 	window1: mouseVisible = True
133.0013 	EXP 	window1: mouseVisible = True
133.0013 	EXP 	window1: mouseVisible = True
133.0013 	EXP 	window1: mouseVisible = True
133.0014 	EXP 	window1: mouseVisible = True
133.0014 	EXP 	window1: mouseVisible = True
133.0014 	EXP 	window1: mouseVisible = True
133.0015 	EXP 	window1: mouseVisible = True
133.0015 	EXP 	window1: mouseVisible = True
133.0015 	EXP 	window1: mouseVisible = True
133.0015 	EXP 	window1: mouseVisible = True
133.0016 	EXP 	window1: mouseVisible = True
133.0016 	EXP 	window1: mouseVisible = True
133.0016 	EXP 	window1: mouseVisible = True
133.0017 	EXP 	window1: mouseVisible = True
133.0017 	EXP 	window1: mouseVisible = True
133.0017 	EXP 	window1: mouseVisible = True
133.0017 	EXP 	window1: mouseVisible = True
133.0018 	EXP 	window1: mouseVisible = True
133.0018 	EXP 	window1: mouseVisible = True
133.0018 	EXP 	window1: mouseVisible = True
133.0019 	EXP 	window1: mouseVisible = True
133.0019 	EXP 	window1: mouseVisible = True
133.0019 	EXP 	window1: mouseVisible = True
133.0020 	EXP 	window1: mouseVisible = True
133.0020 	EXP 	window1: mouseVisible = True
133.0020 	EXP 	window1: mouseVisible = True
133.0020 	EXP 	window1: mouseVisible = True
133.0021 	EXP 	window1: mouseVisible = True
133.0021 	EXP 	window1: mouseVisible = True
133.0021 	EXP 	window1: mouseVisible = True
133.0022 	EXP 	window1: mouseVisible = True
133.0022 	EXP 	window1: mouseVisible = True
133.0022 	EXP 	window1: mouseVisible = True
133.0022 	EXP 	window1: mouseVisible = True
133.0023 	EXP 	window1: mouseVisible = True
133.0023 	EXP 	window1: mouseVisible = True
133.0023 	EXP 	window1: mouseVisible = True
133.0024 	EXP 	window1: mouseVisible = True
133.0024 	EXP 	window1: mouseVisible = True
133.0024 	EXP 	window1: mouseVisible = True
133.0024 	EXP 	window1: mouseVisible = True
133.0025 	EXP 	window1: mouseVisible = True
133.0025 	EXP 	window1: mouseVisible = True
133.0025 	EXP 	window1: mouseVisible = True
133.0026 	EXP 	window1: mouseVisible = True
133.0026 	EXP 	window1: mouseVisible = True
133.0026 	EXP 	window1: mouseVisible = True
133.0026 	EXP 	window1: mouseVisible = True
133.0027 	EXP 	window1: mouseVisible = True
133.0027 	EXP 	window1: mouseVisible = True
133.0027 	EXP 	window1: mouseVisible = True
133.0028 	EXP 	window1: mouseVisible = True
133.0028 	EXP 	window1: mouseVisible = True
133.0028 	EXP 	window1: mouseVisible = True
133.0028 	EXP 	window1: mouseVisible = True
133.0029 	EXP 	window1: mouseVisible = True
133.0029 	EXP 	window1: mouseVisible = True
133.0029 	EXP 	window1: mouseVisible = True
133.0030 	EXP 	window1: mouseVisible = True
133.0030 	EXP 	window1: mouseVisible = True
133.0030 	EXP 	window1: mouseVisible = True
133.0031 	EXP 	window1: mouseVisible = True
133.0031 	EXP 	window1: mouseVisible = True
133.0031 	EXP 	window1: mouseVisible = True
133.0031 	EXP 	window1: mouseVisible = True
133.0032 	EXP 	window1: mouseVisible = True
133.0032 	EXP 	window1: mouseVisible = True
133.0032 	EXP 	window1: mouseVisible = True
133.0033 	EXP 	window1: mouseVisible = True
133.0033 	EXP 	window1: mouseVisible = True
133.0033 	EXP 	window1: mouseVisible = True
133.0033 	EXP 	window1: mouseVisible = True
133.0034 	EXP 	window1: mouseVisible = True
133.0034 	EXP 	window1: mouseVisible = True
133.0034 	EXP 	window1: mouseVisible = True
133.0035 	EXP 	window1: mouseVisible = True
133.0035 	EXP 	window1: mouseVisible = True
133.0035 	EXP 	window1: mouseVisible = True
133.0035 	EXP 	window1: mouseVisible = True
133.0036 	EXP 	window1: mouseVisible = True
133.0036 	EXP 	window1: mouseVisible = True
133.0036 	EXP 	window1: mouseVisible = True
133.0037 	EXP 	window1: mouseVisible = True
133.0037 	EXP 	window1: mouseVisible = True
133.0037 	EXP 	window1: mouseVisible = True
133.0037 	EXP 	window1: mouseVisible = True
133.0038 	EXP 	window1: mouseVisible = True
133.0038 	EXP 	window1: mouseVisible = True
133.0038 	EXP 	window1: mouseVisible = True
133.0039 	EXP 	window1: mouseVisible = True
133.0039 	EXP 	window1: mouseVisible = True
133.0040 	EXP 	window1: mouseVisible = True
133.0040 	EXP 	window1: mouseVisible = True
133.0041 	EXP 	window1: mouseVisible = True
133.0041 	EXP 	window1: mouseVisible = True
133.0041 	EXP 	window1: mouseVisible = True
133.0042 	EXP 	window1: mouseVisible = True
133.0042 	EXP 	window1: mouseVisible = True
133.0043 	EXP 	window1: mouseVisible = True
133.0043 	EXP 	window1: mouseVisible = True
133.0043 	EXP 	window1: mouseVisible = True
133.0043 	EXP 	window1: mouseVisible = True
133.0044 	EXP 	window1: mouseVisible = True
133.0044 	EXP 	window1: mouseVisible = True
133.0044 	EXP 	window1: mouseVisible = True
133.0045 	EXP 	window1: mouseVisible = True
133.0045 	EXP 	window1: mouseVisible = True
133.0045 	EXP 	window1: mouseVisible = True
133.0046 	EXP 	window1: mouseVisible = True
133.0046 	EXP 	window1: mouseVisible = True
133.0046 	EXP 	window1: mouseVisible = True
133.0046 	EXP 	window1: mouseVisible = True
133.0047 	EXP 	window1: mouseVisible = True
133.0047 	EXP 	window1: mouseVisible = True
133.0047 	EXP 	window1: mouseVisible = True
133.0048 	EXP 	window1: mouseVisible = True
133.0048 	EXP 	window1: mouseVisible = True
133.0048 	EXP 	window1: mouseVisible = True
133.0049 	EXP 	window1: mouseVisible = True
133.0049 	EXP 	window1: mouseVisible = True
133.0050 	EXP 	window1: mouseVisible = True
133.0050 	EXP 	window1: mouseVisible = True
133.0050 	EXP 	window1: mouseVisible = True
133.0050 	EXP 	window1: mouseVisible = True
133.0051 	EXP 	window1: mouseVisible = True
133.0051 	EXP 	window1: mouseVisible = True
133.0051 	EXP 	window1: mouseVisible = True
133.0052 	EXP 	window1: mouseVisible = True
133.0052 	EXP 	window1: mouseVisible = True
133.0052 	EXP 	window1: mouseVisible = True
133.0052 	EXP 	window1: mouseVisible = True
133.0053 	EXP 	window1: mouseVisible = True
133.0053 	EXP 	window1: mouseVisible = True
133.0053 	EXP 	window1: mouseVisible = True
133.0054 	EXP 	window1: mouseVisible = True
133.0054 	EXP 	window1: mouseVisible = True
133.0054 	EXP 	window1: mouseVisible = True
133.0054 	EXP 	window1: mouseVisible = True
133.0055 	EXP 	window1: mouseVisible = True
133.0055 	EXP 	window1: mouseVisible = True
133.0055 	EXP 	window1: mouseVisible = True
133.0056 	EXP 	window1: mouseVisible = True
133.0056 	EXP 	window1: mouseVisible = True
133.0056 	EXP 	window1: mouseVisible = True
133.0057 	EXP 	window1: mouseVisible = True
133.0057 	EXP 	window1: mouseVisible = True
133.0057 	EXP 	window1: mouseVisible = True
133.0057 	EXP 	window1: mouseVisible = True
133.0058 	EXP 	window1: mouseVisible = True
133.0058 	EXP 	window1: mouseVisible = True
133.0058 	EXP 	window1: mouseVisible = True
133.0059 	EXP 	window1: mouseVisible = True
133.0059 	EXP 	window1: mouseVisible = True
133.0059 	EXP 	window1: mouseVisible = True
133.0059 	EXP 	window1: mouseVisible = True
133.0060 	EXP 	window1: mouseVisible = True
133.0060 	EXP 	window1: mouseVisible = True
133.0060 	EXP 	window1: mouseVisible = True
133.0061 	EXP 	window1: mouseVisible = True
133.0061 	EXP 	window1: mouseVisible = True
133.0061 	EXP 	window1: mouseVisible = True
133.0062 	EXP 	window1: mouseVisible = True
133.0062 	EXP 	window1: mouseVisible = True
133.0062 	EXP 	window1: mouseVisible = True
133.0063 	EXP 	window1: mouseVisible = True
133.0063 	EXP 	window1: mouseVisible = True
133.0063 	EXP 	window1: mouseVisible = True
133.0063 	EXP 	window1: mouseVisible = True
133.0064 	EXP 	window1: mouseVisible = True
133.0064 	EXP 	window1: mouseVisible = True
133.0064 	EXP 	window1: mouseVisible = True
133.0065 	EXP 	window1: mouseVisible = True
133.0065 	EXP 	window1: mouseVisible = True
133.0065 	EXP 	window1: mouseVisible = True
133.0066 	EXP 	window1: mouseVisible = True
133.0066 	EXP 	window1: mouseVisible = True
133.0066 	EXP 	window1: mouseVisible = True
133.0067 	EXP 	window1: mouseVisible = True
133.0067 	EXP 	window1: mouseVisible = True
133.0067 	EXP 	window1: mouseVisible = True
133.0067 	EXP 	window1: mouseVisible = True
133.0068 	EXP 	window1: mouseVisible = True
133.0068 	EXP 	window1: mouseVisible = True
133.0068 	EXP 	window1: mouseVisible = True
133.0069 	EXP 	window1: mouseVisible = True
133.0069 	EXP 	window1: mouseVisible = True
133.0069 	EXP 	window1: mouseVisible = True
133.0070 	EXP 	window1: mouseVisible = True
133.0070 	EXP 	window1: mouseVisible = True
133.0070 	EXP 	window1: mouseVisible = True
133.0070 	EXP 	window1: mouseVisible = True
133.0071 	EXP 	window1: mouseVisible = True
133.0071 	EXP 	window1: mouseVisible = True
133.0071 	EXP 	window1: mouseVisible = True
133.0072 	EXP 	window1: mouseVisible = True
133.0072 	EXP 	window1: mouseVisible = True
133.0072 	EXP 	window1: mouseVisible = True
133.0073 	EXP 	window1: mouseVisible = True
133.0073 	EXP 	window1: mouseVisible = True
133.0073 	EXP 	window1: mouseVisible = True
133.0074 	EXP 	window1: mouseVisible = True
133.0074 	EXP 	window1: mouseVisible = True
133.0074 	EXP 	window1: mouseVisible = True
133.0074 	EXP 	window1: mouseVisible = True
133.0075 	EXP 	window1: mouseVisible = True
133.0075 	EXP 	window1: mouseVisible = True
133.0075 	EXP 	window1: mouseVisible = True
133.0076 	EXP 	window1: mouseVisible = True
133.0076 	EXP 	window1: mouseVisible = True
133.0076 	EXP 	window1: mouseVisible = True
133.0076 	EXP 	window1: mouseVisible = True
133.0077 	EXP 	window1: mouseVisible = True
133.0077 	EXP 	window1: mouseVisible = True
133.0077 	EXP 	window1: mouseVisible = True
133.0078 	EXP 	window1: mouseVisible = True
133.0078 	EXP 	window1: mouseVisible = True
133.0078 	EXP 	window1: mouseVisible = True
133.0079 	EXP 	window1: mouseVisible = True
133.0079 	EXP 	window1: mouseVisible = True
133.0079 	EXP 	window1: mouseVisible = True
133.0079 	EXP 	window1: mouseVisible = True
133.0080 	EXP 	window1: mouseVisible = True
133.0080 	EXP 	window1: mouseVisible = True
133.0080 	EXP 	window1: mouseVisible = True
133.0081 	EXP 	window1: mouseVisible = True
133.0081 	EXP 	window1: mouseVisible = True
133.0081 	EXP 	window1: mouseVisible = True
133.0082 	EXP 	window1: mouseVisible = True
133.0082 	EXP 	window1: mouseVisible = True
133.0082 	EXP 	window1: mouseVisible = True
133.0082 	EXP 	window1: mouseVisible = True
133.0083 	EXP 	window1: mouseVisible = True
133.0083 	EXP 	window1: mouseVisible = True
133.0083 	EXP 	window1: mouseVisible = True
133.0084 	EXP 	window1: mouseVisible = True
133.0084 	EXP 	window1: mouseVisible = True
133.0084 	EXP 	window1: mouseVisible = True
133.0085 	EXP 	window1: mouseVisible = True
133.0085 	EXP 	window1: mouseVisible = True
133.0085 	EXP 	window1: mouseVisible = True
133.0085 	EXP 	window1: mouseVisible = True
133.0086 	EXP 	window1: mouseVisible = True
133.0086 	EXP 	window1: mouseVisible = True
133.0086 	EXP 	window1: mouseVisible = True
133.0087 	EXP 	window1: mouseVisible = True
133.0087 	EXP 	window1: mouseVisible = True
133.0087 	EXP 	window1: mouseVisible = True
133.0088 	EXP 	window1: mouseVisible = True
133.0088 	EXP 	window1: mouseVisible = True
133.0088 	EXP 	window1: mouseVisible = True
133.0088 	EXP 	window1: mouseVisible = True
133.0089 	EXP 	window1: mouseVisible = True
133.0089 	EXP 	window1: mouseVisible = True
133.0089 	EXP 	window1: mouseVisible = True
133.0090 	EXP 	window1: mouseVisible = True
133.0090 	EXP 	window1: mouseVisible = True
133.0090 	EXP 	window1: mouseVisible = True
133.0090 	EXP 	window1: mouseVisible = True
133.0091 	EXP 	window1: mouseVisible = True
133.0091 	EXP 	window1: mouseVisible = True
133.0091 	EXP 	window1: mouseVisible = True
133.0092 	EXP 	window1: mouseVisible = True
133.0092 	EXP 	window1: mouseVisible = True
133.0092 	EXP 	window1: mouseVisible = True
133.0093 	EXP 	window1: mouseVisible = True
133.0093 	EXP 	window1: mouseVisible = True
133.0093 	EXP 	window1: mouseVisible = True
133.0093 	EXP 	window1: mouseVisible = True
133.0094 	EXP 	window1: mouseVisible = True
133.0094 	EXP 	window1: mouseVisible = True
133.0094 	EXP 	window1: mouseVisible = True
133.0095 	EXP 	window1: mouseVisible = True
133.0095 	EXP 	window1: mouseVisible = True
133.0095 	EXP 	window1: mouseVisible = True
133.0096 	EXP 	window1: mouseVisible = True
133.0096 	EXP 	window1: mouseVisible = True
133.0096 	EXP 	window1: mouseVisible = True
133.0097 	EXP 	window1: mouseVisible = True
133.0097 	EXP 	window1: mouseVisible = True
133.0097 	EXP 	window1: mouseVisible = True
133.0098 	EXP 	window1: mouseVisible = True
133.0098 	EXP 	window1: mouseVisible = True
133.0098 	EXP 	window1: mouseVisible = True
133.0099 	EXP 	window1: mouseVisible = True
133.0099 	EXP 	window1: mouseVisible = True
133.0099 	EXP 	window1: mouseVisible = True
133.0099 	EXP 	window1: mouseVisible = True
133.0100 	EXP 	window1: mouseVisible = True
133.0100 	EXP 	window1: mouseVisible = True
133.0100 	EXP 	window1: mouseVisible = True
133.0101 	EXP 	window1: mouseVisible = True
133.0101 	EXP 	window1: mouseVisible = True
133.0101 	EXP 	window1: mouseVisible = True
133.0102 	EXP 	window1: mouseVisible = True
133.0102 	EXP 	window1: mouseVisible = True
133.0102 	EXP 	window1: mouseVisible = True
133.0102 	EXP 	window1: mouseVisible = True
133.0103 	EXP 	window1: mouseVisible = True
133.0103 	EXP 	window1: mouseVisible = True
133.0103 	EXP 	window1: mouseVisible = True
133.0104 	EXP 	window1: mouseVisible = True
133.0104 	EXP 	window1: mouseVisible = True
133.0104 	EXP 	window1: mouseVisible = True
133.0105 	EXP 	window1: mouseVisible = True
133.0105 	EXP 	window1: mouseVisible = True
133.0105 	EXP 	window1: mouseVisible = True
133.0105 	EXP 	window1: mouseVisible = True
133.0106 	EXP 	window1: mouseVisible = True
133.0106 	EXP 	window1: mouseVisible = True
133.0106 	EXP 	window1: mouseVisible = True
133.0107 	EXP 	window1: mouseVisible = True
133.0107 	EXP 	window1: mouseVisible = True
133.0107 	EXP 	window1: mouseVisible = True
133.0108 	EXP 	window1: mouseVisible = True
133.0108 	EXP 	window1: mouseVisible = True
133.0108 	EXP 	window1: mouseVisible = True
133.0108 	EXP 	window1: mouseVisible = True
133.0109 	EXP 	window1: mouseVisible = True
133.0109 	EXP 	window1: mouseVisible = True
133.0109 	EXP 	window1: mouseVisible = True
133.0110 	EXP 	window1: mouseVisible = True
133.0110 	EXP 	window1: mouseVisible = True
133.0110 	EXP 	window1: mouseVisible = True
133.0111 	EXP 	window1: mouseVisible = True
133.0111 	EXP 	window1: mouseVisible = True
133.0111 	EXP 	window1: mouseVisible = True
133.0111 	EXP 	window1: mouseVisible = True
133.0112 	EXP 	window1: mouseVisible = True
133.0112 	EXP 	window1: mouseVisible = True
133.0112 	EXP 	window1: mouseVisible = True
133.0113 	EXP 	window1: mouseVisible = True
133.0113 	EXP 	window1: mouseVisible = True
133.0113 	EXP 	window1: mouseVisible = True
133.0114 	EXP 	window1: mouseVisible = True
133.0114 	EXP 	window1: mouseVisible = True
133.0114 	EXP 	window1: mouseVisible = True
133.0114 	EXP 	window1: mouseVisible = True
133.0115 	EXP 	window1: mouseVisible = True
133.0115 	EXP 	window1: mouseVisible = True
133.0116 	EXP 	window1: mouseVisible = True
133.0116 	EXP 	window1: mouseVisible = True
133.0116 	EXP 	window1: mouseVisible = True
133.0116 	EXP 	window1: mouseVisible = True
133.0117 	EXP 	window1: mouseVisible = True
133.0117 	EXP 	window1: mouseVisible = True
133.0117 	EXP 	window1: mouseVisible = True
133.0118 	EXP 	window1: mouseVisible = True
133.0118 	EXP 	window1: mouseVisible = True
133.0118 	EXP 	window1: mouseVisible = True
133.0119 	EXP 	window1: mouseVisible = True
133.0119 	EXP 	window1: mouseVisible = True
133.0119 	EXP 	window1: mouseVisible = True
133.0120 	EXP 	window1: mouseVisible = True
133.0120 	EXP 	window1: mouseVisible = True
133.0120 	EXP 	window1: mouseVisible = True
133.0121 	EXP 	window1: mouseVisible = True
133.0121 	EXP 	window1: mouseVisible = True
133.0121 	EXP 	window1: mouseVisible = True
133.0121 	EXP 	window1: mouseVisible = True
133.0122 	EXP 	window1: mouseVisible = True
133.0122 	EXP 	window1: mouseVisible = True
133.0122 	EXP 	window1: mouseVisible = True
133.0123 	EXP 	window1: mouseVisible = True
133.0123 	EXP 	window1: mouseVisible = True
133.0123 	EXP 	window1: mouseVisible = True
133.0124 	EXP 	window1: mouseVisible = True
133.0124 	EXP 	window1: mouseVisible = True
133.0124 	EXP 	window1: mouseVisible = True
133.0125 	EXP 	window1: mouseVisible = True
133.0125 	EXP 	window1: mouseVisible = True
133.0125 	EXP 	window1: mouseVisible = True
133.0125 	EXP 	window1: mouseVisible = True
133.0126 	EXP 	window1: mouseVisible = True
133.0126 	EXP 	window1: mouseVisible = True
133.0126 	EXP 	window1: mouseVisible = True
133.0127 	EXP 	window1: mouseVisible = True
133.0127 	EXP 	window1: mouseVisible = True
133.0127 	EXP 	window1: mouseVisible = True
133.0128 	EXP 	window1: mouseVisible = True
133.0128 	EXP 	window1: mouseVisible = True
133.0128 	EXP 	window1: mouseVisible = True
133.0129 	EXP 	window1: mouseVisible = True
133.0129 	EXP 	window1: mouseVisible = True
133.0129 	EXP 	window1: mouseVisible = True
133.0129 	EXP 	window1: mouseVisible = True
133.0130 	EXP 	window1: mouseVisible = True
133.0130 	EXP 	window1: mouseVisible = True
133.0130 	EXP 	window1: mouseVisible = True
