63.9702 	WARNING 	Monitor specification not found. Creating a temporary one...
63.9918 	WARNING 	User requested fullscreen with size [800 600], but screen is actually [1280, 1024]. Using actual size
64.8943 	EXP 	Created window1 = Window(allowGUI=True, allowStencil=False, autoLog=True, backendConf=UNKNOWN, bitsMode=UNKNOWN, blendMode='avg', bpc=(8, 8, 8), color=array([0, 0, 0]), colorSpace='rgb', depthBits=8, fullscr=<method-wrapper '__getattribute__' of attributeSetter object at 0x00000163A1EF8D90>, gamma=None, gammaErrorPolicy='raise', lms=UNKNOWN, monitor=<psychopy.monitors.calibTools.Monitor object at 0x00000163A244D4F0>, multiSample=False, name='window1', numSamples=2, pos=(0, 0), screen=0, size=array([1280, 1024]), stencilBits=0, stereo=False, units='pix', useFBO=False, useRetina=False, viewOri=0.0, viewPos=None, viewScale=None, waitBlanking=True, winType='pyglet')
64.8944 	EXP 	window1: mouseVisible = True
64.8949 	EXP 	window1: mouseVisible = False
66.5016 	DATA 	Keypress: space
69.3907 	DATA 	Keypress: c
76.2574 	EXP 	window1: units = 'pix'
76.6477 	EXP 	window1: units = 'pix'
76.6774 	WARNING 	User requested fullscreen with size [1280  720], but screen is actually [1280, 1024]. Using actual size
77.1257 	EXP 	Created window1 = Window(allowGUI=False, allowStencil=False, autoLog=True, backendConf=UNKNOWN, bitsMode=UNKNOWN, blendMode='avg', bpc=(8, 8, 8), color=array([0, 0, 0]), colorSpace='rgb', depthBits=8, fullscr=<method-wrapper '__getattribute__' of attributeSetter object at 0x00000163A1EF8D90>, gamma=None, gammaErrorPolicy='raise', lms=UNKNOWN, monitor=<psychopy.monitors.calibTools.Monitor object at 0x00000163A8B394F0>, multiSample=False, name='window1', numSamples=2, pos=(0, 0), screen=0, size=array([1280, 1024]), stencilBits=0, stereo=False, units='height', useFBO=True, useRetina=False, viewOri=0.0, viewPos=None, viewScale=None, waitBlanking=True, winType='pyglet')
77.1259 	EXP 	window1: mouseVisible = True
77.1259 	EXP 	window1: Attempting to measure frame rate of screen (0) ...
77.1260 	EXP 	window1: recordFrameIntervals = False
77.2921 	EXP 	window1: recordFrameIntervals = True
77.4752 	EXP 	Screen (0) actual frame rate measured at 60.22Hz
77.4752 	EXP 	window1: recordFrameIntervals = False
77.6649 	EXP 	Created Instructions = TextStim(__class__=<class 'psychopy.visual.text.TextStim'>, alignHoriz=method-wrapper(...), alignText='center', alignVert=method-wrapper(...), anchorHoriz='center', anchorVert='center', antialias=True, autoDraw=False, autoLog=True, bold=False, color=array([1, 1, 1]), colorSpace='rgb', contrast=1.0, depth=0.0, flipHoriz=False, flipVert=False, font='Arial', fontFiles=[], height=0.03, italic=False, languageStyle='LTR', name='Instructions', opacity=1.0, ori=0, pos=array([0., 0.]), rgb=UNKNOWN, text=str(...), units='height', win=Window(...), wrapWidth=1)
77.6726 	EXP 	Created Triplet1 = ImageStim(__class__=<class 'psychopy.visual.image.ImageStim'>, anchor=('center', 'center'), autoLog=True, color=array([1, 1, 1]), colorSpace='rgb', contrast=1.0, depth=-1.0, flipHoriz=False, flipVert=False, image='sin', interpolate=True, mask=None, maskParams=None, name='Triplet1', opacity=1.0, ori=0.0, pos=array([0., 0.]), size=array([0.25, 0.25]), texRes=128, units='height', win=Window(...))
77.6773 	EXP 	Created Triplet2 = ImageStim(__class__=<class 'psychopy.visual.image.ImageStim'>, anchor=('center', 'center'), autoLog=True, color=array([1, 1, 1]), colorSpace='rgb', contrast=1.0, depth=-2.0, flipHoriz=False, flipVert=False, image='sin', interpolate=True, mask=None, maskParams=None, name='Triplet2', opacity=1.0, ori=0.0, pos=array([0., 0.]), size=array([0.25, 0.25]), texRes=128, units='height', win=Window(...))
77.6836 	EXP 	Created Triplet3 = ImageStim(__class__=<class 'psychopy.visual.image.ImageStim'>, anchor=('center', 'center'), autoLog=True, color=array([1, 1, 1]), colorSpace='rgb', contrast=1.0, depth=-3.0, flipHoriz=False, flipVert=False, image='sin', interpolate=True, mask=None, maskParams=None, name='Triplet3', opacity=1.0, ori=0.0, pos=array([0., 0.]), size=array([0.25, 0.25]), texRes=128, units='height', win=Window(...))
77.6930 	EXP 	Sound sound_pop set volume 1.000
77.7024 	EXP 	Sound sound_pop2 set volume 1.000
77.7119 	EXP 	Sound sound_pop3 set volume 1.000
77.7367 	EXP 	Created fix = ImageStim(__class__=<class 'psychopy.visual.image.ImageStim'>, anchor=('center', 'center'), autoLog=True, color=array([1, 1, 1]), colorSpace='rgb', contrast=1.0, depth=0.0, flipHoriz=False, flipVert=False, image='images/fixation.png', interpolate=True, mask=None, maskParams=None, name='fix', opacity=1.0, ori=0.0, pos=array([0., 0.]), size=array([0.1 , 0.05]), texRes=128, units='height', win=Window(...))
77.8285 	EXP 	Created Mask = ImageStim(__class__=<class 'psychopy.visual.image.ImageStim'>, anchor=('center', 'center'), autoLog=True, color=array([1, 1, 1]), colorSpace='rgb', contrast=1.0, depth=0.0, flipHoriz=False, flipVert=False, image='images/Mask.png', interpolate=True, mask=None, maskParams=None, name='Mask', opacity=1.0, ori=0.0, pos=array([0., 0.]), size=array([1.5, 0.5]), texRes=128, units='height', win=Window(...))
77.8339 	EXP 	Created img1 = ImageStim(__class__=<class 'psychopy.visual.image.ImageStim'>, anchor=('center', 'center'), autoLog=True, color=array([1, 1, 1]), colorSpace='rgb', contrast=1.0, depth=-1.0, flipHoriz=False, flipVert=False, image='sin', interpolate=True, mask=None, maskParams=None, name='img1', opacity=1.0, ori=0.0, pos=array([0., 0.]), size=array([0.25, 0.25]), texRes=128, units='height', win=Window(...))
77.8396 	EXP 	Created img2 = ImageStim(__class__=<class 'psychopy.visual.image.ImageStim'>, anchor=('center', 'center'), autoLog=True, color=array([1, 1, 1]), colorSpace='rgb', contrast=1.0, depth=-2.0, flipHoriz=False, flipVert=False, image='sin', interpolate=True, mask=None, maskParams=None, name='img2', opacity=1.0, ori=0.0, pos=array([0., 0.]), size=array([0.25, 0.25]), texRes=128, units='height', win=Window(...))
77.8441 	EXP 	Created img3 = ImageStim(__class__=<class 'psychopy.visual.image.ImageStim'>, anchor=('center', 'center'), autoLog=True, color=array([1, 1, 1]), colorSpace='rgb', contrast=1.0, depth=-3.0, flipHoriz=False, flipVert=False, image='sin', interpolate=True, mask=None, maskParams=None, name='img3', opacity=1.0, ori=0.0, pos=array([0., 0.]), size=array([0.25, 0.25]), texRes=128, units='height', win=Window(...))
77.8538 	EXP 	Sound sound_pop4 set volume 1.000
77.8635 	EXP 	Sound sound_pop5 set volume 1.000
77.8731 	EXP 	Sound sound_pop6 set volume 1.000
77.8783 	EXP 	Created text_2 = TextStim(__class__=<class 'psychopy.visual.text.TextStim'>, alignHoriz=method-wrapper(...), alignText='center', alignVert=method-wrapper(...), anchorHoriz='center', anchorVert='center', antialias=True, autoDraw=False, autoLog=True, bold=False, color=array([1, 1, 1]), colorSpace='rgb', contrast=1.0, depth=0.0, flipHoriz=False, flipVert=False, font='Arial', fontFiles=[], height=0.03, italic=False, languageStyle='LTR', name='text_2', opacity=1.0, ori=0, pos=array([0., 0.]), rgb=UNKNOWN, text=str(...), units='height', win=Window(...), wrapWidth=1)
77.8810 	EXP 	Created text = TextStim(__class__=<class 'psychopy.visual.text.TextStim'>, alignHoriz=method-wrapper(...), alignText='center', alignVert=method-wrapper(...), anchorHoriz='center', anchorVert='center', antialias=True, autoDraw=False, autoLog=True, bold=False, color=array([1, 1, 1]), colorSpace='rgb', contrast=1.0, depth=-1.0, flipHoriz=False, flipVert=False, font='Arial', fontFiles=[], height=0.03, italic=False, languageStyle='LTR', name='text', opacity=1.0, ori=0, pos=array([0., 0.]), rgb=UNKNOWN, text=str(...), units='height', win=Window(...), wrapWidth=1)
77.8815 	EXP 	Created sameText = TextStim(__class__=<class 'psychopy.visual.text.TextStim'>, alignHoriz=method-wrapper(...), alignText='center', alignVert=method-wrapper(...), anchorHoriz='center', anchorVert='center', antialias=True, autoDraw=False, autoLog=True, bold=False, color=array([1, 1, 1]), colorSpace='rgb', contrast=1.0, depth=-2.0, flipHoriz=False, flipVert=False, font='Arial', fontFiles=[], height=0.03, italic=False, languageStyle='LTR', name='sameText', opacity=1.0, ori=0, pos=array([-0.2, -0.3]), rgb=UNKNOWN, text='', units='height', win=Window(...), wrapWidth=1)
77.8819 	EXP 	Created diffText = TextStim(__class__=<class 'psychopy.visual.text.TextStim'>, alignHoriz=method-wrapper(...), alignText='center', alignVert=method-wrapper(...), anchorHoriz='center', anchorVert='center', antialias=True, autoDraw=False, autoLog=True, bold=False, color=array([1, 1, 1]), colorSpace='rgb', contrast=1.0, depth=-3.0, flipHoriz=False, flipVert=False, font='Arial', fontFiles=[], height=0.03, italic=False, languageStyle='LTR', name='diffText', opacity=1.0, ori=0, pos=array([ 0.2, -0.3]), rgb=UNKNOWN, text='', units='height', win=Window(...), wrapWidth=1)
77.8829 	EXP 	Created leftCL = Rect(__class__=<class 'psychopy.visual.rect.Rect'>, anchor=('center', 'center'), autoDraw=False, autoLog=True, closeShape=True, color=method-wrapper(...), colorSpace='rgb', contrast=None, depth=-4.0, fillColor=array([1., 1., 1.]), fillColorSpace='rgb', fillRGB=array([1., 1., 1.]), interpolate=True, lineColor=array([1, 1, 1]), lineColorSpace='rgb', lineRGB=array([1, 1, 1]), lineWidth=3, name='leftCL', opacity=0.5, ori=0.0, pos=array([-0.2, -0.3]), size=array([-0.2, -0.2]), units='height', vertices=ndarray(...), win=Window(...))
77.8838 	EXP 	Created rightCL = Rect(__class__=<class 'psychopy.visual.rect.Rect'>, anchor=('center', 'center'), autoDraw=False, autoLog=True, closeShape=True, color=method-wrapper(...), colorSpace='rgb', contrast=None, depth=-5.0, fillColor=array([1., 1., 1.]), fillColorSpace='rgb', fillRGB=array([1., 1., 1.]), interpolate=True, lineColor=array([1, 1, 1]), lineColorSpace='rgb', lineRGB=array([1, 1, 1]), lineWidth=3, name='rightCL', opacity=0.5, ori=0.0, pos=array([ 0.2, -0.3]), size=array([0.2, 0.2]), units='height', vertices=ndarray(...), win=Window(...))
77.8838 	EXP 	window1: mouseVisible = True
77.8843 	EXP 	Sound clickedSound set volume 1.000
77.8880 	EXP 	Created retIMG = ImageStim(__class__=<class 'psychopy.visual.image.ImageStim'>, anchor=('center', 'center'), autoLog=True, color=array([1, 1, 1]), colorSpace='rgb', contrast=1.0, depth=-1.0, flipHoriz=False, flipVert=False, image='sin', interpolate=True, mask=None, maskParams=None, name='retIMG', opacity=1.0, ori=0.0, pos=array([0., 0.]), size=array([0.25, 0.25]), texRes=128, units='height', win=Window(...))
77.8977 	EXP 	Sound sound_pop7 set volume 1.000
77.9002 	EXP 	Created question_text = TextStim(__class__=<class 'psychopy.visual.text.TextStim'>, alignHoriz=method-wrapper(...), alignText='center', alignVert=method-wrapper(...), anchorHoriz='center', anchorVert='center', antialias=True, autoDraw=False, autoLog=True, bold=False, color=array([1, 1, 1]), colorSpace='rgb', contrast=1.0, depth=0.0, flipHoriz=False, flipVert=False, font='Arial', fontFiles=[], height=0.03, italic=False, languageStyle='LTR', name='question_text', opacity=1.0, ori=0, pos=array([0. , 0.3]), rgb=UNKNOWN, text='When did you see this object?', units='height', win=Window(...), wrapWidth=1)
77.9025 	EXP 	Created decisionQ_2 = TextStim(__class__=<class 'psychopy.visual.text.TextStim'>, alignHoriz=method-wrapper(...), alignText='center', alignVert=method-wrapper(...), anchorHoriz='center', anchorVert='center', antialias=True, autoDraw=False, autoLog=True, bold=False, color=array([1, 1, 1]), colorSpace='rgb', contrast=1.0, depth=-1.0, flipHoriz=False, flipVert=False, font='Arial', fontFiles=[], height=0.03, italic=False, languageStyle='LTR', name='decisionQ_2', opacity=1.0, ori=0, pos=array([0. , 0.3]), rgb=UNKNOWN, text='When did you see this object?', units='height', win=Window(...), wrapWidth=1)
77.9032 	EXP 	Created first_left = Rect(__class__=<class 'psychopy.visual.rect.Rect'>, anchor=('center', 'center'), autoDraw=False, autoLog=True, closeShape=True, color=method-wrapper(...), colorSpace='rgb', contrast=None, depth=-2.0, fillColor=array([1, 1, 1]), fillColorSpace='rgb', fillRGB=array([1, 1, 1]), interpolate=True, lineColor=array([1, 1, 1]), lineColorSpace='rgb', lineRGB=array([1, 1, 1]), lineWidth=3, name='first_left', opacity=0.5, ori=0.0, pos=array([0. , 0.1]), size=array([0.15, 0.15]), units='height', vertices=ndarray(...), win=Window(...))
77.9039 	EXP 	Created second_middle = Rect(__class__=<class 'psychopy.visual.rect.Rect'>, anchor=('center', 'center'), autoDraw=False, autoLog=True, closeShape=True, color=method-wrapper(...), colorSpace='rgb', contrast=None, depth=-3.0, fillColor=array([1, 1, 1]), fillColorSpace='rgb', fillRGB=array([1, 1, 1]), interpolate=True, lineColor=array([1, 1, 1]), lineColorSpace='rgb', lineRGB=array([1, 1, 1]), lineWidth=3, name='second_middle', opacity=0.5, ori=0.0, pos=array([ 0. , -0.1]), size=array([0.15, 0.15]), units='height', vertices=ndarray(...), win=Window(...))
77.9047 	EXP 	Created third_right = Rect(__class__=<class 'psychopy.visual.rect.Rect'>, anchor=('center', 'center'), autoDraw=False, autoLog=True, closeShape=True, color=method-wrapper(...), colorSpace='rgb', contrast=None, depth=-4.0, fillColor=array([1, 1, 1]), fillColorSpace='rgb', fillRGB=array([1, 1, 1]), interpolate=True, lineColor=array([1, 1, 1]), lineColorSpace='rgb', lineRGB=array([1, 1, 1]), lineWidth=3, name='third_right', opacity=0.5, ori=0.0, pos=array([ 0. , -0.3]), size=array([0.15, 0.15]), units='height', vertices=ndarray(...), win=Window(...))
77.9072 	EXP 	Created First = TextStim(__class__=<class 'psychopy.visual.text.TextStim'>, alignHoriz=method-wrapper(...), alignText='center', alignVert=method-wrapper(...), anchorHoriz='center', anchorVert='center', antialias=True, autoDraw=False, autoLog=True, bold=False, color=array([1, 1, 1]), colorSpace='rgb', contrast=1.0, depth=-5.0, flipHoriz=False, flipVert=False, font='Arial', fontFiles=[], height=0.03, italic=False, languageStyle='LTR', name='First', opacity=1.0, ori=0, pos=array([0. , 0.1]), rgb=UNKNOWN, text='First', units='height', win=Window(...), wrapWidth=1)
77.9092 	EXP 	Created Second = TextStim(__class__=<class 'psychopy.visual.text.TextStim'>, alignHoriz=method-wrapper(...), alignText='center', alignVert=method-wrapper(...), anchorHoriz='center', anchorVert='center', antialias=True, autoDraw=False, autoLog=True, bold=False, color=array([1, 1, 1]), colorSpace='rgb', contrast=1.0, depth=-6.0, flipHoriz=False, flipVert=False, font='Arial', fontFiles=[], height=0.03, italic=False, languageStyle='LTR', name='Second', opacity=1.0, ori=0, pos=array([ 0. , -0.1]), rgb=UNKNOWN, text='Second', units='height', win=Window(...), wrapWidth=1)
77.9112 	EXP 	Created Third = TextStim(__class__=<class 'psychopy.visual.text.TextStim'>, alignHoriz=method-wrapper(...), alignText='center', alignVert=method-wrapper(...), anchorHoriz='center', anchorVert='center', antialias=True, autoDraw=False, autoLog=True, bold=False, color=array([1, 1, 1]), colorSpace='rgb', contrast=1.0, depth=-7.0, flipHoriz=False, flipVert=False, font='Arial', fontFiles=[], height=0.03, italic=False, languageStyle='LTR', name='Third', opacity=1.0, ori=0, pos=array([ 0. , -0.3]), rgb=UNKNOWN, text='Third', units='height', win=Window(...), wrapWidth=1)
77.9112 	EXP 	window1: mouseVisible = True
77.9117 	EXP 	Sound clickedSound set volume 1.000
77.9197 	EXP 	Created BlockBreak = TextStim(__class__=<class 'psychopy.visual.text.TextStim'>, alignHoriz=method-wrapper(...), alignText='center', alignVert=method-wrapper(...), anchorHoriz='center', anchorVert='center', antialias=True, autoDraw=False, autoLog=True, bold=False, color=array([1, 1, 1]), colorSpace='rgb', contrast=1.0, depth=0.0, flipHoriz=False, flipVert=False, font='Arial', fontFiles=[], height=0.03, italic=False, languageStyle='LTR', name='BlockBreak', opacity=1.0, ori=0, pos=array([0., 0.]), rgb=UNKNOWN, text=str(...), units='height', win=Window(...), wrapWidth=1)
77.9336 	EXP 	Created text_4 = TextStim(__class__=<class 'psychopy.visual.text.TextStim'>, alignHoriz=method-wrapper(...), alignText='center', alignVert=method-wrapper(...), anchorHoriz='center', anchorVert='center', antialias=True, autoDraw=False, autoLog=True, bold=False, color=array([1, 1, 1]), colorSpace='rgb', contrast=1.0, depth=-1.0, flipHoriz=False, flipVert=False, font='Open Sans', fontFiles=[], height=0.03, italic=False, languageStyle='LTR', name='text_4', opacity=1.0, ori=0.0, pos=array([0., 0.]), rgb=UNKNOWN, text=str(...), units='height', win=Window(...), wrapWidth=1)
77.9374 	EXP 	Created Triplet1 = ImageStim(__class__=<class 'psychopy.visual.image.ImageStim'>, anchor=('center', 'center'), autoLog=True, color=array([1, 1, 1]), colorSpace='rgb', contrast=1.0, depth=-1.0, flipHoriz=False, flipVert=False, image='sin', interpolate=True, mask=None, maskParams=None, name='Triplet1', opacity=1.0, ori=0.0, pos=array([0., 0.]), size=array([0.25, 0.25]), texRes=128, units='height', win=Window(...))
77.9418 	EXP 	Created Triplet2 = ImageStim(__class__=<class 'psychopy.visual.image.ImageStim'>, anchor=('center', 'center'), autoLog=True, color=array([1, 1, 1]), colorSpace='rgb', contrast=1.0, depth=-2.0, flipHoriz=False, flipVert=False, image='sin', interpolate=True, mask=None, maskParams=None, name='Triplet2', opacity=1.0, ori=0.0, pos=array([0., 0.]), size=array([0.25, 0.25]), texRes=128, units='height', win=Window(...))
77.9461 	EXP 	Created Triplet3 = ImageStim(__class__=<class 'psychopy.visual.image.ImageStim'>, anchor=('center', 'center'), autoLog=True, color=array([1, 1, 1]), colorSpace='rgb', contrast=1.0, depth=-3.0, flipHoriz=False, flipVert=False, image='sin', interpolate=True, mask=None, maskParams=None, name='Triplet3', opacity=1.0, ori=0.0, pos=array([0., 0.]), size=array([0.25, 0.25]), texRes=128, units='height', win=Window(...))
77.9555 	EXP 	Sound sound_pop set volume 1.000
77.9656 	EXP 	Sound sound_pop2 set volume 1.000
77.9754 	EXP 	Sound sound_pop3 set volume 1.000
77.9979 	EXP 	Created fix = ImageStim(__class__=<class 'psychopy.visual.image.ImageStim'>, anchor=('center', 'center'), autoLog=True, color=array([1, 1, 1]), colorSpace='rgb', contrast=1.0, depth=0.0, flipHoriz=False, flipVert=False, image='images/fixation.png', interpolate=True, mask=None, maskParams=None, name='fix', opacity=1.0, ori=0.0, pos=array([0., 0.]), size=array([0.1 , 0.05]), texRes=128, units='height', win=Window(...))
78.0848 	EXP 	Created Mask = ImageStim(__class__=<class 'psychopy.visual.image.ImageStim'>, anchor=('center', 'center'), autoLog=True, color=array([1, 1, 1]), colorSpace='rgb', contrast=1.0, depth=0.0, flipHoriz=False, flipVert=False, image='images/Mask.png', interpolate=True, mask=None, maskParams=None, name='Mask', opacity=1.0, ori=0.0, pos=array([0., 0.]), size=array([1.5, 0.5]), texRes=128, units='height', win=Window(...))
78.0902 	EXP 	Created img1 = ImageStim(__class__=<class 'psychopy.visual.image.ImageStim'>, anchor=('center', 'center'), autoLog=True, color=array([1, 1, 1]), colorSpace='rgb', contrast=1.0, depth=-1.0, flipHoriz=False, flipVert=False, image='sin', interpolate=True, mask=None, maskParams=None, name='img1', opacity=1.0, ori=0.0, pos=array([0., 0.]), size=array([0.25, 0.25]), texRes=128, units='height', win=Window(...))
78.0944 	EXP 	Created img2 = ImageStim(__class__=<class 'psychopy.visual.image.ImageStim'>, anchor=('center', 'center'), autoLog=True, color=array([1, 1, 1]), colorSpace='rgb', contrast=1.0, depth=-2.0, flipHoriz=False, flipVert=False, image='sin', interpolate=True, mask=None, maskParams=None, name='img2', opacity=1.0, ori=0.0, pos=array([0., 0.]), size=array([0.25, 0.25]), texRes=128, units='height', win=Window(...))
78.0987 	EXP 	Created img3 = ImageStim(__class__=<class 'psychopy.visual.image.ImageStim'>, anchor=('center', 'center'), autoLog=True, color=array([1, 1, 1]), colorSpace='rgb', contrast=1.0, depth=-3.0, flipHoriz=False, flipVert=False, image='sin', interpolate=True, mask=None, maskParams=None, name='img3', opacity=1.0, ori=0.0, pos=array([0., 0.]), size=array([0.25, 0.25]), texRes=128, units='height', win=Window(...))
78.1082 	EXP 	Sound sound_pop4 set volume 1.000
78.1176 	EXP 	Sound sound_pop5 set volume 1.000
78.1270 	EXP 	Sound sound_pop6 set volume 1.000
78.1306 	EXP 	Created text_2 = TextStim(__class__=<class 'psychopy.visual.text.TextStim'>, alignHoriz=method-wrapper(...), alignText='center', alignVert=method-wrapper(...), anchorHoriz='center', anchorVert='center', antialias=True, autoDraw=False, autoLog=True, bold=False, color=array([1, 1, 1]), colorSpace='rgb', contrast=1.0, depth=0.0, flipHoriz=False, flipVert=False, font='Arial', fontFiles=[], height=0.03, italic=False, languageStyle='LTR', name='text_2', opacity=1.0, ori=0, pos=array([0., 0.]), rgb=UNKNOWN, text=str(...), units='height', win=Window(...), wrapWidth=1)
78.1331 	EXP 	Created text = TextStim(__class__=<class 'psychopy.visual.text.TextStim'>, alignHoriz=method-wrapper(...), alignText='center', alignVert=method-wrapper(...), anchorHoriz='center', anchorVert='center', antialias=True, autoDraw=False, autoLog=True, bold=False, color=array([1, 1, 1]), colorSpace='rgb', contrast=1.0, depth=-1.0, flipHoriz=False, flipVert=False, font='Arial', fontFiles=[], height=0.03, italic=False, languageStyle='LTR', name='text', opacity=1.0, ori=0, pos=array([0., 0.]), rgb=UNKNOWN, text=str(...), units='height', win=Window(...), wrapWidth=1)
78.1336 	EXP 	Created sameText = TextStim(__class__=<class 'psychopy.visual.text.TextStim'>, alignHoriz=method-wrapper(...), alignText='center', alignVert=method-wrapper(...), anchorHoriz='center', anchorVert='center', antialias=True, autoDraw=False, autoLog=True, bold=False, color=array([1, 1, 1]), colorSpace='rgb', contrast=1.0, depth=-2.0, flipHoriz=False, flipVert=False, font='Arial', fontFiles=[], height=0.03, italic=False, languageStyle='LTR', name='sameText', opacity=1.0, ori=0, pos=array([-0.2, -0.3]), rgb=UNKNOWN, text='', units='height', win=Window(...), wrapWidth=1)
78.1341 	EXP 	Created diffText = TextStim(__class__=<class 'psychopy.visual.text.TextStim'>, alignHoriz=method-wrapper(...), alignText='center', alignVert=method-wrapper(...), anchorHoriz='center', anchorVert='center', antialias=True, autoDraw=False, autoLog=True, bold=False, color=array([1, 1, 1]), colorSpace='rgb', contrast=1.0, depth=-3.0, flipHoriz=False, flipVert=False, font='Arial', fontFiles=[], height=0.03, italic=False, languageStyle='LTR', name='diffText', opacity=1.0, ori=0, pos=array([ 0.2, -0.3]), rgb=UNKNOWN, text='', units='height', win=Window(...), wrapWidth=1)
78.1350 	EXP 	Created leftCL = Rect(__class__=<class 'psychopy.visual.rect.Rect'>, anchor=('center', 'center'), autoDraw=False, autoLog=True, closeShape=True, color=method-wrapper(...), colorSpace='rgb', contrast=None, depth=-4.0, fillColor=array([1., 1., 1.]), fillColorSpace='rgb', fillRGB=array([1., 1., 1.]), interpolate=True, lineColor=array([1, 1, 1]), lineColorSpace='rgb', lineRGB=array([1, 1, 1]), lineWidth=3, name='leftCL', opacity=0.5, ori=0.0, pos=array([-0.2, -0.3]), size=array([-0.2, -0.2]), units='height', vertices=ndarray(...), win=Window(...))
78.1359 	EXP 	Created rightCL = Rect(__class__=<class 'psychopy.visual.rect.Rect'>, anchor=('center', 'center'), autoDraw=False, autoLog=True, closeShape=True, color=method-wrapper(...), colorSpace='rgb', contrast=None, depth=-5.0, fillColor=array([1., 1., 1.]), fillColorSpace='rgb', fillRGB=array([1., 1., 1.]), interpolate=True, lineColor=array([1, 1, 1]), lineColorSpace='rgb', lineRGB=array([1, 1, 1]), lineWidth=3, name='rightCL', opacity=0.5, ori=0.0, pos=array([ 0.2, -0.3]), size=array([0.2, 0.2]), units='height', vertices=ndarray(...), win=Window(...))
78.1359 	EXP 	window1: mouseVisible = True
78.1364 	EXP 	Sound clickedSound set volume 1.000
78.1400 	EXP 	Created retIMG = ImageStim(__class__=<class 'psychopy.visual.image.ImageStim'>, anchor=('center', 'center'), autoLog=True, color=array([1, 1, 1]), colorSpace='rgb', contrast=1.0, depth=-1.0, flipHoriz=False, flipVert=False, image='sin', interpolate=True, mask=None, maskParams=None, name='retIMG', opacity=1.0, ori=0.0, pos=array([0., 0.]), size=array([0.25, 0.25]), texRes=128, units='height', win=Window(...))
78.1494 	EXP 	Sound sound_pop7 set volume 1.000
78.1519 	EXP 	Created question_text = TextStim(__class__=<class 'psychopy.visual.text.TextStim'>, alignHoriz=method-wrapper(...), alignText='center', alignVert=method-wrapper(...), anchorHoriz='center', anchorVert='center', antialias=True, autoDraw=False, autoLog=True, bold=False, color=array([1, 1, 1]), colorSpace='rgb', contrast=1.0, depth=0.0, flipHoriz=False, flipVert=False, font='Arial', fontFiles=[], height=0.03, italic=False, languageStyle='LTR', name='question_text', opacity=1.0, ori=0, pos=array([0. , 0.3]), rgb=UNKNOWN, text='When did you see this object?', units='height', win=Window(...), wrapWidth=1)
78.1540 	EXP 	Created decisionQ_2 = TextStim(__class__=<class 'psychopy.visual.text.TextStim'>, alignHoriz=method-wrapper(...), alignText='center', alignVert=method-wrapper(...), anchorHoriz='center', anchorVert='center', antialias=True, autoDraw=False, autoLog=True, bold=False, color=array([1, 1, 1]), colorSpace='rgb', contrast=1.0, depth=-1.0, flipHoriz=False, flipVert=False, font='Arial', fontFiles=[], height=0.03, italic=False, languageStyle='LTR', name='decisionQ_2', opacity=1.0, ori=0, pos=array([0. , 0.3]), rgb=UNKNOWN, text='When did you see this object?', units='height', win=Window(...), wrapWidth=1)
78.1548 	EXP 	Created first_left = Rect(__class__=<class 'psychopy.visual.rect.Rect'>, anchor=('center', 'center'), autoDraw=False, autoLog=True, closeShape=True, color=method-wrapper(...), colorSpace='rgb', contrast=None, depth=-2.0, fillColor=array([1, 1, 1]), fillColorSpace='rgb', fillRGB=array([1, 1, 1]), interpolate=True, lineColor=array([1, 1, 1]), lineColorSpace='rgb', lineRGB=array([1, 1, 1]), lineWidth=3, name='first_left', opacity=0.5, ori=0.0, pos=array([0. , 0.1]), size=array([0.15, 0.15]), units='height', vertices=ndarray(...), win=Window(...))
78.1555 	EXP 	Created second_middle = Rect(__class__=<class 'psychopy.visual.rect.Rect'>, anchor=('center', 'center'), autoDraw=False, autoLog=True, closeShape=True, color=method-wrapper(...), colorSpace='rgb', contrast=None, depth=-3.0, fillColor=array([1, 1, 1]), fillColorSpace='rgb', fillRGB=array([1, 1, 1]), interpolate=True, lineColor=array([1, 1, 1]), lineColorSpace='rgb', lineRGB=array([1, 1, 1]), lineWidth=3, name='second_middle', opacity=0.5, ori=0.0, pos=array([ 0. , -0.1]), size=array([0.15, 0.15]), units='height', vertices=ndarray(...), win=Window(...))
78.1561 	EXP 	Created third_right = Rect(__class__=<class 'psychopy.visual.rect.Rect'>, anchor=('center', 'center'), autoDraw=False, autoLog=True, closeShape=True, color=method-wrapper(...), colorSpace='rgb', contrast=None, depth=-4.0, fillColor=array([1, 1, 1]), fillColorSpace='rgb', fillRGB=array([1, 1, 1]), interpolate=True, lineColor=array([1, 1, 1]), lineColorSpace='rgb', lineRGB=array([1, 1, 1]), lineWidth=3, name='third_right', opacity=0.5, ori=0.0, pos=array([ 0. , -0.3]), size=array([0.15, 0.15]), units='height', vertices=ndarray(...), win=Window(...))
78.1582 	EXP 	Created First = TextStim(__class__=<class 'psychopy.visual.text.TextStim'>, alignHoriz=method-wrapper(...), alignText='center', alignVert=method-wrapper(...), anchorHoriz='center', anchorVert='center', antialias=True, autoDraw=False, autoLog=True, bold=False, color=array([1, 1, 1]), colorSpace='rgb', contrast=1.0, depth=-5.0, flipHoriz=False, flipVert=False, font='Arial', fontFiles=[], height=0.03, italic=False, languageStyle='LTR', name='First', opacity=1.0, ori=0, pos=array([0. , 0.1]), rgb=UNKNOWN, text='First', units='height', win=Window(...), wrapWidth=1)
78.1606 	EXP 	Created Second = TextStim(__class__=<class 'psychopy.visual.text.TextStim'>, alignHoriz=method-wrapper(...), alignText='center', alignVert=method-wrapper(...), anchorHoriz='center', anchorVert='center', antialias=True, autoDraw=False, autoLog=True, bold=False, color=array([1, 1, 1]), colorSpace='rgb', contrast=1.0, depth=-6.0, flipHoriz=False, flipVert=False, font='Arial', fontFiles=[], height=0.03, italic=False, languageStyle='LTR', name='Second', opacity=1.0, ori=0, pos=array([ 0. , -0.1]), rgb=UNKNOWN, text='Second', units='height', win=Window(...), wrapWidth=1)
78.1626 	EXP 	Created Third = TextStim(__class__=<class 'psychopy.visual.text.TextStim'>, alignHoriz=method-wrapper(...), alignText='center', alignVert=method-wrapper(...), anchorHoriz='center', anchorVert='center', antialias=True, autoDraw=False, autoLog=True, bold=False, color=array([1, 1, 1]), colorSpace='rgb', contrast=1.0, depth=-7.0, flipHoriz=False, flipVert=False, font='Arial', fontFiles=[], height=0.03, italic=False, languageStyle='LTR', name='Third', opacity=1.0, ori=0, pos=array([ 0. , -0.3]), rgb=UNKNOWN, text='Third', units='height', win=Window(...), wrapWidth=1)
78.1626 	EXP 	window1: mouseVisible = True
78.1631 	EXP 	Sound clickedSound set volume 1.000
78.1659 	EXP 	Created end = TextStim(__class__=<class 'psychopy.visual.text.TextStim'>, alignHoriz=method-wrapper(...), alignText='center', alignVert=method-wrapper(...), anchorHoriz='center', anchorVert='center', antialias=True, autoDraw=False, autoLog=True, bold=False, color=array([1, 1, 1]), colorSpace='rgb', contrast=1.0, depth=0.0, flipHoriz=False, flipVert=False, font='Arial', fontFiles=[], height=0.03, italic=False, languageStyle='LTR', name='end', opacity=1.0, ori=0, pos=array([0., 0.]), rgb=UNKNOWN, text=str(...), units='height', win=Window(...), wrapWidth=1)
78.1697 	EXP 	Instructions: autoDraw = True
93.3213 	DATA 	Keypress: x
93.8710 	DATA 	Keypress: x
94.0710 	DATA 	Keypress: x
94.4873 	EXP 	Created sequence: random, trialTypes=1, nReps=4, seed=None
94.4874 	EXP 	New trial (rep=0, index=0): None
94.6240 	DATA 	Keypress: space
94.7308 	EXP 	Instructions: autoDraw = False
94.7308 	EXP 	fix: autoDraw = True
96.6033 	EXP 	Sound sound_pop started
96.5955 	EXP 	fix: autoDraw = False
96.5955 	EXP 	fix: autoDraw = False
96.5955 	EXP 	Triplet1: image = 'images/OBJ_49.png'
96.5955 	EXP 	Triplet2: image = 'images/OBJ_194.png'
96.5955 	EXP 	Triplet3: image = 'images/OBJ_109.png'
96.5955 	EXP 	Triplet1: autoDraw = True
96.9727 	EXP 	Sound sound_pop reached end of file
98.1029 	EXP 	Triplet1: autoDraw = False
98.5856 	EXP 	Sound sound_pop2 started
98.5861 	EXP 	Triplet2: autoDraw = True
98.9535 	EXP 	Sound sound_pop2 reached end of file
100.0852 	EXP 	Triplet2: autoDraw = False
100.5851 	EXP 	Sound sound_pop3 started
100.5851 	EXP 	Triplet3: autoDraw = True
100.9435 	EXP 	Sound sound_pop3 reached end of file
102.0847 	EXP 	Triplet3: autoDraw = False
102.0847 	EXP 	Triplet1: autoDraw = False
102.0847 	EXP 	Triplet2: autoDraw = False
102.0847 	EXP 	Triplet3: autoDraw = False
102.0847 	EXP 	Mask: autoDraw = True
103.7179 	EXP 	Sound sound_pop4 started
103.7151 	EXP 	Mask: autoDraw = False
103.7151 	EXP 	Mask: autoDraw = False
103.7151 	EXP 	img1: image = 'images/OBJ_49.png'
103.7151 	EXP 	img2: image = 'images/OBJ_109.png'
103.7151 	EXP 	img3: image = 'images/OBJ_194.png'
103.7151 	EXP 	img1: autoDraw = True
104.0931 	EXP 	Sound sound_pop4 reached end of file
105.2171 	EXP 	img1: autoDraw = False
105.7169 	EXP 	Sound sound_pop5 started
105.7169 	EXP 	img2: autoDraw = True
106.0841 	EXP 	Sound sound_pop5 reached end of file
107.2170 	EXP 	img2: autoDraw = False
107.7168 	EXP 	Sound sound_pop6 started
107.7163 	EXP 	img3: autoDraw = True
108.0833 	EXP 	Sound sound_pop6 reached end of file
109.2164 	EXP 	img3: autoDraw = False
109.2164 	EXP 	img1: autoDraw = False
109.2164 	EXP 	img2: autoDraw = False
109.2164 	EXP 	img3: autoDraw = False
109.2164 	EXP 	text_2: autoDraw = True
110.2156 	EXP 	text_2: autoDraw = False
110.2156 	EXP 	text_2: autoDraw = False
110.2156 	EXP 	sameText: height = 0.03
110.2156 	EXP 	sameText: height = 0.03
110.2156 	EXP 	sameText: height = 0.03
110.2156 	EXP 	sameText: text = 'Same'
110.2156 	EXP 	diffText: height = 0.03
110.2156 	EXP 	diffText: height = 0.03
110.2156 	EXP 	diffText: height = 0.03
110.2156 	EXP 	diffText: text = 'Different'
110.2156 	EXP 	text: autoDraw = True
110.2156 	EXP 	sameText: autoDraw = True
110.2156 	EXP 	diffText: autoDraw = True
110.2156 	EXP 	leftCL: autoDraw = True
110.2156 	EXP 	rightCL: autoDraw = True
111.1156 	DATA 	Mouse: Left button down, pos=(756,172)
111.1320 	EXP 	Sound clickedSound started
111.1297 	EXP 	text: autoDraw = False
111.1297 	EXP 	sameText: autoDraw = False
111.1297 	EXP 	diffText: autoDraw = False
111.1297 	EXP 	leftCL: autoDraw = False
111.1297 	EXP 	rightCL: autoDraw = False
111.2824 	DATA 	Mouse:  Left button up, pos=(756,172)
111.6336 	EXP 	Sound clickedSound stopped
111.6339 	EXP 	New trial (rep=1, index=0): None
111.8657 	EXP 	fix: autoDraw = True
113.6312 	EXP 	Sound sound_pop started
113.6302 	EXP 	fix: autoDraw = False
113.6302 	EXP 	fix: autoDraw = False
113.6302 	EXP 	Triplet1: image = 'images/OBJ_64.png'
113.6302 	EXP 	Triplet2: image = 'images/OBJ_26.png'
113.6302 	EXP 	Triplet3: image = 'images/OBJ_35.png'
113.6302 	EXP 	Triplet1: autoDraw = True
114.0035 	EXP 	Sound sound_pop reached end of file
115.1309 	EXP 	Triplet1: autoDraw = False
115.6312 	EXP 	Sound sound_pop2 started
115.6307 	EXP 	Triplet2: autoDraw = True
115.9944 	EXP 	Sound sound_pop2 reached end of file
117.1306 	EXP 	Triplet2: autoDraw = False
117.6301 	EXP 	Sound sound_pop3 started
117.6306 	EXP 	Triplet3: autoDraw = True
117.9936 	EXP 	Sound sound_pop3 reached end of file
119.1297 	EXP 	Triplet3: autoDraw = False
119.1297 	EXP 	Triplet1: autoDraw = False
119.1297 	EXP 	Triplet2: autoDraw = False
119.1297 	EXP 	Triplet3: autoDraw = False
119.1297 	EXP 	Mask: autoDraw = True
120.6792 	EXP 	Sound sound_pop4 started
120.6668 	EXP 	Mask: autoDraw = False
120.6668 	EXP 	Mask: autoDraw = False
120.6668 	EXP 	img1: image = 'images/OBJ_64.png'
120.6668 	EXP 	img2: image = 'images/OBJ_26.png'
120.6668 	EXP 	img3: image = 'images/OBJ_35.png'
120.6668 	EXP 	img1: autoDraw = True
121.0442 	EXP 	Sound sound_pop4 reached end of file
122.1793 	EXP 	img1: autoDraw = False
122.6624 	EXP 	Sound sound_pop5 started
122.6622 	EXP 	img2: autoDraw = True
123.0250 	EXP 	Sound sound_pop5 reached end of file
124.1620 	EXP 	img2: autoDraw = False
124.6619 	EXP 	Sound sound_pop6 started
124.6614 	EXP 	img3: autoDraw = True
125.0242 	EXP 	Sound sound_pop6 reached end of file
126.1615 	EXP 	img3: autoDraw = False
126.1615 	EXP 	img1: autoDraw = False
126.1615 	EXP 	img2: autoDraw = False
126.1615 	EXP 	img3: autoDraw = False
126.1615 	EXP 	text_2: autoDraw = True
127.1612 	EXP 	text_2: autoDraw = False
127.1612 	EXP 	text_2: autoDraw = False
127.1612 	EXP 	sameText: text = 'Same'
127.1612 	EXP 	diffText: text = 'Different'
127.1612 	EXP 	text: autoDraw = True
127.1612 	EXP 	sameText: autoDraw = True
127.1612 	EXP 	diffText: autoDraw = True
127.1612 	EXP 	leftCL: autoDraw = True
127.1612 	EXP 	rightCL: autoDraw = True
129.0270 	DATA 	Mouse: Left button down, pos=(461,150)
129.0435 	EXP 	Sound clickedSound started
129.0440 	EXP 	text: autoDraw = False
129.0440 	EXP 	sameText: autoDraw = False
129.0440 	EXP 	diffText: autoDraw = False
129.0440 	EXP 	leftCL: autoDraw = False
129.0440 	EXP 	rightCL: autoDraw = False
129.1605 	DATA 	Mouse:  Left button up, pos=(461,150)
129.5445 	EXP 	Sound clickedSound stopped
129.5448 	EXP 	New trial (rep=2, index=0): None
129.7686 	EXP 	fix: autoDraw = True
131.5593 	EXP 	Sound sound_pop started
131.5504 	EXP 	fix: autoDraw = False
131.5504 	EXP 	fix: autoDraw = False
131.5504 	EXP 	Triplet1: image = 'images/OBJ_17.png'
131.5504 	EXP 	Triplet2: image = 'images/OBJ_39.png'
131.5504 	EXP 	Triplet3: image = 'images/OBJ_177.png'
131.5504 	EXP 	Triplet1: autoDraw = True
131.9246 	EXP 	Sound sound_pop reached end of file
133.0589 	EXP 	Triplet1: autoDraw = False
133.5425 	EXP 	Sound sound_pop2 started
133.5422 	EXP 	Triplet2: autoDraw = True
133.9054 	EXP 	Sound sound_pop2 reached end of file
135.0417 	EXP 	Triplet2: autoDraw = False
135.5420 	EXP 	Sound sound_pop3 started
135.5416 	EXP 	Triplet3: autoDraw = True
135.9046 	EXP 	Sound sound_pop3 reached end of file
137.0416 	EXP 	Triplet3: autoDraw = False
137.0416 	EXP 	Triplet1: autoDraw = False
137.0416 	EXP 	Triplet2: autoDraw = False
137.0416 	EXP 	Triplet3: autoDraw = False
137.0416 	EXP 	Mask: autoDraw = True
138.5910 	EXP 	Sound sound_pop4 started
138.5851 	EXP 	Mask: autoDraw = False
138.5851 	EXP 	Mask: autoDraw = False
138.5851 	EXP 	img1: image = 'images/OBJ_17.png'
138.5851 	EXP 	img2: image = 'images/OBJ_39.png'
138.5851 	EXP 	img3: image = 'images/OBJ_177.png'
138.5851 	EXP 	img1: autoDraw = True
138.9553 	EXP 	Sound sound_pop4 reached end of file
140.0902 	EXP 	img1: autoDraw = False
140.5739 	EXP 	Sound sound_pop5 started
140.5734 	EXP 	img2: autoDraw = True
140.9342 	EXP 	Sound sound_pop5 reached end of file
142.0734 	EXP 	img2: autoDraw = False
142.5729 	EXP 	Sound sound_pop6 started
142.5729 	EXP 	img3: autoDraw = True
142.9354 	EXP 	Sound sound_pop6 reached end of file
144.0724 	EXP 	img3: autoDraw = False
144.0724 	EXP 	img1: autoDraw = False
144.0724 	EXP 	img2: autoDraw = False
144.0724 	EXP 	img3: autoDraw = False
144.0724 	EXP 	text_2: autoDraw = True
145.0722 	EXP 	text_2: autoDraw = False
145.0722 	EXP 	text_2: autoDraw = False
145.0722 	EXP 	sameText: text = 'Same'
145.0722 	EXP 	diffText: text = 'Different'
145.0722 	EXP 	text: autoDraw = True
145.0722 	EXP 	sameText: autoDraw = True
145.0722 	EXP 	diffText: autoDraw = True
145.0722 	EXP 	leftCL: autoDraw = True
145.0722 	EXP 	rightCL: autoDraw = True
146.3724 	DATA 	Mouse: Left button down, pos=(465,149)
146.3889 	EXP 	Sound clickedSound started
146.3889 	EXP 	text: autoDraw = False
146.3889 	EXP 	sameText: autoDraw = False
146.3889 	EXP 	diffText: autoDraw = False
146.3889 	EXP 	leftCL: autoDraw = False
146.3889 	EXP 	rightCL: autoDraw = False
146.5555 	DATA 	Mouse:  Left button up, pos=(465,149)
146.8951 	EXP 	Sound clickedSound stopped
146.8954 	EXP 	New trial (rep=3, index=0): None
147.1246 	EXP 	fix: autoDraw = True
148.9048 	EXP 	Sound sound_pop started
148.9069 	EXP 	fix: autoDraw = False
148.9069 	EXP 	fix: autoDraw = False
148.9069 	EXP 	Triplet1: image = 'images/OBJ_115.png'
148.9069 	EXP 	Triplet2: image = 'images/OBJ_50.png'
148.9069 	EXP 	Triplet3: image = 'images/OBJ_125.png'
148.9069 	EXP 	Triplet1: autoDraw = True
149.2854 	EXP 	Sound sound_pop reached end of file
150.4206 	EXP 	Triplet1: autoDraw = False
150.9037 	EXP 	Sound sound_pop2 started
150.9037 	EXP 	Triplet2: autoDraw = True
151.2744 	EXP 	Sound sound_pop2 reached end of file
152.4033 	EXP 	Triplet2: autoDraw = False
152.9031 	EXP 	Sound sound_pop3 started
152.9032 	EXP 	Triplet3: autoDraw = True
153.2654 	EXP 	Sound sound_pop3 reached end of file
154.4027 	EXP 	Triplet3: autoDraw = False
154.4027 	EXP 	Triplet1: autoDraw = False
154.4027 	EXP 	Triplet2: autoDraw = False
154.4027 	EXP 	Triplet3: autoDraw = False
154.4027 	EXP 	Mask: autoDraw = True
155.9526 	EXP 	Sound sound_pop4 started
155.9432 	EXP 	Mask: autoDraw = False
155.9432 	EXP 	Mask: autoDraw = False
155.9432 	EXP 	img1: image = 'images/OBJ_115.png'
155.9432 	EXP 	img2: image = 'images/OBJ_50.png'
155.9432 	EXP 	img3: image = 'images/OBJ_125.png'
155.9432 	EXP 	img1: autoDraw = True
156.3163 	EXP 	Sound sound_pop4 reached end of file
157.4518 	EXP 	img1: autoDraw = False
157.9351 	EXP 	Sound sound_pop5 started
157.9351 	EXP 	img2: autoDraw = True
158.2957 	EXP 	Sound sound_pop5 reached end of file
159.4346 	EXP 	img2: autoDraw = False
159.9344 	EXP 	Sound sound_pop6 started
159.9345 	EXP 	img3: autoDraw = True
160.2961 	EXP 	Sound sound_pop6 reached end of file
161.4340 	EXP 	img3: autoDraw = False
161.4340 	EXP 	img1: autoDraw = False
161.4340 	EXP 	img2: autoDraw = False
161.4340 	EXP 	img3: autoDraw = False
161.4340 	EXP 	text_2: autoDraw = True
162.4343 	EXP 	text_2: autoDraw = False
162.4343 	EXP 	text_2: autoDraw = False
162.4343 	EXP 	sameText: text = 'Same'
162.4343 	EXP 	diffText: text = 'Different'
162.4343 	EXP 	text: autoDraw = True
162.4343 	EXP 	sameText: autoDraw = True
162.4343 	EXP 	diffText: autoDraw = True
162.4343 	EXP 	leftCL: autoDraw = True
162.4343 	EXP 	rightCL: autoDraw = True
163.0505 	DATA 	Mouse: Left button down, pos=(467,149)
163.0669 	EXP 	Sound clickedSound started
163.0669 	EXP 	text: autoDraw = False
163.0669 	EXP 	sameText: autoDraw = False
163.0669 	EXP 	diffText: autoDraw = False
163.0669 	EXP 	leftCL: autoDraw = False
163.0669 	EXP 	rightCL: autoDraw = False
163.2177 	DATA 	Mouse:  Left button up, pos=(467,149)
163.5651 	EXP 	Sound clickedSound stopped
163.5656 	EXP 	Created sequence: random, trialTypes=1, nReps=3, seed=None
163.5657 	EXP 	New trial (rep=0, index=0): None
163.8504 	EXP 	Sound sound_pop7 started
163.8418 	EXP 	retIMG: image = 'images/OBJ_17.png'
163.8418 	EXP 	retIMG: autoDraw = True
164.2150 	EXP 	Sound sound_pop7 reached end of file
165.3496 	EXP 	retIMG: autoDraw = False
165.3496 	EXP 	retIMG: autoDraw = False
165.3496 	EXP 	question_text: autoDraw = True
166.3493 	EXP 	question_text: autoDraw = False
166.3493 	EXP 	question_text: autoDraw = False
166.3493 	EXP 	decisionQ_2: autoDraw = True
167.3324 	EXP 	first_left: autoDraw = True
167.3324 	EXP 	second_middle: autoDraw = True
167.3324 	EXP 	third_right: autoDraw = True
167.3324 	EXP 	First: autoDraw = True
167.3324 	EXP 	Second: autoDraw = True
167.3324 	EXP 	Third: autoDraw = True
168.0324 	DATA 	Mouse: Left button down, pos=(604,456)
168.0488 	EXP 	Sound clickedSound started
168.0488 	EXP 	decisionQ_2: autoDraw = False
168.0488 	EXP 	first_left: autoDraw = False
168.0488 	EXP 	second_middle: autoDraw = False
168.0488 	EXP 	third_right: autoDraw = False
168.0488 	EXP 	First: autoDraw = False
168.0488 	EXP 	Second: autoDraw = False
168.0488 	EXP 	Third: autoDraw = False
168.1991 	DATA 	Mouse:  Left button up, pos=(604,455)
168.5559 	EXP 	Sound clickedSound stopped
168.5562 	EXP 	New trial (rep=1, index=0): None
168.8155 	EXP 	Sound sound_pop7 started
168.8071 	EXP 	retIMG: image = 'images/OBJ_26.png'
168.8071 	EXP 	retIMG: autoDraw = True
169.1759 	EXP 	Sound sound_pop7 reached end of file
170.3148 	EXP 	retIMG: autoDraw = False
170.3148 	EXP 	retIMG: autoDraw = False
170.3148 	EXP 	question_text: autoDraw = True
171.3148 	EXP 	question_text: autoDraw = False
171.3148 	EXP 	question_text: autoDraw = False
171.3148 	EXP 	decisionQ_2: autoDraw = True
172.2809 	EXP 	first_left: autoDraw = True
172.2809 	EXP 	second_middle: autoDraw = True
172.2809 	EXP 	third_right: autoDraw = True
172.2809 	EXP 	First: autoDraw = True
172.2809 	EXP 	Second: autoDraw = True
172.2809 	EXP 	Third: autoDraw = True
172.6810 	DATA 	Mouse: Left button down, pos=(595,560)
172.6975 	EXP 	Sound clickedSound started
172.6975 	EXP 	decisionQ_2: autoDraw = False
172.6975 	EXP 	first_left: autoDraw = False
172.6975 	EXP 	second_middle: autoDraw = False
172.6975 	EXP 	third_right: autoDraw = False
172.6975 	EXP 	First: autoDraw = False
172.6975 	EXP 	Second: autoDraw = False
172.6975 	EXP 	Third: autoDraw = False
172.7982 	DATA 	Mouse:  Left button up, pos=(595,560)
173.1962 	EXP 	Sound clickedSound stopped
173.1964 	EXP 	New trial (rep=2, index=0): None
173.4638 	EXP 	Sound sound_pop7 started
173.4650 	EXP 	retIMG: image = 'images/OBJ_115.png'
173.4650 	EXP 	retIMG: autoDraw = True
173.8461 	EXP 	Sound sound_pop7 reached end of file
174.9801 	EXP 	retIMG: autoDraw = False
174.9801 	EXP 	retIMG: autoDraw = False
174.9801 	EXP 	question_text: autoDraw = True
175.9803 	EXP 	question_text: autoDraw = False
175.9803 	EXP 	question_text: autoDraw = False
175.9803 	EXP 	decisionQ_2: autoDraw = True
176.9462 	EXP 	first_left: autoDraw = True
176.9462 	EXP 	second_middle: autoDraw = True
176.9462 	EXP 	third_right: autoDraw = True
176.9462 	EXP 	First: autoDraw = True
176.9462 	EXP 	Second: autoDraw = True
176.9462 	EXP 	Third: autoDraw = True
177.4968 	DATA 	Mouse: Left button down, pos=(610,557)
177.5132 	EXP 	Sound clickedSound started
177.5128 	EXP 	decisionQ_2: autoDraw = False
177.5128 	EXP 	first_left: autoDraw = False
177.5128 	EXP 	second_middle: autoDraw = False
177.5128 	EXP 	third_right: autoDraw = False
177.5128 	EXP 	First: autoDraw = False
177.5128 	EXP 	Second: autoDraw = False
177.5128 	EXP 	Third: autoDraw = False
177.6964 	DATA 	Mouse:  Left button up, pos=(610,556)
178.0158 	EXP 	Sound clickedSound stopped
178.0193 	EXP 	BlockBreak: autoDraw = True
181.4459 	EXP 	Created sequence: random, trialTypes=1, nReps=25, seed=None
181.4462 	EXP 	New trial (rep=0, index=0): None
181.5738 	DATA 	Keypress: space
181.6778 	EXP 	BlockBreak: autoDraw = False
181.6778 	EXP 	text_4: autoDraw = False
181.6778 	EXP 	fix: autoDraw = True
183.2277 	EXP 	Sound sound_pop started
183.2306 	EXP 	fix: autoDraw = False
183.2306 	EXP 	fix: autoDraw = False
183.2306 	EXP 	Triplet1: image = 'images/OBJ_149.png'
183.2306 	EXP 	Triplet2: image = 'images/OBJ_100.png'
183.2306 	EXP 	Triplet3: image = 'images/OBJ_99.png'
183.2306 	EXP 	Triplet1: autoDraw = True
183.6057 	EXP 	Sound sound_pop reached end of file
184.7444 	EXP 	Triplet1: autoDraw = False
185.2272 	EXP 	Sound sound_pop2 started
185.2271 	EXP 	Triplet2: autoDraw = True
185.5878 	EXP 	Sound sound_pop2 reached end of file
186.7267 	EXP 	Triplet2: autoDraw = False
187.2270 	EXP 	Sound sound_pop3 started
187.2266 	EXP 	Triplet3: autoDraw = True
187.5857 	EXP 	Sound sound_pop3 reached end of file
188.7261 	EXP 	Triplet3: autoDraw = False
188.7261 	EXP 	Triplet1: autoDraw = False
188.7261 	EXP 	Triplet2: autoDraw = False
188.7261 	EXP 	Triplet3: autoDraw = False
188.7261 	EXP 	Mask: autoDraw = True
190.2756 	EXP 	Sound sound_pop4 started
190.2740 	EXP 	Mask: autoDraw = False
190.2740 	EXP 	Mask: autoDraw = False
190.2740 	EXP 	img1: image = 'images/OBJ_149.png'
190.2740 	EXP 	img2: image = 'images/OBJ_100.png'
190.2740 	EXP 	img3: image = 'images/OBJ_99.png'
190.2740 	EXP 	img1: autoDraw = True
190.6567 	EXP 	Sound sound_pop4 reached end of file
191.7757 	EXP 	img1: autoDraw = False
192.2756 	EXP 	Sound sound_pop5 started
192.2755 	EXP 	img2: autoDraw = True
192.6375 	EXP 	Sound sound_pop5 reached end of file
193.7751 	EXP 	img2: autoDraw = False
194.2750 	EXP 	Sound sound_pop6 started
194.2750 	EXP 	img3: autoDraw = True
194.6366 	EXP 	Sound sound_pop6 reached end of file
195.7741 	EXP 	img3: autoDraw = False
195.7741 	EXP 	img1: autoDraw = False
195.7741 	EXP 	img2: autoDraw = False
195.7741 	EXP 	img3: autoDraw = False
195.7741 	EXP 	text_2: autoDraw = True
196.7738 	EXP 	text_2: autoDraw = False
196.7738 	EXP 	text_2: autoDraw = False
196.7738 	EXP 	sameText: text = 'Same'
196.7738 	EXP 	diffText: text = 'Different'
196.7738 	EXP 	text: autoDraw = True
196.7738 	EXP 	sameText: autoDraw = True
196.7738 	EXP 	diffText: autoDraw = True
196.7738 	EXP 	leftCL: autoDraw = True
196.7738 	EXP 	rightCL: autoDraw = True
197.8742 	DATA 	Mouse: Left button down, pos=(464,206)
197.8906 	EXP 	Sound clickedSound started
197.8902 	EXP 	text: autoDraw = False
197.8902 	EXP 	sameText: autoDraw = False
197.8902 	EXP 	diffText: autoDraw = False
197.8902 	EXP 	leftCL: autoDraw = False
197.8902 	EXP 	rightCL: autoDraw = False
198.0238 	DATA 	Mouse:  Left button up, pos=(464,206)
198.3967 	EXP 	Sound clickedSound stopped
198.3971 	EXP 	New trial (rep=1, index=0): None
198.6252 	EXP 	fix: autoDraw = True
200.1899 	EXP 	Sound sound_pop started
200.1924 	EXP 	fix: autoDraw = False
200.1924 	EXP 	fix: autoDraw = False
200.1924 	EXP 	Triplet1: image = 'images/OBJ_10.png'
200.1924 	EXP 	Triplet2: image = 'images/OBJ_94.png'
200.1924 	EXP 	Triplet3: image = 'images/OBJ_111.png'
200.1924 	EXP 	Triplet1: autoDraw = True
200.5670 	EXP 	Sound sound_pop reached end of file
201.7057 	EXP 	Triplet1: autoDraw = False
202.1893 	EXP 	Sound sound_pop2 started
202.1893 	EXP 	Triplet2: autoDraw = True
202.5560 	EXP 	Sound sound_pop2 reached end of file
203.6884 	EXP 	Triplet2: autoDraw = False
204.1883 	EXP 	Sound sound_pop3 started
204.1883 	EXP 	Triplet3: autoDraw = True
204.5571 	EXP 	Sound sound_pop3 reached end of file
205.6878 	EXP 	Triplet3: autoDraw = False
205.6878 	EXP 	Triplet1: autoDraw = False
205.6878 	EXP 	Triplet2: autoDraw = False
205.6878 	EXP 	Triplet3: autoDraw = False
205.6878 	EXP 	Mask: autoDraw = True
207.2377 	EXP 	Sound sound_pop4 started
207.2348 	EXP 	Mask: autoDraw = False
207.2348 	EXP 	Mask: autoDraw = False
207.2348 	EXP 	img1: image = 'images/OBJ_94.png'
207.2348 	EXP 	img2: image = 'images/OBJ_111.png'
207.2348 	EXP 	img3: image = 'images/OBJ_10.png'
207.2348 	EXP 	img1: autoDraw = True
207.6080 	EXP 	Sound sound_pop4 reached end of file
208.7373 	EXP 	img1: autoDraw = False
209.2372 	EXP 	Sound sound_pop5 started
209.2369 	EXP 	img2: autoDraw = True
209.5978 	EXP 	Sound sound_pop5 reached end of file
210.7364 	EXP 	img2: autoDraw = False
211.2367 	EXP 	Sound sound_pop6 started
211.2367 	EXP 	img3: autoDraw = True
211.6003 	EXP 	Sound sound_pop6 reached end of file
212.7358 	EXP 	img3: autoDraw = False
212.7358 	EXP 	img1: autoDraw = False
212.7358 	EXP 	img2: autoDraw = False
212.7358 	EXP 	img3: autoDraw = False
212.7358 	EXP 	text_2: autoDraw = True
213.7355 	EXP 	text_2: autoDraw = False
213.7355 	EXP 	text_2: autoDraw = False
213.7355 	EXP 	sameText: text = 'Same'
213.7355 	EXP 	diffText: text = 'Different'
213.7355 	EXP 	text: autoDraw = True
213.7355 	EXP 	sameText: autoDraw = True
213.7355 	EXP 	diffText: autoDraw = True
213.7355 	EXP 	leftCL: autoDraw = True
213.7355 	EXP 	rightCL: autoDraw = True
214.2356 	DATA 	Mouse: Left button down, pos=(797,214)
214.2521 	EXP 	Sound clickedSound started
214.2521 	EXP 	text: autoDraw = False
214.2521 	EXP 	sameText: autoDraw = False
214.2521 	EXP 	diffText: autoDraw = False
214.2521 	EXP 	leftCL: autoDraw = False
214.2521 	EXP 	rightCL: autoDraw = False
214.4195 	DATA 	Mouse:  Left button up, pos=(797,214)
214.7611 	EXP 	Sound clickedSound stopped
214.7615 	EXP 	New trial (rep=2, index=0): None
214.9874 	EXP 	fix: autoDraw = True
216.5513 	EXP 	Sound sound_pop started
216.5441 	EXP 	fix: autoDraw = False
216.5441 	EXP 	fix: autoDraw = False
216.5441 	EXP 	Triplet1: image = 'images/OBJ_150.png'
216.5441 	EXP 	Triplet2: image = 'images/OBJ_28.png'
216.5441 	EXP 	Triplet3: image = 'images/OBJ_184.png'
216.5441 	EXP 	Triplet1: autoDraw = True
216.9212 	EXP 	Sound sound_pop reached end of file
218.0514 	EXP 	Triplet1: autoDraw = False
218.5346 	EXP 	Sound sound_pop2 started
218.5346 	EXP 	Triplet2: autoDraw = True
218.6517 	DATA 	Keypress: escape
221.4478 	EXP 	window1: mouseVisible = True
221.4478 	EXP 	window1: mouseVisible = True
221.4479 	EXP 	window1: mouseVisible = True
221.4479 	EXP 	window1: mouseVisible = True
221.4480 	EXP 	window1: mouseVisible = True
221.4480 	EXP 	window1: mouseVisible = True
221.4480 	EXP 	window1: mouseVisible = True
221.4481 	EXP 	window1: mouseVisible = True
221.4481 	EXP 	window1: mouseVisible = True
221.4481 	EXP 	window1: mouseVisible = True
221.4481 	EXP 	window1: mouseVisible = True
221.4482 	EXP 	window1: mouseVisible = True
221.4482 	EXP 	window1: mouseVisible = True
221.4482 	EXP 	window1: mouseVisible = True
221.4483 	EXP 	window1: mouseVisible = True
221.4483 	EXP 	window1: mouseVisible = True
221.4483 	EXP 	window1: mouseVisible = True
221.4484 	EXP 	window1: mouseVisible = True
221.4484 	EXP 	window1: mouseVisible = True
221.4484 	EXP 	window1: mouseVisible = True
221.4485 	EXP 	window1: mouseVisible = True
221.4485 	EXP 	window1: mouseVisible = True
221.4485 	EXP 	window1: mouseVisible = True
221.4486 	EXP 	window1: mouseVisible = True
221.4486 	EXP 	window1: mouseVisible = True
221.4486 	EXP 	window1: mouseVisible = True
221.4486 	EXP 	window1: mouseVisible = True
221.4487 	EXP 	window1: mouseVisible = True
221.4487 	EXP 	window1: mouseVisible = True
221.4487 	EXP 	window1: mouseVisible = True
221.4488 	EXP 	window1: mouseVisible = True
221.4488 	EXP 	window1: mouseVisible = True
221.4488 	EXP 	window1: mouseVisible = True
221.4489 	EXP 	window1: mouseVisible = True
221.4489 	EXP 	window1: mouseVisible = True
221.4489 	EXP 	window1: mouseVisible = True
221.4490 	EXP 	window1: mouseVisible = True
221.4490 	EXP 	window1: mouseVisible = True
221.4490 	EXP 	window1: mouseVisible = True
221.4490 	EXP 	window1: mouseVisible = True
221.4491 	EXP 	window1: mouseVisible = True
221.4491 	EXP 	window1: mouseVisible = True
221.4491 	EXP 	window1: mouseVisible = True
221.4492 	EXP 	window1: mouseVisible = True
221.4492 	EXP 	window1: mouseVisible = True
221.4492 	EXP 	window1: mouseVisible = True
221.4493 	EXP 	window1: mouseVisible = True
221.4493 	EXP 	window1: mouseVisible = True
221.4493 	EXP 	window1: mouseVisible = True
221.4494 	EXP 	window1: mouseVisible = True
221.4494 	EXP 	window1: mouseVisible = True
221.4494 	EXP 	window1: mouseVisible = True
221.4494 	EXP 	window1: mouseVisible = True
221.4495 	EXP 	window1: mouseVisible = True
221.4495 	EXP 	window1: mouseVisible = True
221.4495 	EXP 	window1: mouseVisible = True
221.4496 	EXP 	window1: mouseVisible = True
221.4496 	EXP 	window1: mouseVisible = True
221.4496 	EXP 	window1: mouseVisible = True
221.4497 	EXP 	window1: mouseVisible = True
221.4497 	EXP 	window1: mouseVisible = True
221.4497 	EXP 	window1: mouseVisible = True
221.4498 	EXP 	window1: mouseVisible = True
221.4498 	EXP 	window1: mouseVisible = True
221.4498 	EXP 	window1: mouseVisible = True
221.4499 	EXP 	window1: mouseVisible = True
221.4499 	EXP 	window1: mouseVisible = True
221.4499 	EXP 	window1: mouseVisible = True
221.4499 	EXP 	window1: mouseVisible = True
221.4500 	EXP 	window1: mouseVisible = True
221.4500 	EXP 	window1: mouseVisible = True
221.4500 	EXP 	window1: mouseVisible = True
221.4501 	EXP 	window1: mouseVisible = True
221.4501 	EXP 	window1: mouseVisible = True
221.4501 	EXP 	window1: mouseVisible = True
221.4502 	EXP 	window1: mouseVisible = True
221.4502 	EXP 	window1: mouseVisible = True
221.4502 	EXP 	window1: mouseVisible = True
221.4502 	EXP 	window1: mouseVisible = True
221.4503 	EXP 	window1: mouseVisible = True
221.4503 	EXP 	window1: mouseVisible = True
221.4503 	EXP 	window1: mouseVisible = True
221.4504 	EXP 	window1: mouseVisible = True
221.4504 	EXP 	window1: mouseVisible = True
221.4504 	EXP 	window1: mouseVisible = True
221.4505 	EXP 	window1: mouseVisible = True
221.4505 	EXP 	window1: mouseVisible = True
221.4505 	EXP 	window1: mouseVisible = True
221.4506 	EXP 	window1: mouseVisible = True
221.4506 	EXP 	window1: mouseVisible = True
221.4506 	EXP 	window1: mouseVisible = True
221.4506 	EXP 	window1: mouseVisible = True
221.4507 	EXP 	window1: mouseVisible = True
221.4507 	EXP 	window1: mouseVisible = True
221.4507 	EXP 	window1: mouseVisible = True
221.4508 	EXP 	window1: mouseVisible = True
221.4508 	EXP 	window1: mouseVisible = True
221.4508 	EXP 	window1: mouseVisible = True
221.4509 	EXP 	window1: mouseVisible = True
221.4509 	EXP 	window1: mouseVisible = True
221.4509 	EXP 	window1: mouseVisible = True
221.4510 	EXP 	window1: mouseVisible = True
221.4510 	EXP 	window1: mouseVisible = True
221.4510 	EXP 	window1: mouseVisible = True
221.4510 	EXP 	window1: mouseVisible = True
221.4511 	EXP 	window1: mouseVisible = True
221.4511 	EXP 	window1: mouseVisible = True
221.4511 	EXP 	window1: mouseVisible = True
221.4512 	EXP 	window1: mouseVisible = True
221.4512 	EXP 	window1: mouseVisible = True
221.4512 	EXP 	window1: mouseVisible = True
221.4513 	EXP 	window1: mouseVisible = True
221.4513 	EXP 	window1: mouseVisible = True
221.4513 	EXP 	window1: mouseVisible = True
221.4514 	EXP 	window1: mouseVisible = True
221.4514 	EXP 	window1: mouseVisible = True
221.4514 	EXP 	window1: mouseVisible = True
221.4514 	EXP 	window1: mouseVisible = True
221.4515 	EXP 	window1: mouseVisible = True
221.4515 	EXP 	window1: mouseVisible = True
221.4515 	EXP 	window1: mouseVisible = True
221.4516 	EXP 	window1: mouseVisible = True
221.4516 	EXP 	window1: mouseVisible = True
221.4516 	EXP 	window1: mouseVisible = True
221.4517 	EXP 	window1: mouseVisible = True
221.4517 	EXP 	window1: mouseVisible = True
221.4517 	EXP 	window1: mouseVisible = True
221.4522 	EXP 	window1: mouseVisible = True
221.4522 	EXP 	window1: mouseVisible = True
221.4522 	EXP 	window1: mouseVisible = True
221.4523 	EXP 	window1: mouseVisible = True
221.4523 	EXP 	window1: mouseVisible = True
221.4523 	EXP 	window1: mouseVisible = True
221.4524 	EXP 	window1: mouseVisible = True
221.4524 	EXP 	window1: mouseVisible = True
221.4524 	EXP 	window1: mouseVisible = True
221.4525 	EXP 	window1: mouseVisible = True
221.4525 	EXP 	window1: mouseVisible = True
221.4525 	EXP 	window1: mouseVisible = True
221.4526 	EXP 	window1: mouseVisible = True
221.4526 	EXP 	window1: mouseVisible = True
221.4526 	EXP 	window1: mouseVisible = True
221.4527 	EXP 	window1: mouseVisible = True
221.4527 	EXP 	window1: mouseVisible = True
221.4527 	EXP 	window1: mouseVisible = True
221.4528 	EXP 	window1: mouseVisible = True
221.4528 	EXP 	window1: mouseVisible = True
221.4528 	EXP 	window1: mouseVisible = True
221.4529 	EXP 	window1: mouseVisible = True
221.4529 	EXP 	window1: mouseVisible = True
221.4529 	EXP 	window1: mouseVisible = True
221.4530 	EXP 	window1: mouseVisible = True
221.4530 	EXP 	window1: mouseVisible = True
221.4530 	EXP 	window1: mouseVisible = True
221.4531 	EXP 	window1: mouseVisible = True
221.4531 	EXP 	window1: mouseVisible = True
221.4531 	EXP 	window1: mouseVisible = True
221.4532 	EXP 	window1: mouseVisible = True
221.4532 	EXP 	window1: mouseVisible = True
221.4532 	EXP 	window1: mouseVisible = True
221.4533 	EXP 	window1: mouseVisible = True
221.4533 	EXP 	window1: mouseVisible = True
221.4533 	EXP 	window1: mouseVisible = True
221.4534 	EXP 	window1: mouseVisible = True
221.4534 	EXP 	window1: mouseVisible = True
221.4534 	EXP 	window1: mouseVisible = True
221.4535 	EXP 	window1: mouseVisible = True
221.4535 	EXP 	window1: mouseVisible = True
221.4535 	EXP 	window1: mouseVisible = True
221.4536 	EXP 	window1: mouseVisible = True
221.4536 	EXP 	window1: mouseVisible = True
221.4536 	EXP 	window1: mouseVisible = True
221.4537 	EXP 	window1: mouseVisible = True
221.4537 	EXP 	window1: mouseVisible = True
221.4537 	EXP 	window1: mouseVisible = True
221.4537 	EXP 	window1: mouseVisible = True
221.4538 	EXP 	window1: mouseVisible = True
221.4538 	EXP 	window1: mouseVisible = True
221.4538 	EXP 	window1: mouseVisible = True
221.4539 	EXP 	window1: mouseVisible = True
221.4539 	EXP 	window1: mouseVisible = True
221.4539 	EXP 	window1: mouseVisible = True
221.4540 	EXP 	window1: mouseVisible = True
221.4540 	EXP 	window1: mouseVisible = True
221.4540 	EXP 	window1: mouseVisible = True
221.4540 	EXP 	window1: mouseVisible = True
221.4541 	EXP 	window1: mouseVisible = True
221.4541 	EXP 	window1: mouseVisible = True
221.4541 	EXP 	window1: mouseVisible = True
221.4542 	EXP 	window1: mouseVisible = True
221.4542 	EXP 	window1: mouseVisible = True
221.4542 	EXP 	window1: mouseVisible = True
221.4542 	EXP 	window1: mouseVisible = True
221.4543 	EXP 	window1: mouseVisible = True
221.4543 	EXP 	window1: mouseVisible = True
221.4543 	EXP 	window1: mouseVisible = True
221.4544 	EXP 	window1: mouseVisible = True
221.4544 	EXP 	window1: mouseVisible = True
221.4544 	EXP 	window1: mouseVisible = True
221.4545 	EXP 	window1: mouseVisible = True
221.4545 	EXP 	window1: mouseVisible = True
221.4545 	EXP 	window1: mouseVisible = True
221.4545 	EXP 	window1: mouseVisible = True
221.4546 	EXP 	window1: mouseVisible = True
221.4546 	EXP 	window1: mouseVisible = True
221.4546 	EXP 	window1: mouseVisible = True
221.4547 	EXP 	window1: mouseVisible = True
221.4547 	EXP 	window1: mouseVisible = True
221.4547 	EXP 	window1: mouseVisible = True
221.4548 	EXP 	window1: mouseVisible = True
221.4548 	EXP 	window1: mouseVisible = True
221.4548 	EXP 	window1: mouseVisible = True
221.4549 	EXP 	window1: mouseVisible = True
221.4549 	EXP 	window1: mouseVisible = True
221.4549 	EXP 	window1: mouseVisible = True
221.4549 	EXP 	window1: mouseVisible = True
221.4550 	EXP 	window1: mouseVisible = True
221.4550 	EXP 	window1: mouseVisible = True
221.4550 	EXP 	window1: mouseVisible = True
221.4551 	EXP 	window1: mouseVisible = True
221.4551 	EXP 	window1: mouseVisible = True
221.4551 	EXP 	window1: mouseVisible = True
221.4552 	EXP 	window1: mouseVisible = True
221.4552 	EXP 	window1: mouseVisible = True
221.4552 	EXP 	window1: mouseVisible = True
221.4552 	EXP 	window1: mouseVisible = True
221.4553 	EXP 	window1: mouseVisible = True
221.4553 	EXP 	window1: mouseVisible = True
221.4553 	EXP 	window1: mouseVisible = True
221.4554 	EXP 	window1: mouseVisible = True
221.4554 	EXP 	window1: mouseVisible = True
221.4554 	EXP 	window1: mouseVisible = True
221.4554 	EXP 	window1: mouseVisible = True
221.4555 	EXP 	window1: mouseVisible = True
221.4555 	EXP 	window1: mouseVisible = True
221.4555 	EXP 	window1: mouseVisible = True
221.4556 	EXP 	window1: mouseVisible = True
221.4556 	EXP 	window1: mouseVisible = True
221.4556 	EXP 	window1: mouseVisible = True
221.4557 	EXP 	window1: mouseVisible = True
221.4557 	EXP 	window1: mouseVisible = True
221.4557 	EXP 	window1: mouseVisible = True
221.4558 	EXP 	window1: mouseVisible = True
221.4558 	EXP 	window1: mouseVisible = True
221.4558 	EXP 	window1: mouseVisible = True
221.4558 	EXP 	window1: mouseVisible = True
221.4559 	EXP 	window1: mouseVisible = True
221.4559 	EXP 	window1: mouseVisible = True
221.4559 	EXP 	window1: mouseVisible = True
221.4560 	EXP 	window1: mouseVisible = True
221.4560 	EXP 	window1: mouseVisible = True
221.4560 	EXP 	window1: mouseVisible = True
221.4561 	EXP 	window1: mouseVisible = True
221.4561 	EXP 	window1: mouseVisible = True
221.4561 	EXP 	window1: mouseVisible = True
221.4562 	EXP 	window1: mouseVisible = True
221.4562 	EXP 	window1: mouseVisible = True
221.4562 	EXP 	window1: mouseVisible = True
221.4562 	EXP 	window1: mouseVisible = True
221.4563 	EXP 	window1: mouseVisible = True
221.4563 	EXP 	window1: mouseVisible = True
221.4563 	EXP 	window1: mouseVisible = True
221.4564 	EXP 	window1: mouseVisible = True
221.4564 	EXP 	window1: mouseVisible = True
221.4564 	EXP 	window1: mouseVisible = True
221.4565 	EXP 	window1: mouseVisible = True
221.4565 	EXP 	window1: mouseVisible = True
221.4565 	EXP 	window1: mouseVisible = True
221.4566 	EXP 	window1: mouseVisible = True
221.4566 	EXP 	window1: mouseVisible = True
221.4566 	EXP 	window1: mouseVisible = True
221.4566 	EXP 	window1: mouseVisible = True
221.4567 	EXP 	window1: mouseVisible = True
221.4567 	EXP 	window1: mouseVisible = True
221.4567 	EXP 	window1: mouseVisible = True
221.4568 	EXP 	window1: mouseVisible = True
221.4568 	EXP 	window1: mouseVisible = True
221.4568 	EXP 	window1: mouseVisible = True
221.4569 	EXP 	window1: mouseVisible = True
221.4569 	EXP 	window1: mouseVisible = True
221.4569 	EXP 	window1: mouseVisible = True
221.4570 	EXP 	window1: mouseVisible = True
221.4570 	EXP 	window1: mouseVisible = True
221.4571 	EXP 	window1: mouseVisible = True
221.4571 	EXP 	window1: mouseVisible = True
221.4571 	EXP 	window1: mouseVisible = True
221.4571 	EXP 	window1: mouseVisible = True
221.4572 	EXP 	window1: mouseVisible = True
221.4572 	EXP 	window1: mouseVisible = True
221.4572 	EXP 	window1: mouseVisible = True
221.4573 	EXP 	window1: mouseVisible = True
221.4573 	EXP 	window1: mouseVisible = True
221.4573 	EXP 	window1: mouseVisible = True
221.4574 	EXP 	window1: mouseVisible = True
221.4574 	EXP 	window1: mouseVisible = True
221.4574 	EXP 	window1: mouseVisible = True
221.4575 	EXP 	window1: mouseVisible = True
221.4575 	EXP 	window1: mouseVisible = True
221.4575 	EXP 	window1: mouseVisible = True
221.4575 	EXP 	window1: mouseVisible = True
221.4576 	EXP 	window1: mouseVisible = True
221.4576 	EXP 	window1: mouseVisible = True
221.4576 	EXP 	window1: mouseVisible = True
221.4577 	EXP 	window1: mouseVisible = True
221.4577 	EXP 	window1: mouseVisible = True
221.4577 	EXP 	window1: mouseVisible = True
221.4578 	EXP 	window1: mouseVisible = True
221.4578 	EXP 	window1: mouseVisible = True
221.4578 	EXP 	window1: mouseVisible = True
221.4578 	EXP 	window1: mouseVisible = True
221.4579 	EXP 	window1: mouseVisible = True
221.4579 	EXP 	window1: mouseVisible = True
221.4579 	EXP 	window1: mouseVisible = True
221.4580 	EXP 	window1: mouseVisible = True
221.4580 	EXP 	window1: mouseVisible = True
221.4580 	EXP 	window1: mouseVisible = True
221.4581 	EXP 	window1: mouseVisible = True
221.4581 	EXP 	window1: mouseVisible = True
221.4581 	EXP 	window1: mouseVisible = True
221.4582 	EXP 	window1: mouseVisible = True
221.4582 	EXP 	window1: mouseVisible = True
221.4582 	EXP 	window1: mouseVisible = True
221.4582 	EXP 	window1: mouseVisible = True
221.4583 	EXP 	window1: mouseVisible = True
221.4583 	EXP 	window1: mouseVisible = True
221.4583 	EXP 	window1: mouseVisible = True
221.4584 	EXP 	window1: mouseVisible = True
221.4584 	EXP 	window1: mouseVisible = True
221.4584 	EXP 	window1: mouseVisible = True
221.4585 	EXP 	window1: mouseVisible = True
221.4585 	EXP 	window1: mouseVisible = True
221.4585 	EXP 	window1: mouseVisible = True
221.4585 	EXP 	window1: mouseVisible = True
221.4586 	EXP 	window1: mouseVisible = True
221.4586 	EXP 	window1: mouseVisible = True
221.4586 	EXP 	window1: mouseVisible = True
221.4587 	EXP 	window1: mouseVisible = True
221.4587 	EXP 	window1: mouseVisible = True
221.4587 	EXP 	window1: mouseVisible = True
221.4588 	EXP 	window1: mouseVisible = True
221.4588 	EXP 	window1: mouseVisible = True
221.4589 	EXP 	window1: mouseVisible = True
221.4589 	EXP 	window1: mouseVisible = True
221.4589 	EXP 	window1: mouseVisible = True
221.4590 	EXP 	window1: mouseVisible = True
221.4590 	EXP 	window1: mouseVisible = True
221.4590 	EXP 	window1: mouseVisible = True
221.4590 	EXP 	window1: mouseVisible = True
221.4591 	EXP 	window1: mouseVisible = True
221.4591 	EXP 	window1: mouseVisible = True
221.4591 	EXP 	window1: mouseVisible = True
221.4592 	EXP 	window1: mouseVisible = True
221.4592 	EXP 	window1: mouseVisible = True
221.4592 	EXP 	window1: mouseVisible = True
221.4593 	EXP 	window1: mouseVisible = True
221.4593 	EXP 	window1: mouseVisible = True
221.4593 	EXP 	window1: mouseVisible = True
221.4594 	EXP 	window1: mouseVisible = True
221.4594 	EXP 	window1: mouseVisible = True
221.4594 	EXP 	window1: mouseVisible = True
221.4594 	EXP 	window1: mouseVisible = True
221.4595 	EXP 	window1: mouseVisible = True
221.4595 	EXP 	window1: mouseVisible = True
221.4595 	EXP 	window1: mouseVisible = True
221.4596 	EXP 	window1: mouseVisible = True
221.4596 	EXP 	window1: mouseVisible = True
221.4596 	EXP 	window1: mouseVisible = True
221.4597 	EXP 	window1: mouseVisible = True
221.4597 	EXP 	window1: mouseVisible = True
221.4597 	EXP 	window1: mouseVisible = True
221.4598 	EXP 	window1: mouseVisible = True
221.4598 	EXP 	window1: mouseVisible = True
221.4598 	EXP 	window1: mouseVisible = True
221.4598 	EXP 	window1: mouseVisible = True
221.4599 	EXP 	window1: mouseVisible = True
221.4599 	EXP 	window1: mouseVisible = True
221.4599 	EXP 	window1: mouseVisible = True
221.4600 	EXP 	window1: mouseVisible = True
221.4600 	EXP 	window1: mouseVisible = True
221.4600 	EXP 	window1: mouseVisible = True
221.4601 	EXP 	window1: mouseVisible = True
221.4601 	EXP 	window1: mouseVisible = True
221.4601 	EXP 	window1: mouseVisible = True
221.4602 	EXP 	window1: mouseVisible = True
221.4602 	EXP 	window1: mouseVisible = True
221.4602 	EXP 	window1: mouseVisible = True
221.4603 	EXP 	window1: mouseVisible = True
221.4603 	EXP 	window1: mouseVisible = True
221.4603 	EXP 	window1: mouseVisible = True
221.4603 	EXP 	window1: mouseVisible = True
221.4604 	EXP 	window1: mouseVisible = True
221.4604 	EXP 	window1: mouseVisible = True
221.4604 	EXP 	window1: mouseVisible = True
221.4605 	EXP 	window1: mouseVisible = True
221.4605 	EXP 	window1: mouseVisible = True
221.4605 	EXP 	window1: mouseVisible = True
221.4606 	EXP 	window1: mouseVisible = True
221.4606 	EXP 	window1: mouseVisible = True
221.4606 	EXP 	window1: mouseVisible = True
221.4607 	EXP 	window1: mouseVisible = True
221.4607 	EXP 	window1: mouseVisible = True
221.4607 	EXP 	window1: mouseVisible = True
221.4607 	EXP 	window1: mouseVisible = True
221.4608 	EXP 	window1: mouseVisible = True
221.4608 	EXP 	window1: mouseVisible = True
221.4608 	EXP 	window1: mouseVisible = True
221.4609 	EXP 	window1: mouseVisible = True
221.4609 	EXP 	window1: mouseVisible = True
221.4609 	EXP 	window1: mouseVisible = True
221.4610 	EXP 	window1: mouseVisible = True
221.4610 	EXP 	window1: mouseVisible = True
221.4610 	EXP 	window1: mouseVisible = True
221.4611 	EXP 	window1: mouseVisible = True
221.4611 	EXP 	window1: mouseVisible = True
221.4611 	EXP 	window1: mouseVisible = True
221.4612 	EXP 	window1: mouseVisible = True
221.4612 	EXP 	window1: mouseVisible = True
221.4612 	EXP 	window1: mouseVisible = True
221.4612 	EXP 	window1: mouseVisible = True
221.4613 	EXP 	window1: mouseVisible = True
221.4613 	EXP 	window1: mouseVisible = True
221.4614 	EXP 	window1: mouseVisible = True
221.4614 	EXP 	window1: mouseVisible = True
221.4615 	EXP 	window1: mouseVisible = True
221.4615 	EXP 	window1: mouseVisible = True
221.4615 	EXP 	window1: mouseVisible = True
221.4616 	EXP 	window1: mouseVisible = True
221.4616 	EXP 	window1: mouseVisible = True
221.4616 	EXP 	window1: mouseVisible = True
221.4617 	EXP 	window1: mouseVisible = True
221.4617 	EXP 	window1: mouseVisible = True
221.4617 	EXP 	window1: mouseVisible = True
221.4618 	EXP 	window1: mouseVisible = True
221.4618 	EXP 	window1: mouseVisible = True
221.4619 	EXP 	window1: mouseVisible = True
221.4619 	EXP 	window1: mouseVisible = True
221.4619 	EXP 	window1: mouseVisible = True
221.4620 	EXP 	window1: mouseVisible = True
221.4620 	EXP 	window1: mouseVisible = True
221.4621 	EXP 	window1: mouseVisible = True
221.4621 	EXP 	window1: mouseVisible = True
221.4621 	EXP 	window1: mouseVisible = True
221.4622 	EXP 	window1: mouseVisible = True
221.4622 	EXP 	window1: mouseVisible = True
221.4622 	EXP 	window1: mouseVisible = True
221.4622 	EXP 	window1: mouseVisible = True
221.4623 	EXP 	window1: mouseVisible = True
221.4623 	EXP 	window1: mouseVisible = True
221.4623 	EXP 	window1: mouseVisible = True
221.4624 	EXP 	window1: mouseVisible = True
221.4624 	EXP 	window1: mouseVisible = True
221.4624 	EXP 	window1: mouseVisible = True
221.4625 	EXP 	window1: mouseVisible = True
221.4625 	EXP 	window1: mouseVisible = True
221.4625 	EXP 	window1: mouseVisible = True
221.4626 	EXP 	window1: mouseVisible = True
221.4626 	EXP 	window1: mouseVisible = True
221.4626 	EXP 	window1: mouseVisible = True
221.4626 	EXP 	window1: mouseVisible = True
221.4627 	EXP 	window1: mouseVisible = True
221.4627 	EXP 	window1: mouseVisible = True
221.4627 	EXP 	window1: mouseVisible = True
221.4628 	EXP 	window1: mouseVisible = True
221.4628 	EXP 	window1: mouseVisible = True
221.4628 	EXP 	window1: mouseVisible = True
221.4628 	EXP 	window1: mouseVisible = True
221.4629 	EXP 	window1: mouseVisible = True
221.4629 	EXP 	window1: mouseVisible = True
221.4629 	EXP 	window1: mouseVisible = True
221.4630 	EXP 	window1: mouseVisible = True
221.4630 	EXP 	window1: mouseVisible = True
221.4630 	EXP 	window1: mouseVisible = True
221.4631 	EXP 	window1: mouseVisible = True
221.4631 	EXP 	window1: mouseVisible = True
221.4631 	EXP 	window1: mouseVisible = True
221.4632 	EXP 	window1: mouseVisible = True
221.4632 	EXP 	window1: mouseVisible = True
221.4632 	EXP 	window1: mouseVisible = True
221.4632 	EXP 	window1: mouseVisible = True
221.4633 	EXP 	window1: mouseVisible = True
221.4633 	EXP 	window1: mouseVisible = True
221.4633 	EXP 	window1: mouseVisible = True
221.4634 	EXP 	window1: mouseVisible = True
221.4634 	EXP 	window1: mouseVisible = True
221.4634 	EXP 	window1: mouseVisible = True
221.4635 	EXP 	window1: mouseVisible = True
221.4635 	EXP 	window1: mouseVisible = True
221.4635 	EXP 	window1: mouseVisible = True
221.4635 	EXP 	window1: mouseVisible = True
221.4636 	EXP 	window1: mouseVisible = True
221.4636 	EXP 	window1: mouseVisible = True
221.4636 	EXP 	window1: mouseVisible = True
221.4637 	EXP 	window1: mouseVisible = True
221.4637 	EXP 	window1: mouseVisible = True
221.4637 	EXP 	window1: mouseVisible = True
221.4638 	EXP 	window1: mouseVisible = True
221.4638 	EXP 	window1: mouseVisible = True
221.4638 	EXP 	window1: mouseVisible = True
221.4638 	EXP 	window1: mouseVisible = True
221.4639 	EXP 	window1: mouseVisible = True
221.4639 	EXP 	window1: mouseVisible = True
221.4639 	EXP 	window1: mouseVisible = True
221.4640 	EXP 	window1: mouseVisible = True
221.4640 	EXP 	window1: mouseVisible = True
221.4640 	EXP 	window1: mouseVisible = True
221.4641 	EXP 	window1: mouseVisible = True
221.4641 	EXP 	window1: mouseVisible = True
221.4641 	EXP 	window1: mouseVisible = True
221.4641 	EXP 	window1: mouseVisible = True
221.4642 	EXP 	window1: mouseVisible = True
221.4642 	EXP 	window1: mouseVisible = True
221.4642 	EXP 	window1: mouseVisible = True
221.4643 	EXP 	window1: mouseVisible = True
221.4643 	EXP 	window1: mouseVisible = True
221.4643 	EXP 	window1: mouseVisible = True
221.4644 	EXP 	window1: mouseVisible = True
221.4644 	EXP 	window1: mouseVisible = True
221.4644 	EXP 	window1: mouseVisible = True
221.4645 	EXP 	window1: mouseVisible = True
221.4645 	EXP 	window1: mouseVisible = True
221.4645 	EXP 	window1: mouseVisible = True
221.4646 	EXP 	window1: mouseVisible = True
221.4646 	EXP 	window1: mouseVisible = True
221.4647 	EXP 	window1: mouseVisible = True
221.4647 	EXP 	window1: mouseVisible = True
221.4647 	EXP 	window1: mouseVisible = True
221.4648 	EXP 	window1: mouseVisible = True
221.4648 	EXP 	window1: mouseVisible = True
221.4649 	EXP 	window1: mouseVisible = True
221.4649 	EXP 	window1: mouseVisible = True
221.4649 	EXP 	window1: mouseVisible = True
221.4649 	EXP 	window1: mouseVisible = True
221.4650 	EXP 	window1: mouseVisible = True
221.4650 	EXP 	window1: mouseVisible = True
221.4650 	EXP 	window1: mouseVisible = True
221.4651 	EXP 	window1: mouseVisible = True
221.4651 	EXP 	window1: mouseVisible = True
221.4651 	EXP 	window1: mouseVisible = True
221.4652 	EXP 	window1: mouseVisible = True
221.4652 	EXP 	window1: mouseVisible = True
221.4652 	EXP 	window1: mouseVisible = True
221.4653 	EXP 	window1: mouseVisible = True
221.4653 	EXP 	window1: mouseVisible = True
221.4653 	EXP 	window1: mouseVisible = True
221.4653 	EXP 	window1: mouseVisible = True
221.4654 	EXP 	window1: mouseVisible = True
221.4654 	EXP 	window1: mouseVisible = True
221.4654 	EXP 	window1: mouseVisible = True
221.4655 	EXP 	window1: mouseVisible = True
221.4655 	EXP 	window1: mouseVisible = True
221.4655 	EXP 	window1: mouseVisible = True
221.4656 	EXP 	window1: mouseVisible = True
221.4656 	EXP 	window1: mouseVisible = True
221.4656 	EXP 	window1: mouseVisible = True
221.4656 	EXP 	window1: mouseVisible = True
221.4657 	EXP 	window1: mouseVisible = True
221.4657 	EXP 	window1: mouseVisible = True
221.4657 	EXP 	window1: mouseVisible = True
221.4658 	EXP 	window1: mouseVisible = True
221.4658 	EXP 	window1: mouseVisible = True
221.4658 	EXP 	window1: mouseVisible = True
221.4659 	EXP 	window1: mouseVisible = True
221.4659 	EXP 	window1: mouseVisible = True
221.4659 	EXP 	window1: mouseVisible = True
221.4659 	EXP 	window1: mouseVisible = True
221.4660 	EXP 	window1: mouseVisible = True
221.4660 	EXP 	window1: mouseVisible = True
221.4660 	EXP 	window1: mouseVisible = True
221.4661 	EXP 	window1: mouseVisible = True
221.4661 	EXP 	window1: mouseVisible = True
221.4661 	EXP 	window1: mouseVisible = True
221.4662 	EXP 	window1: mouseVisible = True
221.4662 	EXP 	window1: mouseVisible = True
221.4662 	EXP 	window1: mouseVisible = True
221.4662 	EXP 	window1: mouseVisible = True
221.4663 	EXP 	window1: mouseVisible = True
221.4663 	EXP 	window1: mouseVisible = True
221.4663 	EXP 	window1: mouseVisible = True
221.4664 	EXP 	window1: mouseVisible = True
221.4664 	EXP 	window1: mouseVisible = True
221.4664 	EXP 	window1: mouseVisible = True
221.4665 	EXP 	window1: mouseVisible = True
221.4665 	EXP 	window1: mouseVisible = True
221.4665 	EXP 	window1: mouseVisible = True
221.4665 	EXP 	window1: mouseVisible = True
221.4666 	EXP 	window1: mouseVisible = True
221.4666 	EXP 	window1: mouseVisible = True
221.4666 	EXP 	window1: mouseVisible = True
221.4667 	EXP 	window1: mouseVisible = True
221.4667 	EXP 	window1: mouseVisible = True
221.4667 	EXP 	window1: mouseVisible = True
221.4668 	EXP 	window1: mouseVisible = True
221.4668 	EXP 	window1: mouseVisible = True
221.4668 	EXP 	window1: mouseVisible = True
221.4668 	EXP 	window1: mouseVisible = True
221.4669 	EXP 	window1: mouseVisible = True
221.4669 	EXP 	window1: mouseVisible = True
221.4670 	EXP 	window1: mouseVisible = True
221.4670 	EXP 	window1: mouseVisible = True
221.4670 	EXP 	window1: mouseVisible = True
221.4671 	EXP 	window1: mouseVisible = True
221.4671 	EXP 	window1: mouseVisible = True
221.4671 	EXP 	window1: mouseVisible = True
221.4672 	EXP 	window1: mouseVisible = True
221.4672 	EXP 	window1: mouseVisible = True
221.4672 	EXP 	window1: mouseVisible = True
221.4672 	EXP 	window1: mouseVisible = True
221.4673 	EXP 	window1: mouseVisible = True
221.4673 	EXP 	window1: mouseVisible = True
221.4673 	EXP 	window1: mouseVisible = True
221.4674 	EXP 	window1: mouseVisible = True
221.4674 	EXP 	window1: mouseVisible = True
221.4674 	EXP 	window1: mouseVisible = True
221.4674 	EXP 	window1: mouseVisible = True
221.4675 	EXP 	window1: mouseVisible = True
221.4675 	EXP 	window1: mouseVisible = True
221.4675 	EXP 	window1: mouseVisible = True
221.4676 	EXP 	window1: mouseVisible = True
221.4676 	EXP 	window1: mouseVisible = True
221.4676 	EXP 	window1: mouseVisible = True
221.4677 	EXP 	window1: mouseVisible = True
221.4677 	EXP 	window1: mouseVisible = True
221.4678 	EXP 	window1: mouseVisible = True
221.4678 	EXP 	window1: mouseVisible = True
221.4678 	EXP 	window1: mouseVisible = True
221.4679 	EXP 	window1: mouseVisible = True
221.4679 	EXP 	window1: mouseVisible = True
221.4679 	EXP 	window1: mouseVisible = True
221.4679 	EXP 	window1: mouseVisible = True
221.4680 	EXP 	window1: mouseVisible = True
221.4680 	EXP 	window1: mouseVisible = True
221.4680 	EXP 	window1: mouseVisible = True
221.4681 	EXP 	window1: mouseVisible = True
221.4681 	EXP 	window1: mouseVisible = True
221.4681 	EXP 	window1: mouseVisible = True
221.4681 	EXP 	window1: mouseVisible = True
221.4682 	EXP 	window1: mouseVisible = True
221.4682 	EXP 	window1: mouseVisible = True
221.4682 	EXP 	window1: mouseVisible = True
221.4683 	EXP 	window1: mouseVisible = True
221.4683 	EXP 	window1: mouseVisible = True
221.4683 	EXP 	window1: mouseVisible = True
221.4684 	EXP 	window1: mouseVisible = True
221.4684 	EXP 	window1: mouseVisible = True
221.4684 	EXP 	window1: mouseVisible = True
221.4684 	EXP 	window1: mouseVisible = True
221.4685 	EXP 	window1: mouseVisible = True
221.4685 	EXP 	window1: mouseVisible = True
221.4685 	EXP 	window1: mouseVisible = True
221.4686 	EXP 	window1: mouseVisible = True
221.4686 	EXP 	window1: mouseVisible = True
221.4686 	EXP 	window1: mouseVisible = True
221.4687 	EXP 	window1: mouseVisible = True
221.4687 	EXP 	window1: mouseVisible = True
221.4687 	EXP 	window1: mouseVisible = True
221.4687 	EXP 	window1: mouseVisible = True
221.4688 	EXP 	window1: mouseVisible = True
221.4688 	EXP 	window1: mouseVisible = True
221.4688 	EXP 	window1: mouseVisible = True
221.4689 	EXP 	window1: mouseVisible = True
221.4689 	EXP 	window1: mouseVisible = True
221.4689 	EXP 	window1: mouseVisible = True
221.4690 	EXP 	window1: mouseVisible = True
221.4690 	EXP 	window1: mouseVisible = True
221.4690 	EXP 	window1: mouseVisible = True
221.4690 	EXP 	window1: mouseVisible = True
221.4691 	EXP 	window1: mouseVisible = True
221.4691 	EXP 	window1: mouseVisible = True
221.4691 	EXP 	window1: mouseVisible = True
221.4692 	EXP 	window1: mouseVisible = True
221.4692 	EXP 	window1: mouseVisible = True
221.4692 	EXP 	window1: mouseVisible = True
221.4693 	EXP 	window1: mouseVisible = True
221.4693 	EXP 	window1: mouseVisible = True
221.4694 	EXP 	window1: mouseVisible = True
221.4694 	EXP 	window1: mouseVisible = True
221.4694 	EXP 	window1: mouseVisible = True
221.4695 	EXP 	window1: mouseVisible = True
221.4695 	EXP 	window1: mouseVisible = True
221.4695 	EXP 	window1: mouseVisible = True
221.4696 	EXP 	window1: mouseVisible = True
221.4696 	EXP 	window1: mouseVisible = True
221.4696 	EXP 	window1: mouseVisible = True
221.4697 	EXP 	window1: mouseVisible = True
221.4697 	EXP 	window1: mouseVisible = True
221.4697 	EXP 	window1: mouseVisible = True
221.4698 	EXP 	window1: mouseVisible = True
221.4698 	EXP 	window1: mouseVisible = True
221.4698 	EXP 	window1: mouseVisible = True
221.4698 	EXP 	window1: mouseVisible = True
221.4699 	EXP 	window1: mouseVisible = True
221.4699 	EXP 	window1: mouseVisible = True
221.4699 	EXP 	window1: mouseVisible = True
221.4700 	EXP 	window1: mouseVisible = True
221.4700 	EXP 	window1: mouseVisible = True
221.4700 	EXP 	window1: mouseVisible = True
221.4701 	EXP 	window1: mouseVisible = True
221.4701 	EXP 	window1: mouseVisible = True
221.4701 	EXP 	window1: mouseVisible = True
221.4702 	EXP 	window1: mouseVisible = True
221.4702 	EXP 	window1: mouseVisible = True
221.4702 	EXP 	window1: mouseVisible = True
221.4702 	EXP 	window1: mouseVisible = True
221.4703 	EXP 	window1: mouseVisible = True
221.4703 	EXP 	window1: mouseVisible = True
221.4703 	EXP 	window1: mouseVisible = True
221.4704 	EXP 	window1: mouseVisible = True
221.4704 	EXP 	window1: mouseVisible = True
221.4704 	EXP 	window1: mouseVisible = True
221.4705 	EXP 	window1: mouseVisible = True
221.4705 	EXP 	window1: mouseVisible = True
221.4705 	EXP 	window1: mouseVisible = True
221.4706 	EXP 	window1: mouseVisible = True
221.4706 	EXP 	window1: mouseVisible = True
221.4706 	EXP 	window1: mouseVisible = True
221.4706 	EXP 	window1: mouseVisible = True
221.4707 	EXP 	window1: mouseVisible = True
221.4707 	EXP 	window1: mouseVisible = True
221.4707 	EXP 	window1: mouseVisible = True
221.4708 	EXP 	window1: mouseVisible = True
221.4708 	EXP 	window1: mouseVisible = True
221.4708 	EXP 	window1: mouseVisible = True
221.4709 	EXP 	window1: mouseVisible = True
221.4709 	EXP 	window1: mouseVisible = True
221.4709 	EXP 	window1: mouseVisible = True
221.4710 	EXP 	window1: mouseVisible = True
221.4710 	EXP 	window1: mouseVisible = True
221.4710 	EXP 	window1: mouseVisible = True
221.4710 	EXP 	window1: mouseVisible = True
221.4711 	EXP 	window1: mouseVisible = True
221.4711 	EXP 	window1: mouseVisible = True
221.4711 	EXP 	window1: mouseVisible = True
221.4712 	EXP 	window1: mouseVisible = True
221.4712 	EXP 	window1: mouseVisible = True
221.4712 	EXP 	window1: mouseVisible = True
221.4713 	EXP 	window1: mouseVisible = True
221.4713 	EXP 	window1: mouseVisible = True
221.4713 	EXP 	window1: mouseVisible = True
221.4714 	EXP 	window1: mouseVisible = True
221.4714 	EXP 	window1: mouseVisible = True
221.4714 	EXP 	window1: mouseVisible = True
221.4714 	EXP 	window1: mouseVisible = True
221.4715 	EXP 	window1: mouseVisible = True
221.4715 	EXP 	window1: mouseVisible = True
221.4715 	EXP 	window1: mouseVisible = True
221.4716 	EXP 	window1: mouseVisible = True
221.4716 	EXP 	window1: mouseVisible = True
221.4716 	EXP 	window1: mouseVisible = True
221.4717 	EXP 	window1: mouseVisible = True
221.4717 	EXP 	window1: mouseVisible = True
221.4717 	EXP 	window1: mouseVisible = True
221.4718 	EXP 	window1: mouseVisible = True
221.4718 	EXP 	window1: mouseVisible = True
221.4718 	EXP 	window1: mouseVisible = True
221.4719 	EXP 	window1: mouseVisible = True
221.4719 	EXP 	window1: mouseVisible = True
221.4719 	EXP 	window1: mouseVisible = True
221.4720 	EXP 	window1: mouseVisible = True
221.4720 	EXP 	window1: mouseVisible = True
221.4720 	EXP 	window1: mouseVisible = True
221.4720 	EXP 	window1: mouseVisible = True
221.4721 	EXP 	window1: mouseVisible = True
221.4721 	EXP 	window1: mouseVisible = True
221.4721 	EXP 	window1: mouseVisible = True
221.4722 	EXP 	window1: mouseVisible = True
221.4722 	EXP 	window1: mouseVisible = True
221.4722 	EXP 	window1: mouseVisible = True
221.4723 	EXP 	window1: mouseVisible = True
221.4723 	EXP 	window1: mouseVisible = True
221.4723 	EXP 	window1: mouseVisible = True
221.4723 	EXP 	window1: mouseVisible = True
221.4724 	EXP 	window1: mouseVisible = True
221.4724 	EXP 	window1: mouseVisible = True
221.4724 	EXP 	window1: mouseVisible = True
221.4725 	EXP 	window1: mouseVisible = True
221.4725 	EXP 	window1: mouseVisible = True
221.4725 	EXP 	window1: mouseVisible = True
221.4726 	EXP 	window1: mouseVisible = True
221.4726 	EXP 	window1: mouseVisible = True
221.4726 	EXP 	window1: mouseVisible = True
221.4726 	EXP 	window1: mouseVisible = True
221.4727 	EXP 	window1: mouseVisible = True
221.4727 	EXP 	window1: mouseVisible = True
221.4727 	EXP 	window1: mouseVisible = True
221.4728 	EXP 	window1: mouseVisible = True
221.4728 	EXP 	window1: mouseVisible = True
221.4728 	EXP 	window1: mouseVisible = True
221.4729 	EXP 	window1: mouseVisible = True
221.4729 	EXP 	window1: mouseVisible = True
221.4729 	EXP 	window1: mouseVisible = True
221.4729 	EXP 	window1: mouseVisible = True
221.4730 	EXP 	window1: mouseVisible = True
221.4730 	EXP 	window1: mouseVisible = True
221.4730 	EXP 	window1: mouseVisible = True
221.4731 	EXP 	window1: mouseVisible = True
221.4731 	EXP 	window1: mouseVisible = True
221.4731 	EXP 	window1: mouseVisible = True
221.4732 	EXP 	window1: mouseVisible = True
221.4732 	EXP 	window1: mouseVisible = True
221.4732 	EXP 	window1: mouseVisible = True
221.4732 	EXP 	window1: mouseVisible = True
221.4733 	EXP 	window1: mouseVisible = True
221.4733 	EXP 	window1: mouseVisible = True
221.4733 	EXP 	window1: mouseVisible = True
221.4734 	EXP 	window1: mouseVisible = True
221.4734 	EXP 	window1: mouseVisible = True
221.4734 	EXP 	window1: mouseVisible = True
221.4735 	EXP 	window1: mouseVisible = True
221.4735 	EXP 	window1: mouseVisible = True
221.4735 	EXP 	window1: mouseVisible = True
221.4736 	EXP 	window1: mouseVisible = True
221.4736 	EXP 	window1: mouseVisible = True
221.4736 	EXP 	window1: mouseVisible = True
221.4736 	EXP 	window1: mouseVisible = True
221.4737 	EXP 	window1: mouseVisible = True
221.4737 	EXP 	window1: mouseVisible = True
221.4737 	EXP 	window1: mouseVisible = True
221.4738 	EXP 	window1: mouseVisible = True
221.4738 	EXP 	window1: mouseVisible = True
221.4738 	EXP 	window1: mouseVisible = True
221.4739 	EXP 	window1: mouseVisible = True
221.4739 	EXP 	window1: mouseVisible = True
221.4739 	EXP 	window1: mouseVisible = True
221.4739 	EXP 	window1: mouseVisible = True
221.4740 	EXP 	window1: mouseVisible = True
221.4740 	EXP 	window1: mouseVisible = True
221.4740 	EXP 	window1: mouseVisible = True
221.4741 	EXP 	window1: mouseVisible = True
221.4741 	EXP 	window1: mouseVisible = True
221.4741 	EXP 	window1: mouseVisible = True
221.4742 	EXP 	window1: mouseVisible = True
221.4742 	EXP 	window1: mouseVisible = True
221.4742 	EXP 	window1: mouseVisible = True
221.4742 	EXP 	window1: mouseVisible = True
221.4743 	EXP 	window1: mouseVisible = True
221.4743 	EXP 	window1: mouseVisible = True
221.4743 	EXP 	window1: mouseVisible = True
221.4744 	EXP 	window1: mouseVisible = True
221.4744 	EXP 	window1: mouseVisible = True
221.4744 	EXP 	window1: mouseVisible = True
221.4745 	EXP 	window1: mouseVisible = True
221.4745 	EXP 	window1: mouseVisible = True
221.4745 	EXP 	window1: mouseVisible = True
221.4745 	EXP 	window1: mouseVisible = True
221.4746 	EXP 	window1: mouseVisible = True
221.4746 	EXP 	window1: mouseVisible = True
221.4746 	EXP 	window1: mouseVisible = True
221.4747 	EXP 	window1: mouseVisible = True
221.4747 	EXP 	window1: mouseVisible = True
221.4747 	EXP 	window1: mouseVisible = True
221.4748 	EXP 	window1: mouseVisible = True
221.4748 	EXP 	window1: mouseVisible = True
221.4748 	EXP 	window1: mouseVisible = True
221.4748 	EXP 	window1: mouseVisible = True
221.4749 	EXP 	window1: mouseVisible = True
221.4749 	EXP 	window1: mouseVisible = True
221.4749 	EXP 	window1: mouseVisible = True
221.4750 	EXP 	window1: mouseVisible = True
221.4750 	EXP 	window1: mouseVisible = True
221.4750 	EXP 	window1: mouseVisible = True
221.4751 	EXP 	window1: mouseVisible = True
221.4751 	EXP 	window1: mouseVisible = True
221.4751 	EXP 	window1: mouseVisible = True
221.4751 	EXP 	window1: mouseVisible = True
221.4752 	EXP 	window1: mouseVisible = True
221.4752 	EXP 	window1: mouseVisible = True
221.4752 	EXP 	window1: mouseVisible = True
221.4753 	EXP 	window1: mouseVisible = True
221.4753 	EXP 	window1: mouseVisible = True
221.4753 	EXP 	window1: mouseVisible = True
221.4754 	EXP 	window1: mouseVisible = True
221.4754 	EXP 	window1: mouseVisible = True
221.4754 	EXP 	window1: mouseVisible = True
221.4754 	EXP 	window1: mouseVisible = True
221.4755 	EXP 	window1: mouseVisible = True
221.4755 	EXP 	window1: mouseVisible = True
221.4755 	EXP 	window1: mouseVisible = True
221.4756 	EXP 	window1: mouseVisible = True
221.4756 	EXP 	window1: mouseVisible = True
221.4756 	EXP 	window1: mouseVisible = True
221.4757 	EXP 	window1: mouseVisible = True
221.4757 	EXP 	window1: mouseVisible = True
221.4757 	EXP 	window1: mouseVisible = True
221.4757 	EXP 	window1: mouseVisible = True
221.4758 	EXP 	window1: mouseVisible = True
221.4758 	EXP 	window1: mouseVisible = True
221.4758 	EXP 	window1: mouseVisible = True
221.4759 	EXP 	window1: mouseVisible = True
221.4759 	EXP 	window1: mouseVisible = True
221.4759 	EXP 	window1: mouseVisible = True
221.4760 	EXP 	window1: mouseVisible = True
221.4760 	EXP 	window1: mouseVisible = True
221.4760 	EXP 	window1: mouseVisible = True
221.4760 	EXP 	window1: mouseVisible = True
221.4761 	EXP 	window1: mouseVisible = True
221.4761 	EXP 	window1: mouseVisible = True
221.4761 	EXP 	window1: mouseVisible = True
221.4762 	EXP 	window1: mouseVisible = True
221.4762 	EXP 	window1: mouseVisible = True
221.4762 	EXP 	window1: mouseVisible = True
221.4763 	EXP 	window1: mouseVisible = True
221.4763 	EXP 	window1: mouseVisible = True
221.4763 	EXP 	window1: mouseVisible = True
221.4763 	EXP 	window1: mouseVisible = True
221.4764 	EXP 	window1: mouseVisible = True
221.4764 	EXP 	window1: mouseVisible = True
221.4764 	EXP 	window1: mouseVisible = True
221.4765 	EXP 	window1: mouseVisible = True
221.4765 	EXP 	window1: mouseVisible = True
221.4766 	EXP 	window1: mouseVisible = True
221.4766 	EXP 	window1: mouseVisible = True
221.4766 	EXP 	window1: mouseVisible = True
221.4767 	EXP 	window1: mouseVisible = True
221.4767 	EXP 	window1: mouseVisible = True
221.4767 	EXP 	window1: mouseVisible = True
221.4767 	EXP 	window1: mouseVisible = True
221.4768 	EXP 	window1: mouseVisible = True
221.4768 	EXP 	window1: mouseVisible = True
221.4768 	EXP 	window1: mouseVisible = True
221.4769 	EXP 	window1: mouseVisible = True
221.4769 	EXP 	window1: mouseVisible = True
221.4769 	EXP 	window1: mouseVisible = True
221.4770 	EXP 	window1: mouseVisible = True
221.4770 	EXP 	window1: mouseVisible = True
221.4770 	EXP 	window1: mouseVisible = True
221.4771 	EXP 	window1: mouseVisible = True
221.4771 	EXP 	window1: mouseVisible = True
221.4771 	EXP 	window1: mouseVisible = True
221.4771 	EXP 	window1: mouseVisible = True
221.4772 	EXP 	window1: mouseVisible = True
221.4772 	EXP 	window1: mouseVisible = True
221.4772 	EXP 	window1: mouseVisible = True
221.4773 	EXP 	window1: mouseVisible = True
221.4773 	EXP 	window1: mouseVisible = True
221.4773 	EXP 	window1: mouseVisible = True
221.4774 	EXP 	window1: mouseVisible = True
221.4774 	EXP 	window1: mouseVisible = True
221.4774 	EXP 	window1: mouseVisible = True
221.4774 	EXP 	window1: mouseVisible = True
221.4775 	EXP 	window1: mouseVisible = True
221.4775 	EXP 	window1: mouseVisible = True
221.4775 	EXP 	window1: mouseVisible = True
221.4776 	EXP 	window1: mouseVisible = True
221.4776 	EXP 	window1: mouseVisible = True
221.4776 	EXP 	window1: mouseVisible = True
221.4777 	EXP 	window1: mouseVisible = True
221.4777 	EXP 	window1: mouseVisible = True
221.4777 	EXP 	window1: mouseVisible = True
221.4778 	EXP 	window1: mouseVisible = True
221.4778 	EXP 	window1: mouseVisible = True
221.4778 	EXP 	window1: mouseVisible = True
221.4778 	EXP 	window1: mouseVisible = True
221.4779 	EXP 	window1: mouseVisible = True
221.4779 	EXP 	window1: mouseVisible = True
221.4779 	EXP 	window1: mouseVisible = True
221.4780 	EXP 	window1: mouseVisible = True
221.4780 	EXP 	window1: mouseVisible = True
221.4780 	EXP 	window1: mouseVisible = True
221.4781 	EXP 	window1: mouseVisible = True
221.4781 	EXP 	window1: mouseVisible = True
221.4781 	EXP 	window1: mouseVisible = True
221.4782 	EXP 	window1: mouseVisible = True
221.4782 	EXP 	window1: mouseVisible = True
221.4782 	EXP 	window1: mouseVisible = True
221.4782 	EXP 	window1: mouseVisible = True
221.4783 	EXP 	window1: mouseVisible = True
221.4783 	EXP 	window1: mouseVisible = True
221.4783 	EXP 	window1: mouseVisible = True
221.4784 	EXP 	window1: mouseVisible = True
221.4784 	EXP 	window1: mouseVisible = True
221.4784 	EXP 	window1: mouseVisible = True
221.4785 	EXP 	window1: mouseVisible = True
221.4785 	EXP 	window1: mouseVisible = True
221.4785 	EXP 	window1: mouseVisible = True
221.4786 	EXP 	window1: mouseVisible = True
221.4786 	EXP 	window1: mouseVisible = True
221.4786 	EXP 	window1: mouseVisible = True
221.4786 	EXP 	window1: mouseVisible = True
221.4787 	EXP 	window1: mouseVisible = True
221.4787 	EXP 	window1: mouseVisible = True
221.4787 	EXP 	window1: mouseVisible = True
221.4788 	EXP 	window1: mouseVisible = True
221.4788 	EXP 	window1: mouseVisible = True
221.4788 	EXP 	window1: mouseVisible = True
221.4789 	EXP 	window1: mouseVisible = True
221.4789 	EXP 	window1: mouseVisible = True
221.4789 	EXP 	window1: mouseVisible = True
221.4790 	EXP 	window1: mouseVisible = True
221.4790 	EXP 	window1: mouseVisible = True
221.4790 	EXP 	window1: mouseVisible = True
221.4791 	EXP 	window1: mouseVisible = True
221.4791 	EXP 	window1: mouseVisible = True
221.4791 	EXP 	window1: mouseVisible = True
221.4792 	EXP 	window1: mouseVisible = True
221.4792 	EXP 	window1: mouseVisible = True
221.4792 	EXP 	window1: mouseVisible = True
221.4793 	EXP 	window1: mouseVisible = True
221.4793 	EXP 	window1: mouseVisible = True
221.4793 	EXP 	window1: mouseVisible = True
221.4794 	EXP 	window1: mouseVisible = True
221.4794 	EXP 	window1: mouseVisible = True
221.4794 	EXP 	window1: mouseVisible = True
221.4795 	EXP 	window1: mouseVisible = True
221.4795 	EXP 	window1: mouseVisible = True
221.4795 	EXP 	window1: mouseVisible = True
221.4796 	EXP 	window1: mouseVisible = True
221.4796 	EXP 	window1: mouseVisible = True
221.4796 	EXP 	window1: mouseVisible = True
221.4797 	EXP 	window1: mouseVisible = True
221.4797 	EXP 	window1: mouseVisible = True
221.4797 	EXP 	window1: mouseVisible = True
221.4798 	EXP 	window1: mouseVisible = True
221.4798 	EXP 	window1: mouseVisible = True
221.4798 	EXP 	window1: mouseVisible = True
221.4799 	EXP 	window1: mouseVisible = True
221.4799 	EXP 	window1: mouseVisible = True
221.4799 	EXP 	window1: mouseVisible = True
221.4800 	EXP 	window1: mouseVisible = True
221.4801 	EXP 	window1: mouseVisible = True
221.4801 	EXP 	window1: mouseVisible = True
221.4802 	EXP 	window1: mouseVisible = True
221.4802 	EXP 	window1: mouseVisible = True
221.4802 	EXP 	window1: mouseVisible = True
221.4803 	EXP 	window1: mouseVisible = True
221.4803 	EXP 	window1: mouseVisible = True
221.4803 	EXP 	window1: mouseVisible = True
221.4804 	EXP 	window1: mouseVisible = True
221.4804 	EXP 	window1: mouseVisible = True
221.4805 	EXP 	window1: mouseVisible = True
221.4805 	EXP 	window1: mouseVisible = True
221.4805 	EXP 	window1: mouseVisible = True
221.4806 	EXP 	window1: mouseVisible = True
221.4806 	EXP 	window1: mouseVisible = True
221.4806 	EXP 	window1: mouseVisible = True
221.4807 	EXP 	window1: mouseVisible = True
221.4807 	EXP 	window1: mouseVisible = True
