8.2332 	WARNING 	Monitor specification not found. Creating a temporary one...
8.2540 	WARNING 	User requested fullscreen with size [800 600], but screen is actually [1280, 1024]. Using actual size
9.1770 	EXP 	Created window1 = Window(allowGUI=True, allowStencil=False, autoLog=True, backendConf=UNKNOWN, bitsMode=UNKNOWN, blendMode='avg', bpc=(8, 8, 8), color=array([0, 0, 0]), colorSpace='rgb', depthBits=8, fullscr=<method-wrapper '__getattribute__' of attributeSetter object at 0x000002F5D2829D00>, gamma=None, gammaErrorPolicy='raise', lms=UNKNOWN, monitor=<psychopy.monitors.calibTools.Monitor object at 0x000002F5D2D3D430>, multiSample=False, name='window1', numSamples=2, pos=(0, 0), screen=0, size=array([1280, 1024]), stencilBits=0, stereo=False, units='pix', useFBO=False, useRetina=False, viewOri=0.0, viewPos=None, viewScale=None, waitBlanking=True, winType='pyglet')
9.1770 	EXP 	window1: mouseVisible = True
9.1774 	EXP 	window1: mouseVisible = False
9.8777 	DATA 	Keypress: space
10.3969 	DATA 	Keypress: o
11.9562 	DATA 	Keypress: o
11.9571 	EXP 	window1: units = 'pix'
11.9782 	WARNING 	User requested fullscreen with size [1280  720], but screen is actually [1280, 1024]. Using actual size
12.4089 	EXP 	Created window1 = Window(allowGUI=False, allowStencil=False, autoLog=True, backendConf=UNKNOWN, bitsMode=UNKNOWN, blendMode='avg', bpc=(8, 8, 8), color=array([0, 0, 0]), colorSpace='rgb', depthBits=8, fullscr=<method-wrapper '__getattribute__' of attributeSetter object at 0x000002F5D2829D00>, gamma=None, gammaErrorPolicy='raise', lms=UNKNOWN, monitor=<psychopy.monitors.calibTools.Monitor object at 0x000002F5D93D9790>, multiSample=False, name='window1', numSamples=2, pos=(0, 0), screen=0, size=array([1280, 1024]), stencilBits=0, stereo=False, units='height', useFBO=True, useRetina=False, viewOri=0.0, viewPos=None, viewScale=None, waitBlanking=True, winType='pyglet')
12.4091 	EXP 	window1: mouseVisible = True
12.4091 	EXP 	window1: Attempting to measure frame rate of screen (0) ...
12.4091 	EXP 	window1: recordFrameIntervals = False
12.5751 	EXP 	window1: recordFrameIntervals = True
12.7424 	DATA 	Keypress: space
12.7586 	EXP 	Screen (0) actual frame rate measured at 60.08Hz
12.7586 	EXP 	window1: recordFrameIntervals = False
12.9453 	EXP 	Created Instructions = TextStim(__class__=<class 'psychopy.visual.text.TextStim'>, alignHoriz=method-wrapper(...), alignText='center', alignVert=method-wrapper(...), anchorHoriz='center', anchorVert='center', antialias=True, autoDraw=False, autoLog=True, bold=False, color=array([1, 1, 1]), colorSpace='rgb', contrast=1.0, depth=0.0, flipHoriz=False, flipVert=False, font='Arial', fontFiles=[], height=0.03, italic=False, languageStyle='LTR', name='Instructions', opacity=1.0, ori=0, pos=array([0., 0.]), rgb=UNKNOWN, text=str(...), units='height', win=Window(...), wrapWidth=1)
12.9523 	EXP 	Created Triplet1 = ImageStim(__class__=<class 'psychopy.visual.image.ImageStim'>, anchor=('center', 'center'), autoLog=True, color=array([1, 1, 1]), colorSpace='rgb', contrast=1.0, depth=-1.0, flipHoriz=False, flipVert=False, image='sin', interpolate=True, mask=None, maskParams=None, name='Triplet1', opacity=1.0, ori=0.0, pos=array([0., 0.]), size=array([0.25, 0.25]), texRes=128, units='height', win=Window(...))
12.9555 	EXP 	Created Triplet2 = ImageStim(__class__=<class 'psychopy.visual.image.ImageStim'>, anchor=('center', 'center'), autoLog=True, color=array([1, 1, 1]), colorSpace='rgb', contrast=1.0, depth=-2.0, flipHoriz=False, flipVert=False, image='sin', interpolate=True, mask=None, maskParams=None, name='Triplet2', opacity=1.0, ori=0.0, pos=array([0., 0.]), size=array([0.25, 0.25]), texRes=128, units='height', win=Window(...))
12.9600 	EXP 	Created Triplet3 = ImageStim(__class__=<class 'psychopy.visual.image.ImageStim'>, anchor=('center', 'center'), autoLog=True, color=array([1, 1, 1]), colorSpace='rgb', contrast=1.0, depth=-3.0, flipHoriz=False, flipVert=False, image='sin', interpolate=True, mask=None, maskParams=None, name='Triplet3', opacity=1.0, ori=0.0, pos=array([0., 0.]), size=array([0.25, 0.25]), texRes=128, units='height', win=Window(...))
12.9689 	EXP 	Sound sound_pop set volume 1.000
12.9779 	EXP 	Sound sound_pop2 set volume 1.000
12.9867 	EXP 	Sound sound_pop3 set volume 1.000
13.0099 	EXP 	Created fix = ImageStim(__class__=<class 'psychopy.visual.image.ImageStim'>, anchor=('center', 'center'), autoLog=True, color=array([1, 1, 1]), colorSpace='rgb', contrast=1.0, depth=0.0, flipHoriz=False, flipVert=False, image='images/fixation.png', interpolate=True, mask=None, maskParams=None, name='fix', opacity=1.0, ori=0.0, pos=array([0., 0.]), size=array([0.1 , 0.05]), texRes=128, units='height', win=Window(...))
13.0962 	EXP 	Created Mask = ImageStim(__class__=<class 'psychopy.visual.image.ImageStim'>, anchor=('center', 'center'), autoLog=True, color=array([1, 1, 1]), colorSpace='rgb', contrast=1.0, depth=0.0, flipHoriz=False, flipVert=False, image='images/Mask.png', interpolate=True, mask=None, maskParams=None, name='Mask', opacity=1.0, ori=0.0, pos=array([0., 0.]), size=array([1.5, 0.5]), texRes=128, units='height', win=Window(...))
13.0993 	EXP 	Created img1 = ImageStim(__class__=<class 'psychopy.visual.image.ImageStim'>, anchor=('center', 'center'), autoLog=True, color=array([1, 1, 1]), colorSpace='rgb', contrast=1.0, depth=-1.0, flipHoriz=False, flipVert=False, image='sin', interpolate=True, mask=None, maskParams=None, name='img1', opacity=1.0, ori=0.0, pos=array([0., 0.]), size=array([0.25, 0.25]), texRes=128, units='height', win=Window(...))
13.1022 	EXP 	Created img2 = ImageStim(__class__=<class 'psychopy.visual.image.ImageStim'>, anchor=('center', 'center'), autoLog=True, color=array([1, 1, 1]), colorSpace='rgb', contrast=1.0, depth=-2.0, flipHoriz=False, flipVert=False, image='sin', interpolate=True, mask=None, maskParams=None, name='img2', opacity=1.0, ori=0.0, pos=array([0., 0.]), size=array([0.25, 0.25]), texRes=128, units='height', win=Window(...))
13.1055 	EXP 	Created img3 = ImageStim(__class__=<class 'psychopy.visual.image.ImageStim'>, anchor=('center', 'center'), autoLog=True, color=array([1, 1, 1]), colorSpace='rgb', contrast=1.0, depth=-3.0, flipHoriz=False, flipVert=False, image='sin', interpolate=True, mask=None, maskParams=None, name='img3', opacity=1.0, ori=0.0, pos=array([0., 0.]), size=array([0.25, 0.25]), texRes=128, units='height', win=Window(...))
13.1146 	EXP 	Sound sound_pop4 set volume 1.000
13.1238 	EXP 	Sound sound_pop5 set volume 1.000
13.1332 	EXP 	Sound sound_pop6 set volume 1.000
13.1383 	EXP 	Created text_2 = TextStim(__class__=<class 'psychopy.visual.text.TextStim'>, alignHoriz=method-wrapper(...), alignText='center', alignVert=method-wrapper(...), anchorHoriz='center', anchorVert='center', antialias=True, autoDraw=False, autoLog=True, bold=False, color=array([1, 1, 1]), colorSpace='rgb', contrast=1.0, depth=0.0, flipHoriz=False, flipVert=False, font='Arial', fontFiles=[], height=0.03, italic=False, languageStyle='LTR', name='text_2', opacity=1.0, ori=0, pos=array([0., 0.]), rgb=UNKNOWN, text=str(...), units='height', win=Window(...), wrapWidth=1)
13.1411 	EXP 	Created text = TextStim(__class__=<class 'psychopy.visual.text.TextStim'>, alignHoriz=method-wrapper(...), alignText='center', alignVert=method-wrapper(...), anchorHoriz='center', anchorVert='center', antialias=True, autoDraw=False, autoLog=True, bold=False, color=array([1, 1, 1]), colorSpace='rgb', contrast=1.0, depth=-1.0, flipHoriz=False, flipVert=False, font='Arial', fontFiles=[], height=0.03, italic=False, languageStyle='LTR', name='text', opacity=1.0, ori=0, pos=array([0., 0.]), rgb=UNKNOWN, text=str(...), units='height', win=Window(...), wrapWidth=1)
13.1416 	EXP 	Created sameText = TextStim(__class__=<class 'psychopy.visual.text.TextStim'>, alignHoriz=method-wrapper(...), alignText='center', alignVert=method-wrapper(...), anchorHoriz='center', anchorVert='center', antialias=True, autoDraw=False, autoLog=True, bold=False, color=array([1, 1, 1]), colorSpace='rgb', contrast=1.0, depth=-2.0, flipHoriz=False, flipVert=False, font='Arial', fontFiles=[], height=0.03, italic=False, languageStyle='LTR', name='sameText', opacity=1.0, ori=0, pos=array([-0.2, -0.3]), rgb=UNKNOWN, text='', units='height', win=Window(...), wrapWidth=1)
13.1421 	EXP 	Created diffText = TextStim(__class__=<class 'psychopy.visual.text.TextStim'>, alignHoriz=method-wrapper(...), alignText='center', alignVert=method-wrapper(...), anchorHoriz='center', anchorVert='center', antialias=True, autoDraw=False, autoLog=True, bold=False, color=array([1, 1, 1]), colorSpace='rgb', contrast=1.0, depth=-3.0, flipHoriz=False, flipVert=False, font='Arial', fontFiles=[], height=0.03, italic=False, languageStyle='LTR', name='diffText', opacity=1.0, ori=0, pos=array([ 0.2, -0.3]), rgb=UNKNOWN, text='', units='height', win=Window(...), wrapWidth=1)
13.1430 	EXP 	Created leftCL = Rect(__class__=<class 'psychopy.visual.rect.Rect'>, anchor=('center', 'center'), autoDraw=False, autoLog=True, closeShape=True, color=method-wrapper(...), colorSpace='rgb', contrast=None, depth=-4.0, fillColor=array([1., 1., 1.]), fillColorSpace='rgb', fillRGB=array([1., 1., 1.]), interpolate=True, lineColor=array([1, 1, 1]), lineColorSpace='rgb', lineRGB=array([1, 1, 1]), lineWidth=3, name='leftCL', opacity=0.5, ori=0.0, pos=array([-0.2, -0.3]), size=array([-0.2, -0.2]), units='height', vertices=ndarray(...), win=Window(...))
13.1439 	EXP 	Created rightCL = Rect(__class__=<class 'psychopy.visual.rect.Rect'>, anchor=('center', 'center'), autoDraw=False, autoLog=True, closeShape=True, color=method-wrapper(...), colorSpace='rgb', contrast=None, depth=-5.0, fillColor=array([1., 1., 1.]), fillColorSpace='rgb', fillRGB=array([1., 1., 1.]), interpolate=True, lineColor=array([1, 1, 1]), lineColorSpace='rgb', lineRGB=array([1, 1, 1]), lineWidth=3, name='rightCL', opacity=0.5, ori=0.0, pos=array([ 0.2, -0.3]), size=array([0.2, 0.2]), units='height', vertices=ndarray(...), win=Window(...))
13.1440 	EXP 	window1: mouseVisible = True
13.1444 	EXP 	Sound clickedSound set volume 1.000
13.1475 	EXP 	Created retIMG = ImageStim(__class__=<class 'psychopy.visual.image.ImageStim'>, anchor=('center', 'center'), autoLog=True, color=array([1, 1, 1]), colorSpace='rgb', contrast=1.0, depth=-1.0, flipHoriz=False, flipVert=False, image='sin', interpolate=True, mask=None, maskParams=None, name='retIMG', opacity=1.0, ori=0.0, pos=array([0., 0.]), size=array([0.25, 0.25]), texRes=128, units='height', win=Window(...))
13.1565 	EXP 	Sound sound_pop7 set volume 1.000
13.1590 	EXP 	Created question_text = TextStim(__class__=<class 'psychopy.visual.text.TextStim'>, alignHoriz=method-wrapper(...), alignText='center', alignVert=method-wrapper(...), anchorHoriz='center', anchorVert='center', antialias=True, autoDraw=False, autoLog=True, bold=False, color=array([1, 1, 1]), colorSpace='rgb', contrast=1.0, depth=0.0, flipHoriz=False, flipVert=False, font='Arial', fontFiles=[], height=0.03, italic=False, languageStyle='LTR', name='question_text', opacity=1.0, ori=0, pos=array([0. , 0.3]), rgb=UNKNOWN, text='When did you see this object?', units='height', win=Window(...), wrapWidth=1)
13.1615 	EXP 	Created decisionQ_2 = TextStim(__class__=<class 'psychopy.visual.text.TextStim'>, alignHoriz=method-wrapper(...), alignText='center', alignVert=method-wrapper(...), anchorHoriz='center', anchorVert='center', antialias=True, autoDraw=False, autoLog=True, bold=False, color=array([1, 1, 1]), colorSpace='rgb', contrast=1.0, depth=-1.0, flipHoriz=False, flipVert=False, font='Arial', fontFiles=[], height=0.03, italic=False, languageStyle='LTR', name='decisionQ_2', opacity=1.0, ori=0, pos=array([0. , 0.3]), rgb=UNKNOWN, text='When did you see this object?', units='height', win=Window(...), wrapWidth=1)
13.1622 	EXP 	Created first_left = Rect(__class__=<class 'psychopy.visual.rect.Rect'>, anchor=('center', 'center'), autoDraw=False, autoLog=True, closeShape=True, color=method-wrapper(...), colorSpace='rgb', contrast=None, depth=-2.0, fillColor=array([1, 1, 1]), fillColorSpace='rgb', fillRGB=array([1, 1, 1]), interpolate=True, lineColor=array([1, 1, 1]), lineColorSpace='rgb', lineRGB=array([1, 1, 1]), lineWidth=3, name='first_left', opacity=0.5, ori=0.0, pos=array([0. , 0.1]), size=array([0.15, 0.15]), units='height', vertices=ndarray(...), win=Window(...))
13.1629 	EXP 	Created second_middle = Rect(__class__=<class 'psychopy.visual.rect.Rect'>, anchor=('center', 'center'), autoDraw=False, autoLog=True, closeShape=True, color=method-wrapper(...), colorSpace='rgb', contrast=None, depth=-3.0, fillColor=array([1, 1, 1]), fillColorSpace='rgb', fillRGB=array([1, 1, 1]), interpolate=True, lineColor=array([1, 1, 1]), lineColorSpace='rgb', lineRGB=array([1, 1, 1]), lineWidth=3, name='second_middle', opacity=0.5, ori=0.0, pos=array([ 0. , -0.1]), size=array([0.15, 0.15]), units='height', vertices=ndarray(...), win=Window(...))
13.1636 	EXP 	Created third_right = Rect(__class__=<class 'psychopy.visual.rect.Rect'>, anchor=('center', 'center'), autoDraw=False, autoLog=True, closeShape=True, color=method-wrapper(...), colorSpace='rgb', contrast=None, depth=-4.0, fillColor=array([1, 1, 1]), fillColorSpace='rgb', fillRGB=array([1, 1, 1]), interpolate=True, lineColor=array([1, 1, 1]), lineColorSpace='rgb', lineRGB=array([1, 1, 1]), lineWidth=3, name='third_right', opacity=0.5, ori=0.0, pos=array([ 0. , -0.3]), size=array([0.15, 0.15]), units='height', vertices=ndarray(...), win=Window(...))
13.1661 	EXP 	Created First = TextStim(__class__=<class 'psychopy.visual.text.TextStim'>, alignHoriz=method-wrapper(...), alignText='center', alignVert=method-wrapper(...), anchorHoriz='center', anchorVert='center', antialias=True, autoDraw=False, autoLog=True, bold=False, color=array([1, 1, 1]), colorSpace='rgb', contrast=1.0, depth=-5.0, flipHoriz=False, flipVert=False, font='Arial', fontFiles=[], height=0.03, italic=False, languageStyle='LTR', name='First', opacity=1.0, ori=0, pos=array([0. , 0.1]), rgb=UNKNOWN, text='First', units='height', win=Window(...), wrapWidth=1)
13.1681 	EXP 	Created Second = TextStim(__class__=<class 'psychopy.visual.text.TextStim'>, alignHoriz=method-wrapper(...), alignText='center', alignVert=method-wrapper(...), anchorHoriz='center', anchorVert='center', antialias=True, autoDraw=False, autoLog=True, bold=False, color=array([1, 1, 1]), colorSpace='rgb', contrast=1.0, depth=-6.0, flipHoriz=False, flipVert=False, font='Arial', fontFiles=[], height=0.03, italic=False, languageStyle='LTR', name='Second', opacity=1.0, ori=0, pos=array([ 0. , -0.1]), rgb=UNKNOWN, text='Second', units='height', win=Window(...), wrapWidth=1)
13.1700 	EXP 	Created Third = TextStim(__class__=<class 'psychopy.visual.text.TextStim'>, alignHoriz=method-wrapper(...), alignText='center', alignVert=method-wrapper(...), anchorHoriz='center', anchorVert='center', antialias=True, autoDraw=False, autoLog=True, bold=False, color=array([1, 1, 1]), colorSpace='rgb', contrast=1.0, depth=-7.0, flipHoriz=False, flipVert=False, font='Arial', fontFiles=[], height=0.03, italic=False, languageStyle='LTR', name='Third', opacity=1.0, ori=0, pos=array([ 0. , -0.3]), rgb=UNKNOWN, text='Third', units='height', win=Window(...), wrapWidth=1)
13.1701 	EXP 	window1: mouseVisible = True
13.1705 	EXP 	Sound clickedSound set volume 1.000
13.1789 	EXP 	Created BlockBreak = TextStim(__class__=<class 'psychopy.visual.text.TextStim'>, alignHoriz=method-wrapper(...), alignText='center', alignVert=method-wrapper(...), anchorHoriz='center', anchorVert='center', antialias=True, autoDraw=False, autoLog=True, bold=False, color=array([1, 1, 1]), colorSpace='rgb', contrast=1.0, depth=0.0, flipHoriz=False, flipVert=False, font='Arial', fontFiles=[], height=0.03, italic=False, languageStyle='LTR', name='BlockBreak', opacity=1.0, ori=0, pos=array([0., 0.]), rgb=UNKNOWN, text=str(...), units='height', win=Window(...), wrapWidth=1)
13.1923 	EXP 	Created text_4 = TextStim(__class__=<class 'psychopy.visual.text.TextStim'>, alignHoriz=method-wrapper(...), alignText='center', alignVert=method-wrapper(...), anchorHoriz='center', anchorVert='center', antialias=True, autoDraw=False, autoLog=True, bold=False, color=array([1, 1, 1]), colorSpace='rgb', contrast=1.0, depth=-1.0, flipHoriz=False, flipVert=False, font='Open Sans', fontFiles=[], height=0.03, italic=False, languageStyle='LTR', name='text_4', opacity=1.0, ori=0.0, pos=array([0., 0.]), rgb=UNKNOWN, text=str(...), units='height', win=Window(...), wrapWidth=1)
13.1954 	EXP 	Created Triplet1 = ImageStim(__class__=<class 'psychopy.visual.image.ImageStim'>, anchor=('center', 'center'), autoLog=True, color=array([1, 1, 1]), colorSpace='rgb', contrast=1.0, depth=-1.0, flipHoriz=False, flipVert=False, image='sin', interpolate=True, mask=None, maskParams=None, name='Triplet1', opacity=1.0, ori=0.0, pos=array([0., 0.]), size=array([0.25, 0.25]), texRes=128, units='height', win=Window(...))
13.1984 	EXP 	Created Triplet2 = ImageStim(__class__=<class 'psychopy.visual.image.ImageStim'>, anchor=('center', 'center'), autoLog=True, color=array([1, 1, 1]), colorSpace='rgb', contrast=1.0, depth=-2.0, flipHoriz=False, flipVert=False, image='sin', interpolate=True, mask=None, maskParams=None, name='Triplet2', opacity=1.0, ori=0.0, pos=array([0., 0.]), size=array([0.25, 0.25]), texRes=128, units='height', win=Window(...))
13.2014 	EXP 	Created Triplet3 = ImageStim(__class__=<class 'psychopy.visual.image.ImageStim'>, anchor=('center', 'center'), autoLog=True, color=array([1, 1, 1]), colorSpace='rgb', contrast=1.0, depth=-3.0, flipHoriz=False, flipVert=False, image='sin', interpolate=True, mask=None, maskParams=None, name='Triplet3', opacity=1.0, ori=0.0, pos=array([0., 0.]), size=array([0.25, 0.25]), texRes=128, units='height', win=Window(...))
13.2105 	EXP 	Sound sound_pop set volume 1.000
13.2197 	EXP 	Sound sound_pop2 set volume 1.000
13.2291 	EXP 	Sound sound_pop3 set volume 1.000
13.2489 	EXP 	Created fix = ImageStim(__class__=<class 'psychopy.visual.image.ImageStim'>, anchor=('center', 'center'), autoLog=True, color=array([1, 1, 1]), colorSpace='rgb', contrast=1.0, depth=0.0, flipHoriz=False, flipVert=False, image='images/fixation.png', interpolate=True, mask=None, maskParams=None, name='fix', opacity=1.0, ori=0.0, pos=array([0., 0.]), size=array([0.1 , 0.05]), texRes=128, units='height', win=Window(...))
13.3336 	EXP 	Created Mask = ImageStim(__class__=<class 'psychopy.visual.image.ImageStim'>, anchor=('center', 'center'), autoLog=True, color=array([1, 1, 1]), colorSpace='rgb', contrast=1.0, depth=0.0, flipHoriz=False, flipVert=False, image='images/Mask.png', interpolate=True, mask=None, maskParams=None, name='Mask', opacity=1.0, ori=0.0, pos=array([0., 0.]), size=array([1.5, 0.5]), texRes=128, units='height', win=Window(...))
13.3366 	EXP 	Created img1 = ImageStim(__class__=<class 'psychopy.visual.image.ImageStim'>, anchor=('center', 'center'), autoLog=True, color=array([1, 1, 1]), colorSpace='rgb', contrast=1.0, depth=-1.0, flipHoriz=False, flipVert=False, image='sin', interpolate=True, mask=None, maskParams=None, name='img1', opacity=1.0, ori=0.0, pos=array([0., 0.]), size=array([0.25, 0.25]), texRes=128, units='height', win=Window(...))
13.3395 	EXP 	Created img2 = ImageStim(__class__=<class 'psychopy.visual.image.ImageStim'>, anchor=('center', 'center'), autoLog=True, color=array([1, 1, 1]), colorSpace='rgb', contrast=1.0, depth=-2.0, flipHoriz=False, flipVert=False, image='sin', interpolate=True, mask=None, maskParams=None, name='img2', opacity=1.0, ori=0.0, pos=array([0., 0.]), size=array([0.25, 0.25]), texRes=128, units='height', win=Window(...))
13.3427 	EXP 	Created img3 = ImageStim(__class__=<class 'psychopy.visual.image.ImageStim'>, anchor=('center', 'center'), autoLog=True, color=array([1, 1, 1]), colorSpace='rgb', contrast=1.0, depth=-3.0, flipHoriz=False, flipVert=False, image='sin', interpolate=True, mask=None, maskParams=None, name='img3', opacity=1.0, ori=0.0, pos=array([0., 0.]), size=array([0.25, 0.25]), texRes=128, units='height', win=Window(...))
13.3516 	EXP 	Sound sound_pop4 set volume 1.000
13.3608 	EXP 	Sound sound_pop5 set volume 1.000
13.3697 	EXP 	Sound sound_pop6 set volume 1.000
13.3735 	EXP 	Created text_2 = TextStim(__class__=<class 'psychopy.visual.text.TextStim'>, alignHoriz=method-wrapper(...), alignText='center', alignVert=method-wrapper(...), anchorHoriz='center', anchorVert='center', antialias=True, autoDraw=False, autoLog=True, bold=False, color=array([1, 1, 1]), colorSpace='rgb', contrast=1.0, depth=0.0, flipHoriz=False, flipVert=False, font='Arial', fontFiles=[], height=0.03, italic=False, languageStyle='LTR', name='text_2', opacity=1.0, ori=0, pos=array([0., 0.]), rgb=UNKNOWN, text=str(...), units='height', win=Window(...), wrapWidth=1)
13.3763 	EXP 	Created text = TextStim(__class__=<class 'psychopy.visual.text.TextStim'>, alignHoriz=method-wrapper(...), alignText='center', alignVert=method-wrapper(...), anchorHoriz='center', anchorVert='center', antialias=True, autoDraw=False, autoLog=True, bold=False, color=array([1, 1, 1]), colorSpace='rgb', contrast=1.0, depth=-1.0, flipHoriz=False, flipVert=False, font='Arial', fontFiles=[], height=0.03, italic=False, languageStyle='LTR', name='text', opacity=1.0, ori=0, pos=array([0., 0.]), rgb=UNKNOWN, text=str(...), units='height', win=Window(...), wrapWidth=1)
13.3769 	EXP 	Created sameText = TextStim(__class__=<class 'psychopy.visual.text.TextStim'>, alignHoriz=method-wrapper(...), alignText='center', alignVert=method-wrapper(...), anchorHoriz='center', anchorVert='center', antialias=True, autoDraw=False, autoLog=True, bold=False, color=array([1, 1, 1]), colorSpace='rgb', contrast=1.0, depth=-2.0, flipHoriz=False, flipVert=False, font='Arial', fontFiles=[], height=0.03, italic=False, languageStyle='LTR', name='sameText', opacity=1.0, ori=0, pos=array([-0.2, -0.3]), rgb=UNKNOWN, text='', units='height', win=Window(...), wrapWidth=1)
13.3774 	EXP 	Created diffText = TextStim(__class__=<class 'psychopy.visual.text.TextStim'>, alignHoriz=method-wrapper(...), alignText='center', alignVert=method-wrapper(...), anchorHoriz='center', anchorVert='center', antialias=True, autoDraw=False, autoLog=True, bold=False, color=array([1, 1, 1]), colorSpace='rgb', contrast=1.0, depth=-3.0, flipHoriz=False, flipVert=False, font='Arial', fontFiles=[], height=0.03, italic=False, languageStyle='LTR', name='diffText', opacity=1.0, ori=0, pos=array([ 0.2, -0.3]), rgb=UNKNOWN, text='', units='height', win=Window(...), wrapWidth=1)
13.3783 	EXP 	Created leftCL = Rect(__class__=<class 'psychopy.visual.rect.Rect'>, anchor=('center', 'center'), autoDraw=False, autoLog=True, closeShape=True, color=method-wrapper(...), colorSpace='rgb', contrast=None, depth=-4.0, fillColor=array([1., 1., 1.]), fillColorSpace='rgb', fillRGB=array([1., 1., 1.]), interpolate=True, lineColor=array([1, 1, 1]), lineColorSpace='rgb', lineRGB=array([1, 1, 1]), lineWidth=3, name='leftCL', opacity=0.5, ori=0.0, pos=array([-0.2, -0.3]), size=array([-0.2, -0.2]), units='height', vertices=ndarray(...), win=Window(...))
13.3791 	EXP 	Created rightCL = Rect(__class__=<class 'psychopy.visual.rect.Rect'>, anchor=('center', 'center'), autoDraw=False, autoLog=True, closeShape=True, color=method-wrapper(...), colorSpace='rgb', contrast=None, depth=-5.0, fillColor=array([1., 1., 1.]), fillColorSpace='rgb', fillRGB=array([1., 1., 1.]), interpolate=True, lineColor=array([1, 1, 1]), lineColorSpace='rgb', lineRGB=array([1, 1, 1]), lineWidth=3, name='rightCL', opacity=0.5, ori=0.0, pos=array([ 0.2, -0.3]), size=array([0.2, 0.2]), units='height', vertices=ndarray(...), win=Window(...))
13.3792 	EXP 	window1: mouseVisible = True
13.3796 	EXP 	Sound clickedSound set volume 1.000
13.3827 	EXP 	Created retIMG = ImageStim(__class__=<class 'psychopy.visual.image.ImageStim'>, anchor=('center', 'center'), autoLog=True, color=array([1, 1, 1]), colorSpace='rgb', contrast=1.0, depth=-1.0, flipHoriz=False, flipVert=False, image='sin', interpolate=True, mask=None, maskParams=None, name='retIMG', opacity=1.0, ori=0.0, pos=array([0., 0.]), size=array([0.25, 0.25]), texRes=128, units='height', win=Window(...))
13.3917 	EXP 	Sound sound_pop7 set volume 1.000
13.3943 	EXP 	Created question_text = TextStim(__class__=<class 'psychopy.visual.text.TextStim'>, alignHoriz=method-wrapper(...), alignText='center', alignVert=method-wrapper(...), anchorHoriz='center', anchorVert='center', antialias=True, autoDraw=False, autoLog=True, bold=False, color=array([1, 1, 1]), colorSpace='rgb', contrast=1.0, depth=0.0, flipHoriz=False, flipVert=False, font='Arial', fontFiles=[], height=0.03, italic=False, languageStyle='LTR', name='question_text', opacity=1.0, ori=0, pos=array([0. , 0.3]), rgb=UNKNOWN, text='When did you see this object?', units='height', win=Window(...), wrapWidth=1)
13.3964 	EXP 	Created decisionQ_2 = TextStim(__class__=<class 'psychopy.visual.text.TextStim'>, alignHoriz=method-wrapper(...), alignText='center', alignVert=method-wrapper(...), anchorHoriz='center', anchorVert='center', antialias=True, autoDraw=False, autoLog=True, bold=False, color=array([1, 1, 1]), colorSpace='rgb', contrast=1.0, depth=-1.0, flipHoriz=False, flipVert=False, font='Arial', fontFiles=[], height=0.03, italic=False, languageStyle='LTR', name='decisionQ_2', opacity=1.0, ori=0, pos=array([0. , 0.3]), rgb=UNKNOWN, text='When did you see this object?', units='height', win=Window(...), wrapWidth=1)
13.3972 	EXP 	Created first_left = Rect(__class__=<class 'psychopy.visual.rect.Rect'>, anchor=('center', 'center'), autoDraw=False, autoLog=True, closeShape=True, color=method-wrapper(...), colorSpace='rgb', contrast=None, depth=-2.0, fillColor=array([1, 1, 1]), fillColorSpace='rgb', fillRGB=array([1, 1, 1]), interpolate=True, lineColor=array([1, 1, 1]), lineColorSpace='rgb', lineRGB=array([1, 1, 1]), lineWidth=3, name='first_left', opacity=0.5, ori=0.0, pos=array([0. , 0.1]), size=array([0.15, 0.15]), units='height', vertices=ndarray(...), win=Window(...))
13.3979 	EXP 	Created second_middle = Rect(__class__=<class 'psychopy.visual.rect.Rect'>, anchor=('center', 'center'), autoDraw=False, autoLog=True, closeShape=True, color=method-wrapper(...), colorSpace='rgb', contrast=None, depth=-3.0, fillColor=array([1, 1, 1]), fillColorSpace='rgb', fillRGB=array([1, 1, 1]), interpolate=True, lineColor=array([1, 1, 1]), lineColorSpace='rgb', lineRGB=array([1, 1, 1]), lineWidth=3, name='second_middle', opacity=0.5, ori=0.0, pos=array([ 0. , -0.1]), size=array([0.15, 0.15]), units='height', vertices=ndarray(...), win=Window(...))
13.3986 	EXP 	Created third_right = Rect(__class__=<class 'psychopy.visual.rect.Rect'>, anchor=('center', 'center'), autoDraw=False, autoLog=True, closeShape=True, color=method-wrapper(...), colorSpace='rgb', contrast=None, depth=-4.0, fillColor=array([1, 1, 1]), fillColorSpace='rgb', fillRGB=array([1, 1, 1]), interpolate=True, lineColor=array([1, 1, 1]), lineColorSpace='rgb', lineRGB=array([1, 1, 1]), lineWidth=3, name='third_right', opacity=0.5, ori=0.0, pos=array([ 0. , -0.3]), size=array([0.15, 0.15]), units='height', vertices=ndarray(...), win=Window(...))
13.4006 	EXP 	Created First = TextStim(__class__=<class 'psychopy.visual.text.TextStim'>, alignHoriz=method-wrapper(...), alignText='center', alignVert=method-wrapper(...), anchorHoriz='center', anchorVert='center', antialias=True, autoDraw=False, autoLog=True, bold=False, color=array([1, 1, 1]), colorSpace='rgb', contrast=1.0, depth=-5.0, flipHoriz=False, flipVert=False, font='Arial', fontFiles=[], height=0.03, italic=False, languageStyle='LTR', name='First', opacity=1.0, ori=0, pos=array([0. , 0.1]), rgb=UNKNOWN, text='First', units='height', win=Window(...), wrapWidth=1)
13.4031 	EXP 	Created Second = TextStim(__class__=<class 'psychopy.visual.text.TextStim'>, alignHoriz=method-wrapper(...), alignText='center', alignVert=method-wrapper(...), anchorHoriz='center', anchorVert='center', antialias=True, autoDraw=False, autoLog=True, bold=False, color=array([1, 1, 1]), colorSpace='rgb', contrast=1.0, depth=-6.0, flipHoriz=False, flipVert=False, font='Arial', fontFiles=[], height=0.03, italic=False, languageStyle='LTR', name='Second', opacity=1.0, ori=0, pos=array([ 0. , -0.1]), rgb=UNKNOWN, text='Second', units='height', win=Window(...), wrapWidth=1)
13.4051 	EXP 	Created Third = TextStim(__class__=<class 'psychopy.visual.text.TextStim'>, alignHoriz=method-wrapper(...), alignText='center', alignVert=method-wrapper(...), anchorHoriz='center', anchorVert='center', antialias=True, autoDraw=False, autoLog=True, bold=False, color=array([1, 1, 1]), colorSpace='rgb', contrast=1.0, depth=-7.0, flipHoriz=False, flipVert=False, font='Arial', fontFiles=[], height=0.03, italic=False, languageStyle='LTR', name='Third', opacity=1.0, ori=0, pos=array([ 0. , -0.3]), rgb=UNKNOWN, text='Third', units='height', win=Window(...), wrapWidth=1)
13.4051 	EXP 	window1: mouseVisible = True
13.4056 	EXP 	Sound clickedSound set volume 1.000
13.4087 	EXP 	Created end = TextStim(__class__=<class 'psychopy.visual.text.TextStim'>, alignHoriz=method-wrapper(...), alignText='center', alignVert=method-wrapper(...), anchorHoriz='center', anchorVert='center', antialias=True, autoDraw=False, autoLog=True, bold=False, color=array([1, 1, 1]), colorSpace='rgb', contrast=1.0, depth=0.0, flipHoriz=False, flipVert=False, font='Arial', fontFiles=[], height=0.03, italic=False, languageStyle='LTR', name='end', opacity=1.0, ori=0, pos=array([0., 0.]), rgb=UNKNOWN, text=str(...), units='height', win=Window(...), wrapWidth=1)
13.4108 	EXP 	Instructions: autoDraw = True
13.7437 	EXP 	Created sequence: random, trialTypes=1, nReps=2, seed=None
13.7439 	EXP 	New trial (rep=0, index=0): None
13.8648 	DATA 	Keypress: space
13.9726 	EXP 	Instructions: autoDraw = False
13.9726 	EXP 	fix: autoDraw = True
15.6262 	EXP 	Sound sound_pop started
15.6132 	EXP 	fix: autoDraw = False
15.6132 	EXP 	fix: autoDraw = False
15.6132 	EXP 	Triplet1: image = 'images/OBJ_195.png'
15.6132 	EXP 	Triplet2: image = 'images/OBJ_166.png'
15.6132 	EXP 	Triplet3: image = 'images/OBJ_39.png'
15.6132 	EXP 	Triplet1: autoDraw = True
15.9866 	EXP 	Sound sound_pop reached end of file
17.1259 	EXP 	Triplet1: autoDraw = False
17.6089 	EXP 	Sound sound_pop2 started
17.6091 	EXP 	Triplet2: autoDraw = True
17.9723 	EXP 	Sound sound_pop2 reached end of file
19.1085 	EXP 	Triplet2: autoDraw = False
19.6083 	EXP 	Sound sound_pop3 started
19.6085 	EXP 	Triplet3: autoDraw = True
19.9735 	EXP 	Sound sound_pop3 reached end of file
21.1081 	EXP 	Triplet3: autoDraw = False
21.1081 	EXP 	Triplet1: autoDraw = False
21.1081 	EXP 	Triplet2: autoDraw = False
21.1081 	EXP 	Triplet3: autoDraw = False
21.1081 	EXP 	Mask: autoDraw = True
22.7405 	EXP 	Sound sound_pop4 started
22.7441 	EXP 	Mask: autoDraw = False
22.7441 	EXP 	Mask: autoDraw = False
22.7441 	EXP 	img1: image = 'images/OBJ_195.png'
22.7441 	EXP 	img2: image = 'images/OBJ_39.png'
22.7441 	EXP 	img3: image = 'images/OBJ_166.png'
22.7441 	EXP 	img1: autoDraw = True
23.1239 	EXP 	Sound sound_pop4 reached end of file
24.2571 	EXP 	img1: autoDraw = False
24.7403 	EXP 	Sound sound_pop5 started
24.7403 	EXP 	img2: autoDraw = True
25.1027 	EXP 	Sound sound_pop5 reached end of file
26.2399 	EXP 	img2: autoDraw = False
26.7396 	EXP 	Sound sound_pop6 started
26.7398 	EXP 	img3: autoDraw = True
27.1041 	EXP 	Sound sound_pop6 reached end of file
28.2393 	EXP 	img3: autoDraw = False
28.2393 	EXP 	img1: autoDraw = False
28.2393 	EXP 	img2: autoDraw = False
28.2393 	EXP 	img3: autoDraw = False
28.2393 	EXP 	text_2: autoDraw = True
29.2391 	EXP 	text_2: autoDraw = False
29.2391 	EXP 	text_2: autoDraw = False
29.2391 	EXP 	sameText: height = 0.03
29.2391 	EXP 	sameText: height = 0.03
29.2391 	EXP 	sameText: height = 0.03
29.2391 	EXP 	sameText: text = 'Same'
29.2391 	EXP 	diffText: height = 0.03
29.2391 	EXP 	diffText: height = 0.03
29.2391 	EXP 	diffText: height = 0.03
29.2391 	EXP 	diffText: text = 'Different'
29.2391 	EXP 	text: autoDraw = True
29.2391 	EXP 	sameText: autoDraw = True
29.2391 	EXP 	diffText: autoDraw = True
29.2391 	EXP 	leftCL: autoDraw = True
29.2391 	EXP 	rightCL: autoDraw = True
29.4726 	DATA 	Mouse: Left button down, pos=(806,212)
29.4890 	EXP 	Sound clickedSound started
29.4890 	EXP 	text: autoDraw = False
29.4890 	EXP 	sameText: autoDraw = False
29.4890 	EXP 	diffText: autoDraw = False
29.4890 	EXP 	leftCL: autoDraw = False
29.4890 	EXP 	rightCL: autoDraw = False
29.6060 	DATA 	Mouse:  Left button up, pos=(808,209)
29.9837 	EXP 	Sound clickedSound stopped
29.9841 	EXP 	New trial (rep=1, index=0): None
30.2141 	EXP 	fix: autoDraw = True
31.7716 	EXP 	Sound sound_pop started
31.7713 	EXP 	fix: autoDraw = False
31.7713 	EXP 	fix: autoDraw = False
31.7713 	EXP 	Triplet1: image = 'images/OBJ_15.png'
31.7713 	EXP 	Triplet2: image = 'images/OBJ_48.png'
31.7713 	EXP 	Triplet3: image = 'images/OBJ_12.png'
31.7713 	EXP 	Triplet1: autoDraw = True
32.1539 	EXP 	Sound sound_pop reached end of file
33.2712 	EXP 	Triplet1: autoDraw = False
33.7710 	EXP 	Sound sound_pop2 started
33.7711 	EXP 	Triplet2: autoDraw = True
34.1327 	EXP 	Sound sound_pop2 reached end of file
35.2706 	EXP 	Triplet2: autoDraw = False
35.7705 	EXP 	Sound sound_pop3 started
35.7705 	EXP 	Triplet3: autoDraw = True
36.1338 	EXP 	Sound sound_pop3 reached end of file
37.2701 	EXP 	Triplet3: autoDraw = False
37.2701 	EXP 	Triplet1: autoDraw = False
37.2701 	EXP 	Triplet2: autoDraw = False
37.2701 	EXP 	Triplet3: autoDraw = False
37.2701 	EXP 	Mask: autoDraw = True
38.8192 	EXP 	Sound sound_pop4 started
38.8136 	EXP 	Mask: autoDraw = False
38.8136 	EXP 	Mask: autoDraw = False
38.8136 	EXP 	img1: image = 'images/OBJ_15.png'
38.8136 	EXP 	img2: image = 'images/OBJ_48.png'
38.8136 	EXP 	img3: image = 'images/OBJ_12.png'
38.8136 	EXP 	img1: autoDraw = True
39.1847 	EXP 	Sound sound_pop4 reached end of file
40.3191 	EXP 	img1: autoDraw = False
40.8023 	EXP 	Sound sound_pop5 started
40.8023 	EXP 	img2: autoDraw = True
41.1635 	EXP 	Sound sound_pop5 reached end of file
42.3019 	EXP 	img2: autoDraw = False
42.8018 	EXP 	Sound sound_pop6 started
42.8018 	EXP 	img3: autoDraw = True
43.1646 	EXP 	Sound sound_pop6 reached end of file
44.3014 	EXP 	img3: autoDraw = False
44.3014 	EXP 	img1: autoDraw = False
44.3014 	EXP 	img2: autoDraw = False
44.3014 	EXP 	img3: autoDraw = False
44.3014 	EXP 	text_2: autoDraw = True
45.3010 	EXP 	text_2: autoDraw = False
45.3010 	EXP 	text_2: autoDraw = False
45.3010 	EXP 	sameText: text = 'Same'
45.3010 	EXP 	diffText: text = 'Different'
45.3010 	EXP 	text: autoDraw = True
45.3010 	EXP 	sameText: autoDraw = True
45.3010 	EXP 	diffText: autoDraw = True
45.3010 	EXP 	leftCL: autoDraw = True
45.3010 	EXP 	rightCL: autoDraw = True
45.5513 	DATA 	Mouse: Left button down, pos=(512,222)
45.5677 	EXP 	Sound clickedSound started
45.5676 	EXP 	text: autoDraw = False
45.5676 	EXP 	sameText: autoDraw = False
45.5676 	EXP 	diffText: autoDraw = False
45.5676 	EXP 	leftCL: autoDraw = False
45.5676 	EXP 	rightCL: autoDraw = False
45.7178 	DATA 	Mouse:  Left button up, pos=(512,222)
46.0749 	EXP 	Sound clickedSound stopped
46.0756 	EXP 	Created sequence: random, trialTypes=1, nReps=2, seed=None
46.0757 	EXP 	New trial (rep=0, index=0): None
46.3506 	EXP 	Sound sound_pop7 started
46.3539 	EXP 	retIMG: image = 'images/OBJ_48.png'
46.3539 	EXP 	retIMG: autoDraw = True
46.7247 	EXP 	Sound sound_pop7 reached end of file
47.8670 	EXP 	retIMG: autoDraw = False
47.8670 	EXP 	retIMG: autoDraw = False
47.8670 	EXP 	question_text: autoDraw = True
48.8667 	EXP 	question_text: autoDraw = False
48.8667 	EXP 	question_text: autoDraw = False
48.8667 	EXP 	decisionQ_2: autoDraw = True
49.8498 	EXP 	first_left: autoDraw = True
49.8498 	EXP 	second_middle: autoDraw = True
49.8498 	EXP 	third_right: autoDraw = True
49.8498 	EXP 	First: autoDraw = True
49.8498 	EXP 	Second: autoDraw = True
49.8498 	EXP 	Third: autoDraw = True
50.1332 	DATA 	Mouse: Left button down, pos=(606,458)
50.1496 	EXP 	Sound clickedSound started
50.1496 	EXP 	decisionQ_2: autoDraw = False
50.1496 	EXP 	first_left: autoDraw = False
50.1496 	EXP 	second_middle: autoDraw = False
50.1496 	EXP 	third_right: autoDraw = False
50.1496 	EXP 	First: autoDraw = False
50.1496 	EXP 	Second: autoDraw = False
50.1496 	EXP 	Third: autoDraw = False
50.2667 	DATA 	Mouse:  Left button up, pos=(606,458)
50.6439 	EXP 	Sound clickedSound stopped
50.6443 	EXP 	New trial (rep=1, index=0): None
50.8992 	EXP 	Sound sound_pop7 started
50.9003 	EXP 	retIMG: image = 'images/OBJ_15.png'
50.9003 	EXP 	retIMG: autoDraw = True
51.2735 	EXP 	Sound sound_pop7 reached end of file
52.4156 	EXP 	retIMG: autoDraw = False
52.4156 	EXP 	retIMG: autoDraw = False
52.4156 	EXP 	question_text: autoDraw = True
53.4154 	EXP 	question_text: autoDraw = False
53.4154 	EXP 	question_text: autoDraw = False
53.4154 	EXP 	decisionQ_2: autoDraw = True
54.3984 	EXP 	first_left: autoDraw = True
54.3984 	EXP 	second_middle: autoDraw = True
54.3984 	EXP 	third_right: autoDraw = True
54.3984 	EXP 	First: autoDraw = True
54.3984 	EXP 	Second: autoDraw = True
54.3984 	EXP 	Third: autoDraw = True
54.6486 	DATA 	Mouse: Left button down, pos=(623,571)
54.6650 	EXP 	Sound clickedSound started
54.6650 	EXP 	decisionQ_2: autoDraw = False
54.6650 	EXP 	first_left: autoDraw = False
54.6650 	EXP 	second_middle: autoDraw = False
54.6650 	EXP 	third_right: autoDraw = False
54.6650 	EXP 	First: autoDraw = False
54.6650 	EXP 	Second: autoDraw = False
54.6650 	EXP 	Third: autoDraw = False
54.7821 	DATA 	Mouse:  Left button up, pos=(623,571)
55.1639 	EXP 	Sound clickedSound stopped
55.1674 	EXP 	BlockBreak: autoDraw = True
55.8818 	EXP 	Created sequence: random, trialTypes=1, nReps=2, seed=None
55.8819 	EXP 	New trial (rep=0, index=0): None
56.0031 	DATA 	Keypress: space
56.1066 	EXP 	BlockBreak: autoDraw = False
56.1066 	EXP 	text_4: autoDraw = False
56.1066 	EXP 	fix: autoDraw = True
57.6641 	EXP 	Sound sound_pop started
57.6662 	EXP 	fix: autoDraw = False
57.6662 	EXP 	fix: autoDraw = False
57.6662 	EXP 	Triplet1: image = 'images/OBJ_154.png'
57.6662 	EXP 	Triplet2: image = 'images/OBJ_167.png'
57.6662 	EXP 	Triplet3: image = 'images/OBJ_101.png'
57.6662 	EXP 	Triplet1: autoDraw = True
58.0453 	EXP 	Sound sound_pop reached end of file
59.1803 	EXP 	Triplet1: autoDraw = False
59.6635 	EXP 	Sound sound_pop2 started
59.6635 	EXP 	Triplet2: autoDraw = True
60.0343 	EXP 	Sound sound_pop2 reached end of file
61.1631 	EXP 	Triplet2: autoDraw = False
61.6629 	EXP 	Sound sound_pop3 started
61.6629 	EXP 	Triplet3: autoDraw = True
62.0253 	EXP 	Sound sound_pop3 reached end of file
63.1625 	EXP 	Triplet3: autoDraw = False
63.1625 	EXP 	Triplet1: autoDraw = False
63.1625 	EXP 	Triplet2: autoDraw = False
63.1625 	EXP 	Triplet3: autoDraw = False
63.1625 	EXP 	Mask: autoDraw = True
64.7274 	EXP 	Sound sound_pop4 started
64.7205 	EXP 	Mask: autoDraw = False
64.7205 	EXP 	img1: image = 'images/OBJ_154.png'
64.7205 	EXP 	img2: image = 'images/OBJ_167.png'
64.7205 	EXP 	img3: image = 'images/OBJ_101.png'
64.7205 	EXP 	img1: autoDraw = True
65.0945 	EXP 	Sound sound_pop4 reached end of file
66.2269 	EXP 	img1: autoDraw = False
66.7115 	EXP 	Sound sound_pop5 started
66.7118 	EXP 	img2: autoDraw = True
67.0753 	EXP 	Sound sound_pop5 reached end of file
68.2110 	EXP 	img2: autoDraw = False
68.7107 	EXP 	Sound sound_pop6 started
68.7109 	EXP 	img3: autoDraw = True
69.0744 	EXP 	Sound sound_pop6 reached end of file
70.2104 	EXP 	img3: autoDraw = False
70.2104 	EXP 	img1: autoDraw = False
70.2104 	EXP 	img2: autoDraw = False
70.2104 	EXP 	img3: autoDraw = False
70.2104 	EXP 	text_2: autoDraw = True
71.2103 	EXP 	text_2: autoDraw = False
71.2103 	EXP 	text_2: autoDraw = False
71.2103 	EXP 	sameText: text = 'Same'
71.2103 	EXP 	diffText: text = 'Different'
71.2103 	EXP 	text: autoDraw = True
71.2103 	EXP 	sameText: autoDraw = True
71.2103 	EXP 	diffText: autoDraw = True
71.2103 	EXP 	leftCL: autoDraw = True
71.2103 	EXP 	rightCL: autoDraw = True
71.4619 	DATA 	Mouse: Left button down, pos=(408,149)
71.4933 	EXP 	Sound clickedSound started
71.4935 	EXP 	text: autoDraw = False
71.4935 	EXP 	sameText: autoDraw = False
71.4935 	EXP 	diffText: autoDraw = False
71.4935 	EXP 	leftCL: autoDraw = False
71.4935 	EXP 	rightCL: autoDraw = False
71.6103 	DATA 	Mouse:  Left button up, pos=(408,149)
71.9948 	EXP 	Sound clickedSound stopped
71.9952 	EXP 	New trial (rep=1, index=0): None
72.2267 	EXP 	fix: autoDraw = True
73.8260 	EXP 	Sound sound_pop started
73.8192 	EXP 	fix: autoDraw = False
73.8192 	EXP 	fix: autoDraw = False
73.8192 	EXP 	Triplet1: image = 'images/OBJ_163.png'
73.8192 	EXP 	Triplet2: image = 'images/OBJ_110.png'
73.8192 	EXP 	Triplet3: image = 'images/OBJ_171.png'
73.8192 	EXP 	Triplet1: autoDraw = True
74.1957 	EXP 	Sound sound_pop reached end of file
75.3254 	EXP 	Triplet1: autoDraw = False
75.8088 	EXP 	Sound sound_pop2 started
75.8088 	EXP 	Triplet2: autoDraw = True
76.1745 	EXP 	Sound sound_pop2 reached end of file
77.3084 	EXP 	Triplet2: autoDraw = False
77.8082 	EXP 	Sound sound_pop3 started
77.8082 	EXP 	Triplet3: autoDraw = True
78.1779 	EXP 	Sound sound_pop3 reached end of file
79.3078 	EXP 	Triplet3: autoDraw = False
79.3078 	EXP 	Triplet1: autoDraw = False
79.3078 	EXP 	Triplet2: autoDraw = False
79.3078 	EXP 	Triplet3: autoDraw = False
79.3078 	EXP 	Mask: autoDraw = True
80.9060 	EXP 	Sound sound_pop4 started
80.9076 	EXP 	Mask: autoDraw = False
80.9076 	EXP 	img1: image = 'images/OBJ_163.png'
80.9076 	EXP 	img2: image = 'images/OBJ_110.png'
80.9076 	EXP 	img3: image = 'images/OBJ_171.png'
80.9076 	EXP 	img1: autoDraw = True
81.2774 	EXP 	Sound sound_pop4 reached end of file
82.4236 	EXP 	img1: autoDraw = False
82.9066 	EXP 	Sound sound_pop5 started
82.9067 	EXP 	img2: autoDraw = True
83.2686 	EXP 	Sound sound_pop5 reached end of file
84.4060 	EXP 	img2: autoDraw = False
84.9060 	EXP 	Sound sound_pop6 started
84.9062 	EXP 	img3: autoDraw = True
85.2677 	EXP 	Sound sound_pop6 reached end of file
86.4058 	EXP 	img3: autoDraw = False
86.4058 	EXP 	img1: autoDraw = False
86.4058 	EXP 	img2: autoDraw = False
86.4058 	EXP 	img3: autoDraw = False
86.4058 	EXP 	text_2: autoDraw = True
87.4055 	EXP 	text_2: autoDraw = False
87.4055 	EXP 	text_2: autoDraw = False
87.4055 	EXP 	sameText: text = 'Same'
87.4055 	EXP 	diffText: text = 'Different'
87.4055 	EXP 	text: autoDraw = True
87.4055 	EXP 	sameText: autoDraw = True
87.4055 	EXP 	diffText: autoDraw = True
87.4055 	EXP 	leftCL: autoDraw = True
87.4055 	EXP 	rightCL: autoDraw = True
87.6557 	DATA 	Mouse: Left button down, pos=(430,181)
87.6721 	EXP 	Sound clickedSound started
87.6721 	EXP 	text: autoDraw = False
87.6721 	EXP 	sameText: autoDraw = False
87.6721 	EXP 	diffText: autoDraw = False
87.6721 	EXP 	leftCL: autoDraw = False
87.6721 	EXP 	rightCL: autoDraw = False
87.8056 	DATA 	Mouse:  Left button up, pos=(430,181)
88.1678 	EXP 	Sound clickedSound stopped
88.1684 	EXP 	Created sequence: random, trialTypes=1, nReps=2, seed=None
88.1685 	EXP 	New trial (rep=0, index=0): None
88.3917 	EXP 	New trial (rep=1, index=0): None
88.6113 	EXP 	Created sequence: random, trialTypes=1, nReps=2, seed=None
88.6114 	EXP 	New trial (rep=0, index=0): None
88.8544 	EXP 	Sound sound_pop7 started
88.8585 	EXP 	retIMG: image = 'images/OBJ_110.png'
88.8585 	EXP 	retIMG: autoDraw = True
89.2375 	EXP 	Sound sound_pop7 reached end of file
90.3713 	EXP 	retIMG: autoDraw = False
90.3713 	EXP 	retIMG: autoDraw = False
90.3713 	EXP 	question_text: autoDraw = True
91.3710 	EXP 	question_text: autoDraw = False
91.3710 	EXP 	question_text: autoDraw = False
91.3710 	EXP 	decisionQ_2: autoDraw = True
92.3541 	EXP 	first_left: autoDraw = True
92.3541 	EXP 	second_middle: autoDraw = True
92.3541 	EXP 	third_right: autoDraw = True
92.3541 	EXP 	First: autoDraw = True
92.3541 	EXP 	Second: autoDraw = True
92.3541 	EXP 	Third: autoDraw = True
92.7540 	DATA 	Mouse: Left button down, pos=(616,203)
92.7705 	EXP 	Sound clickedSound started
92.7705 	EXP 	decisionQ_2: autoDraw = False
92.7705 	EXP 	first_left: autoDraw = False
92.7705 	EXP 	second_middle: autoDraw = False
92.7705 	EXP 	third_right: autoDraw = False
92.7705 	EXP 	First: autoDraw = False
92.7705 	EXP 	Second: autoDraw = False
92.7705 	EXP 	Third: autoDraw = False
92.9208 	DATA 	Mouse:  Left button up, pos=(616,203)
93.2787 	EXP 	Sound clickedSound stopped
93.2878 	EXP 	New trial (rep=1, index=0): None
93.5366 	EXP 	Sound sound_pop7 started
93.5330 	EXP 	retIMG: image = 'images/OBJ_163.png'
93.5330 	EXP 	retIMG: autoDraw = True
93.9084 	EXP 	Sound sound_pop7 reached end of file
95.0366 	EXP 	retIMG: autoDraw = False
95.0366 	EXP 	retIMG: autoDraw = False
95.0366 	EXP 	question_text: autoDraw = True
96.0363 	EXP 	question_text: autoDraw = False
96.0363 	EXP 	question_text: autoDraw = False
96.0363 	EXP 	decisionQ_2: autoDraw = True
97.0193 	EXP 	first_left: autoDraw = True
97.0193 	EXP 	second_middle: autoDraw = True
97.0193 	EXP 	third_right: autoDraw = True
97.0193 	EXP 	First: autoDraw = True
97.0193 	EXP 	Second: autoDraw = True
97.0193 	EXP 	Third: autoDraw = True
97.6194 	DATA 	Mouse: Left button down, pos=(630,545)
97.6358 	EXP 	Sound clickedSound started
97.6359 	EXP 	decisionQ_2: autoDraw = False
97.6359 	EXP 	first_left: autoDraw = False
97.6359 	EXP 	second_middle: autoDraw = False
97.6359 	EXP 	third_right: autoDraw = False
97.6359 	EXP 	First: autoDraw = False
97.6359 	EXP 	Second: autoDraw = False
97.6359 	EXP 	Third: autoDraw = False
97.7695 	DATA 	Mouse:  Left button up, pos=(630,545)
98.1291 	EXP 	Sound clickedSound stopped
98.1430 	EXP 	end: autoDraw = True
103.1509 	EXP 	end: autoDraw = False
105.5884 	EXP 	window1: mouseVisible = True
105.5885 	EXP 	window1: mouseVisible = True
105.5886 	EXP 	window1: mouseVisible = True
105.5886 	EXP 	window1: mouseVisible = True
105.5886 	EXP 	window1: mouseVisible = True
105.5887 	EXP 	window1: mouseVisible = True
105.5887 	EXP 	window1: mouseVisible = True
105.5887 	EXP 	window1: mouseVisible = True
105.5888 	EXP 	window1: mouseVisible = True
105.5888 	EXP 	window1: mouseVisible = True
105.5888 	EXP 	window1: mouseVisible = True
105.5888 	EXP 	window1: mouseVisible = True
105.5889 	EXP 	window1: mouseVisible = True
105.5889 	EXP 	window1: mouseVisible = True
105.5889 	EXP 	window1: mouseVisible = True
105.5890 	EXP 	window1: mouseVisible = True
105.5890 	EXP 	window1: mouseVisible = True
105.5890 	EXP 	window1: mouseVisible = True
105.5890 	EXP 	window1: mouseVisible = True
105.5891 	EXP 	window1: mouseVisible = True
105.5891 	EXP 	window1: mouseVisible = True
105.5891 	EXP 	window1: mouseVisible = True
105.5892 	EXP 	window1: mouseVisible = True
105.5892 	EXP 	window1: mouseVisible = True
105.5892 	EXP 	window1: mouseVisible = True
105.5893 	EXP 	window1: mouseVisible = True
105.5893 	EXP 	window1: mouseVisible = True
105.5893 	EXP 	window1: mouseVisible = True
105.5893 	EXP 	window1: mouseVisible = True
105.5894 	EXP 	window1: mouseVisible = True
105.5894 	EXP 	window1: mouseVisible = True
105.5894 	EXP 	window1: mouseVisible = True
105.5895 	EXP 	window1: mouseVisible = True
105.5895 	EXP 	window1: mouseVisible = True
105.5895 	EXP 	window1: mouseVisible = True
105.5895 	EXP 	window1: mouseVisible = True
105.5896 	EXP 	window1: mouseVisible = True
105.5896 	EXP 	window1: mouseVisible = True
105.5896 	EXP 	window1: mouseVisible = True
105.5897 	EXP 	window1: mouseVisible = True
105.5897 	EXP 	window1: mouseVisible = True
105.5897 	EXP 	window1: mouseVisible = True
105.5897 	EXP 	window1: mouseVisible = True
105.5898 	EXP 	window1: mouseVisible = True
105.5898 	EXP 	window1: mouseVisible = True
105.5898 	EXP 	window1: mouseVisible = True
105.5899 	EXP 	window1: mouseVisible = True
105.5899 	EXP 	window1: mouseVisible = True
105.5899 	EXP 	window1: mouseVisible = True
105.5900 	EXP 	window1: mouseVisible = True
105.5900 	EXP 	window1: mouseVisible = True
105.5901 	EXP 	window1: mouseVisible = True
105.5901 	EXP 	window1: mouseVisible = True
105.5901 	EXP 	window1: mouseVisible = True
105.5902 	EXP 	window1: mouseVisible = True
105.5902 	EXP 	window1: mouseVisible = True
105.5902 	EXP 	window1: mouseVisible = True
105.5903 	EXP 	window1: mouseVisible = True
105.5903 	EXP 	window1: mouseVisible = True
105.5903 	EXP 	window1: mouseVisible = True
105.5903 	EXP 	window1: mouseVisible = True
105.5904 	EXP 	window1: mouseVisible = True
105.5904 	EXP 	window1: mouseVisible = True
105.5904 	EXP 	window1: mouseVisible = True
105.5905 	EXP 	window1: mouseVisible = True
105.5905 	EXP 	window1: mouseVisible = True
105.5905 	EXP 	window1: mouseVisible = True
105.5906 	EXP 	window1: mouseVisible = True
105.5906 	EXP 	window1: mouseVisible = True
105.5906 	EXP 	window1: mouseVisible = True
105.5906 	EXP 	window1: mouseVisible = True
105.5907 	EXP 	window1: mouseVisible = True
105.5907 	EXP 	window1: mouseVisible = True
105.5907 	EXP 	window1: mouseVisible = True
105.5908 	EXP 	window1: mouseVisible = True
105.5908 	EXP 	window1: mouseVisible = True
105.5908 	EXP 	window1: mouseVisible = True
105.5908 	EXP 	window1: mouseVisible = True
105.5909 	EXP 	window1: mouseVisible = True
105.5909 	EXP 	window1: mouseVisible = True
105.5909 	EXP 	window1: mouseVisible = True
105.5910 	EXP 	window1: mouseVisible = True
105.5910 	EXP 	window1: mouseVisible = True
105.5910 	EXP 	window1: mouseVisible = True
105.5911 	EXP 	window1: mouseVisible = True
105.5911 	EXP 	window1: mouseVisible = True
105.5911 	EXP 	window1: mouseVisible = True
105.5911 	EXP 	window1: mouseVisible = True
105.5912 	EXP 	window1: mouseVisible = True
105.5912 	EXP 	window1: mouseVisible = True
105.5912 	EXP 	window1: mouseVisible = True
105.5913 	EXP 	window1: mouseVisible = True
105.5913 	EXP 	window1: mouseVisible = True
105.5913 	EXP 	window1: mouseVisible = True
105.5914 	EXP 	window1: mouseVisible = True
105.5914 	EXP 	window1: mouseVisible = True
105.5914 	EXP 	window1: mouseVisible = True
105.5914 	EXP 	window1: mouseVisible = True
105.5915 	EXP 	window1: mouseVisible = True
105.5915 	EXP 	window1: mouseVisible = True
105.5915 	EXP 	window1: mouseVisible = True
105.5916 	EXP 	window1: mouseVisible = True
105.5916 	EXP 	window1: mouseVisible = True
105.5916 	EXP 	window1: mouseVisible = True
105.5917 	EXP 	window1: mouseVisible = True
105.5917 	EXP 	window1: mouseVisible = True
105.5917 	EXP 	window1: mouseVisible = True
105.5917 	EXP 	window1: mouseVisible = True
105.5918 	EXP 	window1: mouseVisible = True
105.5918 	EXP 	window1: mouseVisible = True
105.5918 	EXP 	window1: mouseVisible = True
105.5919 	EXP 	window1: mouseVisible = True
105.5919 	EXP 	window1: mouseVisible = True
105.5919 	EXP 	window1: mouseVisible = True
105.5920 	EXP 	window1: mouseVisible = True
105.5920 	EXP 	window1: mouseVisible = True
105.5920 	EXP 	window1: mouseVisible = True
105.5920 	EXP 	window1: mouseVisible = True
105.5921 	EXP 	window1: mouseVisible = True
105.5921 	EXP 	window1: mouseVisible = True
105.5921 	EXP 	window1: mouseVisible = True
105.5922 	EXP 	window1: mouseVisible = True
105.5922 	EXP 	window1: mouseVisible = True
105.5922 	EXP 	window1: mouseVisible = True
105.5922 	EXP 	window1: mouseVisible = True
105.5923 	EXP 	window1: mouseVisible = True
105.5923 	EXP 	window1: mouseVisible = True
105.5923 	EXP 	window1: mouseVisible = True
105.5924 	EXP 	window1: mouseVisible = True
105.5924 	EXP 	window1: mouseVisible = True
105.5924 	EXP 	window1: mouseVisible = True
105.5925 	EXP 	window1: mouseVisible = True
105.5925 	EXP 	window1: mouseVisible = True
105.5925 	EXP 	window1: mouseVisible = True
105.5925 	EXP 	window1: mouseVisible = True
105.5926 	EXP 	window1: mouseVisible = True
105.5926 	EXP 	window1: mouseVisible = True
105.5926 	EXP 	window1: mouseVisible = True
105.5927 	EXP 	window1: mouseVisible = True
105.5927 	EXP 	window1: mouseVisible = True
105.5927 	EXP 	window1: mouseVisible = True
105.5927 	EXP 	window1: mouseVisible = True
105.5928 	EXP 	window1: mouseVisible = True
105.5928 	EXP 	window1: mouseVisible = True
105.5928 	EXP 	window1: mouseVisible = True
105.5929 	EXP 	window1: mouseVisible = True
105.5929 	EXP 	window1: mouseVisible = True
105.5930 	EXP 	window1: mouseVisible = True
105.5930 	EXP 	window1: mouseVisible = True
105.5930 	EXP 	window1: mouseVisible = True
105.5931 	EXP 	window1: mouseVisible = True
105.5931 	EXP 	window1: mouseVisible = True
105.5931 	EXP 	window1: mouseVisible = True
105.5931 	EXP 	window1: mouseVisible = True
105.5932 	EXP 	window1: mouseVisible = True
105.5932 	EXP 	window1: mouseVisible = True
105.5932 	EXP 	window1: mouseVisible = True
105.5933 	EXP 	window1: mouseVisible = True
105.5933 	EXP 	window1: mouseVisible = True
105.5933 	EXP 	window1: mouseVisible = True
105.5934 	EXP 	window1: mouseVisible = True
105.5934 	EXP 	window1: mouseVisible = True
105.5934 	EXP 	window1: mouseVisible = True
105.5934 	EXP 	window1: mouseVisible = True
105.5935 	EXP 	window1: mouseVisible = True
105.5935 	EXP 	window1: mouseVisible = True
105.5935 	EXP 	window1: mouseVisible = True
105.5936 	EXP 	window1: mouseVisible = True
105.5936 	EXP 	window1: mouseVisible = True
105.5936 	EXP 	window1: mouseVisible = True
105.5937 	EXP 	window1: mouseVisible = True
105.5937 	EXP 	window1: mouseVisible = True
105.5937 	EXP 	window1: mouseVisible = True
105.5937 	EXP 	window1: mouseVisible = True
105.5938 	EXP 	window1: mouseVisible = True
105.5938 	EXP 	window1: mouseVisible = True
105.5938 	EXP 	window1: mouseVisible = True
105.5939 	EXP 	window1: mouseVisible = True
105.5939 	EXP 	window1: mouseVisible = True
105.5939 	EXP 	window1: mouseVisible = True
105.5939 	EXP 	window1: mouseVisible = True
105.5940 	EXP 	window1: mouseVisible = True
105.5940 	EXP 	window1: mouseVisible = True
105.5940 	EXP 	window1: mouseVisible = True
105.5941 	EXP 	window1: mouseVisible = True
105.5941 	EXP 	window1: mouseVisible = True
105.5941 	EXP 	window1: mouseVisible = True
105.5942 	EXP 	window1: mouseVisible = True
105.5942 	EXP 	window1: mouseVisible = True
105.5942 	EXP 	window1: mouseVisible = True
105.5942 	EXP 	window1: mouseVisible = True
105.5943 	EXP 	window1: mouseVisible = True
105.5943 	EXP 	window1: mouseVisible = True
105.5943 	EXP 	window1: mouseVisible = True
105.5944 	EXP 	window1: mouseVisible = True
105.5944 	EXP 	window1: mouseVisible = True
105.5944 	EXP 	window1: mouseVisible = True
105.5944 	EXP 	window1: mouseVisible = True
105.5945 	EXP 	window1: mouseVisible = True
105.5945 	EXP 	window1: mouseVisible = True
105.5945 	EXP 	window1: mouseVisible = True
105.5946 	EXP 	window1: mouseVisible = True
105.5946 	EXP 	window1: mouseVisible = True
105.5946 	EXP 	window1: mouseVisible = True
105.5947 	EXP 	window1: mouseVisible = True
105.5947 	EXP 	window1: mouseVisible = True
105.5947 	EXP 	window1: mouseVisible = True
105.5947 	EXP 	window1: mouseVisible = True
105.5948 	EXP 	window1: mouseVisible = True
105.5948 	EXP 	window1: mouseVisible = True
105.5948 	EXP 	window1: mouseVisible = True
105.5949 	EXP 	window1: mouseVisible = True
105.5949 	EXP 	window1: mouseVisible = True
105.5949 	EXP 	window1: mouseVisible = True
105.5949 	EXP 	window1: mouseVisible = True
105.5950 	EXP 	window1: mouseVisible = True
105.5950 	EXP 	window1: mouseVisible = True
105.5950 	EXP 	window1: mouseVisible = True
105.5951 	EXP 	window1: mouseVisible = True
105.5951 	EXP 	window1: mouseVisible = True
105.5951 	EXP 	window1: mouseVisible = True
105.5951 	EXP 	window1: mouseVisible = True
105.5952 	EXP 	window1: mouseVisible = True
105.5952 	EXP 	window1: mouseVisible = True
105.5952 	EXP 	window1: mouseVisible = True
105.5953 	EXP 	window1: mouseVisible = True
105.5953 	EXP 	window1: mouseVisible = True
105.5953 	EXP 	window1: mouseVisible = True
105.5954 	EXP 	window1: mouseVisible = True
105.5954 	EXP 	window1: mouseVisible = True
105.5954 	EXP 	window1: mouseVisible = True
105.5954 	EXP 	window1: mouseVisible = True
105.5955 	EXP 	window1: mouseVisible = True
105.5955 	EXP 	window1: mouseVisible = True
105.5955 	EXP 	window1: mouseVisible = True
105.5956 	EXP 	window1: mouseVisible = True
105.5956 	EXP 	window1: mouseVisible = True
105.5956 	EXP 	window1: mouseVisible = True
105.5956 	EXP 	window1: mouseVisible = True
105.5957 	EXP 	window1: mouseVisible = True
105.5957 	EXP 	window1: mouseVisible = True
105.5957 	EXP 	window1: mouseVisible = True
105.5958 	EXP 	window1: mouseVisible = True
105.5958 	EXP 	window1: mouseVisible = True
105.5958 	EXP 	window1: mouseVisible = True
105.5959 	EXP 	window1: mouseVisible = True
105.5959 	EXP 	window1: mouseVisible = True
105.5959 	EXP 	window1: mouseVisible = True
105.5959 	EXP 	window1: mouseVisible = True
105.5960 	EXP 	window1: mouseVisible = True
105.5960 	EXP 	window1: mouseVisible = True
105.5960 	EXP 	window1: mouseVisible = True
105.5961 	EXP 	window1: mouseVisible = True
105.5961 	EXP 	window1: mouseVisible = True
105.5961 	EXP 	window1: mouseVisible = True
105.5962 	EXP 	window1: mouseVisible = True
105.5962 	EXP 	window1: mouseVisible = True
105.5962 	EXP 	window1: mouseVisible = True
105.5962 	EXP 	window1: mouseVisible = True
105.5963 	EXP 	window1: mouseVisible = True
105.5963 	EXP 	window1: mouseVisible = True
105.5963 	EXP 	window1: mouseVisible = True
105.5964 	EXP 	window1: mouseVisible = True
105.5964 	EXP 	window1: mouseVisible = True
105.5964 	EXP 	window1: mouseVisible = True
105.5965 	EXP 	window1: mouseVisible = True
105.5965 	EXP 	window1: mouseVisible = True
105.5965 	EXP 	window1: mouseVisible = True
105.5966 	EXP 	window1: mouseVisible = True
105.5966 	EXP 	window1: mouseVisible = True
105.5966 	EXP 	window1: mouseVisible = True
105.5967 	EXP 	window1: mouseVisible = True
105.5967 	EXP 	window1: mouseVisible = True
105.5967 	EXP 	window1: mouseVisible = True
105.5967 	EXP 	window1: mouseVisible = True
105.5968 	EXP 	window1: mouseVisible = True
105.5968 	EXP 	window1: mouseVisible = True
105.5968 	EXP 	window1: mouseVisible = True
105.5969 	EXP 	window1: mouseVisible = True
105.5969 	EXP 	window1: mouseVisible = True
105.5969 	EXP 	window1: mouseVisible = True
105.5969 	EXP 	window1: mouseVisible = True
105.5970 	EXP 	window1: mouseVisible = True
105.5970 	EXP 	window1: mouseVisible = True
105.5970 	EXP 	window1: mouseVisible = True
105.5971 	EXP 	window1: mouseVisible = True
105.5971 	EXP 	window1: mouseVisible = True
105.5971 	EXP 	window1: mouseVisible = True
105.5972 	EXP 	window1: mouseVisible = True
105.5972 	EXP 	window1: mouseVisible = True
105.5972 	EXP 	window1: mouseVisible = True
105.5972 	EXP 	window1: mouseVisible = True
105.5973 	EXP 	window1: mouseVisible = True
105.5973 	EXP 	window1: mouseVisible = True
105.5973 	EXP 	window1: mouseVisible = True
105.5974 	EXP 	window1: mouseVisible = True
105.5974 	EXP 	window1: mouseVisible = True
105.5974 	EXP 	window1: mouseVisible = True
105.5975 	EXP 	window1: mouseVisible = True
105.5975 	EXP 	window1: mouseVisible = True
105.5975 	EXP 	window1: mouseVisible = True
105.5975 	EXP 	window1: mouseVisible = True
105.5976 	EXP 	window1: mouseVisible = True
105.5976 	EXP 	window1: mouseVisible = True
105.5977 	EXP 	window1: mouseVisible = True
105.5977 	EXP 	window1: mouseVisible = True
105.5977 	EXP 	window1: mouseVisible = True
105.5978 	EXP 	window1: mouseVisible = True
105.5978 	EXP 	window1: mouseVisible = True
105.5978 	EXP 	window1: mouseVisible = True
105.5979 	EXP 	window1: mouseVisible = True
105.5979 	EXP 	window1: mouseVisible = True
105.5979 	EXP 	window1: mouseVisible = True
105.5980 	EXP 	window1: mouseVisible = True
105.5980 	EXP 	window1: mouseVisible = True
105.5980 	EXP 	window1: mouseVisible = True
105.5980 	EXP 	window1: mouseVisible = True
105.5981 	EXP 	window1: mouseVisible = True
105.5981 	EXP 	window1: mouseVisible = True
105.5981 	EXP 	window1: mouseVisible = True
105.5982 	EXP 	window1: mouseVisible = True
105.5982 	EXP 	window1: mouseVisible = True
105.5982 	EXP 	window1: mouseVisible = True
105.5983 	EXP 	window1: mouseVisible = True
105.5983 	EXP 	window1: mouseVisible = True
105.5983 	EXP 	window1: mouseVisible = True
105.5983 	EXP 	window1: mouseVisible = True
105.5984 	EXP 	window1: mouseVisible = True
105.5984 	EXP 	window1: mouseVisible = True
105.5984 	EXP 	window1: mouseVisible = True
105.5985 	EXP 	window1: mouseVisible = True
105.5985 	EXP 	window1: mouseVisible = True
105.5985 	EXP 	window1: mouseVisible = True
105.5986 	EXP 	window1: mouseVisible = True
105.5986 	EXP 	window1: mouseVisible = True
105.5986 	EXP 	window1: mouseVisible = True
105.5986 	EXP 	window1: mouseVisible = True
105.5987 	EXP 	window1: mouseVisible = True
105.5987 	EXP 	window1: mouseVisible = True
105.5987 	EXP 	window1: mouseVisible = True
105.5988 	EXP 	window1: mouseVisible = True
105.5988 	EXP 	window1: mouseVisible = True
105.5988 	EXP 	window1: mouseVisible = True
105.5989 	EXP 	window1: mouseVisible = True
105.5989 	EXP 	window1: mouseVisible = True
105.5989 	EXP 	window1: mouseVisible = True
105.5990 	EXP 	window1: mouseVisible = True
105.5990 	EXP 	window1: mouseVisible = True
105.5990 	EXP 	window1: mouseVisible = True
105.5990 	EXP 	window1: mouseVisible = True
105.5991 	EXP 	window1: mouseVisible = True
105.5991 	EXP 	window1: mouseVisible = True
105.5991 	EXP 	window1: mouseVisible = True
105.5992 	EXP 	window1: mouseVisible = True
105.5992 	EXP 	window1: mouseVisible = True
105.5992 	EXP 	window1: mouseVisible = True
105.5993 	EXP 	window1: mouseVisible = True
105.5993 	EXP 	window1: mouseVisible = True
105.5993 	EXP 	window1: mouseVisible = True
105.5993 	EXP 	window1: mouseVisible = True
105.5994 	EXP 	window1: mouseVisible = True
105.5994 	EXP 	window1: mouseVisible = True
105.5994 	EXP 	window1: mouseVisible = True
105.5995 	EXP 	window1: mouseVisible = True
105.5995 	EXP 	window1: mouseVisible = True
105.5995 	EXP 	window1: mouseVisible = True
105.5996 	EXP 	window1: mouseVisible = True
105.5996 	EXP 	window1: mouseVisible = True
105.5996 	EXP 	window1: mouseVisible = True
105.5997 	EXP 	window1: mouseVisible = True
105.5997 	EXP 	window1: mouseVisible = True
105.5997 	EXP 	window1: mouseVisible = True
105.5997 	EXP 	window1: mouseVisible = True
105.5998 	EXP 	window1: mouseVisible = True
105.5998 	EXP 	window1: mouseVisible = True
105.5998 	EXP 	window1: mouseVisible = True
105.5999 	EXP 	window1: mouseVisible = True
105.5999 	EXP 	window1: mouseVisible = True
105.5999 	EXP 	window1: mouseVisible = True
105.6000 	EXP 	window1: mouseVisible = True
105.6000 	EXP 	window1: mouseVisible = True
105.6000 	EXP 	window1: mouseVisible = True
105.6001 	EXP 	window1: mouseVisible = True
105.6001 	EXP 	window1: mouseVisible = True
105.6001 	EXP 	window1: mouseVisible = True
105.6001 	EXP 	window1: mouseVisible = True
105.6002 	EXP 	window1: mouseVisible = True
105.6002 	EXP 	window1: mouseVisible = True
105.6002 	EXP 	window1: mouseVisible = True
105.6003 	EXP 	window1: mouseVisible = True
105.6003 	EXP 	window1: mouseVisible = True
105.6003 	EXP 	window1: mouseVisible = True
105.6004 	EXP 	window1: mouseVisible = True
105.6004 	EXP 	window1: mouseVisible = True
105.6004 	EXP 	window1: mouseVisible = True
105.6005 	EXP 	window1: mouseVisible = True
105.6005 	EXP 	window1: mouseVisible = True
105.6005 	EXP 	window1: mouseVisible = True
105.6005 	EXP 	window1: mouseVisible = True
105.6006 	EXP 	window1: mouseVisible = True
105.6006 	EXP 	window1: mouseVisible = True
105.6006 	EXP 	window1: mouseVisible = True
105.6007 	EXP 	window1: mouseVisible = True
105.6007 	EXP 	window1: mouseVisible = True
105.6007 	EXP 	window1: mouseVisible = True
105.6008 	EXP 	window1: mouseVisible = True
105.6008 	EXP 	window1: mouseVisible = True
105.6008 	EXP 	window1: mouseVisible = True
105.6008 	EXP 	window1: mouseVisible = True
105.6009 	EXP 	window1: mouseVisible = True
105.6009 	EXP 	window1: mouseVisible = True
105.6009 	EXP 	window1: mouseVisible = True
105.6010 	EXP 	window1: mouseVisible = True
105.6010 	EXP 	window1: mouseVisible = True
105.6010 	EXP 	window1: mouseVisible = True
105.6011 	EXP 	window1: mouseVisible = True
105.6011 	EXP 	window1: mouseVisible = True
105.6011 	EXP 	window1: mouseVisible = True
105.6011 	EXP 	window1: mouseVisible = True
105.6012 	EXP 	window1: mouseVisible = True
105.6012 	EXP 	window1: mouseVisible = True
105.6012 	EXP 	window1: mouseVisible = True
105.6013 	EXP 	window1: mouseVisible = True
105.6013 	EXP 	window1: mouseVisible = True
105.6013 	EXP 	window1: mouseVisible = True
105.6014 	EXP 	window1: mouseVisible = True
105.6014 	EXP 	window1: mouseVisible = True
105.6014 	EXP 	window1: mouseVisible = True
105.6014 	EXP 	window1: mouseVisible = True
105.6015 	EXP 	window1: mouseVisible = True
105.6015 	EXP 	window1: mouseVisible = True
105.6015 	EXP 	window1: mouseVisible = True
105.6016 	EXP 	window1: mouseVisible = True
105.6016 	EXP 	window1: mouseVisible = True
105.6016 	EXP 	window1: mouseVisible = True
105.6016 	EXP 	window1: mouseVisible = True
105.6017 	EXP 	window1: mouseVisible = True
105.6017 	EXP 	window1: mouseVisible = True
105.6017 	EXP 	window1: mouseVisible = True
105.6018 	EXP 	window1: mouseVisible = True
105.6018 	EXP 	window1: mouseVisible = True
105.6018 	EXP 	window1: mouseVisible = True
105.6019 	EXP 	window1: mouseVisible = True
105.6019 	EXP 	window1: mouseVisible = True
105.6019 	EXP 	window1: mouseVisible = True
105.6019 	EXP 	window1: mouseVisible = True
105.6020 	EXP 	window1: mouseVisible = True
105.6020 	EXP 	window1: mouseVisible = True
105.6020 	EXP 	window1: mouseVisible = True
105.6021 	EXP 	window1: mouseVisible = True
105.6021 	EXP 	window1: mouseVisible = True
105.6022 	EXP 	window1: mouseVisible = True
105.6022 	EXP 	window1: mouseVisible = True
105.6022 	EXP 	window1: mouseVisible = True
105.6023 	EXP 	window1: mouseVisible = True
105.6023 	EXP 	window1: mouseVisible = True
105.6023 	EXP 	window1: mouseVisible = True
105.6024 	EXP 	window1: mouseVisible = True
105.6024 	EXP 	window1: mouseVisible = True
105.6028 	EXP 	window1: mouseVisible = True
105.6028 	EXP 	window1: mouseVisible = True
105.6029 	EXP 	window1: mouseVisible = True
105.6029 	EXP 	window1: mouseVisible = True
105.6029 	EXP 	window1: mouseVisible = True
105.6030 	EXP 	window1: mouseVisible = True
105.6030 	EXP 	window1: mouseVisible = True
105.6030 	EXP 	window1: mouseVisible = True
105.6031 	EXP 	window1: mouseVisible = True
105.6031 	EXP 	window1: mouseVisible = True
105.6031 	EXP 	window1: mouseVisible = True
105.6032 	EXP 	window1: mouseVisible = True
105.6032 	EXP 	window1: mouseVisible = True
105.6032 	EXP 	window1: mouseVisible = True
105.6033 	EXP 	window1: mouseVisible = True
105.6033 	EXP 	window1: mouseVisible = True
105.6033 	EXP 	window1: mouseVisible = True
105.6033 	EXP 	window1: mouseVisible = True
105.6034 	EXP 	window1: mouseVisible = True
105.6034 	EXP 	window1: mouseVisible = True
105.6034 	EXP 	window1: mouseVisible = True
105.6035 	EXP 	window1: mouseVisible = True
105.6035 	EXP 	window1: mouseVisible = True
105.6035 	EXP 	window1: mouseVisible = True
105.6036 	EXP 	window1: mouseVisible = True
105.6036 	EXP 	window1: mouseVisible = True
105.6036 	EXP 	window1: mouseVisible = True
105.6037 	EXP 	window1: mouseVisible = True
105.6037 	EXP 	window1: mouseVisible = True
105.6037 	EXP 	window1: mouseVisible = True
105.6037 	EXP 	window1: mouseVisible = True
105.6038 	EXP 	window1: mouseVisible = True
105.6038 	EXP 	window1: mouseVisible = True
105.6038 	EXP 	window1: mouseVisible = True
105.6039 	EXP 	window1: mouseVisible = True
105.6039 	EXP 	window1: mouseVisible = True
105.6039 	EXP 	window1: mouseVisible = True
105.6040 	EXP 	window1: mouseVisible = True
105.6040 	EXP 	window1: mouseVisible = True
105.6040 	EXP 	window1: mouseVisible = True
105.6040 	EXP 	window1: mouseVisible = True
105.6041 	EXP 	window1: mouseVisible = True
105.6041 	EXP 	window1: mouseVisible = True
105.6041 	EXP 	window1: mouseVisible = True
105.6042 	EXP 	window1: mouseVisible = True
105.6042 	EXP 	window1: mouseVisible = True
105.6042 	EXP 	window1: mouseVisible = True
105.6043 	EXP 	window1: mouseVisible = True
105.6043 	EXP 	window1: mouseVisible = True
105.6043 	EXP 	window1: mouseVisible = True
105.6044 	EXP 	window1: mouseVisible = True
105.6044 	EXP 	window1: mouseVisible = True
105.6044 	EXP 	window1: mouseVisible = True
105.6044 	EXP 	window1: mouseVisible = True
105.6045 	EXP 	window1: mouseVisible = True
105.6045 	EXP 	window1: mouseVisible = True
105.6045 	EXP 	window1: mouseVisible = True
105.6046 	EXP 	window1: mouseVisible = True
105.6046 	EXP 	window1: mouseVisible = True
105.6046 	EXP 	window1: mouseVisible = True
105.6047 	EXP 	window1: mouseVisible = True
105.6047 	EXP 	window1: mouseVisible = True
105.6047 	EXP 	window1: mouseVisible = True
105.6047 	EXP 	window1: mouseVisible = True
105.6048 	EXP 	window1: mouseVisible = True
105.6048 	EXP 	window1: mouseVisible = True
105.6048 	EXP 	window1: mouseVisible = True
105.6049 	EXP 	window1: mouseVisible = True
105.6049 	EXP 	window1: mouseVisible = True
105.6049 	EXP 	window1: mouseVisible = True
105.6050 	EXP 	window1: mouseVisible = True
105.6050 	EXP 	window1: mouseVisible = True
105.6050 	EXP 	window1: mouseVisible = True
105.6050 	EXP 	window1: mouseVisible = True
105.6051 	EXP 	window1: mouseVisible = True
105.6051 	EXP 	window1: mouseVisible = True
105.6051 	EXP 	window1: mouseVisible = True
105.6052 	EXP 	window1: mouseVisible = True
105.6052 	EXP 	window1: mouseVisible = True
105.6052 	EXP 	window1: mouseVisible = True
105.6053 	EXP 	window1: mouseVisible = True
105.6053 	EXP 	window1: mouseVisible = True
105.6053 	EXP 	window1: mouseVisible = True
105.6053 	EXP 	window1: mouseVisible = True
105.6054 	EXP 	window1: mouseVisible = True
105.6054 	EXP 	window1: mouseVisible = True
105.6055 	EXP 	window1: mouseVisible = True
105.6055 	EXP 	window1: mouseVisible = True
105.6055 	EXP 	window1: mouseVisible = True
105.6056 	EXP 	window1: mouseVisible = True
105.6056 	EXP 	window1: mouseVisible = True
105.6056 	EXP 	window1: mouseVisible = True
105.6057 	EXP 	window1: mouseVisible = True
105.6057 	EXP 	window1: mouseVisible = True
105.6057 	EXP 	window1: mouseVisible = True
105.6057 	EXP 	window1: mouseVisible = True
105.6058 	EXP 	window1: mouseVisible = True
105.6058 	EXP 	window1: mouseVisible = True
105.6058 	EXP 	window1: mouseVisible = True
105.6059 	EXP 	window1: mouseVisible = True
105.6059 	EXP 	window1: mouseVisible = True
105.6059 	EXP 	window1: mouseVisible = True
105.6060 	EXP 	window1: mouseVisible = True
105.6060 	EXP 	window1: mouseVisible = True
105.6060 	EXP 	window1: mouseVisible = True
105.6060 	EXP 	window1: mouseVisible = True
105.6061 	EXP 	window1: mouseVisible = True
105.6061 	EXP 	window1: mouseVisible = True
105.6061 	EXP 	window1: mouseVisible = True
105.6062 	EXP 	window1: mouseVisible = True
105.6062 	EXP 	window1: mouseVisible = True
105.6062 	EXP 	window1: mouseVisible = True
105.6063 	EXP 	window1: mouseVisible = True
105.6063 	EXP 	window1: mouseVisible = True
105.6063 	EXP 	window1: mouseVisible = True
105.6064 	EXP 	window1: mouseVisible = True
105.6064 	EXP 	window1: mouseVisible = True
105.6064 	EXP 	window1: mouseVisible = True
105.6064 	EXP 	window1: mouseVisible = True
105.6065 	EXP 	window1: mouseVisible = True
105.6065 	EXP 	window1: mouseVisible = True
105.6065 	EXP 	window1: mouseVisible = True
105.6066 	EXP 	window1: mouseVisible = True
105.6066 	EXP 	window1: mouseVisible = True
105.6066 	EXP 	window1: mouseVisible = True
105.6066 	EXP 	window1: mouseVisible = True
105.6067 	EXP 	window1: mouseVisible = True
105.6067 	EXP 	window1: mouseVisible = True
105.6067 	EXP 	window1: mouseVisible = True
105.6068 	EXP 	window1: mouseVisible = True
105.6068 	EXP 	window1: mouseVisible = True
105.6068 	EXP 	window1: mouseVisible = True
105.6069 	EXP 	window1: mouseVisible = True
105.6069 	EXP 	window1: mouseVisible = True
105.6069 	EXP 	window1: mouseVisible = True
105.6069 	EXP 	window1: mouseVisible = True
105.6070 	EXP 	window1: mouseVisible = True
105.6070 	EXP 	window1: mouseVisible = True
105.6070 	EXP 	window1: mouseVisible = True
105.6071 	EXP 	window1: mouseVisible = True
105.6071 	EXP 	window1: mouseVisible = True
105.6071 	EXP 	window1: mouseVisible = True
105.6072 	EXP 	window1: mouseVisible = True
105.6072 	EXP 	window1: mouseVisible = True
105.6072 	EXP 	window1: mouseVisible = True
105.6073 	EXP 	window1: mouseVisible = True
105.6073 	EXP 	window1: mouseVisible = True
105.6073 	EXP 	window1: mouseVisible = True
105.6073 	EXP 	window1: mouseVisible = True
105.6074 	EXP 	window1: mouseVisible = True
105.6074 	EXP 	window1: mouseVisible = True
105.6074 	EXP 	window1: mouseVisible = True
105.6075 	EXP 	window1: mouseVisible = True
105.6075 	EXP 	window1: mouseVisible = True
105.6075 	EXP 	window1: mouseVisible = True
105.6076 	EXP 	window1: mouseVisible = True
105.6076 	EXP 	window1: mouseVisible = True
105.6076 	EXP 	window1: mouseVisible = True
105.6077 	EXP 	window1: mouseVisible = True
105.6077 	EXP 	window1: mouseVisible = True
105.6077 	EXP 	window1: mouseVisible = True
105.6078 	EXP 	window1: mouseVisible = True
105.6078 	EXP 	window1: mouseVisible = True
105.6078 	EXP 	window1: mouseVisible = True
105.6079 	EXP 	window1: mouseVisible = True
105.6079 	EXP 	window1: mouseVisible = True
105.6079 	EXP 	window1: mouseVisible = True
105.6080 	EXP 	window1: mouseVisible = True
105.6080 	EXP 	window1: mouseVisible = True
105.6080 	EXP 	window1: mouseVisible = True
105.6080 	EXP 	window1: mouseVisible = True
105.6081 	EXP 	window1: mouseVisible = True
105.6081 	EXP 	window1: mouseVisible = True
105.6081 	EXP 	window1: mouseVisible = True
105.6082 	EXP 	window1: mouseVisible = True
105.6082 	EXP 	window1: mouseVisible = True
105.6082 	EXP 	window1: mouseVisible = True
105.6083 	EXP 	window1: mouseVisible = True
105.6083 	EXP 	window1: mouseVisible = True
105.6083 	EXP 	window1: mouseVisible = True
105.6084 	EXP 	window1: mouseVisible = True
105.6084 	EXP 	window1: mouseVisible = True
105.6084 	EXP 	window1: mouseVisible = True
105.6085 	EXP 	window1: mouseVisible = True
105.6085 	EXP 	window1: mouseVisible = True
105.6085 	EXP 	window1: mouseVisible = True
105.6086 	EXP 	window1: mouseVisible = True
105.6086 	EXP 	window1: mouseVisible = True
105.6086 	EXP 	window1: mouseVisible = True
105.6087 	EXP 	window1: mouseVisible = True
105.6087 	EXP 	window1: mouseVisible = True
105.6087 	EXP 	window1: mouseVisible = True
105.6087 	EXP 	window1: mouseVisible = True
105.6088 	EXP 	window1: mouseVisible = True
105.6088 	EXP 	window1: mouseVisible = True
105.6088 	EXP 	window1: mouseVisible = True
105.6089 	EXP 	window1: mouseVisible = True
105.6089 	EXP 	window1: mouseVisible = True
105.6089 	EXP 	window1: mouseVisible = True
105.6090 	EXP 	window1: mouseVisible = True
105.6090 	EXP 	window1: mouseVisible = True
105.6090 	EXP 	window1: mouseVisible = True
105.6090 	EXP 	window1: mouseVisible = True
105.6091 	EXP 	window1: mouseVisible = True
105.6091 	EXP 	window1: mouseVisible = True
105.6091 	EXP 	window1: mouseVisible = True
105.6092 	EXP 	window1: mouseVisible = True
105.6092 	EXP 	window1: mouseVisible = True
105.6092 	EXP 	window1: mouseVisible = True
105.6093 	EXP 	window1: mouseVisible = True
105.6093 	EXP 	window1: mouseVisible = True
105.6093 	EXP 	window1: mouseVisible = True
105.6093 	EXP 	window1: mouseVisible = True
105.6094 	EXP 	window1: mouseVisible = True
105.6094 	EXP 	window1: mouseVisible = True
105.6094 	EXP 	window1: mouseVisible = True
105.6095 	EXP 	window1: mouseVisible = True
105.6095 	EXP 	window1: mouseVisible = True
105.6095 	EXP 	window1: mouseVisible = True
105.6096 	EXP 	window1: mouseVisible = True
105.6096 	EXP 	window1: mouseVisible = True
105.6096 	EXP 	window1: mouseVisible = True
105.6096 	EXP 	window1: mouseVisible = True
105.6097 	EXP 	window1: mouseVisible = True
105.6097 	EXP 	window1: mouseVisible = True
105.6097 	EXP 	window1: mouseVisible = True
105.6098 	EXP 	window1: mouseVisible = True
105.6098 	EXP 	window1: mouseVisible = True
105.6098 	EXP 	window1: mouseVisible = True
105.6099 	EXP 	window1: mouseVisible = True
105.6099 	EXP 	window1: mouseVisible = True
105.6099 	EXP 	window1: mouseVisible = True
105.6100 	EXP 	window1: mouseVisible = True
105.6100 	EXP 	window1: mouseVisible = True
105.6100 	EXP 	window1: mouseVisible = True
105.6100 	EXP 	window1: mouseVisible = True
105.6101 	EXP 	window1: mouseVisible = True
105.6101 	EXP 	window1: mouseVisible = True
105.6101 	EXP 	window1: mouseVisible = True
105.6102 	EXP 	window1: mouseVisible = True
105.6102 	EXP 	window1: mouseVisible = True
105.6102 	EXP 	window1: mouseVisible = True
105.6103 	EXP 	window1: mouseVisible = True
105.6103 	EXP 	window1: mouseVisible = True
105.6103 	EXP 	window1: mouseVisible = True
105.6103 	EXP 	window1: mouseVisible = True
105.6104 	EXP 	window1: mouseVisible = True
105.6104 	EXP 	window1: mouseVisible = True
105.6104 	EXP 	window1: mouseVisible = True
105.6105 	EXP 	window1: mouseVisible = True
105.6105 	EXP 	window1: mouseVisible = True
105.6105 	EXP 	window1: mouseVisible = True
105.6106 	EXP 	window1: mouseVisible = True
105.6106 	EXP 	window1: mouseVisible = True
105.6106 	EXP 	window1: mouseVisible = True
105.6107 	EXP 	window1: mouseVisible = True
105.6107 	EXP 	window1: mouseVisible = True
105.6107 	EXP 	window1: mouseVisible = True
105.6107 	EXP 	window1: mouseVisible = True
105.6108 	EXP 	window1: mouseVisible = True
105.6108 	EXP 	window1: mouseVisible = True
105.6108 	EXP 	window1: mouseVisible = True
105.6109 	EXP 	window1: mouseVisible = True
105.6109 	EXP 	window1: mouseVisible = True
105.6109 	EXP 	window1: mouseVisible = True
105.6109 	EXP 	window1: mouseVisible = True
105.6110 	EXP 	window1: mouseVisible = True
105.6110 	EXP 	window1: mouseVisible = True
105.6110 	EXP 	window1: mouseVisible = True
105.6111 	EXP 	window1: mouseVisible = True
105.6111 	EXP 	window1: mouseVisible = True
105.6112 	EXP 	window1: mouseVisible = True
105.6112 	EXP 	window1: mouseVisible = True
105.6112 	EXP 	window1: mouseVisible = True
105.6113 	EXP 	window1: mouseVisible = True
105.6113 	EXP 	window1: mouseVisible = True
105.6113 	EXP 	window1: mouseVisible = True
105.6114 	EXP 	window1: mouseVisible = True
105.6114 	EXP 	window1: mouseVisible = True
105.6114 	EXP 	window1: mouseVisible = True
105.6115 	EXP 	window1: mouseVisible = True
105.6115 	EXP 	window1: mouseVisible = True
105.6115 	EXP 	window1: mouseVisible = True
105.6115 	EXP 	window1: mouseVisible = True
105.6116 	EXP 	window1: mouseVisible = True
105.6116 	EXP 	window1: mouseVisible = True
105.6116 	EXP 	window1: mouseVisible = True
105.6117 	EXP 	window1: mouseVisible = True
105.6117 	EXP 	window1: mouseVisible = True
105.6117 	EXP 	window1: mouseVisible = True
105.6118 	EXP 	window1: mouseVisible = True
105.6118 	EXP 	window1: mouseVisible = True
105.6118 	EXP 	window1: mouseVisible = True
105.6119 	EXP 	window1: mouseVisible = True
105.6119 	EXP 	window1: mouseVisible = True
105.6119 	EXP 	window1: mouseVisible = True
105.6119 	EXP 	window1: mouseVisible = True
105.6120 	EXP 	window1: mouseVisible = True
105.6120 	EXP 	window1: mouseVisible = True
105.6120 	EXP 	window1: mouseVisible = True
105.6121 	EXP 	window1: mouseVisible = True
105.6121 	EXP 	window1: mouseVisible = True
105.6121 	EXP 	window1: mouseVisible = True
105.6122 	EXP 	window1: mouseVisible = True
105.6122 	EXP 	window1: mouseVisible = True
105.6122 	EXP 	window1: mouseVisible = True
105.6122 	EXP 	window1: mouseVisible = True
105.6123 	EXP 	window1: mouseVisible = True
105.6123 	EXP 	window1: mouseVisible = True
105.6123 	EXP 	window1: mouseVisible = True
105.6124 	EXP 	window1: mouseVisible = True
105.6124 	EXP 	window1: mouseVisible = True
105.6125 	EXP 	window1: mouseVisible = True
105.6125 	EXP 	window1: mouseVisible = True
105.6125 	EXP 	window1: mouseVisible = True
105.6126 	EXP 	window1: mouseVisible = True
105.6126 	EXP 	window1: mouseVisible = True
105.6126 	EXP 	window1: mouseVisible = True
105.6126 	EXP 	window1: mouseVisible = True
105.6127 	EXP 	window1: mouseVisible = True
105.6127 	EXP 	window1: mouseVisible = True
105.6127 	EXP 	window1: mouseVisible = True
105.6128 	EXP 	window1: mouseVisible = True
105.6128 	EXP 	window1: mouseVisible = True
105.6128 	EXP 	window1: mouseVisible = True
105.6128 	EXP 	window1: mouseVisible = True
105.6129 	EXP 	window1: mouseVisible = True
105.6129 	EXP 	window1: mouseVisible = True
105.6129 	EXP 	window1: mouseVisible = True
105.6130 	EXP 	window1: mouseVisible = True
105.6130 	EXP 	window1: mouseVisible = True
105.6130 	EXP 	window1: mouseVisible = True
105.6131 	EXP 	window1: mouseVisible = True
105.6131 	EXP 	window1: mouseVisible = True
105.6131 	EXP 	window1: mouseVisible = True
105.6131 	EXP 	window1: mouseVisible = True
105.6132 	EXP 	window1: mouseVisible = True
105.6132 	EXP 	window1: mouseVisible = True
105.6132 	EXP 	window1: mouseVisible = True
105.6133 	EXP 	window1: mouseVisible = True
105.6133 	EXP 	window1: mouseVisible = True
105.6133 	EXP 	window1: mouseVisible = True
105.6134 	EXP 	window1: mouseVisible = True
105.6134 	EXP 	window1: mouseVisible = True
105.6134 	EXP 	window1: mouseVisible = True
105.6134 	EXP 	window1: mouseVisible = True
105.6135 	EXP 	window1: mouseVisible = True
105.6135 	EXP 	window1: mouseVisible = True
105.6135 	EXP 	window1: mouseVisible = True
105.6136 	EXP 	window1: mouseVisible = True
105.6136 	EXP 	window1: mouseVisible = True
105.6136 	EXP 	window1: mouseVisible = True
105.6136 	EXP 	window1: mouseVisible = True
105.6137 	EXP 	window1: mouseVisible = True
105.6137 	EXP 	window1: mouseVisible = True
105.6137 	EXP 	window1: mouseVisible = True
105.6138 	EXP 	window1: mouseVisible = True
105.6138 	EXP 	window1: mouseVisible = True
105.6138 	EXP 	window1: mouseVisible = True
105.6139 	EXP 	window1: mouseVisible = True
105.6139 	EXP 	window1: mouseVisible = True
105.6139 	EXP 	window1: mouseVisible = True
105.6140 	EXP 	window1: mouseVisible = True
105.6140 	EXP 	window1: mouseVisible = True
105.6140 	EXP 	window1: mouseVisible = True
105.6140 	EXP 	window1: mouseVisible = True
105.6141 	EXP 	window1: mouseVisible = True
105.6141 	EXP 	window1: mouseVisible = True
105.6141 	EXP 	window1: mouseVisible = True
105.6142 	EXP 	window1: mouseVisible = True
105.6142 	EXP 	window1: mouseVisible = True
105.6142 	EXP 	window1: mouseVisible = True
105.6143 	EXP 	window1: mouseVisible = True
105.6143 	EXP 	window1: mouseVisible = True
105.6143 	EXP 	window1: mouseVisible = True
105.6143 	EXP 	window1: mouseVisible = True
105.6144 	EXP 	window1: mouseVisible = True
105.6144 	EXP 	window1: mouseVisible = True
105.6144 	EXP 	window1: mouseVisible = True
105.6145 	EXP 	window1: mouseVisible = True
105.6145 	EXP 	window1: mouseVisible = True
105.6145 	EXP 	window1: mouseVisible = True
105.6146 	EXP 	window1: mouseVisible = True
105.6146 	EXP 	window1: mouseVisible = True
105.6146 	EXP 	window1: mouseVisible = True
105.6146 	EXP 	window1: mouseVisible = True
105.6147 	EXP 	window1: mouseVisible = True
105.6147 	EXP 	window1: mouseVisible = True
105.6147 	EXP 	window1: mouseVisible = True
105.6148 	EXP 	window1: mouseVisible = True
105.6148 	EXP 	window1: mouseVisible = True
105.6148 	EXP 	window1: mouseVisible = True
105.6149 	EXP 	window1: mouseVisible = True
105.6149 	EXP 	window1: mouseVisible = True
105.6149 	EXP 	window1: mouseVisible = True
105.6149 	EXP 	window1: mouseVisible = True
105.6150 	EXP 	window1: mouseVisible = True
105.6150 	EXP 	window1: mouseVisible = True
105.6150 	EXP 	window1: mouseVisible = True
105.6151 	EXP 	window1: mouseVisible = True
105.6151 	EXP 	window1: mouseVisible = True
105.6151 	EXP 	window1: mouseVisible = True
105.6152 	EXP 	window1: mouseVisible = True
105.6152 	EXP 	window1: mouseVisible = True
105.6152 	EXP 	window1: mouseVisible = True
105.6152 	EXP 	window1: mouseVisible = True
105.6153 	EXP 	window1: mouseVisible = True
105.6153 	EXP 	window1: mouseVisible = True
105.6153 	EXP 	window1: mouseVisible = True
105.6154 	EXP 	window1: mouseVisible = True
105.6154 	EXP 	window1: mouseVisible = True
105.6154 	EXP 	window1: mouseVisible = True
105.6155 	EXP 	window1: mouseVisible = True
105.6155 	EXP 	window1: mouseVisible = True
105.6155 	EXP 	window1: mouseVisible = True
105.6155 	EXP 	window1: mouseVisible = True
105.6156 	EXP 	window1: mouseVisible = True
105.6156 	EXP 	window1: mouseVisible = True
105.6156 	EXP 	window1: mouseVisible = True
105.6157 	EXP 	window1: mouseVisible = True
105.6157 	EXP 	window1: mouseVisible = True
105.6157 	EXP 	window1: mouseVisible = True
105.6158 	EXP 	window1: mouseVisible = True
105.6158 	EXP 	window1: mouseVisible = True
105.6158 	EXP 	window1: mouseVisible = True
105.6158 	EXP 	window1: mouseVisible = True
105.6159 	EXP 	window1: mouseVisible = True
105.6159 	EXP 	window1: mouseVisible = True
105.6159 	EXP 	window1: mouseVisible = True
105.6160 	EXP 	window1: mouseVisible = True
105.6160 	EXP 	window1: mouseVisible = True
105.6160 	EXP 	window1: mouseVisible = True
105.6161 	EXP 	window1: mouseVisible = True
105.6161 	EXP 	window1: mouseVisible = True
105.6161 	EXP 	window1: mouseVisible = True
105.6161 	EXP 	window1: mouseVisible = True
105.6162 	EXP 	window1: mouseVisible = True
105.6162 	EXP 	window1: mouseVisible = True
105.6162 	EXP 	window1: mouseVisible = True
105.6163 	EXP 	window1: mouseVisible = True
105.6163 	EXP 	window1: mouseVisible = True
105.6164 	EXP 	window1: mouseVisible = True
105.6164 	EXP 	window1: mouseVisible = True
105.6164 	EXP 	window1: mouseVisible = True
105.6165 	EXP 	window1: mouseVisible = True
105.6165 	EXP 	window1: mouseVisible = True
105.6165 	EXP 	window1: mouseVisible = True
105.6166 	EXP 	window1: mouseVisible = True
105.6166 	EXP 	window1: mouseVisible = True
105.6166 	EXP 	window1: mouseVisible = True
105.6167 	EXP 	window1: mouseVisible = True
105.6167 	EXP 	window1: mouseVisible = True
105.6167 	EXP 	window1: mouseVisible = True
105.6168 	EXP 	window1: mouseVisible = True
105.6168 	EXP 	window1: mouseVisible = True
105.6168 	EXP 	window1: mouseVisible = True
105.6168 	EXP 	window1: mouseVisible = True
105.6169 	EXP 	window1: mouseVisible = True
105.6169 	EXP 	window1: mouseVisible = True
105.6169 	EXP 	window1: mouseVisible = True
105.6170 	EXP 	window1: mouseVisible = True
105.6170 	EXP 	window1: mouseVisible = True
105.6170 	EXP 	window1: mouseVisible = True
105.6171 	EXP 	window1: mouseVisible = True
105.6171 	EXP 	window1: mouseVisible = True
105.6171 	EXP 	window1: mouseVisible = True
105.6172 	EXP 	window1: mouseVisible = True
105.6172 	EXP 	window1: mouseVisible = True
105.6173 	EXP 	window1: mouseVisible = True
105.6173 	EXP 	window1: mouseVisible = True
105.6173 	EXP 	window1: mouseVisible = True
105.6173 	EXP 	window1: mouseVisible = True
105.6174 	EXP 	window1: mouseVisible = True
105.6174 	EXP 	window1: mouseVisible = True
105.6174 	EXP 	window1: mouseVisible = True
105.6175 	EXP 	window1: mouseVisible = True
105.6175 	EXP 	window1: mouseVisible = True
105.6175 	EXP 	window1: mouseVisible = True
105.6176 	EXP 	window1: mouseVisible = True
105.6176 	EXP 	window1: mouseVisible = True
105.6177 	EXP 	window1: mouseVisible = True
105.6177 	EXP 	window1: mouseVisible = True
105.6177 	EXP 	window1: mouseVisible = True
105.6178 	EXP 	window1: mouseVisible = True
105.6178 	EXP 	window1: mouseVisible = True
105.6178 	EXP 	window1: mouseVisible = True
105.6179 	EXP 	window1: mouseVisible = True
105.6179 	EXP 	window1: mouseVisible = True
105.6179 	EXP 	window1: mouseVisible = True
105.6180 	EXP 	window1: mouseVisible = True
105.6180 	EXP 	window1: mouseVisible = True
105.6180 	EXP 	window1: mouseVisible = True
105.6180 	EXP 	window1: mouseVisible = True
105.6181 	EXP 	window1: mouseVisible = True
105.6181 	EXP 	window1: mouseVisible = True
105.6181 	EXP 	window1: mouseVisible = True
105.6182 	EXP 	window1: mouseVisible = True
105.6182 	EXP 	window1: mouseVisible = True
105.6182 	EXP 	window1: mouseVisible = True
105.6183 	EXP 	window1: mouseVisible = True
105.6183 	EXP 	window1: mouseVisible = True
105.6183 	EXP 	window1: mouseVisible = True
105.6184 	EXP 	window1: mouseVisible = True
105.6184 	EXP 	window1: mouseVisible = True
105.6184 	EXP 	window1: mouseVisible = True
105.6185 	EXP 	window1: mouseVisible = True
105.6185 	EXP 	window1: mouseVisible = True
105.6186 	EXP 	window1: mouseVisible = True
105.6186 	EXP 	window1: mouseVisible = True
105.6186 	EXP 	window1: mouseVisible = True
105.6186 	EXP 	window1: mouseVisible = True
105.6187 	EXP 	window1: mouseVisible = True
105.6187 	EXP 	window1: mouseVisible = True
105.6188 	EXP 	window1: mouseVisible = True
105.6188 	EXP 	window1: mouseVisible = True
105.6188 	EXP 	window1: mouseVisible = True
105.6189 	EXP 	window1: mouseVisible = True
105.6189 	EXP 	window1: mouseVisible = True
105.6189 	EXP 	window1: mouseVisible = True
105.6190 	EXP 	window1: mouseVisible = True
105.6190 	EXP 	window1: mouseVisible = True
105.6190 	EXP 	window1: mouseVisible = True
105.6191 	EXP 	window1: mouseVisible = True
105.6191 	EXP 	window1: mouseVisible = True
105.6191 	EXP 	window1: mouseVisible = True
105.6192 	EXP 	window1: mouseVisible = True
105.6192 	EXP 	window1: mouseVisible = True
105.6192 	EXP 	window1: mouseVisible = True
105.6193 	EXP 	window1: mouseVisible = True
105.6193 	EXP 	window1: mouseVisible = True
105.6193 	EXP 	window1: mouseVisible = True
105.6194 	EXP 	window1: mouseVisible = True
105.6194 	EXP 	window1: mouseVisible = True
105.6194 	EXP 	window1: mouseVisible = True
105.6195 	EXP 	window1: mouseVisible = True
105.6195 	EXP 	window1: mouseVisible = True
105.6195 	EXP 	window1: mouseVisible = True
105.6196 	EXP 	window1: mouseVisible = True
105.6196 	EXP 	window1: mouseVisible = True
105.6196 	EXP 	window1: mouseVisible = True
105.6197 	EXP 	window1: mouseVisible = True
105.6197 	EXP 	window1: mouseVisible = True
105.6198 	EXP 	window1: mouseVisible = True
105.6198 	EXP 	window1: mouseVisible = True
105.6198 	EXP 	window1: mouseVisible = True
105.6199 	EXP 	window1: mouseVisible = True
105.6199 	EXP 	window1: mouseVisible = True
105.6199 	EXP 	window1: mouseVisible = True
105.6199 	EXP 	window1: mouseVisible = True
105.6200 	EXP 	window1: mouseVisible = True
105.6200 	EXP 	window1: mouseVisible = True
105.6200 	EXP 	window1: mouseVisible = True
105.6201 	EXP 	window1: mouseVisible = True
105.6201 	EXP 	window1: mouseVisible = True
105.6201 	EXP 	window1: mouseVisible = True
105.6202 	EXP 	window1: mouseVisible = True
105.6202 	EXP 	window1: mouseVisible = True
105.6202 	EXP 	window1: mouseVisible = True
105.6203 	EXP 	window1: mouseVisible = True
105.6203 	EXP 	window1: mouseVisible = True
105.6203 	EXP 	window1: mouseVisible = True
105.6204 	EXP 	window1: mouseVisible = True
105.6204 	EXP 	window1: mouseVisible = True
105.6204 	EXP 	window1: mouseVisible = True
105.6205 	EXP 	window1: mouseVisible = True
105.6205 	EXP 	window1: mouseVisible = True
105.6205 	EXP 	window1: mouseVisible = True
105.6206 	EXP 	window1: mouseVisible = True
105.6206 	EXP 	window1: mouseVisible = True
105.6206 	EXP 	window1: mouseVisible = True
105.6206 	EXP 	window1: mouseVisible = True
105.6207 	EXP 	window1: mouseVisible = True
105.6207 	EXP 	window1: mouseVisible = True
105.6207 	EXP 	window1: mouseVisible = True
105.6208 	EXP 	window1: mouseVisible = True
105.6208 	EXP 	window1: mouseVisible = True
105.6208 	EXP 	window1: mouseVisible = True
