9.0631 	WARNING 	Monitor specification not found. Creating a temporary one...
9.0850 	WARNING 	User requested fullscreen with size [800 600], but screen is actually [1280, 1024]. Using actual size
9.6142 	EXP 	Created window1 = Window(allowGUI=True, allowStencil=False, autoLog=True, backendConf=UNKNOWN, bitsMode=UNKNOWN, blendMode='avg', bpc=(8, 8, 8), color=array([0, 0, 0]), colorSpace='rgb', depthBits=8, fullscr=<method-wrapper '__getattribute__' of attributeSetter object at 0x000001B519789CA0>, gamma=None, gammaErrorPolicy='raise', lms=UNKNOWN, monitor=<psychopy.monitors.calibTools.Monitor object at 0x000001B519BDD490>, multiSample=False, name='window1', numSamples=2, pos=(0, 0), screen=0, size=array([1280, 1024]), stencilBits=0, stereo=False, units='pix', useFBO=False, useRetina=False, viewOri=0.0, viewPos=None, viewScale=None, waitBlanking=True, winType='pyglet')
9.6142 	EXP 	window1: mouseVisible = True
9.6162 	EXP 	window1: mouseVisible = False
14.9666 	DATA 	Keypress: space
15.5003 	DATA 	Keypress: o
15.5012 	EXP 	window1: units = 'pix'
15.5320 	WARNING 	User requested fullscreen with size [1280  720], but screen is actually [1280, 1024]. Using actual size
15.9472 	EXP 	Created window1 = Window(allowGUI=False, allowStencil=False, autoLog=True, backendConf=UNKNOWN, bitsMode=UNKNOWN, blendMode='avg', bpc=(8, 8, 8), color=array([0, 0, 0]), colorSpace='rgb', depthBits=8, fullscr=<method-wrapper '__getattribute__' of attributeSetter object at 0x000001B519789CA0>, gamma=None, gammaErrorPolicy='raise', lms=UNKNOWN, monitor=<psychopy.monitors.calibTools.Monitor object at 0x000001B520329160>, multiSample=False, name='window1', numSamples=2, pos=(0, 0), screen=0, size=array([1280, 1024]), stencilBits=0, stereo=False, units='height', useFBO=True, useRetina=False, viewOri=0.0, viewPos=None, viewScale=None, waitBlanking=True, winType='pyglet')
15.9474 	EXP 	window1: mouseVisible = True
15.9475 	EXP 	window1: Attempting to measure frame rate of screen (0) ...
15.9475 	EXP 	window1: recordFrameIntervals = False
16.1136 	EXP 	window1: recordFrameIntervals = True
16.2967 	EXP 	Screen (0) actual frame rate measured at 60.20Hz
16.2967 	EXP 	window1: recordFrameIntervals = False
16.4848 	EXP 	Created Instructions = TextStim(__class__=<class 'psychopy.visual.text.TextStim'>, alignHoriz=method-wrapper(...), alignText='center', alignVert=method-wrapper(...), anchorHoriz='center', anchorVert='center', antialias=True, autoDraw=False, autoLog=True, bold=False, color=array([1, 1, 1]), colorSpace='rgb', contrast=1.0, depth=0.0, flipHoriz=False, flipVert=False, font='Arial', fontFiles=[], height=0.03, italic=False, languageStyle='LTR', name='Instructions', opacity=1.0, ori=0, pos=array([0., 0.]), rgb=UNKNOWN, text=str(...), units='height', win=Window(...), wrapWidth=1)
16.4888 	EXP 	Created Triplet1 = ImageStim(__class__=<class 'psychopy.visual.image.ImageStim'>, anchor=('center', 'center'), autoLog=True, color=array([1, 1, 1]), colorSpace='rgb', contrast=1.0, depth=-1.0, flipHoriz=False, flipVert=False, image='sin', interpolate=True, mask=None, maskParams=None, name='Triplet1', opacity=1.0, ori=0.0, pos=array([0., 0.]), size=array([0.25, 0.25]), texRes=128, units='height', win=Window(...))
16.4943 	EXP 	Created Triplet2 = ImageStim(__class__=<class 'psychopy.visual.image.ImageStim'>, anchor=('center', 'center'), autoLog=True, color=array([1, 1, 1]), colorSpace='rgb', contrast=1.0, depth=-2.0, flipHoriz=False, flipVert=False, image='sin', interpolate=True, mask=None, maskParams=None, name='Triplet2', opacity=1.0, ori=0.0, pos=array([0., 0.]), size=array([0.25, 0.25]), texRes=128, units='height', win=Window(...))
16.4999 	EXP 	Created Triplet3 = ImageStim(__class__=<class 'psychopy.visual.image.ImageStim'>, anchor=('center', 'center'), autoLog=True, color=array([1, 1, 1]), colorSpace='rgb', contrast=1.0, depth=-3.0, flipHoriz=False, flipVert=False, image='sin', interpolate=True, mask=None, maskParams=None, name='Triplet3', opacity=1.0, ori=0.0, pos=array([0., 0.]), size=array([0.25, 0.25]), texRes=128, units='height', win=Window(...))
16.5089 	EXP 	Sound sound_pop set volume 1.000
16.5177 	EXP 	Sound sound_pop2 set volume 1.000
16.5265 	EXP 	Sound sound_pop3 set volume 1.000
16.5489 	EXP 	Created fix = ImageStim(__class__=<class 'psychopy.visual.image.ImageStim'>, anchor=('center', 'center'), autoLog=True, color=array([1, 1, 1]), colorSpace='rgb', contrast=1.0, depth=0.0, flipHoriz=False, flipVert=False, image='images/fixation.png', interpolate=True, mask=None, maskParams=None, name='fix', opacity=1.0, ori=0.0, pos=array([0., 0.]), size=array([0.1 , 0.05]), texRes=128, units='height', win=Window(...))
16.6383 	EXP 	Created Mask = ImageStim(__class__=<class 'psychopy.visual.image.ImageStim'>, anchor=('center', 'center'), autoLog=True, color=array([1, 1, 1]), colorSpace='rgb', contrast=1.0, depth=0.0, flipHoriz=False, flipVert=False, image='images/Mask.png', interpolate=True, mask=None, maskParams=None, name='Mask', opacity=1.0, ori=0.0, pos=array([0., 0.]), size=array([1.5, 0.5]), texRes=128, units='height', win=Window(...))
16.6438 	EXP 	Created img1 = ImageStim(__class__=<class 'psychopy.visual.image.ImageStim'>, anchor=('center', 'center'), autoLog=True, color=array([1, 1, 1]), colorSpace='rgb', contrast=1.0, depth=-1.0, flipHoriz=False, flipVert=False, image='sin', interpolate=True, mask=None, maskParams=None, name='img1', opacity=1.0, ori=0.0, pos=array([0., 0.]), size=array([0.25, 0.25]), texRes=128, units='height', win=Window(...))
16.6481 	EXP 	Created img2 = ImageStim(__class__=<class 'psychopy.visual.image.ImageStim'>, anchor=('center', 'center'), autoLog=True, color=array([1, 1, 1]), colorSpace='rgb', contrast=1.0, depth=-2.0, flipHoriz=False, flipVert=False, image='sin', interpolate=True, mask=None, maskParams=None, name='img2', opacity=1.0, ori=0.0, pos=array([0., 0.]), size=array([0.25, 0.25]), texRes=128, units='height', win=Window(...))
16.6524 	EXP 	Created img3 = ImageStim(__class__=<class 'psychopy.visual.image.ImageStim'>, anchor=('center', 'center'), autoLog=True, color=array([1, 1, 1]), colorSpace='rgb', contrast=1.0, depth=-3.0, flipHoriz=False, flipVert=False, image='sin', interpolate=True, mask=None, maskParams=None, name='img3', opacity=1.0, ori=0.0, pos=array([0., 0.]), size=array([0.25, 0.25]), texRes=128, units='height', win=Window(...))
16.6613 	EXP 	Sound sound_pop4 set volume 1.000
16.6701 	EXP 	Sound sound_pop5 set volume 1.000
16.6789 	EXP 	Sound sound_pop6 set volume 1.000
16.6840 	EXP 	Created text_2 = TextStim(__class__=<class 'psychopy.visual.text.TextStim'>, alignHoriz=method-wrapper(...), alignText='center', alignVert=method-wrapper(...), anchorHoriz='center', anchorVert='center', antialias=True, autoDraw=False, autoLog=True, bold=False, color=array([1, 1, 1]), colorSpace='rgb', contrast=1.0, depth=0.0, flipHoriz=False, flipVert=False, font='Arial', fontFiles=[], height=0.03, italic=False, languageStyle='LTR', name='text_2', opacity=1.0, ori=0, pos=array([0., 0.]), rgb=UNKNOWN, text=str(...), units='height', win=Window(...), wrapWidth=1)
16.6865 	EXP 	Created text = TextStim(__class__=<class 'psychopy.visual.text.TextStim'>, alignHoriz=method-wrapper(...), alignText='center', alignVert=method-wrapper(...), anchorHoriz='center', anchorVert='center', antialias=True, autoDraw=False, autoLog=True, bold=False, color=array([1, 1, 1]), colorSpace='rgb', contrast=1.0, depth=-1.0, flipHoriz=False, flipVert=False, font='Arial', fontFiles=[], height=0.03, italic=False, languageStyle='LTR', name='text', opacity=1.0, ori=0, pos=array([0., 0.]), rgb=UNKNOWN, text=str(...), units='height', win=Window(...), wrapWidth=1)
16.6870 	EXP 	Created sameText = TextStim(__class__=<class 'psychopy.visual.text.TextStim'>, alignHoriz=method-wrapper(...), alignText='center', alignVert=method-wrapper(...), anchorHoriz='center', anchorVert='center', antialias=True, autoDraw=False, autoLog=True, bold=False, color=array([1, 1, 1]), colorSpace='rgb', contrast=1.0, depth=-2.0, flipHoriz=False, flipVert=False, font='Arial', fontFiles=[], height=0.03, italic=False, languageStyle='LTR', name='sameText', opacity=1.0, ori=0, pos=array([-0.2, -0.3]), rgb=UNKNOWN, text='', units='height', win=Window(...), wrapWidth=1)
16.6875 	EXP 	Created diffText = TextStim(__class__=<class 'psychopy.visual.text.TextStim'>, alignHoriz=method-wrapper(...), alignText='center', alignVert=method-wrapper(...), anchorHoriz='center', anchorVert='center', antialias=True, autoDraw=False, autoLog=True, bold=False, color=array([1, 1, 1]), colorSpace='rgb', contrast=1.0, depth=-3.0, flipHoriz=False, flipVert=False, font='Arial', fontFiles=[], height=0.03, italic=False, languageStyle='LTR', name='diffText', opacity=1.0, ori=0, pos=array([ 0.2, -0.3]), rgb=UNKNOWN, text='', units='height', win=Window(...), wrapWidth=1)
16.6884 	EXP 	Created leftCL = Rect(__class__=<class 'psychopy.visual.rect.Rect'>, anchor=('center', 'center'), autoDraw=False, autoLog=True, closeShape=True, color=method-wrapper(...), colorSpace='rgb', contrast=None, depth=-4.0, fillColor=array([1., 1., 1.]), fillColorSpace='rgb', fillRGB=array([1., 1., 1.]), interpolate=True, lineColor=array([1, 1, 1]), lineColorSpace='rgb', lineRGB=array([1, 1, 1]), lineWidth=3, name='leftCL', opacity=0.5, ori=0.0, pos=array([-0.2, -0.3]), size=array([-0.2, -0.2]), units='height', vertices=ndarray(...), win=Window(...))
16.6892 	EXP 	Created rightCL = Rect(__class__=<class 'psychopy.visual.rect.Rect'>, anchor=('center', 'center'), autoDraw=False, autoLog=True, closeShape=True, color=method-wrapper(...), colorSpace='rgb', contrast=None, depth=-5.0, fillColor=array([1., 1., 1.]), fillColorSpace='rgb', fillRGB=array([1., 1., 1.]), interpolate=True, lineColor=array([1, 1, 1]), lineColorSpace='rgb', lineRGB=array([1, 1, 1]), lineWidth=3, name='rightCL', opacity=0.5, ori=0.0, pos=array([ 0.2, -0.3]), size=array([0.2, 0.2]), units='height', vertices=ndarray(...), win=Window(...))
16.6893 	EXP 	window1: mouseVisible = True
16.6897 	EXP 	Sound clickedSound set volume 1.000
16.6933 	EXP 	Created retIMG = ImageStim(__class__=<class 'psychopy.visual.image.ImageStim'>, anchor=('center', 'center'), autoLog=True, color=array([1, 1, 1]), colorSpace='rgb', contrast=1.0, depth=-1.0, flipHoriz=False, flipVert=False, image='sin', interpolate=True, mask=None, maskParams=None, name='retIMG', opacity=1.0, ori=0.0, pos=array([0., 0.]), size=array([0.25, 0.25]), texRes=128, units='height', win=Window(...))
16.7022 	EXP 	Sound sound_pop7 set volume 1.000
16.7047 	EXP 	Created question_text = TextStim(__class__=<class 'psychopy.visual.text.TextStim'>, alignHoriz=method-wrapper(...), alignText='center', alignVert=method-wrapper(...), anchorHoriz='center', anchorVert='center', antialias=True, autoDraw=False, autoLog=True, bold=False, color=array([1, 1, 1]), colorSpace='rgb', contrast=1.0, depth=0.0, flipHoriz=False, flipVert=False, font='Arial', fontFiles=[], height=0.03, italic=False, languageStyle='LTR', name='question_text', opacity=1.0, ori=0, pos=array([0. , 0.3]), rgb=UNKNOWN, text='When did you see this object?', units='height', win=Window(...), wrapWidth=1)
16.7069 	EXP 	Created decisionQ_2 = TextStim(__class__=<class 'psychopy.visual.text.TextStim'>, alignHoriz=method-wrapper(...), alignText='center', alignVert=method-wrapper(...), anchorHoriz='center', anchorVert='center', antialias=True, autoDraw=False, autoLog=True, bold=False, color=array([1, 1, 1]), colorSpace='rgb', contrast=1.0, depth=-1.0, flipHoriz=False, flipVert=False, font='Arial', fontFiles=[], height=0.03, italic=False, languageStyle='LTR', name='decisionQ_2', opacity=1.0, ori=0, pos=array([0. , 0.3]), rgb=UNKNOWN, text='When did you see this object?', units='height', win=Window(...), wrapWidth=1)
16.7076 	EXP 	Created first_left = Rect(__class__=<class 'psychopy.visual.rect.Rect'>, anchor=('center', 'center'), autoDraw=False, autoLog=True, closeShape=True, color=method-wrapper(...), colorSpace='rgb', contrast=None, depth=-2.0, fillColor=array([1, 1, 1]), fillColorSpace='rgb', fillRGB=array([1, 1, 1]), interpolate=True, lineColor=array([1, 1, 1]), lineColorSpace='rgb', lineRGB=array([1, 1, 1]), lineWidth=3, name='first_left', opacity=0.5, ori=0.0, pos=array([0. , 0.1]), size=array([0.15, 0.15]), units='height', vertices=ndarray(...), win=Window(...))
16.7083 	EXP 	Created second_middle = Rect(__class__=<class 'psychopy.visual.rect.Rect'>, anchor=('center', 'center'), autoDraw=False, autoLog=True, closeShape=True, color=method-wrapper(...), colorSpace='rgb', contrast=None, depth=-3.0, fillColor=array([1, 1, 1]), fillColorSpace='rgb', fillRGB=array([1, 1, 1]), interpolate=True, lineColor=array([1, 1, 1]), lineColorSpace='rgb', lineRGB=array([1, 1, 1]), lineWidth=3, name='second_middle', opacity=0.5, ori=0.0, pos=array([ 0. , -0.1]), size=array([0.15, 0.15]), units='height', vertices=ndarray(...), win=Window(...))
16.7090 	EXP 	Created third_right = Rect(__class__=<class 'psychopy.visual.rect.Rect'>, anchor=('center', 'center'), autoDraw=False, autoLog=True, closeShape=True, color=method-wrapper(...), colorSpace='rgb', contrast=None, depth=-4.0, fillColor=array([1, 1, 1]), fillColorSpace='rgb', fillRGB=array([1, 1, 1]), interpolate=True, lineColor=array([1, 1, 1]), lineColorSpace='rgb', lineRGB=array([1, 1, 1]), lineWidth=3, name='third_right', opacity=0.5, ori=0.0, pos=array([ 0. , -0.3]), size=array([0.15, 0.15]), units='height', vertices=ndarray(...), win=Window(...))
16.7115 	EXP 	Created First = TextStim(__class__=<class 'psychopy.visual.text.TextStim'>, alignHoriz=method-wrapper(...), alignText='center', alignVert=method-wrapper(...), anchorHoriz='center', anchorVert='center', antialias=True, autoDraw=False, autoLog=True, bold=False, color=array([1, 1, 1]), colorSpace='rgb', contrast=1.0, depth=-5.0, flipHoriz=False, flipVert=False, font='Arial', fontFiles=[], height=0.03, italic=False, languageStyle='LTR', name='First', opacity=1.0, ori=0, pos=array([0. , 0.1]), rgb=UNKNOWN, text='First', units='height', win=Window(...), wrapWidth=1)
16.7135 	EXP 	Created Second = TextStim(__class__=<class 'psychopy.visual.text.TextStim'>, alignHoriz=method-wrapper(...), alignText='center', alignVert=method-wrapper(...), anchorHoriz='center', anchorVert='center', antialias=True, autoDraw=False, autoLog=True, bold=False, color=array([1, 1, 1]), colorSpace='rgb', contrast=1.0, depth=-6.0, flipHoriz=False, flipVert=False, font='Arial', fontFiles=[], height=0.03, italic=False, languageStyle='LTR', name='Second', opacity=1.0, ori=0, pos=array([ 0. , -0.1]), rgb=UNKNOWN, text='Second', units='height', win=Window(...), wrapWidth=1)
16.7153 	EXP 	Created Third = TextStim(__class__=<class 'psychopy.visual.text.TextStim'>, alignHoriz=method-wrapper(...), alignText='center', alignVert=method-wrapper(...), anchorHoriz='center', anchorVert='center', antialias=True, autoDraw=False, autoLog=True, bold=False, color=array([1, 1, 1]), colorSpace='rgb', contrast=1.0, depth=-7.0, flipHoriz=False, flipVert=False, font='Arial', fontFiles=[], height=0.03, italic=False, languageStyle='LTR', name='Third', opacity=1.0, ori=0, pos=array([ 0. , -0.3]), rgb=UNKNOWN, text='Third', units='height', win=Window(...), wrapWidth=1)
16.7154 	EXP 	window1: mouseVisible = True
16.7158 	EXP 	Sound clickedSound set volume 1.000
16.7238 	EXP 	Created BlockBreak = TextStim(__class__=<class 'psychopy.visual.text.TextStim'>, alignHoriz=method-wrapper(...), alignText='center', alignVert=method-wrapper(...), anchorHoriz='center', anchorVert='center', antialias=True, autoDraw=False, autoLog=True, bold=False, color=array([1, 1, 1]), colorSpace='rgb', contrast=1.0, depth=0.0, flipHoriz=False, flipVert=False, font='Arial', fontFiles=[], height=0.03, italic=False, languageStyle='LTR', name='BlockBreak', opacity=1.0, ori=0, pos=array([0., 0.]), rgb=UNKNOWN, text=str(...), units='height', win=Window(...), wrapWidth=1)
16.7375 	EXP 	Created text_4 = TextStim(__class__=<class 'psychopy.visual.text.TextStim'>, alignHoriz=method-wrapper(...), alignText='center', alignVert=method-wrapper(...), anchorHoriz='center', anchorVert='center', antialias=True, autoDraw=False, autoLog=True, bold=False, color=array([1, 1, 1]), colorSpace='rgb', contrast=1.0, depth=-1.0, flipHoriz=False, flipVert=False, font='Open Sans', fontFiles=[], height=0.03, italic=False, languageStyle='LTR', name='text_4', opacity=1.0, ori=0.0, pos=array([0., 0.]), rgb=UNKNOWN, text=str(...), units='height', win=Window(...), wrapWidth=1)
16.7410 	EXP 	Created Triplet1 = ImageStim(__class__=<class 'psychopy.visual.image.ImageStim'>, anchor=('center', 'center'), autoLog=True, color=array([1, 1, 1]), colorSpace='rgb', contrast=1.0, depth=-1.0, flipHoriz=False, flipVert=False, image='sin', interpolate=True, mask=None, maskParams=None, name='Triplet1', opacity=1.0, ori=0.0, pos=array([0., 0.]), size=array([0.25, 0.25]), texRes=128, units='height', win=Window(...))
16.7454 	EXP 	Created Triplet2 = ImageStim(__class__=<class 'psychopy.visual.image.ImageStim'>, anchor=('center', 'center'), autoLog=True, color=array([1, 1, 1]), colorSpace='rgb', contrast=1.0, depth=-2.0, flipHoriz=False, flipVert=False, image='sin', interpolate=True, mask=None, maskParams=None, name='Triplet2', opacity=1.0, ori=0.0, pos=array([0., 0.]), size=array([0.25, 0.25]), texRes=128, units='height', win=Window(...))
16.7496 	EXP 	Created Triplet3 = ImageStim(__class__=<class 'psychopy.visual.image.ImageStim'>, anchor=('center', 'center'), autoLog=True, color=array([1, 1, 1]), colorSpace='rgb', contrast=1.0, depth=-3.0, flipHoriz=False, flipVert=False, image='sin', interpolate=True, mask=None, maskParams=None, name='Triplet3', opacity=1.0, ori=0.0, pos=array([0., 0.]), size=array([0.25, 0.25]), texRes=128, units='height', win=Window(...))
16.7585 	EXP 	Sound sound_pop set volume 1.000
16.7674 	EXP 	Sound sound_pop2 set volume 1.000
16.7762 	EXP 	Sound sound_pop3 set volume 1.000
16.7984 	EXP 	Created fix = ImageStim(__class__=<class 'psychopy.visual.image.ImageStim'>, anchor=('center', 'center'), autoLog=True, color=array([1, 1, 1]), colorSpace='rgb', contrast=1.0, depth=0.0, flipHoriz=False, flipVert=False, image='images/fixation.png', interpolate=True, mask=None, maskParams=None, name='fix', opacity=1.0, ori=0.0, pos=array([0., 0.]), size=array([0.1 , 0.05]), texRes=128, units='height', win=Window(...))
16.8863 	EXP 	Created Mask = ImageStim(__class__=<class 'psychopy.visual.image.ImageStim'>, anchor=('center', 'center'), autoLog=True, color=array([1, 1, 1]), colorSpace='rgb', contrast=1.0, depth=0.0, flipHoriz=False, flipVert=False, image='images/Mask.png', interpolate=True, mask=None, maskParams=None, name='Mask', opacity=1.0, ori=0.0, pos=array([0., 0.]), size=array([1.5, 0.5]), texRes=128, units='height', win=Window(...))
16.8918 	EXP 	Created img1 = ImageStim(__class__=<class 'psychopy.visual.image.ImageStim'>, anchor=('center', 'center'), autoLog=True, color=array([1, 1, 1]), colorSpace='rgb', contrast=1.0, depth=-1.0, flipHoriz=False, flipVert=False, image='sin', interpolate=True, mask=None, maskParams=None, name='img1', opacity=1.0, ori=0.0, pos=array([0., 0.]), size=array([0.25, 0.25]), texRes=128, units='height', win=Window(...))
16.8960 	EXP 	Created img2 = ImageStim(__class__=<class 'psychopy.visual.image.ImageStim'>, anchor=('center', 'center'), autoLog=True, color=array([1, 1, 1]), colorSpace='rgb', contrast=1.0, depth=-2.0, flipHoriz=False, flipVert=False, image='sin', interpolate=True, mask=None, maskParams=None, name='img2', opacity=1.0, ori=0.0, pos=array([0., 0.]), size=array([0.25, 0.25]), texRes=128, units='height', win=Window(...))
16.9001 	EXP 	Created img3 = ImageStim(__class__=<class 'psychopy.visual.image.ImageStim'>, anchor=('center', 'center'), autoLog=True, color=array([1, 1, 1]), colorSpace='rgb', contrast=1.0, depth=-3.0, flipHoriz=False, flipVert=False, image='sin', interpolate=True, mask=None, maskParams=None, name='img3', opacity=1.0, ori=0.0, pos=array([0., 0.]), size=array([0.25, 0.25]), texRes=128, units='height', win=Window(...))
16.9091 	EXP 	Sound sound_pop4 set volume 1.000
16.9183 	EXP 	Sound sound_pop5 set volume 1.000
16.9273 	EXP 	Sound sound_pop6 set volume 1.000
16.9309 	EXP 	Created text_2 = TextStim(__class__=<class 'psychopy.visual.text.TextStim'>, alignHoriz=method-wrapper(...), alignText='center', alignVert=method-wrapper(...), anchorHoriz='center', anchorVert='center', antialias=True, autoDraw=False, autoLog=True, bold=False, color=array([1, 1, 1]), colorSpace='rgb', contrast=1.0, depth=0.0, flipHoriz=False, flipVert=False, font='Arial', fontFiles=[], height=0.03, italic=False, languageStyle='LTR', name='text_2', opacity=1.0, ori=0, pos=array([0., 0.]), rgb=UNKNOWN, text=str(...), units='height', win=Window(...), wrapWidth=1)
16.9334 	EXP 	Created text = TextStim(__class__=<class 'psychopy.visual.text.TextStim'>, alignHoriz=method-wrapper(...), alignText='center', alignVert=method-wrapper(...), anchorHoriz='center', anchorVert='center', antialias=True, autoDraw=False, autoLog=True, bold=False, color=array([1, 1, 1]), colorSpace='rgb', contrast=1.0, depth=-1.0, flipHoriz=False, flipVert=False, font='Arial', fontFiles=[], height=0.03, italic=False, languageStyle='LTR', name='text', opacity=1.0, ori=0, pos=array([0., 0.]), rgb=UNKNOWN, text=str(...), units='height', win=Window(...), wrapWidth=1)
16.9339 	EXP 	Created sameText = TextStim(__class__=<class 'psychopy.visual.text.TextStim'>, alignHoriz=method-wrapper(...), alignText='center', alignVert=method-wrapper(...), anchorHoriz='center', anchorVert='center', antialias=True, autoDraw=False, autoLog=True, bold=False, color=array([1, 1, 1]), colorSpace='rgb', contrast=1.0, depth=-2.0, flipHoriz=False, flipVert=False, font='Arial', fontFiles=[], height=0.03, italic=False, languageStyle='LTR', name='sameText', opacity=1.0, ori=0, pos=array([-0.2, -0.3]), rgb=UNKNOWN, text='', units='height', win=Window(...), wrapWidth=1)
16.9343 	EXP 	Created diffText = TextStim(__class__=<class 'psychopy.visual.text.TextStim'>, alignHoriz=method-wrapper(...), alignText='center', alignVert=method-wrapper(...), anchorHoriz='center', anchorVert='center', antialias=True, autoDraw=False, autoLog=True, bold=False, color=array([1, 1, 1]), colorSpace='rgb', contrast=1.0, depth=-3.0, flipHoriz=False, flipVert=False, font='Arial', fontFiles=[], height=0.03, italic=False, languageStyle='LTR', name='diffText', opacity=1.0, ori=0, pos=array([ 0.2, -0.3]), rgb=UNKNOWN, text='', units='height', win=Window(...), wrapWidth=1)
16.9352 	EXP 	Created leftCL = Rect(__class__=<class 'psychopy.visual.rect.Rect'>, anchor=('center', 'center'), autoDraw=False, autoLog=True, closeShape=True, color=method-wrapper(...), colorSpace='rgb', contrast=None, depth=-4.0, fillColor=array([1., 1., 1.]), fillColorSpace='rgb', fillRGB=array([1., 1., 1.]), interpolate=True, lineColor=array([1, 1, 1]), lineColorSpace='rgb', lineRGB=array([1, 1, 1]), lineWidth=3, name='leftCL', opacity=0.5, ori=0.0, pos=array([-0.2, -0.3]), size=array([-0.2, -0.2]), units='height', vertices=ndarray(...), win=Window(...))
16.9361 	EXP 	Created rightCL = Rect(__class__=<class 'psychopy.visual.rect.Rect'>, anchor=('center', 'center'), autoDraw=False, autoLog=True, closeShape=True, color=method-wrapper(...), colorSpace='rgb', contrast=None, depth=-5.0, fillColor=array([1., 1., 1.]), fillColorSpace='rgb', fillRGB=array([1., 1., 1.]), interpolate=True, lineColor=array([1, 1, 1]), lineColorSpace='rgb', lineRGB=array([1, 1, 1]), lineWidth=3, name='rightCL', opacity=0.5, ori=0.0, pos=array([ 0.2, -0.3]), size=array([0.2, 0.2]), units='height', vertices=ndarray(...), win=Window(...))
16.9362 	EXP 	window1: mouseVisible = True
16.9366 	EXP 	Sound clickedSound set volume 1.000
16.9402 	EXP 	Created retIMG = ImageStim(__class__=<class 'psychopy.visual.image.ImageStim'>, anchor=('center', 'center'), autoLog=True, color=array([1, 1, 1]), colorSpace='rgb', contrast=1.0, depth=-1.0, flipHoriz=False, flipVert=False, image='sin', interpolate=True, mask=None, maskParams=None, name='retIMG', opacity=1.0, ori=0.0, pos=array([0., 0.]), size=array([0.25, 0.25]), texRes=128, units='height', win=Window(...))
16.9493 	EXP 	Sound sound_pop7 set volume 1.000
16.9516 	EXP 	Created question_text = TextStim(__class__=<class 'psychopy.visual.text.TextStim'>, alignHoriz=method-wrapper(...), alignText='center', alignVert=method-wrapper(...), anchorHoriz='center', anchorVert='center', antialias=True, autoDraw=False, autoLog=True, bold=False, color=array([1, 1, 1]), colorSpace='rgb', contrast=1.0, depth=0.0, flipHoriz=False, flipVert=False, font='Arial', fontFiles=[], height=0.03, italic=False, languageStyle='LTR', name='question_text', opacity=1.0, ori=0, pos=array([0. , 0.3]), rgb=UNKNOWN, text='When did you see this object?', units='height', win=Window(...), wrapWidth=1)
16.9539 	EXP 	Created decisionQ_2 = TextStim(__class__=<class 'psychopy.visual.text.TextStim'>, alignHoriz=method-wrapper(...), alignText='center', alignVert=method-wrapper(...), anchorHoriz='center', anchorVert='center', antialias=True, autoDraw=False, autoLog=True, bold=False, color=array([1, 1, 1]), colorSpace='rgb', contrast=1.0, depth=-1.0, flipHoriz=False, flipVert=False, font='Arial', fontFiles=[], height=0.03, italic=False, languageStyle='LTR', name='decisionQ_2', opacity=1.0, ori=0, pos=array([0. , 0.3]), rgb=UNKNOWN, text='When did you see this object?', units='height', win=Window(...), wrapWidth=1)
16.9546 	EXP 	Created first_left = Rect(__class__=<class 'psychopy.visual.rect.Rect'>, anchor=('center', 'center'), autoDraw=False, autoLog=True, closeShape=True, color=method-wrapper(...), colorSpace='rgb', contrast=None, depth=-2.0, fillColor=array([1, 1, 1]), fillColorSpace='rgb', fillRGB=array([1, 1, 1]), interpolate=True, lineColor=array([1, 1, 1]), lineColorSpace='rgb', lineRGB=array([1, 1, 1]), lineWidth=3, name='first_left', opacity=0.5, ori=0.0, pos=array([0. , 0.1]), size=array([0.15, 0.15]), units='height', vertices=ndarray(...), win=Window(...))
16.9553 	EXP 	Created second_middle = Rect(__class__=<class 'psychopy.visual.rect.Rect'>, anchor=('center', 'center'), autoDraw=False, autoLog=True, closeShape=True, color=method-wrapper(...), colorSpace='rgb', contrast=None, depth=-3.0, fillColor=array([1, 1, 1]), fillColorSpace='rgb', fillRGB=array([1, 1, 1]), interpolate=True, lineColor=array([1, 1, 1]), lineColorSpace='rgb', lineRGB=array([1, 1, 1]), lineWidth=3, name='second_middle', opacity=0.5, ori=0.0, pos=array([ 0. , -0.1]), size=array([0.15, 0.15]), units='height', vertices=ndarray(...), win=Window(...))
16.9560 	EXP 	Created third_right = Rect(__class__=<class 'psychopy.visual.rect.Rect'>, anchor=('center', 'center'), autoDraw=False, autoLog=True, closeShape=True, color=method-wrapper(...), colorSpace='rgb', contrast=None, depth=-4.0, fillColor=array([1, 1, 1]), fillColorSpace='rgb', fillRGB=array([1, 1, 1]), interpolate=True, lineColor=array([1, 1, 1]), lineColorSpace='rgb', lineRGB=array([1, 1, 1]), lineWidth=3, name='third_right', opacity=0.5, ori=0.0, pos=array([ 0. , -0.3]), size=array([0.15, 0.15]), units='height', vertices=ndarray(...), win=Window(...))
16.9580 	EXP 	Created First = TextStim(__class__=<class 'psychopy.visual.text.TextStim'>, alignHoriz=method-wrapper(...), alignText='center', alignVert=method-wrapper(...), anchorHoriz='center', anchorVert='center', antialias=True, autoDraw=False, autoLog=True, bold=False, color=array([1, 1, 1]), colorSpace='rgb', contrast=1.0, depth=-5.0, flipHoriz=False, flipVert=False, font='Arial', fontFiles=[], height=0.03, italic=False, languageStyle='LTR', name='First', opacity=1.0, ori=0, pos=array([0. , 0.1]), rgb=UNKNOWN, text='First', units='height', win=Window(...), wrapWidth=1)
16.9607 	EXP 	Created Second = TextStim(__class__=<class 'psychopy.visual.text.TextStim'>, alignHoriz=method-wrapper(...), alignText='center', alignVert=method-wrapper(...), anchorHoriz='center', anchorVert='center', antialias=True, autoDraw=False, autoLog=True, bold=False, color=array([1, 1, 1]), colorSpace='rgb', contrast=1.0, depth=-6.0, flipHoriz=False, flipVert=False, font='Arial', fontFiles=[], height=0.03, italic=False, languageStyle='LTR', name='Second', opacity=1.0, ori=0, pos=array([ 0. , -0.1]), rgb=UNKNOWN, text='Second', units='height', win=Window(...), wrapWidth=1)
16.9627 	EXP 	Created Third = TextStim(__class__=<class 'psychopy.visual.text.TextStim'>, alignHoriz=method-wrapper(...), alignText='center', alignVert=method-wrapper(...), anchorHoriz='center', anchorVert='center', antialias=True, autoDraw=False, autoLog=True, bold=False, color=array([1, 1, 1]), colorSpace='rgb', contrast=1.0, depth=-7.0, flipHoriz=False, flipVert=False, font='Arial', fontFiles=[], height=0.03, italic=False, languageStyle='LTR', name='Third', opacity=1.0, ori=0, pos=array([ 0. , -0.3]), rgb=UNKNOWN, text='Third', units='height', win=Window(...), wrapWidth=1)
16.9628 	EXP 	window1: mouseVisible = True
16.9632 	EXP 	Sound clickedSound set volume 1.000
16.9661 	EXP 	Created end = TextStim(__class__=<class 'psychopy.visual.text.TextStim'>, alignHoriz=method-wrapper(...), alignText='center', alignVert=method-wrapper(...), anchorHoriz='center', anchorVert='center', antialias=True, autoDraw=False, autoLog=True, bold=False, color=array([1, 1, 1]), colorSpace='rgb', contrast=1.0, depth=0.0, flipHoriz=False, flipVert=False, font='Arial', fontFiles=[], height=0.03, italic=False, languageStyle='LTR', name='end', opacity=1.0, ori=0, pos=array([0., 0.]), rgb=UNKNOWN, text=str(...), units='height', win=Window(...), wrapWidth=1)
16.9697 	EXP 	Instructions: autoDraw = True
17.4469 	DATA 	Keypress: space
17.4634 	EXP 	Created sequence: random, trialTypes=1, nReps=3, seed=None
17.4635 	EXP 	New trial (rep=0, index=0): None
17.7073 	EXP 	Instructions: autoDraw = False
17.7073 	EXP 	fix: autoDraw = True
19.5793 	EXP 	Sound sound_pop started
19.5712 	EXP 	fix: autoDraw = False
19.5712 	EXP 	fix: autoDraw = False
19.5712 	EXP 	Triplet1: image = 'images/OBJ_43.png'
19.5712 	EXP 	Triplet2: image = 'images/OBJ_20.png'
19.5712 	EXP 	Triplet3: image = 'images/OBJ_193.png'
19.5712 	EXP 	Triplet1: autoDraw = True
19.9518 	EXP 	Sound sound_pop reached end of file
21.0786 	EXP 	Triplet1: autoDraw = False
21.5618 	EXP 	Sound sound_pop2 started
21.5618 	EXP 	Triplet2: autoDraw = True
21.9223 	EXP 	Sound sound_pop2 reached end of file
23.0618 	EXP 	Triplet2: autoDraw = False
23.5612 	EXP 	Sound sound_pop3 started
23.5612 	EXP 	Triplet3: autoDraw = True
23.9317 	EXP 	Sound sound_pop3 reached end of file
25.0607 	EXP 	Triplet3: autoDraw = False
25.0607 	EXP 	Triplet1: autoDraw = False
25.0607 	EXP 	Triplet2: autoDraw = False
25.0607 	EXP 	Triplet3: autoDraw = False
25.0607 	EXP 	Mask: autoDraw = True
26.7103 	EXP 	Sound sound_pop4 started
26.7077 	EXP 	Mask: autoDraw = False
26.7077 	EXP 	Mask: autoDraw = False
26.7077 	EXP 	img1: image = 'images/OBJ_43.png'
26.7077 	EXP 	img2: image = 'images/OBJ_20.png'
26.7077 	EXP 	img3: image = 'images/OBJ_193.png'
26.7077 	EXP 	img1: autoDraw = True
27.0823 	EXP 	Sound sound_pop4 reached end of file
28.2099 	EXP 	img1: autoDraw = False
28.7102 	EXP 	Sound sound_pop5 started
28.7102 	EXP 	img2: autoDraw = True
29.0713 	EXP 	Sound sound_pop5 reached end of file
30.2092 	EXP 	img2: autoDraw = False
30.7091 	EXP 	Sound sound_pop6 started
30.7096 	EXP 	img3: autoDraw = True
31.0725 	EXP 	Sound sound_pop6 reached end of file
32.2092 	EXP 	img3: autoDraw = False
32.2092 	EXP 	img1: autoDraw = False
32.2092 	EXP 	img2: autoDraw = False
32.2092 	EXP 	img3: autoDraw = False
32.2092 	EXP 	text_2: autoDraw = True
33.2085 	EXP 	text_2: autoDraw = False
33.2085 	EXP 	text_2: autoDraw = False
33.2085 	EXP 	sameText: height = 0.03
33.2085 	EXP 	sameText: height = 0.03
33.2085 	EXP 	sameText: height = 0.03
33.2085 	EXP 	sameText: text = 'Same'
33.2085 	EXP 	diffText: height = 0.03
33.2085 	EXP 	diffText: height = 0.03
33.2085 	EXP 	diffText: height = 0.03
33.2085 	EXP 	diffText: text = 'Different'
33.2085 	EXP 	text: autoDraw = True
33.2085 	EXP 	sameText: autoDraw = True
33.2085 	EXP 	diffText: autoDraw = True
33.2085 	EXP 	leftCL: autoDraw = True
33.2085 	EXP 	rightCL: autoDraw = True
33.5418 	DATA 	Mouse: Left button down, pos=(494,262)
33.5583 	EXP 	Sound clickedSound started
33.5583 	EXP 	text: autoDraw = False
33.5583 	EXP 	sameText: autoDraw = False
33.5583 	EXP 	diffText: autoDraw = False
33.5583 	EXP 	leftCL: autoDraw = False
33.5583 	EXP 	rightCL: autoDraw = False
33.6254 	DATA 	Mouse:  Left button up, pos=(494,262)
34.0622 	EXP 	Sound clickedSound stopped
34.0625 	EXP 	New trial (rep=1, index=0): None
34.2930 	EXP 	fix: autoDraw = True
34.9084 	DATA 	Keypress: escape
36.9115 	EXP 	window1: mouseVisible = True
36.9116 	EXP 	window1: mouseVisible = True
36.9117 	EXP 	window1: mouseVisible = True
36.9117 	EXP 	window1: mouseVisible = True
36.9118 	EXP 	window1: mouseVisible = True
36.9118 	EXP 	window1: mouseVisible = True
36.9119 	EXP 	window1: mouseVisible = True
36.9119 	EXP 	window1: mouseVisible = True
36.9119 	EXP 	window1: mouseVisible = True
36.9120 	EXP 	window1: mouseVisible = True
36.9120 	EXP 	window1: mouseVisible = True
36.9120 	EXP 	window1: mouseVisible = True
36.9120 	EXP 	window1: mouseVisible = True
36.9121 	EXP 	window1: mouseVisible = True
36.9121 	EXP 	window1: mouseVisible = True
36.9121 	EXP 	window1: mouseVisible = True
36.9122 	EXP 	window1: mouseVisible = True
36.9122 	EXP 	window1: mouseVisible = True
36.9122 	EXP 	window1: mouseVisible = True
36.9123 	EXP 	window1: mouseVisible = True
36.9123 	EXP 	window1: mouseVisible = True
36.9123 	EXP 	window1: mouseVisible = True
36.9124 	EXP 	window1: mouseVisible = True
36.9124 	EXP 	window1: mouseVisible = True
36.9124 	EXP 	window1: mouseVisible = True
36.9124 	EXP 	window1: mouseVisible = True
36.9125 	EXP 	window1: mouseVisible = True
36.9125 	EXP 	window1: mouseVisible = True
36.9125 	EXP 	window1: mouseVisible = True
36.9126 	EXP 	window1: mouseVisible = True
36.9126 	EXP 	window1: mouseVisible = True
36.9126 	EXP 	window1: mouseVisible = True
36.9127 	EXP 	window1: mouseVisible = True
36.9127 	EXP 	window1: mouseVisible = True
36.9127 	EXP 	window1: mouseVisible = True
36.9127 	EXP 	window1: mouseVisible = True
36.9128 	EXP 	window1: mouseVisible = True
36.9128 	EXP 	window1: mouseVisible = True
36.9128 	EXP 	window1: mouseVisible = True
36.9129 	EXP 	window1: mouseVisible = True
36.9129 	EXP 	window1: mouseVisible = True
36.9129 	EXP 	window1: mouseVisible = True
36.9130 	EXP 	window1: mouseVisible = True
36.9130 	EXP 	window1: mouseVisible = True
36.9130 	EXP 	window1: mouseVisible = True
36.9130 	EXP 	window1: mouseVisible = True
36.9131 	EXP 	window1: mouseVisible = True
36.9131 	EXP 	window1: mouseVisible = True
36.9131 	EXP 	window1: mouseVisible = True
36.9132 	EXP 	window1: mouseVisible = True
36.9132 	EXP 	window1: mouseVisible = True
36.9132 	EXP 	window1: mouseVisible = True
36.9132 	EXP 	window1: mouseVisible = True
36.9133 	EXP 	window1: mouseVisible = True
36.9133 	EXP 	window1: mouseVisible = True
36.9133 	EXP 	window1: mouseVisible = True
36.9134 	EXP 	window1: mouseVisible = True
36.9134 	EXP 	window1: mouseVisible = True
36.9134 	EXP 	window1: mouseVisible = True
36.9135 	EXP 	window1: mouseVisible = True
36.9135 	EXP 	window1: mouseVisible = True
36.9135 	EXP 	window1: mouseVisible = True
36.9135 	EXP 	window1: mouseVisible = True
36.9136 	EXP 	window1: mouseVisible = True
36.9136 	EXP 	window1: mouseVisible = True
36.9136 	EXP 	window1: mouseVisible = True
36.9137 	EXP 	window1: mouseVisible = True
36.9137 	EXP 	window1: mouseVisible = True
36.9137 	EXP 	window1: mouseVisible = True
36.9138 	EXP 	window1: mouseVisible = True
36.9138 	EXP 	window1: mouseVisible = True
36.9138 	EXP 	window1: mouseVisible = True
36.9138 	EXP 	window1: mouseVisible = True
36.9139 	EXP 	window1: mouseVisible = True
36.9139 	EXP 	window1: mouseVisible = True
36.9139 	EXP 	window1: mouseVisible = True
36.9140 	EXP 	window1: mouseVisible = True
36.9140 	EXP 	window1: mouseVisible = True
36.9140 	EXP 	window1: mouseVisible = True
36.9141 	EXP 	window1: mouseVisible = True
36.9141 	EXP 	window1: mouseVisible = True
36.9141 	EXP 	window1: mouseVisible = True
36.9141 	EXP 	window1: mouseVisible = True
36.9142 	EXP 	window1: mouseVisible = True
36.9142 	EXP 	window1: mouseVisible = True
36.9142 	EXP 	window1: mouseVisible = True
36.9143 	EXP 	window1: mouseVisible = True
36.9143 	EXP 	window1: mouseVisible = True
36.9143 	EXP 	window1: mouseVisible = True
36.9143 	EXP 	window1: mouseVisible = True
36.9144 	EXP 	window1: mouseVisible = True
36.9144 	EXP 	window1: mouseVisible = True
36.9144 	EXP 	window1: mouseVisible = True
36.9145 	EXP 	window1: mouseVisible = True
36.9145 	EXP 	window1: mouseVisible = True
36.9145 	EXP 	window1: mouseVisible = True
36.9146 	EXP 	window1: mouseVisible = True
36.9146 	EXP 	window1: mouseVisible = True
36.9146 	EXP 	window1: mouseVisible = True
36.9146 	EXP 	window1: mouseVisible = True
36.9147 	EXP 	window1: mouseVisible = True
36.9147 	EXP 	window1: mouseVisible = True
36.9147 	EXP 	window1: mouseVisible = True
36.9148 	EXP 	window1: mouseVisible = True
36.9148 	EXP 	window1: mouseVisible = True
36.9148 	EXP 	window1: mouseVisible = True
36.9149 	EXP 	window1: mouseVisible = True
36.9149 	EXP 	window1: mouseVisible = True
36.9149 	EXP 	window1: mouseVisible = True
36.9149 	EXP 	window1: mouseVisible = True
36.9150 	EXP 	window1: mouseVisible = True
36.9150 	EXP 	window1: mouseVisible = True
36.9150 	EXP 	window1: mouseVisible = True
36.9151 	EXP 	window1: mouseVisible = True
36.9151 	EXP 	window1: mouseVisible = True
36.9151 	EXP 	window1: mouseVisible = True
36.9151 	EXP 	window1: mouseVisible = True
36.9152 	EXP 	window1: mouseVisible = True
36.9152 	EXP 	window1: mouseVisible = True
36.9152 	EXP 	window1: mouseVisible = True
36.9153 	EXP 	window1: mouseVisible = True
36.9153 	EXP 	window1: mouseVisible = True
36.9153 	EXP 	window1: mouseVisible = True
36.9154 	EXP 	window1: mouseVisible = True
36.9154 	EXP 	window1: mouseVisible = True
36.9154 	EXP 	window1: mouseVisible = True
36.9154 	EXP 	window1: mouseVisible = True
36.9155 	EXP 	window1: mouseVisible = True
36.9155 	EXP 	window1: mouseVisible = True
36.9155 	EXP 	window1: mouseVisible = True
36.9156 	EXP 	window1: mouseVisible = True
36.9156 	EXP 	window1: mouseVisible = True
36.9156 	EXP 	window1: mouseVisible = True
36.9156 	EXP 	window1: mouseVisible = True
36.9157 	EXP 	window1: mouseVisible = True
36.9157 	EXP 	window1: mouseVisible = True
36.9157 	EXP 	window1: mouseVisible = True
36.9158 	EXP 	window1: mouseVisible = True
36.9158 	EXP 	window1: mouseVisible = True
36.9158 	EXP 	window1: mouseVisible = True
36.9159 	EXP 	window1: mouseVisible = True
36.9159 	EXP 	window1: mouseVisible = True
36.9159 	EXP 	window1: mouseVisible = True
36.9159 	EXP 	window1: mouseVisible = True
36.9160 	EXP 	window1: mouseVisible = True
36.9160 	EXP 	window1: mouseVisible = True
36.9160 	EXP 	window1: mouseVisible = True
36.9161 	EXP 	window1: mouseVisible = True
36.9161 	EXP 	window1: mouseVisible = True
36.9161 	EXP 	window1: mouseVisible = True
36.9162 	EXP 	window1: mouseVisible = True
36.9162 	EXP 	window1: mouseVisible = True
36.9162 	EXP 	window1: mouseVisible = True
36.9162 	EXP 	window1: mouseVisible = True
36.9163 	EXP 	window1: mouseVisible = True
36.9163 	EXP 	window1: mouseVisible = True
36.9163 	EXP 	window1: mouseVisible = True
36.9164 	EXP 	window1: mouseVisible = True
36.9164 	EXP 	window1: mouseVisible = True
36.9164 	EXP 	window1: mouseVisible = True
36.9165 	EXP 	window1: mouseVisible = True
36.9165 	EXP 	window1: mouseVisible = True
36.9165 	EXP 	window1: mouseVisible = True
36.9166 	EXP 	window1: mouseVisible = True
36.9166 	EXP 	window1: mouseVisible = True
36.9166 	EXP 	window1: mouseVisible = True
36.9167 	EXP 	window1: mouseVisible = True
36.9167 	EXP 	window1: mouseVisible = True
36.9167 	EXP 	window1: mouseVisible = True
36.9167 	EXP 	window1: mouseVisible = True
36.9168 	EXP 	window1: mouseVisible = True
36.9168 	EXP 	window1: mouseVisible = True
36.9168 	EXP 	window1: mouseVisible = True
36.9169 	EXP 	window1: mouseVisible = True
36.9169 	EXP 	window1: mouseVisible = True
36.9169 	EXP 	window1: mouseVisible = True
36.9169 	EXP 	window1: mouseVisible = True
36.9170 	EXP 	window1: mouseVisible = True
36.9170 	EXP 	window1: mouseVisible = True
36.9170 	EXP 	window1: mouseVisible = True
36.9171 	EXP 	window1: mouseVisible = True
36.9171 	EXP 	window1: mouseVisible = True
36.9171 	EXP 	window1: mouseVisible = True
36.9172 	EXP 	window1: mouseVisible = True
36.9172 	EXP 	window1: mouseVisible = True
36.9172 	EXP 	window1: mouseVisible = True
36.9172 	EXP 	window1: mouseVisible = True
36.9173 	EXP 	window1: mouseVisible = True
36.9173 	EXP 	window1: mouseVisible = True
36.9173 	EXP 	window1: mouseVisible = True
36.9174 	EXP 	window1: mouseVisible = True
36.9174 	EXP 	window1: mouseVisible = True
36.9174 	EXP 	window1: mouseVisible = True
36.9174 	EXP 	window1: mouseVisible = True
36.9175 	EXP 	window1: mouseVisible = True
36.9175 	EXP 	window1: mouseVisible = True
36.9175 	EXP 	window1: mouseVisible = True
36.9176 	EXP 	window1: mouseVisible = True
36.9176 	EXP 	window1: mouseVisible = True
36.9176 	EXP 	window1: mouseVisible = True
36.9177 	EXP 	window1: mouseVisible = True
36.9177 	EXP 	window1: mouseVisible = True
36.9177 	EXP 	window1: mouseVisible = True
36.9177 	EXP 	window1: mouseVisible = True
36.9178 	EXP 	window1: mouseVisible = True
36.9178 	EXP 	window1: mouseVisible = True
36.9178 	EXP 	window1: mouseVisible = True
36.9179 	EXP 	window1: mouseVisible = True
36.9179 	EXP 	window1: mouseVisible = True
36.9179 	EXP 	window1: mouseVisible = True
36.9180 	EXP 	window1: mouseVisible = True
36.9180 	EXP 	window1: mouseVisible = True
36.9180 	EXP 	window1: mouseVisible = True
36.9180 	EXP 	window1: mouseVisible = True
36.9181 	EXP 	window1: mouseVisible = True
36.9181 	EXP 	window1: mouseVisible = True
36.9181 	EXP 	window1: mouseVisible = True
36.9182 	EXP 	window1: mouseVisible = True
36.9182 	EXP 	window1: mouseVisible = True
36.9182 	EXP 	window1: mouseVisible = True
36.9183 	EXP 	window1: mouseVisible = True
36.9183 	EXP 	window1: mouseVisible = True
36.9183 	EXP 	window1: mouseVisible = True
36.9183 	EXP 	window1: mouseVisible = True
36.9184 	EXP 	window1: mouseVisible = True
36.9184 	EXP 	window1: mouseVisible = True
36.9184 	EXP 	window1: mouseVisible = True
36.9185 	EXP 	window1: mouseVisible = True
36.9185 	EXP 	window1: mouseVisible = True
36.9185 	EXP 	window1: mouseVisible = True
36.9186 	EXP 	window1: mouseVisible = True
36.9186 	EXP 	window1: mouseVisible = True
36.9186 	EXP 	window1: mouseVisible = True
36.9186 	EXP 	window1: mouseVisible = True
36.9187 	EXP 	window1: mouseVisible = True
36.9187 	EXP 	window1: mouseVisible = True
36.9187 	EXP 	window1: mouseVisible = True
36.9188 	EXP 	window1: mouseVisible = True
36.9188 	EXP 	window1: mouseVisible = True
36.9188 	EXP 	window1: mouseVisible = True
36.9189 	EXP 	window1: mouseVisible = True
36.9189 	EXP 	window1: mouseVisible = True
36.9189 	EXP 	window1: mouseVisible = True
36.9189 	EXP 	window1: mouseVisible = True
36.9190 	EXP 	window1: mouseVisible = True
36.9190 	EXP 	window1: mouseVisible = True
36.9190 	EXP 	window1: mouseVisible = True
36.9191 	EXP 	window1: mouseVisible = True
36.9191 	EXP 	window1: mouseVisible = True
36.9191 	EXP 	window1: mouseVisible = True
36.9192 	EXP 	window1: mouseVisible = True
36.9192 	EXP 	window1: mouseVisible = True
36.9192 	EXP 	window1: mouseVisible = True
36.9193 	EXP 	window1: mouseVisible = True
36.9193 	EXP 	window1: mouseVisible = True
36.9193 	EXP 	window1: mouseVisible = True
36.9193 	EXP 	window1: mouseVisible = True
36.9194 	EXP 	window1: mouseVisible = True
36.9194 	EXP 	window1: mouseVisible = True
36.9194 	EXP 	window1: mouseVisible = True
36.9195 	EXP 	window1: mouseVisible = True
36.9195 	EXP 	window1: mouseVisible = True
36.9195 	EXP 	window1: mouseVisible = True
36.9196 	EXP 	window1: mouseVisible = True
36.9196 	EXP 	window1: mouseVisible = True
36.9196 	EXP 	window1: mouseVisible = True
36.9196 	EXP 	window1: mouseVisible = True
36.9197 	EXP 	window1: mouseVisible = True
36.9197 	EXP 	window1: mouseVisible = True
36.9197 	EXP 	window1: mouseVisible = True
36.9198 	EXP 	window1: mouseVisible = True
36.9198 	EXP 	window1: mouseVisible = True
36.9198 	EXP 	window1: mouseVisible = True
36.9199 	EXP 	window1: mouseVisible = True
36.9199 	EXP 	window1: mouseVisible = True
36.9199 	EXP 	window1: mouseVisible = True
36.9199 	EXP 	window1: mouseVisible = True
36.9200 	EXP 	window1: mouseVisible = True
36.9200 	EXP 	window1: mouseVisible = True
36.9200 	EXP 	window1: mouseVisible = True
36.9201 	EXP 	window1: mouseVisible = True
36.9201 	EXP 	window1: mouseVisible = True
36.9201 	EXP 	window1: mouseVisible = True
36.9202 	EXP 	window1: mouseVisible = True
36.9202 	EXP 	window1: mouseVisible = True
36.9202 	EXP 	window1: mouseVisible = True
36.9203 	EXP 	window1: mouseVisible = True
36.9203 	EXP 	window1: mouseVisible = True
36.9203 	EXP 	window1: mouseVisible = True
36.9203 	EXP 	window1: mouseVisible = True
36.9204 	EXP 	window1: mouseVisible = True
36.9204 	EXP 	window1: mouseVisible = True
36.9204 	EXP 	window1: mouseVisible = True
36.9205 	EXP 	window1: mouseVisible = True
36.9205 	EXP 	window1: mouseVisible = True
36.9205 	EXP 	window1: mouseVisible = True
36.9206 	EXP 	window1: mouseVisible = True
36.9206 	EXP 	window1: mouseVisible = True
36.9206 	EXP 	window1: mouseVisible = True
36.9206 	EXP 	window1: mouseVisible = True
36.9207 	EXP 	window1: mouseVisible = True
36.9207 	EXP 	window1: mouseVisible = True
36.9207 	EXP 	window1: mouseVisible = True
36.9208 	EXP 	window1: mouseVisible = True
36.9208 	EXP 	window1: mouseVisible = True
36.9208 	EXP 	window1: mouseVisible = True
36.9209 	EXP 	window1: mouseVisible = True
36.9209 	EXP 	window1: mouseVisible = True
36.9209 	EXP 	window1: mouseVisible = True
36.9210 	EXP 	window1: mouseVisible = True
36.9210 	EXP 	window1: mouseVisible = True
36.9210 	EXP 	window1: mouseVisible = True
36.9210 	EXP 	window1: mouseVisible = True
36.9211 	EXP 	window1: mouseVisible = True
36.9211 	EXP 	window1: mouseVisible = True
36.9211 	EXP 	window1: mouseVisible = True
36.9212 	EXP 	window1: mouseVisible = True
36.9212 	EXP 	window1: mouseVisible = True
36.9213 	EXP 	window1: mouseVisible = True
36.9213 	EXP 	window1: mouseVisible = True
36.9213 	EXP 	window1: mouseVisible = True
36.9213 	EXP 	window1: mouseVisible = True
36.9214 	EXP 	window1: mouseVisible = True
36.9214 	EXP 	window1: mouseVisible = True
36.9214 	EXP 	window1: mouseVisible = True
36.9215 	EXP 	window1: mouseVisible = True
36.9215 	EXP 	window1: mouseVisible = True
36.9215 	EXP 	window1: mouseVisible = True
36.9216 	EXP 	window1: mouseVisible = True
36.9216 	EXP 	window1: mouseVisible = True
36.9217 	EXP 	window1: mouseVisible = True
36.9217 	EXP 	window1: mouseVisible = True
36.9217 	EXP 	window1: mouseVisible = True
36.9218 	EXP 	window1: mouseVisible = True
36.9218 	EXP 	window1: mouseVisible = True
36.9218 	EXP 	window1: mouseVisible = True
36.9218 	EXP 	window1: mouseVisible = True
36.9219 	EXP 	window1: mouseVisible = True
36.9219 	EXP 	window1: mouseVisible = True
36.9219 	EXP 	window1: mouseVisible = True
36.9220 	EXP 	window1: mouseVisible = True
36.9220 	EXP 	window1: mouseVisible = True
36.9221 	EXP 	window1: mouseVisible = True
36.9221 	EXP 	window1: mouseVisible = True
36.9221 	EXP 	window1: mouseVisible = True
36.9222 	EXP 	window1: mouseVisible = True
36.9222 	EXP 	window1: mouseVisible = True
36.9222 	EXP 	window1: mouseVisible = True
36.9223 	EXP 	window1: mouseVisible = True
36.9223 	EXP 	window1: mouseVisible = True
36.9223 	EXP 	window1: mouseVisible = True
36.9224 	EXP 	window1: mouseVisible = True
36.9224 	EXP 	window1: mouseVisible = True
36.9224 	EXP 	window1: mouseVisible = True
36.9225 	EXP 	window1: mouseVisible = True
36.9225 	EXP 	window1: mouseVisible = True
36.9225 	EXP 	window1: mouseVisible = True
36.9225 	EXP 	window1: mouseVisible = True
36.9226 	EXP 	window1: mouseVisible = True
36.9226 	EXP 	window1: mouseVisible = True
36.9226 	EXP 	window1: mouseVisible = True
36.9227 	EXP 	window1: mouseVisible = True
36.9227 	EXP 	window1: mouseVisible = True
36.9227 	EXP 	window1: mouseVisible = True
36.9228 	EXP 	window1: mouseVisible = True
36.9228 	EXP 	window1: mouseVisible = True
36.9228 	EXP 	window1: mouseVisible = True
36.9228 	EXP 	window1: mouseVisible = True
36.9229 	EXP 	window1: mouseVisible = True
36.9229 	EXP 	window1: mouseVisible = True
36.9229 	EXP 	window1: mouseVisible = True
36.9230 	EXP 	window1: mouseVisible = True
36.9230 	EXP 	window1: mouseVisible = True
36.9230 	EXP 	window1: mouseVisible = True
36.9231 	EXP 	window1: mouseVisible = True
36.9231 	EXP 	window1: mouseVisible = True
36.9231 	EXP 	window1: mouseVisible = True
36.9232 	EXP 	window1: mouseVisible = True
36.9232 	EXP 	window1: mouseVisible = True
36.9232 	EXP 	window1: mouseVisible = True
36.9232 	EXP 	window1: mouseVisible = True
36.9233 	EXP 	window1: mouseVisible = True
36.9233 	EXP 	window1: mouseVisible = True
36.9233 	EXP 	window1: mouseVisible = True
36.9234 	EXP 	window1: mouseVisible = True
36.9234 	EXP 	window1: mouseVisible = True
36.9234 	EXP 	window1: mouseVisible = True
36.9235 	EXP 	window1: mouseVisible = True
36.9235 	EXP 	window1: mouseVisible = True
36.9235 	EXP 	window1: mouseVisible = True
36.9236 	EXP 	window1: mouseVisible = True
36.9236 	EXP 	window1: mouseVisible = True
36.9236 	EXP 	window1: mouseVisible = True
36.9236 	EXP 	window1: mouseVisible = True
36.9237 	EXP 	window1: mouseVisible = True
36.9237 	EXP 	window1: mouseVisible = True
36.9237 	EXP 	window1: mouseVisible = True
36.9238 	EXP 	window1: mouseVisible = True
36.9238 	EXP 	window1: mouseVisible = True
36.9238 	EXP 	window1: mouseVisible = True
36.9239 	EXP 	window1: mouseVisible = True
36.9239 	EXP 	window1: mouseVisible = True
36.9239 	EXP 	window1: mouseVisible = True
36.9240 	EXP 	window1: mouseVisible = True
36.9240 	EXP 	window1: mouseVisible = True
36.9240 	EXP 	window1: mouseVisible = True
36.9240 	EXP 	window1: mouseVisible = True
36.9241 	EXP 	window1: mouseVisible = True
36.9241 	EXP 	window1: mouseVisible = True
36.9241 	EXP 	window1: mouseVisible = True
36.9242 	EXP 	window1: mouseVisible = True
36.9242 	EXP 	window1: mouseVisible = True
36.9242 	EXP 	window1: mouseVisible = True
36.9243 	EXP 	window1: mouseVisible = True
36.9243 	EXP 	window1: mouseVisible = True
36.9243 	EXP 	window1: mouseVisible = True
36.9243 	EXP 	window1: mouseVisible = True
36.9244 	EXP 	window1: mouseVisible = True
36.9244 	EXP 	window1: mouseVisible = True
36.9244 	EXP 	window1: mouseVisible = True
36.9245 	EXP 	window1: mouseVisible = True
36.9245 	EXP 	window1: mouseVisible = True
36.9245 	EXP 	window1: mouseVisible = True
36.9246 	EXP 	window1: mouseVisible = True
36.9246 	EXP 	window1: mouseVisible = True
36.9246 	EXP 	window1: mouseVisible = True
36.9247 	EXP 	window1: mouseVisible = True
36.9247 	EXP 	window1: mouseVisible = True
36.9247 	EXP 	window1: mouseVisible = True
36.9247 	EXP 	window1: mouseVisible = True
36.9248 	EXP 	window1: mouseVisible = True
36.9248 	EXP 	window1: mouseVisible = True
36.9248 	EXP 	window1: mouseVisible = True
36.9249 	EXP 	window1: mouseVisible = True
36.9249 	EXP 	window1: mouseVisible = True
36.9249 	EXP 	window1: mouseVisible = True
36.9250 	EXP 	window1: mouseVisible = True
36.9250 	EXP 	window1: mouseVisible = True
36.9250 	EXP 	window1: mouseVisible = True
36.9251 	EXP 	window1: mouseVisible = True
36.9251 	EXP 	window1: mouseVisible = True
36.9251 	EXP 	window1: mouseVisible = True
36.9251 	EXP 	window1: mouseVisible = True
36.9252 	EXP 	window1: mouseVisible = True
36.9252 	EXP 	window1: mouseVisible = True
36.9252 	EXP 	window1: mouseVisible = True
36.9253 	EXP 	window1: mouseVisible = True
36.9253 	EXP 	window1: mouseVisible = True
36.9253 	EXP 	window1: mouseVisible = True
36.9254 	EXP 	window1: mouseVisible = True
36.9254 	EXP 	window1: mouseVisible = True
36.9254 	EXP 	window1: mouseVisible = True
36.9254 	EXP 	window1: mouseVisible = True
36.9255 	EXP 	window1: mouseVisible = True
36.9255 	EXP 	window1: mouseVisible = True
36.9255 	EXP 	window1: mouseVisible = True
36.9256 	EXP 	window1: mouseVisible = True
36.9256 	EXP 	window1: mouseVisible = True
36.9256 	EXP 	window1: mouseVisible = True
36.9257 	EXP 	window1: mouseVisible = True
36.9257 	EXP 	window1: mouseVisible = True
36.9257 	EXP 	window1: mouseVisible = True
36.9257 	EXP 	window1: mouseVisible = True
36.9258 	EXP 	window1: mouseVisible = True
36.9258 	EXP 	window1: mouseVisible = True
36.9258 	EXP 	window1: mouseVisible = True
36.9259 	EXP 	window1: mouseVisible = True
36.9259 	EXP 	window1: mouseVisible = True
36.9259 	EXP 	window1: mouseVisible = True
36.9260 	EXP 	window1: mouseVisible = True
36.9260 	EXP 	window1: mouseVisible = True
36.9260 	EXP 	window1: mouseVisible = True
36.9261 	EXP 	window1: mouseVisible = True
36.9261 	EXP 	window1: mouseVisible = True
36.9261 	EXP 	window1: mouseVisible = True
36.9262 	EXP 	window1: mouseVisible = True
36.9262 	EXP 	window1: mouseVisible = True
36.9262 	EXP 	window1: mouseVisible = True
36.9263 	EXP 	window1: mouseVisible = True
36.9263 	EXP 	window1: mouseVisible = True
36.9263 	EXP 	window1: mouseVisible = True
36.9264 	EXP 	window1: mouseVisible = True
36.9264 	EXP 	window1: mouseVisible = True
36.9265 	EXP 	window1: mouseVisible = True
36.9265 	EXP 	window1: mouseVisible = True
36.9265 	EXP 	window1: mouseVisible = True
36.9266 	EXP 	window1: mouseVisible = True
36.9266 	EXP 	window1: mouseVisible = True
36.9266 	EXP 	window1: mouseVisible = True
36.9266 	EXP 	window1: mouseVisible = True
36.9267 	EXP 	window1: mouseVisible = True
36.9267 	EXP 	window1: mouseVisible = True
36.9267 	EXP 	window1: mouseVisible = True
36.9268 	EXP 	window1: mouseVisible = True
36.9268 	EXP 	window1: mouseVisible = True
36.9268 	EXP 	window1: mouseVisible = True
36.9269 	EXP 	window1: mouseVisible = True
36.9269 	EXP 	window1: mouseVisible = True
36.9269 	EXP 	window1: mouseVisible = True
36.9270 	EXP 	window1: mouseVisible = True
36.9270 	EXP 	window1: mouseVisible = True
36.9270 	EXP 	window1: mouseVisible = True
36.9270 	EXP 	window1: mouseVisible = True
36.9271 	EXP 	window1: mouseVisible = True
36.9271 	EXP 	window1: mouseVisible = True
36.9271 	EXP 	window1: mouseVisible = True
36.9272 	EXP 	window1: mouseVisible = True
36.9272 	EXP 	window1: mouseVisible = True
36.9272 	EXP 	window1: mouseVisible = True
36.9273 	EXP 	window1: mouseVisible = True
36.9273 	EXP 	window1: mouseVisible = True
36.9273 	EXP 	window1: mouseVisible = True
36.9273 	EXP 	window1: mouseVisible = True
36.9274 	EXP 	window1: mouseVisible = True
36.9274 	EXP 	window1: mouseVisible = True
36.9274 	EXP 	window1: mouseVisible = True
36.9275 	EXP 	window1: mouseVisible = True
36.9275 	EXP 	window1: mouseVisible = True
36.9275 	EXP 	window1: mouseVisible = True
36.9276 	EXP 	window1: mouseVisible = True
36.9276 	EXP 	window1: mouseVisible = True
36.9276 	EXP 	window1: mouseVisible = True
36.9277 	EXP 	window1: mouseVisible = True
36.9277 	EXP 	window1: mouseVisible = True
36.9277 	EXP 	window1: mouseVisible = True
36.9277 	EXP 	window1: mouseVisible = True
36.9278 	EXP 	window1: mouseVisible = True
36.9278 	EXP 	window1: mouseVisible = True
36.9278 	EXP 	window1: mouseVisible = True
36.9279 	EXP 	window1: mouseVisible = True
36.9279 	EXP 	window1: mouseVisible = True
36.9279 	EXP 	window1: mouseVisible = True
36.9279 	EXP 	window1: mouseVisible = True
36.9280 	EXP 	window1: mouseVisible = True
36.9280 	EXP 	window1: mouseVisible = True
36.9280 	EXP 	window1: mouseVisible = True
36.9281 	EXP 	window1: mouseVisible = True
36.9281 	EXP 	window1: mouseVisible = True
36.9281 	EXP 	window1: mouseVisible = True
36.9282 	EXP 	window1: mouseVisible = True
36.9282 	EXP 	window1: mouseVisible = True
36.9282 	EXP 	window1: mouseVisible = True
36.9283 	EXP 	window1: mouseVisible = True
36.9283 	EXP 	window1: mouseVisible = True
36.9283 	EXP 	window1: mouseVisible = True
36.9283 	EXP 	window1: mouseVisible = True
36.9284 	EXP 	window1: mouseVisible = True
36.9284 	EXP 	window1: mouseVisible = True
36.9284 	EXP 	window1: mouseVisible = True
36.9285 	EXP 	window1: mouseVisible = True
36.9285 	EXP 	window1: mouseVisible = True
36.9285 	EXP 	window1: mouseVisible = True
36.9286 	EXP 	window1: mouseVisible = True
36.9286 	EXP 	window1: mouseVisible = True
36.9286 	EXP 	window1: mouseVisible = True
36.9286 	EXP 	window1: mouseVisible = True
36.9287 	EXP 	window1: mouseVisible = True
36.9287 	EXP 	window1: mouseVisible = True
36.9287 	EXP 	window1: mouseVisible = True
36.9288 	EXP 	window1: mouseVisible = True
36.9288 	EXP 	window1: mouseVisible = True
36.9288 	EXP 	window1: mouseVisible = True
36.9289 	EXP 	window1: mouseVisible = True
36.9289 	EXP 	window1: mouseVisible = True
36.9289 	EXP 	window1: mouseVisible = True
36.9290 	EXP 	window1: mouseVisible = True
36.9290 	EXP 	window1: mouseVisible = True
36.9290 	EXP 	window1: mouseVisible = True
36.9290 	EXP 	window1: mouseVisible = True
36.9291 	EXP 	window1: mouseVisible = True
36.9291 	EXP 	window1: mouseVisible = True
36.9291 	EXP 	window1: mouseVisible = True
36.9292 	EXP 	window1: mouseVisible = True
36.9292 	EXP 	window1: mouseVisible = True
36.9292 	EXP 	window1: mouseVisible = True
36.9293 	EXP 	window1: mouseVisible = True
36.9293 	EXP 	window1: mouseVisible = True
36.9293 	EXP 	window1: mouseVisible = True
36.9293 	EXP 	window1: mouseVisible = True
36.9294 	EXP 	window1: mouseVisible = True
36.9294 	EXP 	window1: mouseVisible = True
36.9294 	EXP 	window1: mouseVisible = True
36.9295 	EXP 	window1: mouseVisible = True
36.9295 	EXP 	window1: mouseVisible = True
36.9295 	EXP 	window1: mouseVisible = True
36.9296 	EXP 	window1: mouseVisible = True
36.9296 	EXP 	window1: mouseVisible = True
36.9296 	EXP 	window1: mouseVisible = True
36.9297 	EXP 	window1: mouseVisible = True
36.9297 	EXP 	window1: mouseVisible = True
36.9297 	EXP 	window1: mouseVisible = True
36.9297 	EXP 	window1: mouseVisible = True
36.9298 	EXP 	window1: mouseVisible = True
36.9298 	EXP 	window1: mouseVisible = True
36.9298 	EXP 	window1: mouseVisible = True
36.9299 	EXP 	window1: mouseVisible = True
36.9299 	EXP 	window1: mouseVisible = True
36.9299 	EXP 	window1: mouseVisible = True
36.9300 	EXP 	window1: mouseVisible = True
36.9300 	EXP 	window1: mouseVisible = True
36.9300 	EXP 	window1: mouseVisible = True
36.9300 	EXP 	window1: mouseVisible = True
36.9301 	EXP 	window1: mouseVisible = True
36.9301 	EXP 	window1: mouseVisible = True
36.9301 	EXP 	window1: mouseVisible = True
36.9302 	EXP 	window1: mouseVisible = True
36.9302 	EXP 	window1: mouseVisible = True
36.9302 	EXP 	window1: mouseVisible = True
36.9303 	EXP 	window1: mouseVisible = True
36.9303 	EXP 	window1: mouseVisible = True
36.9303 	EXP 	window1: mouseVisible = True
36.9303 	EXP 	window1: mouseVisible = True
36.9304 	EXP 	window1: mouseVisible = True
36.9304 	EXP 	window1: mouseVisible = True
36.9304 	EXP 	window1: mouseVisible = True
36.9305 	EXP 	window1: mouseVisible = True
36.9305 	EXP 	window1: mouseVisible = True
36.9305 	EXP 	window1: mouseVisible = True
36.9306 	EXP 	window1: mouseVisible = True
36.9306 	EXP 	window1: mouseVisible = True
36.9306 	EXP 	window1: mouseVisible = True
36.9307 	EXP 	window1: mouseVisible = True
36.9307 	EXP 	window1: mouseVisible = True
36.9307 	EXP 	window1: mouseVisible = True
36.9308 	EXP 	window1: mouseVisible = True
36.9308 	EXP 	window1: mouseVisible = True
36.9308 	EXP 	window1: mouseVisible = True
36.9308 	EXP 	window1: mouseVisible = True
36.9309 	EXP 	window1: mouseVisible = True
36.9309 	EXP 	window1: mouseVisible = True
36.9310 	EXP 	window1: mouseVisible = True
36.9310 	EXP 	window1: mouseVisible = True
36.9310 	EXP 	window1: mouseVisible = True
36.9311 	EXP 	window1: mouseVisible = True
36.9311 	EXP 	window1: mouseVisible = True
36.9311 	EXP 	window1: mouseVisible = True
36.9312 	EXP 	window1: mouseVisible = True
36.9312 	EXP 	window1: mouseVisible = True
36.9312 	EXP 	window1: mouseVisible = True
36.9312 	EXP 	window1: mouseVisible = True
36.9313 	EXP 	window1: mouseVisible = True
36.9313 	EXP 	window1: mouseVisible = True
36.9313 	EXP 	window1: mouseVisible = True
36.9314 	EXP 	window1: mouseVisible = True
36.9314 	EXP 	window1: mouseVisible = True
36.9314 	EXP 	window1: mouseVisible = True
36.9315 	EXP 	window1: mouseVisible = True
36.9315 	EXP 	window1: mouseVisible = True
36.9315 	EXP 	window1: mouseVisible = True
36.9316 	EXP 	window1: mouseVisible = True
36.9316 	EXP 	window1: mouseVisible = True
36.9316 	EXP 	window1: mouseVisible = True
36.9316 	EXP 	window1: mouseVisible = True
36.9317 	EXP 	window1: mouseVisible = True
36.9317 	EXP 	window1: mouseVisible = True
36.9317 	EXP 	window1: mouseVisible = True
36.9318 	EXP 	window1: mouseVisible = True
36.9318 	EXP 	window1: mouseVisible = True
36.9318 	EXP 	window1: mouseVisible = True
36.9318 	EXP 	window1: mouseVisible = True
36.9319 	EXP 	window1: mouseVisible = True
36.9319 	EXP 	window1: mouseVisible = True
36.9319 	EXP 	window1: mouseVisible = True
36.9320 	EXP 	window1: mouseVisible = True
36.9320 	EXP 	window1: mouseVisible = True
36.9320 	EXP 	window1: mouseVisible = True
36.9321 	EXP 	window1: mouseVisible = True
36.9321 	EXP 	window1: mouseVisible = True
36.9321 	EXP 	window1: mouseVisible = True
36.9322 	EXP 	window1: mouseVisible = True
36.9322 	EXP 	window1: mouseVisible = True
36.9322 	EXP 	window1: mouseVisible = True
36.9322 	EXP 	window1: mouseVisible = True
36.9323 	EXP 	window1: mouseVisible = True
36.9323 	EXP 	window1: mouseVisible = True
36.9323 	EXP 	window1: mouseVisible = True
36.9324 	EXP 	window1: mouseVisible = True
36.9324 	EXP 	window1: mouseVisible = True
36.9324 	EXP 	window1: mouseVisible = True
36.9325 	EXP 	window1: mouseVisible = True
36.9325 	EXP 	window1: mouseVisible = True
36.9325 	EXP 	window1: mouseVisible = True
36.9326 	EXP 	window1: mouseVisible = True
36.9326 	EXP 	window1: mouseVisible = True
36.9326 	EXP 	window1: mouseVisible = True
36.9326 	EXP 	window1: mouseVisible = True
36.9327 	EXP 	window1: mouseVisible = True
36.9327 	EXP 	window1: mouseVisible = True
36.9327 	EXP 	window1: mouseVisible = True
36.9328 	EXP 	window1: mouseVisible = True
36.9328 	EXP 	window1: mouseVisible = True
36.9328 	EXP 	window1: mouseVisible = True
36.9329 	EXP 	window1: mouseVisible = True
36.9329 	EXP 	window1: mouseVisible = True
36.9329 	EXP 	window1: mouseVisible = True
36.9330 	EXP 	window1: mouseVisible = True
36.9330 	EXP 	window1: mouseVisible = True
36.9330 	EXP 	window1: mouseVisible = True
36.9330 	EXP 	window1: mouseVisible = True
36.9331 	EXP 	window1: mouseVisible = True
36.9331 	EXP 	window1: mouseVisible = True
36.9331 	EXP 	window1: mouseVisible = True
36.9332 	EXP 	window1: mouseVisible = True
36.9332 	EXP 	window1: mouseVisible = True
36.9332 	EXP 	window1: mouseVisible = True
36.9333 	EXP 	window1: mouseVisible = True
36.9333 	EXP 	window1: mouseVisible = True
36.9333 	EXP 	window1: mouseVisible = True
36.9333 	EXP 	window1: mouseVisible = True
36.9334 	EXP 	window1: mouseVisible = True
36.9334 	EXP 	window1: mouseVisible = True
36.9334 	EXP 	window1: mouseVisible = True
36.9335 	EXP 	window1: mouseVisible = True
36.9335 	EXP 	window1: mouseVisible = True
36.9335 	EXP 	window1: mouseVisible = True
36.9336 	EXP 	window1: mouseVisible = True
36.9336 	EXP 	window1: mouseVisible = True
36.9336 	EXP 	window1: mouseVisible = True
36.9337 	EXP 	window1: mouseVisible = True
36.9337 	EXP 	window1: mouseVisible = True
36.9337 	EXP 	window1: mouseVisible = True
36.9337 	EXP 	window1: mouseVisible = True
36.9338 	EXP 	window1: mouseVisible = True
36.9338 	EXP 	window1: mouseVisible = True
36.9338 	EXP 	window1: mouseVisible = True
36.9339 	EXP 	window1: mouseVisible = True
36.9339 	EXP 	window1: mouseVisible = True
36.9339 	EXP 	window1: mouseVisible = True
36.9340 	EXP 	window1: mouseVisible = True
36.9340 	EXP 	window1: mouseVisible = True
36.9340 	EXP 	window1: mouseVisible = True
36.9341 	EXP 	window1: mouseVisible = True
36.9341 	EXP 	window1: mouseVisible = True
36.9341 	EXP 	window1: mouseVisible = True
36.9341 	EXP 	window1: mouseVisible = True
36.9342 	EXP 	window1: mouseVisible = True
36.9342 	EXP 	window1: mouseVisible = True
36.9342 	EXP 	window1: mouseVisible = True
36.9343 	EXP 	window1: mouseVisible = True
36.9343 	EXP 	window1: mouseVisible = True
36.9343 	EXP 	window1: mouseVisible = True
36.9344 	EXP 	window1: mouseVisible = True
36.9344 	EXP 	window1: mouseVisible = True
36.9344 	EXP 	window1: mouseVisible = True
36.9345 	EXP 	window1: mouseVisible = True
36.9345 	EXP 	window1: mouseVisible = True
36.9345 	EXP 	window1: mouseVisible = True
36.9346 	EXP 	window1: mouseVisible = True
36.9346 	EXP 	window1: mouseVisible = True
36.9346 	EXP 	window1: mouseVisible = True
36.9347 	EXP 	window1: mouseVisible = True
36.9347 	EXP 	window1: mouseVisible = True
36.9347 	EXP 	window1: mouseVisible = True
36.9348 	EXP 	window1: mouseVisible = True
36.9348 	EXP 	window1: mouseVisible = True
36.9348 	EXP 	window1: mouseVisible = True
36.9348 	EXP 	window1: mouseVisible = True
36.9349 	EXP 	window1: mouseVisible = True
36.9349 	EXP 	window1: mouseVisible = True
36.9349 	EXP 	window1: mouseVisible = True
36.9350 	EXP 	window1: mouseVisible = True
36.9350 	EXP 	window1: mouseVisible = True
36.9350 	EXP 	window1: mouseVisible = True
36.9351 	EXP 	window1: mouseVisible = True
36.9351 	EXP 	window1: mouseVisible = True
36.9351 	EXP 	window1: mouseVisible = True
36.9352 	EXP 	window1: mouseVisible = True
36.9352 	EXP 	window1: mouseVisible = True
36.9352 	EXP 	window1: mouseVisible = True
36.9352 	EXP 	window1: mouseVisible = True
36.9353 	EXP 	window1: mouseVisible = True
36.9353 	EXP 	window1: mouseVisible = True
36.9353 	EXP 	window1: mouseVisible = True
36.9354 	EXP 	window1: mouseVisible = True
36.9354 	EXP 	window1: mouseVisible = True
36.9354 	EXP 	window1: mouseVisible = True
36.9355 	EXP 	window1: mouseVisible = True
36.9355 	EXP 	window1: mouseVisible = True
36.9355 	EXP 	window1: mouseVisible = True
36.9356 	EXP 	window1: mouseVisible = True
36.9356 	EXP 	window1: mouseVisible = True
36.9356 	EXP 	window1: mouseVisible = True
36.9356 	EXP 	window1: mouseVisible = True
36.9357 	EXP 	window1: mouseVisible = True
36.9357 	EXP 	window1: mouseVisible = True
36.9358 	EXP 	window1: mouseVisible = True
36.9358 	EXP 	window1: mouseVisible = True
36.9358 	EXP 	window1: mouseVisible = True
36.9359 	EXP 	window1: mouseVisible = True
36.9359 	EXP 	window1: mouseVisible = True
36.9359 	EXP 	window1: mouseVisible = True
36.9360 	EXP 	window1: mouseVisible = True
36.9360 	EXP 	window1: mouseVisible = True
36.9360 	EXP 	window1: mouseVisible = True
36.9360 	EXP 	window1: mouseVisible = True
36.9361 	EXP 	window1: mouseVisible = True
36.9361 	EXP 	window1: mouseVisible = True
36.9361 	EXP 	window1: mouseVisible = True
36.9362 	EXP 	window1: mouseVisible = True
36.9362 	EXP 	window1: mouseVisible = True
36.9362 	EXP 	window1: mouseVisible = True
36.9363 	EXP 	window1: mouseVisible = True
36.9363 	EXP 	window1: mouseVisible = True
36.9363 	EXP 	window1: mouseVisible = True
36.9363 	EXP 	window1: mouseVisible = True
36.9364 	EXP 	window1: mouseVisible = True
36.9364 	EXP 	window1: mouseVisible = True
36.9364 	EXP 	window1: mouseVisible = True
36.9365 	EXP 	window1: mouseVisible = True
36.9365 	EXP 	window1: mouseVisible = True
36.9365 	EXP 	window1: mouseVisible = True
36.9366 	EXP 	window1: mouseVisible = True
36.9366 	EXP 	window1: mouseVisible = True
36.9366 	EXP 	window1: mouseVisible = True
36.9367 	EXP 	window1: mouseVisible = True
36.9367 	EXP 	window1: mouseVisible = True
36.9367 	EXP 	window1: mouseVisible = True
36.9367 	EXP 	window1: mouseVisible = True
36.9368 	EXP 	window1: mouseVisible = True
36.9368 	EXP 	window1: mouseVisible = True
36.9368 	EXP 	window1: mouseVisible = True
36.9369 	EXP 	window1: mouseVisible = True
36.9369 	EXP 	window1: mouseVisible = True
36.9369 	EXP 	window1: mouseVisible = True
36.9370 	EXP 	window1: mouseVisible = True
36.9370 	EXP 	window1: mouseVisible = True
36.9370 	EXP 	window1: mouseVisible = True
36.9371 	EXP 	window1: mouseVisible = True
36.9371 	EXP 	window1: mouseVisible = True
36.9371 	EXP 	window1: mouseVisible = True
36.9371 	EXP 	window1: mouseVisible = True
36.9372 	EXP 	window1: mouseVisible = True
36.9372 	EXP 	window1: mouseVisible = True
36.9372 	EXP 	window1: mouseVisible = True
36.9373 	EXP 	window1: mouseVisible = True
36.9373 	EXP 	window1: mouseVisible = True
36.9373 	EXP 	window1: mouseVisible = True
36.9374 	EXP 	window1: mouseVisible = True
36.9374 	EXP 	window1: mouseVisible = True
36.9375 	EXP 	window1: mouseVisible = True
36.9375 	EXP 	window1: mouseVisible = True
36.9376 	EXP 	window1: mouseVisible = True
36.9376 	EXP 	window1: mouseVisible = True
36.9376 	EXP 	window1: mouseVisible = True
36.9377 	EXP 	window1: mouseVisible = True
36.9377 	EXP 	window1: mouseVisible = True
36.9377 	EXP 	window1: mouseVisible = True
36.9378 	EXP 	window1: mouseVisible = True
36.9378 	EXP 	window1: mouseVisible = True
36.9378 	EXP 	window1: mouseVisible = True
36.9378 	EXP 	window1: mouseVisible = True
36.9379 	EXP 	window1: mouseVisible = True
36.9379 	EXP 	window1: mouseVisible = True
36.9379 	EXP 	window1: mouseVisible = True
36.9380 	EXP 	window1: mouseVisible = True
36.9380 	EXP 	window1: mouseVisible = True
36.9380 	EXP 	window1: mouseVisible = True
36.9381 	EXP 	window1: mouseVisible = True
36.9381 	EXP 	window1: mouseVisible = True
36.9381 	EXP 	window1: mouseVisible = True
36.9381 	EXP 	window1: mouseVisible = True
36.9382 	EXP 	window1: mouseVisible = True
36.9382 	EXP 	window1: mouseVisible = True
36.9382 	EXP 	window1: mouseVisible = True
36.9383 	EXP 	window1: mouseVisible = True
36.9383 	EXP 	window1: mouseVisible = True
36.9383 	EXP 	window1: mouseVisible = True
36.9384 	EXP 	window1: mouseVisible = True
36.9384 	EXP 	window1: mouseVisible = True
36.9384 	EXP 	window1: mouseVisible = True
36.9385 	EXP 	window1: mouseVisible = True
36.9385 	EXP 	window1: mouseVisible = True
36.9385 	EXP 	window1: mouseVisible = True
36.9386 	EXP 	window1: mouseVisible = True
36.9386 	EXP 	window1: mouseVisible = True
36.9386 	EXP 	window1: mouseVisible = True
36.9386 	EXP 	window1: mouseVisible = True
36.9387 	EXP 	window1: mouseVisible = True
36.9387 	EXP 	window1: mouseVisible = True
36.9387 	EXP 	window1: mouseVisible = True
36.9388 	EXP 	window1: mouseVisible = True
36.9388 	EXP 	window1: mouseVisible = True
36.9388 	EXP 	window1: mouseVisible = True
36.9389 	EXP 	window1: mouseVisible = True
36.9389 	EXP 	window1: mouseVisible = True
36.9389 	EXP 	window1: mouseVisible = True
36.9389 	EXP 	window1: mouseVisible = True
36.9390 	EXP 	window1: mouseVisible = True
36.9390 	EXP 	window1: mouseVisible = True
36.9390 	EXP 	window1: mouseVisible = True
36.9391 	EXP 	window1: mouseVisible = True
36.9391 	EXP 	window1: mouseVisible = True
36.9391 	EXP 	window1: mouseVisible = True
36.9392 	EXP 	window1: mouseVisible = True
36.9392 	EXP 	window1: mouseVisible = True
36.9392 	EXP 	window1: mouseVisible = True
36.9392 	EXP 	window1: mouseVisible = True
36.9393 	EXP 	window1: mouseVisible = True
36.9393 	EXP 	window1: mouseVisible = True
36.9393 	EXP 	window1: mouseVisible = True
36.9394 	EXP 	window1: mouseVisible = True
36.9394 	EXP 	window1: mouseVisible = True
36.9394 	EXP 	window1: mouseVisible = True
36.9395 	EXP 	window1: mouseVisible = True
36.9395 	EXP 	window1: mouseVisible = True
36.9395 	EXP 	window1: mouseVisible = True
36.9396 	EXP 	window1: mouseVisible = True
36.9396 	EXP 	window1: mouseVisible = True
36.9396 	EXP 	window1: mouseVisible = True
36.9396 	EXP 	window1: mouseVisible = True
36.9397 	EXP 	window1: mouseVisible = True
36.9397 	EXP 	window1: mouseVisible = True
36.9397 	EXP 	window1: mouseVisible = True
36.9398 	EXP 	window1: mouseVisible = True
36.9398 	EXP 	window1: mouseVisible = True
36.9398 	EXP 	window1: mouseVisible = True
36.9399 	EXP 	window1: mouseVisible = True
36.9399 	EXP 	window1: mouseVisible = True
36.9399 	EXP 	window1: mouseVisible = True
36.9399 	EXP 	window1: mouseVisible = True
36.9400 	EXP 	window1: mouseVisible = True
36.9400 	EXP 	window1: mouseVisible = True
36.9401 	EXP 	window1: mouseVisible = True
36.9401 	EXP 	window1: mouseVisible = True
36.9401 	EXP 	window1: mouseVisible = True
36.9402 	EXP 	window1: mouseVisible = True
36.9402 	EXP 	window1: mouseVisible = True
36.9402 	EXP 	window1: mouseVisible = True
36.9402 	EXP 	window1: mouseVisible = True
36.9403 	EXP 	window1: mouseVisible = True
36.9403 	EXP 	window1: mouseVisible = True
36.9403 	EXP 	window1: mouseVisible = True
36.9404 	EXP 	window1: mouseVisible = True
36.9404 	EXP 	window1: mouseVisible = True
36.9404 	EXP 	window1: mouseVisible = True
36.9405 	EXP 	window1: mouseVisible = True
36.9405 	EXP 	window1: mouseVisible = True
36.9405 	EXP 	window1: mouseVisible = True
36.9406 	EXP 	window1: mouseVisible = True
36.9406 	EXP 	window1: mouseVisible = True
36.9407 	EXP 	window1: mouseVisible = True
36.9407 	EXP 	window1: mouseVisible = True
36.9407 	EXP 	window1: mouseVisible = True
36.9407 	EXP 	window1: mouseVisible = True
36.9408 	EXP 	window1: mouseVisible = True
36.9408 	EXP 	window1: mouseVisible = True
36.9408 	EXP 	window1: mouseVisible = True
36.9409 	EXP 	window1: mouseVisible = True
36.9409 	EXP 	window1: mouseVisible = True
36.9409 	EXP 	window1: mouseVisible = True
36.9410 	EXP 	window1: mouseVisible = True
36.9410 	EXP 	window1: mouseVisible = True
36.9410 	EXP 	window1: mouseVisible = True
36.9411 	EXP 	window1: mouseVisible = True
36.9411 	EXP 	window1: mouseVisible = True
36.9411 	EXP 	window1: mouseVisible = True
36.9412 	EXP 	window1: mouseVisible = True
36.9412 	EXP 	window1: mouseVisible = True
36.9412 	EXP 	window1: mouseVisible = True
36.9413 	EXP 	window1: mouseVisible = True
36.9413 	EXP 	window1: mouseVisible = True
36.9413 	EXP 	window1: mouseVisible = True
36.9414 	EXP 	window1: mouseVisible = True
36.9414 	EXP 	window1: mouseVisible = True
36.9414 	EXP 	window1: mouseVisible = True
36.9415 	EXP 	window1: mouseVisible = True
36.9415 	EXP 	window1: mouseVisible = True
36.9415 	EXP 	window1: mouseVisible = True
36.9416 	EXP 	window1: mouseVisible = True
36.9416 	EXP 	window1: mouseVisible = True
36.9416 	EXP 	window1: mouseVisible = True
36.9416 	EXP 	window1: mouseVisible = True
36.9417 	EXP 	window1: mouseVisible = True
36.9417 	EXP 	window1: mouseVisible = True
36.9417 	EXP 	window1: mouseVisible = True
36.9418 	EXP 	window1: mouseVisible = True
36.9418 	EXP 	window1: mouseVisible = True
36.9418 	EXP 	window1: mouseVisible = True
36.9419 	EXP 	window1: mouseVisible = True
36.9419 	EXP 	window1: mouseVisible = True
36.9419 	EXP 	window1: mouseVisible = True
36.9420 	EXP 	window1: mouseVisible = True
36.9420 	EXP 	window1: mouseVisible = True
36.9420 	EXP 	window1: mouseVisible = True
36.9421 	EXP 	window1: mouseVisible = True
36.9421 	EXP 	window1: mouseVisible = True
36.9421 	EXP 	window1: mouseVisible = True
36.9422 	EXP 	window1: mouseVisible = True
36.9422 	EXP 	window1: mouseVisible = True
36.9422 	EXP 	window1: mouseVisible = True
36.9423 	EXP 	window1: mouseVisible = True
36.9423 	EXP 	window1: mouseVisible = True
36.9423 	EXP 	window1: mouseVisible = True
36.9423 	EXP 	window1: mouseVisible = True
36.9424 	EXP 	window1: mouseVisible = True
36.9424 	EXP 	window1: mouseVisible = True
36.9425 	EXP 	window1: mouseVisible = True
36.9425 	EXP 	window1: mouseVisible = True
36.9426 	EXP 	window1: mouseVisible = True
36.9426 	EXP 	window1: mouseVisible = True
36.9426 	EXP 	window1: mouseVisible = True
36.9427 	EXP 	window1: mouseVisible = True
36.9427 	EXP 	window1: mouseVisible = True
36.9427 	EXP 	window1: mouseVisible = True
36.9428 	EXP 	window1: mouseVisible = True
36.9428 	EXP 	window1: mouseVisible = True
36.9428 	EXP 	window1: mouseVisible = True
36.9429 	EXP 	window1: mouseVisible = True
36.9429 	EXP 	window1: mouseVisible = True
36.9429 	EXP 	window1: mouseVisible = True
36.9430 	EXP 	window1: mouseVisible = True
36.9430 	EXP 	window1: mouseVisible = True
36.9430 	EXP 	window1: mouseVisible = True
36.9430 	EXP 	window1: mouseVisible = True
36.9431 	EXP 	window1: mouseVisible = True
36.9431 	EXP 	window1: mouseVisible = True
36.9431 	EXP 	window1: mouseVisible = True
36.9432 	EXP 	window1: mouseVisible = True
36.9432 	EXP 	window1: mouseVisible = True
36.9432 	EXP 	window1: mouseVisible = True
36.9433 	EXP 	window1: mouseVisible = True
36.9433 	EXP 	window1: mouseVisible = True
36.9433 	EXP 	window1: mouseVisible = True
36.9434 	EXP 	window1: mouseVisible = True
36.9434 	EXP 	window1: mouseVisible = True
36.9434 	EXP 	window1: mouseVisible = True
36.9435 	EXP 	window1: mouseVisible = True
36.9435 	EXP 	window1: mouseVisible = True
36.9435 	EXP 	window1: mouseVisible = True
36.9436 	EXP 	window1: mouseVisible = True
36.9436 	EXP 	window1: mouseVisible = True
36.9436 	EXP 	window1: mouseVisible = True
36.9436 	EXP 	window1: mouseVisible = True
36.9437 	EXP 	window1: mouseVisible = True
36.9437 	EXP 	window1: mouseVisible = True
36.9437 	EXP 	window1: mouseVisible = True
