18.3567 	WARNING 	Monitor specification not found. Creating a temporary one...
18.3776 	WARNING 	User requested fullscreen with size [800 600], but screen is actually [1280, 1024]. Using actual size
19.3112 	EXP 	Created window1 = Window(allowGUI=True, allowStencil=False, autoLog=True, backendConf=UNKNOWN, bitsMode=UNKNOWN, blendMode='avg', bpc=(8, 8, 8), color=array([0, 0, 0]), colorSpace='rgb', depthBits=8, fullscr=<method-wrapper '__getattribute__' of attributeSetter object at 0x0000024AB0A9AD30>, gamma=None, gammaErrorPolicy='raise', lms=UNKNOWN, monitor=<psychopy.monitors.calibTools.Monitor object at 0x0000024AB0FEF430>, multiSample=False, name='window1', numSamples=2, pos=(0, 0), screen=0, size=array([1280, 1024]), stencilBits=0, stereo=False, units='pix', useFBO=False, useRetina=False, viewOri=0.0, viewPos=None, viewScale=None, waitBlanking=True, winType='pyglet')
19.3113 	EXP 	window1: mouseVisible = True
19.3116 	EXP 	window1: mouseVisible = False
20.1684 	DATA 	Keypress: space
20.6809 	DATA 	Keypress: o
22.7427 	DATA 	Keypress: o
22.7432 	EXP 	window1: units = 'pix'
22.7799 	WARNING 	User requested fullscreen with size [1280  720], but screen is actually [1280, 1024]. Using actual size
23.1118 	DATA 	Keypress: space
23.2283 	EXP 	Created window1 = Window(allowGUI=False, allowStencil=False, autoLog=True, backendConf=UNKNOWN, bitsMode=UNKNOWN, blendMode='avg', bpc=(8, 8, 8), color=array([0, 0, 0]), colorSpace='rgb', depthBits=8, fullscr=<method-wrapper '__getattribute__' of attributeSetter object at 0x0000024AB0A9AD30>, gamma=None, gammaErrorPolicy='raise', lms=UNKNOWN, monitor=<psychopy.monitors.calibTools.Monitor object at 0x0000024AB7E496A0>, multiSample=False, name='window1', numSamples=2, pos=(0, 0), screen=0, size=array([1280, 1024]), stencilBits=0, stereo=False, units='height', useFBO=True, useRetina=False, viewOri=0.0, viewPos=None, viewScale=None, waitBlanking=True, winType='pyglet')
23.2286 	EXP 	window1: mouseVisible = True
23.2286 	EXP 	window1: Attempting to measure frame rate of screen (0) ...
23.2286 	EXP 	window1: recordFrameIntervals = False
23.3948 	EXP 	window1: recordFrameIntervals = True
23.5779 	EXP 	Screen (0) actual frame rate measured at 60.10Hz
23.5779 	EXP 	window1: recordFrameIntervals = False
23.7687 	EXP 	Created Instructions = TextStim(__class__=<class 'psychopy.visual.text.TextStim'>, alignHoriz=method-wrapper(...), alignText='center', alignVert=method-wrapper(...), anchorHoriz='center', anchorVert='center', antialias=True, autoDraw=False, autoLog=True, bold=False, color=array([1, 1, 1]), colorSpace='rgb', contrast=1.0, depth=0.0, flipHoriz=False, flipVert=False, font='Arial', fontFiles=[], height=0.03, italic=False, languageStyle='LTR', name='Instructions', opacity=1.0, ori=0, pos=array([0., 0.]), rgb=UNKNOWN, text=str(...), units='height', win=Window(...), wrapWidth=1)
23.7764 	EXP 	Created Triplet1 = ImageStim(__class__=<class 'psychopy.visual.image.ImageStim'>, anchor=('center', 'center'), autoLog=True, color=array([1, 1, 1]), colorSpace='rgb', contrast=1.0, depth=-1.0, flipHoriz=False, flipVert=False, image='sin', interpolate=True, mask=None, maskParams=None, name='Triplet1', opacity=1.0, ori=0.0, pos=array([0., 0.]), size=array([0.25, 0.25]), texRes=128, units='height', win=Window(...))
23.7811 	EXP 	Created Triplet2 = ImageStim(__class__=<class 'psychopy.visual.image.ImageStim'>, anchor=('center', 'center'), autoLog=True, color=array([1, 1, 1]), colorSpace='rgb', contrast=1.0, depth=-2.0, flipHoriz=False, flipVert=False, image='sin', interpolate=True, mask=None, maskParams=None, name='Triplet2', opacity=1.0, ori=0.0, pos=array([0., 0.]), size=array([0.25, 0.25]), texRes=128, units='height', win=Window(...))
23.7867 	EXP 	Created Triplet3 = ImageStim(__class__=<class 'psychopy.visual.image.ImageStim'>, anchor=('center', 'center'), autoLog=True, color=array([1, 1, 1]), colorSpace='rgb', contrast=1.0, depth=-3.0, flipHoriz=False, flipVert=False, image='sin', interpolate=True, mask=None, maskParams=None, name='Triplet3', opacity=1.0, ori=0.0, pos=array([0., 0.]), size=array([0.25, 0.25]), texRes=128, units='height', win=Window(...))
23.8000 	EXP 	Sound sound_pop set volume 1.000
23.8100 	EXP 	Sound sound_pop2 set volume 1.000
23.8199 	EXP 	Sound sound_pop3 set volume 1.000
23.8492 	EXP 	Created fix = ImageStim(__class__=<class 'psychopy.visual.image.ImageStim'>, anchor=('center', 'center'), autoLog=True, color=array([1, 1, 1]), colorSpace='rgb', contrast=1.0, depth=0.0, flipHoriz=False, flipVert=False, image='images/fixation.png', interpolate=True, mask=None, maskParams=None, name='fix', opacity=1.0, ori=0.0, pos=array([0., 0.]), size=array([0.1 , 0.05]), texRes=128, units='height', win=Window(...))
23.9447 	EXP 	Created Mask = ImageStim(__class__=<class 'psychopy.visual.image.ImageStim'>, anchor=('center', 'center'), autoLog=True, color=array([1, 1, 1]), colorSpace='rgb', contrast=1.0, depth=0.0, flipHoriz=False, flipVert=False, image='images/Mask.png', interpolate=True, mask=None, maskParams=None, name='Mask', opacity=1.0, ori=0.0, pos=array([0., 0.]), size=array([1.5, 0.5]), texRes=128, units='height', win=Window(...))
23.9503 	EXP 	Created img1 = ImageStim(__class__=<class 'psychopy.visual.image.ImageStim'>, anchor=('center', 'center'), autoLog=True, color=array([1, 1, 1]), colorSpace='rgb', contrast=1.0, depth=-1.0, flipHoriz=False, flipVert=False, image='sin', interpolate=True, mask=None, maskParams=None, name='img1', opacity=1.0, ori=0.0, pos=array([0., 0.]), size=array([0.25, 0.25]), texRes=128, units='height', win=Window(...))
23.9546 	EXP 	Created img2 = ImageStim(__class__=<class 'psychopy.visual.image.ImageStim'>, anchor=('center', 'center'), autoLog=True, color=array([1, 1, 1]), colorSpace='rgb', contrast=1.0, depth=-2.0, flipHoriz=False, flipVert=False, image='sin', interpolate=True, mask=None, maskParams=None, name='img2', opacity=1.0, ori=0.0, pos=array([0., 0.]), size=array([0.25, 0.25]), texRes=128, units='height', win=Window(...))
23.9594 	EXP 	Created img3 = ImageStim(__class__=<class 'psychopy.visual.image.ImageStim'>, anchor=('center', 'center'), autoLog=True, color=array([1, 1, 1]), colorSpace='rgb', contrast=1.0, depth=-3.0, flipHoriz=False, flipVert=False, image='sin', interpolate=True, mask=None, maskParams=None, name='img3', opacity=1.0, ori=0.0, pos=array([0., 0.]), size=array([0.25, 0.25]), texRes=128, units='height', win=Window(...))
23.9697 	EXP 	Sound sound_pop4 set volume 1.000
23.9793 	EXP 	Sound sound_pop5 set volume 1.000
23.9889 	EXP 	Sound sound_pop6 set volume 1.000
23.9941 	EXP 	Created text_2 = TextStim(__class__=<class 'psychopy.visual.text.TextStim'>, alignHoriz=method-wrapper(...), alignText='center', alignVert=method-wrapper(...), anchorHoriz='center', anchorVert='center', antialias=True, autoDraw=False, autoLog=True, bold=False, color=array([1, 1, 1]), colorSpace='rgb', contrast=1.0, depth=0.0, flipHoriz=False, flipVert=False, font='Arial', fontFiles=[], height=0.03, italic=False, languageStyle='LTR', name='text_2', opacity=1.0, ori=0, pos=array([0., 0.]), rgb=UNKNOWN, text=str(...), units='height', win=Window(...), wrapWidth=1)
23.9967 	EXP 	Created text = TextStim(__class__=<class 'psychopy.visual.text.TextStim'>, alignHoriz=method-wrapper(...), alignText='center', alignVert=method-wrapper(...), anchorHoriz='center', anchorVert='center', antialias=True, autoDraw=False, autoLog=True, bold=False, color=array([1, 1, 1]), colorSpace='rgb', contrast=1.0, depth=-1.0, flipHoriz=False, flipVert=False, font='Arial', fontFiles=[], height=0.03, italic=False, languageStyle='LTR', name='text', opacity=1.0, ori=0, pos=array([0., 0.]), rgb=UNKNOWN, text=str(...), units='height', win=Window(...), wrapWidth=1)
23.9972 	EXP 	Created sameText = TextStim(__class__=<class 'psychopy.visual.text.TextStim'>, alignHoriz=method-wrapper(...), alignText='center', alignVert=method-wrapper(...), anchorHoriz='center', anchorVert='center', antialias=True, autoDraw=False, autoLog=True, bold=False, color=array([1, 1, 1]), colorSpace='rgb', contrast=1.0, depth=-2.0, flipHoriz=False, flipVert=False, font='Arial', fontFiles=[], height=0.03, italic=False, languageStyle='LTR', name='sameText', opacity=1.0, ori=0, pos=array([-0.2, -0.3]), rgb=UNKNOWN, text='', units='height', win=Window(...), wrapWidth=1)
23.9976 	EXP 	Created diffText = TextStim(__class__=<class 'psychopy.visual.text.TextStim'>, alignHoriz=method-wrapper(...), alignText='center', alignVert=method-wrapper(...), anchorHoriz='center', anchorVert='center', antialias=True, autoDraw=False, autoLog=True, bold=False, color=array([1, 1, 1]), colorSpace='rgb', contrast=1.0, depth=-3.0, flipHoriz=False, flipVert=False, font='Arial', fontFiles=[], height=0.03, italic=False, languageStyle='LTR', name='diffText', opacity=1.0, ori=0, pos=array([ 0.2, -0.3]), rgb=UNKNOWN, text='', units='height', win=Window(...), wrapWidth=1)
23.9985 	EXP 	Created leftCL = Rect(__class__=<class 'psychopy.visual.rect.Rect'>, anchor=('center', 'center'), autoDraw=False, autoLog=True, closeShape=True, color=method-wrapper(...), colorSpace='rgb', contrast=None, depth=-4.0, fillColor=array([1., 1., 1.]), fillColorSpace='rgb', fillRGB=array([1., 1., 1.]), interpolate=True, lineColor=array([1, 1, 1]), lineColorSpace='rgb', lineRGB=array([1, 1, 1]), lineWidth=3, name='leftCL', opacity=0.5, ori=0.0, pos=array([-0.2, -0.3]), size=array([-0.2, -0.2]), units='height', vertices=ndarray(...), win=Window(...))
23.9994 	EXP 	Created rightCL = Rect(__class__=<class 'psychopy.visual.rect.Rect'>, anchor=('center', 'center'), autoDraw=False, autoLog=True, closeShape=True, color=method-wrapper(...), colorSpace='rgb', contrast=None, depth=-5.0, fillColor=array([1., 1., 1.]), fillColorSpace='rgb', fillRGB=array([1., 1., 1.]), interpolate=True, lineColor=array([1, 1, 1]), lineColorSpace='rgb', lineRGB=array([1, 1, 1]), lineWidth=3, name='rightCL', opacity=0.5, ori=0.0, pos=array([ 0.2, -0.3]), size=array([0.2, 0.2]), units='height', vertices=ndarray(...), win=Window(...))
23.9995 	EXP 	window1: mouseVisible = True
23.9999 	EXP 	Sound clickedSound set volume 1.000
24.0036 	EXP 	Created retIMG = ImageStim(__class__=<class 'psychopy.visual.image.ImageStim'>, anchor=('center', 'center'), autoLog=True, color=array([1, 1, 1]), colorSpace='rgb', contrast=1.0, depth=-1.0, flipHoriz=False, flipVert=False, image='sin', interpolate=True, mask=None, maskParams=None, name='retIMG', opacity=1.0, ori=0.0, pos=array([0., 0.]), size=array([0.25, 0.25]), texRes=128, units='height', win=Window(...))
24.0165 	EXP 	Sound sound_pop7 set volume 1.000
24.0192 	EXP 	Created question_text = TextStim(__class__=<class 'psychopy.visual.text.TextStim'>, alignHoriz=method-wrapper(...), alignText='center', alignVert=method-wrapper(...), anchorHoriz='center', anchorVert='center', antialias=True, autoDraw=False, autoLog=True, bold=False, color=array([1, 1, 1]), colorSpace='rgb', contrast=1.0, depth=0.0, flipHoriz=False, flipVert=False, font='Arial', fontFiles=[], height=0.03, italic=False, languageStyle='LTR', name='question_text', opacity=1.0, ori=0, pos=array([0. , 0.3]), rgb=UNKNOWN, text='When did you see this object?', units='height', win=Window(...), wrapWidth=1)
24.0214 	EXP 	Created decisionQ_2 = TextStim(__class__=<class 'psychopy.visual.text.TextStim'>, alignHoriz=method-wrapper(...), alignText='center', alignVert=method-wrapper(...), anchorHoriz='center', anchorVert='center', antialias=True, autoDraw=False, autoLog=True, bold=False, color=array([1, 1, 1]), colorSpace='rgb', contrast=1.0, depth=-1.0, flipHoriz=False, flipVert=False, font='Arial', fontFiles=[], height=0.03, italic=False, languageStyle='LTR', name='decisionQ_2', opacity=1.0, ori=0, pos=array([0. , 0.3]), rgb=UNKNOWN, text='When did you see this object?', units='height', win=Window(...), wrapWidth=1)
24.0221 	EXP 	Created first_left = Rect(__class__=<class 'psychopy.visual.rect.Rect'>, anchor=('center', 'center'), autoDraw=False, autoLog=True, closeShape=True, color=method-wrapper(...), colorSpace='rgb', contrast=None, depth=-2.0, fillColor=array([1, 1, 1]), fillColorSpace='rgb', fillRGB=array([1, 1, 1]), interpolate=True, lineColor=array([1, 1, 1]), lineColorSpace='rgb', lineRGB=array([1, 1, 1]), lineWidth=3, name='first_left', opacity=0.5, ori=0.0, pos=array([0. , 0.1]), size=array([0.15, 0.15]), units='height', vertices=ndarray(...), win=Window(...))
24.0228 	EXP 	Created second_middle = Rect(__class__=<class 'psychopy.visual.rect.Rect'>, anchor=('center', 'center'), autoDraw=False, autoLog=True, closeShape=True, color=method-wrapper(...), colorSpace='rgb', contrast=None, depth=-3.0, fillColor=array([1, 1, 1]), fillColorSpace='rgb', fillRGB=array([1, 1, 1]), interpolate=True, lineColor=array([1, 1, 1]), lineColorSpace='rgb', lineRGB=array([1, 1, 1]), lineWidth=3, name='second_middle', opacity=0.5, ori=0.0, pos=array([ 0. , -0.1]), size=array([0.15, 0.15]), units='height', vertices=ndarray(...), win=Window(...))
24.0235 	EXP 	Created third_right = Rect(__class__=<class 'psychopy.visual.rect.Rect'>, anchor=('center', 'center'), autoDraw=False, autoLog=True, closeShape=True, color=method-wrapper(...), colorSpace='rgb', contrast=None, depth=-4.0, fillColor=array([1, 1, 1]), fillColorSpace='rgb', fillRGB=array([1, 1, 1]), interpolate=True, lineColor=array([1, 1, 1]), lineColorSpace='rgb', lineRGB=array([1, 1, 1]), lineWidth=3, name='third_right', opacity=0.5, ori=0.0, pos=array([ 0. , -0.3]), size=array([0.15, 0.15]), units='height', vertices=ndarray(...), win=Window(...))
24.0261 	EXP 	Created First = TextStim(__class__=<class 'psychopy.visual.text.TextStim'>, alignHoriz=method-wrapper(...), alignText='center', alignVert=method-wrapper(...), anchorHoriz='center', anchorVert='center', antialias=True, autoDraw=False, autoLog=True, bold=False, color=array([1, 1, 1]), colorSpace='rgb', contrast=1.0, depth=-5.0, flipHoriz=False, flipVert=False, font='Arial', fontFiles=[], height=0.03, italic=False, languageStyle='LTR', name='First', opacity=1.0, ori=0, pos=array([0. , 0.1]), rgb=UNKNOWN, text='First', units='height', win=Window(...), wrapWidth=1)
24.0280 	EXP 	Created Second = TextStim(__class__=<class 'psychopy.visual.text.TextStim'>, alignHoriz=method-wrapper(...), alignText='center', alignVert=method-wrapper(...), anchorHoriz='center', anchorVert='center', antialias=True, autoDraw=False, autoLog=True, bold=False, color=array([1, 1, 1]), colorSpace='rgb', contrast=1.0, depth=-6.0, flipHoriz=False, flipVert=False, font='Arial', fontFiles=[], height=0.03, italic=False, languageStyle='LTR', name='Second', opacity=1.0, ori=0, pos=array([ 0. , -0.1]), rgb=UNKNOWN, text='Second', units='height', win=Window(...), wrapWidth=1)
24.0299 	EXP 	Created Third = TextStim(__class__=<class 'psychopy.visual.text.TextStim'>, alignHoriz=method-wrapper(...), alignText='center', alignVert=method-wrapper(...), anchorHoriz='center', anchorVert='center', antialias=True, autoDraw=False, autoLog=True, bold=False, color=array([1, 1, 1]), colorSpace='rgb', contrast=1.0, depth=-7.0, flipHoriz=False, flipVert=False, font='Arial', fontFiles=[], height=0.03, italic=False, languageStyle='LTR', name='Third', opacity=1.0, ori=0, pos=array([ 0. , -0.3]), rgb=UNKNOWN, text='Third', units='height', win=Window(...), wrapWidth=1)
24.0299 	EXP 	window1: mouseVisible = True
24.0304 	EXP 	Sound clickedSound set volume 1.000
24.0383 	EXP 	Created BlockBreak = TextStim(__class__=<class 'psychopy.visual.text.TextStim'>, alignHoriz=method-wrapper(...), alignText='center', alignVert=method-wrapper(...), anchorHoriz='center', anchorVert='center', antialias=True, autoDraw=False, autoLog=True, bold=False, color=array([1, 1, 1]), colorSpace='rgb', contrast=1.0, depth=0.0, flipHoriz=False, flipVert=False, font='Arial', fontFiles=[], height=0.03, italic=False, languageStyle='LTR', name='BlockBreak', opacity=1.0, ori=0, pos=array([0., 0.]), rgb=UNKNOWN, text=str(...), units='height', win=Window(...), wrapWidth=1)
24.0521 	EXP 	Created text_4 = TextStim(__class__=<class 'psychopy.visual.text.TextStim'>, alignHoriz=method-wrapper(...), alignText='center', alignVert=method-wrapper(...), anchorHoriz='center', anchorVert='center', antialias=True, autoDraw=False, autoLog=True, bold=False, color=array([1, 1, 1]), colorSpace='rgb', contrast=1.0, depth=-1.0, flipHoriz=False, flipVert=False, font='Open Sans', fontFiles=[], height=0.03, italic=False, languageStyle='LTR', name='text_4', opacity=1.0, ori=0.0, pos=array([0., 0.]), rgb=UNKNOWN, text=str(...), units='height', win=Window(...), wrapWidth=1)
24.0557 	EXP 	Created Triplet1 = ImageStim(__class__=<class 'psychopy.visual.image.ImageStim'>, anchor=('center', 'center'), autoLog=True, color=array([1, 1, 1]), colorSpace='rgb', contrast=1.0, depth=-1.0, flipHoriz=False, flipVert=False, image='sin', interpolate=True, mask=None, maskParams=None, name='Triplet1', opacity=1.0, ori=0.0, pos=array([0., 0.]), size=array([0.25, 0.25]), texRes=128, units='height', win=Window(...))
24.0601 	EXP 	Created Triplet2 = ImageStim(__class__=<class 'psychopy.visual.image.ImageStim'>, anchor=('center', 'center'), autoLog=True, color=array([1, 1, 1]), colorSpace='rgb', contrast=1.0, depth=-2.0, flipHoriz=False, flipVert=False, image='sin', interpolate=True, mask=None, maskParams=None, name='Triplet2', opacity=1.0, ori=0.0, pos=array([0., 0.]), size=array([0.25, 0.25]), texRes=128, units='height', win=Window(...))
24.0644 	EXP 	Created Triplet3 = ImageStim(__class__=<class 'psychopy.visual.image.ImageStim'>, anchor=('center', 'center'), autoLog=True, color=array([1, 1, 1]), colorSpace='rgb', contrast=1.0, depth=-3.0, flipHoriz=False, flipVert=False, image='sin', interpolate=True, mask=None, maskParams=None, name='Triplet3', opacity=1.0, ori=0.0, pos=array([0., 0.]), size=array([0.25, 0.25]), texRes=128, units='height', win=Window(...))
24.0747 	EXP 	Sound sound_pop set volume 1.000
24.0842 	EXP 	Sound sound_pop2 set volume 1.000
24.0936 	EXP 	Sound sound_pop3 set volume 1.000
24.1166 	EXP 	Created fix = ImageStim(__class__=<class 'psychopy.visual.image.ImageStim'>, anchor=('center', 'center'), autoLog=True, color=array([1, 1, 1]), colorSpace='rgb', contrast=1.0, depth=0.0, flipHoriz=False, flipVert=False, image='images/fixation.png', interpolate=True, mask=None, maskParams=None, name='fix', opacity=1.0, ori=0.0, pos=array([0., 0.]), size=array([0.1 , 0.05]), texRes=128, units='height', win=Window(...))
24.2054 	EXP 	Created Mask = ImageStim(__class__=<class 'psychopy.visual.image.ImageStim'>, anchor=('center', 'center'), autoLog=True, color=array([1, 1, 1]), colorSpace='rgb', contrast=1.0, depth=0.0, flipHoriz=False, flipVert=False, image='images/Mask.png', interpolate=True, mask=None, maskParams=None, name='Mask', opacity=1.0, ori=0.0, pos=array([0., 0.]), size=array([1.5, 0.5]), texRes=128, units='height', win=Window(...))
24.2109 	EXP 	Created img1 = ImageStim(__class__=<class 'psychopy.visual.image.ImageStim'>, anchor=('center', 'center'), autoLog=True, color=array([1, 1, 1]), colorSpace='rgb', contrast=1.0, depth=-1.0, flipHoriz=False, flipVert=False, image='sin', interpolate=True, mask=None, maskParams=None, name='img1', opacity=1.0, ori=0.0, pos=array([0., 0.]), size=array([0.25, 0.25]), texRes=128, units='height', win=Window(...))
24.2152 	EXP 	Created img2 = ImageStim(__class__=<class 'psychopy.visual.image.ImageStim'>, anchor=('center', 'center'), autoLog=True, color=array([1, 1, 1]), colorSpace='rgb', contrast=1.0, depth=-2.0, flipHoriz=False, flipVert=False, image='sin', interpolate=True, mask=None, maskParams=None, name='img2', opacity=1.0, ori=0.0, pos=array([0., 0.]), size=array([0.25, 0.25]), texRes=128, units='height', win=Window(...))
24.2196 	EXP 	Created img3 = ImageStim(__class__=<class 'psychopy.visual.image.ImageStim'>, anchor=('center', 'center'), autoLog=True, color=array([1, 1, 1]), colorSpace='rgb', contrast=1.0, depth=-3.0, flipHoriz=False, flipVert=False, image='sin', interpolate=True, mask=None, maskParams=None, name='img3', opacity=1.0, ori=0.0, pos=array([0., 0.]), size=array([0.25, 0.25]), texRes=128, units='height', win=Window(...))
24.2290 	EXP 	Sound sound_pop4 set volume 1.000
24.2384 	EXP 	Sound sound_pop5 set volume 1.000
24.2476 	EXP 	Sound sound_pop6 set volume 1.000
24.2512 	EXP 	Created text_2 = TextStim(__class__=<class 'psychopy.visual.text.TextStim'>, alignHoriz=method-wrapper(...), alignText='center', alignVert=method-wrapper(...), anchorHoriz='center', anchorVert='center', antialias=True, autoDraw=False, autoLog=True, bold=False, color=array([1, 1, 1]), colorSpace='rgb', contrast=1.0, depth=0.0, flipHoriz=False, flipVert=False, font='Arial', fontFiles=[], height=0.03, italic=False, languageStyle='LTR', name='text_2', opacity=1.0, ori=0, pos=array([0., 0.]), rgb=UNKNOWN, text=str(...), units='height', win=Window(...), wrapWidth=1)
24.2537 	EXP 	Created text = TextStim(__class__=<class 'psychopy.visual.text.TextStim'>, alignHoriz=method-wrapper(...), alignText='center', alignVert=method-wrapper(...), anchorHoriz='center', anchorVert='center', antialias=True, autoDraw=False, autoLog=True, bold=False, color=array([1, 1, 1]), colorSpace='rgb', contrast=1.0, depth=-1.0, flipHoriz=False, flipVert=False, font='Arial', fontFiles=[], height=0.03, italic=False, languageStyle='LTR', name='text', opacity=1.0, ori=0, pos=array([0., 0.]), rgb=UNKNOWN, text=str(...), units='height', win=Window(...), wrapWidth=1)
24.2542 	EXP 	Created sameText = TextStim(__class__=<class 'psychopy.visual.text.TextStim'>, alignHoriz=method-wrapper(...), alignText='center', alignVert=method-wrapper(...), anchorHoriz='center', anchorVert='center', antialias=True, autoDraw=False, autoLog=True, bold=False, color=array([1, 1, 1]), colorSpace='rgb', contrast=1.0, depth=-2.0, flipHoriz=False, flipVert=False, font='Arial', fontFiles=[], height=0.03, italic=False, languageStyle='LTR', name='sameText', opacity=1.0, ori=0, pos=array([-0.2, -0.3]), rgb=UNKNOWN, text='', units='height', win=Window(...), wrapWidth=1)
24.2547 	EXP 	Created diffText = TextStim(__class__=<class 'psychopy.visual.text.TextStim'>, alignHoriz=method-wrapper(...), alignText='center', alignVert=method-wrapper(...), anchorHoriz='center', anchorVert='center', antialias=True, autoDraw=False, autoLog=True, bold=False, color=array([1, 1, 1]), colorSpace='rgb', contrast=1.0, depth=-3.0, flipHoriz=False, flipVert=False, font='Arial', fontFiles=[], height=0.03, italic=False, languageStyle='LTR', name='diffText', opacity=1.0, ori=0, pos=array([ 0.2, -0.3]), rgb=UNKNOWN, text='', units='height', win=Window(...), wrapWidth=1)
24.2556 	EXP 	Created leftCL = Rect(__class__=<class 'psychopy.visual.rect.Rect'>, anchor=('center', 'center'), autoDraw=False, autoLog=True, closeShape=True, color=method-wrapper(...), colorSpace='rgb', contrast=None, depth=-4.0, fillColor=array([1., 1., 1.]), fillColorSpace='rgb', fillRGB=array([1., 1., 1.]), interpolate=True, lineColor=array([1, 1, 1]), lineColorSpace='rgb', lineRGB=array([1, 1, 1]), lineWidth=3, name='leftCL', opacity=0.5, ori=0.0, pos=array([-0.2, -0.3]), size=array([-0.2, -0.2]), units='height', vertices=ndarray(...), win=Window(...))
24.2565 	EXP 	Created rightCL = Rect(__class__=<class 'psychopy.visual.rect.Rect'>, anchor=('center', 'center'), autoDraw=False, autoLog=True, closeShape=True, color=method-wrapper(...), colorSpace='rgb', contrast=None, depth=-5.0, fillColor=array([1., 1., 1.]), fillColorSpace='rgb', fillRGB=array([1., 1., 1.]), interpolate=True, lineColor=array([1, 1, 1]), lineColorSpace='rgb', lineRGB=array([1, 1, 1]), lineWidth=3, name='rightCL', opacity=0.5, ori=0.0, pos=array([ 0.2, -0.3]), size=array([0.2, 0.2]), units='height', vertices=ndarray(...), win=Window(...))
24.2566 	EXP 	window1: mouseVisible = True
24.2570 	EXP 	Sound clickedSound set volume 1.000
24.2607 	EXP 	Created retIMG = ImageStim(__class__=<class 'psychopy.visual.image.ImageStim'>, anchor=('center', 'center'), autoLog=True, color=array([1, 1, 1]), colorSpace='rgb', contrast=1.0, depth=-1.0, flipHoriz=False, flipVert=False, image='sin', interpolate=True, mask=None, maskParams=None, name='retIMG', opacity=1.0, ori=0.0, pos=array([0., 0.]), size=array([0.25, 0.25]), texRes=128, units='height', win=Window(...))
24.2701 	EXP 	Sound sound_pop7 set volume 1.000
24.2724 	EXP 	Created question_text = TextStim(__class__=<class 'psychopy.visual.text.TextStim'>, alignHoriz=method-wrapper(...), alignText='center', alignVert=method-wrapper(...), anchorHoriz='center', anchorVert='center', antialias=True, autoDraw=False, autoLog=True, bold=False, color=array([1, 1, 1]), colorSpace='rgb', contrast=1.0, depth=0.0, flipHoriz=False, flipVert=False, font='Arial', fontFiles=[], height=0.03, italic=False, languageStyle='LTR', name='question_text', opacity=1.0, ori=0, pos=array([0. , 0.3]), rgb=UNKNOWN, text='When did you see this object?', units='height', win=Window(...), wrapWidth=1)
24.2747 	EXP 	Created decisionQ_2 = TextStim(__class__=<class 'psychopy.visual.text.TextStim'>, alignHoriz=method-wrapper(...), alignText='center', alignVert=method-wrapper(...), anchorHoriz='center', anchorVert='center', antialias=True, autoDraw=False, autoLog=True, bold=False, color=array([1, 1, 1]), colorSpace='rgb', contrast=1.0, depth=-1.0, flipHoriz=False, flipVert=False, font='Arial', fontFiles=[], height=0.03, italic=False, languageStyle='LTR', name='decisionQ_2', opacity=1.0, ori=0, pos=array([0. , 0.3]), rgb=UNKNOWN, text='When did you see this object?', units='height', win=Window(...), wrapWidth=1)
24.2754 	EXP 	Created first_left = Rect(__class__=<class 'psychopy.visual.rect.Rect'>, anchor=('center', 'center'), autoDraw=False, autoLog=True, closeShape=True, color=method-wrapper(...), colorSpace='rgb', contrast=None, depth=-2.0, fillColor=array([1, 1, 1]), fillColorSpace='rgb', fillRGB=array([1, 1, 1]), interpolate=True, lineColor=array([1, 1, 1]), lineColorSpace='rgb', lineRGB=array([1, 1, 1]), lineWidth=3, name='first_left', opacity=0.5, ori=0.0, pos=array([0. , 0.1]), size=array([0.15, 0.15]), units='height', vertices=ndarray(...), win=Window(...))
24.2761 	EXP 	Created second_middle = Rect(__class__=<class 'psychopy.visual.rect.Rect'>, anchor=('center', 'center'), autoDraw=False, autoLog=True, closeShape=True, color=method-wrapper(...), colorSpace='rgb', contrast=None, depth=-3.0, fillColor=array([1, 1, 1]), fillColorSpace='rgb', fillRGB=array([1, 1, 1]), interpolate=True, lineColor=array([1, 1, 1]), lineColorSpace='rgb', lineRGB=array([1, 1, 1]), lineWidth=3, name='second_middle', opacity=0.5, ori=0.0, pos=array([ 0. , -0.1]), size=array([0.15, 0.15]), units='height', vertices=ndarray(...), win=Window(...))
24.2768 	EXP 	Created third_right = Rect(__class__=<class 'psychopy.visual.rect.Rect'>, anchor=('center', 'center'), autoDraw=False, autoLog=True, closeShape=True, color=method-wrapper(...), colorSpace='rgb', contrast=None, depth=-4.0, fillColor=array([1, 1, 1]), fillColorSpace='rgb', fillRGB=array([1, 1, 1]), interpolate=True, lineColor=array([1, 1, 1]), lineColorSpace='rgb', lineRGB=array([1, 1, 1]), lineWidth=3, name='third_right', opacity=0.5, ori=0.0, pos=array([ 0. , -0.3]), size=array([0.15, 0.15]), units='height', vertices=ndarray(...), win=Window(...))
24.2788 	EXP 	Created First = TextStim(__class__=<class 'psychopy.visual.text.TextStim'>, alignHoriz=method-wrapper(...), alignText='center', alignVert=method-wrapper(...), anchorHoriz='center', anchorVert='center', antialias=True, autoDraw=False, autoLog=True, bold=False, color=array([1, 1, 1]), colorSpace='rgb', contrast=1.0, depth=-5.0, flipHoriz=False, flipVert=False, font='Arial', fontFiles=[], height=0.03, italic=False, languageStyle='LTR', name='First', opacity=1.0, ori=0, pos=array([0. , 0.1]), rgb=UNKNOWN, text='First', units='height', win=Window(...), wrapWidth=1)
24.2814 	EXP 	Created Second = TextStim(__class__=<class 'psychopy.visual.text.TextStim'>, alignHoriz=method-wrapper(...), alignText='center', alignVert=method-wrapper(...), anchorHoriz='center', anchorVert='center', antialias=True, autoDraw=False, autoLog=True, bold=False, color=array([1, 1, 1]), colorSpace='rgb', contrast=1.0, depth=-6.0, flipHoriz=False, flipVert=False, font='Arial', fontFiles=[], height=0.03, italic=False, languageStyle='LTR', name='Second', opacity=1.0, ori=0, pos=array([ 0. , -0.1]), rgb=UNKNOWN, text='Second', units='height', win=Window(...), wrapWidth=1)
24.2834 	EXP 	Created Third = TextStim(__class__=<class 'psychopy.visual.text.TextStim'>, alignHoriz=method-wrapper(...), alignText='center', alignVert=method-wrapper(...), anchorHoriz='center', anchorVert='center', antialias=True, autoDraw=False, autoLog=True, bold=False, color=array([1, 1, 1]), colorSpace='rgb', contrast=1.0, depth=-7.0, flipHoriz=False, flipVert=False, font='Arial', fontFiles=[], height=0.03, italic=False, languageStyle='LTR', name='Third', opacity=1.0, ori=0, pos=array([ 0. , -0.3]), rgb=UNKNOWN, text='Third', units='height', win=Window(...), wrapWidth=1)
24.2834 	EXP 	window1: mouseVisible = True
24.2839 	EXP 	Sound clickedSound set volume 1.000
24.2867 	EXP 	Created end = TextStim(__class__=<class 'psychopy.visual.text.TextStim'>, alignHoriz=method-wrapper(...), alignText='center', alignVert=method-wrapper(...), anchorHoriz='center', anchorVert='center', antialias=True, autoDraw=False, autoLog=True, bold=False, color=array([1, 1, 1]), colorSpace='rgb', contrast=1.0, depth=0.0, flipHoriz=False, flipVert=False, font='Arial', fontFiles=[], height=0.03, italic=False, languageStyle='LTR', name='end', opacity=1.0, ori=0, pos=array([0., 0.]), rgb=UNKNOWN, text=str(...), units='height', win=Window(...), wrapWidth=1)
24.2907 	EXP 	Instructions: autoDraw = True
24.5612 	EXP 	Created sequence: random, trialTypes=1, nReps=2, seed=None
24.5613 	EXP 	New trial (rep=0, index=0): None
24.6842 	DATA 	Keypress: space
24.7927 	EXP 	Instructions: autoDraw = False
24.7927 	EXP 	fix: autoDraw = True
26.6769 	EXP 	Sound sound_pop started
26.6663 	EXP 	fix: autoDraw = False
26.6663 	EXP 	fix: autoDraw = False
26.6663 	EXP 	Triplet1: image = 'images/OBJ_119.png'
26.6663 	EXP 	Triplet2: image = 'images/OBJ_64.png'
26.6663 	EXP 	Triplet3: image = 'images/OBJ_92.png'
26.6663 	EXP 	Triplet1: autoDraw = True
27.0391 	EXP 	Sound sound_pop reached end of file
28.1764 	EXP 	Triplet1: autoDraw = False
28.6597 	EXP 	Sound sound_pop2 started
28.6597 	EXP 	Triplet2: autoDraw = True
29.0199 	EXP 	Sound sound_pop2 reached end of file
30.1592 	EXP 	Triplet2: autoDraw = False
30.6591 	EXP 	Sound sound_pop3 started
30.6591 	EXP 	Triplet3: autoDraw = True
31.0192 	EXP 	Sound sound_pop3 reached end of file
32.1586 	EXP 	Triplet3: autoDraw = False
32.1586 	EXP 	Triplet1: autoDraw = False
32.1586 	EXP 	Triplet2: autoDraw = False
32.1586 	EXP 	Triplet3: autoDraw = False
32.1586 	EXP 	Mask: autoDraw = True
33.8081 	EXP 	Sound sound_pop4 started
33.7963 	EXP 	Mask: autoDraw = False
33.7963 	EXP 	Mask: autoDraw = False
33.7963 	EXP 	img1: image = 'images/OBJ_119.png'
33.7963 	EXP 	img2: image = 'images/OBJ_64.png'
33.7963 	EXP 	img3: image = 'images/OBJ_92.png'
33.7963 	EXP 	img1: autoDraw = True
34.1799 	EXP 	Sound sound_pop4 reached end of file
35.3083 	EXP 	img1: autoDraw = False
35.7909 	EXP 	Sound sound_pop5 started
35.7909 	EXP 	img2: autoDraw = True
36.1514 	EXP 	Sound sound_pop5 reached end of file
37.2905 	EXP 	img2: autoDraw = False
37.7903 	EXP 	Sound sound_pop6 started
37.7903 	EXP 	img3: autoDraw = True
38.1507 	EXP 	Sound sound_pop6 reached end of file
39.2903 	EXP 	img3: autoDraw = False
39.2903 	EXP 	img1: autoDraw = False
39.2903 	EXP 	img2: autoDraw = False
39.2903 	EXP 	img3: autoDraw = False
39.2903 	EXP 	text_2: autoDraw = True
40.2901 	EXP 	text_2: autoDraw = False
40.2901 	EXP 	text_2: autoDraw = False
40.2901 	EXP 	sameText: height = 0.03
40.2901 	EXP 	sameText: height = 0.03
40.2901 	EXP 	sameText: height = 0.03
40.2901 	EXP 	sameText: text = 'Same'
40.2901 	EXP 	diffText: height = 0.03
40.2901 	EXP 	diffText: height = 0.03
40.2901 	EXP 	diffText: height = 0.03
40.2901 	EXP 	diffText: text = 'Different'
40.2901 	EXP 	text: autoDraw = True
40.2901 	EXP 	sameText: autoDraw = True
40.2901 	EXP 	diffText: autoDraw = True
40.2901 	EXP 	leftCL: autoDraw = True
40.2901 	EXP 	rightCL: autoDraw = True
40.6897 	DATA 	Mouse: Left button down, pos=(468,189)
40.7062 	EXP 	Sound clickedSound started
40.7065 	EXP 	text: autoDraw = False
40.7065 	EXP 	sameText: autoDraw = False
40.7065 	EXP 	diffText: autoDraw = False
40.7065 	EXP 	leftCL: autoDraw = False
40.7065 	EXP 	rightCL: autoDraw = False
40.8569 	DATA 	Mouse:  Left button up, pos=(468,189)
41.2108 	EXP 	Sound clickedSound stopped
41.2111 	EXP 	New trial (rep=1, index=0): None
41.4416 	EXP 	fix: autoDraw = True
43.2388 	EXP 	Sound sound_pop started
43.2297 	EXP 	fix: autoDraw = False
43.2297 	EXP 	fix: autoDraw = False
43.2297 	EXP 	Triplet1: image = 'images/OBJ_123.png'
43.2297 	EXP 	Triplet2: image = 'images/OBJ_184.png'
43.2297 	EXP 	Triplet3: image = 'images/OBJ_9.png'
43.2297 	EXP 	Triplet1: autoDraw = True
43.6113 	EXP 	Sound sound_pop reached end of file
44.7383 	EXP 	Triplet1: autoDraw = False
45.2215 	EXP 	Sound sound_pop2 started
45.2215 	EXP 	Triplet2: autoDraw = True
45.5799 	EXP 	Sound sound_pop2 reached end of file
46.7210 	EXP 	Triplet2: autoDraw = False
47.2209 	EXP 	Sound sound_pop3 started
47.2209 	EXP 	Triplet3: autoDraw = True
47.5913 	EXP 	Sound sound_pop3 reached end of file
48.7205 	EXP 	Triplet3: autoDraw = False
48.7205 	EXP 	Triplet1: autoDraw = False
48.7205 	EXP 	Triplet2: autoDraw = False
48.7205 	EXP 	Triplet3: autoDraw = False
48.7205 	EXP 	Mask: autoDraw = True
50.2700 	EXP 	Sound sound_pop4 started
50.2696 	EXP 	Mask: autoDraw = False
50.2696 	EXP 	Mask: autoDraw = False
50.2696 	EXP 	img1: image = 'images/OBJ_123.png'
50.2696 	EXP 	img2: image = 'images/OBJ_184.png'
50.2696 	EXP 	img3: image = 'images/OBJ_9.png'
50.2696 	EXP 	img1: autoDraw = True
50.6399 	EXP 	Sound sound_pop4 reached end of file
51.7696 	EXP 	img1: autoDraw = False
52.2694 	EXP 	Sound sound_pop5 started
52.2698 	EXP 	img2: autoDraw = True
52.6311 	EXP 	Sound sound_pop5 reached end of file
53.7694 	EXP 	img2: autoDraw = False
54.2689 	EXP 	Sound sound_pop6 started
54.2689 	EXP 	img3: autoDraw = True
54.6303 	EXP 	Sound sound_pop6 reached end of file
55.7684 	EXP 	img3: autoDraw = False
55.7684 	EXP 	img1: autoDraw = False
55.7684 	EXP 	img2: autoDraw = False
55.7684 	EXP 	img3: autoDraw = False
55.7684 	EXP 	text_2: autoDraw = True
56.7682 	EXP 	text_2: autoDraw = False
56.7682 	EXP 	text_2: autoDraw = False
56.7682 	EXP 	sameText: text = 'Same'
56.7682 	EXP 	diffText: text = 'Different'
56.7682 	EXP 	text: autoDraw = True
56.7682 	EXP 	sameText: autoDraw = True
56.7682 	EXP 	diffText: autoDraw = True
56.7682 	EXP 	leftCL: autoDraw = True
56.7682 	EXP 	rightCL: autoDraw = True
59.6180 	DATA 	Mouse: Left button down, pos=(491,222)
59.6344 	EXP 	Sound clickedSound started
59.6344 	EXP 	text: autoDraw = False
59.6344 	EXP 	sameText: autoDraw = False
59.6344 	EXP 	diffText: autoDraw = False
59.6344 	EXP 	leftCL: autoDraw = False
59.6344 	EXP 	rightCL: autoDraw = False
59.7347 	DATA 	Mouse:  Left button up, pos=(491,222)
60.1407 	EXP 	Sound clickedSound stopped
60.1414 	EXP 	Created sequence: random, trialTypes=1, nReps=2, seed=None
60.1415 	EXP 	New trial (rep=0, index=0): None
60.4337 	EXP 	Sound sound_pop7 started
60.4222 	EXP 	retIMG: image = 'images/OBJ_184.png'
60.4222 	EXP 	retIMG: autoDraw = True
60.8010 	EXP 	Sound sound_pop7 reached end of file
61.9337 	EXP 	retIMG: autoDraw = False
61.9337 	EXP 	retIMG: autoDraw = False
61.9337 	EXP 	question_text: autoDraw = True
62.9334 	EXP 	question_text: autoDraw = False
62.9334 	EXP 	question_text: autoDraw = False
62.9334 	EXP 	decisionQ_2: autoDraw = True
63.8998 	EXP 	first_left: autoDraw = True
63.8998 	EXP 	second_middle: autoDraw = True
63.8998 	EXP 	third_right: autoDraw = True
63.8998 	EXP 	First: autoDraw = True
63.8998 	EXP 	Second: autoDraw = True
63.8998 	EXP 	Third: autoDraw = True
64.9497 	DATA 	Mouse: Left button down, pos=(636,356)
64.9661 	EXP 	Sound clickedSound started
64.9661 	EXP 	decisionQ_2: autoDraw = False
64.9661 	EXP 	first_left: autoDraw = False
64.9661 	EXP 	second_middle: autoDraw = False
64.9661 	EXP 	third_right: autoDraw = False
64.9661 	EXP 	First: autoDraw = False
64.9661 	EXP 	Second: autoDraw = False
64.9661 	EXP 	Third: autoDraw = False
65.0328 	DATA 	Mouse:  Left button up, pos=(636,356)
65.4719 	EXP 	Sound clickedSound stopped
65.4722 	EXP 	New trial (rep=1, index=0): None
65.7160 	EXP 	Sound sound_pop7 started
65.7193 	EXP 	retIMG: image = 'images/OBJ_92.png'
65.7193 	EXP 	retIMG: autoDraw = True
66.0914 	EXP 	Sound sound_pop7 reached end of file
67.2321 	EXP 	retIMG: autoDraw = False
67.2321 	EXP 	retIMG: autoDraw = False
67.2321 	EXP 	question_text: autoDraw = True
68.2320 	EXP 	question_text: autoDraw = False
68.2320 	EXP 	question_text: autoDraw = False
68.2320 	EXP 	decisionQ_2: autoDraw = True
69.1983 	EXP 	first_left: autoDraw = True
69.1983 	EXP 	second_middle: autoDraw = True
69.1983 	EXP 	third_right: autoDraw = True
69.1983 	EXP 	First: autoDraw = True
69.1983 	EXP 	Second: autoDraw = True
69.1983 	EXP 	Third: autoDraw = True
69.4817 	DATA 	Mouse: Left button down, pos=(637,356)
69.4982 	EXP 	Sound clickedSound started
69.4982 	EXP 	decisionQ_2: autoDraw = False
69.4982 	EXP 	first_left: autoDraw = False
69.4982 	EXP 	second_middle: autoDraw = False
69.4982 	EXP 	third_right: autoDraw = False
69.4982 	EXP 	First: autoDraw = False
69.4982 	EXP 	Second: autoDraw = False
69.4982 	EXP 	Third: autoDraw = False
69.5986 	DATA 	Mouse:  Left button up, pos=(637,356)
70.0022 	EXP 	Sound clickedSound stopped
70.0057 	EXP 	BlockBreak: autoDraw = True
71.5810 	EXP 	Created sequence: random, trialTypes=1, nReps=3, seed=None
71.5812 	EXP 	New trial (rep=0, index=0): None
71.7081 	DATA 	Keypress: space
71.8116 	EXP 	BlockBreak: autoDraw = False
71.8116 	EXP 	text_4: autoDraw = False
71.8116 	EXP 	fix: autoDraw = True
73.3637 	EXP 	Sound sound_pop started
73.3582 	EXP 	fix: autoDraw = False
73.3582 	EXP 	fix: autoDraw = False
73.3582 	EXP 	Triplet1: image = 'images/OBJ_137.png'
73.3582 	EXP 	Triplet2: image = 'images/OBJ_146.png'
73.3582 	EXP 	Triplet3: image = 'images/OBJ_134.png'
73.3582 	EXP 	Triplet1: autoDraw = True
73.7314 	EXP 	Sound sound_pop reached end of file
74.8629 	EXP 	Triplet1: autoDraw = False
75.3460 	EXP 	Sound sound_pop2 started
75.3460 	EXP 	Triplet2: autoDraw = True
75.7123 	EXP 	Sound sound_pop2 reached end of file
76.8456 	EXP 	Triplet2: autoDraw = False
77.3455 	EXP 	Sound sound_pop3 started
77.3455 	EXP 	Triplet3: autoDraw = True
77.7114 	EXP 	Sound sound_pop3 reached end of file
78.8451 	EXP 	Triplet3: autoDraw = False
78.8451 	EXP 	Triplet1: autoDraw = False
78.8451 	EXP 	Triplet2: autoDraw = False
78.8451 	EXP 	Triplet3: autoDraw = False
78.8451 	EXP 	Mask: autoDraw = True
80.3949 	EXP 	Sound sound_pop4 started
80.3874 	EXP 	Mask: autoDraw = False
80.3874 	EXP 	Mask: autoDraw = False
80.3874 	EXP 	img1: image = 'images/OBJ_137.png'
80.3874 	EXP 	img2: image = 'images/OBJ_146.png'
80.3874 	EXP 	img3: image = 'images/OBJ_134.png'
80.3874 	EXP 	img1: autoDraw = True
80.7723 	EXP 	Sound sound_pop4 reached end of file
81.8941 	EXP 	img1: autoDraw = False
82.3774 	EXP 	Sound sound_pop5 started
82.3774 	EXP 	img2: autoDraw = True
82.7359 	EXP 	Sound sound_pop5 reached end of file
83.8769 	EXP 	img2: autoDraw = False
84.3768 	EXP 	Sound sound_pop6 started
84.3773 	EXP 	img3: autoDraw = True
84.7420 	EXP 	Sound sound_pop6 reached end of file
85.8763 	EXP 	img3: autoDraw = False
85.8763 	EXP 	img1: autoDraw = False
85.8763 	EXP 	img2: autoDraw = False
85.8763 	EXP 	img3: autoDraw = False
85.8763 	EXP 	text_2: autoDraw = True
86.8761 	EXP 	text_2: autoDraw = False
86.8761 	EXP 	text_2: autoDraw = False
86.8761 	EXP 	sameText: text = 'Same'
86.8761 	EXP 	diffText: text = 'Different'
86.8761 	EXP 	text: autoDraw = True
86.8761 	EXP 	sameText: autoDraw = True
86.8761 	EXP 	diffText: autoDraw = True
86.8761 	EXP 	leftCL: autoDraw = True
86.8761 	EXP 	rightCL: autoDraw = True
87.3435 	DATA 	Mouse: Left button down, pos=(529,261)
87.3599 	EXP 	Sound clickedSound started
87.3598 	EXP 	text: autoDraw = False
87.3598 	EXP 	sameText: autoDraw = False
87.3598 	EXP 	diffText: autoDraw = False
87.3598 	EXP 	leftCL: autoDraw = False
87.3598 	EXP 	rightCL: autoDraw = False
87.4434 	DATA 	Mouse:  Left button up, pos=(529,261)
87.8623 	EXP 	Sound clickedSound stopped
87.8626 	EXP 	New trial (rep=1, index=0): None
88.0894 	EXP 	fix: autoDraw = True
89.6419 	EXP 	Sound sound_pop started
89.6356 	EXP 	fix: autoDraw = False
89.6356 	EXP 	fix: autoDraw = False
89.6356 	EXP 	Triplet1: image = 'images/OBJ_166.png'
89.6356 	EXP 	Triplet2: image = 'images/OBJ_39.png'
89.6356 	EXP 	Triplet3: image = 'images/OBJ_37.png'
89.6356 	EXP 	Triplet1: autoDraw = True
90.0120 	EXP 	Sound sound_pop reached end of file
91.1415 	EXP 	Triplet1: autoDraw = False
91.6246 	EXP 	Sound sound_pop2 started
91.6247 	EXP 	Triplet2: autoDraw = True
91.9852 	EXP 	Sound sound_pop2 reached end of file
93.1242 	EXP 	Triplet2: autoDraw = False
93.6245 	EXP 	Sound sound_pop3 started
93.6245 	EXP 	Triplet3: autoDraw = True
93.9922 	EXP 	Sound sound_pop3 reached end of file
95.1240 	EXP 	Triplet3: autoDraw = False
95.1240 	EXP 	Triplet1: autoDraw = False
95.1240 	EXP 	Triplet2: autoDraw = False
95.1240 	EXP 	Triplet3: autoDraw = False
95.1240 	EXP 	Mask: autoDraw = True
96.6736 	EXP 	Sound sound_pop4 started
96.6658 	EXP 	Mask: autoDraw = False
96.6658 	EXP 	Mask: autoDraw = False
96.6658 	EXP 	img1: image = 'images/OBJ_166.png'
96.6658 	EXP 	img2: image = 'images/OBJ_39.png'
96.6658 	EXP 	img3: image = 'images/OBJ_37.png'
96.6658 	EXP 	img1: autoDraw = True
97.0428 	EXP 	Sound sound_pop4 reached end of file
98.1728 	EXP 	img1: autoDraw = False
98.6559 	EXP 	Sound sound_pop5 started
98.6560 	EXP 	img2: autoDraw = True
99.0216 	EXP 	Sound sound_pop5 reached end of file
100.1559 	EXP 	img2: autoDraw = False
100.6557 	EXP 	Sound sound_pop6 started
100.6554 	EXP 	img3: autoDraw = True
101.0161 	EXP 	Sound sound_pop6 reached end of file
102.1550 	EXP 	img3: autoDraw = False
102.1550 	EXP 	img1: autoDraw = False
102.1550 	EXP 	img2: autoDraw = False
102.1550 	EXP 	img3: autoDraw = False
102.1550 	EXP 	text_2: autoDraw = True
103.1547 	EXP 	text_2: autoDraw = False
103.1547 	EXP 	text_2: autoDraw = False
103.1547 	EXP 	sameText: text = 'Same'
103.1547 	EXP 	diffText: text = 'Different'
103.1547 	EXP 	text: autoDraw = True
103.1547 	EXP 	sameText: autoDraw = True
103.1547 	EXP 	diffText: autoDraw = True
103.1547 	EXP 	leftCL: autoDraw = True
103.1547 	EXP 	rightCL: autoDraw = True
103.8384 	DATA 	Mouse: Left button down, pos=(485,269)
103.8548 	EXP 	Sound clickedSound started
103.8549 	EXP 	text: autoDraw = False
103.8549 	EXP 	sameText: autoDraw = False
103.8549 	EXP 	diffText: autoDraw = False
103.8549 	EXP 	leftCL: autoDraw = False
103.8549 	EXP 	rightCL: autoDraw = False
103.9549 	DATA 	Mouse:  Left button up, pos=(485,269)
104.3630 	EXP 	Sound clickedSound stopped
104.3633 	EXP 	New trial (rep=2, index=0): None
104.6027 	EXP 	fix: autoDraw = True
106.1704 	EXP 	Sound sound_pop started
106.1586 	EXP 	fix: autoDraw = False
106.1586 	EXP 	fix: autoDraw = False
106.1586 	EXP 	Triplet1: image = 'images/OBJ_61.png'
106.1586 	EXP 	Triplet2: image = 'images/OBJ_141.png'
106.1586 	EXP 	Triplet3: image = 'images/OBJ_87.png'
106.1586 	EXP 	Triplet1: autoDraw = True
106.5333 	EXP 	Sound sound_pop reached end of file
107.6700 	EXP 	Triplet1: autoDraw = False
108.1532 	EXP 	Sound sound_pop2 started
108.1536 	EXP 	Triplet2: autoDraw = True
108.5223 	EXP 	Sound sound_pop2 reached end of file
109.6528 	EXP 	Triplet2: autoDraw = False
110.1526 	EXP 	Sound sound_pop3 started
110.1526 	EXP 	Triplet3: autoDraw = True
110.5235 	EXP 	Sound sound_pop3 reached end of file
111.6522 	EXP 	Triplet3: autoDraw = False
111.6522 	EXP 	Triplet1: autoDraw = False
111.6522 	EXP 	Triplet2: autoDraw = False
111.6522 	EXP 	Triplet3: autoDraw = False
111.6522 	EXP 	Mask: autoDraw = True
113.2016 	EXP 	Sound sound_pop4 started
113.2047 	EXP 	Mask: autoDraw = False
113.2047 	EXP 	Mask: autoDraw = False
113.2047 	EXP 	img1: image = 'images/OBJ_61.png'
113.2047 	EXP 	img2: image = 'images/OBJ_141.png'
113.2047 	EXP 	img3: image = 'images/OBJ_87.png'
113.2047 	EXP 	img1: autoDraw = True
113.5723 	EXP 	Sound sound_pop4 reached end of file
114.7184 	EXP 	img1: autoDraw = False
115.2012 	EXP 	Sound sound_pop5 started
115.2012 	EXP 	img2: autoDraw = True
115.5633 	EXP 	Sound sound_pop5 reached end of file
116.7007 	EXP 	img2: autoDraw = False
117.2005 	EXP 	Sound sound_pop6 started
117.2005 	EXP 	img3: autoDraw = True
117.5624 	EXP 	Sound sound_pop6 reached end of file
118.7005 	EXP 	img3: autoDraw = False
118.7005 	EXP 	img1: autoDraw = False
118.7005 	EXP 	img2: autoDraw = False
118.7005 	EXP 	img3: autoDraw = False
118.7005 	EXP 	text_2: autoDraw = True
119.7003 	EXP 	text_2: autoDraw = False
119.7003 	EXP 	text_2: autoDraw = False
119.7003 	EXP 	sameText: text = 'Same'
119.7003 	EXP 	diffText: text = 'Different'
119.7003 	EXP 	text: autoDraw = True
119.7003 	EXP 	sameText: autoDraw = True
119.7003 	EXP 	diffText: autoDraw = True
119.7003 	EXP 	leftCL: autoDraw = True
119.7003 	EXP 	rightCL: autoDraw = True
119.9505 	DATA 	Mouse: Left button down, pos=(485,269)
119.9669 	EXP 	Sound clickedSound started
119.9669 	EXP 	text: autoDraw = False
119.9669 	EXP 	sameText: autoDraw = False
119.9669 	EXP 	diffText: autoDraw = False
119.9669 	EXP 	leftCL: autoDraw = False
119.9669 	EXP 	rightCL: autoDraw = False
120.1171 	DATA 	Mouse:  Left button up, pos=(485,269)
120.4727 	EXP 	Sound clickedSound stopped
120.4733 	EXP 	Created sequence: random, trialTypes=1, nReps=2, seed=None
120.4734 	EXP 	New trial (rep=0, index=0): None
120.4996 	EXP 	Sound sound_pop7 started
120.4935 	EXP 	retIMG: image = 'images/OBJ_119.png'
120.4935 	EXP 	retIMG: autoDraw = True
120.8638 	EXP 	Sound sound_pop7 reached end of file
121.9992 	EXP 	retIMG: autoDraw = False
121.9992 	EXP 	retIMG: autoDraw = False
121.9992 	EXP 	question_text: autoDraw = True
122.9989 	EXP 	question_text: autoDraw = False
122.9989 	EXP 	question_text: autoDraw = False
122.9989 	EXP 	decisionQ_2: autoDraw = True
123.9652 	EXP 	first_left: autoDraw = True
123.9652 	EXP 	second_middle: autoDraw = True
123.9652 	EXP 	third_right: autoDraw = True
123.9652 	EXP 	First: autoDraw = True
123.9652 	EXP 	Second: autoDraw = True
123.9652 	EXP 	Third: autoDraw = True
124.2339 	DATA 	Mouse: Left button down, pos=(633,388)
124.2657 	EXP 	Sound clickedSound started
124.2656 	EXP 	decisionQ_2: autoDraw = False
124.2656 	EXP 	first_left: autoDraw = False
124.2656 	EXP 	second_middle: autoDraw = False
124.2656 	EXP 	third_right: autoDraw = False
124.2656 	EXP 	First: autoDraw = False
124.2656 	EXP 	Second: autoDraw = False
124.2656 	EXP 	Third: autoDraw = False
124.3659 	DATA 	Mouse:  Left button up, pos=(633,388)
124.7625 	EXP 	Sound clickedSound stopped
124.7721 	EXP 	New trial (rep=1, index=0): None
124.7988 	EXP 	Sound sound_pop7 started
124.7955 	EXP 	retIMG: image = 'images/OBJ_9.png'
124.7955 	EXP 	retIMG: autoDraw = True
125.1740 	EXP 	Sound sound_pop7 reached end of file
126.2980 	EXP 	retIMG: autoDraw = False
126.2980 	EXP 	retIMG: autoDraw = False
126.2980 	EXP 	question_text: autoDraw = True
127.2977 	EXP 	question_text: autoDraw = False
127.2977 	EXP 	question_text: autoDraw = False
127.2977 	EXP 	decisionQ_2: autoDraw = True
128.2807 	EXP 	first_left: autoDraw = True
128.2807 	EXP 	second_middle: autoDraw = True
128.2807 	EXP 	third_right: autoDraw = True
128.2807 	EXP 	First: autoDraw = True
128.2807 	EXP 	Second: autoDraw = True
128.2807 	EXP 	Third: autoDraw = True
128.5641 	DATA 	Mouse: Left button down, pos=(633,388)
128.5806 	EXP 	Sound clickedSound started
128.5807 	EXP 	decisionQ_2: autoDraw = False
128.5807 	EXP 	first_left: autoDraw = False
128.5807 	EXP 	second_middle: autoDraw = False
128.5807 	EXP 	third_right: autoDraw = False
128.5807 	EXP 	First: autoDraw = False
128.5807 	EXP 	Second: autoDraw = False
128.5807 	EXP 	Third: autoDraw = False
128.6814 	DATA 	Mouse:  Left button up, pos=(633,388)
129.0828 	EXP 	Sound clickedSound stopped
129.0945 	EXP 	end: autoDraw = True
134.0957 	EXP 	end: autoDraw = False
136.6380 	EXP 	window1: mouseVisible = True
136.6381 	EXP 	window1: mouseVisible = True
136.6381 	EXP 	window1: mouseVisible = True
136.6382 	EXP 	window1: mouseVisible = True
136.6382 	EXP 	window1: mouseVisible = True
136.6383 	EXP 	window1: mouseVisible = True
136.6383 	EXP 	window1: mouseVisible = True
136.6384 	EXP 	window1: mouseVisible = True
136.6384 	EXP 	window1: mouseVisible = True
136.6384 	EXP 	window1: mouseVisible = True
136.6385 	EXP 	window1: mouseVisible = True
136.6385 	EXP 	window1: mouseVisible = True
136.6385 	EXP 	window1: mouseVisible = True
136.6386 	EXP 	window1: mouseVisible = True
136.6386 	EXP 	window1: mouseVisible = True
136.6386 	EXP 	window1: mouseVisible = True
136.6386 	EXP 	window1: mouseVisible = True
136.6387 	EXP 	window1: mouseVisible = True
136.6387 	EXP 	window1: mouseVisible = True
136.6388 	EXP 	window1: mouseVisible = True
136.6388 	EXP 	window1: mouseVisible = True
136.6388 	EXP 	window1: mouseVisible = True
136.6388 	EXP 	window1: mouseVisible = True
136.6389 	EXP 	window1: mouseVisible = True
136.6389 	EXP 	window1: mouseVisible = True
136.6389 	EXP 	window1: mouseVisible = True
136.6390 	EXP 	window1: mouseVisible = True
136.6390 	EXP 	window1: mouseVisible = True
136.6390 	EXP 	window1: mouseVisible = True
136.6391 	EXP 	window1: mouseVisible = True
136.6391 	EXP 	window1: mouseVisible = True
136.6391 	EXP 	window1: mouseVisible = True
136.6392 	EXP 	window1: mouseVisible = True
136.6392 	EXP 	window1: mouseVisible = True
136.6392 	EXP 	window1: mouseVisible = True
136.6392 	EXP 	window1: mouseVisible = True
136.6393 	EXP 	window1: mouseVisible = True
136.6393 	EXP 	window1: mouseVisible = True
136.6393 	EXP 	window1: mouseVisible = True
136.6394 	EXP 	window1: mouseVisible = True
136.6394 	EXP 	window1: mouseVisible = True
136.6394 	EXP 	window1: mouseVisible = True
136.6395 	EXP 	window1: mouseVisible = True
136.6395 	EXP 	window1: mouseVisible = True
136.6395 	EXP 	window1: mouseVisible = True
136.6395 	EXP 	window1: mouseVisible = True
136.6396 	EXP 	window1: mouseVisible = True
136.6396 	EXP 	window1: mouseVisible = True
136.6396 	EXP 	window1: mouseVisible = True
136.6397 	EXP 	window1: mouseVisible = True
136.6397 	EXP 	window1: mouseVisible = True
136.6397 	EXP 	window1: mouseVisible = True
136.6398 	EXP 	window1: mouseVisible = True
136.6398 	EXP 	window1: mouseVisible = True
136.6398 	EXP 	window1: mouseVisible = True
136.6398 	EXP 	window1: mouseVisible = True
136.6399 	EXP 	window1: mouseVisible = True
136.6399 	EXP 	window1: mouseVisible = True
136.6399 	EXP 	window1: mouseVisible = True
136.6400 	EXP 	window1: mouseVisible = True
136.6400 	EXP 	window1: mouseVisible = True
136.6400 	EXP 	window1: mouseVisible = True
136.6401 	EXP 	window1: mouseVisible = True
136.6401 	EXP 	window1: mouseVisible = True
136.6401 	EXP 	window1: mouseVisible = True
136.6401 	EXP 	window1: mouseVisible = True
136.6402 	EXP 	window1: mouseVisible = True
136.6402 	EXP 	window1: mouseVisible = True
136.6402 	EXP 	window1: mouseVisible = True
136.6403 	EXP 	window1: mouseVisible = True
136.6403 	EXP 	window1: mouseVisible = True
136.6403 	EXP 	window1: mouseVisible = True
136.6404 	EXP 	window1: mouseVisible = True
136.6404 	EXP 	window1: mouseVisible = True
136.6404 	EXP 	window1: mouseVisible = True
136.6404 	EXP 	window1: mouseVisible = True
136.6405 	EXP 	window1: mouseVisible = True
136.6405 	EXP 	window1: mouseVisible = True
136.6405 	EXP 	window1: mouseVisible = True
136.6406 	EXP 	window1: mouseVisible = True
136.6406 	EXP 	window1: mouseVisible = True
136.6406 	EXP 	window1: mouseVisible = True
136.6407 	EXP 	window1: mouseVisible = True
136.6407 	EXP 	window1: mouseVisible = True
136.6407 	EXP 	window1: mouseVisible = True
136.6407 	EXP 	window1: mouseVisible = True
136.6408 	EXP 	window1: mouseVisible = True
136.6408 	EXP 	window1: mouseVisible = True
136.6408 	EXP 	window1: mouseVisible = True
136.6409 	EXP 	window1: mouseVisible = True
136.6409 	EXP 	window1: mouseVisible = True
136.6409 	EXP 	window1: mouseVisible = True
136.6410 	EXP 	window1: mouseVisible = True
136.6410 	EXP 	window1: mouseVisible = True
136.6410 	EXP 	window1: mouseVisible = True
136.6411 	EXP 	window1: mouseVisible = True
136.6411 	EXP 	window1: mouseVisible = True
136.6411 	EXP 	window1: mouseVisible = True
136.6411 	EXP 	window1: mouseVisible = True
136.6412 	EXP 	window1: mouseVisible = True
136.6412 	EXP 	window1: mouseVisible = True
136.6412 	EXP 	window1: mouseVisible = True
136.6413 	EXP 	window1: mouseVisible = True
136.6413 	EXP 	window1: mouseVisible = True
136.6413 	EXP 	window1: mouseVisible = True
136.6413 	EXP 	window1: mouseVisible = True
136.6414 	EXP 	window1: mouseVisible = True
136.6414 	EXP 	window1: mouseVisible = True
136.6414 	EXP 	window1: mouseVisible = True
136.6415 	EXP 	window1: mouseVisible = True
136.6415 	EXP 	window1: mouseVisible = True
136.6415 	EXP 	window1: mouseVisible = True
136.6416 	EXP 	window1: mouseVisible = True
136.6416 	EXP 	window1: mouseVisible = True
136.6417 	EXP 	window1: mouseVisible = True
136.6417 	EXP 	window1: mouseVisible = True
136.6417 	EXP 	window1: mouseVisible = True
136.6418 	EXP 	window1: mouseVisible = True
136.6418 	EXP 	window1: mouseVisible = True
136.6418 	EXP 	window1: mouseVisible = True
136.6419 	EXP 	window1: mouseVisible = True
136.6419 	EXP 	window1: mouseVisible = True
136.6419 	EXP 	window1: mouseVisible = True
136.6419 	EXP 	window1: mouseVisible = True
136.6420 	EXP 	window1: mouseVisible = True
136.6420 	EXP 	window1: mouseVisible = True
136.6420 	EXP 	window1: mouseVisible = True
136.6421 	EXP 	window1: mouseVisible = True
136.6421 	EXP 	window1: mouseVisible = True
136.6421 	EXP 	window1: mouseVisible = True
136.6422 	EXP 	window1: mouseVisible = True
136.6422 	EXP 	window1: mouseVisible = True
136.6422 	EXP 	window1: mouseVisible = True
136.6422 	EXP 	window1: mouseVisible = True
136.6423 	EXP 	window1: mouseVisible = True
136.6423 	EXP 	window1: mouseVisible = True
136.6423 	EXP 	window1: mouseVisible = True
136.6424 	EXP 	window1: mouseVisible = True
136.6424 	EXP 	window1: mouseVisible = True
136.6424 	EXP 	window1: mouseVisible = True
136.6424 	EXP 	window1: mouseVisible = True
136.6425 	EXP 	window1: mouseVisible = True
136.6425 	EXP 	window1: mouseVisible = True
136.6425 	EXP 	window1: mouseVisible = True
136.6426 	EXP 	window1: mouseVisible = True
136.6426 	EXP 	window1: mouseVisible = True
136.6427 	EXP 	window1: mouseVisible = True
136.6427 	EXP 	window1: mouseVisible = True
136.6427 	EXP 	window1: mouseVisible = True
136.6428 	EXP 	window1: mouseVisible = True
136.6428 	EXP 	window1: mouseVisible = True
136.6428 	EXP 	window1: mouseVisible = True
136.6429 	EXP 	window1: mouseVisible = True
136.6429 	EXP 	window1: mouseVisible = True
136.6429 	EXP 	window1: mouseVisible = True
136.6430 	EXP 	window1: mouseVisible = True
136.6430 	EXP 	window1: mouseVisible = True
136.6430 	EXP 	window1: mouseVisible = True
136.6431 	EXP 	window1: mouseVisible = True
136.6431 	EXP 	window1: mouseVisible = True
136.6431 	EXP 	window1: mouseVisible = True
136.6432 	EXP 	window1: mouseVisible = True
136.6432 	EXP 	window1: mouseVisible = True
136.6432 	EXP 	window1: mouseVisible = True
136.6433 	EXP 	window1: mouseVisible = True
136.6433 	EXP 	window1: mouseVisible = True
136.6433 	EXP 	window1: mouseVisible = True
136.6434 	EXP 	window1: mouseVisible = True
136.6434 	EXP 	window1: mouseVisible = True
136.6435 	EXP 	window1: mouseVisible = True
136.6435 	EXP 	window1: mouseVisible = True
136.6435 	EXP 	window1: mouseVisible = True
136.6435 	EXP 	window1: mouseVisible = True
136.6436 	EXP 	window1: mouseVisible = True
136.6436 	EXP 	window1: mouseVisible = True
136.6436 	EXP 	window1: mouseVisible = True
136.6437 	EXP 	window1: mouseVisible = True
136.6437 	EXP 	window1: mouseVisible = True
136.6437 	EXP 	window1: mouseVisible = True
136.6438 	EXP 	window1: mouseVisible = True
136.6438 	EXP 	window1: mouseVisible = True
136.6438 	EXP 	window1: mouseVisible = True
136.6438 	EXP 	window1: mouseVisible = True
136.6439 	EXP 	window1: mouseVisible = True
136.6439 	EXP 	window1: mouseVisible = True
136.6439 	EXP 	window1: mouseVisible = True
136.6440 	EXP 	window1: mouseVisible = True
136.6440 	EXP 	window1: mouseVisible = True
136.6440 	EXP 	window1: mouseVisible = True
136.6441 	EXP 	window1: mouseVisible = True
136.6441 	EXP 	window1: mouseVisible = True
136.6441 	EXP 	window1: mouseVisible = True
136.6442 	EXP 	window1: mouseVisible = True
136.6442 	EXP 	window1: mouseVisible = True
136.6442 	EXP 	window1: mouseVisible = True
136.6442 	EXP 	window1: mouseVisible = True
136.6443 	EXP 	window1: mouseVisible = True
136.6443 	EXP 	window1: mouseVisible = True
136.6443 	EXP 	window1: mouseVisible = True
136.6444 	EXP 	window1: mouseVisible = True
136.6444 	EXP 	window1: mouseVisible = True
136.6444 	EXP 	window1: mouseVisible = True
136.6445 	EXP 	window1: mouseVisible = True
136.6445 	EXP 	window1: mouseVisible = True
136.6445 	EXP 	window1: mouseVisible = True
136.6446 	EXP 	window1: mouseVisible = True
136.6446 	EXP 	window1: mouseVisible = True
136.6446 	EXP 	window1: mouseVisible = True
136.6447 	EXP 	window1: mouseVisible = True
136.6447 	EXP 	window1: mouseVisible = True
136.6447 	EXP 	window1: mouseVisible = True
136.6447 	EXP 	window1: mouseVisible = True
136.6448 	EXP 	window1: mouseVisible = True
136.6448 	EXP 	window1: mouseVisible = True
136.6448 	EXP 	window1: mouseVisible = True
136.6449 	EXP 	window1: mouseVisible = True
136.6449 	EXP 	window1: mouseVisible = True
136.6449 	EXP 	window1: mouseVisible = True
136.6450 	EXP 	window1: mouseVisible = True
136.6450 	EXP 	window1: mouseVisible = True
136.6450 	EXP 	window1: mouseVisible = True
136.6450 	EXP 	window1: mouseVisible = True
136.6451 	EXP 	window1: mouseVisible = True
136.6451 	EXP 	window1: mouseVisible = True
136.6451 	EXP 	window1: mouseVisible = True
136.6452 	EXP 	window1: mouseVisible = True
136.6452 	EXP 	window1: mouseVisible = True
136.6452 	EXP 	window1: mouseVisible = True
136.6453 	EXP 	window1: mouseVisible = True
136.6453 	EXP 	window1: mouseVisible = True
136.6453 	EXP 	window1: mouseVisible = True
136.6454 	EXP 	window1: mouseVisible = True
136.6454 	EXP 	window1: mouseVisible = True
136.6454 	EXP 	window1: mouseVisible = True
136.6454 	EXP 	window1: mouseVisible = True
136.6455 	EXP 	window1: mouseVisible = True
136.6455 	EXP 	window1: mouseVisible = True
136.6455 	EXP 	window1: mouseVisible = True
136.6456 	EXP 	window1: mouseVisible = True
136.6456 	EXP 	window1: mouseVisible = True
136.6456 	EXP 	window1: mouseVisible = True
136.6457 	EXP 	window1: mouseVisible = True
136.6457 	EXP 	window1: mouseVisible = True
136.6457 	EXP 	window1: mouseVisible = True
136.6458 	EXP 	window1: mouseVisible = True
136.6458 	EXP 	window1: mouseVisible = True
136.6458 	EXP 	window1: mouseVisible = True
136.6458 	EXP 	window1: mouseVisible = True
136.6459 	EXP 	window1: mouseVisible = True
136.6459 	EXP 	window1: mouseVisible = True
136.6459 	EXP 	window1: mouseVisible = True
136.6460 	EXP 	window1: mouseVisible = True
136.6460 	EXP 	window1: mouseVisible = True
136.6460 	EXP 	window1: mouseVisible = True
136.6461 	EXP 	window1: mouseVisible = True
136.6461 	EXP 	window1: mouseVisible = True
136.6461 	EXP 	window1: mouseVisible = True
136.6462 	EXP 	window1: mouseVisible = True
136.6462 	EXP 	window1: mouseVisible = True
136.6462 	EXP 	window1: mouseVisible = True
136.6463 	EXP 	window1: mouseVisible = True
136.6463 	EXP 	window1: mouseVisible = True
136.6463 	EXP 	window1: mouseVisible = True
136.6463 	EXP 	window1: mouseVisible = True
136.6464 	EXP 	window1: mouseVisible = True
136.6464 	EXP 	window1: mouseVisible = True
136.6464 	EXP 	window1: mouseVisible = True
136.6465 	EXP 	window1: mouseVisible = True
136.6469 	EXP 	window1: mouseVisible = True
136.6469 	EXP 	window1: mouseVisible = True
136.6470 	EXP 	window1: mouseVisible = True
136.6470 	EXP 	window1: mouseVisible = True
136.6470 	EXP 	window1: mouseVisible = True
136.6471 	EXP 	window1: mouseVisible = True
136.6471 	EXP 	window1: mouseVisible = True
136.6471 	EXP 	window1: mouseVisible = True
136.6471 	EXP 	window1: mouseVisible = True
136.6472 	EXP 	window1: mouseVisible = True
136.6472 	EXP 	window1: mouseVisible = True
136.6472 	EXP 	window1: mouseVisible = True
136.6473 	EXP 	window1: mouseVisible = True
136.6473 	EXP 	window1: mouseVisible = True
136.6473 	EXP 	window1: mouseVisible = True
136.6474 	EXP 	window1: mouseVisible = True
136.6474 	EXP 	window1: mouseVisible = True
136.6474 	EXP 	window1: mouseVisible = True
136.6474 	EXP 	window1: mouseVisible = True
136.6475 	EXP 	window1: mouseVisible = True
136.6475 	EXP 	window1: mouseVisible = True
136.6475 	EXP 	window1: mouseVisible = True
136.6476 	EXP 	window1: mouseVisible = True
136.6476 	EXP 	window1: mouseVisible = True
136.6476 	EXP 	window1: mouseVisible = True
136.6477 	EXP 	window1: mouseVisible = True
136.6477 	EXP 	window1: mouseVisible = True
136.6477 	EXP 	window1: mouseVisible = True
136.6478 	EXP 	window1: mouseVisible = True
136.6478 	EXP 	window1: mouseVisible = True
136.6478 	EXP 	window1: mouseVisible = True
136.6478 	EXP 	window1: mouseVisible = True
136.6479 	EXP 	window1: mouseVisible = True
136.6479 	EXP 	window1: mouseVisible = True
136.6479 	EXP 	window1: mouseVisible = True
136.6480 	EXP 	window1: mouseVisible = True
136.6480 	EXP 	window1: mouseVisible = True
136.6480 	EXP 	window1: mouseVisible = True
136.6481 	EXP 	window1: mouseVisible = True
136.6481 	EXP 	window1: mouseVisible = True
136.6481 	EXP 	window1: mouseVisible = True
136.6482 	EXP 	window1: mouseVisible = True
136.6482 	EXP 	window1: mouseVisible = True
136.6482 	EXP 	window1: mouseVisible = True
136.6482 	EXP 	window1: mouseVisible = True
136.6483 	EXP 	window1: mouseVisible = True
136.6483 	EXP 	window1: mouseVisible = True
136.6483 	EXP 	window1: mouseVisible = True
136.6484 	EXP 	window1: mouseVisible = True
136.6484 	EXP 	window1: mouseVisible = True
136.6484 	EXP 	window1: mouseVisible = True
136.6485 	EXP 	window1: mouseVisible = True
136.6485 	EXP 	window1: mouseVisible = True
136.6485 	EXP 	window1: mouseVisible = True
136.6485 	EXP 	window1: mouseVisible = True
136.6486 	EXP 	window1: mouseVisible = True
136.6486 	EXP 	window1: mouseVisible = True
136.6486 	EXP 	window1: mouseVisible = True
136.6487 	EXP 	window1: mouseVisible = True
136.6487 	EXP 	window1: mouseVisible = True
136.6487 	EXP 	window1: mouseVisible = True
136.6488 	EXP 	window1: mouseVisible = True
136.6488 	EXP 	window1: mouseVisible = True
136.6488 	EXP 	window1: mouseVisible = True
136.6489 	EXP 	window1: mouseVisible = True
136.6489 	EXP 	window1: mouseVisible = True
136.6489 	EXP 	window1: mouseVisible = True
136.6489 	EXP 	window1: mouseVisible = True
136.6490 	EXP 	window1: mouseVisible = True
136.6490 	EXP 	window1: mouseVisible = True
136.6490 	EXP 	window1: mouseVisible = True
136.6491 	EXP 	window1: mouseVisible = True
136.6491 	EXP 	window1: mouseVisible = True
136.6491 	EXP 	window1: mouseVisible = True
136.6492 	EXP 	window1: mouseVisible = True
136.6492 	EXP 	window1: mouseVisible = True
136.6492 	EXP 	window1: mouseVisible = True
136.6493 	EXP 	window1: mouseVisible = True
136.6493 	EXP 	window1: mouseVisible = True
136.6493 	EXP 	window1: mouseVisible = True
136.6493 	EXP 	window1: mouseVisible = True
136.6494 	EXP 	window1: mouseVisible = True
136.6494 	EXP 	window1: mouseVisible = True
136.6494 	EXP 	window1: mouseVisible = True
136.6495 	EXP 	window1: mouseVisible = True
136.6495 	EXP 	window1: mouseVisible = True
136.6495 	EXP 	window1: mouseVisible = True
136.6496 	EXP 	window1: mouseVisible = True
136.6496 	EXP 	window1: mouseVisible = True
136.6496 	EXP 	window1: mouseVisible = True
136.6497 	EXP 	window1: mouseVisible = True
136.6497 	EXP 	window1: mouseVisible = True
136.6497 	EXP 	window1: mouseVisible = True
136.6498 	EXP 	window1: mouseVisible = True
136.6498 	EXP 	window1: mouseVisible = True
136.6498 	EXP 	window1: mouseVisible = True
136.6498 	EXP 	window1: mouseVisible = True
136.6499 	EXP 	window1: mouseVisible = True
136.6499 	EXP 	window1: mouseVisible = True
136.6499 	EXP 	window1: mouseVisible = True
136.6500 	EXP 	window1: mouseVisible = True
136.6500 	EXP 	window1: mouseVisible = True
136.6500 	EXP 	window1: mouseVisible = True
136.6501 	EXP 	window1: mouseVisible = True
136.6501 	EXP 	window1: mouseVisible = True
136.6501 	EXP 	window1: mouseVisible = True
136.6502 	EXP 	window1: mouseVisible = True
136.6502 	EXP 	window1: mouseVisible = True
136.6502 	EXP 	window1: mouseVisible = True
136.6502 	EXP 	window1: mouseVisible = True
136.6503 	EXP 	window1: mouseVisible = True
136.6503 	EXP 	window1: mouseVisible = True
136.6503 	EXP 	window1: mouseVisible = True
136.6504 	EXP 	window1: mouseVisible = True
136.6504 	EXP 	window1: mouseVisible = True
136.6504 	EXP 	window1: mouseVisible = True
136.6505 	EXP 	window1: mouseVisible = True
136.6505 	EXP 	window1: mouseVisible = True
136.6505 	EXP 	window1: mouseVisible = True
136.6505 	EXP 	window1: mouseVisible = True
136.6506 	EXP 	window1: mouseVisible = True
136.6506 	EXP 	window1: mouseVisible = True
136.6506 	EXP 	window1: mouseVisible = True
136.6507 	EXP 	window1: mouseVisible = True
136.6507 	EXP 	window1: mouseVisible = True
136.6508 	EXP 	window1: mouseVisible = True
136.6508 	EXP 	window1: mouseVisible = True
136.6508 	EXP 	window1: mouseVisible = True
136.6509 	EXP 	window1: mouseVisible = True
136.6509 	EXP 	window1: mouseVisible = True
136.6509 	EXP 	window1: mouseVisible = True
136.6510 	EXP 	window1: mouseVisible = True
136.6510 	EXP 	window1: mouseVisible = True
136.6510 	EXP 	window1: mouseVisible = True
136.6511 	EXP 	window1: mouseVisible = True
136.6511 	EXP 	window1: mouseVisible = True
136.6511 	EXP 	window1: mouseVisible = True
136.6511 	EXP 	window1: mouseVisible = True
136.6512 	EXP 	window1: mouseVisible = True
136.6512 	EXP 	window1: mouseVisible = True
136.6512 	EXP 	window1: mouseVisible = True
136.6513 	EXP 	window1: mouseVisible = True
136.6513 	EXP 	window1: mouseVisible = True
136.6513 	EXP 	window1: mouseVisible = True
136.6514 	EXP 	window1: mouseVisible = True
136.6514 	EXP 	window1: mouseVisible = True
136.6514 	EXP 	window1: mouseVisible = True
136.6514 	EXP 	window1: mouseVisible = True
136.6515 	EXP 	window1: mouseVisible = True
136.6515 	EXP 	window1: mouseVisible = True
136.6515 	EXP 	window1: mouseVisible = True
136.6516 	EXP 	window1: mouseVisible = True
136.6516 	EXP 	window1: mouseVisible = True
136.6516 	EXP 	window1: mouseVisible = True
136.6517 	EXP 	window1: mouseVisible = True
136.6517 	EXP 	window1: mouseVisible = True
136.6518 	EXP 	window1: mouseVisible = True
136.6518 	EXP 	window1: mouseVisible = True
136.6518 	EXP 	window1: mouseVisible = True
136.6519 	EXP 	window1: mouseVisible = True
136.6519 	EXP 	window1: mouseVisible = True
136.6519 	EXP 	window1: mouseVisible = True
136.6519 	EXP 	window1: mouseVisible = True
136.6520 	EXP 	window1: mouseVisible = True
136.6520 	EXP 	window1: mouseVisible = True
136.6520 	EXP 	window1: mouseVisible = True
136.6521 	EXP 	window1: mouseVisible = True
136.6521 	EXP 	window1: mouseVisible = True
136.6521 	EXP 	window1: mouseVisible = True
136.6522 	EXP 	window1: mouseVisible = True
136.6522 	EXP 	window1: mouseVisible = True
136.6522 	EXP 	window1: mouseVisible = True
136.6522 	EXP 	window1: mouseVisible = True
136.6523 	EXP 	window1: mouseVisible = True
136.6523 	EXP 	window1: mouseVisible = True
136.6523 	EXP 	window1: mouseVisible = True
136.6524 	EXP 	window1: mouseVisible = True
136.6524 	EXP 	window1: mouseVisible = True
136.6524 	EXP 	window1: mouseVisible = True
136.6525 	EXP 	window1: mouseVisible = True
136.6525 	EXP 	window1: mouseVisible = True
136.6525 	EXP 	window1: mouseVisible = True
136.6526 	EXP 	window1: mouseVisible = True
136.6526 	EXP 	window1: mouseVisible = True
136.6526 	EXP 	window1: mouseVisible = True
136.6526 	EXP 	window1: mouseVisible = True
136.6527 	EXP 	window1: mouseVisible = True
136.6527 	EXP 	window1: mouseVisible = True
136.6527 	EXP 	window1: mouseVisible = True
136.6528 	EXP 	window1: mouseVisible = True
136.6528 	EXP 	window1: mouseVisible = True
136.6528 	EXP 	window1: mouseVisible = True
136.6529 	EXP 	window1: mouseVisible = True
136.6529 	EXP 	window1: mouseVisible = True
136.6529 	EXP 	window1: mouseVisible = True
136.6530 	EXP 	window1: mouseVisible = True
136.6530 	EXP 	window1: mouseVisible = True
136.6530 	EXP 	window1: mouseVisible = True
136.6530 	EXP 	window1: mouseVisible = True
136.6531 	EXP 	window1: mouseVisible = True
136.6531 	EXP 	window1: mouseVisible = True
136.6531 	EXP 	window1: mouseVisible = True
136.6532 	EXP 	window1: mouseVisible = True
136.6532 	EXP 	window1: mouseVisible = True
136.6532 	EXP 	window1: mouseVisible = True
136.6533 	EXP 	window1: mouseVisible = True
136.6533 	EXP 	window1: mouseVisible = True
136.6533 	EXP 	window1: mouseVisible = True
136.6533 	EXP 	window1: mouseVisible = True
136.6534 	EXP 	window1: mouseVisible = True
136.6534 	EXP 	window1: mouseVisible = True
136.6534 	EXP 	window1: mouseVisible = True
136.6535 	EXP 	window1: mouseVisible = True
136.6535 	EXP 	window1: mouseVisible = True
136.6535 	EXP 	window1: mouseVisible = True
136.6536 	EXP 	window1: mouseVisible = True
136.6536 	EXP 	window1: mouseVisible = True
136.6536 	EXP 	window1: mouseVisible = True
136.6537 	EXP 	window1: mouseVisible = True
136.6537 	EXP 	window1: mouseVisible = True
136.6537 	EXP 	window1: mouseVisible = True
136.6537 	EXP 	window1: mouseVisible = True
136.6538 	EXP 	window1: mouseVisible = True
136.6538 	EXP 	window1: mouseVisible = True
136.6538 	EXP 	window1: mouseVisible = True
136.6539 	EXP 	window1: mouseVisible = True
136.6539 	EXP 	window1: mouseVisible = True
136.6539 	EXP 	window1: mouseVisible = True
136.6540 	EXP 	window1: mouseVisible = True
136.6540 	EXP 	window1: mouseVisible = True
136.6540 	EXP 	window1: mouseVisible = True
136.6540 	EXP 	window1: mouseVisible = True
136.6541 	EXP 	window1: mouseVisible = True
136.6541 	EXP 	window1: mouseVisible = True
136.6541 	EXP 	window1: mouseVisible = True
136.6542 	EXP 	window1: mouseVisible = True
136.6542 	EXP 	window1: mouseVisible = True
136.6542 	EXP 	window1: mouseVisible = True
136.6543 	EXP 	window1: mouseVisible = True
136.6543 	EXP 	window1: mouseVisible = True
136.6543 	EXP 	window1: mouseVisible = True
136.6544 	EXP 	window1: mouseVisible = True
136.6544 	EXP 	window1: mouseVisible = True
136.6544 	EXP 	window1: mouseVisible = True
136.6544 	EXP 	window1: mouseVisible = True
136.6545 	EXP 	window1: mouseVisible = True
136.6545 	EXP 	window1: mouseVisible = True
136.6545 	EXP 	window1: mouseVisible = True
136.6546 	EXP 	window1: mouseVisible = True
136.6546 	EXP 	window1: mouseVisible = True
136.6546 	EXP 	window1: mouseVisible = True
136.6547 	EXP 	window1: mouseVisible = True
136.6547 	EXP 	window1: mouseVisible = True
136.6547 	EXP 	window1: mouseVisible = True
136.6548 	EXP 	window1: mouseVisible = True
136.6548 	EXP 	window1: mouseVisible = True
136.6548 	EXP 	window1: mouseVisible = True
136.6548 	EXP 	window1: mouseVisible = True
136.6549 	EXP 	window1: mouseVisible = True
136.6549 	EXP 	window1: mouseVisible = True
136.6549 	EXP 	window1: mouseVisible = True
136.6550 	EXP 	window1: mouseVisible = True
136.6550 	EXP 	window1: mouseVisible = True
136.6550 	EXP 	window1: mouseVisible = True
136.6551 	EXP 	window1: mouseVisible = True
136.6551 	EXP 	window1: mouseVisible = True
136.6551 	EXP 	window1: mouseVisible = True
136.6552 	EXP 	window1: mouseVisible = True
136.6552 	EXP 	window1: mouseVisible = True
136.6552 	EXP 	window1: mouseVisible = True
136.6552 	EXP 	window1: mouseVisible = True
136.6553 	EXP 	window1: mouseVisible = True
136.6553 	EXP 	window1: mouseVisible = True
136.6553 	EXP 	window1: mouseVisible = True
136.6554 	EXP 	window1: mouseVisible = True
136.6554 	EXP 	window1: mouseVisible = True
136.6555 	EXP 	window1: mouseVisible = True
136.6555 	EXP 	window1: mouseVisible = True
136.6555 	EXP 	window1: mouseVisible = True
136.6556 	EXP 	window1: mouseVisible = True
136.6556 	EXP 	window1: mouseVisible = True
136.6556 	EXP 	window1: mouseVisible = True
136.6557 	EXP 	window1: mouseVisible = True
136.6557 	EXP 	window1: mouseVisible = True
136.6557 	EXP 	window1: mouseVisible = True
136.6558 	EXP 	window1: mouseVisible = True
136.6558 	EXP 	window1: mouseVisible = True
136.6558 	EXP 	window1: mouseVisible = True
136.6559 	EXP 	window1: mouseVisible = True
136.6559 	EXP 	window1: mouseVisible = True
136.6559 	EXP 	window1: mouseVisible = True
136.6560 	EXP 	window1: mouseVisible = True
136.6560 	EXP 	window1: mouseVisible = True
136.6560 	EXP 	window1: mouseVisible = True
136.6560 	EXP 	window1: mouseVisible = True
136.6561 	EXP 	window1: mouseVisible = True
136.6561 	EXP 	window1: mouseVisible = True
136.6561 	EXP 	window1: mouseVisible = True
136.6562 	EXP 	window1: mouseVisible = True
136.6562 	EXP 	window1: mouseVisible = True
136.6562 	EXP 	window1: mouseVisible = True
136.6563 	EXP 	window1: mouseVisible = True
136.6563 	EXP 	window1: mouseVisible = True
136.6563 	EXP 	window1: mouseVisible = True
136.6564 	EXP 	window1: mouseVisible = True
136.6564 	EXP 	window1: mouseVisible = True
136.6564 	EXP 	window1: mouseVisible = True
136.6565 	EXP 	window1: mouseVisible = True
136.6565 	EXP 	window1: mouseVisible = True
136.6565 	EXP 	window1: mouseVisible = True
136.6566 	EXP 	window1: mouseVisible = True
136.6566 	EXP 	window1: mouseVisible = True
136.6566 	EXP 	window1: mouseVisible = True
136.6567 	EXP 	window1: mouseVisible = True
136.6567 	EXP 	window1: mouseVisible = True
136.6567 	EXP 	window1: mouseVisible = True
136.6568 	EXP 	window1: mouseVisible = True
136.6568 	EXP 	window1: mouseVisible = True
136.6568 	EXP 	window1: mouseVisible = True
136.6569 	EXP 	window1: mouseVisible = True
136.6569 	EXP 	window1: mouseVisible = True
136.6569 	EXP 	window1: mouseVisible = True
136.6570 	EXP 	window1: mouseVisible = True
136.6570 	EXP 	window1: mouseVisible = True
136.6570 	EXP 	window1: mouseVisible = True
136.6571 	EXP 	window1: mouseVisible = True
136.6571 	EXP 	window1: mouseVisible = True
136.6571 	EXP 	window1: mouseVisible = True
136.6572 	EXP 	window1: mouseVisible = True
136.6572 	EXP 	window1: mouseVisible = True
136.6572 	EXP 	window1: mouseVisible = True
136.6572 	EXP 	window1: mouseVisible = True
136.6573 	EXP 	window1: mouseVisible = True
136.6573 	EXP 	window1: mouseVisible = True
136.6573 	EXP 	window1: mouseVisible = True
136.6574 	EXP 	window1: mouseVisible = True
136.6574 	EXP 	window1: mouseVisible = True
136.6574 	EXP 	window1: mouseVisible = True
136.6575 	EXP 	window1: mouseVisible = True
136.6575 	EXP 	window1: mouseVisible = True
136.6575 	EXP 	window1: mouseVisible = True
136.6576 	EXP 	window1: mouseVisible = True
136.6576 	EXP 	window1: mouseVisible = True
136.6576 	EXP 	window1: mouseVisible = True
136.6576 	EXP 	window1: mouseVisible = True
136.6577 	EXP 	window1: mouseVisible = True
136.6577 	EXP 	window1: mouseVisible = True
136.6577 	EXP 	window1: mouseVisible = True
136.6578 	EXP 	window1: mouseVisible = True
136.6578 	EXP 	window1: mouseVisible = True
136.6578 	EXP 	window1: mouseVisible = True
136.6579 	EXP 	window1: mouseVisible = True
136.6579 	EXP 	window1: mouseVisible = True
136.6579 	EXP 	window1: mouseVisible = True
136.6579 	EXP 	window1: mouseVisible = True
136.6580 	EXP 	window1: mouseVisible = True
136.6580 	EXP 	window1: mouseVisible = True
136.6580 	EXP 	window1: mouseVisible = True
136.6581 	EXP 	window1: mouseVisible = True
136.6581 	EXP 	window1: mouseVisible = True
136.6581 	EXP 	window1: mouseVisible = True
136.6582 	EXP 	window1: mouseVisible = True
136.6582 	EXP 	window1: mouseVisible = True
136.6582 	EXP 	window1: mouseVisible = True
136.6583 	EXP 	window1: mouseVisible = True
136.6583 	EXP 	window1: mouseVisible = True
136.6583 	EXP 	window1: mouseVisible = True
136.6583 	EXP 	window1: mouseVisible = True
136.6584 	EXP 	window1: mouseVisible = True
136.6584 	EXP 	window1: mouseVisible = True
136.6584 	EXP 	window1: mouseVisible = True
136.6585 	EXP 	window1: mouseVisible = True
136.6585 	EXP 	window1: mouseVisible = True
136.6585 	EXP 	window1: mouseVisible = True
136.6586 	EXP 	window1: mouseVisible = True
136.6586 	EXP 	window1: mouseVisible = True
136.6586 	EXP 	window1: mouseVisible = True
136.6587 	EXP 	window1: mouseVisible = True
136.6587 	EXP 	window1: mouseVisible = True
136.6587 	EXP 	window1: mouseVisible = True
136.6587 	EXP 	window1: mouseVisible = True
136.6588 	EXP 	window1: mouseVisible = True
136.6588 	EXP 	window1: mouseVisible = True
136.6588 	EXP 	window1: mouseVisible = True
136.6589 	EXP 	window1: mouseVisible = True
136.6589 	EXP 	window1: mouseVisible = True
136.6589 	EXP 	window1: mouseVisible = True
136.6590 	EXP 	window1: mouseVisible = True
136.6590 	EXP 	window1: mouseVisible = True
136.6590 	EXP 	window1: mouseVisible = True
136.6590 	EXP 	window1: mouseVisible = True
136.6591 	EXP 	window1: mouseVisible = True
136.6591 	EXP 	window1: mouseVisible = True
136.6591 	EXP 	window1: mouseVisible = True
136.6592 	EXP 	window1: mouseVisible = True
136.6592 	EXP 	window1: mouseVisible = True
136.6592 	EXP 	window1: mouseVisible = True
136.6593 	EXP 	window1: mouseVisible = True
136.6593 	EXP 	window1: mouseVisible = True
136.6593 	EXP 	window1: mouseVisible = True
136.6594 	EXP 	window1: mouseVisible = True
136.6594 	EXP 	window1: mouseVisible = True
136.6594 	EXP 	window1: mouseVisible = True
136.6595 	EXP 	window1: mouseVisible = True
136.6595 	EXP 	window1: mouseVisible = True
136.6595 	EXP 	window1: mouseVisible = True
136.6595 	EXP 	window1: mouseVisible = True
136.6596 	EXP 	window1: mouseVisible = True
136.6596 	EXP 	window1: mouseVisible = True
136.6596 	EXP 	window1: mouseVisible = True
136.6597 	EXP 	window1: mouseVisible = True
136.6597 	EXP 	window1: mouseVisible = True
136.6597 	EXP 	window1: mouseVisible = True
136.6598 	EXP 	window1: mouseVisible = True
136.6598 	EXP 	window1: mouseVisible = True
136.6598 	EXP 	window1: mouseVisible = True
136.6599 	EXP 	window1: mouseVisible = True
136.6599 	EXP 	window1: mouseVisible = True
136.6599 	EXP 	window1: mouseVisible = True
136.6600 	EXP 	window1: mouseVisible = True
136.6600 	EXP 	window1: mouseVisible = True
136.6600 	EXP 	window1: mouseVisible = True
136.6600 	EXP 	window1: mouseVisible = True
136.6601 	EXP 	window1: mouseVisible = True
136.6601 	EXP 	window1: mouseVisible = True
136.6601 	EXP 	window1: mouseVisible = True
136.6602 	EXP 	window1: mouseVisible = True
136.6602 	EXP 	window1: mouseVisible = True
136.6602 	EXP 	window1: mouseVisible = True
136.6603 	EXP 	window1: mouseVisible = True
136.6603 	EXP 	window1: mouseVisible = True
136.6603 	EXP 	window1: mouseVisible = True
136.6603 	EXP 	window1: mouseVisible = True
136.6604 	EXP 	window1: mouseVisible = True
136.6604 	EXP 	window1: mouseVisible = True
136.6604 	EXP 	window1: mouseVisible = True
136.6605 	EXP 	window1: mouseVisible = True
136.6605 	EXP 	window1: mouseVisible = True
136.6605 	EXP 	window1: mouseVisible = True
136.6606 	EXP 	window1: mouseVisible = True
136.6606 	EXP 	window1: mouseVisible = True
136.6606 	EXP 	window1: mouseVisible = True
136.6607 	EXP 	window1: mouseVisible = True
136.6607 	EXP 	window1: mouseVisible = True
136.6607 	EXP 	window1: mouseVisible = True
136.6607 	EXP 	window1: mouseVisible = True
136.6608 	EXP 	window1: mouseVisible = True
136.6608 	EXP 	window1: mouseVisible = True
136.6608 	EXP 	window1: mouseVisible = True
136.6609 	EXP 	window1: mouseVisible = True
136.6609 	EXP 	window1: mouseVisible = True
136.6609 	EXP 	window1: mouseVisible = True
136.6610 	EXP 	window1: mouseVisible = True
136.6610 	EXP 	window1: mouseVisible = True
136.6610 	EXP 	window1: mouseVisible = True
136.6611 	EXP 	window1: mouseVisible = True
136.6611 	EXP 	window1: mouseVisible = True
136.6611 	EXP 	window1: mouseVisible = True
136.6611 	EXP 	window1: mouseVisible = True
136.6612 	EXP 	window1: mouseVisible = True
136.6612 	EXP 	window1: mouseVisible = True
136.6612 	EXP 	window1: mouseVisible = True
136.6613 	EXP 	window1: mouseVisible = True
136.6613 	EXP 	window1: mouseVisible = True
136.6613 	EXP 	window1: mouseVisible = True
136.6614 	EXP 	window1: mouseVisible = True
136.6614 	EXP 	window1: mouseVisible = True
136.6614 	EXP 	window1: mouseVisible = True
136.6615 	EXP 	window1: mouseVisible = True
136.6615 	EXP 	window1: mouseVisible = True
136.6615 	EXP 	window1: mouseVisible = True
136.6616 	EXP 	window1: mouseVisible = True
136.6616 	EXP 	window1: mouseVisible = True
136.6616 	EXP 	window1: mouseVisible = True
136.6617 	EXP 	window1: mouseVisible = True
136.6617 	EXP 	window1: mouseVisible = True
136.6617 	EXP 	window1: mouseVisible = True
136.6618 	EXP 	window1: mouseVisible = True
136.6618 	EXP 	window1: mouseVisible = True
136.6618 	EXP 	window1: mouseVisible = True
136.6619 	EXP 	window1: mouseVisible = True
136.6619 	EXP 	window1: mouseVisible = True
136.6619 	EXP 	window1: mouseVisible = True
136.6619 	EXP 	window1: mouseVisible = True
136.6620 	EXP 	window1: mouseVisible = True
136.6620 	EXP 	window1: mouseVisible = True
136.6620 	EXP 	window1: mouseVisible = True
136.6621 	EXP 	window1: mouseVisible = True
136.6621 	EXP 	window1: mouseVisible = True
136.6621 	EXP 	window1: mouseVisible = True
136.6622 	EXP 	window1: mouseVisible = True
136.6622 	EXP 	window1: mouseVisible = True
136.6622 	EXP 	window1: mouseVisible = True
136.6623 	EXP 	window1: mouseVisible = True
136.6623 	EXP 	window1: mouseVisible = True
136.6623 	EXP 	window1: mouseVisible = True
136.6623 	EXP 	window1: mouseVisible = True
136.6624 	EXP 	window1: mouseVisible = True
136.6624 	EXP 	window1: mouseVisible = True
136.6624 	EXP 	window1: mouseVisible = True
136.6625 	EXP 	window1: mouseVisible = True
136.6625 	EXP 	window1: mouseVisible = True
136.6625 	EXP 	window1: mouseVisible = True
136.6626 	EXP 	window1: mouseVisible = True
136.6626 	EXP 	window1: mouseVisible = True
136.6626 	EXP 	window1: mouseVisible = True
136.6627 	EXP 	window1: mouseVisible = True
136.6627 	EXP 	window1: mouseVisible = True
136.6627 	EXP 	window1: mouseVisible = True
136.6627 	EXP 	window1: mouseVisible = True
136.6628 	EXP 	window1: mouseVisible = True
136.6628 	EXP 	window1: mouseVisible = True
136.6628 	EXP 	window1: mouseVisible = True
136.6629 	EXP 	window1: mouseVisible = True
136.6629 	EXP 	window1: mouseVisible = True
136.6629 	EXP 	window1: mouseVisible = True
136.6630 	EXP 	window1: mouseVisible = True
136.6630 	EXP 	window1: mouseVisible = True
136.6630 	EXP 	window1: mouseVisible = True
136.6630 	EXP 	window1: mouseVisible = True
136.6631 	EXP 	window1: mouseVisible = True
136.6631 	EXP 	window1: mouseVisible = True
136.6631 	EXP 	window1: mouseVisible = True
136.6632 	EXP 	window1: mouseVisible = True
136.6632 	EXP 	window1: mouseVisible = True
136.6632 	EXP 	window1: mouseVisible = True
136.6633 	EXP 	window1: mouseVisible = True
136.6633 	EXP 	window1: mouseVisible = True
136.6633 	EXP 	window1: mouseVisible = True
136.6634 	EXP 	window1: mouseVisible = True
136.6634 	EXP 	window1: mouseVisible = True
136.6634 	EXP 	window1: mouseVisible = True
136.6634 	EXP 	window1: mouseVisible = True
136.6635 	EXP 	window1: mouseVisible = True
136.6635 	EXP 	window1: mouseVisible = True
136.6635 	EXP 	window1: mouseVisible = True
136.6636 	EXP 	window1: mouseVisible = True
136.6636 	EXP 	window1: mouseVisible = True
136.6636 	EXP 	window1: mouseVisible = True
136.6637 	EXP 	window1: mouseVisible = True
136.6637 	EXP 	window1: mouseVisible = True
136.6637 	EXP 	window1: mouseVisible = True
136.6637 	EXP 	window1: mouseVisible = True
136.6638 	EXP 	window1: mouseVisible = True
136.6638 	EXP 	window1: mouseVisible = True
136.6638 	EXP 	window1: mouseVisible = True
136.6639 	EXP 	window1: mouseVisible = True
136.6639 	EXP 	window1: mouseVisible = True
136.6639 	EXP 	window1: mouseVisible = True
136.6640 	EXP 	window1: mouseVisible = True
136.6640 	EXP 	window1: mouseVisible = True
136.6640 	EXP 	window1: mouseVisible = True
136.6640 	EXP 	window1: mouseVisible = True
136.6641 	EXP 	window1: mouseVisible = True
136.6641 	EXP 	window1: mouseVisible = True
136.6641 	EXP 	window1: mouseVisible = True
136.6642 	EXP 	window1: mouseVisible = True
136.6642 	EXP 	window1: mouseVisible = True
136.6642 	EXP 	window1: mouseVisible = True
136.6643 	EXP 	window1: mouseVisible = True
136.6643 	EXP 	window1: mouseVisible = True
136.6643 	EXP 	window1: mouseVisible = True
136.6644 	EXP 	window1: mouseVisible = True
136.6644 	EXP 	window1: mouseVisible = True
136.6644 	EXP 	window1: mouseVisible = True
136.6645 	EXP 	window1: mouseVisible = True
136.6645 	EXP 	window1: mouseVisible = True
136.6645 	EXP 	window1: mouseVisible = True
136.6646 	EXP 	window1: mouseVisible = True
136.6646 	EXP 	window1: mouseVisible = True
136.6646 	EXP 	window1: mouseVisible = True
136.6647 	EXP 	window1: mouseVisible = True
136.6647 	EXP 	window1: mouseVisible = True
136.6647 	EXP 	window1: mouseVisible = True
136.6647 	EXP 	window1: mouseVisible = True
136.6648 	EXP 	window1: mouseVisible = True
136.6648 	EXP 	window1: mouseVisible = True
136.6648 	EXP 	window1: mouseVisible = True
136.6649 	EXP 	window1: mouseVisible = True
136.6649 	EXP 	window1: mouseVisible = True
136.6649 	EXP 	window1: mouseVisible = True
136.6650 	EXP 	window1: mouseVisible = True
136.6650 	EXP 	window1: mouseVisible = True
136.6650 	EXP 	window1: mouseVisible = True
136.6651 	EXP 	window1: mouseVisible = True
136.6651 	EXP 	window1: mouseVisible = True
136.6651 	EXP 	window1: mouseVisible = True
136.6652 	EXP 	window1: mouseVisible = True
136.6652 	EXP 	window1: mouseVisible = True
136.6652 	EXP 	window1: mouseVisible = True
136.6652 	EXP 	window1: mouseVisible = True
136.6653 	EXP 	window1: mouseVisible = True
136.6653 	EXP 	window1: mouseVisible = True
136.6653 	EXP 	window1: mouseVisible = True
136.6654 	EXP 	window1: mouseVisible = True
136.6654 	EXP 	window1: mouseVisible = True
136.6654 	EXP 	window1: mouseVisible = True
136.6655 	EXP 	window1: mouseVisible = True
136.6655 	EXP 	window1: mouseVisible = True
136.6655 	EXP 	window1: mouseVisible = True
136.6656 	EXP 	window1: mouseVisible = True
136.6656 	EXP 	window1: mouseVisible = True
136.6656 	EXP 	window1: mouseVisible = True
136.6656 	EXP 	window1: mouseVisible = True
136.6657 	EXP 	window1: mouseVisible = True
136.6657 	EXP 	window1: mouseVisible = True
136.6657 	EXP 	window1: mouseVisible = True
136.6658 	EXP 	window1: mouseVisible = True
136.6658 	EXP 	window1: mouseVisible = True
136.6658 	EXP 	window1: mouseVisible = True
136.6659 	EXP 	window1: mouseVisible = True
136.6659 	EXP 	window1: mouseVisible = True
136.6659 	EXP 	window1: mouseVisible = True
136.6660 	EXP 	window1: mouseVisible = True
136.6660 	EXP 	window1: mouseVisible = True
136.6660 	EXP 	window1: mouseVisible = True
136.6661 	EXP 	window1: mouseVisible = True
136.6661 	EXP 	window1: mouseVisible = True
136.6661 	EXP 	window1: mouseVisible = True
136.6662 	EXP 	window1: mouseVisible = True
136.6662 	EXP 	window1: mouseVisible = True
136.6662 	EXP 	window1: mouseVisible = True
136.6662 	EXP 	window1: mouseVisible = True
136.6663 	EXP 	window1: mouseVisible = True
136.6663 	EXP 	window1: mouseVisible = True
136.6664 	EXP 	window1: mouseVisible = True
136.6664 	EXP 	window1: mouseVisible = True
136.6664 	EXP 	window1: mouseVisible = True
136.6665 	EXP 	window1: mouseVisible = True
136.6665 	EXP 	window1: mouseVisible = True
136.6665 	EXP 	window1: mouseVisible = True
136.6666 	EXP 	window1: mouseVisible = True
136.6666 	EXP 	window1: mouseVisible = True
136.6666 	EXP 	window1: mouseVisible = True
136.6666 	EXP 	window1: mouseVisible = True
136.6667 	EXP 	window1: mouseVisible = True
136.6667 	EXP 	window1: mouseVisible = True
136.6667 	EXP 	window1: mouseVisible = True
136.6668 	EXP 	window1: mouseVisible = True
136.6668 	EXP 	window1: mouseVisible = True
136.6668 	EXP 	window1: mouseVisible = True
136.6669 	EXP 	window1: mouseVisible = True
136.6669 	EXP 	window1: mouseVisible = True
136.6669 	EXP 	window1: mouseVisible = True
136.6669 	EXP 	window1: mouseVisible = True
136.6670 	EXP 	window1: mouseVisible = True
136.6670 	EXP 	window1: mouseVisible = True
136.6670 	EXP 	window1: mouseVisible = True
136.6671 	EXP 	window1: mouseVisible = True
136.6671 	EXP 	window1: mouseVisible = True
136.6671 	EXP 	window1: mouseVisible = True
136.6672 	EXP 	window1: mouseVisible = True
136.6672 	EXP 	window1: mouseVisible = True
136.6672 	EXP 	window1: mouseVisible = True
136.6673 	EXP 	window1: mouseVisible = True
136.6673 	EXP 	window1: mouseVisible = True
136.6673 	EXP 	window1: mouseVisible = True
136.6673 	EXP 	window1: mouseVisible = True
136.6674 	EXP 	window1: mouseVisible = True
136.6674 	EXP 	window1: mouseVisible = True
136.6674 	EXP 	window1: mouseVisible = True
136.6675 	EXP 	window1: mouseVisible = True
136.6675 	EXP 	window1: mouseVisible = True
136.6675 	EXP 	window1: mouseVisible = True
136.6676 	EXP 	window1: mouseVisible = True
136.6676 	EXP 	window1: mouseVisible = True
136.6676 	EXP 	window1: mouseVisible = True
136.6676 	EXP 	window1: mouseVisible = True
136.6677 	EXP 	window1: mouseVisible = True
136.6677 	EXP 	window1: mouseVisible = True
136.6677 	EXP 	window1: mouseVisible = True
136.6678 	EXP 	window1: mouseVisible = True
136.6678 	EXP 	window1: mouseVisible = True
136.6678 	EXP 	window1: mouseVisible = True
136.6679 	EXP 	window1: mouseVisible = True
136.6679 	EXP 	window1: mouseVisible = True
136.6679 	EXP 	window1: mouseVisible = True
136.6679 	EXP 	window1: mouseVisible = True
136.6680 	EXP 	window1: mouseVisible = True
136.6680 	EXP 	window1: mouseVisible = True
136.6680 	EXP 	window1: mouseVisible = True
136.6681 	EXP 	window1: mouseVisible = True
136.6681 	EXP 	window1: mouseVisible = True
136.6681 	EXP 	window1: mouseVisible = True
136.6682 	EXP 	window1: mouseVisible = True
136.6682 	EXP 	window1: mouseVisible = True
136.6682 	EXP 	window1: mouseVisible = True
136.6683 	EXP 	window1: mouseVisible = True
136.6683 	EXP 	window1: mouseVisible = True
136.6683 	EXP 	window1: mouseVisible = True
136.6684 	EXP 	window1: mouseVisible = True
136.6684 	EXP 	window1: mouseVisible = True
136.6684 	EXP 	window1: mouseVisible = True
136.6684 	EXP 	window1: mouseVisible = True
136.6685 	EXP 	window1: mouseVisible = True
136.6685 	EXP 	window1: mouseVisible = True
136.6685 	EXP 	window1: mouseVisible = True
136.6686 	EXP 	window1: mouseVisible = True
136.6686 	EXP 	window1: mouseVisible = True
136.6686 	EXP 	window1: mouseVisible = True
136.6687 	EXP 	window1: mouseVisible = True
136.6687 	EXP 	window1: mouseVisible = True
136.6687 	EXP 	window1: mouseVisible = True
136.6688 	EXP 	window1: mouseVisible = True
136.6688 	EXP 	window1: mouseVisible = True
136.6688 	EXP 	window1: mouseVisible = True
136.6688 	EXP 	window1: mouseVisible = True
136.6689 	EXP 	window1: mouseVisible = True
136.6689 	EXP 	window1: mouseVisible = True
136.6689 	EXP 	window1: mouseVisible = True
136.6690 	EXP 	window1: mouseVisible = True
136.6690 	EXP 	window1: mouseVisible = True
136.6690 	EXP 	window1: mouseVisible = True
136.6691 	EXP 	window1: mouseVisible = True
136.6691 	EXP 	window1: mouseVisible = True
136.6691 	EXP 	window1: mouseVisible = True
136.6692 	EXP 	window1: mouseVisible = True
136.6692 	EXP 	window1: mouseVisible = True
136.6692 	EXP 	window1: mouseVisible = True
136.6693 	EXP 	window1: mouseVisible = True
136.6693 	EXP 	window1: mouseVisible = True
136.6693 	EXP 	window1: mouseVisible = True
136.6694 	EXP 	window1: mouseVisible = True
136.6694 	EXP 	window1: mouseVisible = True
136.6694 	EXP 	window1: mouseVisible = True
136.6695 	EXP 	window1: mouseVisible = True
136.6695 	EXP 	window1: mouseVisible = True
136.6695 	EXP 	window1: mouseVisible = True
136.6696 	EXP 	window1: mouseVisible = True
136.6696 	EXP 	window1: mouseVisible = True
136.6696 	EXP 	window1: mouseVisible = True
136.6697 	EXP 	window1: mouseVisible = True
136.6697 	EXP 	window1: mouseVisible = True
136.6697 	EXP 	window1: mouseVisible = True
136.6698 	EXP 	window1: mouseVisible = True
136.6698 	EXP 	window1: mouseVisible = True
136.6698 	EXP 	window1: mouseVisible = True
136.6698 	EXP 	window1: mouseVisible = True
136.6699 	EXP 	window1: mouseVisible = True
136.6699 	EXP 	window1: mouseVisible = True
136.6699 	EXP 	window1: mouseVisible = True
136.6700 	EXP 	window1: mouseVisible = True
136.6700 	EXP 	window1: mouseVisible = True
136.6700 	EXP 	window1: mouseVisible = True
136.6701 	EXP 	window1: mouseVisible = True
136.6701 	EXP 	window1: mouseVisible = True
136.6701 	EXP 	window1: mouseVisible = True
136.6702 	EXP 	window1: mouseVisible = True
136.6702 	EXP 	window1: mouseVisible = True
136.6702 	EXP 	window1: mouseVisible = True
136.6703 	EXP 	window1: mouseVisible = True
136.6703 	EXP 	window1: mouseVisible = True
136.6703 	EXP 	window1: mouseVisible = True
136.6704 	EXP 	window1: mouseVisible = True
136.6704 	EXP 	window1: mouseVisible = True
136.6704 	EXP 	window1: mouseVisible = True
136.6705 	EXP 	window1: mouseVisible = True
136.6705 	EXP 	window1: mouseVisible = True
136.6705 	EXP 	window1: mouseVisible = True
136.6706 	EXP 	window1: mouseVisible = True
136.6706 	EXP 	window1: mouseVisible = True
136.6706 	EXP 	window1: mouseVisible = True
136.6706 	EXP 	window1: mouseVisible = True
136.6707 	EXP 	window1: mouseVisible = True
136.6707 	EXP 	window1: mouseVisible = True
136.6707 	EXP 	window1: mouseVisible = True
136.6708 	EXP 	window1: mouseVisible = True
136.6708 	EXP 	window1: mouseVisible = True
