27.9786 	WARNING 	Monitor specification not found. Creating a temporary one...
28.0077 	WARNING 	User requested fullscreen with size [800 600], but screen is actually [1280, 1024]. Using actual size
28.9312 	EXP 	Created window1 = Window(allowGUI=True, allowStencil=False, autoLog=True, backendConf=UNKNOWN, bitsMode=UNKNOWN, blendMode='avg', bpc=(8, 8, 8), color=array([0, 0, 0]), colorSpace='rgb', depthBits=8, fullscr=<method-wrapper '__getattribute__' of attributeSetter object at 0x00000156A65F8C40>, gamma=None, gammaErrorPolicy='raise', lms=UNKNOWN, monitor=<psychopy.monitors.calibTools.Monitor object at 0x00000156A6A4E430>, multiSample=False, name='window1', numSamples=2, pos=(0, 0), screen=0, size=array([1280, 1024]), stencilBits=0, stereo=False, units='pix', useFBO=False, useRetina=False, viewOri=0.0, viewPos=None, viewScale=None, waitBlanking=True, winType='pyglet')
28.9313 	EXP 	window1: mouseVisible = True
28.9316 	EXP 	window1: mouseVisible = False
31.1539 	DATA 	Keypress: space
32.0093 	DATA 	Keypress: o
32.0100 	EXP 	window1: units = 'pix'
32.0372 	WARNING 	User requested fullscreen with size [1280  720], but screen is actually [1280, 1024]. Using actual size
32.4485 	EXP 	Created window1 = Window(allowGUI=False, allowStencil=False, autoLog=True, backendConf=UNKNOWN, bitsMode=UNKNOWN, blendMode='avg', bpc=(8, 8, 8), color=array([0, 0, 0]), colorSpace='rgb', depthBits=8, fullscr=<method-wrapper '__getattribute__' of attributeSetter object at 0x00000156A65F8C40>, gamma=None, gammaErrorPolicy='raise', lms=UNKNOWN, monitor=<psychopy.monitors.calibTools.Monitor object at 0x00000156AD234DF0>, multiSample=False, name='window1', numSamples=2, pos=(0, 0), screen=0, size=array([1280, 1024]), stencilBits=0, stereo=False, units='height', useFBO=True, useRetina=False, viewOri=0.0, viewPos=None, viewScale=None, waitBlanking=True, winType='pyglet')
32.4487 	EXP 	window1: mouseVisible = True
32.4487 	EXP 	window1: Attempting to measure frame rate of screen (0) ...
32.4487 	EXP 	window1: recordFrameIntervals = False
32.5652 	DATA 	Keypress: space
32.6151 	EXP 	window1: recordFrameIntervals = True
32.7982 	EXP 	Screen (0) actual frame rate measured at 60.00Hz
32.7983 	EXP 	window1: recordFrameIntervals = False
33.4939 	EXP 	Created Instructions = TextStim(__class__=<class 'psychopy.visual.text.TextStim'>, alignHoriz=method-wrapper(...), alignText='center', alignVert=method-wrapper(...), anchorHoriz='center', anchorVert='center', antialias=True, autoDraw=False, autoLog=True, bold=False, color=array([1, 1, 1]), colorSpace='rgb', contrast=1.0, depth=0.0, flipHoriz=False, flipVert=False, font='Arial', fontFiles=[], height=0.03, italic=False, languageStyle='LTR', name='Instructions', opacity=1.0, ori=0, pos=array([0., 0.]), rgb=UNKNOWN, text=str(...), units='height', win=Window(...), wrapWidth=1)
33.4978 	EXP 	Created Triplet1 = ImageStim(__class__=<class 'psychopy.visual.image.ImageStim'>, anchor=('center', 'center'), autoLog=True, color=array([1, 1, 1]), colorSpace='rgb', contrast=1.0, depth=-1.0, flipHoriz=False, flipVert=False, image='sin', interpolate=True, mask=None, maskParams=None, name='Triplet1', opacity=1.0, ori=0.0, pos=array([0., 0.]), size=array([0.25, 0.25]), texRes=128, units='height', win=Window(...))
33.5031 	EXP 	Created Triplet2 = ImageStim(__class__=<class 'psychopy.visual.image.ImageStim'>, anchor=('center', 'center'), autoLog=True, color=array([1, 1, 1]), colorSpace='rgb', contrast=1.0, depth=-2.0, flipHoriz=False, flipVert=False, image='sin', interpolate=True, mask=None, maskParams=None, name='Triplet2', opacity=1.0, ori=0.0, pos=array([0., 0.]), size=array([0.25, 0.25]), texRes=128, units='height', win=Window(...))
33.5086 	EXP 	Created Triplet3 = ImageStim(__class__=<class 'psychopy.visual.image.ImageStim'>, anchor=('center', 'center'), autoLog=True, color=array([1, 1, 1]), colorSpace='rgb', contrast=1.0, depth=-3.0, flipHoriz=False, flipVert=False, image='sin', interpolate=True, mask=None, maskParams=None, name='Triplet3', opacity=1.0, ori=0.0, pos=array([0., 0.]), size=array([0.25, 0.25]), texRes=128, units='height', win=Window(...))
33.5176 	EXP 	Sound sound_pop set volume 1.000
33.5265 	EXP 	Sound sound_pop2 set volume 1.000
33.5354 	EXP 	Sound sound_pop3 set volume 1.000
33.5673 	EXP 	Created fix = ImageStim(__class__=<class 'psychopy.visual.image.ImageStim'>, anchor=('center', 'center'), autoLog=True, color=array([1, 1, 1]), colorSpace='rgb', contrast=1.0, depth=0.0, flipHoriz=False, flipVert=False, image='images/fixation.png', interpolate=True, mask=None, maskParams=None, name='fix', opacity=1.0, ori=0.0, pos=array([0., 0.]), size=array([0.1 , 0.05]), texRes=128, units='height', win=Window(...))
33.6575 	EXP 	Created Mask = ImageStim(__class__=<class 'psychopy.visual.image.ImageStim'>, anchor=('center', 'center'), autoLog=True, color=array([1, 1, 1]), colorSpace='rgb', contrast=1.0, depth=0.0, flipHoriz=False, flipVert=False, image='images/Mask.png', interpolate=True, mask=None, maskParams=None, name='Mask', opacity=1.0, ori=0.0, pos=array([0., 0.]), size=array([1.5, 0.5]), texRes=128, units='height', win=Window(...))
33.6628 	EXP 	Created img1 = ImageStim(__class__=<class 'psychopy.visual.image.ImageStim'>, anchor=('center', 'center'), autoLog=True, color=array([1, 1, 1]), colorSpace='rgb', contrast=1.0, depth=-1.0, flipHoriz=False, flipVert=False, image='sin', interpolate=True, mask=None, maskParams=None, name='img1', opacity=1.0, ori=0.0, pos=array([0., 0.]), size=array([0.25, 0.25]), texRes=128, units='height', win=Window(...))
33.6672 	EXP 	Created img2 = ImageStim(__class__=<class 'psychopy.visual.image.ImageStim'>, anchor=('center', 'center'), autoLog=True, color=array([1, 1, 1]), colorSpace='rgb', contrast=1.0, depth=-2.0, flipHoriz=False, flipVert=False, image='sin', interpolate=True, mask=None, maskParams=None, name='img2', opacity=1.0, ori=0.0, pos=array([0., 0.]), size=array([0.25, 0.25]), texRes=128, units='height', win=Window(...))
33.6717 	EXP 	Created img3 = ImageStim(__class__=<class 'psychopy.visual.image.ImageStim'>, anchor=('center', 'center'), autoLog=True, color=array([1, 1, 1]), colorSpace='rgb', contrast=1.0, depth=-3.0, flipHoriz=False, flipVert=False, image='sin', interpolate=True, mask=None, maskParams=None, name='img3', opacity=1.0, ori=0.0, pos=array([0., 0.]), size=array([0.25, 0.25]), texRes=128, units='height', win=Window(...))
33.6805 	EXP 	Sound sound_pop4 set volume 1.000
33.6895 	EXP 	Sound sound_pop5 set volume 1.000
33.6984 	EXP 	Sound sound_pop6 set volume 1.000
33.7034 	EXP 	Created text_2 = TextStim(__class__=<class 'psychopy.visual.text.TextStim'>, alignHoriz=method-wrapper(...), alignText='center', alignVert=method-wrapper(...), anchorHoriz='center', anchorVert='center', antialias=True, autoDraw=False, autoLog=True, bold=False, color=array([1, 1, 1]), colorSpace='rgb', contrast=1.0, depth=0.0, flipHoriz=False, flipVert=False, font='Arial', fontFiles=[], height=0.03, italic=False, languageStyle='LTR', name='text_2', opacity=1.0, ori=0, pos=array([0., 0.]), rgb=UNKNOWN, text=str(...), units='height', win=Window(...), wrapWidth=1)
33.7061 	EXP 	Created text = TextStim(__class__=<class 'psychopy.visual.text.TextStim'>, alignHoriz=method-wrapper(...), alignText='center', alignVert=method-wrapper(...), anchorHoriz='center', anchorVert='center', antialias=True, autoDraw=False, autoLog=True, bold=False, color=array([1, 1, 1]), colorSpace='rgb', contrast=1.0, depth=-1.0, flipHoriz=False, flipVert=False, font='Arial', fontFiles=[], height=0.03, italic=False, languageStyle='LTR', name='text', opacity=1.0, ori=0, pos=array([0., 0.]), rgb=UNKNOWN, text=str(...), units='height', win=Window(...), wrapWidth=1)
33.7066 	EXP 	Created sameText = TextStim(__class__=<class 'psychopy.visual.text.TextStim'>, alignHoriz=method-wrapper(...), alignText='center', alignVert=method-wrapper(...), anchorHoriz='center', anchorVert='center', antialias=True, autoDraw=False, autoLog=True, bold=False, color=array([1, 1, 1]), colorSpace='rgb', contrast=1.0, depth=-2.0, flipHoriz=False, flipVert=False, font='Arial', fontFiles=[], height=0.03, italic=False, languageStyle='LTR', name='sameText', opacity=1.0, ori=0, pos=array([-0.2, -0.3]), rgb=UNKNOWN, text='', units='height', win=Window(...), wrapWidth=1)
33.7071 	EXP 	Created diffText = TextStim(__class__=<class 'psychopy.visual.text.TextStim'>, alignHoriz=method-wrapper(...), alignText='center', alignVert=method-wrapper(...), anchorHoriz='center', anchorVert='center', antialias=True, autoDraw=False, autoLog=True, bold=False, color=array([1, 1, 1]), colorSpace='rgb', contrast=1.0, depth=-3.0, flipHoriz=False, flipVert=False, font='Arial', fontFiles=[], height=0.03, italic=False, languageStyle='LTR', name='diffText', opacity=1.0, ori=0, pos=array([ 0.2, -0.3]), rgb=UNKNOWN, text='', units='height', win=Window(...), wrapWidth=1)
33.7081 	EXP 	Created leftCL = Rect(__class__=<class 'psychopy.visual.rect.Rect'>, anchor=('center', 'center'), autoDraw=False, autoLog=True, closeShape=True, color=method-wrapper(...), colorSpace='rgb', contrast=None, depth=-4.0, fillColor=array([1., 1., 1.]), fillColorSpace='rgb', fillRGB=array([1., 1., 1.]), interpolate=True, lineColor=array([1, 1, 1]), lineColorSpace='rgb', lineRGB=array([1, 1, 1]), lineWidth=3, name='leftCL', opacity=0.5, ori=0.0, pos=array([-0.2, -0.3]), size=array([-0.2, -0.2]), units='height', vertices=ndarray(...), win=Window(...))
33.7090 	EXP 	Created rightCL = Rect(__class__=<class 'psychopy.visual.rect.Rect'>, anchor=('center', 'center'), autoDraw=False, autoLog=True, closeShape=True, color=method-wrapper(...), colorSpace='rgb', contrast=None, depth=-5.0, fillColor=array([1., 1., 1.]), fillColorSpace='rgb', fillRGB=array([1., 1., 1.]), interpolate=True, lineColor=array([1, 1, 1]), lineColorSpace='rgb', lineRGB=array([1, 1, 1]), lineWidth=3, name='rightCL', opacity=0.5, ori=0.0, pos=array([ 0.2, -0.3]), size=array([0.2, 0.2]), units='height', vertices=ndarray(...), win=Window(...))
33.7091 	EXP 	window1: mouseVisible = True
33.7095 	EXP 	Sound clickedSound set volume 1.000
33.7132 	EXP 	Created retIMG = ImageStim(__class__=<class 'psychopy.visual.image.ImageStim'>, anchor=('center', 'center'), autoLog=True, color=array([1, 1, 1]), colorSpace='rgb', contrast=1.0, depth=-1.0, flipHoriz=False, flipVert=False, image='sin', interpolate=True, mask=None, maskParams=None, name='retIMG', opacity=1.0, ori=0.0, pos=array([0., 0.]), size=array([0.25, 0.25]), texRes=128, units='height', win=Window(...))
33.7221 	EXP 	Sound sound_pop7 set volume 1.000
33.7246 	EXP 	Created question_text = TextStim(__class__=<class 'psychopy.visual.text.TextStim'>, alignHoriz=method-wrapper(...), alignText='center', alignVert=method-wrapper(...), anchorHoriz='center', anchorVert='center', antialias=True, autoDraw=False, autoLog=True, bold=False, color=array([1, 1, 1]), colorSpace='rgb', contrast=1.0, depth=0.0, flipHoriz=False, flipVert=False, font='Arial', fontFiles=[], height=0.03, italic=False, languageStyle='LTR', name='question_text', opacity=1.0, ori=0, pos=array([0. , 0.3]), rgb=UNKNOWN, text='When did you see this object?', units='height', win=Window(...), wrapWidth=1)
33.7268 	EXP 	Created decisionQ_2 = TextStim(__class__=<class 'psychopy.visual.text.TextStim'>, alignHoriz=method-wrapper(...), alignText='center', alignVert=method-wrapper(...), anchorHoriz='center', anchorVert='center', antialias=True, autoDraw=False, autoLog=True, bold=False, color=array([1, 1, 1]), colorSpace='rgb', contrast=1.0, depth=-1.0, flipHoriz=False, flipVert=False, font='Arial', fontFiles=[], height=0.03, italic=False, languageStyle='LTR', name='decisionQ_2', opacity=1.0, ori=0, pos=array([0. , 0.3]), rgb=UNKNOWN, text='When did you see this object?', units='height', win=Window(...), wrapWidth=1)
33.7276 	EXP 	Created first_left = Rect(__class__=<class 'psychopy.visual.rect.Rect'>, anchor=('center', 'center'), autoDraw=False, autoLog=True, closeShape=True, color=method-wrapper(...), colorSpace='rgb', contrast=None, depth=-2.0, fillColor=array([1, 1, 1]), fillColorSpace='rgb', fillRGB=array([1, 1, 1]), interpolate=True, lineColor=array([1, 1, 1]), lineColorSpace='rgb', lineRGB=array([1, 1, 1]), lineWidth=3, name='first_left', opacity=0.5, ori=0.0, pos=array([0. , 0.1]), size=array([0.15, 0.15]), units='height', vertices=ndarray(...), win=Window(...))
33.7283 	EXP 	Created second_middle = Rect(__class__=<class 'psychopy.visual.rect.Rect'>, anchor=('center', 'center'), autoDraw=False, autoLog=True, closeShape=True, color=method-wrapper(...), colorSpace='rgb', contrast=None, depth=-3.0, fillColor=array([1, 1, 1]), fillColorSpace='rgb', fillRGB=array([1, 1, 1]), interpolate=True, lineColor=array([1, 1, 1]), lineColorSpace='rgb', lineRGB=array([1, 1, 1]), lineWidth=3, name='second_middle', opacity=0.5, ori=0.0, pos=array([ 0. , -0.1]), size=array([0.15, 0.15]), units='height', vertices=ndarray(...), win=Window(...))
33.7290 	EXP 	Created third_right = Rect(__class__=<class 'psychopy.visual.rect.Rect'>, anchor=('center', 'center'), autoDraw=False, autoLog=True, closeShape=True, color=method-wrapper(...), colorSpace='rgb', contrast=None, depth=-4.0, fillColor=array([1, 1, 1]), fillColorSpace='rgb', fillRGB=array([1, 1, 1]), interpolate=True, lineColor=array([1, 1, 1]), lineColorSpace='rgb', lineRGB=array([1, 1, 1]), lineWidth=3, name='third_right', opacity=0.5, ori=0.0, pos=array([ 0. , -0.3]), size=array([0.15, 0.15]), units='height', vertices=ndarray(...), win=Window(...))
33.7315 	EXP 	Created First = TextStim(__class__=<class 'psychopy.visual.text.TextStim'>, alignHoriz=method-wrapper(...), alignText='center', alignVert=method-wrapper(...), anchorHoriz='center', anchorVert='center', antialias=True, autoDraw=False, autoLog=True, bold=False, color=array([1, 1, 1]), colorSpace='rgb', contrast=1.0, depth=-5.0, flipHoriz=False, flipVert=False, font='Arial', fontFiles=[], height=0.03, italic=False, languageStyle='LTR', name='First', opacity=1.0, ori=0, pos=array([0. , 0.1]), rgb=UNKNOWN, text='First', units='height', win=Window(...), wrapWidth=1)
33.7334 	EXP 	Created Second = TextStim(__class__=<class 'psychopy.visual.text.TextStim'>, alignHoriz=method-wrapper(...), alignText='center', alignVert=method-wrapper(...), anchorHoriz='center', anchorVert='center', antialias=True, autoDraw=False, autoLog=True, bold=False, color=array([1, 1, 1]), colorSpace='rgb', contrast=1.0, depth=-6.0, flipHoriz=False, flipVert=False, font='Arial', fontFiles=[], height=0.03, italic=False, languageStyle='LTR', name='Second', opacity=1.0, ori=0, pos=array([ 0. , -0.1]), rgb=UNKNOWN, text='Second', units='height', win=Window(...), wrapWidth=1)
33.7353 	EXP 	Created Third = TextStim(__class__=<class 'psychopy.visual.text.TextStim'>, alignHoriz=method-wrapper(...), alignText='center', alignVert=method-wrapper(...), anchorHoriz='center', anchorVert='center', antialias=True, autoDraw=False, autoLog=True, bold=False, color=array([1, 1, 1]), colorSpace='rgb', contrast=1.0, depth=-7.0, flipHoriz=False, flipVert=False, font='Arial', fontFiles=[], height=0.03, italic=False, languageStyle='LTR', name='Third', opacity=1.0, ori=0, pos=array([ 0. , -0.3]), rgb=UNKNOWN, text='Third', units='height', win=Window(...), wrapWidth=1)
33.7354 	EXP 	window1: mouseVisible = True
33.7358 	EXP 	Sound clickedSound set volume 1.000
33.7438 	EXP 	Created BlockBreak = TextStim(__class__=<class 'psychopy.visual.text.TextStim'>, alignHoriz=method-wrapper(...), alignText='center', alignVert=method-wrapper(...), anchorHoriz='center', anchorVert='center', antialias=True, autoDraw=False, autoLog=True, bold=False, color=array([1, 1, 1]), colorSpace='rgb', contrast=1.0, depth=0.0, flipHoriz=False, flipVert=False, font='Arial', fontFiles=[], height=0.03, italic=False, languageStyle='LTR', name='BlockBreak', opacity=1.0, ori=0, pos=array([0., 0.]), rgb=UNKNOWN, text=str(...), units='height', win=Window(...), wrapWidth=1)
33.7578 	EXP 	Created text_4 = TextStim(__class__=<class 'psychopy.visual.text.TextStim'>, alignHoriz=method-wrapper(...), alignText='center', alignVert=method-wrapper(...), anchorHoriz='center', anchorVert='center', antialias=True, autoDraw=False, autoLog=True, bold=False, color=array([1, 1, 1]), colorSpace='rgb', contrast=1.0, depth=-1.0, flipHoriz=False, flipVert=False, font='Open Sans', fontFiles=[], height=0.03, italic=False, languageStyle='LTR', name='text_4', opacity=1.0, ori=0.0, pos=array([0., 0.]), rgb=UNKNOWN, text=str(...), units='height', win=Window(...), wrapWidth=1)
33.7614 	EXP 	Created Triplet1 = ImageStim(__class__=<class 'psychopy.visual.image.ImageStim'>, anchor=('center', 'center'), autoLog=True, color=array([1, 1, 1]), colorSpace='rgb', contrast=1.0, depth=-1.0, flipHoriz=False, flipVert=False, image='sin', interpolate=True, mask=None, maskParams=None, name='Triplet1', opacity=1.0, ori=0.0, pos=array([0., 0.]), size=array([0.25, 0.25]), texRes=128, units='height', win=Window(...))
33.7656 	EXP 	Created Triplet2 = ImageStim(__class__=<class 'psychopy.visual.image.ImageStim'>, anchor=('center', 'center'), autoLog=True, color=array([1, 1, 1]), colorSpace='rgb', contrast=1.0, depth=-2.0, flipHoriz=False, flipVert=False, image='sin', interpolate=True, mask=None, maskParams=None, name='Triplet2', opacity=1.0, ori=0.0, pos=array([0., 0.]), size=array([0.25, 0.25]), texRes=128, units='height', win=Window(...))
33.7699 	EXP 	Created Triplet3 = ImageStim(__class__=<class 'psychopy.visual.image.ImageStim'>, anchor=('center', 'center'), autoLog=True, color=array([1, 1, 1]), colorSpace='rgb', contrast=1.0, depth=-3.0, flipHoriz=False, flipVert=False, image='sin', interpolate=True, mask=None, maskParams=None, name='Triplet3', opacity=1.0, ori=0.0, pos=array([0., 0.]), size=array([0.25, 0.25]), texRes=128, units='height', win=Window(...))
33.7788 	EXP 	Sound sound_pop set volume 1.000
33.7877 	EXP 	Sound sound_pop2 set volume 1.000
33.7966 	EXP 	Sound sound_pop3 set volume 1.000
33.8190 	EXP 	Created fix = ImageStim(__class__=<class 'psychopy.visual.image.ImageStim'>, anchor=('center', 'center'), autoLog=True, color=array([1, 1, 1]), colorSpace='rgb', contrast=1.0, depth=0.0, flipHoriz=False, flipVert=False, image='images/fixation.png', interpolate=True, mask=None, maskParams=None, name='fix', opacity=1.0, ori=0.0, pos=array([0., 0.]), size=array([0.1 , 0.05]), texRes=128, units='height', win=Window(...))
33.9060 	EXP 	Created Mask = ImageStim(__class__=<class 'psychopy.visual.image.ImageStim'>, anchor=('center', 'center'), autoLog=True, color=array([1, 1, 1]), colorSpace='rgb', contrast=1.0, depth=0.0, flipHoriz=False, flipVert=False, image='images/Mask.png', interpolate=True, mask=None, maskParams=None, name='Mask', opacity=1.0, ori=0.0, pos=array([0., 0.]), size=array([1.5, 0.5]), texRes=128, units='height', win=Window(...))
33.9115 	EXP 	Created img1 = ImageStim(__class__=<class 'psychopy.visual.image.ImageStim'>, anchor=('center', 'center'), autoLog=True, color=array([1, 1, 1]), colorSpace='rgb', contrast=1.0, depth=-1.0, flipHoriz=False, flipVert=False, image='sin', interpolate=True, mask=None, maskParams=None, name='img1', opacity=1.0, ori=0.0, pos=array([0., 0.]), size=array([0.25, 0.25]), texRes=128, units='height', win=Window(...))
33.9159 	EXP 	Created img2 = ImageStim(__class__=<class 'psychopy.visual.image.ImageStim'>, anchor=('center', 'center'), autoLog=True, color=array([1, 1, 1]), colorSpace='rgb', contrast=1.0, depth=-2.0, flipHoriz=False, flipVert=False, image='sin', interpolate=True, mask=None, maskParams=None, name='img2', opacity=1.0, ori=0.0, pos=array([0., 0.]), size=array([0.25, 0.25]), texRes=128, units='height', win=Window(...))
33.9201 	EXP 	Created img3 = ImageStim(__class__=<class 'psychopy.visual.image.ImageStim'>, anchor=('center', 'center'), autoLog=True, color=array([1, 1, 1]), colorSpace='rgb', contrast=1.0, depth=-3.0, flipHoriz=False, flipVert=False, image='sin', interpolate=True, mask=None, maskParams=None, name='img3', opacity=1.0, ori=0.0, pos=array([0., 0.]), size=array([0.25, 0.25]), texRes=128, units='height', win=Window(...))
33.9290 	EXP 	Sound sound_pop4 set volume 1.000
33.9378 	EXP 	Sound sound_pop5 set volume 1.000
33.9471 	EXP 	Sound sound_pop6 set volume 1.000
33.9507 	EXP 	Created text_2 = TextStim(__class__=<class 'psychopy.visual.text.TextStim'>, alignHoriz=method-wrapper(...), alignText='center', alignVert=method-wrapper(...), anchorHoriz='center', anchorVert='center', antialias=True, autoDraw=False, autoLog=True, bold=False, color=array([1, 1, 1]), colorSpace='rgb', contrast=1.0, depth=0.0, flipHoriz=False, flipVert=False, font='Arial', fontFiles=[], height=0.03, italic=False, languageStyle='LTR', name='text_2', opacity=1.0, ori=0, pos=array([0., 0.]), rgb=UNKNOWN, text=str(...), units='height', win=Window(...), wrapWidth=1)
33.9532 	EXP 	Created text = TextStim(__class__=<class 'psychopy.visual.text.TextStim'>, alignHoriz=method-wrapper(...), alignText='center', alignVert=method-wrapper(...), anchorHoriz='center', anchorVert='center', antialias=True, autoDraw=False, autoLog=True, bold=False, color=array([1, 1, 1]), colorSpace='rgb', contrast=1.0, depth=-1.0, flipHoriz=False, flipVert=False, font='Arial', fontFiles=[], height=0.03, italic=False, languageStyle='LTR', name='text', opacity=1.0, ori=0, pos=array([0., 0.]), rgb=UNKNOWN, text=str(...), units='height', win=Window(...), wrapWidth=1)
33.9538 	EXP 	Created sameText = TextStim(__class__=<class 'psychopy.visual.text.TextStim'>, alignHoriz=method-wrapper(...), alignText='center', alignVert=method-wrapper(...), anchorHoriz='center', anchorVert='center', antialias=True, autoDraw=False, autoLog=True, bold=False, color=array([1, 1, 1]), colorSpace='rgb', contrast=1.0, depth=-2.0, flipHoriz=False, flipVert=False, font='Arial', fontFiles=[], height=0.03, italic=False, languageStyle='LTR', name='sameText', opacity=1.0, ori=0, pos=array([-0.2, -0.3]), rgb=UNKNOWN, text='', units='height', win=Window(...), wrapWidth=1)
33.9543 	EXP 	Created diffText = TextStim(__class__=<class 'psychopy.visual.text.TextStim'>, alignHoriz=method-wrapper(...), alignText='center', alignVert=method-wrapper(...), anchorHoriz='center', anchorVert='center', antialias=True, autoDraw=False, autoLog=True, bold=False, color=array([1, 1, 1]), colorSpace='rgb', contrast=1.0, depth=-3.0, flipHoriz=False, flipVert=False, font='Arial', fontFiles=[], height=0.03, italic=False, languageStyle='LTR', name='diffText', opacity=1.0, ori=0, pos=array([ 0.2, -0.3]), rgb=UNKNOWN, text='', units='height', win=Window(...), wrapWidth=1)
33.9552 	EXP 	Created leftCL = Rect(__class__=<class 'psychopy.visual.rect.Rect'>, anchor=('center', 'center'), autoDraw=False, autoLog=True, closeShape=True, color=method-wrapper(...), colorSpace='rgb', contrast=None, depth=-4.0, fillColor=array([1., 1., 1.]), fillColorSpace='rgb', fillRGB=array([1., 1., 1.]), interpolate=True, lineColor=array([1, 1, 1]), lineColorSpace='rgb', lineRGB=array([1, 1, 1]), lineWidth=3, name='leftCL', opacity=0.5, ori=0.0, pos=array([-0.2, -0.3]), size=array([-0.2, -0.2]), units='height', vertices=ndarray(...), win=Window(...))
33.9561 	EXP 	Created rightCL = Rect(__class__=<class 'psychopy.visual.rect.Rect'>, anchor=('center', 'center'), autoDraw=False, autoLog=True, closeShape=True, color=method-wrapper(...), colorSpace='rgb', contrast=None, depth=-5.0, fillColor=array([1., 1., 1.]), fillColorSpace='rgb', fillRGB=array([1., 1., 1.]), interpolate=True, lineColor=array([1, 1, 1]), lineColorSpace='rgb', lineRGB=array([1, 1, 1]), lineWidth=3, name='rightCL', opacity=0.5, ori=0.0, pos=array([ 0.2, -0.3]), size=array([0.2, 0.2]), units='height', vertices=ndarray(...), win=Window(...))
33.9561 	EXP 	window1: mouseVisible = True
33.9565 	EXP 	Sound clickedSound set volume 1.000
33.9603 	EXP 	Created retIMG = ImageStim(__class__=<class 'psychopy.visual.image.ImageStim'>, anchor=('center', 'center'), autoLog=True, color=array([1, 1, 1]), colorSpace='rgb', contrast=1.0, depth=-1.0, flipHoriz=False, flipVert=False, image='sin', interpolate=True, mask=None, maskParams=None, name='retIMG', opacity=1.0, ori=0.0, pos=array([0., 0.]), size=array([0.25, 0.25]), texRes=128, units='height', win=Window(...))
33.9691 	EXP 	Sound sound_pop7 set volume 1.000
33.9716 	EXP 	Created question_text = TextStim(__class__=<class 'psychopy.visual.text.TextStim'>, alignHoriz=method-wrapper(...), alignText='center', alignVert=method-wrapper(...), anchorHoriz='center', anchorVert='center', antialias=True, autoDraw=False, autoLog=True, bold=False, color=array([1, 1, 1]), colorSpace='rgb', contrast=1.0, depth=0.0, flipHoriz=False, flipVert=False, font='Arial', fontFiles=[], height=0.03, italic=False, languageStyle='LTR', name='question_text', opacity=1.0, ori=0, pos=array([0. , 0.3]), rgb=UNKNOWN, text='When did you see this object?', units='height', win=Window(...), wrapWidth=1)
33.9738 	EXP 	Created decisionQ_2 = TextStim(__class__=<class 'psychopy.visual.text.TextStim'>, alignHoriz=method-wrapper(...), alignText='center', alignVert=method-wrapper(...), anchorHoriz='center', anchorVert='center', antialias=True, autoDraw=False, autoLog=True, bold=False, color=array([1, 1, 1]), colorSpace='rgb', contrast=1.0, depth=-1.0, flipHoriz=False, flipVert=False, font='Arial', fontFiles=[], height=0.03, italic=False, languageStyle='LTR', name='decisionQ_2', opacity=1.0, ori=0, pos=array([0. , 0.3]), rgb=UNKNOWN, text='When did you see this object?', units='height', win=Window(...), wrapWidth=1)
33.9746 	EXP 	Created first_left = Rect(__class__=<class 'psychopy.visual.rect.Rect'>, anchor=('center', 'center'), autoDraw=False, autoLog=True, closeShape=True, color=method-wrapper(...), colorSpace='rgb', contrast=None, depth=-2.0, fillColor=array([1, 1, 1]), fillColorSpace='rgb', fillRGB=array([1, 1, 1]), interpolate=True, lineColor=array([1, 1, 1]), lineColorSpace='rgb', lineRGB=array([1, 1, 1]), lineWidth=3, name='first_left', opacity=0.5, ori=0.0, pos=array([0. , 0.1]), size=array([0.15, 0.15]), units='height', vertices=ndarray(...), win=Window(...))
33.9753 	EXP 	Created second_middle = Rect(__class__=<class 'psychopy.visual.rect.Rect'>, anchor=('center', 'center'), autoDraw=False, autoLog=True, closeShape=True, color=method-wrapper(...), colorSpace='rgb', contrast=None, depth=-3.0, fillColor=array([1, 1, 1]), fillColorSpace='rgb', fillRGB=array([1, 1, 1]), interpolate=True, lineColor=array([1, 1, 1]), lineColorSpace='rgb', lineRGB=array([1, 1, 1]), lineWidth=3, name='second_middle', opacity=0.5, ori=0.0, pos=array([ 0. , -0.1]), size=array([0.15, 0.15]), units='height', vertices=ndarray(...), win=Window(...))
33.9760 	EXP 	Created third_right = Rect(__class__=<class 'psychopy.visual.rect.Rect'>, anchor=('center', 'center'), autoDraw=False, autoLog=True, closeShape=True, color=method-wrapper(...), colorSpace='rgb', contrast=None, depth=-4.0, fillColor=array([1, 1, 1]), fillColorSpace='rgb', fillRGB=array([1, 1, 1]), interpolate=True, lineColor=array([1, 1, 1]), lineColorSpace='rgb', lineRGB=array([1, 1, 1]), lineWidth=3, name='third_right', opacity=0.5, ori=0.0, pos=array([ 0. , -0.3]), size=array([0.15, 0.15]), units='height', vertices=ndarray(...), win=Window(...))
33.9781 	EXP 	Created First = TextStim(__class__=<class 'psychopy.visual.text.TextStim'>, alignHoriz=method-wrapper(...), alignText='center', alignVert=method-wrapper(...), anchorHoriz='center', anchorVert='center', antialias=True, autoDraw=False, autoLog=True, bold=False, color=array([1, 1, 1]), colorSpace='rgb', contrast=1.0, depth=-5.0, flipHoriz=False, flipVert=False, font='Arial', fontFiles=[], height=0.03, italic=False, languageStyle='LTR', name='First', opacity=1.0, ori=0, pos=array([0. , 0.1]), rgb=UNKNOWN, text='First', units='height', win=Window(...), wrapWidth=1)
33.9806 	EXP 	Created Second = TextStim(__class__=<class 'psychopy.visual.text.TextStim'>, alignHoriz=method-wrapper(...), alignText='center', alignVert=method-wrapper(...), anchorHoriz='center', anchorVert='center', antialias=True, autoDraw=False, autoLog=True, bold=False, color=array([1, 1, 1]), colorSpace='rgb', contrast=1.0, depth=-6.0, flipHoriz=False, flipVert=False, font='Arial', fontFiles=[], height=0.03, italic=False, languageStyle='LTR', name='Second', opacity=1.0, ori=0, pos=array([ 0. , -0.1]), rgb=UNKNOWN, text='Second', units='height', win=Window(...), wrapWidth=1)
33.9826 	EXP 	Created Third = TextStim(__class__=<class 'psychopy.visual.text.TextStim'>, alignHoriz=method-wrapper(...), alignText='center', alignVert=method-wrapper(...), anchorHoriz='center', anchorVert='center', antialias=True, autoDraw=False, autoLog=True, bold=False, color=array([1, 1, 1]), colorSpace='rgb', contrast=1.0, depth=-7.0, flipHoriz=False, flipVert=False, font='Arial', fontFiles=[], height=0.03, italic=False, languageStyle='LTR', name='Third', opacity=1.0, ori=0, pos=array([ 0. , -0.3]), rgb=UNKNOWN, text='Third', units='height', win=Window(...), wrapWidth=1)
33.9826 	EXP 	window1: mouseVisible = True
33.9831 	EXP 	Sound clickedSound set volume 1.000
33.9860 	EXP 	Created end = TextStim(__class__=<class 'psychopy.visual.text.TextStim'>, alignHoriz=method-wrapper(...), alignText='center', alignVert=method-wrapper(...), anchorHoriz='center', anchorVert='center', antialias=True, autoDraw=False, autoLog=True, bold=False, color=array([1, 1, 1]), colorSpace='rgb', contrast=1.0, depth=0.0, flipHoriz=False, flipVert=False, font='Arial', fontFiles=[], height=0.03, italic=False, languageStyle='LTR', name='end', opacity=1.0, ori=0, pos=array([0., 0.]), rgb=UNKNOWN, text=str(...), units='height', win=Window(...), wrapWidth=1)
33.9896 	EXP 	Instructions: autoDraw = True
37.0160 	EXP 	Created sequence: random, trialTypes=1, nReps=2, seed=None
37.0161 	EXP 	New trial (rep=0, index=0): None
37.1375 	DATA 	Keypress: space
37.2439 	EXP 	Instructions: autoDraw = False
37.2439 	EXP 	fix: autoDraw = True
38.8958 	EXP 	Sound sound_pop started
38.8882 	EXP 	fix: autoDraw = False
38.8882 	EXP 	fix: autoDraw = False
38.8882 	EXP 	Triplet1: image = 'images/OBJ_208.png'
38.8882 	EXP 	Triplet2: image = 'images/OBJ_168.png'
38.8882 	EXP 	Triplet3: image = 'images/OBJ_190.png'
38.8882 	EXP 	Triplet1: autoDraw = True
39.2564 	EXP 	Sound sound_pop reached end of file
40.3957 	EXP 	Triplet1: autoDraw = False
40.8789 	EXP 	Sound sound_pop2 started
40.8793 	EXP 	Triplet2: autoDraw = True
41.2395 	EXP 	Sound sound_pop2 reached end of file
42.3784 	EXP 	Triplet2: autoDraw = False
42.8783 	EXP 	Sound sound_pop3 started
42.8783 	EXP 	Triplet3: autoDraw = True
43.2389 	EXP 	Sound sound_pop3 reached end of file
44.3784 	EXP 	Triplet3: autoDraw = False
44.3784 	EXP 	Triplet1: autoDraw = False
44.3784 	EXP 	Triplet2: autoDraw = False
44.3784 	EXP 	Triplet3: autoDraw = False
44.3784 	EXP 	Mask: autoDraw = True
46.0271 	EXP 	Sound sound_pop4 started
46.0272 	EXP 	Mask: autoDraw = False
46.0272 	EXP 	Mask: autoDraw = False
46.0272 	EXP 	img1: image = 'images/OBJ_208.png'
46.0272 	EXP 	img2: image = 'images/OBJ_168.png'
46.0272 	EXP 	img3: image = 'images/OBJ_190.png'
46.0272 	EXP 	img1: autoDraw = True
46.3952 	EXP 	Sound sound_pop4 reached end of file
47.5270 	EXP 	img1: autoDraw = False
48.0268 	EXP 	Sound sound_pop5 started
48.0268 	EXP 	img2: autoDraw = True
48.3872 	EXP 	Sound sound_pop5 reached end of file
49.5269 	EXP 	img2: autoDraw = False
50.0262 	EXP 	Sound sound_pop6 started
50.0263 	EXP 	img3: autoDraw = True
50.3856 	EXP 	Sound sound_pop6 reached end of file
51.5258 	EXP 	img3: autoDraw = False
51.5258 	EXP 	img1: autoDraw = False
51.5258 	EXP 	img2: autoDraw = False
51.5258 	EXP 	img3: autoDraw = False
51.5258 	EXP 	text_2: autoDraw = True
52.5690 	EXP 	text_2: autoDraw = False
52.5690 	EXP 	text_2: autoDraw = False
52.5690 	EXP 	sameText: height = 0.03
52.5690 	EXP 	sameText: height = 0.03
52.5690 	EXP 	sameText: height = 0.03
52.5690 	EXP 	sameText: text = 'Same'
52.5690 	EXP 	diffText: height = 0.03
52.5690 	EXP 	diffText: height = 0.03
52.5690 	EXP 	diffText: height = 0.03
52.5690 	EXP 	diffText: text = 'Different'
52.5690 	EXP 	text: autoDraw = True
52.5690 	EXP 	sameText: autoDraw = True
52.5690 	EXP 	diffText: autoDraw = True
52.5690 	EXP 	leftCL: autoDraw = True
52.5690 	EXP 	rightCL: autoDraw = True
54.0268 	DATA 	Mouse: Left button down, pos=(516,149)
54.0584 	EXP 	Sound clickedSound started
54.0584 	EXP 	text: autoDraw = False
54.0584 	EXP 	sameText: autoDraw = False
54.0584 	EXP 	diffText: autoDraw = False
54.0584 	EXP 	leftCL: autoDraw = False
54.0584 	EXP 	rightCL: autoDraw = False
54.1421 	DATA 	Mouse:  Left button up, pos=(516,149)
54.5673 	EXP 	Sound clickedSound stopped
54.5676 	EXP 	New trial (rep=1, index=0): None
54.7928 	EXP 	fix: autoDraw = True
56.3576 	EXP 	Sound sound_pop started
56.3510 	EXP 	fix: autoDraw = False
56.3510 	EXP 	fix: autoDraw = False
56.3510 	EXP 	Triplet1: image = 'images/OBJ_20.png'
56.3510 	EXP 	Triplet2: image = 'images/OBJ_172.png'
56.3510 	EXP 	Triplet3: image = 'images/OBJ_144.png'
56.3510 	EXP 	Triplet1: autoDraw = True
56.7254 	EXP 	Sound sound_pop reached end of file
57.8573 	EXP 	Triplet1: autoDraw = False
58.3404 	EXP 	Sound sound_pop2 started
58.3405 	EXP 	Triplet2: autoDraw = True
58.7062 	EXP 	Sound sound_pop2 reached end of file
59.8401 	EXP 	Triplet2: autoDraw = False
60.3398 	EXP 	Sound sound_pop3 started
60.3399 	EXP 	Triplet3: autoDraw = True
60.7074 	EXP 	Sound sound_pop3 reached end of file
61.8394 	EXP 	Triplet3: autoDraw = False
61.8394 	EXP 	Triplet1: autoDraw = False
61.8394 	EXP 	Triplet2: autoDraw = False
61.8394 	EXP 	Triplet3: autoDraw = False
61.8394 	EXP 	Mask: autoDraw = True
63.3888 	EXP 	Sound sound_pop4 started
63.3781 	EXP 	Mask: autoDraw = False
63.3781 	EXP 	Mask: autoDraw = False
63.3781 	EXP 	img1: image = 'images/OBJ_20.png'
63.3781 	EXP 	img2: image = 'images/OBJ_172.png'
63.3781 	EXP 	img3: image = 'images/OBJ_144.png'
63.3781 	EXP 	img1: autoDraw = True
63.7520 	EXP 	Sound sound_pop4 reached end of file
64.8886 	EXP 	img1: autoDraw = False
65.3722 	EXP 	Sound sound_pop5 started
65.3718 	EXP 	img2: autoDraw = True
65.7330 	EXP 	Sound sound_pop5 reached end of file
66.8713 	EXP 	img2: autoDraw = False
67.3712 	EXP 	Sound sound_pop6 started
67.3712 	EXP 	img3: autoDraw = True
67.7321 	EXP 	Sound sound_pop6 reached end of file
68.8707 	EXP 	img3: autoDraw = False
68.8707 	EXP 	img1: autoDraw = False
68.8707 	EXP 	img2: autoDraw = False
68.8707 	EXP 	img3: autoDraw = False
68.8707 	EXP 	text_2: autoDraw = True
69.8705 	EXP 	text_2: autoDraw = False
69.8705 	EXP 	text_2: autoDraw = False
69.8705 	EXP 	sameText: text = 'Same'
69.8705 	EXP 	diffText: text = 'Different'
69.8705 	EXP 	text: autoDraw = True
69.8705 	EXP 	sameText: autoDraw = True
69.8705 	EXP 	diffText: autoDraw = True
69.8705 	EXP 	leftCL: autoDraw = True
69.8705 	EXP 	rightCL: autoDraw = True
71.0870 	DATA 	Mouse: Left button down, pos=(516,149)
71.1034 	EXP 	Sound clickedSound started
71.1035 	EXP 	text: autoDraw = False
71.1035 	EXP 	sameText: autoDraw = False
71.1035 	EXP 	diffText: autoDraw = False
71.1035 	EXP 	leftCL: autoDraw = False
71.1035 	EXP 	rightCL: autoDraw = False
71.2704 	DATA 	Mouse:  Left button up, pos=(515,149)
71.6023 	EXP 	Sound clickedSound stopped
71.6041 	EXP 	Created sequence: random, trialTypes=1, nReps=2, seed=None
71.6042 	EXP 	New trial (rep=0, index=0): None
71.8864 	EXP 	Sound sound_pop7 started
71.8839 	EXP 	retIMG: image = 'images/OBJ_144.png'
71.8839 	EXP 	retIMG: autoDraw = True
72.2623 	EXP 	Sound sound_pop7 reached end of file
73.3861 	EXP 	retIMG: autoDraw = False
73.3861 	EXP 	retIMG: autoDraw = False
73.3861 	EXP 	question_text: autoDraw = True
74.3858 	EXP 	question_text: autoDraw = False
74.3858 	EXP 	question_text: autoDraw = False
74.3858 	EXP 	decisionQ_2: autoDraw = True
75.3522 	EXP 	first_left: autoDraw = True
75.3522 	EXP 	second_middle: autoDraw = True
75.3522 	EXP 	third_right: autoDraw = True
75.3522 	EXP 	First: autoDraw = True
75.3522 	EXP 	Second: autoDraw = True
75.3522 	EXP 	Third: autoDraw = True
75.6190 	DATA 	Mouse: Left button down, pos=(651,357)
75.6354 	EXP 	Sound clickedSound started
75.6354 	EXP 	decisionQ_2: autoDraw = False
75.6354 	EXP 	first_left: autoDraw = False
75.6354 	EXP 	second_middle: autoDraw = False
75.6354 	EXP 	third_right: autoDraw = False
75.6354 	EXP 	First: autoDraw = False
75.6354 	EXP 	Second: autoDraw = False
75.6354 	EXP 	Third: autoDraw = False
75.7525 	DATA 	Mouse:  Left button up, pos=(651,357)
76.1426 	EXP 	Sound clickedSound stopped
76.1430 	EXP 	New trial (rep=1, index=0): None
76.4180 	EXP 	Sound sound_pop7 started
76.4070 	EXP 	retIMG: image = 'images/OBJ_168.png'
76.4070 	EXP 	retIMG: autoDraw = True
76.7825 	EXP 	Sound sound_pop7 reached end of file
77.9186 	EXP 	retIMG: autoDraw = False
77.9186 	EXP 	retIMG: autoDraw = False
77.9186 	EXP 	question_text: autoDraw = True
78.9183 	EXP 	question_text: autoDraw = False
78.9183 	EXP 	question_text: autoDraw = False
78.9183 	EXP 	decisionQ_2: autoDraw = True
79.8842 	EXP 	first_left: autoDraw = True
79.8842 	EXP 	second_middle: autoDraw = True
79.8842 	EXP 	third_right: autoDraw = True
79.8842 	EXP 	First: autoDraw = True
79.8842 	EXP 	Second: autoDraw = True
79.8842 	EXP 	Third: autoDraw = True
80.5842 	DATA 	Mouse: Left button down, pos=(652,448)
80.6006 	EXP 	Sound clickedSound started
80.6012 	EXP 	decisionQ_2: autoDraw = False
80.6012 	EXP 	first_left: autoDraw = False
80.6012 	EXP 	second_middle: autoDraw = False
80.6012 	EXP 	third_right: autoDraw = False
80.6012 	EXP 	First: autoDraw = False
80.6012 	EXP 	Second: autoDraw = False
80.6012 	EXP 	Third: autoDraw = False
80.7177 	DATA 	Mouse:  Left button up, pos=(652,448)
81.1030 	EXP 	Sound clickedSound stopped
81.1066 	EXP 	BlockBreak: autoDraw = True
82.2841 	EXP 	Created sequence: random, trialTypes=1, nReps=3, seed=None
82.2842 	EXP 	New trial (rep=0, index=0): None
82.4086 	DATA 	Keypress: space
82.5121 	EXP 	BlockBreak: autoDraw = False
82.5121 	EXP 	text_4: autoDraw = False
82.5121 	EXP 	fix: autoDraw = True
84.0662 	EXP 	Sound sound_pop started
84.0627 	EXP 	fix: autoDraw = False
84.0627 	EXP 	fix: autoDraw = False
84.0627 	EXP 	Triplet1: image = 'images/OBJ_74.png'
84.0627 	EXP 	Triplet2: image = 'images/OBJ_205.png'
84.0627 	EXP 	Triplet3: image = 'images/OBJ_183.png'
84.0627 	EXP 	Triplet1: autoDraw = True
84.4328 	EXP 	Sound sound_pop reached end of file
85.5659 	EXP 	Triplet1: autoDraw = False
86.0490 	EXP 	Sound sound_pop2 started
86.0491 	EXP 	Triplet2: autoDraw = True
86.4136 	EXP 	Sound sound_pop2 reached end of file
87.5486 	EXP 	Triplet2: autoDraw = False
88.0651 	EXP 	Sound sound_pop3 started
88.0652 	EXP 	Triplet3: autoDraw = True
88.4331 	EXP 	Sound sound_pop3 reached end of file
89.5648 	EXP 	Triplet3: autoDraw = False
89.5648 	EXP 	Triplet1: autoDraw = False
89.5648 	EXP 	Triplet2: autoDraw = False
89.5648 	EXP 	Triplet3: autoDraw = False
89.5648 	EXP 	Mask: autoDraw = True
91.1140 	EXP 	Sound sound_pop4 started
91.1057 	EXP 	Mask: autoDraw = False
91.1057 	EXP 	Mask: autoDraw = False
91.1057 	EXP 	img1: image = 'images/OBJ_183.png'
91.1057 	EXP 	img2: image = 'images/OBJ_74.png'
91.1057 	EXP 	img3: image = 'images/OBJ_205.png'
91.1057 	EXP 	img1: autoDraw = True
91.4837 	EXP 	Sound sound_pop4 reached end of file
92.6142 	EXP 	img1: autoDraw = False
93.0970 	EXP 	Sound sound_pop5 started
93.0970 	EXP 	img2: autoDraw = True
93.4555 	EXP 	Sound sound_pop5 reached end of file
94.5966 	EXP 	img2: autoDraw = False
95.0969 	EXP 	Sound sound_pop6 started
95.0965 	EXP 	img3: autoDraw = True
95.4573 	EXP 	Sound sound_pop6 reached end of file
96.5960 	EXP 	img3: autoDraw = False
96.5960 	EXP 	img1: autoDraw = False
96.5960 	EXP 	img2: autoDraw = False
96.5960 	EXP 	img3: autoDraw = False
96.5960 	EXP 	text_2: autoDraw = True
97.5957 	EXP 	text_2: autoDraw = False
97.5957 	EXP 	text_2: autoDraw = False
97.5957 	EXP 	sameText: text = 'Same'
97.5957 	EXP 	diffText: text = 'Different'
97.5957 	EXP 	text: autoDraw = True
97.5957 	EXP 	sameText: autoDraw = True
97.5957 	EXP 	diffText: autoDraw = True
97.5957 	EXP 	leftCL: autoDraw = True
97.5957 	EXP 	rightCL: autoDraw = True
97.8964 	DATA 	Mouse: Left button down, pos=(481,267)
97.9128 	EXP 	Sound clickedSound started
97.9128 	EXP 	text: autoDraw = False
97.9128 	EXP 	sameText: autoDraw = False
97.9128 	EXP 	diffText: autoDraw = False
97.9128 	EXP 	leftCL: autoDraw = False
97.9128 	EXP 	rightCL: autoDraw = False
97.9960 	DATA 	Mouse:  Left button up, pos=(481,267)
98.4128 	EXP 	Sound clickedSound stopped
98.4132 	EXP 	New trial (rep=1, index=0): None
98.6413 	EXP 	fix: autoDraw = True
100.1954 	EXP 	Sound sound_pop started
100.1989 	EXP 	fix: autoDraw = False
100.1989 	EXP 	fix: autoDraw = False
100.1989 	EXP 	Triplet1: image = 'images/OBJ_32.png'
100.1989 	EXP 	Triplet2: image = 'images/OBJ_209.png'
100.1989 	EXP 	Triplet3: image = 'images/OBJ_107.png'
100.1989 	EXP 	Triplet1: autoDraw = True
100.5728 	EXP 	Sound sound_pop reached end of file
101.7117 	EXP 	Triplet1: autoDraw = False
102.1949 	EXP 	Sound sound_pop2 started
102.1949 	EXP 	Triplet2: autoDraw = True
102.5553 	EXP 	Sound sound_pop2 reached end of file
103.6939 	EXP 	Triplet2: autoDraw = False
104.1938 	EXP 	Sound sound_pop3 started
104.1938 	EXP 	Triplet3: autoDraw = True
104.5527 	EXP 	Sound sound_pop3 reached end of file
105.6933 	EXP 	Triplet3: autoDraw = False
105.6933 	EXP 	Triplet1: autoDraw = False
105.6933 	EXP 	Triplet2: autoDraw = False
105.6933 	EXP 	Triplet3: autoDraw = False
105.6933 	EXP 	Mask: autoDraw = True
107.2428 	EXP 	Sound sound_pop4 started
107.2397 	EXP 	Mask: autoDraw = False
107.2397 	EXP 	Mask: autoDraw = False
107.2397 	EXP 	img1: image = 'images/OBJ_107.png'
107.2397 	EXP 	img2: image = 'images/OBJ_32.png'
107.2397 	EXP 	img3: image = 'images/OBJ_209.png'
107.2397 	EXP 	img1: autoDraw = True
107.6138 	EXP 	Sound sound_pop4 reached end of file
108.7429 	EXP 	img1: autoDraw = False
109.2256 	EXP 	Sound sound_pop5 started
109.2256 	EXP 	img2: autoDraw = True
109.5945 	EXP 	Sound sound_pop5 reached end of file
110.7252 	EXP 	img2: autoDraw = False
111.2255 	EXP 	Sound sound_pop6 started
111.2251 	EXP 	img3: autoDraw = True
111.5937 	EXP 	Sound sound_pop6 reached end of file
112.7246 	EXP 	img3: autoDraw = False
112.7246 	EXP 	img1: autoDraw = False
112.7246 	EXP 	img2: autoDraw = False
112.7246 	EXP 	img3: autoDraw = False
112.7246 	EXP 	text_2: autoDraw = True
113.7244 	EXP 	text_2: autoDraw = False
113.7244 	EXP 	text_2: autoDraw = False
113.7244 	EXP 	sameText: text = 'Same'
113.7244 	EXP 	diffText: text = 'Different'
113.7244 	EXP 	text: autoDraw = True
113.7244 	EXP 	sameText: autoDraw = True
113.7244 	EXP 	diffText: autoDraw = True
113.7244 	EXP 	leftCL: autoDraw = True
113.7244 	EXP 	rightCL: autoDraw = True
114.2245 	DATA 	Mouse: Left button down, pos=(792,280)
114.2409 	EXP 	Sound clickedSound started
114.2414 	EXP 	text: autoDraw = False
114.2414 	EXP 	sameText: autoDraw = False
114.2414 	EXP 	diffText: autoDraw = False
114.2414 	EXP 	leftCL: autoDraw = False
114.2414 	EXP 	rightCL: autoDraw = False
114.3579 	DATA 	Mouse:  Left button up, pos=(792,279)
114.7445 	EXP 	Sound clickedSound stopped
114.7448 	EXP 	New trial (rep=2, index=0): None
114.9885 	EXP 	fix: autoDraw = True
116.5401 	EXP 	Sound sound_pop started
116.5409 	EXP 	fix: autoDraw = False
116.5409 	EXP 	fix: autoDraw = False
116.5409 	EXP 	Triplet1: image = 'images/OBJ_120.png'
116.5409 	EXP 	Triplet2: image = 'images/OBJ_141.png'
116.5409 	EXP 	Triplet3: image = 'images/OBJ_36.png'
116.5409 	EXP 	Triplet1: autoDraw = True
116.9248 	EXP 	Sound sound_pop reached end of file
118.0398 	EXP 	Triplet1: autoDraw = False
118.5401 	EXP 	Sound sound_pop2 started
118.5396 	EXP 	Triplet2: autoDraw = True
118.8985 	EXP 	Sound sound_pop2 reached end of file
120.0397 	EXP 	Triplet2: autoDraw = False
120.5390 	EXP 	Sound sound_pop3 started
120.5391 	EXP 	Triplet3: autoDraw = True
120.9047 	EXP 	Sound sound_pop3 reached end of file
122.0391 	EXP 	Triplet3: autoDraw = False
122.0391 	EXP 	Triplet1: autoDraw = False
122.0391 	EXP 	Triplet2: autoDraw = False
122.0391 	EXP 	Triplet3: autoDraw = False
122.0391 	EXP 	Mask: autoDraw = True
123.5884 	EXP 	Sound sound_pop4 started
123.5845 	EXP 	Mask: autoDraw = False
123.5845 	EXP 	Mask: autoDraw = False
123.5845 	EXP 	img1: image = 'images/OBJ_120.png'
123.5845 	EXP 	img2: image = 'images/OBJ_141.png'
123.5845 	EXP 	img3: image = 'images/OBJ_36.png'
123.5845 	EXP 	img1: autoDraw = True
123.9638 	EXP 	Sound sound_pop4 reached end of file
125.0881 	EXP 	img1: autoDraw = False
125.5709 	EXP 	Sound sound_pop5 started
125.5710 	EXP 	img2: autoDraw = True
125.9344 	EXP 	Sound sound_pop5 reached end of file
127.0705 	EXP 	img2: autoDraw = False
127.5703 	EXP 	Sound sound_pop6 started
127.5704 	EXP 	img3: autoDraw = True
127.9335 	EXP 	Sound sound_pop6 reached end of file
129.0704 	EXP 	img3: autoDraw = False
129.0704 	EXP 	img1: autoDraw = False
129.0704 	EXP 	img2: autoDraw = False
129.0704 	EXP 	img3: autoDraw = False
129.0704 	EXP 	text_2: autoDraw = True
130.0701 	EXP 	text_2: autoDraw = False
130.0701 	EXP 	text_2: autoDraw = False
130.0701 	EXP 	sameText: text = 'Same'
130.0701 	EXP 	diffText: text = 'Different'
130.0701 	EXP 	text: autoDraw = True
130.0701 	EXP 	sameText: autoDraw = True
130.0701 	EXP 	diffText: autoDraw = True
130.0701 	EXP 	leftCL: autoDraw = True
130.0701 	EXP 	rightCL: autoDraw = True
130.7709 	DATA 	Mouse: Left button down, pos=(380,210)
130.8027 	EXP 	Sound clickedSound started
130.8032 	EXP 	text: autoDraw = False
130.8032 	EXP 	sameText: autoDraw = False
130.8032 	EXP 	diffText: autoDraw = False
130.8032 	EXP 	leftCL: autoDraw = False
130.8032 	EXP 	rightCL: autoDraw = False
130.9531 	DATA 	Mouse:  Left button up, pos=(380,210)
131.3044 	EXP 	Sound clickedSound stopped
131.3049 	EXP 	Created sequence: random, trialTypes=1, nReps=2, seed=None
131.3051 	EXP 	New trial (rep=0, index=0): None
131.5520 	EXP 	Sound sound_pop7 started
131.5569 	EXP 	retIMG: image = 'images/OBJ_208.png'
131.5569 	EXP 	retIMG: autoDraw = True
131.9237 	EXP 	Sound sound_pop7 reached end of file
133.0687 	EXP 	retIMG: autoDraw = False
133.0687 	EXP 	retIMG: autoDraw = False
133.0687 	EXP 	question_text: autoDraw = True
134.0689 	EXP 	question_text: autoDraw = False
134.0689 	EXP 	question_text: autoDraw = False
134.0689 	EXP 	decisionQ_2: autoDraw = True
135.0515 	EXP 	first_left: autoDraw = True
135.0515 	EXP 	second_middle: autoDraw = True
135.0515 	EXP 	third_right: autoDraw = True
135.0515 	EXP 	First: autoDraw = True
135.0515 	EXP 	Second: autoDraw = True
135.0515 	EXP 	Third: autoDraw = True
135.7015 	DATA 	Mouse: Left button down, pos=(632,552)
135.7180 	EXP 	Sound clickedSound started
135.7180 	EXP 	decisionQ_2: autoDraw = False
135.7180 	EXP 	first_left: autoDraw = False
135.7180 	EXP 	second_middle: autoDraw = False
135.7180 	EXP 	third_right: autoDraw = False
135.7180 	EXP 	First: autoDraw = False
135.7180 	EXP 	Second: autoDraw = False
135.7180 	EXP 	Third: autoDraw = False
135.8515 	DATA 	Mouse:  Left button up, pos=(632,552)
136.2238 	EXP 	Sound clickedSound stopped
136.2330 	EXP 	New trial (rep=1, index=0): None
136.4839 	EXP 	Sound sound_pop7 started
136.4817 	EXP 	retIMG: image = 'images/OBJ_172.png'
136.4817 	EXP 	retIMG: autoDraw = True
136.8555 	EXP 	Sound sound_pop7 reached end of file
137.9840 	EXP 	retIMG: autoDraw = False
137.9840 	EXP 	retIMG: autoDraw = False
137.9840 	EXP 	question_text: autoDraw = True
138.9837 	EXP 	question_text: autoDraw = False
138.9837 	EXP 	question_text: autoDraw = False
138.9837 	EXP 	decisionQ_2: autoDraw = True
139.9501 	EXP 	first_left: autoDraw = True
139.9501 	EXP 	second_middle: autoDraw = True
139.9501 	EXP 	third_right: autoDraw = True
139.9501 	EXP 	First: autoDraw = True
139.9501 	EXP 	Second: autoDraw = True
139.9501 	EXP 	Third: autoDraw = True
140.2669 	DATA 	Mouse: Left button down, pos=(611,395)
140.2833 	EXP 	Sound clickedSound started
140.2833 	EXP 	decisionQ_2: autoDraw = False
140.2833 	EXP 	first_left: autoDraw = False
140.2833 	EXP 	second_middle: autoDraw = False
140.2833 	EXP 	third_right: autoDraw = False
140.2833 	EXP 	First: autoDraw = False
140.2833 	EXP 	Second: autoDraw = False
140.2833 	EXP 	Third: autoDraw = False
140.4342 	DATA 	Mouse:  Left button up, pos=(612,394)
140.7847 	EXP 	Sound clickedSound stopped
140.7961 	EXP 	end: autoDraw = True
145.7989 	EXP 	end: autoDraw = False
148.3564 	EXP 	window1: mouseVisible = True
148.3564 	EXP 	window1: mouseVisible = True
148.3565 	EXP 	window1: mouseVisible = True
148.3565 	EXP 	window1: mouseVisible = True
148.3565 	EXP 	window1: mouseVisible = True
148.3566 	EXP 	window1: mouseVisible = True
148.3566 	EXP 	window1: mouseVisible = True
148.3566 	EXP 	window1: mouseVisible = True
148.3567 	EXP 	window1: mouseVisible = True
148.3567 	EXP 	window1: mouseVisible = True
148.3567 	EXP 	window1: mouseVisible = True
148.3568 	EXP 	window1: mouseVisible = True
148.3568 	EXP 	window1: mouseVisible = True
148.3568 	EXP 	window1: mouseVisible = True
148.3569 	EXP 	window1: mouseVisible = True
148.3569 	EXP 	window1: mouseVisible = True
148.3569 	EXP 	window1: mouseVisible = True
148.3569 	EXP 	window1: mouseVisible = True
148.3570 	EXP 	window1: mouseVisible = True
148.3570 	EXP 	window1: mouseVisible = True
148.3570 	EXP 	window1: mouseVisible = True
148.3571 	EXP 	window1: mouseVisible = True
148.3571 	EXP 	window1: mouseVisible = True
148.3571 	EXP 	window1: mouseVisible = True
148.3572 	EXP 	window1: mouseVisible = True
148.3572 	EXP 	window1: mouseVisible = True
148.3572 	EXP 	window1: mouseVisible = True
148.3573 	EXP 	window1: mouseVisible = True
148.3573 	EXP 	window1: mouseVisible = True
148.3573 	EXP 	window1: mouseVisible = True
148.3573 	EXP 	window1: mouseVisible = True
148.3574 	EXP 	window1: mouseVisible = True
148.3574 	EXP 	window1: mouseVisible = True
148.3574 	EXP 	window1: mouseVisible = True
148.3575 	EXP 	window1: mouseVisible = True
148.3575 	EXP 	window1: mouseVisible = True
148.3575 	EXP 	window1: mouseVisible = True
148.3576 	EXP 	window1: mouseVisible = True
148.3576 	EXP 	window1: mouseVisible = True
148.3576 	EXP 	window1: mouseVisible = True
148.3576 	EXP 	window1: mouseVisible = True
148.3577 	EXP 	window1: mouseVisible = True
148.3577 	EXP 	window1: mouseVisible = True
148.3577 	EXP 	window1: mouseVisible = True
148.3578 	EXP 	window1: mouseVisible = True
148.3578 	EXP 	window1: mouseVisible = True
148.3578 	EXP 	window1: mouseVisible = True
148.3579 	EXP 	window1: mouseVisible = True
148.3579 	EXP 	window1: mouseVisible = True
148.3579 	EXP 	window1: mouseVisible = True
148.3579 	EXP 	window1: mouseVisible = True
148.3580 	EXP 	window1: mouseVisible = True
148.3580 	EXP 	window1: mouseVisible = True
148.3580 	EXP 	window1: mouseVisible = True
148.3581 	EXP 	window1: mouseVisible = True
148.3581 	EXP 	window1: mouseVisible = True
148.3581 	EXP 	window1: mouseVisible = True
148.3582 	EXP 	window1: mouseVisible = True
148.3582 	EXP 	window1: mouseVisible = True
148.3582 	EXP 	window1: mouseVisible = True
148.3582 	EXP 	window1: mouseVisible = True
148.3583 	EXP 	window1: mouseVisible = True
148.3583 	EXP 	window1: mouseVisible = True
148.3583 	EXP 	window1: mouseVisible = True
148.3584 	EXP 	window1: mouseVisible = True
148.3584 	EXP 	window1: mouseVisible = True
148.3584 	EXP 	window1: mouseVisible = True
148.3585 	EXP 	window1: mouseVisible = True
148.3585 	EXP 	window1: mouseVisible = True
148.3585 	EXP 	window1: mouseVisible = True
148.3585 	EXP 	window1: mouseVisible = True
148.3586 	EXP 	window1: mouseVisible = True
148.3586 	EXP 	window1: mouseVisible = True
148.3586 	EXP 	window1: mouseVisible = True
148.3587 	EXP 	window1: mouseVisible = True
148.3587 	EXP 	window1: mouseVisible = True
148.3587 	EXP 	window1: mouseVisible = True
148.3587 	EXP 	window1: mouseVisible = True
148.3588 	EXP 	window1: mouseVisible = True
148.3588 	EXP 	window1: mouseVisible = True
148.3588 	EXP 	window1: mouseVisible = True
148.3589 	EXP 	window1: mouseVisible = True
148.3589 	EXP 	window1: mouseVisible = True
148.3589 	EXP 	window1: mouseVisible = True
148.3590 	EXP 	window1: mouseVisible = True
148.3590 	EXP 	window1: mouseVisible = True
148.3590 	EXP 	window1: mouseVisible = True
148.3590 	EXP 	window1: mouseVisible = True
148.3591 	EXP 	window1: mouseVisible = True
148.3591 	EXP 	window1: mouseVisible = True
148.3591 	EXP 	window1: mouseVisible = True
148.3592 	EXP 	window1: mouseVisible = True
148.3592 	EXP 	window1: mouseVisible = True
148.3592 	EXP 	window1: mouseVisible = True
148.3593 	EXP 	window1: mouseVisible = True
148.3593 	EXP 	window1: mouseVisible = True
148.3593 	EXP 	window1: mouseVisible = True
148.3593 	EXP 	window1: mouseVisible = True
148.3594 	EXP 	window1: mouseVisible = True
148.3594 	EXP 	window1: mouseVisible = True
148.3594 	EXP 	window1: mouseVisible = True
148.3595 	EXP 	window1: mouseVisible = True
148.3595 	EXP 	window1: mouseVisible = True
148.3595 	EXP 	window1: mouseVisible = True
148.3595 	EXP 	window1: mouseVisible = True
148.3596 	EXP 	window1: mouseVisible = True
148.3596 	EXP 	window1: mouseVisible = True
148.3596 	EXP 	window1: mouseVisible = True
148.3597 	EXP 	window1: mouseVisible = True
148.3597 	EXP 	window1: mouseVisible = True
148.3597 	EXP 	window1: mouseVisible = True
148.3598 	EXP 	window1: mouseVisible = True
148.3598 	EXP 	window1: mouseVisible = True
148.3598 	EXP 	window1: mouseVisible = True
148.3599 	EXP 	window1: mouseVisible = True
148.3599 	EXP 	window1: mouseVisible = True
148.3599 	EXP 	window1: mouseVisible = True
148.3599 	EXP 	window1: mouseVisible = True
148.3600 	EXP 	window1: mouseVisible = True
148.3600 	EXP 	window1: mouseVisible = True
148.3600 	EXP 	window1: mouseVisible = True
148.3601 	EXP 	window1: mouseVisible = True
148.3601 	EXP 	window1: mouseVisible = True
148.3601 	EXP 	window1: mouseVisible = True
148.3602 	EXP 	window1: mouseVisible = True
148.3602 	EXP 	window1: mouseVisible = True
148.3602 	EXP 	window1: mouseVisible = True
148.3602 	EXP 	window1: mouseVisible = True
148.3603 	EXP 	window1: mouseVisible = True
148.3603 	EXP 	window1: mouseVisible = True
148.3603 	EXP 	window1: mouseVisible = True
148.3604 	EXP 	window1: mouseVisible = True
148.3604 	EXP 	window1: mouseVisible = True
148.3604 	EXP 	window1: mouseVisible = True
148.3604 	EXP 	window1: mouseVisible = True
148.3605 	EXP 	window1: mouseVisible = True
148.3605 	EXP 	window1: mouseVisible = True
148.3605 	EXP 	window1: mouseVisible = True
148.3606 	EXP 	window1: mouseVisible = True
148.3606 	EXP 	window1: mouseVisible = True
148.3606 	EXP 	window1: mouseVisible = True
148.3607 	EXP 	window1: mouseVisible = True
148.3607 	EXP 	window1: mouseVisible = True
148.3607 	EXP 	window1: mouseVisible = True
148.3607 	EXP 	window1: mouseVisible = True
148.3608 	EXP 	window1: mouseVisible = True
148.3608 	EXP 	window1: mouseVisible = True
148.3609 	EXP 	window1: mouseVisible = True
148.3609 	EXP 	window1: mouseVisible = True
148.3609 	EXP 	window1: mouseVisible = True
148.3610 	EXP 	window1: mouseVisible = True
148.3610 	EXP 	window1: mouseVisible = True
148.3610 	EXP 	window1: mouseVisible = True
148.3611 	EXP 	window1: mouseVisible = True
148.3611 	EXP 	window1: mouseVisible = True
148.3611 	EXP 	window1: mouseVisible = True
148.3611 	EXP 	window1: mouseVisible = True
148.3612 	EXP 	window1: mouseVisible = True
148.3612 	EXP 	window1: mouseVisible = True
148.3612 	EXP 	window1: mouseVisible = True
148.3613 	EXP 	window1: mouseVisible = True
148.3613 	EXP 	window1: mouseVisible = True
148.3613 	EXP 	window1: mouseVisible = True
148.3614 	EXP 	window1: mouseVisible = True
148.3614 	EXP 	window1: mouseVisible = True
148.3614 	EXP 	window1: mouseVisible = True
148.3614 	EXP 	window1: mouseVisible = True
148.3615 	EXP 	window1: mouseVisible = True
148.3615 	EXP 	window1: mouseVisible = True
148.3615 	EXP 	window1: mouseVisible = True
148.3616 	EXP 	window1: mouseVisible = True
148.3616 	EXP 	window1: mouseVisible = True
148.3616 	EXP 	window1: mouseVisible = True
148.3616 	EXP 	window1: mouseVisible = True
148.3617 	EXP 	window1: mouseVisible = True
148.3617 	EXP 	window1: mouseVisible = True
148.3617 	EXP 	window1: mouseVisible = True
148.3618 	EXP 	window1: mouseVisible = True
148.3618 	EXP 	window1: mouseVisible = True
148.3618 	EXP 	window1: mouseVisible = True
148.3619 	EXP 	window1: mouseVisible = True
148.3619 	EXP 	window1: mouseVisible = True
148.3619 	EXP 	window1: mouseVisible = True
148.3619 	EXP 	window1: mouseVisible = True
148.3620 	EXP 	window1: mouseVisible = True
148.3620 	EXP 	window1: mouseVisible = True
148.3620 	EXP 	window1: mouseVisible = True
148.3621 	EXP 	window1: mouseVisible = True
148.3621 	EXP 	window1: mouseVisible = True
148.3621 	EXP 	window1: mouseVisible = True
148.3622 	EXP 	window1: mouseVisible = True
148.3622 	EXP 	window1: mouseVisible = True
148.3622 	EXP 	window1: mouseVisible = True
148.3622 	EXP 	window1: mouseVisible = True
148.3623 	EXP 	window1: mouseVisible = True
148.3623 	EXP 	window1: mouseVisible = True
148.3623 	EXP 	window1: mouseVisible = True
148.3624 	EXP 	window1: mouseVisible = True
148.3624 	EXP 	window1: mouseVisible = True
148.3624 	EXP 	window1: mouseVisible = True
148.3625 	EXP 	window1: mouseVisible = True
148.3625 	EXP 	window1: mouseVisible = True
148.3625 	EXP 	window1: mouseVisible = True
148.3625 	EXP 	window1: mouseVisible = True
148.3626 	EXP 	window1: mouseVisible = True
148.3626 	EXP 	window1: mouseVisible = True
148.3626 	EXP 	window1: mouseVisible = True
148.3627 	EXP 	window1: mouseVisible = True
148.3627 	EXP 	window1: mouseVisible = True
148.3627 	EXP 	window1: mouseVisible = True
148.3628 	EXP 	window1: mouseVisible = True
148.3628 	EXP 	window1: mouseVisible = True
148.3628 	EXP 	window1: mouseVisible = True
148.3629 	EXP 	window1: mouseVisible = True
148.3629 	EXP 	window1: mouseVisible = True
148.3629 	EXP 	window1: mouseVisible = True
148.3629 	EXP 	window1: mouseVisible = True
148.3630 	EXP 	window1: mouseVisible = True
148.3630 	EXP 	window1: mouseVisible = True
148.3630 	EXP 	window1: mouseVisible = True
148.3631 	EXP 	window1: mouseVisible = True
148.3631 	EXP 	window1: mouseVisible = True
148.3631 	EXP 	window1: mouseVisible = True
148.3632 	EXP 	window1: mouseVisible = True
148.3632 	EXP 	window1: mouseVisible = True
148.3632 	EXP 	window1: mouseVisible = True
148.3632 	EXP 	window1: mouseVisible = True
148.3633 	EXP 	window1: mouseVisible = True
148.3633 	EXP 	window1: mouseVisible = True
148.3633 	EXP 	window1: mouseVisible = True
148.3634 	EXP 	window1: mouseVisible = True
148.3634 	EXP 	window1: mouseVisible = True
148.3634 	EXP 	window1: mouseVisible = True
148.3635 	EXP 	window1: mouseVisible = True
148.3635 	EXP 	window1: mouseVisible = True
148.3635 	EXP 	window1: mouseVisible = True
148.3635 	EXP 	window1: mouseVisible = True
148.3636 	EXP 	window1: mouseVisible = True
148.3636 	EXP 	window1: mouseVisible = True
148.3636 	EXP 	window1: mouseVisible = True
148.3637 	EXP 	window1: mouseVisible = True
148.3637 	EXP 	window1: mouseVisible = True
148.3637 	EXP 	window1: mouseVisible = True
148.3638 	EXP 	window1: mouseVisible = True
148.3638 	EXP 	window1: mouseVisible = True
148.3638 	EXP 	window1: mouseVisible = True
148.3639 	EXP 	window1: mouseVisible = True
148.3639 	EXP 	window1: mouseVisible = True
148.3639 	EXP 	window1: mouseVisible = True
148.3639 	EXP 	window1: mouseVisible = True
148.3640 	EXP 	window1: mouseVisible = True
148.3640 	EXP 	window1: mouseVisible = True
148.3640 	EXP 	window1: mouseVisible = True
148.3641 	EXP 	window1: mouseVisible = True
148.3641 	EXP 	window1: mouseVisible = True
148.3641 	EXP 	window1: mouseVisible = True
148.3642 	EXP 	window1: mouseVisible = True
148.3642 	EXP 	window1: mouseVisible = True
148.3642 	EXP 	window1: mouseVisible = True
148.3643 	EXP 	window1: mouseVisible = True
148.3643 	EXP 	window1: mouseVisible = True
148.3643 	EXP 	window1: mouseVisible = True
148.3643 	EXP 	window1: mouseVisible = True
148.3644 	EXP 	window1: mouseVisible = True
148.3644 	EXP 	window1: mouseVisible = True
148.3644 	EXP 	window1: mouseVisible = True
148.3645 	EXP 	window1: mouseVisible = True
148.3645 	EXP 	window1: mouseVisible = True
148.3645 	EXP 	window1: mouseVisible = True
148.3646 	EXP 	window1: mouseVisible = True
148.3646 	EXP 	window1: mouseVisible = True
148.3646 	EXP 	window1: mouseVisible = True
148.3647 	EXP 	window1: mouseVisible = True
148.3647 	EXP 	window1: mouseVisible = True
148.3647 	EXP 	window1: mouseVisible = True
148.3647 	EXP 	window1: mouseVisible = True
148.3648 	EXP 	window1: mouseVisible = True
148.3648 	EXP 	window1: mouseVisible = True
148.3648 	EXP 	window1: mouseVisible = True
148.3649 	EXP 	window1: mouseVisible = True
148.3649 	EXP 	window1: mouseVisible = True
148.3649 	EXP 	window1: mouseVisible = True
148.3650 	EXP 	window1: mouseVisible = True
148.3650 	EXP 	window1: mouseVisible = True
148.3650 	EXP 	window1: mouseVisible = True
148.3651 	EXP 	window1: mouseVisible = True
148.3651 	EXP 	window1: mouseVisible = True
148.3651 	EXP 	window1: mouseVisible = True
148.3651 	EXP 	window1: mouseVisible = True
148.3652 	EXP 	window1: mouseVisible = True
148.3652 	EXP 	window1: mouseVisible = True
148.3652 	EXP 	window1: mouseVisible = True
148.3653 	EXP 	window1: mouseVisible = True
148.3653 	EXP 	window1: mouseVisible = True
148.3653 	EXP 	window1: mouseVisible = True
148.3654 	EXP 	window1: mouseVisible = True
148.3654 	EXP 	window1: mouseVisible = True
148.3654 	EXP 	window1: mouseVisible = True
148.3655 	EXP 	window1: mouseVisible = True
148.3655 	EXP 	window1: mouseVisible = True
148.3655 	EXP 	window1: mouseVisible = True
148.3655 	EXP 	window1: mouseVisible = True
148.3659 	EXP 	window1: mouseVisible = True
148.3660 	EXP 	window1: mouseVisible = True
148.3660 	EXP 	window1: mouseVisible = True
148.3660 	EXP 	window1: mouseVisible = True
148.3661 	EXP 	window1: mouseVisible = True
148.3661 	EXP 	window1: mouseVisible = True
148.3661 	EXP 	window1: mouseVisible = True
148.3662 	EXP 	window1: mouseVisible = True
148.3662 	EXP 	window1: mouseVisible = True
148.3662 	EXP 	window1: mouseVisible = True
148.3663 	EXP 	window1: mouseVisible = True
148.3663 	EXP 	window1: mouseVisible = True
148.3663 	EXP 	window1: mouseVisible = True
148.3663 	EXP 	window1: mouseVisible = True
148.3664 	EXP 	window1: mouseVisible = True
148.3664 	EXP 	window1: mouseVisible = True
148.3664 	EXP 	window1: mouseVisible = True
148.3665 	EXP 	window1: mouseVisible = True
148.3665 	EXP 	window1: mouseVisible = True
148.3665 	EXP 	window1: mouseVisible = True
148.3666 	EXP 	window1: mouseVisible = True
148.3666 	EXP 	window1: mouseVisible = True
148.3666 	EXP 	window1: mouseVisible = True
148.3667 	EXP 	window1: mouseVisible = True
148.3667 	EXP 	window1: mouseVisible = True
148.3667 	EXP 	window1: mouseVisible = True
148.3667 	EXP 	window1: mouseVisible = True
148.3668 	EXP 	window1: mouseVisible = True
148.3668 	EXP 	window1: mouseVisible = True
148.3668 	EXP 	window1: mouseVisible = True
148.3669 	EXP 	window1: mouseVisible = True
148.3669 	EXP 	window1: mouseVisible = True
148.3669 	EXP 	window1: mouseVisible = True
148.3670 	EXP 	window1: mouseVisible = True
148.3670 	EXP 	window1: mouseVisible = True
148.3670 	EXP 	window1: mouseVisible = True
148.3670 	EXP 	window1: mouseVisible = True
148.3671 	EXP 	window1: mouseVisible = True
148.3671 	EXP 	window1: mouseVisible = True
148.3671 	EXP 	window1: mouseVisible = True
148.3672 	EXP 	window1: mouseVisible = True
148.3672 	EXP 	window1: mouseVisible = True
148.3672 	EXP 	window1: mouseVisible = True
148.3673 	EXP 	window1: mouseVisible = True
148.3673 	EXP 	window1: mouseVisible = True
148.3673 	EXP 	window1: mouseVisible = True
148.3673 	EXP 	window1: mouseVisible = True
148.3674 	EXP 	window1: mouseVisible = True
148.3674 	EXP 	window1: mouseVisible = True
148.3674 	EXP 	window1: mouseVisible = True
148.3675 	EXP 	window1: mouseVisible = True
148.3675 	EXP 	window1: mouseVisible = True
148.3675 	EXP 	window1: mouseVisible = True
148.3676 	EXP 	window1: mouseVisible = True
148.3676 	EXP 	window1: mouseVisible = True
148.3676 	EXP 	window1: mouseVisible = True
148.3676 	EXP 	window1: mouseVisible = True
148.3677 	EXP 	window1: mouseVisible = True
148.3677 	EXP 	window1: mouseVisible = True
148.3677 	EXP 	window1: mouseVisible = True
148.3678 	EXP 	window1: mouseVisible = True
148.3678 	EXP 	window1: mouseVisible = True
148.3678 	EXP 	window1: mouseVisible = True
148.3679 	EXP 	window1: mouseVisible = True
148.3679 	EXP 	window1: mouseVisible = True
148.3679 	EXP 	window1: mouseVisible = True
148.3680 	EXP 	window1: mouseVisible = True
148.3680 	EXP 	window1: mouseVisible = True
148.3680 	EXP 	window1: mouseVisible = True
148.3680 	EXP 	window1: mouseVisible = True
148.3681 	EXP 	window1: mouseVisible = True
148.3681 	EXP 	window1: mouseVisible = True
148.3681 	EXP 	window1: mouseVisible = True
148.3682 	EXP 	window1: mouseVisible = True
148.3682 	EXP 	window1: mouseVisible = True
148.3682 	EXP 	window1: mouseVisible = True
148.3683 	EXP 	window1: mouseVisible = True
148.3683 	EXP 	window1: mouseVisible = True
148.3683 	EXP 	window1: mouseVisible = True
148.3683 	EXP 	window1: mouseVisible = True
148.3684 	EXP 	window1: mouseVisible = True
148.3684 	EXP 	window1: mouseVisible = True
148.3684 	EXP 	window1: mouseVisible = True
148.3685 	EXP 	window1: mouseVisible = True
148.3685 	EXP 	window1: mouseVisible = True
148.3685 	EXP 	window1: mouseVisible = True
148.3686 	EXP 	window1: mouseVisible = True
148.3686 	EXP 	window1: mouseVisible = True
148.3687 	EXP 	window1: mouseVisible = True
148.3687 	EXP 	window1: mouseVisible = True
148.3687 	EXP 	window1: mouseVisible = True
148.3688 	EXP 	window1: mouseVisible = True
148.3688 	EXP 	window1: mouseVisible = True
148.3688 	EXP 	window1: mouseVisible = True
148.3688 	EXP 	window1: mouseVisible = True
148.3689 	EXP 	window1: mouseVisible = True
148.3689 	EXP 	window1: mouseVisible = True
148.3689 	EXP 	window1: mouseVisible = True
148.3690 	EXP 	window1: mouseVisible = True
148.3690 	EXP 	window1: mouseVisible = True
148.3690 	EXP 	window1: mouseVisible = True
148.3691 	EXP 	window1: mouseVisible = True
148.3691 	EXP 	window1: mouseVisible = True
148.3691 	EXP 	window1: mouseVisible = True
148.3692 	EXP 	window1: mouseVisible = True
148.3692 	EXP 	window1: mouseVisible = True
148.3692 	EXP 	window1: mouseVisible = True
148.3692 	EXP 	window1: mouseVisible = True
148.3693 	EXP 	window1: mouseVisible = True
148.3693 	EXP 	window1: mouseVisible = True
148.3693 	EXP 	window1: mouseVisible = True
148.3694 	EXP 	window1: mouseVisible = True
148.3694 	EXP 	window1: mouseVisible = True
148.3694 	EXP 	window1: mouseVisible = True
148.3695 	EXP 	window1: mouseVisible = True
148.3695 	EXP 	window1: mouseVisible = True
148.3695 	EXP 	window1: mouseVisible = True
148.3695 	EXP 	window1: mouseVisible = True
148.3696 	EXP 	window1: mouseVisible = True
148.3696 	EXP 	window1: mouseVisible = True
148.3696 	EXP 	window1: mouseVisible = True
148.3697 	EXP 	window1: mouseVisible = True
148.3697 	EXP 	window1: mouseVisible = True
148.3697 	EXP 	window1: mouseVisible = True
148.3698 	EXP 	window1: mouseVisible = True
148.3698 	EXP 	window1: mouseVisible = True
148.3698 	EXP 	window1: mouseVisible = True
148.3698 	EXP 	window1: mouseVisible = True
148.3699 	EXP 	window1: mouseVisible = True
148.3699 	EXP 	window1: mouseVisible = True
148.3699 	EXP 	window1: mouseVisible = True
148.3700 	EXP 	window1: mouseVisible = True
148.3700 	EXP 	window1: mouseVisible = True
148.3700 	EXP 	window1: mouseVisible = True
148.3701 	EXP 	window1: mouseVisible = True
148.3701 	EXP 	window1: mouseVisible = True
148.3701 	EXP 	window1: mouseVisible = True
148.3702 	EXP 	window1: mouseVisible = True
148.3702 	EXP 	window1: mouseVisible = True
148.3702 	EXP 	window1: mouseVisible = True
148.3702 	EXP 	window1: mouseVisible = True
148.3703 	EXP 	window1: mouseVisible = True
148.3703 	EXP 	window1: mouseVisible = True
148.3703 	EXP 	window1: mouseVisible = True
148.3704 	EXP 	window1: mouseVisible = True
148.3704 	EXP 	window1: mouseVisible = True
148.3704 	EXP 	window1: mouseVisible = True
148.3705 	EXP 	window1: mouseVisible = True
148.3705 	EXP 	window1: mouseVisible = True
148.3705 	EXP 	window1: mouseVisible = True
148.3705 	EXP 	window1: mouseVisible = True
148.3706 	EXP 	window1: mouseVisible = True
148.3706 	EXP 	window1: mouseVisible = True
148.3706 	EXP 	window1: mouseVisible = True
148.3707 	EXP 	window1: mouseVisible = True
148.3707 	EXP 	window1: mouseVisible = True
148.3708 	EXP 	window1: mouseVisible = True
148.3708 	EXP 	window1: mouseVisible = True
148.3708 	EXP 	window1: mouseVisible = True
148.3708 	EXP 	window1: mouseVisible = True
148.3709 	EXP 	window1: mouseVisible = True
148.3709 	EXP 	window1: mouseVisible = True
148.3709 	EXP 	window1: mouseVisible = True
148.3710 	EXP 	window1: mouseVisible = True
148.3710 	EXP 	window1: mouseVisible = True
148.3710 	EXP 	window1: mouseVisible = True
148.3711 	EXP 	window1: mouseVisible = True
148.3711 	EXP 	window1: mouseVisible = True
148.3711 	EXP 	window1: mouseVisible = True
148.3712 	EXP 	window1: mouseVisible = True
148.3712 	EXP 	window1: mouseVisible = True
148.3712 	EXP 	window1: mouseVisible = True
148.3712 	EXP 	window1: mouseVisible = True
148.3713 	EXP 	window1: mouseVisible = True
148.3713 	EXP 	window1: mouseVisible = True
148.3713 	EXP 	window1: mouseVisible = True
148.3714 	EXP 	window1: mouseVisible = True
148.3714 	EXP 	window1: mouseVisible = True
148.3714 	EXP 	window1: mouseVisible = True
148.3715 	EXP 	window1: mouseVisible = True
148.3715 	EXP 	window1: mouseVisible = True
148.3715 	EXP 	window1: mouseVisible = True
148.3715 	EXP 	window1: mouseVisible = True
148.3716 	EXP 	window1: mouseVisible = True
148.3716 	EXP 	window1: mouseVisible = True
148.3716 	EXP 	window1: mouseVisible = True
148.3717 	EXP 	window1: mouseVisible = True
148.3717 	EXP 	window1: mouseVisible = True
148.3717 	EXP 	window1: mouseVisible = True
148.3718 	EXP 	window1: mouseVisible = True
148.3718 	EXP 	window1: mouseVisible = True
148.3718 	EXP 	window1: mouseVisible = True
148.3719 	EXP 	window1: mouseVisible = True
148.3719 	EXP 	window1: mouseVisible = True
148.3719 	EXP 	window1: mouseVisible = True
148.3719 	EXP 	window1: mouseVisible = True
148.3720 	EXP 	window1: mouseVisible = True
148.3720 	EXP 	window1: mouseVisible = True
148.3720 	EXP 	window1: mouseVisible = True
148.3721 	EXP 	window1: mouseVisible = True
148.3721 	EXP 	window1: mouseVisible = True
148.3721 	EXP 	window1: mouseVisible = True
148.3722 	EXP 	window1: mouseVisible = True
148.3722 	EXP 	window1: mouseVisible = True
148.3722 	EXP 	window1: mouseVisible = True
148.3723 	EXP 	window1: mouseVisible = True
148.3723 	EXP 	window1: mouseVisible = True
148.3723 	EXP 	window1: mouseVisible = True
148.3723 	EXP 	window1: mouseVisible = True
148.3724 	EXP 	window1: mouseVisible = True
148.3724 	EXP 	window1: mouseVisible = True
148.3724 	EXP 	window1: mouseVisible = True
148.3725 	EXP 	window1: mouseVisible = True
148.3725 	EXP 	window1: mouseVisible = True
148.3725 	EXP 	window1: mouseVisible = True
148.3725 	EXP 	window1: mouseVisible = True
148.3726 	EXP 	window1: mouseVisible = True
148.3726 	EXP 	window1: mouseVisible = True
148.3726 	EXP 	window1: mouseVisible = True
148.3727 	EXP 	window1: mouseVisible = True
148.3727 	EXP 	window1: mouseVisible = True
148.3727 	EXP 	window1: mouseVisible = True
148.3728 	EXP 	window1: mouseVisible = True
148.3728 	EXP 	window1: mouseVisible = True
148.3728 	EXP 	window1: mouseVisible = True
148.3729 	EXP 	window1: mouseVisible = True
148.3729 	EXP 	window1: mouseVisible = True
148.3729 	EXP 	window1: mouseVisible = True
148.3730 	EXP 	window1: mouseVisible = True
148.3730 	EXP 	window1: mouseVisible = True
148.3730 	EXP 	window1: mouseVisible = True
148.3730 	EXP 	window1: mouseVisible = True
148.3731 	EXP 	window1: mouseVisible = True
148.3731 	EXP 	window1: mouseVisible = True
148.3731 	EXP 	window1: mouseVisible = True
148.3732 	EXP 	window1: mouseVisible = True
148.3732 	EXP 	window1: mouseVisible = True
148.3732 	EXP 	window1: mouseVisible = True
148.3733 	EXP 	window1: mouseVisible = True
148.3733 	EXP 	window1: mouseVisible = True
148.3733 	EXP 	window1: mouseVisible = True
148.3734 	EXP 	window1: mouseVisible = True
148.3734 	EXP 	window1: mouseVisible = True
148.3734 	EXP 	window1: mouseVisible = True
148.3734 	EXP 	window1: mouseVisible = True
148.3735 	EXP 	window1: mouseVisible = True
148.3735 	EXP 	window1: mouseVisible = True
148.3735 	EXP 	window1: mouseVisible = True
148.3736 	EXP 	window1: mouseVisible = True
148.3736 	EXP 	window1: mouseVisible = True
148.3736 	EXP 	window1: mouseVisible = True
148.3737 	EXP 	window1: mouseVisible = True
148.3737 	EXP 	window1: mouseVisible = True
148.3737 	EXP 	window1: mouseVisible = True
148.3737 	EXP 	window1: mouseVisible = True
148.3738 	EXP 	window1: mouseVisible = True
148.3738 	EXP 	window1: mouseVisible = True
148.3738 	EXP 	window1: mouseVisible = True
148.3739 	EXP 	window1: mouseVisible = True
148.3739 	EXP 	window1: mouseVisible = True
148.3739 	EXP 	window1: mouseVisible = True
148.3740 	EXP 	window1: mouseVisible = True
148.3740 	EXP 	window1: mouseVisible = True
148.3740 	EXP 	window1: mouseVisible = True
148.3740 	EXP 	window1: mouseVisible = True
148.3741 	EXP 	window1: mouseVisible = True
148.3741 	EXP 	window1: mouseVisible = True
148.3741 	EXP 	window1: mouseVisible = True
148.3742 	EXP 	window1: mouseVisible = True
148.3742 	EXP 	window1: mouseVisible = True
148.3742 	EXP 	window1: mouseVisible = True
148.3743 	EXP 	window1: mouseVisible = True
148.3743 	EXP 	window1: mouseVisible = True
148.3743 	EXP 	window1: mouseVisible = True
148.3744 	EXP 	window1: mouseVisible = True
148.3744 	EXP 	window1: mouseVisible = True
148.3744 	EXP 	window1: mouseVisible = True
148.3744 	EXP 	window1: mouseVisible = True
148.3745 	EXP 	window1: mouseVisible = True
148.3745 	EXP 	window1: mouseVisible = True
148.3745 	EXP 	window1: mouseVisible = True
148.3746 	EXP 	window1: mouseVisible = True
148.3746 	EXP 	window1: mouseVisible = True
148.3746 	EXP 	window1: mouseVisible = True
148.3747 	EXP 	window1: mouseVisible = True
148.3747 	EXP 	window1: mouseVisible = True
148.3747 	EXP 	window1: mouseVisible = True
148.3748 	EXP 	window1: mouseVisible = True
148.3748 	EXP 	window1: mouseVisible = True
148.3748 	EXP 	window1: mouseVisible = True
148.3749 	EXP 	window1: mouseVisible = True
148.3749 	EXP 	window1: mouseVisible = True
148.3749 	EXP 	window1: mouseVisible = True
148.3749 	EXP 	window1: mouseVisible = True
148.3750 	EXP 	window1: mouseVisible = True
148.3750 	EXP 	window1: mouseVisible = True
148.3750 	EXP 	window1: mouseVisible = True
148.3751 	EXP 	window1: mouseVisible = True
148.3751 	EXP 	window1: mouseVisible = True
148.3751 	EXP 	window1: mouseVisible = True
148.3752 	EXP 	window1: mouseVisible = True
148.3752 	EXP 	window1: mouseVisible = True
148.3752 	EXP 	window1: mouseVisible = True
148.3752 	EXP 	window1: mouseVisible = True
148.3753 	EXP 	window1: mouseVisible = True
148.3753 	EXP 	window1: mouseVisible = True
148.3753 	EXP 	window1: mouseVisible = True
148.3754 	EXP 	window1: mouseVisible = True
148.3754 	EXP 	window1: mouseVisible = True
148.3754 	EXP 	window1: mouseVisible = True
148.3755 	EXP 	window1: mouseVisible = True
148.3755 	EXP 	window1: mouseVisible = True
148.3755 	EXP 	window1: mouseVisible = True
148.3756 	EXP 	window1: mouseVisible = True
148.3756 	EXP 	window1: mouseVisible = True
148.3756 	EXP 	window1: mouseVisible = True
148.3757 	EXP 	window1: mouseVisible = True
148.3757 	EXP 	window1: mouseVisible = True
148.3757 	EXP 	window1: mouseVisible = True
148.3758 	EXP 	window1: mouseVisible = True
148.3758 	EXP 	window1: mouseVisible = True
148.3758 	EXP 	window1: mouseVisible = True
148.3758 	EXP 	window1: mouseVisible = True
148.3759 	EXP 	window1: mouseVisible = True
148.3759 	EXP 	window1: mouseVisible = True
148.3759 	EXP 	window1: mouseVisible = True
148.3760 	EXP 	window1: mouseVisible = True
148.3760 	EXP 	window1: mouseVisible = True
148.3760 	EXP 	window1: mouseVisible = True
148.3761 	EXP 	window1: mouseVisible = True
148.3761 	EXP 	window1: mouseVisible = True
148.3761 	EXP 	window1: mouseVisible = True
148.3762 	EXP 	window1: mouseVisible = True
148.3762 	EXP 	window1: mouseVisible = True
148.3762 	EXP 	window1: mouseVisible = True
148.3762 	EXP 	window1: mouseVisible = True
148.3763 	EXP 	window1: mouseVisible = True
148.3763 	EXP 	window1: mouseVisible = True
148.3763 	EXP 	window1: mouseVisible = True
148.3764 	EXP 	window1: mouseVisible = True
148.3764 	EXP 	window1: mouseVisible = True
148.3764 	EXP 	window1: mouseVisible = True
148.3764 	EXP 	window1: mouseVisible = True
148.3765 	EXP 	window1: mouseVisible = True
148.3765 	EXP 	window1: mouseVisible = True
148.3765 	EXP 	window1: mouseVisible = True
148.3766 	EXP 	window1: mouseVisible = True
148.3766 	EXP 	window1: mouseVisible = True
148.3766 	EXP 	window1: mouseVisible = True
148.3767 	EXP 	window1: mouseVisible = True
148.3767 	EXP 	window1: mouseVisible = True
148.3767 	EXP 	window1: mouseVisible = True
148.3767 	EXP 	window1: mouseVisible = True
148.3768 	EXP 	window1: mouseVisible = True
148.3768 	EXP 	window1: mouseVisible = True
148.3768 	EXP 	window1: mouseVisible = True
148.3769 	EXP 	window1: mouseVisible = True
148.3769 	EXP 	window1: mouseVisible = True
148.3769 	EXP 	window1: mouseVisible = True
148.3770 	EXP 	window1: mouseVisible = True
148.3770 	EXP 	window1: mouseVisible = True
148.3770 	EXP 	window1: mouseVisible = True
148.3770 	EXP 	window1: mouseVisible = True
148.3771 	EXP 	window1: mouseVisible = True
148.3771 	EXP 	window1: mouseVisible = True
148.3771 	EXP 	window1: mouseVisible = True
148.3772 	EXP 	window1: mouseVisible = True
148.3772 	EXP 	window1: mouseVisible = True
148.3772 	EXP 	window1: mouseVisible = True
148.3773 	EXP 	window1: mouseVisible = True
148.3773 	EXP 	window1: mouseVisible = True
148.3773 	EXP 	window1: mouseVisible = True
148.3774 	EXP 	window1: mouseVisible = True
148.3774 	EXP 	window1: mouseVisible = True
148.3774 	EXP 	window1: mouseVisible = True
148.3774 	EXP 	window1: mouseVisible = True
148.3775 	EXP 	window1: mouseVisible = True
148.3775 	EXP 	window1: mouseVisible = True
148.3775 	EXP 	window1: mouseVisible = True
148.3776 	EXP 	window1: mouseVisible = True
148.3776 	EXP 	window1: mouseVisible = True
148.3776 	EXP 	window1: mouseVisible = True
148.3777 	EXP 	window1: mouseVisible = True
148.3777 	EXP 	window1: mouseVisible = True
148.3777 	EXP 	window1: mouseVisible = True
148.3778 	EXP 	window1: mouseVisible = True
148.3778 	EXP 	window1: mouseVisible = True
148.3778 	EXP 	window1: mouseVisible = True
148.3778 	EXP 	window1: mouseVisible = True
148.3779 	EXP 	window1: mouseVisible = True
148.3779 	EXP 	window1: mouseVisible = True
148.3779 	EXP 	window1: mouseVisible = True
148.3780 	EXP 	window1: mouseVisible = True
148.3780 	EXP 	window1: mouseVisible = True
148.3780 	EXP 	window1: mouseVisible = True
148.3781 	EXP 	window1: mouseVisible = True
148.3781 	EXP 	window1: mouseVisible = True
148.3781 	EXP 	window1: mouseVisible = True
148.3781 	EXP 	window1: mouseVisible = True
148.3782 	EXP 	window1: mouseVisible = True
148.3782 	EXP 	window1: mouseVisible = True
148.3782 	EXP 	window1: mouseVisible = True
148.3783 	EXP 	window1: mouseVisible = True
148.3783 	EXP 	window1: mouseVisible = True
148.3783 	EXP 	window1: mouseVisible = True
148.3784 	EXP 	window1: mouseVisible = True
148.3784 	EXP 	window1: mouseVisible = True
148.3784 	EXP 	window1: mouseVisible = True
148.3784 	EXP 	window1: mouseVisible = True
148.3785 	EXP 	window1: mouseVisible = True
148.3785 	EXP 	window1: mouseVisible = True
148.3785 	EXP 	window1: mouseVisible = True
148.3786 	EXP 	window1: mouseVisible = True
148.3786 	EXP 	window1: mouseVisible = True
148.3786 	EXP 	window1: mouseVisible = True
148.3787 	EXP 	window1: mouseVisible = True
148.3787 	EXP 	window1: mouseVisible = True
148.3787 	EXP 	window1: mouseVisible = True
148.3787 	EXP 	window1: mouseVisible = True
148.3788 	EXP 	window1: mouseVisible = True
148.3788 	EXP 	window1: mouseVisible = True
148.3788 	EXP 	window1: mouseVisible = True
148.3789 	EXP 	window1: mouseVisible = True
148.3789 	EXP 	window1: mouseVisible = True
148.3789 	EXP 	window1: mouseVisible = True
148.3790 	EXP 	window1: mouseVisible = True
148.3790 	EXP 	window1: mouseVisible = True
148.3790 	EXP 	window1: mouseVisible = True
148.3790 	EXP 	window1: mouseVisible = True
148.3791 	EXP 	window1: mouseVisible = True
148.3791 	EXP 	window1: mouseVisible = True
148.3791 	EXP 	window1: mouseVisible = True
148.3792 	EXP 	window1: mouseVisible = True
148.3792 	EXP 	window1: mouseVisible = True
148.3792 	EXP 	window1: mouseVisible = True
148.3793 	EXP 	window1: mouseVisible = True
148.3793 	EXP 	window1: mouseVisible = True
148.3793 	EXP 	window1: mouseVisible = True
148.3793 	EXP 	window1: mouseVisible = True
148.3794 	EXP 	window1: mouseVisible = True
148.3794 	EXP 	window1: mouseVisible = True
148.3794 	EXP 	window1: mouseVisible = True
148.3795 	EXP 	window1: mouseVisible = True
148.3795 	EXP 	window1: mouseVisible = True
148.3795 	EXP 	window1: mouseVisible = True
148.3796 	EXP 	window1: mouseVisible = True
148.3796 	EXP 	window1: mouseVisible = True
148.3796 	EXP 	window1: mouseVisible = True
148.3797 	EXP 	window1: mouseVisible = True
148.3797 	EXP 	window1: mouseVisible = True
148.3797 	EXP 	window1: mouseVisible = True
148.3797 	EXP 	window1: mouseVisible = True
148.3798 	EXP 	window1: mouseVisible = True
148.3798 	EXP 	window1: mouseVisible = True
148.3798 	EXP 	window1: mouseVisible = True
148.3799 	EXP 	window1: mouseVisible = True
148.3799 	EXP 	window1: mouseVisible = True
148.3799 	EXP 	window1: mouseVisible = True
148.3800 	EXP 	window1: mouseVisible = True
148.3800 	EXP 	window1: mouseVisible = True
148.3800 	EXP 	window1: mouseVisible = True
148.3800 	EXP 	window1: mouseVisible = True
148.3801 	EXP 	window1: mouseVisible = True
148.3801 	EXP 	window1: mouseVisible = True
148.3801 	EXP 	window1: mouseVisible = True
148.3802 	EXP 	window1: mouseVisible = True
148.3802 	EXP 	window1: mouseVisible = True
148.3802 	EXP 	window1: mouseVisible = True
148.3803 	EXP 	window1: mouseVisible = True
148.3803 	EXP 	window1: mouseVisible = True
148.3803 	EXP 	window1: mouseVisible = True
148.3804 	EXP 	window1: mouseVisible = True
148.3804 	EXP 	window1: mouseVisible = True
148.3804 	EXP 	window1: mouseVisible = True
148.3805 	EXP 	window1: mouseVisible = True
148.3805 	EXP 	window1: mouseVisible = True
148.3805 	EXP 	window1: mouseVisible = True
148.3806 	EXP 	window1: mouseVisible = True
148.3806 	EXP 	window1: mouseVisible = True
148.3806 	EXP 	window1: mouseVisible = True
148.3806 	EXP 	window1: mouseVisible = True
148.3807 	EXP 	window1: mouseVisible = True
148.3807 	EXP 	window1: mouseVisible = True
148.3807 	EXP 	window1: mouseVisible = True
148.3808 	EXP 	window1: mouseVisible = True
148.3808 	EXP 	window1: mouseVisible = True
148.3808 	EXP 	window1: mouseVisible = True
148.3809 	EXP 	window1: mouseVisible = True
148.3809 	EXP 	window1: mouseVisible = True
148.3809 	EXP 	window1: mouseVisible = True
148.3809 	EXP 	window1: mouseVisible = True
148.3810 	EXP 	window1: mouseVisible = True
148.3810 	EXP 	window1: mouseVisible = True
148.3810 	EXP 	window1: mouseVisible = True
148.3811 	EXP 	window1: mouseVisible = True
148.3811 	EXP 	window1: mouseVisible = True
148.3811 	EXP 	window1: mouseVisible = True
148.3812 	EXP 	window1: mouseVisible = True
148.3812 	EXP 	window1: mouseVisible = True
148.3812 	EXP 	window1: mouseVisible = True
148.3812 	EXP 	window1: mouseVisible = True
148.3813 	EXP 	window1: mouseVisible = True
148.3813 	EXP 	window1: mouseVisible = True
148.3813 	EXP 	window1: mouseVisible = True
148.3814 	EXP 	window1: mouseVisible = True
148.3814 	EXP 	window1: mouseVisible = True
148.3814 	EXP 	window1: mouseVisible = True
148.3815 	EXP 	window1: mouseVisible = True
148.3815 	EXP 	window1: mouseVisible = True
148.3815 	EXP 	window1: mouseVisible = True
148.3815 	EXP 	window1: mouseVisible = True
148.3816 	EXP 	window1: mouseVisible = True
148.3816 	EXP 	window1: mouseVisible = True
148.3816 	EXP 	window1: mouseVisible = True
148.3817 	EXP 	window1: mouseVisible = True
148.3817 	EXP 	window1: mouseVisible = True
148.3817 	EXP 	window1: mouseVisible = True
148.3818 	EXP 	window1: mouseVisible = True
148.3818 	EXP 	window1: mouseVisible = True
148.3818 	EXP 	window1: mouseVisible = True
148.3818 	EXP 	window1: mouseVisible = True
148.3819 	EXP 	window1: mouseVisible = True
148.3819 	EXP 	window1: mouseVisible = True
148.3819 	EXP 	window1: mouseVisible = True
148.3820 	EXP 	window1: mouseVisible = True
148.3820 	EXP 	window1: mouseVisible = True
148.3820 	EXP 	window1: mouseVisible = True
148.3821 	EXP 	window1: mouseVisible = True
148.3821 	EXP 	window1: mouseVisible = True
148.3821 	EXP 	window1: mouseVisible = True
148.3822 	EXP 	window1: mouseVisible = True
148.3822 	EXP 	window1: mouseVisible = True
148.3822 	EXP 	window1: mouseVisible = True
148.3822 	EXP 	window1: mouseVisible = True
148.3823 	EXP 	window1: mouseVisible = True
148.3823 	EXP 	window1: mouseVisible = True
148.3823 	EXP 	window1: mouseVisible = True
148.3824 	EXP 	window1: mouseVisible = True
148.3824 	EXP 	window1: mouseVisible = True
148.3824 	EXP 	window1: mouseVisible = True
148.3825 	EXP 	window1: mouseVisible = True
148.3825 	EXP 	window1: mouseVisible = True
148.3825 	EXP 	window1: mouseVisible = True
148.3826 	EXP 	window1: mouseVisible = True
148.3826 	EXP 	window1: mouseVisible = True
148.3826 	EXP 	window1: mouseVisible = True
148.3826 	EXP 	window1: mouseVisible = True
148.3827 	EXP 	window1: mouseVisible = True
148.3827 	EXP 	window1: mouseVisible = True
148.3827 	EXP 	window1: mouseVisible = True
148.3828 	EXP 	window1: mouseVisible = True
148.3828 	EXP 	window1: mouseVisible = True
148.3828 	EXP 	window1: mouseVisible = True
148.3829 	EXP 	window1: mouseVisible = True
148.3829 	EXP 	window1: mouseVisible = True
148.3829 	EXP 	window1: mouseVisible = True
148.3829 	EXP 	window1: mouseVisible = True
148.3830 	EXP 	window1: mouseVisible = True
148.3830 	EXP 	window1: mouseVisible = True
148.3830 	EXP 	window1: mouseVisible = True
148.3831 	EXP 	window1: mouseVisible = True
148.3831 	EXP 	window1: mouseVisible = True
148.3831 	EXP 	window1: mouseVisible = True
148.3832 	EXP 	window1: mouseVisible = True
148.3832 	EXP 	window1: mouseVisible = True
148.3832 	EXP 	window1: mouseVisible = True
148.3833 	EXP 	window1: mouseVisible = True
148.3833 	EXP 	window1: mouseVisible = True
148.3833 	EXP 	window1: mouseVisible = True
148.3833 	EXP 	window1: mouseVisible = True
148.3834 	EXP 	window1: mouseVisible = True
148.3834 	EXP 	window1: mouseVisible = True
148.3834 	EXP 	window1: mouseVisible = True
148.3835 	EXP 	window1: mouseVisible = True
148.3835 	EXP 	window1: mouseVisible = True
148.3835 	EXP 	window1: mouseVisible = True
148.3836 	EXP 	window1: mouseVisible = True
148.3836 	EXP 	window1: mouseVisible = True
148.3836 	EXP 	window1: mouseVisible = True
148.3836 	EXP 	window1: mouseVisible = True
148.3837 	EXP 	window1: mouseVisible = True
148.3837 	EXP 	window1: mouseVisible = True
148.3837 	EXP 	window1: mouseVisible = True
148.3838 	EXP 	window1: mouseVisible = True
148.3838 	EXP 	window1: mouseVisible = True
148.3838 	EXP 	window1: mouseVisible = True
148.3839 	EXP 	window1: mouseVisible = True
148.3839 	EXP 	window1: mouseVisible = True
148.3839 	EXP 	window1: mouseVisible = True
148.3839 	EXP 	window1: mouseVisible = True
148.3840 	EXP 	window1: mouseVisible = True
148.3840 	EXP 	window1: mouseVisible = True
148.3840 	EXP 	window1: mouseVisible = True
148.3841 	EXP 	window1: mouseVisible = True
148.3841 	EXP 	window1: mouseVisible = True
148.3841 	EXP 	window1: mouseVisible = True
148.3842 	EXP 	window1: mouseVisible = True
148.3842 	EXP 	window1: mouseVisible = True
148.3842 	EXP 	window1: mouseVisible = True
148.3842 	EXP 	window1: mouseVisible = True
148.3843 	EXP 	window1: mouseVisible = True
148.3843 	EXP 	window1: mouseVisible = True
148.3843 	EXP 	window1: mouseVisible = True
148.3844 	EXP 	window1: mouseVisible = True
148.3844 	EXP 	window1: mouseVisible = True
148.3844 	EXP 	window1: mouseVisible = True
148.3845 	EXP 	window1: mouseVisible = True
148.3845 	EXP 	window1: mouseVisible = True
148.3845 	EXP 	window1: mouseVisible = True
148.3846 	EXP 	window1: mouseVisible = True
148.3846 	EXP 	window1: mouseVisible = True
148.3846 	EXP 	window1: mouseVisible = True
148.3846 	EXP 	window1: mouseVisible = True
148.3847 	EXP 	window1: mouseVisible = True
148.3847 	EXP 	window1: mouseVisible = True
148.3847 	EXP 	window1: mouseVisible = True
148.3848 	EXP 	window1: mouseVisible = True
148.3848 	EXP 	window1: mouseVisible = True
148.3848 	EXP 	window1: mouseVisible = True
148.3849 	EXP 	window1: mouseVisible = True
148.3849 	EXP 	window1: mouseVisible = True
148.3849 	EXP 	window1: mouseVisible = True
148.3849 	EXP 	window1: mouseVisible = True
148.3850 	EXP 	window1: mouseVisible = True
148.3850 	EXP 	window1: mouseVisible = True
148.3851 	EXP 	window1: mouseVisible = True
148.3851 	EXP 	window1: mouseVisible = True
148.3851 	EXP 	window1: mouseVisible = True
148.3852 	EXP 	window1: mouseVisible = True
148.3852 	EXP 	window1: mouseVisible = True
148.3852 	EXP 	window1: mouseVisible = True
148.3852 	EXP 	window1: mouseVisible = True
148.3853 	EXP 	window1: mouseVisible = True
148.3853 	EXP 	window1: mouseVisible = True
148.3853 	EXP 	window1: mouseVisible = True
148.3854 	EXP 	window1: mouseVisible = True
148.3854 	EXP 	window1: mouseVisible = True
148.3854 	EXP 	window1: mouseVisible = True
148.3855 	EXP 	window1: mouseVisible = True
148.3855 	EXP 	window1: mouseVisible = True
148.3855 	EXP 	window1: mouseVisible = True
148.3855 	EXP 	window1: mouseVisible = True
148.3856 	EXP 	window1: mouseVisible = True
148.3856 	EXP 	window1: mouseVisible = True
148.3856 	EXP 	window1: mouseVisible = True
148.3857 	EXP 	window1: mouseVisible = True
148.3857 	EXP 	window1: mouseVisible = True
148.3857 	EXP 	window1: mouseVisible = True
148.3858 	EXP 	window1: mouseVisible = True
148.3858 	EXP 	window1: mouseVisible = True
148.3858 	EXP 	window1: mouseVisible = True
148.3859 	EXP 	window1: mouseVisible = True
148.3859 	EXP 	window1: mouseVisible = True
148.3859 	EXP 	window1: mouseVisible = True
148.3859 	EXP 	window1: mouseVisible = True
148.3860 	EXP 	window1: mouseVisible = True
148.3860 	EXP 	window1: mouseVisible = True
148.3860 	EXP 	window1: mouseVisible = True
148.3861 	EXP 	window1: mouseVisible = True
148.3861 	EXP 	window1: mouseVisible = True
148.3861 	EXP 	window1: mouseVisible = True
148.3862 	EXP 	window1: mouseVisible = True
148.3862 	EXP 	window1: mouseVisible = True
148.3862 	EXP 	window1: mouseVisible = True
148.3863 	EXP 	window1: mouseVisible = True
148.3863 	EXP 	window1: mouseVisible = True
148.3863 	EXP 	window1: mouseVisible = True
148.3863 	EXP 	window1: mouseVisible = True
148.3864 	EXP 	window1: mouseVisible = True
148.3864 	EXP 	window1: mouseVisible = True
148.3864 	EXP 	window1: mouseVisible = True
148.3865 	EXP 	window1: mouseVisible = True
148.3865 	EXP 	window1: mouseVisible = True
148.3865 	EXP 	window1: mouseVisible = True
148.3866 	EXP 	window1: mouseVisible = True
148.3866 	EXP 	window1: mouseVisible = True
148.3866 	EXP 	window1: mouseVisible = True
148.3866 	EXP 	window1: mouseVisible = True
148.3867 	EXP 	window1: mouseVisible = True
148.3867 	EXP 	window1: mouseVisible = True
148.3867 	EXP 	window1: mouseVisible = True
148.3868 	EXP 	window1: mouseVisible = True
148.3868 	EXP 	window1: mouseVisible = True
148.3868 	EXP 	window1: mouseVisible = True
148.3869 	EXP 	window1: mouseVisible = True
148.3869 	EXP 	window1: mouseVisible = True
148.3869 	EXP 	window1: mouseVisible = True
148.3870 	EXP 	window1: mouseVisible = True
148.3870 	EXP 	window1: mouseVisible = True
148.3870 	EXP 	window1: mouseVisible = True
148.3871 	EXP 	window1: mouseVisible = True
148.3871 	EXP 	window1: mouseVisible = True
148.3871 	EXP 	window1: mouseVisible = True
148.3872 	EXP 	window1: mouseVisible = True
148.3872 	EXP 	window1: mouseVisible = True
148.3872 	EXP 	window1: mouseVisible = True
148.3873 	EXP 	window1: mouseVisible = True
148.3873 	EXP 	window1: mouseVisible = True
148.3873 	EXP 	window1: mouseVisible = True
148.3874 	EXP 	window1: mouseVisible = True
148.3874 	EXP 	window1: mouseVisible = True
148.3874 	EXP 	window1: mouseVisible = True
148.3874 	EXP 	window1: mouseVisible = True
148.3875 	EXP 	window1: mouseVisible = True
148.3875 	EXP 	window1: mouseVisible = True
148.3875 	EXP 	window1: mouseVisible = True
148.3876 	EXP 	window1: mouseVisible = True
148.3876 	EXP 	window1: mouseVisible = True
148.3876 	EXP 	window1: mouseVisible = True
148.3877 	EXP 	window1: mouseVisible = True
148.3877 	EXP 	window1: mouseVisible = True
148.3877 	EXP 	window1: mouseVisible = True
148.3878 	EXP 	window1: mouseVisible = True
148.3878 	EXP 	window1: mouseVisible = True
148.3878 	EXP 	window1: mouseVisible = True
148.3879 	EXP 	window1: mouseVisible = True
148.3879 	EXP 	window1: mouseVisible = True
148.3879 	EXP 	window1: mouseVisible = True
148.3880 	EXP 	window1: mouseVisible = True
148.3880 	EXP 	window1: mouseVisible = True
148.3880 	EXP 	window1: mouseVisible = True
148.3881 	EXP 	window1: mouseVisible = True
148.3881 	EXP 	window1: mouseVisible = True
148.3881 	EXP 	window1: mouseVisible = True
148.3881 	EXP 	window1: mouseVisible = True
148.3882 	EXP 	window1: mouseVisible = True
148.3882 	EXP 	window1: mouseVisible = True
148.3882 	EXP 	window1: mouseVisible = True
148.3883 	EXP 	window1: mouseVisible = True
148.3883 	EXP 	window1: mouseVisible = True
148.3883 	EXP 	window1: mouseVisible = True
148.3884 	EXP 	window1: mouseVisible = True
148.3884 	EXP 	window1: mouseVisible = True
148.3884 	EXP 	window1: mouseVisible = True
