11.4925 	WARNING 	Monitor specification not found. Creating a temporary one...
11.5134 	WARNING 	User requested fullscreen with size [800 600], but screen is actually [1280, 1024]. Using actual size
12.4126 	EXP 	Created window1 = Window(allowGUI=True, allowStencil=False, autoLog=True, backendConf=UNKNOWN, bitsMode=UNKNOWN, blendMode='avg', bpc=(8, 8, 8), color=array([0, 0, 0]), colorSpace='rgb', depthBits=8, fullscr=<method-wrapper '__getattribute__' of attributeSetter object at 0x000002C3573F9CD0>, gamma=None, gammaErrorPolicy='raise', lms=UNKNOWN, monitor=<psychopy.monitors.calibTools.Monitor object at 0x000002C35794E460>, multiSample=False, name='window1', numSamples=2, pos=(0, 0), screen=0, size=array([1280, 1024]), stencilBits=0, stereo=False, units='pix', useFBO=False, useRetina=False, viewOri=0.0, viewPos=None, viewScale=None, waitBlanking=True, winType='pyglet')
12.4126 	EXP 	window1: mouseVisible = True
12.4129 	EXP 	window1: mouseVisible = False
13.7130 	DATA 	Keypress: space
14.4334 	DATA 	Keypress: o
14.4338 	EXP 	window1: units = 'pix'
14.4649 	WARNING 	User requested fullscreen with size [1280  720], but screen is actually [1280, 1024]. Using actual size
14.9134 	EXP 	Created window1 = Window(allowGUI=False, allowStencil=False, autoLog=True, backendConf=UNKNOWN, bitsMode=UNKNOWN, blendMode='avg', bpc=(8, 8, 8), color=array([0, 0, 0]), colorSpace='rgb', depthBits=8, fullscr=<method-wrapper '__getattribute__' of attributeSetter object at 0x000002C3573F9CD0>, gamma=None, gammaErrorPolicy='raise', lms=UNKNOWN, monitor=<psychopy.monitors.calibTools.Monitor object at 0x000002C35E4296A0>, multiSample=False, name='window1', numSamples=2, pos=(0, 0), screen=0, size=array([1280, 1024]), stencilBits=0, stereo=False, units='height', useFBO=True, useRetina=False, viewOri=0.0, viewPos=None, viewScale=None, waitBlanking=True, winType='pyglet')
14.9137 	EXP 	window1: mouseVisible = True
14.9137 	EXP 	window1: Attempting to measure frame rate of screen (0) ...
14.9137 	EXP 	window1: recordFrameIntervals = False
15.0134 	DATA 	Keypress: space
15.0799 	EXP 	window1: recordFrameIntervals = True
15.2633 	EXP 	Screen (0) actual frame rate measured at 59.99Hz
15.2633 	EXP 	window1: recordFrameIntervals = False
15.4521 	EXP 	Created Instructions = TextStim(__class__=<class 'psychopy.visual.text.TextStim'>, alignHoriz=method-wrapper(...), alignText='center', alignVert=method-wrapper(...), anchorHoriz='center', anchorVert='center', antialias=True, autoDraw=False, autoLog=True, bold=False, color=array([1, 1, 1]), colorSpace='rgb', contrast=1.0, depth=0.0, flipHoriz=False, flipVert=False, font='Arial', fontFiles=[], height=0.03, italic=False, languageStyle='LTR', name='Instructions', opacity=1.0, ori=0, pos=array([0., 0.]), rgb=UNKNOWN, text=str(...), units='height', win=Window(...), wrapWidth=1)
15.4596 	EXP 	Created Triplet1 = ImageStim(__class__=<class 'psychopy.visual.image.ImageStim'>, anchor=('center', 'center'), autoLog=True, color=array([1, 1, 1]), colorSpace='rgb', contrast=1.0, depth=-1.0, flipHoriz=False, flipVert=False, image='sin', interpolate=True, mask=None, maskParams=None, name='Triplet1', opacity=1.0, ori=0.0, pos=array([0., 0.]), size=array([0.25, 0.25]), texRes=128, units='height', win=Window(...))
15.4649 	EXP 	Created Triplet2 = ImageStim(__class__=<class 'psychopy.visual.image.ImageStim'>, anchor=('center', 'center'), autoLog=True, color=array([1, 1, 1]), colorSpace='rgb', contrast=1.0, depth=-2.0, flipHoriz=False, flipVert=False, image='sin', interpolate=True, mask=None, maskParams=None, name='Triplet2', opacity=1.0, ori=0.0, pos=array([0., 0.]), size=array([0.25, 0.25]), texRes=128, units='height', win=Window(...))
15.4704 	EXP 	Created Triplet3 = ImageStim(__class__=<class 'psychopy.visual.image.ImageStim'>, anchor=('center', 'center'), autoLog=True, color=array([1, 1, 1]), colorSpace='rgb', contrast=1.0, depth=-3.0, flipHoriz=False, flipVert=False, image='sin', interpolate=True, mask=None, maskParams=None, name='Triplet3', opacity=1.0, ori=0.0, pos=array([0., 0.]), size=array([0.25, 0.25]), texRes=128, units='height', win=Window(...))
15.4793 	EXP 	Sound sound_pop set volume 1.000
15.4883 	EXP 	Sound sound_pop2 set volume 1.000
15.4972 	EXP 	Sound sound_pop3 set volume 1.000
15.5230 	EXP 	Created fix = ImageStim(__class__=<class 'psychopy.visual.image.ImageStim'>, anchor=('center', 'center'), autoLog=True, color=array([1, 1, 1]), colorSpace='rgb', contrast=1.0, depth=0.0, flipHoriz=False, flipVert=False, image='images/fixation.png', interpolate=True, mask=None, maskParams=None, name='fix', opacity=1.0, ori=0.0, pos=array([0., 0.]), size=array([0.1 , 0.05]), texRes=128, units='height', win=Window(...))
15.6114 	EXP 	Created Mask = ImageStim(__class__=<class 'psychopy.visual.image.ImageStim'>, anchor=('center', 'center'), autoLog=True, color=array([1, 1, 1]), colorSpace='rgb', contrast=1.0, depth=0.0, flipHoriz=False, flipVert=False, image='images/Mask.png', interpolate=True, mask=None, maskParams=None, name='Mask', opacity=1.0, ori=0.0, pos=array([0., 0.]), size=array([1.5, 0.5]), texRes=128, units='height', win=Window(...))
15.6165 	EXP 	Created img1 = ImageStim(__class__=<class 'psychopy.visual.image.ImageStim'>, anchor=('center', 'center'), autoLog=True, color=array([1, 1, 1]), colorSpace='rgb', contrast=1.0, depth=-1.0, flipHoriz=False, flipVert=False, image='sin', interpolate=True, mask=None, maskParams=None, name='img1', opacity=1.0, ori=0.0, pos=array([0., 0.]), size=array([0.25, 0.25]), texRes=128, units='height', win=Window(...))
15.6208 	EXP 	Created img2 = ImageStim(__class__=<class 'psychopy.visual.image.ImageStim'>, anchor=('center', 'center'), autoLog=True, color=array([1, 1, 1]), colorSpace='rgb', contrast=1.0, depth=-2.0, flipHoriz=False, flipVert=False, image='sin', interpolate=True, mask=None, maskParams=None, name='img2', opacity=1.0, ori=0.0, pos=array([0., 0.]), size=array([0.25, 0.25]), texRes=128, units='height', win=Window(...))
15.6253 	EXP 	Created img3 = ImageStim(__class__=<class 'psychopy.visual.image.ImageStim'>, anchor=('center', 'center'), autoLog=True, color=array([1, 1, 1]), colorSpace='rgb', contrast=1.0, depth=-3.0, flipHoriz=False, flipVert=False, image='sin', interpolate=True, mask=None, maskParams=None, name='img3', opacity=1.0, ori=0.0, pos=array([0., 0.]), size=array([0.25, 0.25]), texRes=128, units='height', win=Window(...))
15.6343 	EXP 	Sound sound_pop4 set volume 1.000
15.6432 	EXP 	Sound sound_pop5 set volume 1.000
15.6521 	EXP 	Sound sound_pop6 set volume 1.000
15.6571 	EXP 	Created text_2 = TextStim(__class__=<class 'psychopy.visual.text.TextStim'>, alignHoriz=method-wrapper(...), alignText='center', alignVert=method-wrapper(...), anchorHoriz='center', anchorVert='center', antialias=True, autoDraw=False, autoLog=True, bold=False, color=array([1, 1, 1]), colorSpace='rgb', contrast=1.0, depth=0.0, flipHoriz=False, flipVert=False, font='Arial', fontFiles=[], height=0.03, italic=False, languageStyle='LTR', name='text_2', opacity=1.0, ori=0, pos=array([0., 0.]), rgb=UNKNOWN, text=str(...), units='height', win=Window(...), wrapWidth=1)
15.6597 	EXP 	Created text = TextStim(__class__=<class 'psychopy.visual.text.TextStim'>, alignHoriz=method-wrapper(...), alignText='center', alignVert=method-wrapper(...), anchorHoriz='center', anchorVert='center', antialias=True, autoDraw=False, autoLog=True, bold=False, color=array([1, 1, 1]), colorSpace='rgb', contrast=1.0, depth=-1.0, flipHoriz=False, flipVert=False, font='Arial', fontFiles=[], height=0.03, italic=False, languageStyle='LTR', name='text', opacity=1.0, ori=0, pos=array([0., 0.]), rgb=UNKNOWN, text=str(...), units='height', win=Window(...), wrapWidth=1)
15.6601 	EXP 	Created sameText = TextStim(__class__=<class 'psychopy.visual.text.TextStim'>, alignHoriz=method-wrapper(...), alignText='center', alignVert=method-wrapper(...), anchorHoriz='center', anchorVert='center', antialias=True, autoDraw=False, autoLog=True, bold=False, color=array([1, 1, 1]), colorSpace='rgb', contrast=1.0, depth=-2.0, flipHoriz=False, flipVert=False, font='Arial', fontFiles=[], height=0.03, italic=False, languageStyle='LTR', name='sameText', opacity=1.0, ori=0, pos=array([-0.2, -0.3]), rgb=UNKNOWN, text='', units='height', win=Window(...), wrapWidth=1)
15.6606 	EXP 	Created diffText = TextStim(__class__=<class 'psychopy.visual.text.TextStim'>, alignHoriz=method-wrapper(...), alignText='center', alignVert=method-wrapper(...), anchorHoriz='center', anchorVert='center', antialias=True, autoDraw=False, autoLog=True, bold=False, color=array([1, 1, 1]), colorSpace='rgb', contrast=1.0, depth=-3.0, flipHoriz=False, flipVert=False, font='Arial', fontFiles=[], height=0.03, italic=False, languageStyle='LTR', name='diffText', opacity=1.0, ori=0, pos=array([ 0.2, -0.3]), rgb=UNKNOWN, text='', units='height', win=Window(...), wrapWidth=1)
15.6615 	EXP 	Created leftCL = Rect(__class__=<class 'psychopy.visual.rect.Rect'>, anchor=('center', 'center'), autoDraw=False, autoLog=True, closeShape=True, color=method-wrapper(...), colorSpace='rgb', contrast=None, depth=-4.0, fillColor=array([1., 1., 1.]), fillColorSpace='rgb', fillRGB=array([1., 1., 1.]), interpolate=True, lineColor=array([1, 1, 1]), lineColorSpace='rgb', lineRGB=array([1, 1, 1]), lineWidth=3, name='leftCL', opacity=0.5, ori=0.0, pos=array([-0.2, -0.3]), size=array([-0.2, -0.2]), units='height', vertices=ndarray(...), win=Window(...))
15.6623 	EXP 	Created rightCL = Rect(__class__=<class 'psychopy.visual.rect.Rect'>, anchor=('center', 'center'), autoDraw=False, autoLog=True, closeShape=True, color=method-wrapper(...), colorSpace='rgb', contrast=None, depth=-5.0, fillColor=array([1., 1., 1.]), fillColorSpace='rgb', fillRGB=array([1., 1., 1.]), interpolate=True, lineColor=array([1, 1, 1]), lineColorSpace='rgb', lineRGB=array([1, 1, 1]), lineWidth=3, name='rightCL', opacity=0.5, ori=0.0, pos=array([ 0.2, -0.3]), size=array([0.2, 0.2]), units='height', vertices=ndarray(...), win=Window(...))
15.6624 	EXP 	window1: mouseVisible = True
15.6628 	EXP 	Sound clickedSound set volume 1.000
15.6665 	EXP 	Created retIMG = ImageStim(__class__=<class 'psychopy.visual.image.ImageStim'>, anchor=('center', 'center'), autoLog=True, color=array([1, 1, 1]), colorSpace='rgb', contrast=1.0, depth=-1.0, flipHoriz=False, flipVert=False, image='sin', interpolate=True, mask=None, maskParams=None, name='retIMG', opacity=1.0, ori=0.0, pos=array([0., 0.]), size=array([0.25, 0.25]), texRes=128, units='height', win=Window(...))
15.6754 	EXP 	Sound sound_pop7 set volume 1.000
15.6779 	EXP 	Created question_text = TextStim(__class__=<class 'psychopy.visual.text.TextStim'>, alignHoriz=method-wrapper(...), alignText='center', alignVert=method-wrapper(...), anchorHoriz='center', anchorVert='center', antialias=True, autoDraw=False, autoLog=True, bold=False, color=array([1, 1, 1]), colorSpace='rgb', contrast=1.0, depth=0.0, flipHoriz=False, flipVert=False, font='Arial', fontFiles=[], height=0.03, italic=False, languageStyle='LTR', name='question_text', opacity=1.0, ori=0, pos=array([0. , 0.3]), rgb=UNKNOWN, text='When did you see this object?', units='height', win=Window(...), wrapWidth=1)
15.6801 	EXP 	Created decisionQ_2 = TextStim(__class__=<class 'psychopy.visual.text.TextStim'>, alignHoriz=method-wrapper(...), alignText='center', alignVert=method-wrapper(...), anchorHoriz='center', anchorVert='center', antialias=True, autoDraw=False, autoLog=True, bold=False, color=array([1, 1, 1]), colorSpace='rgb', contrast=1.0, depth=-1.0, flipHoriz=False, flipVert=False, font='Arial', fontFiles=[], height=0.03, italic=False, languageStyle='LTR', name='decisionQ_2', opacity=1.0, ori=0, pos=array([0. , 0.3]), rgb=UNKNOWN, text='When did you see this object?', units='height', win=Window(...), wrapWidth=1)
15.6808 	EXP 	Created first_left = Rect(__class__=<class 'psychopy.visual.rect.Rect'>, anchor=('center', 'center'), autoDraw=False, autoLog=True, closeShape=True, color=method-wrapper(...), colorSpace='rgb', contrast=None, depth=-2.0, fillColor=array([1, 1, 1]), fillColorSpace='rgb', fillRGB=array([1, 1, 1]), interpolate=True, lineColor=array([1, 1, 1]), lineColorSpace='rgb', lineRGB=array([1, 1, 1]), lineWidth=3, name='first_left', opacity=0.5, ori=0.0, pos=array([0. , 0.1]), size=array([0.15, 0.15]), units='height', vertices=ndarray(...), win=Window(...))
15.6815 	EXP 	Created second_middle = Rect(__class__=<class 'psychopy.visual.rect.Rect'>, anchor=('center', 'center'), autoDraw=False, autoLog=True, closeShape=True, color=method-wrapper(...), colorSpace='rgb', contrast=None, depth=-3.0, fillColor=array([1, 1, 1]), fillColorSpace='rgb', fillRGB=array([1, 1, 1]), interpolate=True, lineColor=array([1, 1, 1]), lineColorSpace='rgb', lineRGB=array([1, 1, 1]), lineWidth=3, name='second_middle', opacity=0.5, ori=0.0, pos=array([ 0. , -0.1]), size=array([0.15, 0.15]), units='height', vertices=ndarray(...), win=Window(...))
15.6822 	EXP 	Created third_right = Rect(__class__=<class 'psychopy.visual.rect.Rect'>, anchor=('center', 'center'), autoDraw=False, autoLog=True, closeShape=True, color=method-wrapper(...), colorSpace='rgb', contrast=None, depth=-4.0, fillColor=array([1, 1, 1]), fillColorSpace='rgb', fillRGB=array([1, 1, 1]), interpolate=True, lineColor=array([1, 1, 1]), lineColorSpace='rgb', lineRGB=array([1, 1, 1]), lineWidth=3, name='third_right', opacity=0.5, ori=0.0, pos=array([ 0. , -0.3]), size=array([0.15, 0.15]), units='height', vertices=ndarray(...), win=Window(...))
15.6846 	EXP 	Created First = TextStim(__class__=<class 'psychopy.visual.text.TextStim'>, alignHoriz=method-wrapper(...), alignText='center', alignVert=method-wrapper(...), anchorHoriz='center', anchorVert='center', antialias=True, autoDraw=False, autoLog=True, bold=False, color=array([1, 1, 1]), colorSpace='rgb', contrast=1.0, depth=-5.0, flipHoriz=False, flipVert=False, font='Arial', fontFiles=[], height=0.03, italic=False, languageStyle='LTR', name='First', opacity=1.0, ori=0, pos=array([0. , 0.1]), rgb=UNKNOWN, text='First', units='height', win=Window(...), wrapWidth=1)
15.6865 	EXP 	Created Second = TextStim(__class__=<class 'psychopy.visual.text.TextStim'>, alignHoriz=method-wrapper(...), alignText='center', alignVert=method-wrapper(...), anchorHoriz='center', anchorVert='center', antialias=True, autoDraw=False, autoLog=True, bold=False, color=array([1, 1, 1]), colorSpace='rgb', contrast=1.0, depth=-6.0, flipHoriz=False, flipVert=False, font='Arial', fontFiles=[], height=0.03, italic=False, languageStyle='LTR', name='Second', opacity=1.0, ori=0, pos=array([ 0. , -0.1]), rgb=UNKNOWN, text='Second', units='height', win=Window(...), wrapWidth=1)
15.6884 	EXP 	Created Third = TextStim(__class__=<class 'psychopy.visual.text.TextStim'>, alignHoriz=method-wrapper(...), alignText='center', alignVert=method-wrapper(...), anchorHoriz='center', anchorVert='center', antialias=True, autoDraw=False, autoLog=True, bold=False, color=array([1, 1, 1]), colorSpace='rgb', contrast=1.0, depth=-7.0, flipHoriz=False, flipVert=False, font='Arial', fontFiles=[], height=0.03, italic=False, languageStyle='LTR', name='Third', opacity=1.0, ori=0, pos=array([ 0. , -0.3]), rgb=UNKNOWN, text='Third', units='height', win=Window(...), wrapWidth=1)
15.6884 	EXP 	window1: mouseVisible = True
15.6889 	EXP 	Sound clickedSound set volume 1.000
15.6968 	EXP 	Created BlockBreak = TextStim(__class__=<class 'psychopy.visual.text.TextStim'>, alignHoriz=method-wrapper(...), alignText='center', alignVert=method-wrapper(...), anchorHoriz='center', anchorVert='center', antialias=True, autoDraw=False, autoLog=True, bold=False, color=array([1, 1, 1]), colorSpace='rgb', contrast=1.0, depth=0.0, flipHoriz=False, flipVert=False, font='Arial', fontFiles=[], height=0.03, italic=False, languageStyle='LTR', name='BlockBreak', opacity=1.0, ori=0, pos=array([0., 0.]), rgb=UNKNOWN, text=str(...), units='height', win=Window(...), wrapWidth=1)
15.7103 	EXP 	Created text_4 = TextStim(__class__=<class 'psychopy.visual.text.TextStim'>, alignHoriz=method-wrapper(...), alignText='center', alignVert=method-wrapper(...), anchorHoriz='center', anchorVert='center', antialias=True, autoDraw=False, autoLog=True, bold=False, color=array([1, 1, 1]), colorSpace='rgb', contrast=1.0, depth=-1.0, flipHoriz=False, flipVert=False, font='Open Sans', fontFiles=[], height=0.03, italic=False, languageStyle='LTR', name='text_4', opacity=1.0, ori=0.0, pos=array([0., 0.]), rgb=UNKNOWN, text=str(...), units='height', win=Window(...), wrapWidth=1)
15.7140 	EXP 	Created Triplet1 = ImageStim(__class__=<class 'psychopy.visual.image.ImageStim'>, anchor=('center', 'center'), autoLog=True, color=array([1, 1, 1]), colorSpace='rgb', contrast=1.0, depth=-1.0, flipHoriz=False, flipVert=False, image='sin', interpolate=True, mask=None, maskParams=None, name='Triplet1', opacity=1.0, ori=0.0, pos=array([0., 0.]), size=array([0.25, 0.25]), texRes=128, units='height', win=Window(...))
15.7185 	EXP 	Created Triplet2 = ImageStim(__class__=<class 'psychopy.visual.image.ImageStim'>, anchor=('center', 'center'), autoLog=True, color=array([1, 1, 1]), colorSpace='rgb', contrast=1.0, depth=-2.0, flipHoriz=False, flipVert=False, image='sin', interpolate=True, mask=None, maskParams=None, name='Triplet2', opacity=1.0, ori=0.0, pos=array([0., 0.]), size=array([0.25, 0.25]), texRes=128, units='height', win=Window(...))
15.7228 	EXP 	Created Triplet3 = ImageStim(__class__=<class 'psychopy.visual.image.ImageStim'>, anchor=('center', 'center'), autoLog=True, color=array([1, 1, 1]), colorSpace='rgb', contrast=1.0, depth=-3.0, flipHoriz=False, flipVert=False, image='sin', interpolate=True, mask=None, maskParams=None, name='Triplet3', opacity=1.0, ori=0.0, pos=array([0., 0.]), size=array([0.25, 0.25]), texRes=128, units='height', win=Window(...))
15.7317 	EXP 	Sound sound_pop set volume 1.000
15.7406 	EXP 	Sound sound_pop2 set volume 1.000
15.7495 	EXP 	Sound sound_pop3 set volume 1.000
15.7716 	EXP 	Created fix = ImageStim(__class__=<class 'psychopy.visual.image.ImageStim'>, anchor=('center', 'center'), autoLog=True, color=array([1, 1, 1]), colorSpace='rgb', contrast=1.0, depth=0.0, flipHoriz=False, flipVert=False, image='images/fixation.png', interpolate=True, mask=None, maskParams=None, name='fix', opacity=1.0, ori=0.0, pos=array([0., 0.]), size=array([0.1 , 0.05]), texRes=128, units='height', win=Window(...))
15.8584 	EXP 	Created Mask = ImageStim(__class__=<class 'psychopy.visual.image.ImageStim'>, anchor=('center', 'center'), autoLog=True, color=array([1, 1, 1]), colorSpace='rgb', contrast=1.0, depth=0.0, flipHoriz=False, flipVert=False, image='images/Mask.png', interpolate=True, mask=None, maskParams=None, name='Mask', opacity=1.0, ori=0.0, pos=array([0., 0.]), size=array([1.5, 0.5]), texRes=128, units='height', win=Window(...))
15.8639 	EXP 	Created img1 = ImageStim(__class__=<class 'psychopy.visual.image.ImageStim'>, anchor=('center', 'center'), autoLog=True, color=array([1, 1, 1]), colorSpace='rgb', contrast=1.0, depth=-1.0, flipHoriz=False, flipVert=False, image='sin', interpolate=True, mask=None, maskParams=None, name='img1', opacity=1.0, ori=0.0, pos=array([0., 0.]), size=array([0.25, 0.25]), texRes=128, units='height', win=Window(...))
15.8682 	EXP 	Created img2 = ImageStim(__class__=<class 'psychopy.visual.image.ImageStim'>, anchor=('center', 'center'), autoLog=True, color=array([1, 1, 1]), colorSpace='rgb', contrast=1.0, depth=-2.0, flipHoriz=False, flipVert=False, image='sin', interpolate=True, mask=None, maskParams=None, name='img2', opacity=1.0, ori=0.0, pos=array([0., 0.]), size=array([0.25, 0.25]), texRes=128, units='height', win=Window(...))
15.8725 	EXP 	Created img3 = ImageStim(__class__=<class 'psychopy.visual.image.ImageStim'>, anchor=('center', 'center'), autoLog=True, color=array([1, 1, 1]), colorSpace='rgb', contrast=1.0, depth=-3.0, flipHoriz=False, flipVert=False, image='sin', interpolate=True, mask=None, maskParams=None, name='img3', opacity=1.0, ori=0.0, pos=array([0., 0.]), size=array([0.25, 0.25]), texRes=128, units='height', win=Window(...))
15.8814 	EXP 	Sound sound_pop4 set volume 1.000
15.8906 	EXP 	Sound sound_pop5 set volume 1.000
15.8996 	EXP 	Sound sound_pop6 set volume 1.000
15.9031 	EXP 	Created text_2 = TextStim(__class__=<class 'psychopy.visual.text.TextStim'>, alignHoriz=method-wrapper(...), alignText='center', alignVert=method-wrapper(...), anchorHoriz='center', anchorVert='center', antialias=True, autoDraw=False, autoLog=True, bold=False, color=array([1, 1, 1]), colorSpace='rgb', contrast=1.0, depth=0.0, flipHoriz=False, flipVert=False, font='Arial', fontFiles=[], height=0.03, italic=False, languageStyle='LTR', name='text_2', opacity=1.0, ori=0, pos=array([0., 0.]), rgb=UNKNOWN, text=str(...), units='height', win=Window(...), wrapWidth=1)
15.9056 	EXP 	Created text = TextStim(__class__=<class 'psychopy.visual.text.TextStim'>, alignHoriz=method-wrapper(...), alignText='center', alignVert=method-wrapper(...), anchorHoriz='center', anchorVert='center', antialias=True, autoDraw=False, autoLog=True, bold=False, color=array([1, 1, 1]), colorSpace='rgb', contrast=1.0, depth=-1.0, flipHoriz=False, flipVert=False, font='Arial', fontFiles=[], height=0.03, italic=False, languageStyle='LTR', name='text', opacity=1.0, ori=0, pos=array([0., 0.]), rgb=UNKNOWN, text=str(...), units='height', win=Window(...), wrapWidth=1)
15.9061 	EXP 	Created sameText = TextStim(__class__=<class 'psychopy.visual.text.TextStim'>, alignHoriz=method-wrapper(...), alignText='center', alignVert=method-wrapper(...), anchorHoriz='center', anchorVert='center', antialias=True, autoDraw=False, autoLog=True, bold=False, color=array([1, 1, 1]), colorSpace='rgb', contrast=1.0, depth=-2.0, flipHoriz=False, flipVert=False, font='Arial', fontFiles=[], height=0.03, italic=False, languageStyle='LTR', name='sameText', opacity=1.0, ori=0, pos=array([-0.2, -0.3]), rgb=UNKNOWN, text='', units='height', win=Window(...), wrapWidth=1)
15.9066 	EXP 	Created diffText = TextStim(__class__=<class 'psychopy.visual.text.TextStim'>, alignHoriz=method-wrapper(...), alignText='center', alignVert=method-wrapper(...), anchorHoriz='center', anchorVert='center', antialias=True, autoDraw=False, autoLog=True, bold=False, color=array([1, 1, 1]), colorSpace='rgb', contrast=1.0, depth=-3.0, flipHoriz=False, flipVert=False, font='Arial', fontFiles=[], height=0.03, italic=False, languageStyle='LTR', name='diffText', opacity=1.0, ori=0, pos=array([ 0.2, -0.3]), rgb=UNKNOWN, text='', units='height', win=Window(...), wrapWidth=1)
15.9075 	EXP 	Created leftCL = Rect(__class__=<class 'psychopy.visual.rect.Rect'>, anchor=('center', 'center'), autoDraw=False, autoLog=True, closeShape=True, color=method-wrapper(...), colorSpace='rgb', contrast=None, depth=-4.0, fillColor=array([1., 1., 1.]), fillColorSpace='rgb', fillRGB=array([1., 1., 1.]), interpolate=True, lineColor=array([1, 1, 1]), lineColorSpace='rgb', lineRGB=array([1, 1, 1]), lineWidth=3, name='leftCL', opacity=0.5, ori=0.0, pos=array([-0.2, -0.3]), size=array([-0.2, -0.2]), units='height', vertices=ndarray(...), win=Window(...))
15.9083 	EXP 	Created rightCL = Rect(__class__=<class 'psychopy.visual.rect.Rect'>, anchor=('center', 'center'), autoDraw=False, autoLog=True, closeShape=True, color=method-wrapper(...), colorSpace='rgb', contrast=None, depth=-5.0, fillColor=array([1., 1., 1.]), fillColorSpace='rgb', fillRGB=array([1., 1., 1.]), interpolate=True, lineColor=array([1, 1, 1]), lineColorSpace='rgb', lineRGB=array([1, 1, 1]), lineWidth=3, name='rightCL', opacity=0.5, ori=0.0, pos=array([ 0.2, -0.3]), size=array([0.2, 0.2]), units='height', vertices=ndarray(...), win=Window(...))
15.9084 	EXP 	window1: mouseVisible = True
15.9088 	EXP 	Sound clickedSound set volume 1.000
15.9124 	EXP 	Created retIMG = ImageStim(__class__=<class 'psychopy.visual.image.ImageStim'>, anchor=('center', 'center'), autoLog=True, color=array([1, 1, 1]), colorSpace='rgb', contrast=1.0, depth=-1.0, flipHoriz=False, flipVert=False, image='sin', interpolate=True, mask=None, maskParams=None, name='retIMG', opacity=1.0, ori=0.0, pos=array([0., 0.]), size=array([0.25, 0.25]), texRes=128, units='height', win=Window(...))
15.9216 	EXP 	Sound sound_pop7 set volume 1.000
15.9239 	EXP 	Created question_text = TextStim(__class__=<class 'psychopy.visual.text.TextStim'>, alignHoriz=method-wrapper(...), alignText='center', alignVert=method-wrapper(...), anchorHoriz='center', anchorVert='center', antialias=True, autoDraw=False, autoLog=True, bold=False, color=array([1, 1, 1]), colorSpace='rgb', contrast=1.0, depth=0.0, flipHoriz=False, flipVert=False, font='Arial', fontFiles=[], height=0.03, italic=False, languageStyle='LTR', name='question_text', opacity=1.0, ori=0, pos=array([0. , 0.3]), rgb=UNKNOWN, text='When did you see this object?', units='height', win=Window(...), wrapWidth=1)
15.9260 	EXP 	Created decisionQ_2 = TextStim(__class__=<class 'psychopy.visual.text.TextStim'>, alignHoriz=method-wrapper(...), alignText='center', alignVert=method-wrapper(...), anchorHoriz='center', anchorVert='center', antialias=True, autoDraw=False, autoLog=True, bold=False, color=array([1, 1, 1]), colorSpace='rgb', contrast=1.0, depth=-1.0, flipHoriz=False, flipVert=False, font='Arial', fontFiles=[], height=0.03, italic=False, languageStyle='LTR', name='decisionQ_2', opacity=1.0, ori=0, pos=array([0. , 0.3]), rgb=UNKNOWN, text='When did you see this object?', units='height', win=Window(...), wrapWidth=1)
15.9268 	EXP 	Created first_left = Rect(__class__=<class 'psychopy.visual.rect.Rect'>, anchor=('center', 'center'), autoDraw=False, autoLog=True, closeShape=True, color=method-wrapper(...), colorSpace='rgb', contrast=None, depth=-2.0, fillColor=array([1, 1, 1]), fillColorSpace='rgb', fillRGB=array([1, 1, 1]), interpolate=True, lineColor=array([1, 1, 1]), lineColorSpace='rgb', lineRGB=array([1, 1, 1]), lineWidth=3, name='first_left', opacity=0.5, ori=0.0, pos=array([0. , 0.1]), size=array([0.15, 0.15]), units='height', vertices=ndarray(...), win=Window(...))
15.9274 	EXP 	Created second_middle = Rect(__class__=<class 'psychopy.visual.rect.Rect'>, anchor=('center', 'center'), autoDraw=False, autoLog=True, closeShape=True, color=method-wrapper(...), colorSpace='rgb', contrast=None, depth=-3.0, fillColor=array([1, 1, 1]), fillColorSpace='rgb', fillRGB=array([1, 1, 1]), interpolate=True, lineColor=array([1, 1, 1]), lineColorSpace='rgb', lineRGB=array([1, 1, 1]), lineWidth=3, name='second_middle', opacity=0.5, ori=0.0, pos=array([ 0. , -0.1]), size=array([0.15, 0.15]), units='height', vertices=ndarray(...), win=Window(...))
15.9281 	EXP 	Created third_right = Rect(__class__=<class 'psychopy.visual.rect.Rect'>, anchor=('center', 'center'), autoDraw=False, autoLog=True, closeShape=True, color=method-wrapper(...), colorSpace='rgb', contrast=None, depth=-4.0, fillColor=array([1, 1, 1]), fillColorSpace='rgb', fillRGB=array([1, 1, 1]), interpolate=True, lineColor=array([1, 1, 1]), lineColorSpace='rgb', lineRGB=array([1, 1, 1]), lineWidth=3, name='third_right', opacity=0.5, ori=0.0, pos=array([ 0. , -0.3]), size=array([0.15, 0.15]), units='height', vertices=ndarray(...), win=Window(...))
15.9302 	EXP 	Created First = TextStim(__class__=<class 'psychopy.visual.text.TextStim'>, alignHoriz=method-wrapper(...), alignText='center', alignVert=method-wrapper(...), anchorHoriz='center', anchorVert='center', antialias=True, autoDraw=False, autoLog=True, bold=False, color=array([1, 1, 1]), colorSpace='rgb', contrast=1.0, depth=-5.0, flipHoriz=False, flipVert=False, font='Arial', fontFiles=[], height=0.03, italic=False, languageStyle='LTR', name='First', opacity=1.0, ori=0, pos=array([0. , 0.1]), rgb=UNKNOWN, text='First', units='height', win=Window(...), wrapWidth=1)
15.9327 	EXP 	Created Second = TextStim(__class__=<class 'psychopy.visual.text.TextStim'>, alignHoriz=method-wrapper(...), alignText='center', alignVert=method-wrapper(...), anchorHoriz='center', anchorVert='center', antialias=True, autoDraw=False, autoLog=True, bold=False, color=array([1, 1, 1]), colorSpace='rgb', contrast=1.0, depth=-6.0, flipHoriz=False, flipVert=False, font='Arial', fontFiles=[], height=0.03, italic=False, languageStyle='LTR', name='Second', opacity=1.0, ori=0, pos=array([ 0. , -0.1]), rgb=UNKNOWN, text='Second', units='height', win=Window(...), wrapWidth=1)
15.9347 	EXP 	Created Third = TextStim(__class__=<class 'psychopy.visual.text.TextStim'>, alignHoriz=method-wrapper(...), alignText='center', alignVert=method-wrapper(...), anchorHoriz='center', anchorVert='center', antialias=True, autoDraw=False, autoLog=True, bold=False, color=array([1, 1, 1]), colorSpace='rgb', contrast=1.0, depth=-7.0, flipHoriz=False, flipVert=False, font='Arial', fontFiles=[], height=0.03, italic=False, languageStyle='LTR', name='Third', opacity=1.0, ori=0, pos=array([ 0. , -0.3]), rgb=UNKNOWN, text='Third', units='height', win=Window(...), wrapWidth=1)
15.9348 	EXP 	window1: mouseVisible = True
15.9352 	EXP 	Sound clickedSound set volume 1.000
15.9380 	EXP 	Created end = TextStim(__class__=<class 'psychopy.visual.text.TextStim'>, alignHoriz=method-wrapper(...), alignText='center', alignVert=method-wrapper(...), anchorHoriz='center', anchorVert='center', antialias=True, autoDraw=False, autoLog=True, bold=False, color=array([1, 1, 1]), colorSpace='rgb', contrast=1.0, depth=0.0, flipHoriz=False, flipVert=False, font='Arial', fontFiles=[], height=0.03, italic=False, languageStyle='LTR', name='end', opacity=1.0, ori=0, pos=array([0., 0.]), rgb=UNKNOWN, text=str(...), units='height', win=Window(...), wrapWidth=1)
15.9418 	EXP 	Instructions: autoDraw = True
16.3796 	EXP 	Created sequence: random, trialTypes=1, nReps=2, seed=None
16.3797 	EXP 	New trial (rep=0, index=0): None
16.5058 	DATA 	Keypress: space
16.6140 	EXP 	Instructions: autoDraw = False
16.6140 	EXP 	fix: autoDraw = True
18.5119 	EXP 	Sound sound_pop started
18.5032 	EXP 	fix: autoDraw = False
18.5032 	EXP 	fix: autoDraw = False
18.5032 	EXP 	Triplet1: image = 'images/OBJ_52.png'
18.5032 	EXP 	Triplet2: image = 'images/OBJ_66.png'
18.5032 	EXP 	Triplet3: image = 'images/OBJ_37.png'
18.5032 	EXP 	Triplet1: autoDraw = True
18.8790 	EXP 	Sound sound_pop reached end of file
20.0120 	EXP 	Triplet1: autoDraw = False
20.4947 	EXP 	Sound sound_pop2 started
20.4947 	EXP 	Triplet2: autoDraw = True
20.8598 	EXP 	Sound sound_pop2 reached end of file
21.9942 	EXP 	Triplet2: autoDraw = False
22.4946 	EXP 	Sound sound_pop3 started
22.4942 	EXP 	Triplet3: autoDraw = True
22.8589 	EXP 	Sound sound_pop3 reached end of file
23.9937 	EXP 	Triplet3: autoDraw = False
23.9937 	EXP 	Triplet1: autoDraw = False
23.9937 	EXP 	Triplet2: autoDraw = False
23.9937 	EXP 	Triplet3: autoDraw = False
23.9937 	EXP 	Mask: autoDraw = True
25.6269 	EXP 	Sound sound_pop4 started
25.6200 	EXP 	Mask: autoDraw = False
25.6200 	EXP 	Mask: autoDraw = False
25.6200 	EXP 	img1: image = 'images/OBJ_52.png'
25.6200 	EXP 	img2: image = 'images/OBJ_66.png'
25.6200 	EXP 	img3: image = 'images/OBJ_37.png'
25.6200 	EXP 	img1: autoDraw = True
25.9890 	EXP 	Sound sound_pop4 reached end of file
27.1265 	EXP 	img1: autoDraw = False
27.6098 	EXP 	Sound sound_pop5 started
27.6094 	EXP 	img2: autoDraw = True
27.9684 	EXP 	Sound sound_pop5 reached end of file
29.1088 	EXP 	img2: autoDraw = False
29.6092 	EXP 	Sound sound_pop6 started
29.6087 	EXP 	img3: autoDraw = True
29.9698 	EXP 	Sound sound_pop6 reached end of file
31.1083 	EXP 	img3: autoDraw = False
31.1083 	EXP 	img1: autoDraw = False
31.1083 	EXP 	img2: autoDraw = False
31.1083 	EXP 	img3: autoDraw = False
31.1083 	EXP 	text_2: autoDraw = True
32.1080 	EXP 	text_2: autoDraw = False
32.1080 	EXP 	text_2: autoDraw = False
32.1080 	EXP 	sameText: height = 0.03
32.1080 	EXP 	sameText: height = 0.03
32.1080 	EXP 	sameText: height = 0.03
32.1080 	EXP 	sameText: text = 'Same'
32.1080 	EXP 	diffText: height = 0.03
32.1080 	EXP 	diffText: height = 0.03
32.1080 	EXP 	diffText: height = 0.03
32.1080 	EXP 	diffText: text = 'Different'
32.1080 	EXP 	text: autoDraw = True
32.1080 	EXP 	sameText: autoDraw = True
32.1080 	EXP 	diffText: autoDraw = True
32.1080 	EXP 	leftCL: autoDraw = True
32.1080 	EXP 	rightCL: autoDraw = True
33.4912 	DATA 	Mouse: Left button down, pos=(464,207)
33.5076 	EXP 	Sound clickedSound started
33.5081 	EXP 	text: autoDraw = False
33.5081 	EXP 	sameText: autoDraw = False
33.5081 	EXP 	diffText: autoDraw = False
33.5081 	EXP 	leftCL: autoDraw = False
33.5081 	EXP 	rightCL: autoDraw = False
33.6246 	DATA 	Mouse:  Left button up, pos=(464,207)
34.0103 	EXP 	Sound clickedSound stopped
34.0107 	EXP 	New trial (rep=1, index=0): None
34.2540 	EXP 	fix: autoDraw = True
36.0239 	EXP 	Sound sound_pop started
36.0242 	EXP 	fix: autoDraw = False
36.0242 	EXP 	fix: autoDraw = False
36.0242 	EXP 	Triplet1: image = 'images/OBJ_173.png'
36.0242 	EXP 	Triplet2: image = 'images/OBJ_208.png'
36.0242 	EXP 	Triplet3: image = 'images/OBJ_105.png'
36.0242 	EXP 	Triplet1: autoDraw = True
36.3987 	EXP 	Sound sound_pop reached end of file
37.5397 	EXP 	Triplet1: autoDraw = False
38.0229 	EXP 	Sound sound_pop2 started
38.0234 	EXP 	Triplet2: autoDraw = True
38.3833 	EXP 	Sound sound_pop2 reached end of file
39.5225 	EXP 	Triplet2: autoDraw = False
40.0228 	EXP 	Sound sound_pop3 started
40.0223 	EXP 	Triplet3: autoDraw = True
40.3812 	EXP 	Sound sound_pop3 reached end of file
41.5219 	EXP 	Triplet3: autoDraw = False
41.5219 	EXP 	Triplet1: autoDraw = False
41.5219 	EXP 	Triplet2: autoDraw = False
41.5219 	EXP 	Triplet3: autoDraw = False
41.5219 	EXP 	Mask: autoDraw = True
43.0714 	EXP 	Sound sound_pop4 started
43.0618 	EXP 	Mask: autoDraw = False
43.0618 	EXP 	Mask: autoDraw = False
43.0618 	EXP 	img1: image = 'images/OBJ_173.png'
43.0618 	EXP 	img2: image = 'images/OBJ_208.png'
43.0618 	EXP 	img3: image = 'images/OBJ_105.png'
43.0618 	EXP 	img1: autoDraw = True
43.4396 	EXP 	Sound sound_pop4 reached end of file
44.5715 	EXP 	img1: autoDraw = False
45.0542 	EXP 	Sound sound_pop5 started
45.0547 	EXP 	img2: autoDraw = True
45.4204 	EXP 	Sound sound_pop5 reached end of file
46.5538 	EXP 	img2: autoDraw = False
47.0536 	EXP 	Sound sound_pop6 started
47.0541 	EXP 	img3: autoDraw = True
47.4196 	EXP 	Sound sound_pop6 reached end of file
48.5532 	EXP 	img3: autoDraw = False
48.5532 	EXP 	img1: autoDraw = False
48.5532 	EXP 	img2: autoDraw = False
48.5532 	EXP 	img3: autoDraw = False
48.5532 	EXP 	text_2: autoDraw = True
49.5534 	EXP 	text_2: autoDraw = False
49.5534 	EXP 	text_2: autoDraw = False
49.5534 	EXP 	sameText: text = 'Same'
49.5534 	EXP 	diffText: text = 'Different'
49.5534 	EXP 	text: autoDraw = True
49.5534 	EXP 	sameText: autoDraw = True
49.5534 	EXP 	diffText: autoDraw = True
49.5534 	EXP 	leftCL: autoDraw = True
49.5534 	EXP 	rightCL: autoDraw = True
49.9364 	DATA 	Mouse: Left button down, pos=(464,207)
49.9528 	EXP 	Sound clickedSound started
49.9528 	EXP 	text: autoDraw = False
49.9528 	EXP 	sameText: autoDraw = False
49.9528 	EXP 	diffText: autoDraw = False
49.9528 	EXP 	leftCL: autoDraw = False
49.9528 	EXP 	rightCL: autoDraw = False
50.0698 	DATA 	Mouse:  Left button up, pos=(464,207)
50.4602 	EXP 	Sound clickedSound stopped
50.4609 	EXP 	Created sequence: random, trialTypes=1, nReps=2, seed=None
50.4610 	EXP 	New trial (rep=0, index=0): None
50.7530 	EXP 	Sound sound_pop7 started
50.7432 	EXP 	retIMG: image = 'images/OBJ_208.png'
50.7432 	EXP 	retIMG: autoDraw = True
51.1204 	EXP 	Sound sound_pop7 reached end of file
52.2521 	EXP 	retIMG: autoDraw = False
52.2521 	EXP 	retIMG: autoDraw = False
52.2521 	EXP 	question_text: autoDraw = True
53.2518 	EXP 	question_text: autoDraw = False
53.2518 	EXP 	question_text: autoDraw = False
53.2518 	EXP 	decisionQ_2: autoDraw = True
54.2183 	EXP 	first_left: autoDraw = True
54.2183 	EXP 	second_middle: autoDraw = True
54.2183 	EXP 	third_right: autoDraw = True
54.2183 	EXP 	First: autoDraw = True
54.2183 	EXP 	Second: autoDraw = True
54.2183 	EXP 	Third: autoDraw = True
54.5350 	DATA 	Mouse: Left button down, pos=(608,392)
54.5515 	EXP 	Sound clickedSound started
54.5515 	EXP 	decisionQ_2: autoDraw = False
54.5515 	EXP 	first_left: autoDraw = False
54.5515 	EXP 	second_middle: autoDraw = False
54.5515 	EXP 	third_right: autoDraw = False
54.5515 	EXP 	First: autoDraw = False
54.5515 	EXP 	Second: autoDraw = False
54.5515 	EXP 	Third: autoDraw = False
54.6686 	DATA 	Mouse:  Left button up, pos=(609,392)
55.0598 	EXP 	Sound clickedSound stopped
55.0601 	EXP 	New trial (rep=1, index=0): None
55.3179 	EXP 	Sound sound_pop7 started
55.3147 	EXP 	retIMG: image = 'images/OBJ_173.png'
55.3147 	EXP 	retIMG: autoDraw = True
55.6792 	EXP 	Sound sound_pop7 reached end of file
56.8180 	EXP 	retIMG: autoDraw = False
56.8180 	EXP 	retIMG: autoDraw = False
56.8180 	EXP 	question_text: autoDraw = True
57.8172 	EXP 	question_text: autoDraw = False
57.8172 	EXP 	question_text: autoDraw = False
57.8172 	EXP 	decisionQ_2: autoDraw = True
58.7836 	EXP 	first_left: autoDraw = True
58.7836 	EXP 	second_middle: autoDraw = True
58.7836 	EXP 	third_right: autoDraw = True
58.7836 	EXP 	First: autoDraw = True
58.7836 	EXP 	Second: autoDraw = True
58.7836 	EXP 	Third: autoDraw = True
59.0842 	DATA 	Mouse: Left button down, pos=(625,227)
59.1006 	EXP 	Sound clickedSound started
59.1002 	EXP 	decisionQ_2: autoDraw = False
59.1002 	EXP 	first_left: autoDraw = False
59.1002 	EXP 	second_middle: autoDraw = False
59.1002 	EXP 	third_right: autoDraw = False
59.1002 	EXP 	First: autoDraw = False
59.1002 	EXP 	Second: autoDraw = False
59.1002 	EXP 	Third: autoDraw = False
59.2509 	DATA 	Mouse:  Left button up, pos=(625,227)
59.6003 	EXP 	Sound clickedSound stopped
59.6039 	EXP 	BlockBreak: autoDraw = True
60.9334 	EXP 	Created sequence: random, trialTypes=1, nReps=3, seed=None
60.9335 	EXP 	New trial (rep=0, index=0): None
61.0639 	DATA 	Keypress: space
61.1674 	EXP 	BlockBreak: autoDraw = False
61.1674 	EXP 	text_4: autoDraw = False
61.1674 	EXP 	fix: autoDraw = True
62.7324 	EXP 	Sound sound_pop started
62.7284 	EXP 	fix: autoDraw = False
62.7284 	EXP 	fix: autoDraw = False
62.7284 	EXP 	Triplet1: image = 'images/OBJ_16.png'
62.7284 	EXP 	Triplet2: image = 'images/OBJ_103.png'
62.7284 	EXP 	Triplet3: image = 'images/OBJ_149.png'
62.7284 	EXP 	Triplet1: autoDraw = True
63.1012 	EXP 	Sound sound_pop reached end of file
64.2320 	EXP 	Triplet1: autoDraw = False
64.7152 	EXP 	Sound sound_pop2 started
64.7152 	EXP 	Triplet2: autoDraw = True
65.0800 	EXP 	Sound sound_pop2 reached end of file
66.2152 	EXP 	Triplet2: autoDraw = False
66.7146 	EXP 	Sound sound_pop3 started
66.7146 	EXP 	Triplet3: autoDraw = True
67.0812 	EXP 	Sound sound_pop3 reached end of file
68.2142 	EXP 	Triplet3: autoDraw = False
68.2142 	EXP 	Triplet1: autoDraw = False
68.2142 	EXP 	Triplet2: autoDraw = False
68.2142 	EXP 	Triplet3: autoDraw = False
68.2142 	EXP 	Mask: autoDraw = True
69.7636 	EXP 	Sound sound_pop4 started
69.7548 	EXP 	Mask: autoDraw = False
69.7548 	EXP 	Mask: autoDraw = False
69.7548 	EXP 	img1: image = 'images/OBJ_16.png'
69.7548 	EXP 	img2: image = 'images/OBJ_149.png'
69.7548 	EXP 	img3: image = 'images/OBJ_103.png'
69.7548 	EXP 	img1: autoDraw = True
70.1298 	EXP 	Sound sound_pop4 reached end of file
71.2632 	EXP 	img1: autoDraw = False
71.7468 	EXP 	Sound sound_pop5 started
71.7464 	EXP 	img2: autoDraw = True
72.1108 	EXP 	Sound sound_pop5 reached end of file
73.2460 	EXP 	img2: autoDraw = False
73.7463 	EXP 	Sound sound_pop6 started
73.7459 	EXP 	img3: autoDraw = True
74.1100 	EXP 	Sound sound_pop6 reached end of file
75.2454 	EXP 	img3: autoDraw = False
75.2454 	EXP 	img1: autoDraw = False
75.2454 	EXP 	img2: autoDraw = False
75.2454 	EXP 	img3: autoDraw = False
75.2454 	EXP 	text_2: autoDraw = True
76.2452 	EXP 	text_2: autoDraw = False
76.2452 	EXP 	text_2: autoDraw = False
76.2452 	EXP 	sameText: text = 'Same'
76.2452 	EXP 	diffText: text = 'Different'
76.2452 	EXP 	text: autoDraw = True
76.2452 	EXP 	sameText: autoDraw = True
76.2452 	EXP 	diffText: autoDraw = True
76.2452 	EXP 	leftCL: autoDraw = True
76.2452 	EXP 	rightCL: autoDraw = True
77.0285 	DATA 	Mouse: Left button down, pos=(748,210)
77.0449 	EXP 	Sound clickedSound started
77.0449 	EXP 	text: autoDraw = False
77.0449 	EXP 	sameText: autoDraw = False
77.0449 	EXP 	diffText: autoDraw = False
77.0449 	EXP 	leftCL: autoDraw = False
77.0449 	EXP 	rightCL: autoDraw = False
77.1953 	DATA 	Mouse:  Left button up, pos=(748,210)
77.5500 	EXP 	Sound clickedSound stopped
77.5504 	EXP 	New trial (rep=1, index=0): None
77.7967 	EXP 	fix: autoDraw = True
79.3609 	EXP 	Sound sound_pop started
79.3633 	EXP 	fix: autoDraw = False
79.3633 	EXP 	fix: autoDraw = False
79.3633 	EXP 	Triplet1: image = 'images/OBJ_100.png'
79.3633 	EXP 	Triplet2: image = 'images/OBJ_43.png'
79.3633 	EXP 	Triplet3: image = 'images/OBJ_155.png'
79.3633 	EXP 	Triplet1: autoDraw = True
79.7304 	EXP 	Sound sound_pop reached end of file
80.8776 	EXP 	Triplet1: autoDraw = False
81.3603 	EXP 	Sound sound_pop2 started
81.3603 	EXP 	Triplet2: autoDraw = True
81.7215 	EXP 	Sound sound_pop2 reached end of file
82.8603 	EXP 	Triplet2: autoDraw = False
83.3597 	EXP 	Sound sound_pop3 started
83.3603 	EXP 	Triplet3: autoDraw = True
83.7207 	EXP 	Sound sound_pop3 reached end of file
84.8597 	EXP 	Triplet3: autoDraw = False
84.8597 	EXP 	Triplet1: autoDraw = False
84.8597 	EXP 	Triplet2: autoDraw = False
84.8597 	EXP 	Triplet3: autoDraw = False
84.8597 	EXP 	Mask: autoDraw = True
86.4092 	EXP 	Sound sound_pop4 started
86.4043 	EXP 	Mask: autoDraw = False
86.4043 	EXP 	Mask: autoDraw = False
86.4043 	EXP 	img1: image = 'images/OBJ_155.png'
86.4043 	EXP 	img2: image = 'images/OBJ_43.png'
86.4043 	EXP 	img3: image = 'images/OBJ_100.png'
86.4043 	EXP 	img1: autoDraw = True
86.7815 	EXP 	Sound sound_pop4 reached end of file
87.9084 	EXP 	img1: autoDraw = False
88.3921 	EXP 	Sound sound_pop5 started
88.3917 	EXP 	img2: autoDraw = True
88.7505 	EXP 	Sound sound_pop5 reached end of file
89.8917 	EXP 	img2: autoDraw = False
90.3910 	EXP 	Sound sound_pop6 started
90.3910 	EXP 	img3: autoDraw = True
90.7513 	EXP 	Sound sound_pop6 reached end of file
91.8906 	EXP 	img3: autoDraw = False
91.8906 	EXP 	img1: autoDraw = False
91.8906 	EXP 	img2: autoDraw = False
91.8906 	EXP 	img3: autoDraw = False
91.8906 	EXP 	text_2: autoDraw = True
92.8903 	EXP 	text_2: autoDraw = False
92.8903 	EXP 	text_2: autoDraw = False
92.8903 	EXP 	sameText: text = 'Same'
92.8903 	EXP 	diffText: text = 'Different'
92.8903 	EXP 	text: autoDraw = True
92.8903 	EXP 	sameText: autoDraw = True
92.8903 	EXP 	diffText: autoDraw = True
92.8903 	EXP 	leftCL: autoDraw = True
92.8903 	EXP 	rightCL: autoDraw = True
93.4572 	DATA 	Mouse: Left button down, pos=(455,172)
93.4735 	EXP 	Sound clickedSound started
93.4735 	EXP 	text: autoDraw = False
93.4735 	EXP 	sameText: autoDraw = False
93.4735 	EXP 	diffText: autoDraw = False
93.4735 	EXP 	leftCL: autoDraw = False
93.4735 	EXP 	rightCL: autoDraw = False
93.5905 	DATA 	Mouse:  Left button up, pos=(455,172)
93.9815 	EXP 	Sound clickedSound stopped
93.9818 	EXP 	New trial (rep=2, index=0): None
94.2102 	EXP 	fix: autoDraw = True
95.7728 	EXP 	Sound sound_pop started
95.7666 	EXP 	fix: autoDraw = False
95.7666 	EXP 	fix: autoDraw = False
95.7666 	EXP 	Triplet1: image = 'images/OBJ_92.png'
95.7666 	EXP 	Triplet2: image = 'images/OBJ_42.png'
95.7666 	EXP 	Triplet3: image = 'images/OBJ_65.png'
95.7666 	EXP 	Triplet1: autoDraw = True
96.1416 	EXP 	Sound sound_pop reached end of file
97.2723 	EXP 	Triplet1: autoDraw = False
97.7556 	EXP 	Sound sound_pop2 started
97.7560 	EXP 	Triplet2: autoDraw = True
98.1224 	EXP 	Sound sound_pop2 reached end of file
99.2551 	EXP 	Triplet2: autoDraw = False
99.7550 	EXP 	Sound sound_pop3 started
99.7550 	EXP 	Triplet3: autoDraw = True
100.1216 	EXP 	Sound sound_pop3 reached end of file
101.2545 	EXP 	Triplet3: autoDraw = False
101.2545 	EXP 	Triplet1: autoDraw = False
101.2545 	EXP 	Triplet2: autoDraw = False
101.2545 	EXP 	Triplet3: autoDraw = False
101.2545 	EXP 	Mask: autoDraw = True
102.8040 	EXP 	Sound sound_pop4 started
102.7938 	EXP 	Mask: autoDraw = False
102.7938 	EXP 	Mask: autoDraw = False
102.7938 	EXP 	img1: image = 'images/OBJ_65.png'
102.7938 	EXP 	img2: image = 'images/OBJ_42.png'
102.7938 	EXP 	img3: image = 'images/OBJ_92.png'
102.7938 	EXP 	img1: autoDraw = True
103.1644 	EXP 	Sound sound_pop4 reached end of file
104.3036 	EXP 	img1: autoDraw = False
104.7873 	EXP 	Sound sound_pop5 started
104.7869 	EXP 	img2: autoDraw = True
105.1457 	EXP 	Sound sound_pop5 reached end of file
106.2865 	EXP 	img2: autoDraw = False
106.7866 	EXP 	Sound sound_pop6 started
106.7863 	EXP 	img3: autoDraw = True
107.1524 	EXP 	Sound sound_pop6 reached end of file
108.2858 	EXP 	img3: autoDraw = False
108.2858 	EXP 	img1: autoDraw = False
108.2858 	EXP 	img2: autoDraw = False
108.2858 	EXP 	img3: autoDraw = False
108.2858 	EXP 	text_2: autoDraw = True
109.2861 	EXP 	text_2: autoDraw = False
109.2861 	EXP 	text_2: autoDraw = False
109.2861 	EXP 	sameText: text = 'Same'
109.2861 	EXP 	diffText: text = 'Different'
109.2861 	EXP 	text: autoDraw = True
109.2861 	EXP 	sameText: autoDraw = True
109.2861 	EXP 	diffText: autoDraw = True
109.2861 	EXP 	leftCL: autoDraw = True
109.2861 	EXP 	rightCL: autoDraw = True
109.8023 	DATA 	Mouse: Left button down, pos=(909,273)
109.8188 	EXP 	Sound clickedSound started
109.8187 	EXP 	text: autoDraw = False
109.8187 	EXP 	sameText: autoDraw = False
109.8187 	EXP 	diffText: autoDraw = False
109.8187 	EXP 	leftCL: autoDraw = False
109.8187 	EXP 	rightCL: autoDraw = False
109.9691 	DATA 	Mouse:  Left button up, pos=(909,273)
110.3214 	EXP 	Sound clickedSound stopped
110.3220 	EXP 	Created sequence: random, trialTypes=1, nReps=2, seed=None
110.3221 	EXP 	New trial (rep=0, index=0): None
110.3523 	EXP 	Sound sound_pop7 started
110.3455 	EXP 	retIMG: image = 'images/OBJ_52.png'
110.3455 	EXP 	retIMG: autoDraw = True
110.7227 	EXP 	Sound sound_pop7 reached end of file
111.8519 	EXP 	retIMG: autoDraw = False
111.8519 	EXP 	retIMG: autoDraw = False
111.8519 	EXP 	question_text: autoDraw = True
112.8517 	EXP 	question_text: autoDraw = False
112.8517 	EXP 	question_text: autoDraw = False
112.8517 	EXP 	decisionQ_2: autoDraw = True
113.8343 	EXP 	first_left: autoDraw = True
113.8343 	EXP 	second_middle: autoDraw = True
113.8343 	EXP 	third_right: autoDraw = True
113.8343 	EXP 	First: autoDraw = True
113.8343 	EXP 	Second: autoDraw = True
113.8343 	EXP 	Third: autoDraw = True
114.2010 	DATA 	Mouse: Left button down, pos=(605,335)
114.2174 	EXP 	Sound clickedSound started
114.2175 	EXP 	decisionQ_2: autoDraw = False
114.2175 	EXP 	first_left: autoDraw = False
114.2175 	EXP 	second_middle: autoDraw = False
114.2175 	EXP 	third_right: autoDraw = False
114.2175 	EXP 	First: autoDraw = False
114.2175 	EXP 	Second: autoDraw = False
114.2175 	EXP 	Third: autoDraw = False
114.3512 	DATA 	Mouse:  Left button up, pos=(605,335)
114.7232 	EXP 	Sound clickedSound stopped
114.7337 	EXP 	New trial (rep=1, index=0): None
114.7673 	EXP 	Sound sound_pop7 started
114.7558 	EXP 	retIMG: image = 'images/OBJ_105.png'
114.7558 	EXP 	retIMG: autoDraw = True
115.1327 	EXP 	Sound sound_pop7 reached end of file
116.2669 	EXP 	retIMG: autoDraw = False
116.2669 	EXP 	retIMG: autoDraw = False
116.2669 	EXP 	question_text: autoDraw = True
117.2665 	EXP 	question_text: autoDraw = False
117.2665 	EXP 	question_text: autoDraw = False
117.2665 	EXP 	decisionQ_2: autoDraw = True
118.2496 	EXP 	first_left: autoDraw = True
118.2496 	EXP 	second_middle: autoDraw = True
118.2496 	EXP 	third_right: autoDraw = True
118.2496 	EXP 	First: autoDraw = True
118.2496 	EXP 	Second: autoDraw = True
118.2496 	EXP 	Third: autoDraw = True
118.5164 	DATA 	Mouse: Left button down, pos=(607,208)
118.5329 	EXP 	Sound clickedSound started
118.5328 	EXP 	decisionQ_2: autoDraw = False
118.5328 	EXP 	first_left: autoDraw = False
118.5328 	EXP 	second_middle: autoDraw = False
118.5328 	EXP 	third_right: autoDraw = False
118.5328 	EXP 	First: autoDraw = False
118.5328 	EXP 	Second: autoDraw = False
118.5328 	EXP 	Third: autoDraw = False
118.6831 	DATA 	Mouse:  Left button up, pos=(607,208)
119.0415 	EXP 	Sound clickedSound stopped
119.0529 	EXP 	end: autoDraw = True
124.0479 	EXP 	end: autoDraw = False
126.5890 	EXP 	window1: mouseVisible = True
126.5891 	EXP 	window1: mouseVisible = True
126.5891 	EXP 	window1: mouseVisible = True
126.5891 	EXP 	window1: mouseVisible = True
126.5892 	EXP 	window1: mouseVisible = True
126.5892 	EXP 	window1: mouseVisible = True
126.5892 	EXP 	window1: mouseVisible = True
126.5893 	EXP 	window1: mouseVisible = True
126.5893 	EXP 	window1: mouseVisible = True
126.5893 	EXP 	window1: mouseVisible = True
126.5894 	EXP 	window1: mouseVisible = True
126.5894 	EXP 	window1: mouseVisible = True
126.5894 	EXP 	window1: mouseVisible = True
126.5895 	EXP 	window1: mouseVisible = True
126.5895 	EXP 	window1: mouseVisible = True
126.5895 	EXP 	window1: mouseVisible = True
126.5896 	EXP 	window1: mouseVisible = True
126.5896 	EXP 	window1: mouseVisible = True
126.5896 	EXP 	window1: mouseVisible = True
126.5897 	EXP 	window1: mouseVisible = True
126.5897 	EXP 	window1: mouseVisible = True
126.5897 	EXP 	window1: mouseVisible = True
126.5897 	EXP 	window1: mouseVisible = True
126.5898 	EXP 	window1: mouseVisible = True
126.5898 	EXP 	window1: mouseVisible = True
126.5898 	EXP 	window1: mouseVisible = True
126.5899 	EXP 	window1: mouseVisible = True
126.5899 	EXP 	window1: mouseVisible = True
126.5899 	EXP 	window1: mouseVisible = True
126.5900 	EXP 	window1: mouseVisible = True
126.5900 	EXP 	window1: mouseVisible = True
126.5900 	EXP 	window1: mouseVisible = True
126.5900 	EXP 	window1: mouseVisible = True
126.5901 	EXP 	window1: mouseVisible = True
126.5901 	EXP 	window1: mouseVisible = True
126.5901 	EXP 	window1: mouseVisible = True
126.5902 	EXP 	window1: mouseVisible = True
126.5902 	EXP 	window1: mouseVisible = True
126.5902 	EXP 	window1: mouseVisible = True
126.5903 	EXP 	window1: mouseVisible = True
126.5903 	EXP 	window1: mouseVisible = True
126.5903 	EXP 	window1: mouseVisible = True
126.5903 	EXP 	window1: mouseVisible = True
126.5904 	EXP 	window1: mouseVisible = True
126.5904 	EXP 	window1: mouseVisible = True
126.5904 	EXP 	window1: mouseVisible = True
126.5905 	EXP 	window1: mouseVisible = True
126.5905 	EXP 	window1: mouseVisible = True
126.5905 	EXP 	window1: mouseVisible = True
126.5905 	EXP 	window1: mouseVisible = True
126.5906 	EXP 	window1: mouseVisible = True
126.5906 	EXP 	window1: mouseVisible = True
126.5906 	EXP 	window1: mouseVisible = True
126.5907 	EXP 	window1: mouseVisible = True
126.5907 	EXP 	window1: mouseVisible = True
126.5907 	EXP 	window1: mouseVisible = True
126.5907 	EXP 	window1: mouseVisible = True
126.5908 	EXP 	window1: mouseVisible = True
126.5908 	EXP 	window1: mouseVisible = True
126.5908 	EXP 	window1: mouseVisible = True
126.5909 	EXP 	window1: mouseVisible = True
126.5909 	EXP 	window1: mouseVisible = True
126.5909 	EXP 	window1: mouseVisible = True
126.5909 	EXP 	window1: mouseVisible = True
126.5910 	EXP 	window1: mouseVisible = True
126.5910 	EXP 	window1: mouseVisible = True
126.5910 	EXP 	window1: mouseVisible = True
126.5911 	EXP 	window1: mouseVisible = True
126.5911 	EXP 	window1: mouseVisible = True
126.5911 	EXP 	window1: mouseVisible = True
126.5911 	EXP 	window1: mouseVisible = True
126.5912 	EXP 	window1: mouseVisible = True
126.5912 	EXP 	window1: mouseVisible = True
126.5913 	EXP 	window1: mouseVisible = True
126.5913 	EXP 	window1: mouseVisible = True
126.5914 	EXP 	window1: mouseVisible = True
126.5914 	EXP 	window1: mouseVisible = True
126.5915 	EXP 	window1: mouseVisible = True
126.5915 	EXP 	window1: mouseVisible = True
126.5916 	EXP 	window1: mouseVisible = True
126.5916 	EXP 	window1: mouseVisible = True
126.5917 	EXP 	window1: mouseVisible = True
126.5917 	EXP 	window1: mouseVisible = True
126.5917 	EXP 	window1: mouseVisible = True
126.5918 	EXP 	window1: mouseVisible = True
126.5918 	EXP 	window1: mouseVisible = True
126.5918 	EXP 	window1: mouseVisible = True
126.5919 	EXP 	window1: mouseVisible = True
126.5919 	EXP 	window1: mouseVisible = True
126.5919 	EXP 	window1: mouseVisible = True
126.5920 	EXP 	window1: mouseVisible = True
126.5920 	EXP 	window1: mouseVisible = True
126.5920 	EXP 	window1: mouseVisible = True
126.5921 	EXP 	window1: mouseVisible = True
126.5921 	EXP 	window1: mouseVisible = True
126.5921 	EXP 	window1: mouseVisible = True
126.5921 	EXP 	window1: mouseVisible = True
126.5922 	EXP 	window1: mouseVisible = True
126.5922 	EXP 	window1: mouseVisible = True
126.5922 	EXP 	window1: mouseVisible = True
126.5923 	EXP 	window1: mouseVisible = True
126.5923 	EXP 	window1: mouseVisible = True
126.5923 	EXP 	window1: mouseVisible = True
126.5924 	EXP 	window1: mouseVisible = True
126.5924 	EXP 	window1: mouseVisible = True
126.5924 	EXP 	window1: mouseVisible = True
126.5925 	EXP 	window1: mouseVisible = True
126.5925 	EXP 	window1: mouseVisible = True
126.5925 	EXP 	window1: mouseVisible = True
126.5926 	EXP 	window1: mouseVisible = True
126.5926 	EXP 	window1: mouseVisible = True
126.5926 	EXP 	window1: mouseVisible = True
126.5927 	EXP 	window1: mouseVisible = True
126.5927 	EXP 	window1: mouseVisible = True
126.5927 	EXP 	window1: mouseVisible = True
126.5928 	EXP 	window1: mouseVisible = True
126.5928 	EXP 	window1: mouseVisible = True
126.5928 	EXP 	window1: mouseVisible = True
126.5929 	EXP 	window1: mouseVisible = True
126.5929 	EXP 	window1: mouseVisible = True
126.5929 	EXP 	window1: mouseVisible = True
126.5929 	EXP 	window1: mouseVisible = True
126.5930 	EXP 	window1: mouseVisible = True
126.5930 	EXP 	window1: mouseVisible = True
126.5930 	EXP 	window1: mouseVisible = True
126.5931 	EXP 	window1: mouseVisible = True
126.5931 	EXP 	window1: mouseVisible = True
126.5931 	EXP 	window1: mouseVisible = True
126.5931 	EXP 	window1: mouseVisible = True
126.5932 	EXP 	window1: mouseVisible = True
126.5932 	EXP 	window1: mouseVisible = True
126.5932 	EXP 	window1: mouseVisible = True
126.5933 	EXP 	window1: mouseVisible = True
126.5933 	EXP 	window1: mouseVisible = True
126.5933 	EXP 	window1: mouseVisible = True
126.5934 	EXP 	window1: mouseVisible = True
126.5934 	EXP 	window1: mouseVisible = True
126.5934 	EXP 	window1: mouseVisible = True
126.5934 	EXP 	window1: mouseVisible = True
126.5935 	EXP 	window1: mouseVisible = True
126.5935 	EXP 	window1: mouseVisible = True
126.5935 	EXP 	window1: mouseVisible = True
126.5936 	EXP 	window1: mouseVisible = True
126.5936 	EXP 	window1: mouseVisible = True
126.5936 	EXP 	window1: mouseVisible = True
126.5937 	EXP 	window1: mouseVisible = True
126.5937 	EXP 	window1: mouseVisible = True
126.5937 	EXP 	window1: mouseVisible = True
126.5937 	EXP 	window1: mouseVisible = True
126.5938 	EXP 	window1: mouseVisible = True
126.5938 	EXP 	window1: mouseVisible = True
126.5938 	EXP 	window1: mouseVisible = True
126.5939 	EXP 	window1: mouseVisible = True
126.5939 	EXP 	window1: mouseVisible = True
126.5939 	EXP 	window1: mouseVisible = True
126.5939 	EXP 	window1: mouseVisible = True
126.5940 	EXP 	window1: mouseVisible = True
126.5940 	EXP 	window1: mouseVisible = True
126.5940 	EXP 	window1: mouseVisible = True
126.5941 	EXP 	window1: mouseVisible = True
126.5941 	EXP 	window1: mouseVisible = True
126.5941 	EXP 	window1: mouseVisible = True
126.5942 	EXP 	window1: mouseVisible = True
126.5942 	EXP 	window1: mouseVisible = True
126.5942 	EXP 	window1: mouseVisible = True
126.5942 	EXP 	window1: mouseVisible = True
126.5943 	EXP 	window1: mouseVisible = True
126.5943 	EXP 	window1: mouseVisible = True
126.5943 	EXP 	window1: mouseVisible = True
126.5944 	EXP 	window1: mouseVisible = True
126.5944 	EXP 	window1: mouseVisible = True
126.5944 	EXP 	window1: mouseVisible = True
126.5945 	EXP 	window1: mouseVisible = True
126.5945 	EXP 	window1: mouseVisible = True
126.5945 	EXP 	window1: mouseVisible = True
126.5945 	EXP 	window1: mouseVisible = True
126.5946 	EXP 	window1: mouseVisible = True
126.5946 	EXP 	window1: mouseVisible = True
126.5946 	EXP 	window1: mouseVisible = True
126.5947 	EXP 	window1: mouseVisible = True
126.5947 	EXP 	window1: mouseVisible = True
126.5947 	EXP 	window1: mouseVisible = True
126.5947 	EXP 	window1: mouseVisible = True
126.5948 	EXP 	window1: mouseVisible = True
126.5948 	EXP 	window1: mouseVisible = True
126.5948 	EXP 	window1: mouseVisible = True
126.5949 	EXP 	window1: mouseVisible = True
126.5949 	EXP 	window1: mouseVisible = True
126.5949 	EXP 	window1: mouseVisible = True
126.5950 	EXP 	window1: mouseVisible = True
126.5950 	EXP 	window1: mouseVisible = True
126.5950 	EXP 	window1: mouseVisible = True
126.5951 	EXP 	window1: mouseVisible = True
126.5951 	EXP 	window1: mouseVisible = True
126.5951 	EXP 	window1: mouseVisible = True
126.5952 	EXP 	window1: mouseVisible = True
126.5952 	EXP 	window1: mouseVisible = True
126.5952 	EXP 	window1: mouseVisible = True
126.5953 	EXP 	window1: mouseVisible = True
126.5953 	EXP 	window1: mouseVisible = True
126.5953 	EXP 	window1: mouseVisible = True
126.5954 	EXP 	window1: mouseVisible = True
126.5954 	EXP 	window1: mouseVisible = True
126.5954 	EXP 	window1: mouseVisible = True
126.5955 	EXP 	window1: mouseVisible = True
126.5955 	EXP 	window1: mouseVisible = True
126.5955 	EXP 	window1: mouseVisible = True
126.5956 	EXP 	window1: mouseVisible = True
126.5956 	EXP 	window1: mouseVisible = True
126.5956 	EXP 	window1: mouseVisible = True
126.5957 	EXP 	window1: mouseVisible = True
126.5957 	EXP 	window1: mouseVisible = True
126.5957 	EXP 	window1: mouseVisible = True
126.5958 	EXP 	window1: mouseVisible = True
126.5958 	EXP 	window1: mouseVisible = True
126.5959 	EXP 	window1: mouseVisible = True
126.5959 	EXP 	window1: mouseVisible = True
126.5959 	EXP 	window1: mouseVisible = True
126.5960 	EXP 	window1: mouseVisible = True
126.5960 	EXP 	window1: mouseVisible = True
126.5960 	EXP 	window1: mouseVisible = True
126.5961 	EXP 	window1: mouseVisible = True
126.5961 	EXP 	window1: mouseVisible = True
126.5961 	EXP 	window1: mouseVisible = True
126.5961 	EXP 	window1: mouseVisible = True
126.5962 	EXP 	window1: mouseVisible = True
126.5962 	EXP 	window1: mouseVisible = True
126.5962 	EXP 	window1: mouseVisible = True
126.5963 	EXP 	window1: mouseVisible = True
126.5963 	EXP 	window1: mouseVisible = True
126.5964 	EXP 	window1: mouseVisible = True
126.5964 	EXP 	window1: mouseVisible = True
126.5964 	EXP 	window1: mouseVisible = True
126.5964 	EXP 	window1: mouseVisible = True
126.5965 	EXP 	window1: mouseVisible = True
126.5965 	EXP 	window1: mouseVisible = True
126.5965 	EXP 	window1: mouseVisible = True
126.5966 	EXP 	window1: mouseVisible = True
126.5966 	EXP 	window1: mouseVisible = True
126.5966 	EXP 	window1: mouseVisible = True
126.5967 	EXP 	window1: mouseVisible = True
126.5967 	EXP 	window1: mouseVisible = True
126.5967 	EXP 	window1: mouseVisible = True
126.5967 	EXP 	window1: mouseVisible = True
126.5968 	EXP 	window1: mouseVisible = True
126.5968 	EXP 	window1: mouseVisible = True
126.5968 	EXP 	window1: mouseVisible = True
126.5969 	EXP 	window1: mouseVisible = True
126.5969 	EXP 	window1: mouseVisible = True
126.5969 	EXP 	window1: mouseVisible = True
126.5970 	EXP 	window1: mouseVisible = True
126.5970 	EXP 	window1: mouseVisible = True
126.5970 	EXP 	window1: mouseVisible = True
126.5971 	EXP 	window1: mouseVisible = True
126.5971 	EXP 	window1: mouseVisible = True
126.5971 	EXP 	window1: mouseVisible = True
126.5971 	EXP 	window1: mouseVisible = True
126.5972 	EXP 	window1: mouseVisible = True
126.5972 	EXP 	window1: mouseVisible = True
126.5972 	EXP 	window1: mouseVisible = True
126.5973 	EXP 	window1: mouseVisible = True
126.5973 	EXP 	window1: mouseVisible = True
126.5973 	EXP 	window1: mouseVisible = True
126.5974 	EXP 	window1: mouseVisible = True
126.5974 	EXP 	window1: mouseVisible = True
126.5974 	EXP 	window1: mouseVisible = True
126.5975 	EXP 	window1: mouseVisible = True
126.5975 	EXP 	window1: mouseVisible = True
126.5975 	EXP 	window1: mouseVisible = True
126.5975 	EXP 	window1: mouseVisible = True
126.5976 	EXP 	window1: mouseVisible = True
126.5976 	EXP 	window1: mouseVisible = True
126.5976 	EXP 	window1: mouseVisible = True
126.5977 	EXP 	window1: mouseVisible = True
126.5977 	EXP 	window1: mouseVisible = True
126.5977 	EXP 	window1: mouseVisible = True
126.5978 	EXP 	window1: mouseVisible = True
126.5978 	EXP 	window1: mouseVisible = True
126.5978 	EXP 	window1: mouseVisible = True
126.5978 	EXP 	window1: mouseVisible = True
126.5979 	EXP 	window1: mouseVisible = True
126.5979 	EXP 	window1: mouseVisible = True
126.5979 	EXP 	window1: mouseVisible = True
126.5980 	EXP 	window1: mouseVisible = True
126.5980 	EXP 	window1: mouseVisible = True
126.5980 	EXP 	window1: mouseVisible = True
126.5981 	EXP 	window1: mouseVisible = True
126.5981 	EXP 	window1: mouseVisible = True
126.5981 	EXP 	window1: mouseVisible = True
126.5982 	EXP 	window1: mouseVisible = True
126.5982 	EXP 	window1: mouseVisible = True
126.5982 	EXP 	window1: mouseVisible = True
126.5982 	EXP 	window1: mouseVisible = True
126.5983 	EXP 	window1: mouseVisible = True
126.5983 	EXP 	window1: mouseVisible = True
126.5983 	EXP 	window1: mouseVisible = True
126.5984 	EXP 	window1: mouseVisible = True
126.5984 	EXP 	window1: mouseVisible = True
126.5984 	EXP 	window1: mouseVisible = True
126.5985 	EXP 	window1: mouseVisible = True
126.5985 	EXP 	window1: mouseVisible = True
126.5985 	EXP 	window1: mouseVisible = True
126.5986 	EXP 	window1: mouseVisible = True
126.5986 	EXP 	window1: mouseVisible = True
126.5986 	EXP 	window1: mouseVisible = True
126.5986 	EXP 	window1: mouseVisible = True
126.5987 	EXP 	window1: mouseVisible = True
126.5987 	EXP 	window1: mouseVisible = True
126.5987 	EXP 	window1: mouseVisible = True
126.5988 	EXP 	window1: mouseVisible = True
126.5988 	EXP 	window1: mouseVisible = True
126.5988 	EXP 	window1: mouseVisible = True
126.5989 	EXP 	window1: mouseVisible = True
126.5989 	EXP 	window1: mouseVisible = True
126.5989 	EXP 	window1: mouseVisible = True
126.5990 	EXP 	window1: mouseVisible = True
126.5990 	EXP 	window1: mouseVisible = True
126.5990 	EXP 	window1: mouseVisible = True
126.5990 	EXP 	window1: mouseVisible = True
126.5991 	EXP 	window1: mouseVisible = True
126.5991 	EXP 	window1: mouseVisible = True
126.5991 	EXP 	window1: mouseVisible = True
126.5992 	EXP 	window1: mouseVisible = True
126.5992 	EXP 	window1: mouseVisible = True
126.5992 	EXP 	window1: mouseVisible = True
126.5993 	EXP 	window1: mouseVisible = True
126.5993 	EXP 	window1: mouseVisible = True
126.5993 	EXP 	window1: mouseVisible = True
126.5993 	EXP 	window1: mouseVisible = True
126.5994 	EXP 	window1: mouseVisible = True
126.5994 	EXP 	window1: mouseVisible = True
126.5994 	EXP 	window1: mouseVisible = True
126.5995 	EXP 	window1: mouseVisible = True
126.5995 	EXP 	window1: mouseVisible = True
126.5995 	EXP 	window1: mouseVisible = True
126.5996 	EXP 	window1: mouseVisible = True
126.5996 	EXP 	window1: mouseVisible = True
126.5996 	EXP 	window1: mouseVisible = True
126.5996 	EXP 	window1: mouseVisible = True
126.5997 	EXP 	window1: mouseVisible = True
126.5997 	EXP 	window1: mouseVisible = True
126.5997 	EXP 	window1: mouseVisible = True
126.5998 	EXP 	window1: mouseVisible = True
126.5998 	EXP 	window1: mouseVisible = True
126.5998 	EXP 	window1: mouseVisible = True
126.5999 	EXP 	window1: mouseVisible = True
126.5999 	EXP 	window1: mouseVisible = True
126.5999 	EXP 	window1: mouseVisible = True
126.5999 	EXP 	window1: mouseVisible = True
126.6000 	EXP 	window1: mouseVisible = True
126.6000 	EXP 	window1: mouseVisible = True
126.6000 	EXP 	window1: mouseVisible = True
126.6001 	EXP 	window1: mouseVisible = True
126.6001 	EXP 	window1: mouseVisible = True
126.6001 	EXP 	window1: mouseVisible = True
126.6001 	EXP 	window1: mouseVisible = True
126.6002 	EXP 	window1: mouseVisible = True
126.6002 	EXP 	window1: mouseVisible = True
126.6002 	EXP 	window1: mouseVisible = True
126.6003 	EXP 	window1: mouseVisible = True
126.6003 	EXP 	window1: mouseVisible = True
126.6003 	EXP 	window1: mouseVisible = True
126.6004 	EXP 	window1: mouseVisible = True
126.6004 	EXP 	window1: mouseVisible = True
126.6004 	EXP 	window1: mouseVisible = True
126.6005 	EXP 	window1: mouseVisible = True
126.6005 	EXP 	window1: mouseVisible = True
126.6005 	EXP 	window1: mouseVisible = True
126.6005 	EXP 	window1: mouseVisible = True
126.6006 	EXP 	window1: mouseVisible = True
126.6006 	EXP 	window1: mouseVisible = True
126.6006 	EXP 	window1: mouseVisible = True
126.6007 	EXP 	window1: mouseVisible = True
126.6007 	EXP 	window1: mouseVisible = True
126.6007 	EXP 	window1: mouseVisible = True
126.6008 	EXP 	window1: mouseVisible = True
126.6008 	EXP 	window1: mouseVisible = True
126.6008 	EXP 	window1: mouseVisible = True
126.6008 	EXP 	window1: mouseVisible = True
126.6009 	EXP 	window1: mouseVisible = True
126.6009 	EXP 	window1: mouseVisible = True
126.6009 	EXP 	window1: mouseVisible = True
126.6010 	EXP 	window1: mouseVisible = True
126.6010 	EXP 	window1: mouseVisible = True
126.6010 	EXP 	window1: mouseVisible = True
126.6014 	EXP 	window1: mouseVisible = True
126.6015 	EXP 	window1: mouseVisible = True
126.6015 	EXP 	window1: mouseVisible = True
126.6015 	EXP 	window1: mouseVisible = True
126.6016 	EXP 	window1: mouseVisible = True
126.6016 	EXP 	window1: mouseVisible = True
126.6016 	EXP 	window1: mouseVisible = True
126.6017 	EXP 	window1: mouseVisible = True
126.6018 	EXP 	window1: mouseVisible = True
126.6019 	EXP 	window1: mouseVisible = True
126.6019 	EXP 	window1: mouseVisible = True
126.6019 	EXP 	window1: mouseVisible = True
126.6019 	EXP 	window1: mouseVisible = True
126.6020 	EXP 	window1: mouseVisible = True
126.6020 	EXP 	window1: mouseVisible = True
126.6020 	EXP 	window1: mouseVisible = True
126.6021 	EXP 	window1: mouseVisible = True
126.6021 	EXP 	window1: mouseVisible = True
126.6021 	EXP 	window1: mouseVisible = True
126.6022 	EXP 	window1: mouseVisible = True
126.6022 	EXP 	window1: mouseVisible = True
126.6022 	EXP 	window1: mouseVisible = True
126.6023 	EXP 	window1: mouseVisible = True
126.6023 	EXP 	window1: mouseVisible = True
126.6023 	EXP 	window1: mouseVisible = True
126.6023 	EXP 	window1: mouseVisible = True
126.6024 	EXP 	window1: mouseVisible = True
126.6024 	EXP 	window1: mouseVisible = True
126.6024 	EXP 	window1: mouseVisible = True
126.6025 	EXP 	window1: mouseVisible = True
126.6025 	EXP 	window1: mouseVisible = True
126.6025 	EXP 	window1: mouseVisible = True
126.6026 	EXP 	window1: mouseVisible = True
126.6026 	EXP 	window1: mouseVisible = True
126.6026 	EXP 	window1: mouseVisible = True
126.6027 	EXP 	window1: mouseVisible = True
126.6027 	EXP 	window1: mouseVisible = True
126.6027 	EXP 	window1: mouseVisible = True
126.6027 	EXP 	window1: mouseVisible = True
126.6028 	EXP 	window1: mouseVisible = True
126.6028 	EXP 	window1: mouseVisible = True
126.6028 	EXP 	window1: mouseVisible = True
126.6029 	EXP 	window1: mouseVisible = True
126.6029 	EXP 	window1: mouseVisible = True
126.6029 	EXP 	window1: mouseVisible = True
126.6030 	EXP 	window1: mouseVisible = True
126.6030 	EXP 	window1: mouseVisible = True
126.6030 	EXP 	window1: mouseVisible = True
126.6030 	EXP 	window1: mouseVisible = True
126.6031 	EXP 	window1: mouseVisible = True
126.6031 	EXP 	window1: mouseVisible = True
126.6031 	EXP 	window1: mouseVisible = True
126.6032 	EXP 	window1: mouseVisible = True
126.6032 	EXP 	window1: mouseVisible = True
126.6032 	EXP 	window1: mouseVisible = True
126.6033 	EXP 	window1: mouseVisible = True
126.6033 	EXP 	window1: mouseVisible = True
126.6033 	EXP 	window1: mouseVisible = True
126.6033 	EXP 	window1: mouseVisible = True
126.6034 	EXP 	window1: mouseVisible = True
126.6034 	EXP 	window1: mouseVisible = True
126.6034 	EXP 	window1: mouseVisible = True
126.6035 	EXP 	window1: mouseVisible = True
126.6035 	EXP 	window1: mouseVisible = True
126.6035 	EXP 	window1: mouseVisible = True
126.6036 	EXP 	window1: mouseVisible = True
126.6036 	EXP 	window1: mouseVisible = True
126.6036 	EXP 	window1: mouseVisible = True
126.6037 	EXP 	window1: mouseVisible = True
126.6037 	EXP 	window1: mouseVisible = True
126.6037 	EXP 	window1: mouseVisible = True
126.6037 	EXP 	window1: mouseVisible = True
126.6038 	EXP 	window1: mouseVisible = True
126.6038 	EXP 	window1: mouseVisible = True
126.6038 	EXP 	window1: mouseVisible = True
126.6039 	EXP 	window1: mouseVisible = True
126.6039 	EXP 	window1: mouseVisible = True
126.6039 	EXP 	window1: mouseVisible = True
126.6040 	EXP 	window1: mouseVisible = True
126.6040 	EXP 	window1: mouseVisible = True
126.6040 	EXP 	window1: mouseVisible = True
126.6041 	EXP 	window1: mouseVisible = True
126.6041 	EXP 	window1: mouseVisible = True
126.6041 	EXP 	window1: mouseVisible = True
126.6041 	EXP 	window1: mouseVisible = True
126.6042 	EXP 	window1: mouseVisible = True
126.6042 	EXP 	window1: mouseVisible = True
126.6042 	EXP 	window1: mouseVisible = True
126.6043 	EXP 	window1: mouseVisible = True
126.6043 	EXP 	window1: mouseVisible = True
126.6043 	EXP 	window1: mouseVisible = True
126.6044 	EXP 	window1: mouseVisible = True
126.6044 	EXP 	window1: mouseVisible = True
126.6044 	EXP 	window1: mouseVisible = True
126.6044 	EXP 	window1: mouseVisible = True
126.6045 	EXP 	window1: mouseVisible = True
126.6045 	EXP 	window1: mouseVisible = True
126.6045 	EXP 	window1: mouseVisible = True
126.6046 	EXP 	window1: mouseVisible = True
126.6046 	EXP 	window1: mouseVisible = True
126.6047 	EXP 	window1: mouseVisible = True
126.6047 	EXP 	window1: mouseVisible = True
126.6047 	EXP 	window1: mouseVisible = True
126.6048 	EXP 	window1: mouseVisible = True
126.6048 	EXP 	window1: mouseVisible = True
126.6048 	EXP 	window1: mouseVisible = True
126.6048 	EXP 	window1: mouseVisible = True
126.6049 	EXP 	window1: mouseVisible = True
126.6049 	EXP 	window1: mouseVisible = True
126.6049 	EXP 	window1: mouseVisible = True
126.6050 	EXP 	window1: mouseVisible = True
126.6050 	EXP 	window1: mouseVisible = True
126.6050 	EXP 	window1: mouseVisible = True
126.6051 	EXP 	window1: mouseVisible = True
126.6051 	EXP 	window1: mouseVisible = True
126.6051 	EXP 	window1: mouseVisible = True
126.6051 	EXP 	window1: mouseVisible = True
126.6052 	EXP 	window1: mouseVisible = True
126.6052 	EXP 	window1: mouseVisible = True
126.6052 	EXP 	window1: mouseVisible = True
126.6053 	EXP 	window1: mouseVisible = True
126.6053 	EXP 	window1: mouseVisible = True
126.6053 	EXP 	window1: mouseVisible = True
126.6054 	EXP 	window1: mouseVisible = True
126.6054 	EXP 	window1: mouseVisible = True
126.6054 	EXP 	window1: mouseVisible = True
126.6054 	EXP 	window1: mouseVisible = True
126.6055 	EXP 	window1: mouseVisible = True
126.6055 	EXP 	window1: mouseVisible = True
126.6055 	EXP 	window1: mouseVisible = True
126.6056 	EXP 	window1: mouseVisible = True
126.6056 	EXP 	window1: mouseVisible = True
126.6056 	EXP 	window1: mouseVisible = True
126.6057 	EXP 	window1: mouseVisible = True
126.6057 	EXP 	window1: mouseVisible = True
126.6057 	EXP 	window1: mouseVisible = True
126.6057 	EXP 	window1: mouseVisible = True
126.6058 	EXP 	window1: mouseVisible = True
126.6058 	EXP 	window1: mouseVisible = True
126.6058 	EXP 	window1: mouseVisible = True
126.6059 	EXP 	window1: mouseVisible = True
126.6059 	EXP 	window1: mouseVisible = True
126.6059 	EXP 	window1: mouseVisible = True
126.6060 	EXP 	window1: mouseVisible = True
126.6060 	EXP 	window1: mouseVisible = True
126.6060 	EXP 	window1: mouseVisible = True
126.6061 	EXP 	window1: mouseVisible = True
126.6061 	EXP 	window1: mouseVisible = True
126.6061 	EXP 	window1: mouseVisible = True
126.6062 	EXP 	window1: mouseVisible = True
126.6062 	EXP 	window1: mouseVisible = True
126.6062 	EXP 	window1: mouseVisible = True
126.6063 	EXP 	window1: mouseVisible = True
126.6063 	EXP 	window1: mouseVisible = True
126.6063 	EXP 	window1: mouseVisible = True
126.6064 	EXP 	window1: mouseVisible = True
126.6064 	EXP 	window1: mouseVisible = True
126.6064 	EXP 	window1: mouseVisible = True
126.6065 	EXP 	window1: mouseVisible = True
126.6065 	EXP 	window1: mouseVisible = True
126.6065 	EXP 	window1: mouseVisible = True
126.6066 	EXP 	window1: mouseVisible = True
126.6066 	EXP 	window1: mouseVisible = True
126.6066 	EXP 	window1: mouseVisible = True
126.6067 	EXP 	window1: mouseVisible = True
126.6067 	EXP 	window1: mouseVisible = True
126.6067 	EXP 	window1: mouseVisible = True
126.6068 	EXP 	window1: mouseVisible = True
126.6068 	EXP 	window1: mouseVisible = True
126.6068 	EXP 	window1: mouseVisible = True
126.6068 	EXP 	window1: mouseVisible = True
126.6069 	EXP 	window1: mouseVisible = True
126.6069 	EXP 	window1: mouseVisible = True
126.6069 	EXP 	window1: mouseVisible = True
126.6070 	EXP 	window1: mouseVisible = True
126.6070 	EXP 	window1: mouseVisible = True
126.6070 	EXP 	window1: mouseVisible = True
126.6071 	EXP 	window1: mouseVisible = True
126.6071 	EXP 	window1: mouseVisible = True
126.6071 	EXP 	window1: mouseVisible = True
126.6071 	EXP 	window1: mouseVisible = True
126.6072 	EXP 	window1: mouseVisible = True
126.6072 	EXP 	window1: mouseVisible = True
126.6072 	EXP 	window1: mouseVisible = True
126.6073 	EXP 	window1: mouseVisible = True
126.6073 	EXP 	window1: mouseVisible = True
126.6073 	EXP 	window1: mouseVisible = True
126.6074 	EXP 	window1: mouseVisible = True
126.6074 	EXP 	window1: mouseVisible = True
126.6074 	EXP 	window1: mouseVisible = True
126.6075 	EXP 	window1: mouseVisible = True
126.6075 	EXP 	window1: mouseVisible = True
126.6075 	EXP 	window1: mouseVisible = True
126.6075 	EXP 	window1: mouseVisible = True
126.6076 	EXP 	window1: mouseVisible = True
126.6076 	EXP 	window1: mouseVisible = True
126.6076 	EXP 	window1: mouseVisible = True
126.6077 	EXP 	window1: mouseVisible = True
126.6077 	EXP 	window1: mouseVisible = True
126.6077 	EXP 	window1: mouseVisible = True
126.6078 	EXP 	window1: mouseVisible = True
126.6078 	EXP 	window1: mouseVisible = True
126.6078 	EXP 	window1: mouseVisible = True
126.6079 	EXP 	window1: mouseVisible = True
126.6079 	EXP 	window1: mouseVisible = True
126.6079 	EXP 	window1: mouseVisible = True
126.6079 	EXP 	window1: mouseVisible = True
126.6080 	EXP 	window1: mouseVisible = True
126.6080 	EXP 	window1: mouseVisible = True
126.6080 	EXP 	window1: mouseVisible = True
126.6081 	EXP 	window1: mouseVisible = True
126.6081 	EXP 	window1: mouseVisible = True
126.6081 	EXP 	window1: mouseVisible = True
126.6082 	EXP 	window1: mouseVisible = True
126.6082 	EXP 	window1: mouseVisible = True
126.6082 	EXP 	window1: mouseVisible = True
126.6082 	EXP 	window1: mouseVisible = True
126.6083 	EXP 	window1: mouseVisible = True
126.6083 	EXP 	window1: mouseVisible = True
126.6083 	EXP 	window1: mouseVisible = True
126.6084 	EXP 	window1: mouseVisible = True
126.6084 	EXP 	window1: mouseVisible = True
126.6084 	EXP 	window1: mouseVisible = True
126.6085 	EXP 	window1: mouseVisible = True
126.6085 	EXP 	window1: mouseVisible = True
126.6085 	EXP 	window1: mouseVisible = True
126.6085 	EXP 	window1: mouseVisible = True
126.6086 	EXP 	window1: mouseVisible = True
126.6086 	EXP 	window1: mouseVisible = True
126.6086 	EXP 	window1: mouseVisible = True
126.6087 	EXP 	window1: mouseVisible = True
126.6087 	EXP 	window1: mouseVisible = True
126.6087 	EXP 	window1: mouseVisible = True
126.6088 	EXP 	window1: mouseVisible = True
126.6088 	EXP 	window1: mouseVisible = True
126.6088 	EXP 	window1: mouseVisible = True
126.6089 	EXP 	window1: mouseVisible = True
126.6089 	EXP 	window1: mouseVisible = True
126.6089 	EXP 	window1: mouseVisible = True
126.6089 	EXP 	window1: mouseVisible = True
126.6090 	EXP 	window1: mouseVisible = True
126.6090 	EXP 	window1: mouseVisible = True
126.6090 	EXP 	window1: mouseVisible = True
126.6091 	EXP 	window1: mouseVisible = True
126.6091 	EXP 	window1: mouseVisible = True
126.6091 	EXP 	window1: mouseVisible = True
126.6092 	EXP 	window1: mouseVisible = True
126.6092 	EXP 	window1: mouseVisible = True
126.6092 	EXP 	window1: mouseVisible = True
126.6092 	EXP 	window1: mouseVisible = True
126.6093 	EXP 	window1: mouseVisible = True
126.6093 	EXP 	window1: mouseVisible = True
126.6093 	EXP 	window1: mouseVisible = True
126.6094 	EXP 	window1: mouseVisible = True
126.6094 	EXP 	window1: mouseVisible = True
126.6094 	EXP 	window1: mouseVisible = True
126.6094 	EXP 	window1: mouseVisible = True
126.6095 	EXP 	window1: mouseVisible = True
126.6095 	EXP 	window1: mouseVisible = True
126.6095 	EXP 	window1: mouseVisible = True
126.6096 	EXP 	window1: mouseVisible = True
126.6096 	EXP 	window1: mouseVisible = True
126.6096 	EXP 	window1: mouseVisible = True
126.6097 	EXP 	window1: mouseVisible = True
126.6097 	EXP 	window1: mouseVisible = True
126.6097 	EXP 	window1: mouseVisible = True
126.6098 	EXP 	window1: mouseVisible = True
126.6098 	EXP 	window1: mouseVisible = True
126.6098 	EXP 	window1: mouseVisible = True
126.6098 	EXP 	window1: mouseVisible = True
126.6099 	EXP 	window1: mouseVisible = True
126.6099 	EXP 	window1: mouseVisible = True
126.6099 	EXP 	window1: mouseVisible = True
126.6100 	EXP 	window1: mouseVisible = True
126.6100 	EXP 	window1: mouseVisible = True
126.6100 	EXP 	window1: mouseVisible = True
126.6100 	EXP 	window1: mouseVisible = True
126.6101 	EXP 	window1: mouseVisible = True
126.6101 	EXP 	window1: mouseVisible = True
126.6101 	EXP 	window1: mouseVisible = True
126.6102 	EXP 	window1: mouseVisible = True
126.6102 	EXP 	window1: mouseVisible = True
126.6102 	EXP 	window1: mouseVisible = True
126.6103 	EXP 	window1: mouseVisible = True
126.6103 	EXP 	window1: mouseVisible = True
126.6103 	EXP 	window1: mouseVisible = True
126.6103 	EXP 	window1: mouseVisible = True
126.6104 	EXP 	window1: mouseVisible = True
126.6104 	EXP 	window1: mouseVisible = True
126.6104 	EXP 	window1: mouseVisible = True
126.6105 	EXP 	window1: mouseVisible = True
126.6105 	EXP 	window1: mouseVisible = True
126.6105 	EXP 	window1: mouseVisible = True
126.6106 	EXP 	window1: mouseVisible = True
126.6106 	EXP 	window1: mouseVisible = True
126.6106 	EXP 	window1: mouseVisible = True
126.6107 	EXP 	window1: mouseVisible = True
126.6107 	EXP 	window1: mouseVisible = True
126.6107 	EXP 	window1: mouseVisible = True
126.6107 	EXP 	window1: mouseVisible = True
126.6108 	EXP 	window1: mouseVisible = True
126.6108 	EXP 	window1: mouseVisible = True
126.6108 	EXP 	window1: mouseVisible = True
126.6109 	EXP 	window1: mouseVisible = True
126.6109 	EXP 	window1: mouseVisible = True
126.6109 	EXP 	window1: mouseVisible = True
126.6110 	EXP 	window1: mouseVisible = True
126.6110 	EXP 	window1: mouseVisible = True
126.6110 	EXP 	window1: mouseVisible = True
126.6110 	EXP 	window1: mouseVisible = True
126.6111 	EXP 	window1: mouseVisible = True
126.6111 	EXP 	window1: mouseVisible = True
126.6112 	EXP 	window1: mouseVisible = True
126.6112 	EXP 	window1: mouseVisible = True
126.6112 	EXP 	window1: mouseVisible = True
126.6113 	EXP 	window1: mouseVisible = True
126.6113 	EXP 	window1: mouseVisible = True
126.6113 	EXP 	window1: mouseVisible = True
126.6114 	EXP 	window1: mouseVisible = True
126.6114 	EXP 	window1: mouseVisible = True
126.6114 	EXP 	window1: mouseVisible = True
126.6114 	EXP 	window1: mouseVisible = True
126.6115 	EXP 	window1: mouseVisible = True
126.6115 	EXP 	window1: mouseVisible = True
126.6115 	EXP 	window1: mouseVisible = True
126.6116 	EXP 	window1: mouseVisible = True
126.6116 	EXP 	window1: mouseVisible = True
126.6116 	EXP 	window1: mouseVisible = True
126.6117 	EXP 	window1: mouseVisible = True
126.6117 	EXP 	window1: mouseVisible = True
126.6117 	EXP 	window1: mouseVisible = True
126.6117 	EXP 	window1: mouseVisible = True
126.6118 	EXP 	window1: mouseVisible = True
126.6118 	EXP 	window1: mouseVisible = True
126.6118 	EXP 	window1: mouseVisible = True
126.6119 	EXP 	window1: mouseVisible = True
126.6119 	EXP 	window1: mouseVisible = True
126.6119 	EXP 	window1: mouseVisible = True
126.6119 	EXP 	window1: mouseVisible = True
126.6120 	EXP 	window1: mouseVisible = True
126.6120 	EXP 	window1: mouseVisible = True
126.6120 	EXP 	window1: mouseVisible = True
126.6121 	EXP 	window1: mouseVisible = True
126.6121 	EXP 	window1: mouseVisible = True
126.6121 	EXP 	window1: mouseVisible = True
126.6122 	EXP 	window1: mouseVisible = True
126.6122 	EXP 	window1: mouseVisible = True
126.6122 	EXP 	window1: mouseVisible = True
126.6122 	EXP 	window1: mouseVisible = True
126.6123 	EXP 	window1: mouseVisible = True
126.6123 	EXP 	window1: mouseVisible = True
126.6123 	EXP 	window1: mouseVisible = True
126.6124 	EXP 	window1: mouseVisible = True
126.6124 	EXP 	window1: mouseVisible = True
126.6124 	EXP 	window1: mouseVisible = True
126.6125 	EXP 	window1: mouseVisible = True
126.6125 	EXP 	window1: mouseVisible = True
126.6125 	EXP 	window1: mouseVisible = True
126.6125 	EXP 	window1: mouseVisible = True
126.6126 	EXP 	window1: mouseVisible = True
126.6126 	EXP 	window1: mouseVisible = True
126.6126 	EXP 	window1: mouseVisible = True
126.6127 	EXP 	window1: mouseVisible = True
126.6127 	EXP 	window1: mouseVisible = True
126.6127 	EXP 	window1: mouseVisible = True
126.6128 	EXP 	window1: mouseVisible = True
126.6128 	EXP 	window1: mouseVisible = True
126.6128 	EXP 	window1: mouseVisible = True
126.6128 	EXP 	window1: mouseVisible = True
126.6129 	EXP 	window1: mouseVisible = True
126.6129 	EXP 	window1: mouseVisible = True
126.6129 	EXP 	window1: mouseVisible = True
126.6130 	EXP 	window1: mouseVisible = True
126.6130 	EXP 	window1: mouseVisible = True
126.6130 	EXP 	window1: mouseVisible = True
126.6131 	EXP 	window1: mouseVisible = True
126.6131 	EXP 	window1: mouseVisible = True
126.6131 	EXP 	window1: mouseVisible = True
126.6131 	EXP 	window1: mouseVisible = True
126.6132 	EXP 	window1: mouseVisible = True
126.6132 	EXP 	window1: mouseVisible = True
126.6132 	EXP 	window1: mouseVisible = True
126.6133 	EXP 	window1: mouseVisible = True
126.6133 	EXP 	window1: mouseVisible = True
126.6133 	EXP 	window1: mouseVisible = True
126.6134 	EXP 	window1: mouseVisible = True
126.6134 	EXP 	window1: mouseVisible = True
126.6134 	EXP 	window1: mouseVisible = True
126.6134 	EXP 	window1: mouseVisible = True
126.6135 	EXP 	window1: mouseVisible = True
126.6135 	EXP 	window1: mouseVisible = True
126.6135 	EXP 	window1: mouseVisible = True
126.6136 	EXP 	window1: mouseVisible = True
126.6136 	EXP 	window1: mouseVisible = True
126.6136 	EXP 	window1: mouseVisible = True
126.6137 	EXP 	window1: mouseVisible = True
126.6137 	EXP 	window1: mouseVisible = True
126.6137 	EXP 	window1: mouseVisible = True
126.6137 	EXP 	window1: mouseVisible = True
126.6138 	EXP 	window1: mouseVisible = True
126.6138 	EXP 	window1: mouseVisible = True
126.6138 	EXP 	window1: mouseVisible = True
126.6139 	EXP 	window1: mouseVisible = True
126.6139 	EXP 	window1: mouseVisible = True
126.6139 	EXP 	window1: mouseVisible = True
126.6140 	EXP 	window1: mouseVisible = True
126.6140 	EXP 	window1: mouseVisible = True
126.6140 	EXP 	window1: mouseVisible = True
126.6140 	EXP 	window1: mouseVisible = True
126.6141 	EXP 	window1: mouseVisible = True
126.6141 	EXP 	window1: mouseVisible = True
126.6141 	EXP 	window1: mouseVisible = True
126.6142 	EXP 	window1: mouseVisible = True
126.6142 	EXP 	window1: mouseVisible = True
126.6142 	EXP 	window1: mouseVisible = True
126.6142 	EXP 	window1: mouseVisible = True
126.6143 	EXP 	window1: mouseVisible = True
126.6143 	EXP 	window1: mouseVisible = True
126.6143 	EXP 	window1: mouseVisible = True
126.6144 	EXP 	window1: mouseVisible = True
126.6144 	EXP 	window1: mouseVisible = True
126.6144 	EXP 	window1: mouseVisible = True
126.6145 	EXP 	window1: mouseVisible = True
126.6145 	EXP 	window1: mouseVisible = True
126.6145 	EXP 	window1: mouseVisible = True
126.6145 	EXP 	window1: mouseVisible = True
126.6146 	EXP 	window1: mouseVisible = True
126.6146 	EXP 	window1: mouseVisible = True
126.6146 	EXP 	window1: mouseVisible = True
126.6147 	EXP 	window1: mouseVisible = True
126.6147 	EXP 	window1: mouseVisible = True
126.6147 	EXP 	window1: mouseVisible = True
126.6148 	EXP 	window1: mouseVisible = True
126.6148 	EXP 	window1: mouseVisible = True
126.6148 	EXP 	window1: mouseVisible = True
126.6148 	EXP 	window1: mouseVisible = True
126.6149 	EXP 	window1: mouseVisible = True
126.6149 	EXP 	window1: mouseVisible = True
126.6149 	EXP 	window1: mouseVisible = True
126.6150 	EXP 	window1: mouseVisible = True
126.6150 	EXP 	window1: mouseVisible = True
126.6150 	EXP 	window1: mouseVisible = True
126.6150 	EXP 	window1: mouseVisible = True
126.6151 	EXP 	window1: mouseVisible = True
126.6151 	EXP 	window1: mouseVisible = True
126.6151 	EXP 	window1: mouseVisible = True
126.6152 	EXP 	window1: mouseVisible = True
126.6152 	EXP 	window1: mouseVisible = True
126.6152 	EXP 	window1: mouseVisible = True
126.6153 	EXP 	window1: mouseVisible = True
126.6153 	EXP 	window1: mouseVisible = True
126.6153 	EXP 	window1: mouseVisible = True
126.6154 	EXP 	window1: mouseVisible = True
126.6154 	EXP 	window1: mouseVisible = True
126.6154 	EXP 	window1: mouseVisible = True
126.6155 	EXP 	window1: mouseVisible = True
126.6155 	EXP 	window1: mouseVisible = True
126.6156 	EXP 	window1: mouseVisible = True
126.6156 	EXP 	window1: mouseVisible = True
126.6156 	EXP 	window1: mouseVisible = True
126.6156 	EXP 	window1: mouseVisible = True
126.6157 	EXP 	window1: mouseVisible = True
126.6157 	EXP 	window1: mouseVisible = True
126.6157 	EXP 	window1: mouseVisible = True
126.6158 	EXP 	window1: mouseVisible = True
126.6158 	EXP 	window1: mouseVisible = True
126.6158 	EXP 	window1: mouseVisible = True
126.6159 	EXP 	window1: mouseVisible = True
126.6159 	EXP 	window1: mouseVisible = True
126.6160 	EXP 	window1: mouseVisible = True
126.6160 	EXP 	window1: mouseVisible = True
126.6160 	EXP 	window1: mouseVisible = True
126.6160 	EXP 	window1: mouseVisible = True
126.6161 	EXP 	window1: mouseVisible = True
126.6161 	EXP 	window1: mouseVisible = True
126.6161 	EXP 	window1: mouseVisible = True
126.6162 	EXP 	window1: mouseVisible = True
126.6162 	EXP 	window1: mouseVisible = True
126.6162 	EXP 	window1: mouseVisible = True
126.6163 	EXP 	window1: mouseVisible = True
126.6163 	EXP 	window1: mouseVisible = True
126.6163 	EXP 	window1: mouseVisible = True
126.6163 	EXP 	window1: mouseVisible = True
126.6164 	EXP 	window1: mouseVisible = True
126.6164 	EXP 	window1: mouseVisible = True
126.6164 	EXP 	window1: mouseVisible = True
126.6165 	EXP 	window1: mouseVisible = True
126.6165 	EXP 	window1: mouseVisible = True
126.6165 	EXP 	window1: mouseVisible = True
126.6166 	EXP 	window1: mouseVisible = True
126.6166 	EXP 	window1: mouseVisible = True
126.6166 	EXP 	window1: mouseVisible = True
126.6166 	EXP 	window1: mouseVisible = True
126.6167 	EXP 	window1: mouseVisible = True
126.6167 	EXP 	window1: mouseVisible = True
126.6167 	EXP 	window1: mouseVisible = True
126.6168 	EXP 	window1: mouseVisible = True
126.6168 	EXP 	window1: mouseVisible = True
126.6168 	EXP 	window1: mouseVisible = True
126.6169 	EXP 	window1: mouseVisible = True
126.6169 	EXP 	window1: mouseVisible = True
126.6169 	EXP 	window1: mouseVisible = True
126.6169 	EXP 	window1: mouseVisible = True
126.6170 	EXP 	window1: mouseVisible = True
126.6170 	EXP 	window1: mouseVisible = True
126.6170 	EXP 	window1: mouseVisible = True
126.6171 	EXP 	window1: mouseVisible = True
126.6171 	EXP 	window1: mouseVisible = True
126.6171 	EXP 	window1: mouseVisible = True
126.6172 	EXP 	window1: mouseVisible = True
126.6172 	EXP 	window1: mouseVisible = True
126.6172 	EXP 	window1: mouseVisible = True
126.6172 	EXP 	window1: mouseVisible = True
126.6173 	EXP 	window1: mouseVisible = True
126.6173 	EXP 	window1: mouseVisible = True
126.6173 	EXP 	window1: mouseVisible = True
126.6174 	EXP 	window1: mouseVisible = True
126.6174 	EXP 	window1: mouseVisible = True
126.6174 	EXP 	window1: mouseVisible = True
126.6175 	EXP 	window1: mouseVisible = True
126.6175 	EXP 	window1: mouseVisible = True
126.6175 	EXP 	window1: mouseVisible = True
126.6175 	EXP 	window1: mouseVisible = True
126.6176 	EXP 	window1: mouseVisible = True
126.6176 	EXP 	window1: mouseVisible = True
126.6176 	EXP 	window1: mouseVisible = True
126.6177 	EXP 	window1: mouseVisible = True
126.6177 	EXP 	window1: mouseVisible = True
126.6177 	EXP 	window1: mouseVisible = True
126.6177 	EXP 	window1: mouseVisible = True
126.6178 	EXP 	window1: mouseVisible = True
126.6178 	EXP 	window1: mouseVisible = True
126.6178 	EXP 	window1: mouseVisible = True
126.6179 	EXP 	window1: mouseVisible = True
126.6179 	EXP 	window1: mouseVisible = True
126.6179 	EXP 	window1: mouseVisible = True
126.6180 	EXP 	window1: mouseVisible = True
126.6180 	EXP 	window1: mouseVisible = True
126.6180 	EXP 	window1: mouseVisible = True
126.6181 	EXP 	window1: mouseVisible = True
126.6181 	EXP 	window1: mouseVisible = True
126.6181 	EXP 	window1: mouseVisible = True
126.6181 	EXP 	window1: mouseVisible = True
126.6182 	EXP 	window1: mouseVisible = True
126.6182 	EXP 	window1: mouseVisible = True
126.6182 	EXP 	window1: mouseVisible = True
126.6183 	EXP 	window1: mouseVisible = True
126.6183 	EXP 	window1: mouseVisible = True
126.6183 	EXP 	window1: mouseVisible = True
126.6184 	EXP 	window1: mouseVisible = True
126.6184 	EXP 	window1: mouseVisible = True
126.6184 	EXP 	window1: mouseVisible = True
126.6184 	EXP 	window1: mouseVisible = True
126.6185 	EXP 	window1: mouseVisible = True
126.6185 	EXP 	window1: mouseVisible = True
126.6185 	EXP 	window1: mouseVisible = True
126.6186 	EXP 	window1: mouseVisible = True
126.6186 	EXP 	window1: mouseVisible = True
126.6186 	EXP 	window1: mouseVisible = True
126.6187 	EXP 	window1: mouseVisible = True
126.6187 	EXP 	window1: mouseVisible = True
126.6187 	EXP 	window1: mouseVisible = True
126.6187 	EXP 	window1: mouseVisible = True
126.6188 	EXP 	window1: mouseVisible = True
126.6188 	EXP 	window1: mouseVisible = True
126.6188 	EXP 	window1: mouseVisible = True
126.6189 	EXP 	window1: mouseVisible = True
126.6189 	EXP 	window1: mouseVisible = True
126.6189 	EXP 	window1: mouseVisible = True
126.6190 	EXP 	window1: mouseVisible = True
126.6190 	EXP 	window1: mouseVisible = True
126.6190 	EXP 	window1: mouseVisible = True
126.6191 	EXP 	window1: mouseVisible = True
126.6191 	EXP 	window1: mouseVisible = True
126.6191 	EXP 	window1: mouseVisible = True
126.6191 	EXP 	window1: mouseVisible = True
126.6192 	EXP 	window1: mouseVisible = True
126.6192 	EXP 	window1: mouseVisible = True
126.6192 	EXP 	window1: mouseVisible = True
126.6193 	EXP 	window1: mouseVisible = True
126.6193 	EXP 	window1: mouseVisible = True
126.6193 	EXP 	window1: mouseVisible = True
126.6194 	EXP 	window1: mouseVisible = True
126.6194 	EXP 	window1: mouseVisible = True
126.6194 	EXP 	window1: mouseVisible = True
126.6194 	EXP 	window1: mouseVisible = True
126.6195 	EXP 	window1: mouseVisible = True
126.6195 	EXP 	window1: mouseVisible = True
126.6195 	EXP 	window1: mouseVisible = True
126.6196 	EXP 	window1: mouseVisible = True
126.6196 	EXP 	window1: mouseVisible = True
126.6196 	EXP 	window1: mouseVisible = True
126.6196 	EXP 	window1: mouseVisible = True
126.6197 	EXP 	window1: mouseVisible = True
126.6197 	EXP 	window1: mouseVisible = True
126.6197 	EXP 	window1: mouseVisible = True
126.6198 	EXP 	window1: mouseVisible = True
126.6198 	EXP 	window1: mouseVisible = True
126.6198 	EXP 	window1: mouseVisible = True
126.6199 	EXP 	window1: mouseVisible = True
126.6199 	EXP 	window1: mouseVisible = True
126.6199 	EXP 	window1: mouseVisible = True
126.6200 	EXP 	window1: mouseVisible = True
126.6200 	EXP 	window1: mouseVisible = True
126.6200 	EXP 	window1: mouseVisible = True
126.6201 	EXP 	window1: mouseVisible = True
126.6201 	EXP 	window1: mouseVisible = True
126.6201 	EXP 	window1: mouseVisible = True
126.6202 	EXP 	window1: mouseVisible = True
126.6202 	EXP 	window1: mouseVisible = True
126.6202 	EXP 	window1: mouseVisible = True
126.6203 	EXP 	window1: mouseVisible = True
126.6203 	EXP 	window1: mouseVisible = True
126.6203 	EXP 	window1: mouseVisible = True
126.6203 	EXP 	window1: mouseVisible = True
126.6204 	EXP 	window1: mouseVisible = True
126.6204 	EXP 	window1: mouseVisible = True
126.6204 	EXP 	window1: mouseVisible = True
126.6205 	EXP 	window1: mouseVisible = True
126.6205 	EXP 	window1: mouseVisible = True
126.6205 	EXP 	window1: mouseVisible = True
126.6206 	EXP 	window1: mouseVisible = True
126.6206 	EXP 	window1: mouseVisible = True
126.6207 	EXP 	window1: mouseVisible = True
126.6207 	EXP 	window1: mouseVisible = True
126.6207 	EXP 	window1: mouseVisible = True
126.6208 	EXP 	window1: mouseVisible = True
126.6208 	EXP 	window1: mouseVisible = True
126.6208 	EXP 	window1: mouseVisible = True
126.6208 	EXP 	window1: mouseVisible = True
126.6209 	EXP 	window1: mouseVisible = True
126.6209 	EXP 	window1: mouseVisible = True
126.6209 	EXP 	window1: mouseVisible = True
126.6210 	EXP 	window1: mouseVisible = True
126.6210 	EXP 	window1: mouseVisible = True
126.6210 	EXP 	window1: mouseVisible = True
126.6211 	EXP 	window1: mouseVisible = True
126.6211 	EXP 	window1: mouseVisible = True
126.6211 	EXP 	window1: mouseVisible = True
126.6212 	EXP 	window1: mouseVisible = True
126.6212 	EXP 	window1: mouseVisible = True
126.6212 	EXP 	window1: mouseVisible = True
126.6213 	EXP 	window1: mouseVisible = True
126.6213 	EXP 	window1: mouseVisible = True
126.6213 	EXP 	window1: mouseVisible = True
126.6213 	EXP 	window1: mouseVisible = True
126.6214 	EXP 	window1: mouseVisible = True
126.6214 	EXP 	window1: mouseVisible = True
126.6214 	EXP 	window1: mouseVisible = True
126.6215 	EXP 	window1: mouseVisible = True
126.6215 	EXP 	window1: mouseVisible = True
