455.5591 	WARNING 	Monitor specification not found. Creating a temporary one...
455.5802 	WARNING 	User requested fullscreen with size [800 600], but screen is actually [1280, 1024]. Using actual size
456.1198 	DATA 	Keypress: capslock
456.5090 	EXP 	Created window1 = Window(allowGUI=True, allowStencil=False, autoLog=True, backendConf=UNKNOWN, bitsMode=UNKNOWN, blendMode='avg', bpc=(8, 8, 8), color=array([0, 0, 0]), colorSpace='rgb', depthBits=8, fullscr=<method-wrapper '__getattribute__' of attributeSetter object at 0x00000184ABC5ACD0>, gamma=None, gammaErrorPolicy='raise', lms=UNKNOWN, monitor=<psychopy.monitors.calibTools.Monitor object at 0x00000184AC06C550>, multiSample=False, name='window1', numSamples=2, pos=(0, 0), screen=0, size=array([1280, 1024]), stencilBits=0, stereo=False, units='pix', useFBO=False, useRetina=False, viewOri=0.0, viewPos=None, viewScale=None, waitBlanking=True, winType='pyglet')
456.5091 	EXP 	window1: mouseVisible = True
456.5094 	EXP 	window1: mouseVisible = False
457.8530 	DATA 	Keypress: o
458.7559 	DATA 	Keypress: space
460.1789 	DATA 	Keypress: space
460.8142 	DATA 	Keypress: o
460.8145 	EXP 	window1: units = 'pix'
460.8441 	WARNING 	User requested fullscreen with size [1280  720], but screen is actually [1280, 1024]. Using actual size
461.2924 	EXP 	Created window1 = Window(allowGUI=False, allowStencil=False, autoLog=True, backendConf=UNKNOWN, bitsMode=UNKNOWN, blendMode='avg', bpc=(8, 8, 8), color=array([0, 0, 0]), colorSpace='rgb', depthBits=8, fullscr=<method-wrapper '__getattribute__' of attributeSetter object at 0x00000184ABC5ACD0>, gamma=None, gammaErrorPolicy='raise', lms=UNKNOWN, monitor=<psychopy.monitors.calibTools.Monitor object at 0x00000184B232B160>, multiSample=False, name='window1', numSamples=2, pos=(0, 0), screen=0, size=array([1280, 1024]), stencilBits=0, stereo=False, units='height', useFBO=True, useRetina=False, viewOri=0.0, viewPos=None, viewScale=None, waitBlanking=True, winType='pyglet')
461.2927 	EXP 	window1: mouseVisible = True
461.2927 	EXP 	window1: Attempting to measure frame rate of screen (0) ...
461.2927 	EXP 	window1: recordFrameIntervals = False
461.4589 	EXP 	window1: recordFrameIntervals = True
461.5922 	DATA 	Keypress: space
461.6422 	EXP 	Screen (0) actual frame rate measured at 60.02Hz
461.6423 	EXP 	window1: recordFrameIntervals = False
461.8319 	EXP 	Created Instructions = TextStim(__class__=<class 'psychopy.visual.text.TextStim'>, alignHoriz=method-wrapper(...), alignText='center', alignVert=method-wrapper(...), anchorHoriz='center', anchorVert='center', antialias=True, autoDraw=False, autoLog=True, bold=False, color=array([1, 1, 1]), colorSpace='rgb', contrast=1.0, depth=0.0, flipHoriz=False, flipVert=False, font='Arial', fontFiles=[], height=0.03, italic=False, languageStyle='LTR', name='Instructions', opacity=1.0, ori=0, pos=array([0., 0.]), rgb=UNKNOWN, text=str(...), units='height', win=Window(...), wrapWidth=1)
461.8396 	EXP 	Created Triplet1 = ImageStim(__class__=<class 'psychopy.visual.image.ImageStim'>, anchor=('center', 'center'), autoLog=True, color=array([1, 1, 1]), colorSpace='rgb', contrast=1.0, depth=-1.0, flipHoriz=False, flipVert=False, image='sin', interpolate=True, mask=None, maskParams=None, name='Triplet1', opacity=1.0, ori=0.0, pos=array([0., 0.]), size=array([0.25, 0.25]), texRes=128, units='height', win=Window(...))
461.8444 	EXP 	Created Triplet2 = ImageStim(__class__=<class 'psychopy.visual.image.ImageStim'>, anchor=('center', 'center'), autoLog=True, color=array([1, 1, 1]), colorSpace='rgb', contrast=1.0, depth=-2.0, flipHoriz=False, flipVert=False, image='sin', interpolate=True, mask=None, maskParams=None, name='Triplet2', opacity=1.0, ori=0.0, pos=array([0., 0.]), size=array([0.25, 0.25]), texRes=128, units='height', win=Window(...))
461.8499 	EXP 	Created Triplet3 = ImageStim(__class__=<class 'psychopy.visual.image.ImageStim'>, anchor=('center', 'center'), autoLog=True, color=array([1, 1, 1]), colorSpace='rgb', contrast=1.0, depth=-3.0, flipHoriz=False, flipVert=False, image='sin', interpolate=True, mask=None, maskParams=None, name='Triplet3', opacity=1.0, ori=0.0, pos=array([0., 0.]), size=array([0.25, 0.25]), texRes=128, units='height', win=Window(...))
461.8588 	EXP 	Sound sound_pop set volume 1.000
461.8677 	EXP 	Sound sound_pop2 set volume 1.000
461.8768 	EXP 	Sound sound_pop3 set volume 1.000
461.9034 	EXP 	Created fix = ImageStim(__class__=<class 'psychopy.visual.image.ImageStim'>, anchor=('center', 'center'), autoLog=True, color=array([1, 1, 1]), colorSpace='rgb', contrast=1.0, depth=0.0, flipHoriz=False, flipVert=False, image='images/fixation.png', interpolate=True, mask=None, maskParams=None, name='fix', opacity=1.0, ori=0.0, pos=array([0., 0.]), size=array([0.1 , 0.05]), texRes=128, units='height', win=Window(...))
461.9934 	EXP 	Created Mask = ImageStim(__class__=<class 'psychopy.visual.image.ImageStim'>, anchor=('center', 'center'), autoLog=True, color=array([1, 1, 1]), colorSpace='rgb', contrast=1.0, depth=0.0, flipHoriz=False, flipVert=False, image='images/Mask.png', interpolate=True, mask=None, maskParams=None, name='Mask', opacity=1.0, ori=0.0, pos=array([0., 0.]), size=array([1.5, 0.5]), texRes=128, units='height', win=Window(...))
461.9989 	EXP 	Created img1 = ImageStim(__class__=<class 'psychopy.visual.image.ImageStim'>, anchor=('center', 'center'), autoLog=True, color=array([1, 1, 1]), colorSpace='rgb', contrast=1.0, depth=-1.0, flipHoriz=False, flipVert=False, image='sin', interpolate=True, mask=None, maskParams=None, name='img1', opacity=1.0, ori=0.0, pos=array([0., 0.]), size=array([0.25, 0.25]), texRes=128, units='height', win=Window(...))
462.0033 	EXP 	Created img2 = ImageStim(__class__=<class 'psychopy.visual.image.ImageStim'>, anchor=('center', 'center'), autoLog=True, color=array([1, 1, 1]), colorSpace='rgb', contrast=1.0, depth=-2.0, flipHoriz=False, flipVert=False, image='sin', interpolate=True, mask=None, maskParams=None, name='img2', opacity=1.0, ori=0.0, pos=array([0., 0.]), size=array([0.25, 0.25]), texRes=128, units='height', win=Window(...))
462.0079 	EXP 	Created img3 = ImageStim(__class__=<class 'psychopy.visual.image.ImageStim'>, anchor=('center', 'center'), autoLog=True, color=array([1, 1, 1]), colorSpace='rgb', contrast=1.0, depth=-3.0, flipHoriz=False, flipVert=False, image='sin', interpolate=True, mask=None, maskParams=None, name='img3', opacity=1.0, ori=0.0, pos=array([0., 0.]), size=array([0.25, 0.25]), texRes=128, units='height', win=Window(...))
462.0170 	EXP 	Sound sound_pop4 set volume 1.000
462.0263 	EXP 	Sound sound_pop5 set volume 1.000
462.0358 	EXP 	Sound sound_pop6 set volume 1.000
462.0410 	EXP 	Created text_2 = TextStim(__class__=<class 'psychopy.visual.text.TextStim'>, alignHoriz=method-wrapper(...), alignText='center', alignVert=method-wrapper(...), anchorHoriz='center', anchorVert='center', antialias=True, autoDraw=False, autoLog=True, bold=False, color=array([1, 1, 1]), colorSpace='rgb', contrast=1.0, depth=0.0, flipHoriz=False, flipVert=False, font='Arial', fontFiles=[], height=0.03, italic=False, languageStyle='LTR', name='text_2', opacity=1.0, ori=0, pos=array([0., 0.]), rgb=UNKNOWN, text=str(...), units='height', win=Window(...), wrapWidth=1)
462.0436 	EXP 	Created text = TextStim(__class__=<class 'psychopy.visual.text.TextStim'>, alignHoriz=method-wrapper(...), alignText='center', alignVert=method-wrapper(...), anchorHoriz='center', anchorVert='center', antialias=True, autoDraw=False, autoLog=True, bold=False, color=array([1, 1, 1]), colorSpace='rgb', contrast=1.0, depth=-1.0, flipHoriz=False, flipVert=False, font='Arial', fontFiles=[], height=0.03, italic=False, languageStyle='LTR', name='text', opacity=1.0, ori=0, pos=array([0., 0.]), rgb=UNKNOWN, text=str(...), units='height', win=Window(...), wrapWidth=1)
462.0441 	EXP 	Created sameText = TextStim(__class__=<class 'psychopy.visual.text.TextStim'>, alignHoriz=method-wrapper(...), alignText='center', alignVert=method-wrapper(...), anchorHoriz='center', anchorVert='center', antialias=True, autoDraw=False, autoLog=True, bold=False, color=array([1, 1, 1]), colorSpace='rgb', contrast=1.0, depth=-2.0, flipHoriz=False, flipVert=False, font='Arial', fontFiles=[], height=0.03, italic=False, languageStyle='LTR', name='sameText', opacity=1.0, ori=0, pos=array([-0.2, -0.3]), rgb=UNKNOWN, text='', units='height', win=Window(...), wrapWidth=1)
462.0446 	EXP 	Created diffText = TextStim(__class__=<class 'psychopy.visual.text.TextStim'>, alignHoriz=method-wrapper(...), alignText='center', alignVert=method-wrapper(...), anchorHoriz='center', anchorVert='center', antialias=True, autoDraw=False, autoLog=True, bold=False, color=array([1, 1, 1]), colorSpace='rgb', contrast=1.0, depth=-3.0, flipHoriz=False, flipVert=False, font='Arial', fontFiles=[], height=0.03, italic=False, languageStyle='LTR', name='diffText', opacity=1.0, ori=0, pos=array([ 0.2, -0.3]), rgb=UNKNOWN, text='', units='height', win=Window(...), wrapWidth=1)
462.0455 	EXP 	Created leftCL = Rect(__class__=<class 'psychopy.visual.rect.Rect'>, anchor=('center', 'center'), autoDraw=False, autoLog=True, closeShape=True, color=method-wrapper(...), colorSpace='rgb', contrast=None, depth=-4.0, fillColor=array([1., 1., 1.]), fillColorSpace='rgb', fillRGB=array([1., 1., 1.]), interpolate=True, lineColor=array([1, 1, 1]), lineColorSpace='rgb', lineRGB=array([1, 1, 1]), lineWidth=3, name='leftCL', opacity=0.5, ori=0.0, pos=array([-0.2, -0.3]), size=array([-0.2, -0.2]), units='height', vertices=ndarray(...), win=Window(...))
462.0463 	EXP 	Created rightCL = Rect(__class__=<class 'psychopy.visual.rect.Rect'>, anchor=('center', 'center'), autoDraw=False, autoLog=True, closeShape=True, color=method-wrapper(...), colorSpace='rgb', contrast=None, depth=-5.0, fillColor=array([1., 1., 1.]), fillColorSpace='rgb', fillRGB=array([1., 1., 1.]), interpolate=True, lineColor=array([1, 1, 1]), lineColorSpace='rgb', lineRGB=array([1, 1, 1]), lineWidth=3, name='rightCL', opacity=0.5, ori=0.0, pos=array([ 0.2, -0.3]), size=array([0.2, 0.2]), units='height', vertices=ndarray(...), win=Window(...))
462.0464 	EXP 	window1: mouseVisible = True
462.0468 	EXP 	Sound clickedSound set volume 1.000
462.0505 	EXP 	Created retIMG = ImageStim(__class__=<class 'psychopy.visual.image.ImageStim'>, anchor=('center', 'center'), autoLog=True, color=array([1, 1, 1]), colorSpace='rgb', contrast=1.0, depth=-1.0, flipHoriz=False, flipVert=False, image='sin', interpolate=True, mask=None, maskParams=None, name='retIMG', opacity=1.0, ori=0.0, pos=array([0., 0.]), size=array([0.25, 0.25]), texRes=128, units='height', win=Window(...))
462.0599 	EXP 	Sound sound_pop7 set volume 1.000
462.0624 	EXP 	Created question_text = TextStim(__class__=<class 'psychopy.visual.text.TextStim'>, alignHoriz=method-wrapper(...), alignText='center', alignVert=method-wrapper(...), anchorHoriz='center', anchorVert='center', antialias=True, autoDraw=False, autoLog=True, bold=False, color=array([1, 1, 1]), colorSpace='rgb', contrast=1.0, depth=0.0, flipHoriz=False, flipVert=False, font='Arial', fontFiles=[], height=0.03, italic=False, languageStyle='LTR', name='question_text', opacity=1.0, ori=0, pos=array([0. , 0.3]), rgb=UNKNOWN, text='When did you see this object?', units='height', win=Window(...), wrapWidth=1)
462.0647 	EXP 	Created decisionQ_2 = TextStim(__class__=<class 'psychopy.visual.text.TextStim'>, alignHoriz=method-wrapper(...), alignText='center', alignVert=method-wrapper(...), anchorHoriz='center', anchorVert='center', antialias=True, autoDraw=False, autoLog=True, bold=False, color=array([1, 1, 1]), colorSpace='rgb', contrast=1.0, depth=-1.0, flipHoriz=False, flipVert=False, font='Arial', fontFiles=[], height=0.03, italic=False, languageStyle='LTR', name='decisionQ_2', opacity=1.0, ori=0, pos=array([0. , 0.3]), rgb=UNKNOWN, text='When did you see this object?', units='height', win=Window(...), wrapWidth=1)
462.0654 	EXP 	Created first_left = Rect(__class__=<class 'psychopy.visual.rect.Rect'>, anchor=('center', 'center'), autoDraw=False, autoLog=True, closeShape=True, color=method-wrapper(...), colorSpace='rgb', contrast=None, depth=-2.0, fillColor=array([1, 1, 1]), fillColorSpace='rgb', fillRGB=array([1, 1, 1]), interpolate=True, lineColor=array([1, 1, 1]), lineColorSpace='rgb', lineRGB=array([1, 1, 1]), lineWidth=3, name='first_left', opacity=0.5, ori=0.0, pos=array([0. , 0.1]), size=array([0.15, 0.15]), units='height', vertices=ndarray(...), win=Window(...))
462.0661 	EXP 	Created second_middle = Rect(__class__=<class 'psychopy.visual.rect.Rect'>, anchor=('center', 'center'), autoDraw=False, autoLog=True, closeShape=True, color=method-wrapper(...), colorSpace='rgb', contrast=None, depth=-3.0, fillColor=array([1, 1, 1]), fillColorSpace='rgb', fillRGB=array([1, 1, 1]), interpolate=True, lineColor=array([1, 1, 1]), lineColorSpace='rgb', lineRGB=array([1, 1, 1]), lineWidth=3, name='second_middle', opacity=0.5, ori=0.0, pos=array([ 0. , -0.1]), size=array([0.15, 0.15]), units='height', vertices=ndarray(...), win=Window(...))
462.0667 	EXP 	Created third_right = Rect(__class__=<class 'psychopy.visual.rect.Rect'>, anchor=('center', 'center'), autoDraw=False, autoLog=True, closeShape=True, color=method-wrapper(...), colorSpace='rgb', contrast=None, depth=-4.0, fillColor=array([1, 1, 1]), fillColorSpace='rgb', fillRGB=array([1, 1, 1]), interpolate=True, lineColor=array([1, 1, 1]), lineColorSpace='rgb', lineRGB=array([1, 1, 1]), lineWidth=3, name='third_right', opacity=0.5, ori=0.0, pos=array([ 0. , -0.3]), size=array([0.15, 0.15]), units='height', vertices=ndarray(...), win=Window(...))
462.0693 	EXP 	Created First = TextStim(__class__=<class 'psychopy.visual.text.TextStim'>, alignHoriz=method-wrapper(...), alignText='center', alignVert=method-wrapper(...), anchorHoriz='center', anchorVert='center', antialias=True, autoDraw=False, autoLog=True, bold=False, color=array([1, 1, 1]), colorSpace='rgb', contrast=1.0, depth=-5.0, flipHoriz=False, flipVert=False, font='Arial', fontFiles=[], height=0.03, italic=False, languageStyle='LTR', name='First', opacity=1.0, ori=0, pos=array([0. , 0.1]), rgb=UNKNOWN, text='First', units='height', win=Window(...), wrapWidth=1)
462.0712 	EXP 	Created Second = TextStim(__class__=<class 'psychopy.visual.text.TextStim'>, alignHoriz=method-wrapper(...), alignText='center', alignVert=method-wrapper(...), anchorHoriz='center', anchorVert='center', antialias=True, autoDraw=False, autoLog=True, bold=False, color=array([1, 1, 1]), colorSpace='rgb', contrast=1.0, depth=-6.0, flipHoriz=False, flipVert=False, font='Arial', fontFiles=[], height=0.03, italic=False, languageStyle='LTR', name='Second', opacity=1.0, ori=0, pos=array([ 0. , -0.1]), rgb=UNKNOWN, text='Second', units='height', win=Window(...), wrapWidth=1)
462.0732 	EXP 	Created Third = TextStim(__class__=<class 'psychopy.visual.text.TextStim'>, alignHoriz=method-wrapper(...), alignText='center', alignVert=method-wrapper(...), anchorHoriz='center', anchorVert='center', antialias=True, autoDraw=False, autoLog=True, bold=False, color=array([1, 1, 1]), colorSpace='rgb', contrast=1.0, depth=-7.0, flipHoriz=False, flipVert=False, font='Arial', fontFiles=[], height=0.03, italic=False, languageStyle='LTR', name='Third', opacity=1.0, ori=0, pos=array([ 0. , -0.3]), rgb=UNKNOWN, text='Third', units='height', win=Window(...), wrapWidth=1)
462.0732 	EXP 	window1: mouseVisible = True
462.0737 	EXP 	Sound clickedSound set volume 1.000
462.0817 	EXP 	Created BlockBreak = TextStim(__class__=<class 'psychopy.visual.text.TextStim'>, alignHoriz=method-wrapper(...), alignText='center', alignVert=method-wrapper(...), anchorHoriz='center', anchorVert='center', antialias=True, autoDraw=False, autoLog=True, bold=False, color=array([1, 1, 1]), colorSpace='rgb', contrast=1.0, depth=0.0, flipHoriz=False, flipVert=False, font='Arial', fontFiles=[], height=0.03, italic=False, languageStyle='LTR', name='BlockBreak', opacity=1.0, ori=0, pos=array([0., 0.]), rgb=UNKNOWN, text=str(...), units='height', win=Window(...), wrapWidth=1)
462.0953 	EXP 	Created text_4 = TextStim(__class__=<class 'psychopy.visual.text.TextStim'>, alignHoriz=method-wrapper(...), alignText='center', alignVert=method-wrapper(...), anchorHoriz='center', anchorVert='center', antialias=True, autoDraw=False, autoLog=True, bold=False, color=array([1, 1, 1]), colorSpace='rgb', contrast=1.0, depth=-1.0, flipHoriz=False, flipVert=False, font='Open Sans', fontFiles=[], height=0.03, italic=False, languageStyle='LTR', name='text_4', opacity=1.0, ori=0.0, pos=array([0., 0.]), rgb=UNKNOWN, text=str(...), units='height', win=Window(...), wrapWidth=1)
462.0991 	EXP 	Created Triplet1 = ImageStim(__class__=<class 'psychopy.visual.image.ImageStim'>, anchor=('center', 'center'), autoLog=True, color=array([1, 1, 1]), colorSpace='rgb', contrast=1.0, depth=-1.0, flipHoriz=False, flipVert=False, image='sin', interpolate=True, mask=None, maskParams=None, name='Triplet1', opacity=1.0, ori=0.0, pos=array([0., 0.]), size=array([0.25, 0.25]), texRes=128, units='height', win=Window(...))
462.1036 	EXP 	Created Triplet2 = ImageStim(__class__=<class 'psychopy.visual.image.ImageStim'>, anchor=('center', 'center'), autoLog=True, color=array([1, 1, 1]), colorSpace='rgb', contrast=1.0, depth=-2.0, flipHoriz=False, flipVert=False, image='sin', interpolate=True, mask=None, maskParams=None, name='Triplet2', opacity=1.0, ori=0.0, pos=array([0., 0.]), size=array([0.25, 0.25]), texRes=128, units='height', win=Window(...))
462.1088 	EXP 	Created Triplet3 = ImageStim(__class__=<class 'psychopy.visual.image.ImageStim'>, anchor=('center', 'center'), autoLog=True, color=array([1, 1, 1]), colorSpace='rgb', contrast=1.0, depth=-3.0, flipHoriz=False, flipVert=False, image='sin', interpolate=True, mask=None, maskParams=None, name='Triplet3', opacity=1.0, ori=0.0, pos=array([0., 0.]), size=array([0.25, 0.25]), texRes=128, units='height', win=Window(...))
462.1184 	EXP 	Sound sound_pop set volume 1.000
462.1280 	EXP 	Sound sound_pop2 set volume 1.000
462.1375 	EXP 	Sound sound_pop3 set volume 1.000
462.1603 	EXP 	Created fix = ImageStim(__class__=<class 'psychopy.visual.image.ImageStim'>, anchor=('center', 'center'), autoLog=True, color=array([1, 1, 1]), colorSpace='rgb', contrast=1.0, depth=0.0, flipHoriz=False, flipVert=False, image='images/fixation.png', interpolate=True, mask=None, maskParams=None, name='fix', opacity=1.0, ori=0.0, pos=array([0., 0.]), size=array([0.1 , 0.05]), texRes=128, units='height', win=Window(...))
462.2493 	EXP 	Created Mask = ImageStim(__class__=<class 'psychopy.visual.image.ImageStim'>, anchor=('center', 'center'), autoLog=True, color=array([1, 1, 1]), colorSpace='rgb', contrast=1.0, depth=0.0, flipHoriz=False, flipVert=False, image='images/Mask.png', interpolate=True, mask=None, maskParams=None, name='Mask', opacity=1.0, ori=0.0, pos=array([0., 0.]), size=array([1.5, 0.5]), texRes=128, units='height', win=Window(...))
462.2548 	EXP 	Created img1 = ImageStim(__class__=<class 'psychopy.visual.image.ImageStim'>, anchor=('center', 'center'), autoLog=True, color=array([1, 1, 1]), colorSpace='rgb', contrast=1.0, depth=-1.0, flipHoriz=False, flipVert=False, image='sin', interpolate=True, mask=None, maskParams=None, name='img1', opacity=1.0, ori=0.0, pos=array([0., 0.]), size=array([0.25, 0.25]), texRes=128, units='height', win=Window(...))
462.2590 	EXP 	Created img2 = ImageStim(__class__=<class 'psychopy.visual.image.ImageStim'>, anchor=('center', 'center'), autoLog=True, color=array([1, 1, 1]), colorSpace='rgb', contrast=1.0, depth=-2.0, flipHoriz=False, flipVert=False, image='sin', interpolate=True, mask=None, maskParams=None, name='img2', opacity=1.0, ori=0.0, pos=array([0., 0.]), size=array([0.25, 0.25]), texRes=128, units='height', win=Window(...))
462.2634 	EXP 	Created img3 = ImageStim(__class__=<class 'psychopy.visual.image.ImageStim'>, anchor=('center', 'center'), autoLog=True, color=array([1, 1, 1]), colorSpace='rgb', contrast=1.0, depth=-3.0, flipHoriz=False, flipVert=False, image='sin', interpolate=True, mask=None, maskParams=None, name='img3', opacity=1.0, ori=0.0, pos=array([0., 0.]), size=array([0.25, 0.25]), texRes=128, units='height', win=Window(...))
462.2729 	EXP 	Sound sound_pop4 set volume 1.000
462.2825 	EXP 	Sound sound_pop5 set volume 1.000
462.2920 	EXP 	Sound sound_pop6 set volume 1.000
462.2956 	EXP 	Created text_2 = TextStim(__class__=<class 'psychopy.visual.text.TextStim'>, alignHoriz=method-wrapper(...), alignText='center', alignVert=method-wrapper(...), anchorHoriz='center', anchorVert='center', antialias=True, autoDraw=False, autoLog=True, bold=False, color=array([1, 1, 1]), colorSpace='rgb', contrast=1.0, depth=0.0, flipHoriz=False, flipVert=False, font='Arial', fontFiles=[], height=0.03, italic=False, languageStyle='LTR', name='text_2', opacity=1.0, ori=0, pos=array([0., 0.]), rgb=UNKNOWN, text=str(...), units='height', win=Window(...), wrapWidth=1)
462.2980 	EXP 	Created text = TextStim(__class__=<class 'psychopy.visual.text.TextStim'>, alignHoriz=method-wrapper(...), alignText='center', alignVert=method-wrapper(...), anchorHoriz='center', anchorVert='center', antialias=True, autoDraw=False, autoLog=True, bold=False, color=array([1, 1, 1]), colorSpace='rgb', contrast=1.0, depth=-1.0, flipHoriz=False, flipVert=False, font='Arial', fontFiles=[], height=0.03, italic=False, languageStyle='LTR', name='text', opacity=1.0, ori=0, pos=array([0., 0.]), rgb=UNKNOWN, text=str(...), units='height', win=Window(...), wrapWidth=1)
462.2986 	EXP 	Created sameText = TextStim(__class__=<class 'psychopy.visual.text.TextStim'>, alignHoriz=method-wrapper(...), alignText='center', alignVert=method-wrapper(...), anchorHoriz='center', anchorVert='center', antialias=True, autoDraw=False, autoLog=True, bold=False, color=array([1, 1, 1]), colorSpace='rgb', contrast=1.0, depth=-2.0, flipHoriz=False, flipVert=False, font='Arial', fontFiles=[], height=0.03, italic=False, languageStyle='LTR', name='sameText', opacity=1.0, ori=0, pos=array([-0.2, -0.3]), rgb=UNKNOWN, text='', units='height', win=Window(...), wrapWidth=1)
462.2990 	EXP 	Created diffText = TextStim(__class__=<class 'psychopy.visual.text.TextStim'>, alignHoriz=method-wrapper(...), alignText='center', alignVert=method-wrapper(...), anchorHoriz='center', anchorVert='center', antialias=True, autoDraw=False, autoLog=True, bold=False, color=array([1, 1, 1]), colorSpace='rgb', contrast=1.0, depth=-3.0, flipHoriz=False, flipVert=False, font='Arial', fontFiles=[], height=0.03, italic=False, languageStyle='LTR', name='diffText', opacity=1.0, ori=0, pos=array([ 0.2, -0.3]), rgb=UNKNOWN, text='', units='height', win=Window(...), wrapWidth=1)
462.2999 	EXP 	Created leftCL = Rect(__class__=<class 'psychopy.visual.rect.Rect'>, anchor=('center', 'center'), autoDraw=False, autoLog=True, closeShape=True, color=method-wrapper(...), colorSpace='rgb', contrast=None, depth=-4.0, fillColor=array([1., 1., 1.]), fillColorSpace='rgb', fillRGB=array([1., 1., 1.]), interpolate=True, lineColor=array([1, 1, 1]), lineColorSpace='rgb', lineRGB=array([1, 1, 1]), lineWidth=3, name='leftCL', opacity=0.5, ori=0.0, pos=array([-0.2, -0.3]), size=array([-0.2, -0.2]), units='height', vertices=ndarray(...), win=Window(...))
462.3008 	EXP 	Created rightCL = Rect(__class__=<class 'psychopy.visual.rect.Rect'>, anchor=('center', 'center'), autoDraw=False, autoLog=True, closeShape=True, color=method-wrapper(...), colorSpace='rgb', contrast=None, depth=-5.0, fillColor=array([1., 1., 1.]), fillColorSpace='rgb', fillRGB=array([1., 1., 1.]), interpolate=True, lineColor=array([1, 1, 1]), lineColorSpace='rgb', lineRGB=array([1, 1, 1]), lineWidth=3, name='rightCL', opacity=0.5, ori=0.0, pos=array([ 0.2, -0.3]), size=array([0.2, 0.2]), units='height', vertices=ndarray(...), win=Window(...))
462.3008 	EXP 	window1: mouseVisible = True
462.3013 	EXP 	Sound clickedSound set volume 1.000
462.3049 	EXP 	Created retIMG = ImageStim(__class__=<class 'psychopy.visual.image.ImageStim'>, anchor=('center', 'center'), autoLog=True, color=array([1, 1, 1]), colorSpace='rgb', contrast=1.0, depth=-1.0, flipHoriz=False, flipVert=False, image='sin', interpolate=True, mask=None, maskParams=None, name='retIMG', opacity=1.0, ori=0.0, pos=array([0., 0.]), size=array([0.25, 0.25]), texRes=128, units='height', win=Window(...))
462.3145 	EXP 	Sound sound_pop7 set volume 1.000
462.3169 	EXP 	Created question_text = TextStim(__class__=<class 'psychopy.visual.text.TextStim'>, alignHoriz=method-wrapper(...), alignText='center', alignVert=method-wrapper(...), anchorHoriz='center', anchorVert='center', antialias=True, autoDraw=False, autoLog=True, bold=False, color=array([1, 1, 1]), colorSpace='rgb', contrast=1.0, depth=0.0, flipHoriz=False, flipVert=False, font='Arial', fontFiles=[], height=0.03, italic=False, languageStyle='LTR', name='question_text', opacity=1.0, ori=0, pos=array([0. , 0.3]), rgb=UNKNOWN, text='When did you see this object?', units='height', win=Window(...), wrapWidth=1)
462.3190 	EXP 	Created decisionQ_2 = TextStim(__class__=<class 'psychopy.visual.text.TextStim'>, alignHoriz=method-wrapper(...), alignText='center', alignVert=method-wrapper(...), anchorHoriz='center', anchorVert='center', antialias=True, autoDraw=False, autoLog=True, bold=False, color=array([1, 1, 1]), colorSpace='rgb', contrast=1.0, depth=-1.0, flipHoriz=False, flipVert=False, font='Arial', fontFiles=[], height=0.03, italic=False, languageStyle='LTR', name='decisionQ_2', opacity=1.0, ori=0, pos=array([0. , 0.3]), rgb=UNKNOWN, text='When did you see this object?', units='height', win=Window(...), wrapWidth=1)
462.3198 	EXP 	Created first_left = Rect(__class__=<class 'psychopy.visual.rect.Rect'>, anchor=('center', 'center'), autoDraw=False, autoLog=True, closeShape=True, color=method-wrapper(...), colorSpace='rgb', contrast=None, depth=-2.0, fillColor=array([1, 1, 1]), fillColorSpace='rgb', fillRGB=array([1, 1, 1]), interpolate=True, lineColor=array([1, 1, 1]), lineColorSpace='rgb', lineRGB=array([1, 1, 1]), lineWidth=3, name='first_left', opacity=0.5, ori=0.0, pos=array([0. , 0.1]), size=array([0.15, 0.15]), units='height', vertices=ndarray(...), win=Window(...))
462.3205 	EXP 	Created second_middle = Rect(__class__=<class 'psychopy.visual.rect.Rect'>, anchor=('center', 'center'), autoDraw=False, autoLog=True, closeShape=True, color=method-wrapper(...), colorSpace='rgb', contrast=None, depth=-3.0, fillColor=array([1, 1, 1]), fillColorSpace='rgb', fillRGB=array([1, 1, 1]), interpolate=True, lineColor=array([1, 1, 1]), lineColorSpace='rgb', lineRGB=array([1, 1, 1]), lineWidth=3, name='second_middle', opacity=0.5, ori=0.0, pos=array([ 0. , -0.1]), size=array([0.15, 0.15]), units='height', vertices=ndarray(...), win=Window(...))
462.3211 	EXP 	Created third_right = Rect(__class__=<class 'psychopy.visual.rect.Rect'>, anchor=('center', 'center'), autoDraw=False, autoLog=True, closeShape=True, color=method-wrapper(...), colorSpace='rgb', contrast=None, depth=-4.0, fillColor=array([1, 1, 1]), fillColorSpace='rgb', fillRGB=array([1, 1, 1]), interpolate=True, lineColor=array([1, 1, 1]), lineColorSpace='rgb', lineRGB=array([1, 1, 1]), lineWidth=3, name='third_right', opacity=0.5, ori=0.0, pos=array([ 0. , -0.3]), size=array([0.15, 0.15]), units='height', vertices=ndarray(...), win=Window(...))
462.3232 	EXP 	Created First = TextStim(__class__=<class 'psychopy.visual.text.TextStim'>, alignHoriz=method-wrapper(...), alignText='center', alignVert=method-wrapper(...), anchorHoriz='center', anchorVert='center', antialias=True, autoDraw=False, autoLog=True, bold=False, color=array([1, 1, 1]), colorSpace='rgb', contrast=1.0, depth=-5.0, flipHoriz=False, flipVert=False, font='Arial', fontFiles=[], height=0.03, italic=False, languageStyle='LTR', name='First', opacity=1.0, ori=0, pos=array([0. , 0.1]), rgb=UNKNOWN, text='First', units='height', win=Window(...), wrapWidth=1)
462.3258 	EXP 	Created Second = TextStim(__class__=<class 'psychopy.visual.text.TextStim'>, alignHoriz=method-wrapper(...), alignText='center', alignVert=method-wrapper(...), anchorHoriz='center', anchorVert='center', antialias=True, autoDraw=False, autoLog=True, bold=False, color=array([1, 1, 1]), colorSpace='rgb', contrast=1.0, depth=-6.0, flipHoriz=False, flipVert=False, font='Arial', fontFiles=[], height=0.03, italic=False, languageStyle='LTR', name='Second', opacity=1.0, ori=0, pos=array([ 0. , -0.1]), rgb=UNKNOWN, text='Second', units='height', win=Window(...), wrapWidth=1)
462.3278 	EXP 	Created Third = TextStim(__class__=<class 'psychopy.visual.text.TextStim'>, alignHoriz=method-wrapper(...), alignText='center', alignVert=method-wrapper(...), anchorHoriz='center', anchorVert='center', antialias=True, autoDraw=False, autoLog=True, bold=False, color=array([1, 1, 1]), colorSpace='rgb', contrast=1.0, depth=-7.0, flipHoriz=False, flipVert=False, font='Arial', fontFiles=[], height=0.03, italic=False, languageStyle='LTR', name='Third', opacity=1.0, ori=0, pos=array([ 0. , -0.3]), rgb=UNKNOWN, text='Third', units='height', win=Window(...), wrapWidth=1)
462.3279 	EXP 	window1: mouseVisible = True
462.3283 	EXP 	Sound clickedSound set volume 1.000
462.3311 	EXP 	Created end = TextStim(__class__=<class 'psychopy.visual.text.TextStim'>, alignHoriz=method-wrapper(...), alignText='center', alignVert=method-wrapper(...), anchorHoriz='center', anchorVert='center', antialias=True, autoDraw=False, autoLog=True, bold=False, color=array([1, 1, 1]), colorSpace='rgb', contrast=1.0, depth=0.0, flipHoriz=False, flipVert=False, font='Arial', fontFiles=[], height=0.03, italic=False, languageStyle='LTR', name='end', opacity=1.0, ori=0, pos=array([0., 0.]), rgb=UNKNOWN, text=str(...), units='height', win=Window(...), wrapWidth=1)
462.3350 	EXP 	Instructions: autoDraw = True
462.6088 	EXP 	Created sequence: random, trialTypes=1, nReps=3, seed=None
462.6090 	EXP 	New trial (rep=0, index=0): None
462.7318 	DATA 	Keypress: space
462.8400 	EXP 	Instructions: autoDraw = False
462.8400 	EXP 	fix: autoDraw = True
464.7077 	EXP 	Sound sound_pop started
464.7023 	EXP 	fix: autoDraw = False
464.7023 	EXP 	fix: autoDraw = False
464.7023 	EXP 	Triplet1: image = 'images/OBJ_33.png'
464.7023 	EXP 	Triplet2: image = 'images/OBJ_105.png'
464.7023 	EXP 	Triplet3: image = 'images/OBJ_24.png'
464.7023 	EXP 	Triplet1: autoDraw = True
465.0796 	EXP 	Sound sound_pop reached end of file
466.2077 	EXP 	Triplet1: autoDraw = False
466.6904 	EXP 	Sound sound_pop2 started
466.6904 	EXP 	Triplet2: autoDraw = True
467.0585 	EXP 	Sound sound_pop2 reached end of file
468.1899 	EXP 	Triplet2: autoDraw = False
468.6898 	EXP 	Sound sound_pop3 started
468.6898 	EXP 	Triplet3: autoDraw = True
469.0502 	EXP 	Sound sound_pop3 reached end of file
470.1899 	EXP 	Triplet3: autoDraw = False
470.1899 	EXP 	Triplet1: autoDraw = False
470.1899 	EXP 	Triplet2: autoDraw = False
470.1899 	EXP 	Triplet3: autoDraw = False
470.1899 	EXP 	Mask: autoDraw = True
471.8389 	EXP 	Sound sound_pop4 started
471.8299 	EXP 	Mask: autoDraw = False
471.8299 	EXP 	Mask: autoDraw = False
471.8299 	EXP 	img1: image = 'images/OBJ_33.png'
471.8299 	EXP 	img2: image = 'images/OBJ_105.png'
471.8299 	EXP 	img3: image = 'images/OBJ_24.png'
471.8299 	EXP 	img1: autoDraw = True
472.2083 	EXP 	Sound sound_pop4 reached end of file
473.3385 	EXP 	img1: autoDraw = False
473.8217 	EXP 	Sound sound_pop5 started
473.8217 	EXP 	img2: autoDraw = True
474.1890 	EXP 	Sound sound_pop5 reached end of file
475.3212 	EXP 	img2: autoDraw = False
475.8211 	EXP 	Sound sound_pop6 started
475.8211 	EXP 	img3: autoDraw = True
476.1902 	EXP 	Sound sound_pop6 reached end of file
477.3207 	EXP 	img3: autoDraw = False
477.3207 	EXP 	img1: autoDraw = False
477.3207 	EXP 	img2: autoDraw = False
477.3207 	EXP 	img3: autoDraw = False
477.3207 	EXP 	text_2: autoDraw = True
478.3204 	EXP 	text_2: autoDraw = False
478.3204 	EXP 	text_2: autoDraw = False
478.3204 	EXP 	sameText: height = 0.03
478.3204 	EXP 	sameText: height = 0.03
478.3204 	EXP 	sameText: height = 0.03
478.3204 	EXP 	sameText: text = 'Same'
478.3204 	EXP 	diffText: height = 0.03
478.3204 	EXP 	diffText: height = 0.03
478.3204 	EXP 	diffText: height = 0.03
478.3204 	EXP 	diffText: text = 'Different'
478.3204 	EXP 	text: autoDraw = True
478.3204 	EXP 	sameText: autoDraw = True
478.3204 	EXP 	diffText: autoDraw = True
478.3204 	EXP 	leftCL: autoDraw = True
478.3204 	EXP 	rightCL: autoDraw = True
478.7371 	DATA 	Mouse: Left button down, pos=(454,295)
478.7536 	EXP 	Sound clickedSound started
478.7536 	EXP 	text: autoDraw = False
478.7536 	EXP 	sameText: autoDraw = False
478.7536 	EXP 	diffText: autoDraw = False
478.7536 	EXP 	leftCL: autoDraw = False
478.7536 	EXP 	rightCL: autoDraw = False
478.8706 	DATA 	Mouse:  Left button up, pos=(454,295)
479.2494 	EXP 	Sound clickedSound stopped
479.2497 	EXP 	New trial (rep=1, index=0): None
479.4934 	EXP 	fix: autoDraw = True
481.2695 	EXP 	Sound sound_pop started
481.2702 	EXP 	fix: autoDraw = False
481.2702 	EXP 	fix: autoDraw = False
481.2702 	EXP 	Triplet1: image = 'images/OBJ_186.png'
481.2702 	EXP 	Triplet2: image = 'images/OBJ_64.png'
481.2702 	EXP 	Triplet3: image = 'images/OBJ_87.png'
481.2702 	EXP 	Triplet1: autoDraw = True
481.6397 	EXP 	Sound sound_pop reached end of file
482.7857 	EXP 	Triplet1: autoDraw = False
483.2689 	EXP 	Sound sound_pop2 started
483.2689 	EXP 	Triplet2: autoDraw = True
483.6287 	EXP 	Sound sound_pop2 reached end of file
484.7685 	EXP 	Triplet2: autoDraw = False
485.2683 	EXP 	Sound sound_pop3 started
485.2683 	EXP 	Triplet3: autoDraw = True
485.6298 	EXP 	Sound sound_pop3 reached end of file
486.7679 	EXP 	Triplet3: autoDraw = False
486.7679 	EXP 	Triplet1: autoDraw = False
486.7679 	EXP 	Triplet2: autoDraw = False
486.7679 	EXP 	Triplet3: autoDraw = False
486.7679 	EXP 	Mask: autoDraw = True
488.3174 	EXP 	Sound sound_pop4 started
488.3076 	EXP 	Mask: autoDraw = False
488.3076 	EXP 	Mask: autoDraw = False
488.3076 	EXP 	img1: image = 'images/OBJ_186.png'
488.3076 	EXP 	img2: image = 'images/OBJ_64.png'
488.3076 	EXP 	img3: image = 'images/OBJ_87.png'
488.3076 	EXP 	img1: autoDraw = True
488.6906 	EXP 	Sound sound_pop4 reached end of file
489.8170 	EXP 	img1: autoDraw = False
490.3002 	EXP 	Sound sound_pop5 started
490.3002 	EXP 	img2: autoDraw = True
490.6607 	EXP 	Sound sound_pop5 reached end of file
491.7998 	EXP 	img2: autoDraw = False
492.2996 	EXP 	Sound sound_pop6 started
492.2996 	EXP 	img3: autoDraw = True
492.6604 	EXP 	Sound sound_pop6 reached end of file
493.7997 	EXP 	img3: autoDraw = False
493.7997 	EXP 	img1: autoDraw = False
493.7997 	EXP 	img2: autoDraw = False
493.7997 	EXP 	img3: autoDraw = False
493.7997 	EXP 	text_2: autoDraw = True
494.7989 	EXP 	text_2: autoDraw = False
494.7989 	EXP 	text_2: autoDraw = False
494.7989 	EXP 	sameText: text = 'Same'
494.7989 	EXP 	diffText: text = 'Different'
494.7989 	EXP 	text: autoDraw = True
494.7989 	EXP 	sameText: autoDraw = True
494.7989 	EXP 	diffText: autoDraw = True
494.7989 	EXP 	leftCL: autoDraw = True
494.7989 	EXP 	rightCL: autoDraw = True
495.3156 	DATA 	Mouse: Left button down, pos=(444,287)
495.3321 	EXP 	Sound clickedSound started
495.3321 	EXP 	text: autoDraw = False
495.3321 	EXP 	sameText: autoDraw = False
495.3321 	EXP 	diffText: autoDraw = False
495.3321 	EXP 	leftCL: autoDraw = False
495.3321 	EXP 	rightCL: autoDraw = False
495.4658 	DATA 	Mouse:  Left button up, pos=(444,287)
495.8398 	EXP 	Sound clickedSound stopped
495.8400 	EXP 	New trial (rep=2, index=0): None
496.0821 	EXP 	fix: autoDraw = True
497.8652 	EXP 	Sound sound_pop started
497.8548 	EXP 	fix: autoDraw = False
497.8548 	EXP 	fix: autoDraw = False
497.8548 	EXP 	Triplet1: image = 'images/OBJ_200.png'
497.8548 	EXP 	Triplet2: image = 'images/OBJ_52.png'
497.8548 	EXP 	Triplet3: image = 'images/OBJ_38.png'
497.8548 	EXP 	Triplet1: autoDraw = True
498.2301 	EXP 	Sound sound_pop reached end of file
499.3647 	EXP 	Triplet1: autoDraw = False
499.8474 	EXP 	Sound sound_pop2 started
499.8479 	EXP 	Triplet2: autoDraw = True
500.2109 	EXP 	Sound sound_pop2 reached end of file
501.3470 	EXP 	Triplet2: autoDraw = False
501.8468 	EXP 	Sound sound_pop3 started
501.8468 	EXP 	Triplet3: autoDraw = True
502.2100 	EXP 	Sound sound_pop3 reached end of file
503.3464 	EXP 	Triplet3: autoDraw = False
503.3464 	EXP 	Triplet1: autoDraw = False
503.3464 	EXP 	Triplet2: autoDraw = False
503.3464 	EXP 	Triplet3: autoDraw = False
503.3464 	EXP 	Mask: autoDraw = True
504.8959 	EXP 	Sound sound_pop4 started
504.8947 	EXP 	Mask: autoDraw = False
504.8947 	EXP 	Mask: autoDraw = False
504.8947 	EXP 	img1: image = 'images/OBJ_200.png'
504.8947 	EXP 	img2: image = 'images/OBJ_52.png'
504.8947 	EXP 	img3: image = 'images/OBJ_38.png'
504.8947 	EXP 	img1: autoDraw = True
505.2711 	EXP 	Sound sound_pop4 reached end of file
506.3955 	EXP 	img1: autoDraw = False
506.8954 	EXP 	Sound sound_pop5 started
506.8958 	EXP 	img2: autoDraw = True
507.2601 	EXP 	Sound sound_pop5 reached end of file
508.3949 	EXP 	img2: autoDraw = False
508.8948 	EXP 	Sound sound_pop6 started
508.8948 	EXP 	img3: autoDraw = True
509.2612 	EXP 	Sound sound_pop6 reached end of file
510.3943 	EXP 	img3: autoDraw = False
510.3943 	EXP 	img1: autoDraw = False
510.3943 	EXP 	img2: autoDraw = False
510.3943 	EXP 	img3: autoDraw = False
510.3943 	EXP 	text_2: autoDraw = True
511.3941 	EXP 	text_2: autoDraw = False
511.3941 	EXP 	text_2: autoDraw = False
511.3941 	EXP 	sameText: text = 'Same'
511.3941 	EXP 	diffText: text = 'Different'
511.3941 	EXP 	text: autoDraw = True
511.3941 	EXP 	sameText: autoDraw = True
511.3941 	EXP 	diffText: autoDraw = True
511.3941 	EXP 	leftCL: autoDraw = True
511.3941 	EXP 	rightCL: autoDraw = True
511.7275 	DATA 	Mouse: Left button down, pos=(437,292)
511.7440 	EXP 	Sound clickedSound started
511.7440 	EXP 	text: autoDraw = False
511.7440 	EXP 	sameText: autoDraw = False
511.7440 	EXP 	diffText: autoDraw = False
511.7440 	EXP 	leftCL: autoDraw = False
511.7440 	EXP 	rightCL: autoDraw = False
511.8610 	DATA 	Mouse:  Left button up, pos=(437,292)
512.2509 	EXP 	Sound clickedSound stopped
512.2517 	EXP 	Created sequence: random, trialTypes=1, nReps=2, seed=None
512.2518 	EXP 	New trial (rep=0, index=0): None
512.5271 	EXP 	Sound sound_pop7 started
512.5277 	EXP 	retIMG: image = 'images/OBJ_24.png'
512.5277 	EXP 	retIMG: autoDraw = True
512.9009 	EXP 	Sound sound_pop7 reached end of file
514.0266 	EXP 	retIMG: autoDraw = False
514.0266 	EXP 	retIMG: autoDraw = False
514.0266 	EXP 	question_text: autoDraw = True
515.0263 	EXP 	question_text: autoDraw = False
515.0263 	EXP 	question_text: autoDraw = False
515.0263 	EXP 	decisionQ_2: autoDraw = True
515.9927 	EXP 	first_left: autoDraw = True
515.9927 	EXP 	second_middle: autoDraw = True
515.9927 	EXP 	third_right: autoDraw = True
515.9927 	EXP 	First: autoDraw = True
515.9927 	EXP 	Second: autoDraw = True
515.9927 	EXP 	Third: autoDraw = True
516.4433 	DATA 	Mouse: Left button down, pos=(573,353)
516.4598 	EXP 	Sound clickedSound started
516.4598 	EXP 	decisionQ_2: autoDraw = False
516.4598 	EXP 	first_left: autoDraw = False
516.4598 	EXP 	second_middle: autoDraw = False
516.4598 	EXP 	third_right: autoDraw = False
516.4598 	EXP 	First: autoDraw = False
516.4598 	EXP 	Second: autoDraw = False
516.4598 	EXP 	Third: autoDraw = False
516.5763 	DATA 	Mouse:  Left button up, pos=(573,353)
516.9605 	EXP 	Sound clickedSound stopped
516.9609 	EXP 	New trial (rep=1, index=0): None
517.2091 	EXP 	Sound sound_pop7 started
517.2087 	EXP 	retIMG: image = 'images/OBJ_186.png'
517.2087 	EXP 	retIMG: autoDraw = True
517.5798 	EXP 	Sound sound_pop7 reached end of file
518.7091 	EXP 	retIMG: autoDraw = False
518.7091 	EXP 	retIMG: autoDraw = False
518.7091 	EXP 	question_text: autoDraw = True
519.7083 	EXP 	question_text: autoDraw = False
519.7083 	EXP 	question_text: autoDraw = False
519.7083 	EXP 	decisionQ_2: autoDraw = True
520.6752 	EXP 	first_left: autoDraw = True
520.6752 	EXP 	second_middle: autoDraw = True
520.6752 	EXP 	third_right: autoDraw = True
520.6752 	EXP 	First: autoDraw = True
520.6752 	EXP 	Second: autoDraw = True
520.6752 	EXP 	Third: autoDraw = True
521.2581 	DATA 	Mouse: Left button down, pos=(583,573)
521.2746 	EXP 	Sound clickedSound started
521.2745 	EXP 	decisionQ_2: autoDraw = False
521.2745 	EXP 	first_left: autoDraw = False
521.2745 	EXP 	second_middle: autoDraw = False
521.2745 	EXP 	third_right: autoDraw = False
521.2745 	EXP 	First: autoDraw = False
521.2745 	EXP 	Second: autoDraw = False
521.2745 	EXP 	Third: autoDraw = False
521.3749 	DATA 	Mouse:  Left button up, pos=(583,573)
521.7802 	EXP 	Sound clickedSound stopped
521.7838 	EXP 	BlockBreak: autoDraw = True
522.5251 	DATA 	Keypress: lctrl
523.2898 	DATA 	Mouse: Left button down, pos=(816,563)
523.3722 	DATA 	Mouse:  Left button up, pos=(816,563)
524.0224 	DATA 	Keypress: escape
526.3675 	EXP 	window1: mouseVisible = True
526.3675 	EXP 	window1: mouseVisible = True
526.3676 	EXP 	window1: mouseVisible = True
526.3676 	EXP 	window1: mouseVisible = True
526.3676 	EXP 	window1: mouseVisible = True
526.3677 	EXP 	window1: mouseVisible = True
526.3677 	EXP 	window1: mouseVisible = True
526.3677 	EXP 	window1: mouseVisible = True
526.3678 	EXP 	window1: mouseVisible = True
526.3678 	EXP 	window1: mouseVisible = True
526.3678 	EXP 	window1: mouseVisible = True
526.3679 	EXP 	window1: mouseVisible = True
526.3679 	EXP 	window1: mouseVisible = True
526.3679 	EXP 	window1: mouseVisible = True
526.3680 	EXP 	window1: mouseVisible = True
526.3680 	EXP 	window1: mouseVisible = True
526.3680 	EXP 	window1: mouseVisible = True
526.3681 	EXP 	window1: mouseVisible = True
526.3681 	EXP 	window1: mouseVisible = True
526.3681 	EXP 	window1: mouseVisible = True
526.3681 	EXP 	window1: mouseVisible = True
526.3682 	EXP 	window1: mouseVisible = True
526.3682 	EXP 	window1: mouseVisible = True
526.3682 	EXP 	window1: mouseVisible = True
526.3683 	EXP 	window1: mouseVisible = True
526.3683 	EXP 	window1: mouseVisible = True
526.3683 	EXP 	window1: mouseVisible = True
526.3684 	EXP 	window1: mouseVisible = True
526.3684 	EXP 	window1: mouseVisible = True
526.3684 	EXP 	window1: mouseVisible = True
526.3684 	EXP 	window1: mouseVisible = True
526.3685 	EXP 	window1: mouseVisible = True
526.3685 	EXP 	window1: mouseVisible = True
526.3685 	EXP 	window1: mouseVisible = True
526.3686 	EXP 	window1: mouseVisible = True
526.3686 	EXP 	window1: mouseVisible = True
526.3686 	EXP 	window1: mouseVisible = True
526.3687 	EXP 	window1: mouseVisible = True
526.3687 	EXP 	window1: mouseVisible = True
526.3687 	EXP 	window1: mouseVisible = True
526.3687 	EXP 	window1: mouseVisible = True
526.3688 	EXP 	window1: mouseVisible = True
526.3688 	EXP 	window1: mouseVisible = True
526.3688 	EXP 	window1: mouseVisible = True
526.3689 	EXP 	window1: mouseVisible = True
526.3689 	EXP 	window1: mouseVisible = True
526.3689 	EXP 	window1: mouseVisible = True
526.3689 	EXP 	window1: mouseVisible = True
526.3690 	EXP 	window1: mouseVisible = True
526.3690 	EXP 	window1: mouseVisible = True
526.3690 	EXP 	window1: mouseVisible = True
526.3691 	EXP 	window1: mouseVisible = True
526.3691 	EXP 	window1: mouseVisible = True
526.3691 	EXP 	window1: mouseVisible = True
526.3692 	EXP 	window1: mouseVisible = True
526.3692 	EXP 	window1: mouseVisible = True
526.3692 	EXP 	window1: mouseVisible = True
526.3693 	EXP 	window1: mouseVisible = True
526.3693 	EXP 	window1: mouseVisible = True
526.3693 	EXP 	window1: mouseVisible = True
526.3693 	EXP 	window1: mouseVisible = True
526.3694 	EXP 	window1: mouseVisible = True
526.3694 	EXP 	window1: mouseVisible = True
526.3694 	EXP 	window1: mouseVisible = True
526.3695 	EXP 	window1: mouseVisible = True
526.3695 	EXP 	window1: mouseVisible = True
526.3695 	EXP 	window1: mouseVisible = True
526.3696 	EXP 	window1: mouseVisible = True
526.3696 	EXP 	window1: mouseVisible = True
526.3696 	EXP 	window1: mouseVisible = True
526.3696 	EXP 	window1: mouseVisible = True
526.3697 	EXP 	window1: mouseVisible = True
526.3697 	EXP 	window1: mouseVisible = True
526.3697 	EXP 	window1: mouseVisible = True
526.3698 	EXP 	window1: mouseVisible = True
526.3698 	EXP 	window1: mouseVisible = True
526.3698 	EXP 	window1: mouseVisible = True
526.3698 	EXP 	window1: mouseVisible = True
526.3699 	EXP 	window1: mouseVisible = True
526.3699 	EXP 	window1: mouseVisible = True
526.3699 	EXP 	window1: mouseVisible = True
526.3700 	EXP 	window1: mouseVisible = True
526.3700 	EXP 	window1: mouseVisible = True
526.3700 	EXP 	window1: mouseVisible = True
526.3701 	EXP 	window1: mouseVisible = True
526.3701 	EXP 	window1: mouseVisible = True
526.3701 	EXP 	window1: mouseVisible = True
526.3701 	EXP 	window1: mouseVisible = True
526.3702 	EXP 	window1: mouseVisible = True
526.3702 	EXP 	window1: mouseVisible = True
526.3702 	EXP 	window1: mouseVisible = True
526.3703 	EXP 	window1: mouseVisible = True
526.3703 	EXP 	window1: mouseVisible = True
526.3703 	EXP 	window1: mouseVisible = True
526.3704 	EXP 	window1: mouseVisible = True
526.3704 	EXP 	window1: mouseVisible = True
526.3704 	EXP 	window1: mouseVisible = True
526.3705 	EXP 	window1: mouseVisible = True
526.3705 	EXP 	window1: mouseVisible = True
526.3705 	EXP 	window1: mouseVisible = True
526.3705 	EXP 	window1: mouseVisible = True
526.3706 	EXP 	window1: mouseVisible = True
526.3706 	EXP 	window1: mouseVisible = True
526.3706 	EXP 	window1: mouseVisible = True
526.3707 	EXP 	window1: mouseVisible = True
526.3707 	EXP 	window1: mouseVisible = True
526.3707 	EXP 	window1: mouseVisible = True
526.3708 	EXP 	window1: mouseVisible = True
526.3708 	EXP 	window1: mouseVisible = True
526.3708 	EXP 	window1: mouseVisible = True
526.3708 	EXP 	window1: mouseVisible = True
526.3709 	EXP 	window1: mouseVisible = True
526.3709 	EXP 	window1: mouseVisible = True
526.3709 	EXP 	window1: mouseVisible = True
526.3710 	EXP 	window1: mouseVisible = True
526.3710 	EXP 	window1: mouseVisible = True
526.3711 	EXP 	window1: mouseVisible = True
526.3711 	EXP 	window1: mouseVisible = True
526.3711 	EXP 	window1: mouseVisible = True
526.3712 	EXP 	window1: mouseVisible = True
526.3712 	EXP 	window1: mouseVisible = True
526.3712 	EXP 	window1: mouseVisible = True
526.3713 	EXP 	window1: mouseVisible = True
526.3713 	EXP 	window1: mouseVisible = True
526.3713 	EXP 	window1: mouseVisible = True
526.3714 	EXP 	window1: mouseVisible = True
526.3714 	EXP 	window1: mouseVisible = True
526.3714 	EXP 	window1: mouseVisible = True
526.3715 	EXP 	window1: mouseVisible = True
526.3715 	EXP 	window1: mouseVisible = True
526.3715 	EXP 	window1: mouseVisible = True
526.3716 	EXP 	window1: mouseVisible = True
526.3716 	EXP 	window1: mouseVisible = True
526.3716 	EXP 	window1: mouseVisible = True
526.3717 	EXP 	window1: mouseVisible = True
526.3717 	EXP 	window1: mouseVisible = True
526.3717 	EXP 	window1: mouseVisible = True
526.3718 	EXP 	window1: mouseVisible = True
526.3718 	EXP 	window1: mouseVisible = True
526.3719 	EXP 	window1: mouseVisible = True
526.3719 	EXP 	window1: mouseVisible = True
526.3719 	EXP 	window1: mouseVisible = True
526.3720 	EXP 	window1: mouseVisible = True
526.3720 	EXP 	window1: mouseVisible = True
526.3720 	EXP 	window1: mouseVisible = True
526.3721 	EXP 	window1: mouseVisible = True
526.3721 	EXP 	window1: mouseVisible = True
526.3721 	EXP 	window1: mouseVisible = True
526.3722 	EXP 	window1: mouseVisible = True
526.3722 	EXP 	window1: mouseVisible = True
526.3722 	EXP 	window1: mouseVisible = True
526.3723 	EXP 	window1: mouseVisible = True
526.3723 	EXP 	window1: mouseVisible = True
526.3723 	EXP 	window1: mouseVisible = True
526.3724 	EXP 	window1: mouseVisible = True
526.3724 	EXP 	window1: mouseVisible = True
526.3724 	EXP 	window1: mouseVisible = True
526.3725 	EXP 	window1: mouseVisible = True
526.3725 	EXP 	window1: mouseVisible = True
526.3725 	EXP 	window1: mouseVisible = True
526.3726 	EXP 	window1: mouseVisible = True
526.3726 	EXP 	window1: mouseVisible = True
526.3726 	EXP 	window1: mouseVisible = True
526.3727 	EXP 	window1: mouseVisible = True
526.3727 	EXP 	window1: mouseVisible = True
526.3727 	EXP 	window1: mouseVisible = True
526.3728 	EXP 	window1: mouseVisible = True
526.3728 	EXP 	window1: mouseVisible = True
526.3728 	EXP 	window1: mouseVisible = True
526.3729 	EXP 	window1: mouseVisible = True
526.3729 	EXP 	window1: mouseVisible = True
526.3729 	EXP 	window1: mouseVisible = True
526.3730 	EXP 	window1: mouseVisible = True
526.3730 	EXP 	window1: mouseVisible = True
526.3730 	EXP 	window1: mouseVisible = True
526.3731 	EXP 	window1: mouseVisible = True
526.3731 	EXP 	window1: mouseVisible = True
526.3731 	EXP 	window1: mouseVisible = True
526.3732 	EXP 	window1: mouseVisible = True
526.3732 	EXP 	window1: mouseVisible = True
526.3732 	EXP 	window1: mouseVisible = True
526.3733 	EXP 	window1: mouseVisible = True
526.3733 	EXP 	window1: mouseVisible = True
526.3733 	EXP 	window1: mouseVisible = True
526.3734 	EXP 	window1: mouseVisible = True
526.3734 	EXP 	window1: mouseVisible = True
526.3734 	EXP 	window1: mouseVisible = True
526.3735 	EXP 	window1: mouseVisible = True
526.3735 	EXP 	window1: mouseVisible = True
526.3735 	EXP 	window1: mouseVisible = True
526.3736 	EXP 	window1: mouseVisible = True
526.3736 	EXP 	window1: mouseVisible = True
526.3736 	EXP 	window1: mouseVisible = True
526.3737 	EXP 	window1: mouseVisible = True
526.3737 	EXP 	window1: mouseVisible = True
526.3737 	EXP 	window1: mouseVisible = True
526.3737 	EXP 	window1: mouseVisible = True
526.3738 	EXP 	window1: mouseVisible = True
526.3738 	EXP 	window1: mouseVisible = True
526.3738 	EXP 	window1: mouseVisible = True
526.3739 	EXP 	window1: mouseVisible = True
526.3739 	EXP 	window1: mouseVisible = True
526.3739 	EXP 	window1: mouseVisible = True
526.3740 	EXP 	window1: mouseVisible = True
526.3740 	EXP 	window1: mouseVisible = True
526.3740 	EXP 	window1: mouseVisible = True
526.3741 	EXP 	window1: mouseVisible = True
526.3741 	EXP 	window1: mouseVisible = True
526.3741 	EXP 	window1: mouseVisible = True
526.3742 	EXP 	window1: mouseVisible = True
526.3742 	EXP 	window1: mouseVisible = True
526.3742 	EXP 	window1: mouseVisible = True
526.3743 	EXP 	window1: mouseVisible = True
526.3743 	EXP 	window1: mouseVisible = True
526.3743 	EXP 	window1: mouseVisible = True
526.3744 	EXP 	window1: mouseVisible = True
526.3744 	EXP 	window1: mouseVisible = True
526.3744 	EXP 	window1: mouseVisible = True
526.3745 	EXP 	window1: mouseVisible = True
526.3745 	EXP 	window1: mouseVisible = True
526.3745 	EXP 	window1: mouseVisible = True
526.3746 	EXP 	window1: mouseVisible = True
526.3746 	EXP 	window1: mouseVisible = True
526.3746 	EXP 	window1: mouseVisible = True
526.3746 	EXP 	window1: mouseVisible = True
526.3747 	EXP 	window1: mouseVisible = True
526.3747 	EXP 	window1: mouseVisible = True
526.3747 	EXP 	window1: mouseVisible = True
526.3748 	EXP 	window1: mouseVisible = True
526.3748 	EXP 	window1: mouseVisible = True
526.3748 	EXP 	window1: mouseVisible = True
526.3749 	EXP 	window1: mouseVisible = True
526.3749 	EXP 	window1: mouseVisible = True
526.3749 	EXP 	window1: mouseVisible = True
526.3750 	EXP 	window1: mouseVisible = True
526.3750 	EXP 	window1: mouseVisible = True
526.3750 	EXP 	window1: mouseVisible = True
526.3751 	EXP 	window1: mouseVisible = True
526.3751 	EXP 	window1: mouseVisible = True
526.3751 	EXP 	window1: mouseVisible = True
526.3752 	EXP 	window1: mouseVisible = True
526.3752 	EXP 	window1: mouseVisible = True
526.3752 	EXP 	window1: mouseVisible = True
526.3753 	EXP 	window1: mouseVisible = True
526.3753 	EXP 	window1: mouseVisible = True
526.3753 	EXP 	window1: mouseVisible = True
526.3754 	EXP 	window1: mouseVisible = True
526.3754 	EXP 	window1: mouseVisible = True
526.3754 	EXP 	window1: mouseVisible = True
526.3754 	EXP 	window1: mouseVisible = True
526.3755 	EXP 	window1: mouseVisible = True
526.3755 	EXP 	window1: mouseVisible = True
526.3755 	EXP 	window1: mouseVisible = True
526.3756 	EXP 	window1: mouseVisible = True
526.3756 	EXP 	window1: mouseVisible = True
526.3756 	EXP 	window1: mouseVisible = True
526.3757 	EXP 	window1: mouseVisible = True
526.3757 	EXP 	window1: mouseVisible = True
526.3757 	EXP 	window1: mouseVisible = True
526.3758 	EXP 	window1: mouseVisible = True
526.3758 	EXP 	window1: mouseVisible = True
526.3758 	EXP 	window1: mouseVisible = True
526.3758 	EXP 	window1: mouseVisible = True
526.3759 	EXP 	window1: mouseVisible = True
526.3759 	EXP 	window1: mouseVisible = True
526.3759 	EXP 	window1: mouseVisible = True
526.3760 	EXP 	window1: mouseVisible = True
526.3760 	EXP 	window1: mouseVisible = True
526.3760 	EXP 	window1: mouseVisible = True
526.3761 	EXP 	window1: mouseVisible = True
526.3761 	EXP 	window1: mouseVisible = True
526.3761 	EXP 	window1: mouseVisible = True
526.3761 	EXP 	window1: mouseVisible = True
526.3762 	EXP 	window1: mouseVisible = True
526.3762 	EXP 	window1: mouseVisible = True
526.3762 	EXP 	window1: mouseVisible = True
526.3763 	EXP 	window1: mouseVisible = True
526.3763 	EXP 	window1: mouseVisible = True
526.3763 	EXP 	window1: mouseVisible = True
526.3764 	EXP 	window1: mouseVisible = True
526.3764 	EXP 	window1: mouseVisible = True
526.3764 	EXP 	window1: mouseVisible = True
526.3765 	EXP 	window1: mouseVisible = True
526.3765 	EXP 	window1: mouseVisible = True
526.3765 	EXP 	window1: mouseVisible = True
526.3766 	EXP 	window1: mouseVisible = True
526.3766 	EXP 	window1: mouseVisible = True
526.3766 	EXP 	window1: mouseVisible = True
526.3767 	EXP 	window1: mouseVisible = True
526.3767 	EXP 	window1: mouseVisible = True
526.3767 	EXP 	window1: mouseVisible = True
526.3767 	EXP 	window1: mouseVisible = True
526.3768 	EXP 	window1: mouseVisible = True
526.3768 	EXP 	window1: mouseVisible = True
526.3768 	EXP 	window1: mouseVisible = True
526.3769 	EXP 	window1: mouseVisible = True
526.3769 	EXP 	window1: mouseVisible = True
526.3770 	EXP 	window1: mouseVisible = True
526.3770 	EXP 	window1: mouseVisible = True
526.3770 	EXP 	window1: mouseVisible = True
526.3771 	EXP 	window1: mouseVisible = True
526.3771 	EXP 	window1: mouseVisible = True
526.3771 	EXP 	window1: mouseVisible = True
526.3771 	EXP 	window1: mouseVisible = True
526.3772 	EXP 	window1: mouseVisible = True
526.3772 	EXP 	window1: mouseVisible = True
526.3772 	EXP 	window1: mouseVisible = True
526.3773 	EXP 	window1: mouseVisible = True
526.3773 	EXP 	window1: mouseVisible = True
526.3773 	EXP 	window1: mouseVisible = True
526.3774 	EXP 	window1: mouseVisible = True
526.3774 	EXP 	window1: mouseVisible = True
526.3774 	EXP 	window1: mouseVisible = True
526.3775 	EXP 	window1: mouseVisible = True
526.3775 	EXP 	window1: mouseVisible = True
526.3775 	EXP 	window1: mouseVisible = True
526.3775 	EXP 	window1: mouseVisible = True
526.3776 	EXP 	window1: mouseVisible = True
526.3776 	EXP 	window1: mouseVisible = True
526.3776 	EXP 	window1: mouseVisible = True
526.3777 	EXP 	window1: mouseVisible = True
526.3777 	EXP 	window1: mouseVisible = True
526.3777 	EXP 	window1: mouseVisible = True
526.3778 	EXP 	window1: mouseVisible = True
526.3778 	EXP 	window1: mouseVisible = True
526.3778 	EXP 	window1: mouseVisible = True
526.3779 	EXP 	window1: mouseVisible = True
526.3779 	EXP 	window1: mouseVisible = True
526.3779 	EXP 	window1: mouseVisible = True
526.3780 	EXP 	window1: mouseVisible = True
526.3780 	EXP 	window1: mouseVisible = True
526.3780 	EXP 	window1: mouseVisible = True
526.3780 	EXP 	window1: mouseVisible = True
526.3781 	EXP 	window1: mouseVisible = True
526.3781 	EXP 	window1: mouseVisible = True
526.3781 	EXP 	window1: mouseVisible = True
526.3782 	EXP 	window1: mouseVisible = True
526.3782 	EXP 	window1: mouseVisible = True
526.3782 	EXP 	window1: mouseVisible = True
526.3783 	EXP 	window1: mouseVisible = True
526.3783 	EXP 	window1: mouseVisible = True
526.3783 	EXP 	window1: mouseVisible = True
526.3783 	EXP 	window1: mouseVisible = True
526.3784 	EXP 	window1: mouseVisible = True
526.3784 	EXP 	window1: mouseVisible = True
526.3784 	EXP 	window1: mouseVisible = True
526.3785 	EXP 	window1: mouseVisible = True
526.3785 	EXP 	window1: mouseVisible = True
526.3785 	EXP 	window1: mouseVisible = True
526.3786 	EXP 	window1: mouseVisible = True
526.3786 	EXP 	window1: mouseVisible = True
526.3786 	EXP 	window1: mouseVisible = True
526.3787 	EXP 	window1: mouseVisible = True
526.3787 	EXP 	window1: mouseVisible = True
526.3787 	EXP 	window1: mouseVisible = True
526.3788 	EXP 	window1: mouseVisible = True
526.3788 	EXP 	window1: mouseVisible = True
526.3788 	EXP 	window1: mouseVisible = True
526.3788 	EXP 	window1: mouseVisible = True
526.3789 	EXP 	window1: mouseVisible = True
526.3789 	EXP 	window1: mouseVisible = True
526.3789 	EXP 	window1: mouseVisible = True
526.3790 	EXP 	window1: mouseVisible = True
526.3790 	EXP 	window1: mouseVisible = True
526.3790 	EXP 	window1: mouseVisible = True
526.3791 	EXP 	window1: mouseVisible = True
526.3791 	EXP 	window1: mouseVisible = True
526.3791 	EXP 	window1: mouseVisible = True
526.3792 	EXP 	window1: mouseVisible = True
526.3792 	EXP 	window1: mouseVisible = True
526.3792 	EXP 	window1: mouseVisible = True
526.3792 	EXP 	window1: mouseVisible = True
526.3793 	EXP 	window1: mouseVisible = True
526.3793 	EXP 	window1: mouseVisible = True
526.3793 	EXP 	window1: mouseVisible = True
526.3794 	EXP 	window1: mouseVisible = True
526.3794 	EXP 	window1: mouseVisible = True
526.3794 	EXP 	window1: mouseVisible = True
526.3795 	EXP 	window1: mouseVisible = True
526.3795 	EXP 	window1: mouseVisible = True
526.3795 	EXP 	window1: mouseVisible = True
526.3796 	EXP 	window1: mouseVisible = True
526.3796 	EXP 	window1: mouseVisible = True
526.3796 	EXP 	window1: mouseVisible = True
526.3796 	EXP 	window1: mouseVisible = True
526.3797 	EXP 	window1: mouseVisible = True
526.3797 	EXP 	window1: mouseVisible = True
526.3797 	EXP 	window1: mouseVisible = True
526.3798 	EXP 	window1: mouseVisible = True
526.3798 	EXP 	window1: mouseVisible = True
526.3798 	EXP 	window1: mouseVisible = True
526.3799 	EXP 	window1: mouseVisible = True
526.3799 	EXP 	window1: mouseVisible = True
526.3799 	EXP 	window1: mouseVisible = True
526.3799 	EXP 	window1: mouseVisible = True
526.3800 	EXP 	window1: mouseVisible = True
526.3800 	EXP 	window1: mouseVisible = True
526.3800 	EXP 	window1: mouseVisible = True
526.3801 	EXP 	window1: mouseVisible = True
526.3801 	EXP 	window1: mouseVisible = True
526.3801 	EXP 	window1: mouseVisible = True
526.3802 	EXP 	window1: mouseVisible = True
526.3802 	EXP 	window1: mouseVisible = True
526.3802 	EXP 	window1: mouseVisible = True
526.3802 	EXP 	window1: mouseVisible = True
526.3803 	EXP 	window1: mouseVisible = True
526.3803 	EXP 	window1: mouseVisible = True
526.3803 	EXP 	window1: mouseVisible = True
526.3804 	EXP 	window1: mouseVisible = True
526.3804 	EXP 	window1: mouseVisible = True
526.3804 	EXP 	window1: mouseVisible = True
526.3805 	EXP 	window1: mouseVisible = True
526.3805 	EXP 	window1: mouseVisible = True
526.3805 	EXP 	window1: mouseVisible = True
526.3805 	EXP 	window1: mouseVisible = True
526.3806 	EXP 	window1: mouseVisible = True
526.3806 	EXP 	window1: mouseVisible = True
526.3806 	EXP 	window1: mouseVisible = True
526.3807 	EXP 	window1: mouseVisible = True
526.3807 	EXP 	window1: mouseVisible = True
526.3807 	EXP 	window1: mouseVisible = True
526.3808 	EXP 	window1: mouseVisible = True
526.3808 	EXP 	window1: mouseVisible = True
526.3808 	EXP 	window1: mouseVisible = True
526.3809 	EXP 	window1: mouseVisible = True
526.3809 	EXP 	window1: mouseVisible = True
526.3809 	EXP 	window1: mouseVisible = True
526.3809 	EXP 	window1: mouseVisible = True
526.3810 	EXP 	window1: mouseVisible = True
526.3810 	EXP 	window1: mouseVisible = True
526.3810 	EXP 	window1: mouseVisible = True
526.3811 	EXP 	window1: mouseVisible = True
526.3811 	EXP 	window1: mouseVisible = True
526.3811 	EXP 	window1: mouseVisible = True
526.3812 	EXP 	window1: mouseVisible = True
526.3812 	EXP 	window1: mouseVisible = True
526.3812 	EXP 	window1: mouseVisible = True
526.3812 	EXP 	window1: mouseVisible = True
526.3813 	EXP 	window1: mouseVisible = True
526.3813 	EXP 	window1: mouseVisible = True
526.3813 	EXP 	window1: mouseVisible = True
526.3814 	EXP 	window1: mouseVisible = True
526.3814 	EXP 	window1: mouseVisible = True
526.3814 	EXP 	window1: mouseVisible = True
526.3815 	EXP 	window1: mouseVisible = True
526.3815 	EXP 	window1: mouseVisible = True
526.3815 	EXP 	window1: mouseVisible = True
526.3816 	EXP 	window1: mouseVisible = True
526.3816 	EXP 	window1: mouseVisible = True
526.3816 	EXP 	window1: mouseVisible = True
526.3816 	EXP 	window1: mouseVisible = True
526.3817 	EXP 	window1: mouseVisible = True
526.3817 	EXP 	window1: mouseVisible = True
526.3818 	EXP 	window1: mouseVisible = True
526.3818 	EXP 	window1: mouseVisible = True
526.3818 	EXP 	window1: mouseVisible = True
526.3819 	EXP 	window1: mouseVisible = True
526.3819 	EXP 	window1: mouseVisible = True
526.3819 	EXP 	window1: mouseVisible = True
526.3820 	EXP 	window1: mouseVisible = True
526.3820 	EXP 	window1: mouseVisible = True
526.3820 	EXP 	window1: mouseVisible = True
526.3820 	EXP 	window1: mouseVisible = True
526.3821 	EXP 	window1: mouseVisible = True
526.3821 	EXP 	window1: mouseVisible = True
526.3821 	EXP 	window1: mouseVisible = True
526.3822 	EXP 	window1: mouseVisible = True
526.3822 	EXP 	window1: mouseVisible = True
526.3822 	EXP 	window1: mouseVisible = True
526.3823 	EXP 	window1: mouseVisible = True
526.3823 	EXP 	window1: mouseVisible = True
526.3823 	EXP 	window1: mouseVisible = True
526.3823 	EXP 	window1: mouseVisible = True
526.3824 	EXP 	window1: mouseVisible = True
526.3824 	EXP 	window1: mouseVisible = True
526.3824 	EXP 	window1: mouseVisible = True
526.3825 	EXP 	window1: mouseVisible = True
526.3825 	EXP 	window1: mouseVisible = True
526.3825 	EXP 	window1: mouseVisible = True
526.3826 	EXP 	window1: mouseVisible = True
526.3826 	EXP 	window1: mouseVisible = True
526.3826 	EXP 	window1: mouseVisible = True
526.3826 	EXP 	window1: mouseVisible = True
526.3827 	EXP 	window1: mouseVisible = True
526.3827 	EXP 	window1: mouseVisible = True
526.3827 	EXP 	window1: mouseVisible = True
526.3828 	EXP 	window1: mouseVisible = True
526.3828 	EXP 	window1: mouseVisible = True
526.3828 	EXP 	window1: mouseVisible = True
526.3829 	EXP 	window1: mouseVisible = True
526.3829 	EXP 	window1: mouseVisible = True
526.3829 	EXP 	window1: mouseVisible = True
526.3829 	EXP 	window1: mouseVisible = True
526.3830 	EXP 	window1: mouseVisible = True
526.3830 	EXP 	window1: mouseVisible = True
526.3830 	EXP 	window1: mouseVisible = True
526.3831 	EXP 	window1: mouseVisible = True
526.3831 	EXP 	window1: mouseVisible = True
526.3831 	EXP 	window1: mouseVisible = True
526.3832 	EXP 	window1: mouseVisible = True
526.3832 	EXP 	window1: mouseVisible = True
526.3832 	EXP 	window1: mouseVisible = True
526.3832 	EXP 	window1: mouseVisible = True
526.3833 	EXP 	window1: mouseVisible = True
526.3833 	EXP 	window1: mouseVisible = True
526.3833 	EXP 	window1: mouseVisible = True
526.3834 	EXP 	window1: mouseVisible = True
526.3834 	EXP 	window1: mouseVisible = True
526.3834 	EXP 	window1: mouseVisible = True
526.3835 	EXP 	window1: mouseVisible = True
526.3835 	EXP 	window1: mouseVisible = True
526.3835 	EXP 	window1: mouseVisible = True
526.3835 	EXP 	window1: mouseVisible = True
526.3836 	EXP 	window1: mouseVisible = True
526.3836 	EXP 	window1: mouseVisible = True
526.3836 	EXP 	window1: mouseVisible = True
526.3837 	EXP 	window1: mouseVisible = True
526.3837 	EXP 	window1: mouseVisible = True
526.3837 	EXP 	window1: mouseVisible = True
526.3838 	EXP 	window1: mouseVisible = True
526.3838 	EXP 	window1: mouseVisible = True
526.3838 	EXP 	window1: mouseVisible = True
526.3839 	EXP 	window1: mouseVisible = True
526.3839 	EXP 	window1: mouseVisible = True
526.3839 	EXP 	window1: mouseVisible = True
526.3839 	EXP 	window1: mouseVisible = True
526.3840 	EXP 	window1: mouseVisible = True
526.3840 	EXP 	window1: mouseVisible = True
526.3840 	EXP 	window1: mouseVisible = True
526.3841 	EXP 	window1: mouseVisible = True
526.3841 	EXP 	window1: mouseVisible = True
526.3841 	EXP 	window1: mouseVisible = True
526.3842 	EXP 	window1: mouseVisible = True
526.3842 	EXP 	window1: mouseVisible = True
526.3842 	EXP 	window1: mouseVisible = True
526.3843 	EXP 	window1: mouseVisible = True
526.3843 	EXP 	window1: mouseVisible = True
526.3843 	EXP 	window1: mouseVisible = True
526.3843 	EXP 	window1: mouseVisible = True
526.3844 	EXP 	window1: mouseVisible = True
526.3844 	EXP 	window1: mouseVisible = True
526.3844 	EXP 	window1: mouseVisible = True
526.3845 	EXP 	window1: mouseVisible = True
526.3845 	EXP 	window1: mouseVisible = True
526.3845 	EXP 	window1: mouseVisible = True
526.3846 	EXP 	window1: mouseVisible = True
526.3846 	EXP 	window1: mouseVisible = True
526.3846 	EXP 	window1: mouseVisible = True
526.3846 	EXP 	window1: mouseVisible = True
526.3847 	EXP 	window1: mouseVisible = True
526.3847 	EXP 	window1: mouseVisible = True
526.3847 	EXP 	window1: mouseVisible = True
526.3848 	EXP 	window1: mouseVisible = True
526.3848 	EXP 	window1: mouseVisible = True
526.3848 	EXP 	window1: mouseVisible = True
526.3849 	EXP 	window1: mouseVisible = True
526.3849 	EXP 	window1: mouseVisible = True
526.3849 	EXP 	window1: mouseVisible = True
526.3850 	EXP 	window1: mouseVisible = True
526.3850 	EXP 	window1: mouseVisible = True
526.3850 	EXP 	window1: mouseVisible = True
526.3850 	EXP 	window1: mouseVisible = True
526.3851 	EXP 	window1: mouseVisible = True
526.3851 	EXP 	window1: mouseVisible = True
526.3851 	EXP 	window1: mouseVisible = True
526.3852 	EXP 	window1: mouseVisible = True
526.3852 	EXP 	window1: mouseVisible = True
526.3852 	EXP 	window1: mouseVisible = True
526.3853 	EXP 	window1: mouseVisible = True
526.3853 	EXP 	window1: mouseVisible = True
526.3853 	EXP 	window1: mouseVisible = True
526.3853 	EXP 	window1: mouseVisible = True
526.3854 	EXP 	window1: mouseVisible = True
526.3854 	EXP 	window1: mouseVisible = True
526.3854 	EXP 	window1: mouseVisible = True
526.3855 	EXP 	window1: mouseVisible = True
526.3855 	EXP 	window1: mouseVisible = True
526.3855 	EXP 	window1: mouseVisible = True
526.3856 	EXP 	window1: mouseVisible = True
526.3856 	EXP 	window1: mouseVisible = True
526.3856 	EXP 	window1: mouseVisible = True
526.3857 	EXP 	window1: mouseVisible = True
526.3857 	EXP 	window1: mouseVisible = True
526.3857 	EXP 	window1: mouseVisible = True
526.3857 	EXP 	window1: mouseVisible = True
526.3858 	EXP 	window1: mouseVisible = True
526.3858 	EXP 	window1: mouseVisible = True
526.3859 	EXP 	window1: mouseVisible = True
526.3859 	EXP 	window1: mouseVisible = True
526.3859 	EXP 	window1: mouseVisible = True
526.3860 	EXP 	window1: mouseVisible = True
526.3860 	EXP 	window1: mouseVisible = True
526.3860 	EXP 	window1: mouseVisible = True
526.3861 	EXP 	window1: mouseVisible = True
526.3861 	EXP 	window1: mouseVisible = True
526.3861 	EXP 	window1: mouseVisible = True
526.3861 	EXP 	window1: mouseVisible = True
526.3862 	EXP 	window1: mouseVisible = True
526.3862 	EXP 	window1: mouseVisible = True
526.3862 	EXP 	window1: mouseVisible = True
526.3863 	EXP 	window1: mouseVisible = True
526.3863 	EXP 	window1: mouseVisible = True
526.3863 	EXP 	window1: mouseVisible = True
526.3864 	EXP 	window1: mouseVisible = True
526.3864 	EXP 	window1: mouseVisible = True
526.3864 	EXP 	window1: mouseVisible = True
526.3865 	EXP 	window1: mouseVisible = True
526.3865 	EXP 	window1: mouseVisible = True
526.3865 	EXP 	window1: mouseVisible = True
526.3866 	EXP 	window1: mouseVisible = True
526.3866 	EXP 	window1: mouseVisible = True
526.3866 	EXP 	window1: mouseVisible = True
526.3867 	EXP 	window1: mouseVisible = True
526.3867 	EXP 	window1: mouseVisible = True
526.3867 	EXP 	window1: mouseVisible = True
526.3868 	EXP 	window1: mouseVisible = True
526.3868 	EXP 	window1: mouseVisible = True
526.3868 	EXP 	window1: mouseVisible = True
526.3869 	EXP 	window1: mouseVisible = True
526.3869 	EXP 	window1: mouseVisible = True
526.3869 	EXP 	window1: mouseVisible = True
526.3869 	EXP 	window1: mouseVisible = True
526.3870 	EXP 	window1: mouseVisible = True
526.3870 	EXP 	window1: mouseVisible = True
526.3870 	EXP 	window1: mouseVisible = True
526.3871 	EXP 	window1: mouseVisible = True
526.3871 	EXP 	window1: mouseVisible = True
526.3871 	EXP 	window1: mouseVisible = True
526.3872 	EXP 	window1: mouseVisible = True
526.3872 	EXP 	window1: mouseVisible = True
526.3872 	EXP 	window1: mouseVisible = True
526.3873 	EXP 	window1: mouseVisible = True
526.3873 	EXP 	window1: mouseVisible = True
526.3873 	EXP 	window1: mouseVisible = True
526.3873 	EXP 	window1: mouseVisible = True
526.3874 	EXP 	window1: mouseVisible = True
526.3874 	EXP 	window1: mouseVisible = True
526.3874 	EXP 	window1: mouseVisible = True
526.3875 	EXP 	window1: mouseVisible = True
526.3875 	EXP 	window1: mouseVisible = True
526.3875 	EXP 	window1: mouseVisible = True
526.3876 	EXP 	window1: mouseVisible = True
526.3876 	EXP 	window1: mouseVisible = True
526.3876 	EXP 	window1: mouseVisible = True
526.3877 	EXP 	window1: mouseVisible = True
526.3877 	EXP 	window1: mouseVisible = True
526.3877 	EXP 	window1: mouseVisible = True
526.3877 	EXP 	window1: mouseVisible = True
526.3878 	EXP 	window1: mouseVisible = True
526.3878 	EXP 	window1: mouseVisible = True
526.3878 	EXP 	window1: mouseVisible = True
526.3879 	EXP 	window1: mouseVisible = True
526.3879 	EXP 	window1: mouseVisible = True
526.3879 	EXP 	window1: mouseVisible = True
526.3880 	EXP 	window1: mouseVisible = True
526.3880 	EXP 	window1: mouseVisible = True
526.3880 	EXP 	window1: mouseVisible = True
526.3881 	EXP 	window1: mouseVisible = True
526.3881 	EXP 	window1: mouseVisible = True
526.3881 	EXP 	window1: mouseVisible = True
526.3882 	EXP 	window1: mouseVisible = True
526.3882 	EXP 	window1: mouseVisible = True
526.3882 	EXP 	window1: mouseVisible = True
526.3883 	EXP 	window1: mouseVisible = True
526.3883 	EXP 	window1: mouseVisible = True
526.3883 	EXP 	window1: mouseVisible = True
526.3883 	EXP 	window1: mouseVisible = True
526.3884 	EXP 	window1: mouseVisible = True
526.3884 	EXP 	window1: mouseVisible = True
526.3884 	EXP 	window1: mouseVisible = True
526.3885 	EXP 	window1: mouseVisible = True
526.3885 	EXP 	window1: mouseVisible = True
526.3885 	EXP 	window1: mouseVisible = True
526.3886 	EXP 	window1: mouseVisible = True
526.3886 	EXP 	window1: mouseVisible = True
526.3886 	EXP 	window1: mouseVisible = True
526.3887 	EXP 	window1: mouseVisible = True
526.3887 	EXP 	window1: mouseVisible = True
526.3887 	EXP 	window1: mouseVisible = True
526.3888 	EXP 	window1: mouseVisible = True
526.3888 	EXP 	window1: mouseVisible = True
526.3888 	EXP 	window1: mouseVisible = True
526.3888 	EXP 	window1: mouseVisible = True
526.3889 	EXP 	window1: mouseVisible = True
526.3889 	EXP 	window1: mouseVisible = True
526.3889 	EXP 	window1: mouseVisible = True
526.3890 	EXP 	window1: mouseVisible = True
526.3890 	EXP 	window1: mouseVisible = True
526.3890 	EXP 	window1: mouseVisible = True
526.3891 	EXP 	window1: mouseVisible = True
526.3891 	EXP 	window1: mouseVisible = True
526.3891 	EXP 	window1: mouseVisible = True
526.3891 	EXP 	window1: mouseVisible = True
526.3892 	EXP 	window1: mouseVisible = True
526.3892 	EXP 	window1: mouseVisible = True
526.3892 	EXP 	window1: mouseVisible = True
526.3893 	EXP 	window1: mouseVisible = True
526.3893 	EXP 	window1: mouseVisible = True
526.3893 	EXP 	window1: mouseVisible = True
526.3894 	EXP 	window1: mouseVisible = True
526.3894 	EXP 	window1: mouseVisible = True
526.3894 	EXP 	window1: mouseVisible = True
526.3894 	EXP 	window1: mouseVisible = True
526.3895 	EXP 	window1: mouseVisible = True
526.3895 	EXP 	window1: mouseVisible = True
526.3895 	EXP 	window1: mouseVisible = True
526.3896 	EXP 	window1: mouseVisible = True
526.3896 	EXP 	window1: mouseVisible = True
526.3896 	EXP 	window1: mouseVisible = True
526.3897 	EXP 	window1: mouseVisible = True
526.3897 	EXP 	window1: mouseVisible = True
526.3897 	EXP 	window1: mouseVisible = True
526.3897 	EXP 	window1: mouseVisible = True
526.3898 	EXP 	window1: mouseVisible = True
526.3898 	EXP 	window1: mouseVisible = True
526.3898 	EXP 	window1: mouseVisible = True
526.3899 	EXP 	window1: mouseVisible = True
526.3899 	EXP 	window1: mouseVisible = True
526.3899 	EXP 	window1: mouseVisible = True
526.3900 	EXP 	window1: mouseVisible = True
526.3900 	EXP 	window1: mouseVisible = True
526.3900 	EXP 	window1: mouseVisible = True
526.3900 	EXP 	window1: mouseVisible = True
526.3901 	EXP 	window1: mouseVisible = True
526.3901 	EXP 	window1: mouseVisible = True
526.3901 	EXP 	window1: mouseVisible = True
526.3902 	EXP 	window1: mouseVisible = True
526.3902 	EXP 	window1: mouseVisible = True
526.3902 	EXP 	window1: mouseVisible = True
526.3903 	EXP 	window1: mouseVisible = True
526.3903 	EXP 	window1: mouseVisible = True
526.3903 	EXP 	window1: mouseVisible = True
526.3904 	EXP 	window1: mouseVisible = True
526.3904 	EXP 	window1: mouseVisible = True
526.3904 	EXP 	window1: mouseVisible = True
526.3904 	EXP 	window1: mouseVisible = True
526.3905 	EXP 	window1: mouseVisible = True
526.3905 	EXP 	window1: mouseVisible = True
526.3905 	EXP 	window1: mouseVisible = True
526.3906 	EXP 	window1: mouseVisible = True
526.3906 	EXP 	window1: mouseVisible = True
526.3906 	EXP 	window1: mouseVisible = True
526.3907 	EXP 	window1: mouseVisible = True
526.3907 	EXP 	window1: mouseVisible = True
526.3907 	EXP 	window1: mouseVisible = True
526.3908 	EXP 	window1: mouseVisible = True
526.3908 	EXP 	window1: mouseVisible = True
526.3908 	EXP 	window1: mouseVisible = True
526.3908 	EXP 	window1: mouseVisible = True
526.3909 	EXP 	window1: mouseVisible = True
526.3909 	EXP 	window1: mouseVisible = True
526.3909 	EXP 	window1: mouseVisible = True
526.3910 	EXP 	window1: mouseVisible = True
526.3910 	EXP 	window1: mouseVisible = True
526.3910 	EXP 	window1: mouseVisible = True
526.3911 	EXP 	window1: mouseVisible = True
526.3911 	EXP 	window1: mouseVisible = True
526.3911 	EXP 	window1: mouseVisible = True
526.3912 	EXP 	window1: mouseVisible = True
526.3912 	EXP 	window1: mouseVisible = True
526.3912 	EXP 	window1: mouseVisible = True
526.3912 	EXP 	window1: mouseVisible = True
526.3913 	EXP 	window1: mouseVisible = True
526.3917 	EXP 	window1: mouseVisible = True
526.3917 	EXP 	window1: mouseVisible = True
526.3917 	EXP 	window1: mouseVisible = True
526.3918 	EXP 	window1: mouseVisible = True
526.3918 	EXP 	window1: mouseVisible = True
526.3918 	EXP 	window1: mouseVisible = True
526.3919 	EXP 	window1: mouseVisible = True
526.3919 	EXP 	window1: mouseVisible = True
526.3919 	EXP 	window1: mouseVisible = True
526.3920 	EXP 	window1: mouseVisible = True
526.3920 	EXP 	window1: mouseVisible = True
526.3920 	EXP 	window1: mouseVisible = True
526.3920 	EXP 	window1: mouseVisible = True
526.3921 	EXP 	window1: mouseVisible = True
526.3921 	EXP 	window1: mouseVisible = True
526.3921 	EXP 	window1: mouseVisible = True
526.3922 	EXP 	window1: mouseVisible = True
526.3922 	EXP 	window1: mouseVisible = True
526.3922 	EXP 	window1: mouseVisible = True
526.3923 	EXP 	window1: mouseVisible = True
526.3924 	EXP 	window1: mouseVisible = True
526.3924 	EXP 	window1: mouseVisible = True
526.3925 	EXP 	window1: mouseVisible = True
526.3925 	EXP 	window1: mouseVisible = True
526.3925 	EXP 	window1: mouseVisible = True
526.3926 	EXP 	window1: mouseVisible = True
526.3926 	EXP 	window1: mouseVisible = True
526.3927 	EXP 	window1: mouseVisible = True
526.3927 	EXP 	window1: mouseVisible = True
526.3928 	EXP 	window1: mouseVisible = True
526.3928 	EXP 	window1: mouseVisible = True
526.3928 	EXP 	window1: mouseVisible = True
526.3929 	EXP 	window1: mouseVisible = True
526.3929 	EXP 	window1: mouseVisible = True
526.3929 	EXP 	window1: mouseVisible = True
526.3930 	EXP 	window1: mouseVisible = True
526.3930 	EXP 	window1: mouseVisible = True
526.3930 	EXP 	window1: mouseVisible = True
526.3931 	EXP 	window1: mouseVisible = True
526.3931 	EXP 	window1: mouseVisible = True
526.3931 	EXP 	window1: mouseVisible = True
526.3931 	EXP 	window1: mouseVisible = True
526.3932 	EXP 	window1: mouseVisible = True
526.3932 	EXP 	window1: mouseVisible = True
526.3932 	EXP 	window1: mouseVisible = True
526.3933 	EXP 	window1: mouseVisible = True
526.3933 	EXP 	window1: mouseVisible = True
526.3933 	EXP 	window1: mouseVisible = True
526.3934 	EXP 	window1: mouseVisible = True
526.3934 	EXP 	window1: mouseVisible = True
526.3934 	EXP 	window1: mouseVisible = True
526.3935 	EXP 	window1: mouseVisible = True
526.3935 	EXP 	window1: mouseVisible = True
526.3935 	EXP 	window1: mouseVisible = True
526.3935 	EXP 	window1: mouseVisible = True
526.3936 	EXP 	window1: mouseVisible = True
526.3936 	EXP 	window1: mouseVisible = True
526.3936 	EXP 	window1: mouseVisible = True
526.3937 	EXP 	window1: mouseVisible = True
526.3937 	EXP 	window1: mouseVisible = True
526.3937 	EXP 	window1: mouseVisible = True
526.3938 	EXP 	window1: mouseVisible = True
526.3938 	EXP 	window1: mouseVisible = True
526.3938 	EXP 	window1: mouseVisible = True
526.3938 	EXP 	window1: mouseVisible = True
526.3939 	EXP 	window1: mouseVisible = True
526.3939 	EXP 	window1: mouseVisible = True
526.3939 	EXP 	window1: mouseVisible = True
526.3940 	EXP 	window1: mouseVisible = True
526.3940 	EXP 	window1: mouseVisible = True
526.3940 	EXP 	window1: mouseVisible = True
526.3941 	EXP 	window1: mouseVisible = True
526.3941 	EXP 	window1: mouseVisible = True
526.3941 	EXP 	window1: mouseVisible = True
526.3942 	EXP 	window1: mouseVisible = True
526.3942 	EXP 	window1: mouseVisible = True
526.3942 	EXP 	window1: mouseVisible = True
526.3943 	EXP 	window1: mouseVisible = True
526.3943 	EXP 	window1: mouseVisible = True
526.3943 	EXP 	window1: mouseVisible = True
526.3944 	EXP 	window1: mouseVisible = True
526.3944 	EXP 	window1: mouseVisible = True
526.3944 	EXP 	window1: mouseVisible = True
526.3944 	EXP 	window1: mouseVisible = True
526.3945 	EXP 	window1: mouseVisible = True
526.3945 	EXP 	window1: mouseVisible = True
526.3945 	EXP 	window1: mouseVisible = True
526.3946 	EXP 	window1: mouseVisible = True
526.3946 	EXP 	window1: mouseVisible = True
526.3946 	EXP 	window1: mouseVisible = True
526.3947 	EXP 	window1: mouseVisible = True
526.3947 	EXP 	window1: mouseVisible = True
526.3947 	EXP 	window1: mouseVisible = True
526.3947 	EXP 	window1: mouseVisible = True
526.3948 	EXP 	window1: mouseVisible = True
526.3948 	EXP 	window1: mouseVisible = True
526.3948 	EXP 	window1: mouseVisible = True
526.3949 	EXP 	window1: mouseVisible = True
526.3949 	EXP 	window1: mouseVisible = True
526.3949 	EXP 	window1: mouseVisible = True
526.3950 	EXP 	window1: mouseVisible = True
526.3950 	EXP 	window1: mouseVisible = True
526.3950 	EXP 	window1: mouseVisible = True
526.3950 	EXP 	window1: mouseVisible = True
526.3951 	EXP 	window1: mouseVisible = True
526.3951 	EXP 	window1: mouseVisible = True
526.3951 	EXP 	window1: mouseVisible = True
526.3952 	EXP 	window1: mouseVisible = True
526.3952 	EXP 	window1: mouseVisible = True
526.3952 	EXP 	window1: mouseVisible = True
526.3953 	EXP 	window1: mouseVisible = True
526.3953 	EXP 	window1: mouseVisible = True
526.3953 	EXP 	window1: mouseVisible = True
526.3954 	EXP 	window1: mouseVisible = True
526.3954 	EXP 	window1: mouseVisible = True
526.3954 	EXP 	window1: mouseVisible = True
526.3954 	EXP 	window1: mouseVisible = True
526.3955 	EXP 	window1: mouseVisible = True
526.3955 	EXP 	window1: mouseVisible = True
526.3955 	EXP 	window1: mouseVisible = True
526.3956 	EXP 	window1: mouseVisible = True
526.3956 	EXP 	window1: mouseVisible = True
526.3956 	EXP 	window1: mouseVisible = True
526.3957 	EXP 	window1: mouseVisible = True
526.3957 	EXP 	window1: mouseVisible = True
526.3957 	EXP 	window1: mouseVisible = True
526.3957 	EXP 	window1: mouseVisible = True
526.3958 	EXP 	window1: mouseVisible = True
526.3958 	EXP 	window1: mouseVisible = True
526.3958 	EXP 	window1: mouseVisible = True
526.3959 	EXP 	window1: mouseVisible = True
526.3959 	EXP 	window1: mouseVisible = True
526.3959 	EXP 	window1: mouseVisible = True
526.3960 	EXP 	window1: mouseVisible = True
526.3960 	EXP 	window1: mouseVisible = True
526.3960 	EXP 	window1: mouseVisible = True
526.3961 	EXP 	window1: mouseVisible = True
526.3961 	EXP 	window1: mouseVisible = True
526.3961 	EXP 	window1: mouseVisible = True
526.3961 	EXP 	window1: mouseVisible = True
526.3962 	EXP 	window1: mouseVisible = True
526.3962 	EXP 	window1: mouseVisible = True
526.3962 	EXP 	window1: mouseVisible = True
526.3963 	EXP 	window1: mouseVisible = True
526.3963 	EXP 	window1: mouseVisible = True
526.3963 	EXP 	window1: mouseVisible = True
526.3964 	EXP 	window1: mouseVisible = True
526.3964 	EXP 	window1: mouseVisible = True
526.3964 	EXP 	window1: mouseVisible = True
526.3965 	EXP 	window1: mouseVisible = True
526.3965 	EXP 	window1: mouseVisible = True
526.3965 	EXP 	window1: mouseVisible = True
526.3966 	EXP 	window1: mouseVisible = True
526.3966 	EXP 	window1: mouseVisible = True
526.3966 	EXP 	window1: mouseVisible = True
526.3967 	EXP 	window1: mouseVisible = True
526.3967 	EXP 	window1: mouseVisible = True
526.3968 	EXP 	window1: mouseVisible = True
526.3968 	EXP 	window1: mouseVisible = True
526.3968 	EXP 	window1: mouseVisible = True
526.3969 	EXP 	window1: mouseVisible = True
526.3969 	EXP 	window1: mouseVisible = True
526.3969 	EXP 	window1: mouseVisible = True
526.3969 	EXP 	window1: mouseVisible = True
526.3970 	EXP 	window1: mouseVisible = True
526.3970 	EXP 	window1: mouseVisible = True
526.3970 	EXP 	window1: mouseVisible = True
526.3971 	EXP 	window1: mouseVisible = True
526.3971 	EXP 	window1: mouseVisible = True
526.3971 	EXP 	window1: mouseVisible = True
526.3972 	EXP 	window1: mouseVisible = True
526.3972 	EXP 	window1: mouseVisible = True
526.3972 	EXP 	window1: mouseVisible = True
526.3973 	EXP 	window1: mouseVisible = True
526.3973 	EXP 	window1: mouseVisible = True
526.3973 	EXP 	window1: mouseVisible = True
526.3973 	EXP 	window1: mouseVisible = True
526.3974 	EXP 	window1: mouseVisible = True
526.3974 	EXP 	window1: mouseVisible = True
526.3974 	EXP 	window1: mouseVisible = True
526.3975 	EXP 	window1: mouseVisible = True
526.3975 	EXP 	window1: mouseVisible = True
526.3975 	EXP 	window1: mouseVisible = True
526.3976 	EXP 	window1: mouseVisible = True
526.3976 	EXP 	window1: mouseVisible = True
526.3976 	EXP 	window1: mouseVisible = True
526.3977 	EXP 	window1: mouseVisible = True
526.3977 	EXP 	window1: mouseVisible = True
526.3977 	EXP 	window1: mouseVisible = True
526.3978 	EXP 	window1: mouseVisible = True
526.3978 	EXP 	window1: mouseVisible = True
526.3978 	EXP 	window1: mouseVisible = True
526.3979 	EXP 	window1: mouseVisible = True
526.3979 	EXP 	window1: mouseVisible = True
526.3979 	EXP 	window1: mouseVisible = True
526.3980 	EXP 	window1: mouseVisible = True
526.3980 	EXP 	window1: mouseVisible = True
526.3980 	EXP 	window1: mouseVisible = True
526.3980 	EXP 	window1: mouseVisible = True
526.3981 	EXP 	window1: mouseVisible = True
526.3981 	EXP 	window1: mouseVisible = True
526.3981 	EXP 	window1: mouseVisible = True
526.3982 	EXP 	window1: mouseVisible = True
526.3982 	EXP 	window1: mouseVisible = True
526.3982 	EXP 	window1: mouseVisible = True
526.3983 	EXP 	window1: mouseVisible = True
526.3983 	EXP 	window1: mouseVisible = True
526.3983 	EXP 	window1: mouseVisible = True
526.3984 	EXP 	window1: mouseVisible = True
526.3984 	EXP 	window1: mouseVisible = True
526.3984 	EXP 	window1: mouseVisible = True
526.3985 	EXP 	window1: mouseVisible = True
526.3985 	EXP 	window1: mouseVisible = True
526.3985 	EXP 	window1: mouseVisible = True
526.3985 	EXP 	window1: mouseVisible = True
526.3986 	EXP 	window1: mouseVisible = True
526.3986 	EXP 	window1: mouseVisible = True
526.3986 	EXP 	window1: mouseVisible = True
526.3987 	EXP 	window1: mouseVisible = True
526.3987 	EXP 	window1: mouseVisible = True
526.3987 	EXP 	window1: mouseVisible = True
526.3988 	EXP 	window1: mouseVisible = True
526.3988 	EXP 	window1: mouseVisible = True
526.3988 	EXP 	window1: mouseVisible = True
526.3989 	EXP 	window1: mouseVisible = True
526.3989 	EXP 	window1: mouseVisible = True
526.3989 	EXP 	window1: mouseVisible = True
526.3990 	EXP 	window1: mouseVisible = True
526.3990 	EXP 	window1: mouseVisible = True
526.3990 	EXP 	window1: mouseVisible = True
526.3991 	EXP 	window1: mouseVisible = True
526.3991 	EXP 	window1: mouseVisible = True
526.3991 	EXP 	window1: mouseVisible = True
526.3992 	EXP 	window1: mouseVisible = True
526.3992 	EXP 	window1: mouseVisible = True
526.3992 	EXP 	window1: mouseVisible = True
526.3993 	EXP 	window1: mouseVisible = True
526.3993 	EXP 	window1: mouseVisible = True
526.3993 	EXP 	window1: mouseVisible = True
526.3994 	EXP 	window1: mouseVisible = True
526.3994 	EXP 	window1: mouseVisible = True
526.3994 	EXP 	window1: mouseVisible = True
526.3995 	EXP 	window1: mouseVisible = True
526.3995 	EXP 	window1: mouseVisible = True
526.3995 	EXP 	window1: mouseVisible = True
526.3996 	EXP 	window1: mouseVisible = True
526.3996 	EXP 	window1: mouseVisible = True
526.3996 	EXP 	window1: mouseVisible = True
526.3996 	EXP 	window1: mouseVisible = True
526.3997 	EXP 	window1: mouseVisible = True
526.3997 	EXP 	window1: mouseVisible = True
526.3997 	EXP 	window1: mouseVisible = True
526.3998 	EXP 	window1: mouseVisible = True
526.3998 	EXP 	window1: mouseVisible = True
526.3998 	EXP 	window1: mouseVisible = True
526.3999 	EXP 	window1: mouseVisible = True
526.3999 	EXP 	window1: mouseVisible = True
526.3999 	EXP 	window1: mouseVisible = True
526.4000 	EXP 	window1: mouseVisible = True
526.4000 	EXP 	window1: mouseVisible = True
526.4000 	EXP 	window1: mouseVisible = True
526.4001 	EXP 	window1: mouseVisible = True
526.4001 	EXP 	window1: mouseVisible = True
526.4001 	EXP 	window1: mouseVisible = True
526.4001 	EXP 	window1: mouseVisible = True
526.4002 	EXP 	window1: mouseVisible = True
526.4002 	EXP 	window1: mouseVisible = True
526.4002 	EXP 	window1: mouseVisible = True
526.4003 	EXP 	window1: mouseVisible = True
526.4003 	EXP 	window1: mouseVisible = True
526.4003 	EXP 	window1: mouseVisible = True
526.4004 	EXP 	window1: mouseVisible = True
526.4004 	EXP 	window1: mouseVisible = True
