21.2437 	WARNING 	Monitor specification not found. Creating a temporary one...
21.2728 	WARNING 	User requested fullscreen with size [800 600], but screen is actually [1280, 1024]. Using actual size
22.1797 	EXP 	Created window1 = Window(allowGUI=True, allowStencil=False, autoLog=True, backendConf=UNKNOWN, bitsMode=UNKNOWN, blendMode='avg', bpc=(8, 8, 8), color=array([0, 0, 0]), colorSpace='rgb', depthBits=8, fullscr=<method-wrapper '__getattribute__' of attributeSetter object at 0x000001FFA70C9D00>, gamma=None, gammaErrorPolicy='raise', lms=UNKNOWN, monitor=<psychopy.monitors.calibTools.Monitor object at 0x000001FFA75DE4C0>, multiSample=False, name='window1', numSamples=2, pos=(0, 0), screen=0, size=array([1280, 1024]), stencilBits=0, stereo=False, units='pix', useFBO=False, useRetina=False, viewOri=0.0, viewPos=None, viewScale=None, waitBlanking=True, winType='pyglet')
22.1797 	EXP 	window1: mouseVisible = True
22.1812 	EXP 	window1: mouseVisible = False
28.1251 	DATA 	Keypress: lshift
28.6616 	DATA 	Keypress: lshift
53.0841 	EXP 	window1: units = 'pix'
57.3923 	EXP 	window1: units = 'pix'
57.4289 	WARNING 	User requested fullscreen with size [1280  720], but screen is actually [1280, 1024]. Using actual size
57.8373 	EXP 	Created window1 = Window(allowGUI=False, allowStencil=False, autoLog=True, backendConf=UNKNOWN, bitsMode=UNKNOWN, blendMode='avg', bpc=(8, 8, 8), color=array([0, 0, 0]), colorSpace='rgb', depthBits=8, fullscr=<method-wrapper '__getattribute__' of attributeSetter object at 0x000001FFA70C9D00>, gamma=None, gammaErrorPolicy='raise', lms=UNKNOWN, monitor=<psychopy.monitors.calibTools.Monitor object at 0x000001FFAD8B7940>, multiSample=False, name='window1', numSamples=2, pos=(0, 0), screen=0, size=array([1280, 1024]), stencilBits=0, stereo=False, units='height', useFBO=True, useRetina=False, viewOri=0.0, viewPos=None, viewScale=None, waitBlanking=True, winType='pyglet')
57.8376 	EXP 	window1: mouseVisible = True
57.8376 	EXP 	window1: Attempting to measure frame rate of screen (0) ...
57.8376 	EXP 	window1: recordFrameIntervals = False
58.0040 	EXP 	window1: recordFrameIntervals = True
58.1874 	EXP 	Screen (0) actual frame rate measured at 60.03Hz
58.1874 	EXP 	window1: recordFrameIntervals = False
58.3952 	EXP 	Created Instructions = TextStim(__class__=<class 'psychopy.visual.text.TextStim'>, alignHoriz=method-wrapper(...), alignText='center', alignVert=method-wrapper(...), anchorHoriz='center', anchorVert='center', antialias=True, autoDraw=False, autoLog=True, bold=False, color=array([1, 1, 1]), colorSpace='rgb', contrast=1.0, depth=0.0, flipHoriz=False, flipVert=False, font='Arial', fontFiles=[], height=0.03, italic=False, languageStyle='LTR', name='Instructions', opacity=1.0, ori=0, pos=array([0., 0.]), rgb=UNKNOWN, text=str(...), units='height', win=Window(...), wrapWidth=1)
58.4004 	EXP 	Created Triplet1 = ImageStim(__class__=<class 'psychopy.visual.image.ImageStim'>, anchor=('center', 'center'), autoLog=True, color=array([1, 1, 1]), colorSpace='rgb', contrast=1.0, depth=-1.0, flipHoriz=False, flipVert=False, image='sin', interpolate=True, mask=None, maskParams=None, name='Triplet1', opacity=1.0, ori=0.0, pos=array([0., 0.]), size=array([0.25, 0.25]), texRes=128, units='height', win=Window(...))
58.4047 	EXP 	Created Triplet2 = ImageStim(__class__=<class 'psychopy.visual.image.ImageStim'>, anchor=('center', 'center'), autoLog=True, color=array([1, 1, 1]), colorSpace='rgb', contrast=1.0, depth=-2.0, flipHoriz=False, flipVert=False, image='sin', interpolate=True, mask=None, maskParams=None, name='Triplet2', opacity=1.0, ori=0.0, pos=array([0., 0.]), size=array([0.25, 0.25]), texRes=128, units='height', win=Window(...))
58.4107 	EXP 	Created Triplet3 = ImageStim(__class__=<class 'psychopy.visual.image.ImageStim'>, anchor=('center', 'center'), autoLog=True, color=array([1, 1, 1]), colorSpace='rgb', contrast=1.0, depth=-3.0, flipHoriz=False, flipVert=False, image='sin', interpolate=True, mask=None, maskParams=None, name='Triplet3', opacity=1.0, ori=0.0, pos=array([0., 0.]), size=array([0.25, 0.25]), texRes=128, units='height', win=Window(...))
58.4194 	EXP 	Sound sound_pop set volume 1.000
58.4284 	EXP 	Sound sound_pop2 set volume 1.000
58.4371 	EXP 	Sound sound_pop3 set volume 1.000
58.4686 	EXP 	Created fix = ImageStim(__class__=<class 'psychopy.visual.image.ImageStim'>, anchor=('center', 'center'), autoLog=True, color=array([1, 1, 1]), colorSpace='rgb', contrast=1.0, depth=0.0, flipHoriz=False, flipVert=False, image='images/fixation.png', interpolate=True, mask=None, maskParams=None, name='fix', opacity=1.0, ori=0.0, pos=array([0., 0.]), size=array([0.1 , 0.05]), texRes=128, units='height', win=Window(...))
58.5587 	EXP 	Created Mask = ImageStim(__class__=<class 'psychopy.visual.image.ImageStim'>, anchor=('center', 'center'), autoLog=True, color=array([1, 1, 1]), colorSpace='rgb', contrast=1.0, depth=0.0, flipHoriz=False, flipVert=False, image='images/Mask.png', interpolate=True, mask=None, maskParams=None, name='Mask', opacity=1.0, ori=0.0, pos=array([0., 0.]), size=array([1.5, 0.5]), texRes=128, units='height', win=Window(...))
58.5641 	EXP 	Created img1 = ImageStim(__class__=<class 'psychopy.visual.image.ImageStim'>, anchor=('center', 'center'), autoLog=True, color=array([1, 1, 1]), colorSpace='rgb', contrast=1.0, depth=-1.0, flipHoriz=False, flipVert=False, image='sin', interpolate=True, mask=None, maskParams=None, name='img1', opacity=1.0, ori=0.0, pos=array([0., 0.]), size=array([0.25, 0.25]), texRes=128, units='height', win=Window(...))
58.5689 	EXP 	Created img2 = ImageStim(__class__=<class 'psychopy.visual.image.ImageStim'>, anchor=('center', 'center'), autoLog=True, color=array([1, 1, 1]), colorSpace='rgb', contrast=1.0, depth=-2.0, flipHoriz=False, flipVert=False, image='sin', interpolate=True, mask=None, maskParams=None, name='img2', opacity=1.0, ori=0.0, pos=array([0., 0.]), size=array([0.25, 0.25]), texRes=128, units='height', win=Window(...))
58.5733 	EXP 	Created img3 = ImageStim(__class__=<class 'psychopy.visual.image.ImageStim'>, anchor=('center', 'center'), autoLog=True, color=array([1, 1, 1]), colorSpace='rgb', contrast=1.0, depth=-3.0, flipHoriz=False, flipVert=False, image='sin', interpolate=True, mask=None, maskParams=None, name='img3', opacity=1.0, ori=0.0, pos=array([0., 0.]), size=array([0.25, 0.25]), texRes=128, units='height', win=Window(...))
58.5821 	EXP 	Sound sound_pop4 set volume 1.000
58.5911 	EXP 	Sound sound_pop5 set volume 1.000
58.5999 	EXP 	Sound sound_pop6 set volume 1.000
58.6051 	EXP 	Created text_2 = TextStim(__class__=<class 'psychopy.visual.text.TextStim'>, alignHoriz=method-wrapper(...), alignText='center', alignVert=method-wrapper(...), anchorHoriz='center', anchorVert='center', antialias=True, autoDraw=False, autoLog=True, bold=False, color=array([1, 1, 1]), colorSpace='rgb', contrast=1.0, depth=0.0, flipHoriz=False, flipVert=False, font='Arial', fontFiles=[], height=0.03, italic=False, languageStyle='LTR', name='text_2', opacity=1.0, ori=0, pos=array([0., 0.]), rgb=UNKNOWN, text=str(...), units='height', win=Window(...), wrapWidth=1)
58.6077 	EXP 	Created text = TextStim(__class__=<class 'psychopy.visual.text.TextStim'>, alignHoriz=method-wrapper(...), alignText='center', alignVert=method-wrapper(...), anchorHoriz='center', anchorVert='center', antialias=True, autoDraw=False, autoLog=True, bold=False, color=array([1, 1, 1]), colorSpace='rgb', contrast=1.0, depth=-1.0, flipHoriz=False, flipVert=False, font='Arial', fontFiles=[], height=0.03, italic=False, languageStyle='LTR', name='text', opacity=1.0, ori=0, pos=array([0., 0.]), rgb=UNKNOWN, text=str(...), units='height', win=Window(...), wrapWidth=1)
58.6082 	EXP 	Created sameText = TextStim(__class__=<class 'psychopy.visual.text.TextStim'>, alignHoriz=method-wrapper(...), alignText='center', alignVert=method-wrapper(...), anchorHoriz='center', anchorVert='center', antialias=True, autoDraw=False, autoLog=True, bold=False, color=array([1, 1, 1]), colorSpace='rgb', contrast=1.0, depth=-2.0, flipHoriz=False, flipVert=False, font='Arial', fontFiles=[], height=0.03, italic=False, languageStyle='LTR', name='sameText', opacity=1.0, ori=0, pos=array([-0.2, -0.3]), rgb=UNKNOWN, text='', units='height', win=Window(...), wrapWidth=1)
58.6087 	EXP 	Created diffText = TextStim(__class__=<class 'psychopy.visual.text.TextStim'>, alignHoriz=method-wrapper(...), alignText='center', alignVert=method-wrapper(...), anchorHoriz='center', anchorVert='center', antialias=True, autoDraw=False, autoLog=True, bold=False, color=array([1, 1, 1]), colorSpace='rgb', contrast=1.0, depth=-3.0, flipHoriz=False, flipVert=False, font='Arial', fontFiles=[], height=0.03, italic=False, languageStyle='LTR', name='diffText', opacity=1.0, ori=0, pos=array([ 0.2, -0.3]), rgb=UNKNOWN, text='', units='height', win=Window(...), wrapWidth=1)
58.6097 	EXP 	Created leftCL = Rect(__class__=<class 'psychopy.visual.rect.Rect'>, anchor=('center', 'center'), autoDraw=False, autoLog=True, closeShape=True, color=method-wrapper(...), colorSpace='rgb', contrast=None, depth=-4.0, fillColor=array([1., 1., 1.]), fillColorSpace='rgb', fillRGB=array([1., 1., 1.]), interpolate=True, lineColor=array([1, 1, 1]), lineColorSpace='rgb', lineRGB=array([1, 1, 1]), lineWidth=3, name='leftCL', opacity=0.5, ori=0.0, pos=array([-0.2, -0.3]), size=array([-0.2, -0.2]), units='height', vertices=ndarray(...), win=Window(...))
58.6106 	EXP 	Created rightCL = Rect(__class__=<class 'psychopy.visual.rect.Rect'>, anchor=('center', 'center'), autoDraw=False, autoLog=True, closeShape=True, color=method-wrapper(...), colorSpace='rgb', contrast=None, depth=-5.0, fillColor=array([1., 1., 1.]), fillColorSpace='rgb', fillRGB=array([1., 1., 1.]), interpolate=True, lineColor=array([1, 1, 1]), lineColorSpace='rgb', lineRGB=array([1, 1, 1]), lineWidth=3, name='rightCL', opacity=0.5, ori=0.0, pos=array([ 0.2, -0.3]), size=array([0.2, 0.2]), units='height', vertices=ndarray(...), win=Window(...))
58.6106 	EXP 	window1: mouseVisible = True
58.6110 	EXP 	Sound clickedSound set volume 1.000
58.6147 	EXP 	Created retIMG = ImageStim(__class__=<class 'psychopy.visual.image.ImageStim'>, anchor=('center', 'center'), autoLog=True, color=array([1, 1, 1]), colorSpace='rgb', contrast=1.0, depth=-1.0, flipHoriz=False, flipVert=False, image='sin', interpolate=True, mask=None, maskParams=None, name='retIMG', opacity=1.0, ori=0.0, pos=array([0., 0.]), size=array([0.25, 0.25]), texRes=128, units='height', win=Window(...))
58.6237 	EXP 	Sound sound_pop7 set volume 1.000
58.6261 	EXP 	Created question_text = TextStim(__class__=<class 'psychopy.visual.text.TextStim'>, alignHoriz=method-wrapper(...), alignText='center', alignVert=method-wrapper(...), anchorHoriz='center', anchorVert='center', antialias=True, autoDraw=False, autoLog=True, bold=False, color=array([1, 1, 1]), colorSpace='rgb', contrast=1.0, depth=0.0, flipHoriz=False, flipVert=False, font='Arial', fontFiles=[], height=0.03, italic=False, languageStyle='LTR', name='question_text', opacity=1.0, ori=0, pos=array([0. , 0.3]), rgb=UNKNOWN, text='When did you see this object?', units='height', win=Window(...), wrapWidth=1)
58.6283 	EXP 	Created decisionQ_2 = TextStim(__class__=<class 'psychopy.visual.text.TextStim'>, alignHoriz=method-wrapper(...), alignText='center', alignVert=method-wrapper(...), anchorHoriz='center', anchorVert='center', antialias=True, autoDraw=False, autoLog=True, bold=False, color=array([1, 1, 1]), colorSpace='rgb', contrast=1.0, depth=-1.0, flipHoriz=False, flipVert=False, font='Arial', fontFiles=[], height=0.03, italic=False, languageStyle='LTR', name='decisionQ_2', opacity=1.0, ori=0, pos=array([0. , 0.3]), rgb=UNKNOWN, text='When did you see this object?', units='height', win=Window(...), wrapWidth=1)
58.6290 	EXP 	Created first_left = Rect(__class__=<class 'psychopy.visual.rect.Rect'>, anchor=('center', 'center'), autoDraw=False, autoLog=True, closeShape=True, color=method-wrapper(...), colorSpace='rgb', contrast=None, depth=-2.0, fillColor=array([1, 1, 1]), fillColorSpace='rgb', fillRGB=array([1, 1, 1]), interpolate=True, lineColor=array([1, 1, 1]), lineColorSpace='rgb', lineRGB=array([1, 1, 1]), lineWidth=3, name='first_left', opacity=0.5, ori=0.0, pos=array([0. , 0.1]), size=array([0.15, 0.15]), units='height', vertices=ndarray(...), win=Window(...))
58.6297 	EXP 	Created second_middle = Rect(__class__=<class 'psychopy.visual.rect.Rect'>, anchor=('center', 'center'), autoDraw=False, autoLog=True, closeShape=True, color=method-wrapper(...), colorSpace='rgb', contrast=None, depth=-3.0, fillColor=array([1, 1, 1]), fillColorSpace='rgb', fillRGB=array([1, 1, 1]), interpolate=True, lineColor=array([1, 1, 1]), lineColorSpace='rgb', lineRGB=array([1, 1, 1]), lineWidth=3, name='second_middle', opacity=0.5, ori=0.0, pos=array([ 0. , -0.1]), size=array([0.15, 0.15]), units='height', vertices=ndarray(...), win=Window(...))
58.6304 	EXP 	Created third_right = Rect(__class__=<class 'psychopy.visual.rect.Rect'>, anchor=('center', 'center'), autoDraw=False, autoLog=True, closeShape=True, color=method-wrapper(...), colorSpace='rgb', contrast=None, depth=-4.0, fillColor=array([1, 1, 1]), fillColorSpace='rgb', fillRGB=array([1, 1, 1]), interpolate=True, lineColor=array([1, 1, 1]), lineColorSpace='rgb', lineRGB=array([1, 1, 1]), lineWidth=3, name='third_right', opacity=0.5, ori=0.0, pos=array([ 0. , -0.3]), size=array([0.15, 0.15]), units='height', vertices=ndarray(...), win=Window(...))
58.6330 	EXP 	Created First = TextStim(__class__=<class 'psychopy.visual.text.TextStim'>, alignHoriz=method-wrapper(...), alignText='center', alignVert=method-wrapper(...), anchorHoriz='center', anchorVert='center', antialias=True, autoDraw=False, autoLog=True, bold=False, color=array([1, 1, 1]), colorSpace='rgb', contrast=1.0, depth=-5.0, flipHoriz=False, flipVert=False, font='Arial', fontFiles=[], height=0.03, italic=False, languageStyle='LTR', name='First', opacity=1.0, ori=0, pos=array([0. , 0.1]), rgb=UNKNOWN, text='First', units='height', win=Window(...), wrapWidth=1)
58.6350 	EXP 	Created Second = TextStim(__class__=<class 'psychopy.visual.text.TextStim'>, alignHoriz=method-wrapper(...), alignText='center', alignVert=method-wrapper(...), anchorHoriz='center', anchorVert='center', antialias=True, autoDraw=False, autoLog=True, bold=False, color=array([1, 1, 1]), colorSpace='rgb', contrast=1.0, depth=-6.0, flipHoriz=False, flipVert=False, font='Arial', fontFiles=[], height=0.03, italic=False, languageStyle='LTR', name='Second', opacity=1.0, ori=0, pos=array([ 0. , -0.1]), rgb=UNKNOWN, text='Second', units='height', win=Window(...), wrapWidth=1)
58.6369 	EXP 	Created Third = TextStim(__class__=<class 'psychopy.visual.text.TextStim'>, alignHoriz=method-wrapper(...), alignText='center', alignVert=method-wrapper(...), anchorHoriz='center', anchorVert='center', antialias=True, autoDraw=False, autoLog=True, bold=False, color=array([1, 1, 1]), colorSpace='rgb', contrast=1.0, depth=-7.0, flipHoriz=False, flipVert=False, font='Arial', fontFiles=[], height=0.03, italic=False, languageStyle='LTR', name='Third', opacity=1.0, ori=0, pos=array([ 0. , -0.3]), rgb=UNKNOWN, text='Third', units='height', win=Window(...), wrapWidth=1)
58.6370 	EXP 	window1: mouseVisible = True
58.6374 	EXP 	Sound clickedSound set volume 1.000
58.6454 	EXP 	Created BlockBreak = TextStim(__class__=<class 'psychopy.visual.text.TextStim'>, alignHoriz=method-wrapper(...), alignText='center', alignVert=method-wrapper(...), anchorHoriz='center', anchorVert='center', antialias=True, autoDraw=False, autoLog=True, bold=False, color=array([1, 1, 1]), colorSpace='rgb', contrast=1.0, depth=0.0, flipHoriz=False, flipVert=False, font='Arial', fontFiles=[], height=0.03, italic=False, languageStyle='LTR', name='BlockBreak', opacity=1.0, ori=0, pos=array([0., 0.]), rgb=UNKNOWN, text=str(...), units='height', win=Window(...), wrapWidth=1)
58.6612 	EXP 	Created text_4 = TextStim(__class__=<class 'psychopy.visual.text.TextStim'>, alignHoriz=method-wrapper(...), alignText='center', alignVert=method-wrapper(...), anchorHoriz='center', anchorVert='center', antialias=True, autoDraw=False, autoLog=True, bold=False, color=array([1, 1, 1]), colorSpace='rgb', contrast=1.0, depth=-1.0, flipHoriz=False, flipVert=False, font='Open Sans', fontFiles=[], height=0.03, italic=False, languageStyle='LTR', name='text_4', opacity=1.0, ori=0.0, pos=array([0., 0.]), rgb=UNKNOWN, text=str(...), units='height', win=Window(...), wrapWidth=1)
58.6648 	EXP 	Created Triplet1 = ImageStim(__class__=<class 'psychopy.visual.image.ImageStim'>, anchor=('center', 'center'), autoLog=True, color=array([1, 1, 1]), colorSpace='rgb', contrast=1.0, depth=-1.0, flipHoriz=False, flipVert=False, image='sin', interpolate=True, mask=None, maskParams=None, name='Triplet1', opacity=1.0, ori=0.0, pos=array([0., 0.]), size=array([0.25, 0.25]), texRes=128, units='height', win=Window(...))
58.6692 	EXP 	Created Triplet2 = ImageStim(__class__=<class 'psychopy.visual.image.ImageStim'>, anchor=('center', 'center'), autoLog=True, color=array([1, 1, 1]), colorSpace='rgb', contrast=1.0, depth=-2.0, flipHoriz=False, flipVert=False, image='sin', interpolate=True, mask=None, maskParams=None, name='Triplet2', opacity=1.0, ori=0.0, pos=array([0., 0.]), size=array([0.25, 0.25]), texRes=128, units='height', win=Window(...))
58.6734 	EXP 	Created Triplet3 = ImageStim(__class__=<class 'psychopy.visual.image.ImageStim'>, anchor=('center', 'center'), autoLog=True, color=array([1, 1, 1]), colorSpace='rgb', contrast=1.0, depth=-3.0, flipHoriz=False, flipVert=False, image='sin', interpolate=True, mask=None, maskParams=None, name='Triplet3', opacity=1.0, ori=0.0, pos=array([0., 0.]), size=array([0.25, 0.25]), texRes=128, units='height', win=Window(...))
58.6822 	EXP 	Sound sound_pop set volume 1.000
58.6909 	EXP 	Sound sound_pop2 set volume 1.000
58.6997 	EXP 	Sound sound_pop3 set volume 1.000
58.7216 	EXP 	Created fix = ImageStim(__class__=<class 'psychopy.visual.image.ImageStim'>, anchor=('center', 'center'), autoLog=True, color=array([1, 1, 1]), colorSpace='rgb', contrast=1.0, depth=0.0, flipHoriz=False, flipVert=False, image='images/fixation.png', interpolate=True, mask=None, maskParams=None, name='fix', opacity=1.0, ori=0.0, pos=array([0., 0.]), size=array([0.1 , 0.05]), texRes=128, units='height', win=Window(...))
58.8087 	EXP 	Created Mask = ImageStim(__class__=<class 'psychopy.visual.image.ImageStim'>, anchor=('center', 'center'), autoLog=True, color=array([1, 1, 1]), colorSpace='rgb', contrast=1.0, depth=0.0, flipHoriz=False, flipVert=False, image='images/Mask.png', interpolate=True, mask=None, maskParams=None, name='Mask', opacity=1.0, ori=0.0, pos=array([0., 0.]), size=array([1.5, 0.5]), texRes=128, units='height', win=Window(...))
58.8142 	EXP 	Created img1 = ImageStim(__class__=<class 'psychopy.visual.image.ImageStim'>, anchor=('center', 'center'), autoLog=True, color=array([1, 1, 1]), colorSpace='rgb', contrast=1.0, depth=-1.0, flipHoriz=False, flipVert=False, image='sin', interpolate=True, mask=None, maskParams=None, name='img1', opacity=1.0, ori=0.0, pos=array([0., 0.]), size=array([0.25, 0.25]), texRes=128, units='height', win=Window(...))
58.8188 	EXP 	Created img2 = ImageStim(__class__=<class 'psychopy.visual.image.ImageStim'>, anchor=('center', 'center'), autoLog=True, color=array([1, 1, 1]), colorSpace='rgb', contrast=1.0, depth=-2.0, flipHoriz=False, flipVert=False, image='sin', interpolate=True, mask=None, maskParams=None, name='img2', opacity=1.0, ori=0.0, pos=array([0., 0.]), size=array([0.25, 0.25]), texRes=128, units='height', win=Window(...))
58.8230 	EXP 	Created img3 = ImageStim(__class__=<class 'psychopy.visual.image.ImageStim'>, anchor=('center', 'center'), autoLog=True, color=array([1, 1, 1]), colorSpace='rgb', contrast=1.0, depth=-3.0, flipHoriz=False, flipVert=False, image='sin', interpolate=True, mask=None, maskParams=None, name='img3', opacity=1.0, ori=0.0, pos=array([0., 0.]), size=array([0.25, 0.25]), texRes=128, units='height', win=Window(...))
58.8318 	EXP 	Sound sound_pop4 set volume 1.000
58.8405 	EXP 	Sound sound_pop5 set volume 1.000
58.8492 	EXP 	Sound sound_pop6 set volume 1.000
58.8528 	EXP 	Created text_2 = TextStim(__class__=<class 'psychopy.visual.text.TextStim'>, alignHoriz=method-wrapper(...), alignText='center', alignVert=method-wrapper(...), anchorHoriz='center', anchorVert='center', antialias=True, autoDraw=False, autoLog=True, bold=False, color=array([1, 1, 1]), colorSpace='rgb', contrast=1.0, depth=0.0, flipHoriz=False, flipVert=False, font='Arial', fontFiles=[], height=0.03, italic=False, languageStyle='LTR', name='text_2', opacity=1.0, ori=0, pos=array([0., 0.]), rgb=UNKNOWN, text=str(...), units='height', win=Window(...), wrapWidth=1)
58.8553 	EXP 	Created text = TextStim(__class__=<class 'psychopy.visual.text.TextStim'>, alignHoriz=method-wrapper(...), alignText='center', alignVert=method-wrapper(...), anchorHoriz='center', anchorVert='center', antialias=True, autoDraw=False, autoLog=True, bold=False, color=array([1, 1, 1]), colorSpace='rgb', contrast=1.0, depth=-1.0, flipHoriz=False, flipVert=False, font='Arial', fontFiles=[], height=0.03, italic=False, languageStyle='LTR', name='text', opacity=1.0, ori=0, pos=array([0., 0.]), rgb=UNKNOWN, text=str(...), units='height', win=Window(...), wrapWidth=1)
58.8558 	EXP 	Created sameText = TextStim(__class__=<class 'psychopy.visual.text.TextStim'>, alignHoriz=method-wrapper(...), alignText='center', alignVert=method-wrapper(...), anchorHoriz='center', anchorVert='center', antialias=True, autoDraw=False, autoLog=True, bold=False, color=array([1, 1, 1]), colorSpace='rgb', contrast=1.0, depth=-2.0, flipHoriz=False, flipVert=False, font='Arial', fontFiles=[], height=0.03, italic=False, languageStyle='LTR', name='sameText', opacity=1.0, ori=0, pos=array([-0.2, -0.3]), rgb=UNKNOWN, text='', units='height', win=Window(...), wrapWidth=1)
58.8563 	EXP 	Created diffText = TextStim(__class__=<class 'psychopy.visual.text.TextStim'>, alignHoriz=method-wrapper(...), alignText='center', alignVert=method-wrapper(...), anchorHoriz='center', anchorVert='center', antialias=True, autoDraw=False, autoLog=True, bold=False, color=array([1, 1, 1]), colorSpace='rgb', contrast=1.0, depth=-3.0, flipHoriz=False, flipVert=False, font='Arial', fontFiles=[], height=0.03, italic=False, languageStyle='LTR', name='diffText', opacity=1.0, ori=0, pos=array([ 0.2, -0.3]), rgb=UNKNOWN, text='', units='height', win=Window(...), wrapWidth=1)
58.8572 	EXP 	Created leftCL = Rect(__class__=<class 'psychopy.visual.rect.Rect'>, anchor=('center', 'center'), autoDraw=False, autoLog=True, closeShape=True, color=method-wrapper(...), colorSpace='rgb', contrast=None, depth=-4.0, fillColor=array([1., 1., 1.]), fillColorSpace='rgb', fillRGB=array([1., 1., 1.]), interpolate=True, lineColor=array([1, 1, 1]), lineColorSpace='rgb', lineRGB=array([1, 1, 1]), lineWidth=3, name='leftCL', opacity=0.5, ori=0.0, pos=array([-0.2, -0.3]), size=array([-0.2, -0.2]), units='height', vertices=ndarray(...), win=Window(...))
58.8581 	EXP 	Created rightCL = Rect(__class__=<class 'psychopy.visual.rect.Rect'>, anchor=('center', 'center'), autoDraw=False, autoLog=True, closeShape=True, color=method-wrapper(...), colorSpace='rgb', contrast=None, depth=-5.0, fillColor=array([1., 1., 1.]), fillColorSpace='rgb', fillRGB=array([1., 1., 1.]), interpolate=True, lineColor=array([1, 1, 1]), lineColorSpace='rgb', lineRGB=array([1, 1, 1]), lineWidth=3, name='rightCL', opacity=0.5, ori=0.0, pos=array([ 0.2, -0.3]), size=array([0.2, 0.2]), units='height', vertices=ndarray(...), win=Window(...))
58.8581 	EXP 	window1: mouseVisible = True
58.8585 	EXP 	Sound clickedSound set volume 1.000
58.8622 	EXP 	Created retIMG = ImageStim(__class__=<class 'psychopy.visual.image.ImageStim'>, anchor=('center', 'center'), autoLog=True, color=array([1, 1, 1]), colorSpace='rgb', contrast=1.0, depth=-1.0, flipHoriz=False, flipVert=False, image='sin', interpolate=True, mask=None, maskParams=None, name='retIMG', opacity=1.0, ori=0.0, pos=array([0., 0.]), size=array([0.25, 0.25]), texRes=128, units='height', win=Window(...))
58.8709 	EXP 	Sound sound_pop7 set volume 1.000
58.8734 	EXP 	Created question_text = TextStim(__class__=<class 'psychopy.visual.text.TextStim'>, alignHoriz=method-wrapper(...), alignText='center', alignVert=method-wrapper(...), anchorHoriz='center', anchorVert='center', antialias=True, autoDraw=False, autoLog=True, bold=False, color=array([1, 1, 1]), colorSpace='rgb', contrast=1.0, depth=0.0, flipHoriz=False, flipVert=False, font='Arial', fontFiles=[], height=0.03, italic=False, languageStyle='LTR', name='question_text', opacity=1.0, ori=0, pos=array([0. , 0.3]), rgb=UNKNOWN, text='When did you see this object?', units='height', win=Window(...), wrapWidth=1)
58.8755 	EXP 	Created decisionQ_2 = TextStim(__class__=<class 'psychopy.visual.text.TextStim'>, alignHoriz=method-wrapper(...), alignText='center', alignVert=method-wrapper(...), anchorHoriz='center', anchorVert='center', antialias=True, autoDraw=False, autoLog=True, bold=False, color=array([1, 1, 1]), colorSpace='rgb', contrast=1.0, depth=-1.0, flipHoriz=False, flipVert=False, font='Arial', fontFiles=[], height=0.03, italic=False, languageStyle='LTR', name='decisionQ_2', opacity=1.0, ori=0, pos=array([0. , 0.3]), rgb=UNKNOWN, text='When did you see this object?', units='height', win=Window(...), wrapWidth=1)
58.8763 	EXP 	Created first_left = Rect(__class__=<class 'psychopy.visual.rect.Rect'>, anchor=('center', 'center'), autoDraw=False, autoLog=True, closeShape=True, color=method-wrapper(...), colorSpace='rgb', contrast=None, depth=-2.0, fillColor=array([1, 1, 1]), fillColorSpace='rgb', fillRGB=array([1, 1, 1]), interpolate=True, lineColor=array([1, 1, 1]), lineColorSpace='rgb', lineRGB=array([1, 1, 1]), lineWidth=3, name='first_left', opacity=0.5, ori=0.0, pos=array([0. , 0.1]), size=array([0.15, 0.15]), units='height', vertices=ndarray(...), win=Window(...))
58.8770 	EXP 	Created second_middle = Rect(__class__=<class 'psychopy.visual.rect.Rect'>, anchor=('center', 'center'), autoDraw=False, autoLog=True, closeShape=True, color=method-wrapper(...), colorSpace='rgb', contrast=None, depth=-3.0, fillColor=array([1, 1, 1]), fillColorSpace='rgb', fillRGB=array([1, 1, 1]), interpolate=True, lineColor=array([1, 1, 1]), lineColorSpace='rgb', lineRGB=array([1, 1, 1]), lineWidth=3, name='second_middle', opacity=0.5, ori=0.0, pos=array([ 0. , -0.1]), size=array([0.15, 0.15]), units='height', vertices=ndarray(...), win=Window(...))
58.8776 	EXP 	Created third_right = Rect(__class__=<class 'psychopy.visual.rect.Rect'>, anchor=('center', 'center'), autoDraw=False, autoLog=True, closeShape=True, color=method-wrapper(...), colorSpace='rgb', contrast=None, depth=-4.0, fillColor=array([1, 1, 1]), fillColorSpace='rgb', fillRGB=array([1, 1, 1]), interpolate=True, lineColor=array([1, 1, 1]), lineColorSpace='rgb', lineRGB=array([1, 1, 1]), lineWidth=3, name='third_right', opacity=0.5, ori=0.0, pos=array([ 0. , -0.3]), size=array([0.15, 0.15]), units='height', vertices=ndarray(...), win=Window(...))
58.8796 	EXP 	Created First = TextStim(__class__=<class 'psychopy.visual.text.TextStim'>, alignHoriz=method-wrapper(...), alignText='center', alignVert=method-wrapper(...), anchorHoriz='center', anchorVert='center', antialias=True, autoDraw=False, autoLog=True, bold=False, color=array([1, 1, 1]), colorSpace='rgb', contrast=1.0, depth=-5.0, flipHoriz=False, flipVert=False, font='Arial', fontFiles=[], height=0.03, italic=False, languageStyle='LTR', name='First', opacity=1.0, ori=0, pos=array([0. , 0.1]), rgb=UNKNOWN, text='First', units='height', win=Window(...), wrapWidth=1)
58.8821 	EXP 	Created Second = TextStim(__class__=<class 'psychopy.visual.text.TextStim'>, alignHoriz=method-wrapper(...), alignText='center', alignVert=method-wrapper(...), anchorHoriz='center', anchorVert='center', antialias=True, autoDraw=False, autoLog=True, bold=False, color=array([1, 1, 1]), colorSpace='rgb', contrast=1.0, depth=-6.0, flipHoriz=False, flipVert=False, font='Arial', fontFiles=[], height=0.03, italic=False, languageStyle='LTR', name='Second', opacity=1.0, ori=0, pos=array([ 0. , -0.1]), rgb=UNKNOWN, text='Second', units='height', win=Window(...), wrapWidth=1)
58.8840 	EXP 	Created Third = TextStim(__class__=<class 'psychopy.visual.text.TextStim'>, alignHoriz=method-wrapper(...), alignText='center', alignVert=method-wrapper(...), anchorHoriz='center', anchorVert='center', antialias=True, autoDraw=False, autoLog=True, bold=False, color=array([1, 1, 1]), colorSpace='rgb', contrast=1.0, depth=-7.0, flipHoriz=False, flipVert=False, font='Arial', fontFiles=[], height=0.03, italic=False, languageStyle='LTR', name='Third', opacity=1.0, ori=0, pos=array([ 0. , -0.3]), rgb=UNKNOWN, text='Third', units='height', win=Window(...), wrapWidth=1)
58.8841 	EXP 	window1: mouseVisible = True
58.8845 	EXP 	Sound clickedSound set volume 1.000
58.8874 	EXP 	Created end = TextStim(__class__=<class 'psychopy.visual.text.TextStim'>, alignHoriz=method-wrapper(...), alignText='center', alignVert=method-wrapper(...), anchorHoriz='center', anchorVert='center', antialias=True, autoDraw=False, autoLog=True, bold=False, color=array([1, 1, 1]), colorSpace='rgb', contrast=1.0, depth=0.0, flipHoriz=False, flipVert=False, font='Arial', fontFiles=[], height=0.03, italic=False, languageStyle='LTR', name='end', opacity=1.0, ori=0, pos=array([0., 0.]), rgb=UNKNOWN, text=str(...), units='height', win=Window(...), wrapWidth=1)
58.8912 	EXP 	Instructions: autoDraw = True
62.3221 	EXP 	Created sequence: random, trialTypes=1, nReps=2, seed=None
62.3222 	EXP 	New trial (rep=0, index=0): None
62.4601 	DATA 	Keypress: space
62.5636 	EXP 	Instructions: autoDraw = False
62.5636 	EXP 	fix: autoDraw = True
64.2183 	EXP 	Sound sound_pop started
64.2129 	EXP 	fix: autoDraw = False
64.2129 	EXP 	fix: autoDraw = False
64.2129 	EXP 	Triplet1: image = 'images/OBJ_199.png'
64.2129 	EXP 	Triplet2: image = 'images/OBJ_172.png'
64.2129 	EXP 	Triplet3: image = 'images/OBJ_209.png'
64.2129 	EXP 	Triplet1: autoDraw = True
64.5956 	EXP 	Sound sound_pop reached end of file
65.7182 	EXP 	Triplet1: autoDraw = False
66.2014 	EXP 	Sound sound_pop2 started
66.2014 	EXP 	Triplet2: autoDraw = True
66.5642 	EXP 	Sound sound_pop2 reached end of file
67.7014 	EXP 	Triplet2: autoDraw = False
68.2012 	EXP 	Sound sound_pop3 started
68.2013 	EXP 	Triplet3: autoDraw = True
68.5654 	EXP 	Sound sound_pop3 reached end of file
69.7004 	EXP 	Triplet3: autoDraw = False
69.7004 	EXP 	Triplet1: autoDraw = False
69.7004 	EXP 	Triplet2: autoDraw = False
69.7004 	EXP 	Triplet3: autoDraw = False
69.7004 	EXP 	Mask: autoDraw = True
71.3333 	EXP 	Sound sound_pop4 started
71.3364 	EXP 	Mask: autoDraw = False
71.3364 	EXP 	Mask: autoDraw = False
71.3364 	EXP 	img1: image = 'images/OBJ_199.png'
71.3364 	EXP 	img2: image = 'images/OBJ_172.png'
71.3364 	EXP 	img3: image = 'images/OBJ_209.png'
71.3364 	EXP 	img1: autoDraw = True
71.7160 	EXP 	Sound sound_pop4 reached end of file
72.8495 	EXP 	img1: autoDraw = False
73.3326 	EXP 	Sound sound_pop5 started
73.3327 	EXP 	img2: autoDraw = True
73.6948 	EXP 	Sound sound_pop5 reached end of file
74.8322 	EXP 	img2: autoDraw = False
75.3321 	EXP 	Sound sound_pop6 started
75.3321 	EXP 	img3: autoDraw = True
75.6960 	EXP 	Sound sound_pop6 reached end of file
76.8316 	EXP 	img3: autoDraw = False
76.8316 	EXP 	img1: autoDraw = False
76.8316 	EXP 	img2: autoDraw = False
76.8316 	EXP 	img3: autoDraw = False
76.8316 	EXP 	text_2: autoDraw = True
77.8318 	EXP 	text_2: autoDraw = False
77.8318 	EXP 	text_2: autoDraw = False
77.8318 	EXP 	sameText: height = 0.03
77.8318 	EXP 	sameText: height = 0.03
77.8318 	EXP 	sameText: height = 0.03
77.8318 	EXP 	sameText: text = 'Same'
77.8318 	EXP 	diffText: height = 0.03
77.8318 	EXP 	diffText: height = 0.03
77.8318 	EXP 	diffText: height = 0.03
77.8318 	EXP 	diffText: text = 'Different'
77.8318 	EXP 	text: autoDraw = True
77.8318 	EXP 	sameText: autoDraw = True
77.8318 	EXP 	diffText: autoDraw = True
77.8318 	EXP 	leftCL: autoDraw = True
77.8318 	EXP 	rightCL: autoDraw = True
78.2481 	DATA 	Mouse: Left button down, pos=(492,176)
78.2645 	EXP 	Sound clickedSound started
78.2622 	EXP 	text: autoDraw = False
78.2622 	EXP 	sameText: autoDraw = False
78.2622 	EXP 	diffText: autoDraw = False
78.2622 	EXP 	leftCL: autoDraw = False
78.2622 	EXP 	rightCL: autoDraw = False
78.3820 	DATA 	Mouse:  Left button up, pos=(492,176)
78.7654 	EXP 	Sound clickedSound stopped
78.7658 	EXP 	New trial (rep=1, index=0): None
79.0116 	EXP 	fix: autoDraw = True
80.5809 	EXP 	Sound sound_pop started
80.5711 	EXP 	fix: autoDraw = False
80.5711 	EXP 	fix: autoDraw = False
80.5711 	EXP 	Triplet1: image = 'images/OBJ_45.png'
80.5711 	EXP 	Triplet2: image = 'images/OBJ_47.png'
80.5711 	EXP 	Triplet3: image = 'images/OBJ_123.png'
80.5711 	EXP 	Triplet1: autoDraw = True
80.9558 	EXP 	Sound sound_pop reached end of file
82.0806 	EXP 	Triplet1: autoDraw = False
82.5638 	EXP 	Sound sound_pop2 started
82.5638 	EXP 	Triplet2: autoDraw = True
82.9366 	EXP 	Sound sound_pop2 reached end of file
84.0634 	EXP 	Triplet2: autoDraw = False
84.5632 	EXP 	Sound sound_pop3 started
84.5632 	EXP 	Triplet3: autoDraw = True
84.9256 	EXP 	Sound sound_pop3 reached end of file
86.0623 	EXP 	Triplet3: autoDraw = False
86.0623 	EXP 	Triplet1: autoDraw = False
86.0623 	EXP 	Triplet2: autoDraw = False
86.0623 	EXP 	Triplet3: autoDraw = False
86.0623 	EXP 	Mask: autoDraw = True
87.6121 	EXP 	Sound sound_pop4 started
87.6137 	EXP 	Mask: autoDraw = False
87.6137 	EXP 	Mask: autoDraw = False
87.6137 	EXP 	img1: image = 'images/OBJ_45.png'
87.6137 	EXP 	img2: image = 'images/OBJ_47.png'
87.6137 	EXP 	img3: image = 'images/OBJ_123.png'
87.6137 	EXP 	img1: autoDraw = True
87.9866 	EXP 	Sound sound_pop4 reached end of file
89.1285 	EXP 	img1: autoDraw = False
89.6117 	EXP 	Sound sound_pop5 started
89.6112 	EXP 	img2: autoDraw = True
89.9756 	EXP 	Sound sound_pop5 reached end of file
91.1113 	EXP 	img2: autoDraw = False
91.6106 	EXP 	Sound sound_pop6 started
91.6107 	EXP 	img3: autoDraw = True
91.9767 	EXP 	Sound sound_pop6 reached end of file
93.1103 	EXP 	img3: autoDraw = False
93.1103 	EXP 	img1: autoDraw = False
93.1103 	EXP 	img2: autoDraw = False
93.1103 	EXP 	img3: autoDraw = False
93.1103 	EXP 	text_2: autoDraw = True
94.1100 	EXP 	text_2: autoDraw = False
94.1100 	EXP 	text_2: autoDraw = False
94.1100 	EXP 	sameText: text = 'Same'
94.1100 	EXP 	diffText: text = 'Different'
94.1100 	EXP 	text: autoDraw = True
94.1100 	EXP 	sameText: autoDraw = True
94.1100 	EXP 	diffText: autoDraw = True
94.1100 	EXP 	leftCL: autoDraw = True
94.1100 	EXP 	rightCL: autoDraw = True
94.4616 	DATA 	Mouse: Left button down, pos=(907,131)
94.4932 	EXP 	Sound clickedSound started
94.4932 	EXP 	text: autoDraw = False
94.4932 	EXP 	sameText: autoDraw = False
94.4932 	EXP 	diffText: autoDraw = False
94.4932 	EXP 	leftCL: autoDraw = False
94.4932 	EXP 	rightCL: autoDraw = False
94.6269 	DATA 	Mouse:  Left button up, pos=(907,131)
94.9970 	EXP 	Sound clickedSound stopped
94.9977 	EXP 	Created sequence: random, trialTypes=1, nReps=2, seed=None
94.9978 	EXP 	New trial (rep=0, index=0): None
95.2763 	EXP 	Sound sound_pop7 started
95.2776 	EXP 	retIMG: image = 'images/OBJ_209.png'
95.2776 	EXP 	retIMG: autoDraw = True
95.6552 	EXP 	Sound sound_pop7 reached end of file
96.7925 	EXP 	retIMG: autoDraw = False
96.7925 	EXP 	retIMG: autoDraw = False
96.7925 	EXP 	question_text: autoDraw = True
97.7922 	EXP 	question_text: autoDraw = False
97.7922 	EXP 	question_text: autoDraw = False
97.7922 	EXP 	decisionQ_2: autoDraw = True
98.7753 	EXP 	first_left: autoDraw = True
98.7753 	EXP 	second_middle: autoDraw = True
98.7753 	EXP 	third_right: autoDraw = True
98.7753 	EXP 	First: autoDraw = True
98.7753 	EXP 	Second: autoDraw = True
98.7753 	EXP 	Third: autoDraw = True
99.0755 	DATA 	Mouse: Left button down, pos=(653,371)
99.0919 	EXP 	Sound clickedSound started
99.0919 	EXP 	decisionQ_2: autoDraw = False
99.0919 	EXP 	first_left: autoDraw = False
99.0919 	EXP 	second_middle: autoDraw = False
99.0919 	EXP 	third_right: autoDraw = False
99.0919 	EXP 	First: autoDraw = False
99.0919 	EXP 	Second: autoDraw = False
99.0919 	EXP 	Third: autoDraw = False
99.2423 	DATA 	Mouse:  Left button up, pos=(653,371)
99.5966 	EXP 	Sound clickedSound stopped
99.5970 	EXP 	New trial (rep=1, index=0): None
99.8579 	EXP 	Sound sound_pop7 started
99.8532 	EXP 	retIMG: image = 'images/OBJ_199.png'
99.8532 	EXP 	retIMG: autoDraw = True
100.2261 	EXP 	Sound sound_pop7 reached end of file
101.3578 	EXP 	retIMG: autoDraw = False
101.3578 	EXP 	retIMG: autoDraw = False
101.3578 	EXP 	question_text: autoDraw = True
102.3576 	EXP 	question_text: autoDraw = False
102.3576 	EXP 	question_text: autoDraw = False
102.3576 	EXP 	decisionQ_2: autoDraw = True
103.3406 	EXP 	first_left: autoDraw = True
103.3406 	EXP 	second_middle: autoDraw = True
103.3406 	EXP 	third_right: autoDraw = True
103.3406 	EXP 	First: autoDraw = True
103.3406 	EXP 	Second: autoDraw = True
103.3406 	EXP 	Third: autoDraw = True
103.6746 	DATA 	Mouse: Left button down, pos=(664,538)
103.6910 	EXP 	Sound clickedSound started
103.6905 	EXP 	decisionQ_2: autoDraw = False
103.6905 	EXP 	first_left: autoDraw = False
103.6905 	EXP 	second_middle: autoDraw = False
103.6905 	EXP 	third_right: autoDraw = False
103.6905 	EXP 	First: autoDraw = False
103.6905 	EXP 	Second: autoDraw = False
103.6905 	EXP 	Third: autoDraw = False
103.8243 	DATA 	Mouse:  Left button up, pos=(664,538)
104.1860 	EXP 	Sound clickedSound stopped
104.2071 	EXP 	BlockBreak: autoDraw = True
106.5234 	EXP 	Created sequence: random, trialTypes=1, nReps=2, seed=None
106.5236 	EXP 	New trial (rep=0, index=0): None
106.6455 	DATA 	Keypress: space
106.7491 	EXP 	BlockBreak: autoDraw = False
106.7491 	EXP 	text_4: autoDraw = False
106.7491 	EXP 	fix: autoDraw = True
108.3057 	EXP 	Sound sound_pop started
108.3024 	EXP 	fix: autoDraw = False
108.3024 	EXP 	fix: autoDraw = False
108.3024 	EXP 	Triplet1: image = 'images/OBJ_22.png'
108.3024 	EXP 	Triplet2: image = 'images/OBJ_91.png'
108.3024 	EXP 	Triplet3: image = 'images/OBJ_102.png'
108.3024 	EXP 	Triplet1: autoDraw = True
108.6773 	EXP 	Sound sound_pop reached end of file
109.8058 	EXP 	Triplet1: autoDraw = False
110.3052 	EXP 	Sound sound_pop2 started
110.3052 	EXP 	Triplet2: autoDraw = True
110.6765 	EXP 	Sound sound_pop2 reached end of file
111.8052 	EXP 	Triplet2: autoDraw = False
112.3046 	EXP 	Sound sound_pop3 started
112.3052 	EXP 	Triplet3: autoDraw = True
112.6776 	EXP 	Sound sound_pop3 reached end of file
113.8042 	EXP 	Triplet3: autoDraw = False
113.8042 	EXP 	Triplet1: autoDraw = False
113.8042 	EXP 	Triplet2: autoDraw = False
113.8042 	EXP 	Triplet3: autoDraw = False
113.8042 	EXP 	Mask: autoDraw = True
115.3535 	EXP 	Sound sound_pop4 started
115.3455 	EXP 	Mask: autoDraw = False
115.3455 	EXP 	Mask: autoDraw = False
115.3455 	EXP 	img1: image = 'images/OBJ_22.png'
115.3455 	EXP 	img2: image = 'images/OBJ_91.png'
115.3455 	EXP 	img3: image = 'images/OBJ_102.png'
115.3455 	EXP 	img1: autoDraw = True
115.7163 	EXP 	Sound sound_pop4 reached end of file
116.8538 	EXP 	img1: autoDraw = False
117.3365 	EXP 	Sound sound_pop5 started
117.3370 	EXP 	img2: autoDraw = True
117.6971 	EXP 	Sound sound_pop5 reached end of file
118.8366 	EXP 	img2: autoDraw = False
119.3364 	EXP 	Sound sound_pop6 started
119.3364 	EXP 	img3: autoDraw = True
119.6963 	EXP 	Sound sound_pop6 reached end of file
120.8356 	EXP 	img3: autoDraw = False
120.8356 	EXP 	img1: autoDraw = False
120.8356 	EXP 	img2: autoDraw = False
120.8356 	EXP 	img3: autoDraw = False
120.8356 	EXP 	text_2: autoDraw = True
121.8352 	EXP 	text_2: autoDraw = False
121.8352 	EXP 	text_2: autoDraw = False
121.8352 	EXP 	sameText: text = 'Same'
121.8352 	EXP 	diffText: text = 'Different'
121.8352 	EXP 	text: autoDraw = True
121.8352 	EXP 	sameText: autoDraw = True
121.8352 	EXP 	diffText: autoDraw = True
121.8352 	EXP 	leftCL: autoDraw = True
121.8352 	EXP 	rightCL: autoDraw = True
122.6685 	DATA 	Mouse: Left button down, pos=(489,185)
122.6849 	EXP 	Sound clickedSound started
122.6850 	EXP 	text: autoDraw = False
122.6850 	EXP 	sameText: autoDraw = False
122.6850 	EXP 	diffText: autoDraw = False
122.6850 	EXP 	leftCL: autoDraw = False
122.6850 	EXP 	rightCL: autoDraw = False
122.8186 	DATA 	Mouse:  Left button up, pos=(489,185)
123.1873 	EXP 	Sound clickedSound stopped
123.1876 	EXP 	New trial (rep=1, index=0): None
123.4318 	EXP 	fix: autoDraw = True
124.9842 	EXP 	Sound sound_pop started
124.9805 	EXP 	fix: autoDraw = False
124.9805 	EXP 	fix: autoDraw = False
124.9805 	EXP 	Triplet1: image = 'images/OBJ_85.png'
124.9805 	EXP 	Triplet2: image = 'images/OBJ_183.png'
124.9805 	EXP 	Triplet3: image = 'images/OBJ_16.png'
124.9805 	EXP 	Triplet1: autoDraw = True
125.3576 	EXP 	Sound sound_pop reached end of file
126.4843 	EXP 	Triplet1: autoDraw = False
126.9670 	EXP 	Sound sound_pop2 started
126.9671 	EXP 	Triplet2: autoDraw = True
127.3281 	EXP 	Sound sound_pop2 reached end of file
128.4671 	EXP 	Triplet2: autoDraw = False
128.9669 	EXP 	Sound sound_pop3 started
128.9670 	EXP 	Triplet3: autoDraw = True
129.3273 	EXP 	Sound sound_pop3 reached end of file
130.4660 	EXP 	Triplet3: autoDraw = False
130.4660 	EXP 	Triplet1: autoDraw = False
130.4660 	EXP 	Triplet2: autoDraw = False
130.4660 	EXP 	Triplet3: autoDraw = False
130.4660 	EXP 	Mask: autoDraw = True
132.0158 	EXP 	Sound sound_pop4 started
132.0046 	EXP 	Mask: autoDraw = False
132.0046 	EXP 	Mask: autoDraw = False
132.0046 	EXP 	img1: image = 'images/OBJ_85.png'
132.0046 	EXP 	img2: image = 'images/OBJ_183.png'
132.0046 	EXP 	img3: image = 'images/OBJ_16.png'
132.0046 	EXP 	img1: autoDraw = True
132.3780 	EXP 	Sound sound_pop4 reached end of file
133.5156 	EXP 	img1: autoDraw = False
133.9988 	EXP 	Sound sound_pop5 started
133.9984 	EXP 	img2: autoDraw = True
134.3572 	EXP 	Sound sound_pop5 reached end of file
135.4984 	EXP 	img2: autoDraw = False
135.9982 	EXP 	Sound sound_pop6 started
135.9978 	EXP 	img3: autoDraw = True
136.3644 	EXP 	Sound sound_pop6 reached end of file
137.4974 	EXP 	img3: autoDraw = False
137.4974 	EXP 	img1: autoDraw = False
137.4974 	EXP 	img2: autoDraw = False
137.4974 	EXP 	img3: autoDraw = False
137.4974 	EXP 	text_2: autoDraw = True
138.4970 	EXP 	text_2: autoDraw = False
138.4970 	EXP 	text_2: autoDraw = False
138.4970 	EXP 	sameText: text = 'Same'
138.4970 	EXP 	diffText: text = 'Different'
138.4970 	EXP 	text: autoDraw = True
138.4970 	EXP 	sameText: autoDraw = True
138.4970 	EXP 	diffText: autoDraw = True
138.4970 	EXP 	leftCL: autoDraw = True
138.4970 	EXP 	rightCL: autoDraw = True
139.0138 	DATA 	Mouse: Left button down, pos=(824,185)
139.0302 	EXP 	Sound clickedSound started
139.0302 	EXP 	text: autoDraw = False
139.0302 	EXP 	sameText: autoDraw = False
139.0302 	EXP 	diffText: autoDraw = False
139.0302 	EXP 	leftCL: autoDraw = False
139.0302 	EXP 	rightCL: autoDraw = False
139.1806 	DATA 	Mouse:  Left button up, pos=(824,185)
139.5373 	EXP 	Sound clickedSound stopped
139.5379 	EXP 	Created sequence: random, trialTypes=1, nReps=2, seed=None
139.5380 	EXP 	New trial (rep=0, index=0): None
139.7341 	EXP 	New trial (rep=1, index=0): None
139.9587 	EXP 	Created sequence: random, trialTypes=1, nReps=2, seed=None
139.9588 	EXP 	New trial (rep=0, index=0): None
140.2121 	EXP 	Sound sound_pop7 started
140.2063 	EXP 	retIMG: image = 'images/OBJ_102.png'
140.2063 	EXP 	retIMG: autoDraw = True
140.5785 	EXP 	Sound sound_pop7 reached end of file
141.7128 	EXP 	retIMG: autoDraw = False
141.7128 	EXP 	retIMG: autoDraw = False
141.7128 	EXP 	question_text: autoDraw = True
142.7125 	EXP 	question_text: autoDraw = False
142.7125 	EXP 	question_text: autoDraw = False
142.7125 	EXP 	decisionQ_2: autoDraw = True
143.6955 	EXP 	first_left: autoDraw = True
143.6955 	EXP 	second_middle: autoDraw = True
143.6955 	EXP 	third_right: autoDraw = True
143.6955 	EXP 	First: autoDraw = True
143.6955 	EXP 	Second: autoDraw = True
143.6955 	EXP 	Third: autoDraw = True
143.9976 	DATA 	Mouse: Left button down, pos=(624,384)
144.0287 	EXP 	Sound clickedSound started
144.0288 	EXP 	decisionQ_2: autoDraw = False
144.0288 	EXP 	first_left: autoDraw = False
144.0288 	EXP 	second_middle: autoDraw = False
144.0288 	EXP 	third_right: autoDraw = False
144.0288 	EXP 	First: autoDraw = False
144.0288 	EXP 	Second: autoDraw = False
144.0288 	EXP 	Third: autoDraw = False
144.1624 	DATA 	Mouse:  Left button up, pos=(624,384)
144.5282 	EXP 	Sound clickedSound stopped
144.5369 	EXP 	New trial (rep=1, index=0): None
144.7952 	EXP 	Sound sound_pop7 started
144.7840 	EXP 	retIMG: image = 'images/OBJ_22.png'
144.7840 	EXP 	retIMG: autoDraw = True
145.1577 	EXP 	Sound sound_pop7 reached end of file
146.2948 	EXP 	retIMG: autoDraw = False
146.2948 	EXP 	retIMG: autoDraw = False
146.2948 	EXP 	question_text: autoDraw = True
147.2945 	EXP 	question_text: autoDraw = False
147.2945 	EXP 	question_text: autoDraw = False
147.2945 	EXP 	decisionQ_2: autoDraw = True
148.2609 	EXP 	first_left: autoDraw = True
148.2609 	EXP 	second_middle: autoDraw = True
148.2609 	EXP 	third_right: autoDraw = True
148.2609 	EXP 	First: autoDraw = True
148.2609 	EXP 	Second: autoDraw = True
148.2609 	EXP 	Third: autoDraw = True
148.6443 	DATA 	Mouse: Left button down, pos=(661,543)
148.6608 	EXP 	Sound clickedSound started
148.6613 	EXP 	decisionQ_2: autoDraw = False
148.6613 	EXP 	first_left: autoDraw = False
148.6613 	EXP 	second_middle: autoDraw = False
148.6613 	EXP 	third_right: autoDraw = False
148.6613 	EXP 	First: autoDraw = False
148.6613 	EXP 	Second: autoDraw = False
148.6613 	EXP 	Third: autoDraw = False
148.8115 	DATA 	Mouse:  Left button up, pos=(661,543)
149.1684 	EXP 	Sound clickedSound stopped
149.2493 	EXP 	end: autoDraw = True
154.1758 	EXP 	end: autoDraw = False
156.6349 	EXP 	window1: mouseVisible = True
156.6350 	EXP 	window1: mouseVisible = True
156.6351 	EXP 	window1: mouseVisible = True
156.6351 	EXP 	window1: mouseVisible = True
156.6351 	EXP 	window1: mouseVisible = True
156.6352 	EXP 	window1: mouseVisible = True
156.6352 	EXP 	window1: mouseVisible = True
156.6352 	EXP 	window1: mouseVisible = True
156.6353 	EXP 	window1: mouseVisible = True
156.6353 	EXP 	window1: mouseVisible = True
156.6353 	EXP 	window1: mouseVisible = True
156.6353 	EXP 	window1: mouseVisible = True
156.6354 	EXP 	window1: mouseVisible = True
156.6354 	EXP 	window1: mouseVisible = True
156.6354 	EXP 	window1: mouseVisible = True
156.6355 	EXP 	window1: mouseVisible = True
156.6355 	EXP 	window1: mouseVisible = True
156.6355 	EXP 	window1: mouseVisible = True
156.6355 	EXP 	window1: mouseVisible = True
156.6356 	EXP 	window1: mouseVisible = True
156.6356 	EXP 	window1: mouseVisible = True
156.6356 	EXP 	window1: mouseVisible = True
156.6357 	EXP 	window1: mouseVisible = True
156.6357 	EXP 	window1: mouseVisible = True
156.6357 	EXP 	window1: mouseVisible = True
156.6357 	EXP 	window1: mouseVisible = True
156.6358 	EXP 	window1: mouseVisible = True
156.6358 	EXP 	window1: mouseVisible = True
156.6358 	EXP 	window1: mouseVisible = True
156.6359 	EXP 	window1: mouseVisible = True
156.6359 	EXP 	window1: mouseVisible = True
156.6359 	EXP 	window1: mouseVisible = True
156.6360 	EXP 	window1: mouseVisible = True
156.6360 	EXP 	window1: mouseVisible = True
156.6360 	EXP 	window1: mouseVisible = True
156.6360 	EXP 	window1: mouseVisible = True
156.6361 	EXP 	window1: mouseVisible = True
156.6361 	EXP 	window1: mouseVisible = True
156.6361 	EXP 	window1: mouseVisible = True
156.6362 	EXP 	window1: mouseVisible = True
156.6362 	EXP 	window1: mouseVisible = True
156.6362 	EXP 	window1: mouseVisible = True
156.6362 	EXP 	window1: mouseVisible = True
156.6363 	EXP 	window1: mouseVisible = True
156.6363 	EXP 	window1: mouseVisible = True
156.6363 	EXP 	window1: mouseVisible = True
156.6364 	EXP 	window1: mouseVisible = True
156.6364 	EXP 	window1: mouseVisible = True
156.6364 	EXP 	window1: mouseVisible = True
156.6365 	EXP 	window1: mouseVisible = True
156.6365 	EXP 	window1: mouseVisible = True
156.6365 	EXP 	window1: mouseVisible = True
156.6365 	EXP 	window1: mouseVisible = True
156.6366 	EXP 	window1: mouseVisible = True
156.6366 	EXP 	window1: mouseVisible = True
156.6366 	EXP 	window1: mouseVisible = True
156.6367 	EXP 	window1: mouseVisible = True
156.6367 	EXP 	window1: mouseVisible = True
156.6367 	EXP 	window1: mouseVisible = True
156.6367 	EXP 	window1: mouseVisible = True
156.6368 	EXP 	window1: mouseVisible = True
156.6368 	EXP 	window1: mouseVisible = True
156.6368 	EXP 	window1: mouseVisible = True
156.6369 	EXP 	window1: mouseVisible = True
156.6369 	EXP 	window1: mouseVisible = True
156.6369 	EXP 	window1: mouseVisible = True
156.6369 	EXP 	window1: mouseVisible = True
156.6370 	EXP 	window1: mouseVisible = True
156.6370 	EXP 	window1: mouseVisible = True
156.6370 	EXP 	window1: mouseVisible = True
156.6371 	EXP 	window1: mouseVisible = True
156.6371 	EXP 	window1: mouseVisible = True
156.6371 	EXP 	window1: mouseVisible = True
156.6372 	EXP 	window1: mouseVisible = True
156.6372 	EXP 	window1: mouseVisible = True
156.6372 	EXP 	window1: mouseVisible = True
156.6372 	EXP 	window1: mouseVisible = True
156.6373 	EXP 	window1: mouseVisible = True
156.6373 	EXP 	window1: mouseVisible = True
156.6373 	EXP 	window1: mouseVisible = True
156.6374 	EXP 	window1: mouseVisible = True
156.6374 	EXP 	window1: mouseVisible = True
156.6374 	EXP 	window1: mouseVisible = True
156.6374 	EXP 	window1: mouseVisible = True
156.6375 	EXP 	window1: mouseVisible = True
156.6375 	EXP 	window1: mouseVisible = True
156.6375 	EXP 	window1: mouseVisible = True
156.6376 	EXP 	window1: mouseVisible = True
156.6376 	EXP 	window1: mouseVisible = True
156.6376 	EXP 	window1: mouseVisible = True
156.6376 	EXP 	window1: mouseVisible = True
156.6377 	EXP 	window1: mouseVisible = True
156.6377 	EXP 	window1: mouseVisible = True
156.6377 	EXP 	window1: mouseVisible = True
156.6378 	EXP 	window1: mouseVisible = True
156.6378 	EXP 	window1: mouseVisible = True
156.6379 	EXP 	window1: mouseVisible = True
156.6379 	EXP 	window1: mouseVisible = True
156.6379 	EXP 	window1: mouseVisible = True
156.6380 	EXP 	window1: mouseVisible = True
156.6380 	EXP 	window1: mouseVisible = True
156.6380 	EXP 	window1: mouseVisible = True
156.6381 	EXP 	window1: mouseVisible = True
156.6381 	EXP 	window1: mouseVisible = True
156.6381 	EXP 	window1: mouseVisible = True
156.6382 	EXP 	window1: mouseVisible = True
156.6382 	EXP 	window1: mouseVisible = True
156.6382 	EXP 	window1: mouseVisible = True
156.6383 	EXP 	window1: mouseVisible = True
156.6383 	EXP 	window1: mouseVisible = True
156.6383 	EXP 	window1: mouseVisible = True
156.6383 	EXP 	window1: mouseVisible = True
156.6384 	EXP 	window1: mouseVisible = True
156.6384 	EXP 	window1: mouseVisible = True
156.6384 	EXP 	window1: mouseVisible = True
156.6385 	EXP 	window1: mouseVisible = True
156.6385 	EXP 	window1: mouseVisible = True
156.6385 	EXP 	window1: mouseVisible = True
156.6386 	EXP 	window1: mouseVisible = True
156.6386 	EXP 	window1: mouseVisible = True
156.6386 	EXP 	window1: mouseVisible = True
156.6387 	EXP 	window1: mouseVisible = True
156.6387 	EXP 	window1: mouseVisible = True
156.6387 	EXP 	window1: mouseVisible = True
156.6388 	EXP 	window1: mouseVisible = True
156.6388 	EXP 	window1: mouseVisible = True
156.6388 	EXP 	window1: mouseVisible = True
156.6388 	EXP 	window1: mouseVisible = True
156.6389 	EXP 	window1: mouseVisible = True
156.6389 	EXP 	window1: mouseVisible = True
156.6389 	EXP 	window1: mouseVisible = True
156.6390 	EXP 	window1: mouseVisible = True
156.6390 	EXP 	window1: mouseVisible = True
156.6390 	EXP 	window1: mouseVisible = True
156.6390 	EXP 	window1: mouseVisible = True
156.6391 	EXP 	window1: mouseVisible = True
156.6391 	EXP 	window1: mouseVisible = True
156.6392 	EXP 	window1: mouseVisible = True
156.6392 	EXP 	window1: mouseVisible = True
156.6392 	EXP 	window1: mouseVisible = True
156.6393 	EXP 	window1: mouseVisible = True
156.6393 	EXP 	window1: mouseVisible = True
156.6393 	EXP 	window1: mouseVisible = True
156.6394 	EXP 	window1: mouseVisible = True
156.6394 	EXP 	window1: mouseVisible = True
156.6394 	EXP 	window1: mouseVisible = True
156.6395 	EXP 	window1: mouseVisible = True
156.6395 	EXP 	window1: mouseVisible = True
156.6395 	EXP 	window1: mouseVisible = True
156.6396 	EXP 	window1: mouseVisible = True
156.6396 	EXP 	window1: mouseVisible = True
156.6396 	EXP 	window1: mouseVisible = True
156.6397 	EXP 	window1: mouseVisible = True
156.6397 	EXP 	window1: mouseVisible = True
156.6397 	EXP 	window1: mouseVisible = True
156.6398 	EXP 	window1: mouseVisible = True
156.6398 	EXP 	window1: mouseVisible = True
156.6398 	EXP 	window1: mouseVisible = True
156.6399 	EXP 	window1: mouseVisible = True
156.6399 	EXP 	window1: mouseVisible = True
156.6399 	EXP 	window1: mouseVisible = True
156.6400 	EXP 	window1: mouseVisible = True
156.6400 	EXP 	window1: mouseVisible = True
156.6400 	EXP 	window1: mouseVisible = True
156.6401 	EXP 	window1: mouseVisible = True
156.6401 	EXP 	window1: mouseVisible = True
156.6401 	EXP 	window1: mouseVisible = True
156.6402 	EXP 	window1: mouseVisible = True
156.6402 	EXP 	window1: mouseVisible = True
156.6402 	EXP 	window1: mouseVisible = True
156.6403 	EXP 	window1: mouseVisible = True
156.6403 	EXP 	window1: mouseVisible = True
156.6403 	EXP 	window1: mouseVisible = True
156.6403 	EXP 	window1: mouseVisible = True
156.6404 	EXP 	window1: mouseVisible = True
156.6404 	EXP 	window1: mouseVisible = True
156.6404 	EXP 	window1: mouseVisible = True
156.6405 	EXP 	window1: mouseVisible = True
156.6405 	EXP 	window1: mouseVisible = True
156.6405 	EXP 	window1: mouseVisible = True
156.6406 	EXP 	window1: mouseVisible = True
156.6406 	EXP 	window1: mouseVisible = True
156.6406 	EXP 	window1: mouseVisible = True
156.6407 	EXP 	window1: mouseVisible = True
156.6407 	EXP 	window1: mouseVisible = True
156.6407 	EXP 	window1: mouseVisible = True
156.6408 	EXP 	window1: mouseVisible = True
156.6408 	EXP 	window1: mouseVisible = True
156.6408 	EXP 	window1: mouseVisible = True
156.6409 	EXP 	window1: mouseVisible = True
156.6409 	EXP 	window1: mouseVisible = True
156.6409 	EXP 	window1: mouseVisible = True
156.6409 	EXP 	window1: mouseVisible = True
156.6410 	EXP 	window1: mouseVisible = True
156.6410 	EXP 	window1: mouseVisible = True
156.6410 	EXP 	window1: mouseVisible = True
156.6411 	EXP 	window1: mouseVisible = True
156.6411 	EXP 	window1: mouseVisible = True
156.6411 	EXP 	window1: mouseVisible = True
156.6412 	EXP 	window1: mouseVisible = True
156.6412 	EXP 	window1: mouseVisible = True
156.6412 	EXP 	window1: mouseVisible = True
156.6413 	EXP 	window1: mouseVisible = True
156.6413 	EXP 	window1: mouseVisible = True
156.6413 	EXP 	window1: mouseVisible = True
156.6414 	EXP 	window1: mouseVisible = True
156.6414 	EXP 	window1: mouseVisible = True
156.6414 	EXP 	window1: mouseVisible = True
156.6415 	EXP 	window1: mouseVisible = True
156.6415 	EXP 	window1: mouseVisible = True
156.6415 	EXP 	window1: mouseVisible = True
156.6415 	EXP 	window1: mouseVisible = True
156.6416 	EXP 	window1: mouseVisible = True
156.6416 	EXP 	window1: mouseVisible = True
156.6416 	EXP 	window1: mouseVisible = True
156.6417 	EXP 	window1: mouseVisible = True
156.6417 	EXP 	window1: mouseVisible = True
156.6417 	EXP 	window1: mouseVisible = True
156.6418 	EXP 	window1: mouseVisible = True
156.6418 	EXP 	window1: mouseVisible = True
156.6418 	EXP 	window1: mouseVisible = True
156.6418 	EXP 	window1: mouseVisible = True
156.6419 	EXP 	window1: mouseVisible = True
156.6419 	EXP 	window1: mouseVisible = True
156.6419 	EXP 	window1: mouseVisible = True
156.6420 	EXP 	window1: mouseVisible = True
156.6420 	EXP 	window1: mouseVisible = True
156.6420 	EXP 	window1: mouseVisible = True
156.6421 	EXP 	window1: mouseVisible = True
156.6421 	EXP 	window1: mouseVisible = True
156.6421 	EXP 	window1: mouseVisible = True
156.6421 	EXP 	window1: mouseVisible = True
156.6422 	EXP 	window1: mouseVisible = True
156.6422 	EXP 	window1: mouseVisible = True
156.6422 	EXP 	window1: mouseVisible = True
156.6423 	EXP 	window1: mouseVisible = True
156.6423 	EXP 	window1: mouseVisible = True
156.6423 	EXP 	window1: mouseVisible = True
156.6423 	EXP 	window1: mouseVisible = True
156.6424 	EXP 	window1: mouseVisible = True
156.6424 	EXP 	window1: mouseVisible = True
156.6424 	EXP 	window1: mouseVisible = True
156.6425 	EXP 	window1: mouseVisible = True
156.6425 	EXP 	window1: mouseVisible = True
156.6425 	EXP 	window1: mouseVisible = True
156.6426 	EXP 	window1: mouseVisible = True
156.6426 	EXP 	window1: mouseVisible = True
156.6426 	EXP 	window1: mouseVisible = True
156.6426 	EXP 	window1: mouseVisible = True
156.6427 	EXP 	window1: mouseVisible = True
156.6427 	EXP 	window1: mouseVisible = True
156.6427 	EXP 	window1: mouseVisible = True
156.6428 	EXP 	window1: mouseVisible = True
156.6428 	EXP 	window1: mouseVisible = True
156.6428 	EXP 	window1: mouseVisible = True
156.6429 	EXP 	window1: mouseVisible = True
156.6429 	EXP 	window1: mouseVisible = True
156.6429 	EXP 	window1: mouseVisible = True
156.6430 	EXP 	window1: mouseVisible = True
156.6430 	EXP 	window1: mouseVisible = True
156.6430 	EXP 	window1: mouseVisible = True
156.6430 	EXP 	window1: mouseVisible = True
156.6431 	EXP 	window1: mouseVisible = True
156.6431 	EXP 	window1: mouseVisible = True
156.6431 	EXP 	window1: mouseVisible = True
156.6432 	EXP 	window1: mouseVisible = True
156.6432 	EXP 	window1: mouseVisible = True
156.6432 	EXP 	window1: mouseVisible = True
156.6433 	EXP 	window1: mouseVisible = True
156.6433 	EXP 	window1: mouseVisible = True
156.6433 	EXP 	window1: mouseVisible = True
156.6433 	EXP 	window1: mouseVisible = True
156.6434 	EXP 	window1: mouseVisible = True
156.6434 	EXP 	window1: mouseVisible = True
156.6434 	EXP 	window1: mouseVisible = True
156.6435 	EXP 	window1: mouseVisible = True
156.6435 	EXP 	window1: mouseVisible = True
156.6435 	EXP 	window1: mouseVisible = True
156.6435 	EXP 	window1: mouseVisible = True
156.6436 	EXP 	window1: mouseVisible = True
156.6436 	EXP 	window1: mouseVisible = True
156.6436 	EXP 	window1: mouseVisible = True
156.6437 	EXP 	window1: mouseVisible = True
156.6437 	EXP 	window1: mouseVisible = True
156.6437 	EXP 	window1: mouseVisible = True
156.6438 	EXP 	window1: mouseVisible = True
156.6438 	EXP 	window1: mouseVisible = True
156.6438 	EXP 	window1: mouseVisible = True
156.6439 	EXP 	window1: mouseVisible = True
156.6439 	EXP 	window1: mouseVisible = True
156.6439 	EXP 	window1: mouseVisible = True
156.6440 	EXP 	window1: mouseVisible = True
156.6440 	EXP 	window1: mouseVisible = True
156.6440 	EXP 	window1: mouseVisible = True
156.6441 	EXP 	window1: mouseVisible = True
156.6441 	EXP 	window1: mouseVisible = True
156.6441 	EXP 	window1: mouseVisible = True
156.6442 	EXP 	window1: mouseVisible = True
156.6442 	EXP 	window1: mouseVisible = True
156.6442 	EXP 	window1: mouseVisible = True
156.6443 	EXP 	window1: mouseVisible = True
156.6443 	EXP 	window1: mouseVisible = True
156.6443 	EXP 	window1: mouseVisible = True
156.6443 	EXP 	window1: mouseVisible = True
156.6444 	EXP 	window1: mouseVisible = True
156.6444 	EXP 	window1: mouseVisible = True
156.6444 	EXP 	window1: mouseVisible = True
156.6445 	EXP 	window1: mouseVisible = True
156.6445 	EXP 	window1: mouseVisible = True
156.6445 	EXP 	window1: mouseVisible = True
156.6446 	EXP 	window1: mouseVisible = True
156.6446 	EXP 	window1: mouseVisible = True
156.6446 	EXP 	window1: mouseVisible = True
156.6447 	EXP 	window1: mouseVisible = True
156.6447 	EXP 	window1: mouseVisible = True
156.6447 	EXP 	window1: mouseVisible = True
156.6447 	EXP 	window1: mouseVisible = True
156.6448 	EXP 	window1: mouseVisible = True
156.6448 	EXP 	window1: mouseVisible = True
156.6448 	EXP 	window1: mouseVisible = True
156.6449 	EXP 	window1: mouseVisible = True
156.6449 	EXP 	window1: mouseVisible = True
156.6449 	EXP 	window1: mouseVisible = True
156.6450 	EXP 	window1: mouseVisible = True
156.6450 	EXP 	window1: mouseVisible = True
156.6450 	EXP 	window1: mouseVisible = True
156.6450 	EXP 	window1: mouseVisible = True
156.6451 	EXP 	window1: mouseVisible = True
156.6451 	EXP 	window1: mouseVisible = True
156.6451 	EXP 	window1: mouseVisible = True
156.6452 	EXP 	window1: mouseVisible = True
156.6452 	EXP 	window1: mouseVisible = True
156.6452 	EXP 	window1: mouseVisible = True
156.6453 	EXP 	window1: mouseVisible = True
156.6453 	EXP 	window1: mouseVisible = True
156.6453 	EXP 	window1: mouseVisible = True
156.6453 	EXP 	window1: mouseVisible = True
156.6454 	EXP 	window1: mouseVisible = True
156.6454 	EXP 	window1: mouseVisible = True
156.6454 	EXP 	window1: mouseVisible = True
156.6455 	EXP 	window1: mouseVisible = True
156.6455 	EXP 	window1: mouseVisible = True
156.6455 	EXP 	window1: mouseVisible = True
156.6456 	EXP 	window1: mouseVisible = True
156.6456 	EXP 	window1: mouseVisible = True
156.6456 	EXP 	window1: mouseVisible = True
156.6456 	EXP 	window1: mouseVisible = True
156.6457 	EXP 	window1: mouseVisible = True
156.6457 	EXP 	window1: mouseVisible = True
156.6457 	EXP 	window1: mouseVisible = True
156.6458 	EXP 	window1: mouseVisible = True
156.6458 	EXP 	window1: mouseVisible = True
156.6458 	EXP 	window1: mouseVisible = True
156.6459 	EXP 	window1: mouseVisible = True
156.6459 	EXP 	window1: mouseVisible = True
156.6459 	EXP 	window1: mouseVisible = True
156.6460 	EXP 	window1: mouseVisible = True
156.6460 	EXP 	window1: mouseVisible = True
156.6460 	EXP 	window1: mouseVisible = True
156.6460 	EXP 	window1: mouseVisible = True
156.6461 	EXP 	window1: mouseVisible = True
156.6461 	EXP 	window1: mouseVisible = True
156.6461 	EXP 	window1: mouseVisible = True
156.6462 	EXP 	window1: mouseVisible = True
156.6462 	EXP 	window1: mouseVisible = True
156.6462 	EXP 	window1: mouseVisible = True
156.6463 	EXP 	window1: mouseVisible = True
156.6463 	EXP 	window1: mouseVisible = True
156.6463 	EXP 	window1: mouseVisible = True
156.6463 	EXP 	window1: mouseVisible = True
156.6464 	EXP 	window1: mouseVisible = True
156.6464 	EXP 	window1: mouseVisible = True
156.6464 	EXP 	window1: mouseVisible = True
156.6465 	EXP 	window1: mouseVisible = True
156.6465 	EXP 	window1: mouseVisible = True
156.6465 	EXP 	window1: mouseVisible = True
156.6466 	EXP 	window1: mouseVisible = True
156.6466 	EXP 	window1: mouseVisible = True
156.6466 	EXP 	window1: mouseVisible = True
156.6466 	EXP 	window1: mouseVisible = True
156.6467 	EXP 	window1: mouseVisible = True
156.6467 	EXP 	window1: mouseVisible = True
156.6467 	EXP 	window1: mouseVisible = True
156.6468 	EXP 	window1: mouseVisible = True
156.6468 	EXP 	window1: mouseVisible = True
156.6468 	EXP 	window1: mouseVisible = True
156.6469 	EXP 	window1: mouseVisible = True
156.6469 	EXP 	window1: mouseVisible = True
156.6469 	EXP 	window1: mouseVisible = True
156.6469 	EXP 	window1: mouseVisible = True
156.6470 	EXP 	window1: mouseVisible = True
156.6470 	EXP 	window1: mouseVisible = True
156.6470 	EXP 	window1: mouseVisible = True
156.6471 	EXP 	window1: mouseVisible = True
156.6471 	EXP 	window1: mouseVisible = True
156.6471 	EXP 	window1: mouseVisible = True
156.6472 	EXP 	window1: mouseVisible = True
156.6472 	EXP 	window1: mouseVisible = True
156.6472 	EXP 	window1: mouseVisible = True
156.6473 	EXP 	window1: mouseVisible = True
156.6473 	EXP 	window1: mouseVisible = True
156.6473 	EXP 	window1: mouseVisible = True
156.6473 	EXP 	window1: mouseVisible = True
156.6474 	EXP 	window1: mouseVisible = True
156.6474 	EXP 	window1: mouseVisible = True
156.6474 	EXP 	window1: mouseVisible = True
156.6475 	EXP 	window1: mouseVisible = True
156.6475 	EXP 	window1: mouseVisible = True
156.6475 	EXP 	window1: mouseVisible = True
156.6475 	EXP 	window1: mouseVisible = True
156.6476 	EXP 	window1: mouseVisible = True
156.6476 	EXP 	window1: mouseVisible = True
156.6476 	EXP 	window1: mouseVisible = True
156.6477 	EXP 	window1: mouseVisible = True
156.6477 	EXP 	window1: mouseVisible = True
156.6477 	EXP 	window1: mouseVisible = True
156.6478 	EXP 	window1: mouseVisible = True
156.6478 	EXP 	window1: mouseVisible = True
156.6478 	EXP 	window1: mouseVisible = True
156.6478 	EXP 	window1: mouseVisible = True
156.6479 	EXP 	window1: mouseVisible = True
156.6479 	EXP 	window1: mouseVisible = True
156.6479 	EXP 	window1: mouseVisible = True
156.6480 	EXP 	window1: mouseVisible = True
156.6480 	EXP 	window1: mouseVisible = True
156.6480 	EXP 	window1: mouseVisible = True
156.6481 	EXP 	window1: mouseVisible = True
156.6481 	EXP 	window1: mouseVisible = True
156.6481 	EXP 	window1: mouseVisible = True
156.6481 	EXP 	window1: mouseVisible = True
156.6482 	EXP 	window1: mouseVisible = True
156.6482 	EXP 	window1: mouseVisible = True
156.6482 	EXP 	window1: mouseVisible = True
156.6483 	EXP 	window1: mouseVisible = True
156.6483 	EXP 	window1: mouseVisible = True
156.6483 	EXP 	window1: mouseVisible = True
156.6484 	EXP 	window1: mouseVisible = True
156.6484 	EXP 	window1: mouseVisible = True
156.6484 	EXP 	window1: mouseVisible = True
156.6484 	EXP 	window1: mouseVisible = True
156.6485 	EXP 	window1: mouseVisible = True
156.6485 	EXP 	window1: mouseVisible = True
156.6485 	EXP 	window1: mouseVisible = True
156.6486 	EXP 	window1: mouseVisible = True
156.6486 	EXP 	window1: mouseVisible = True
156.6486 	EXP 	window1: mouseVisible = True
156.6487 	EXP 	window1: mouseVisible = True
156.6487 	EXP 	window1: mouseVisible = True
156.6491 	EXP 	window1: mouseVisible = True
156.6492 	EXP 	window1: mouseVisible = True
156.6492 	EXP 	window1: mouseVisible = True
156.6492 	EXP 	window1: mouseVisible = True
156.6493 	EXP 	window1: mouseVisible = True
156.6493 	EXP 	window1: mouseVisible = True
156.6493 	EXP 	window1: mouseVisible = True
156.6494 	EXP 	window1: mouseVisible = True
156.6494 	EXP 	window1: mouseVisible = True
156.6494 	EXP 	window1: mouseVisible = True
156.6495 	EXP 	window1: mouseVisible = True
156.6495 	EXP 	window1: mouseVisible = True
156.6495 	EXP 	window1: mouseVisible = True
156.6495 	EXP 	window1: mouseVisible = True
156.6496 	EXP 	window1: mouseVisible = True
156.6496 	EXP 	window1: mouseVisible = True
156.6496 	EXP 	window1: mouseVisible = True
156.6497 	EXP 	window1: mouseVisible = True
156.6497 	EXP 	window1: mouseVisible = True
156.6497 	EXP 	window1: mouseVisible = True
156.6498 	EXP 	window1: mouseVisible = True
156.6498 	EXP 	window1: mouseVisible = True
156.6498 	EXP 	window1: mouseVisible = True
156.6498 	EXP 	window1: mouseVisible = True
156.6499 	EXP 	window1: mouseVisible = True
156.6499 	EXP 	window1: mouseVisible = True
156.6499 	EXP 	window1: mouseVisible = True
156.6500 	EXP 	window1: mouseVisible = True
156.6500 	EXP 	window1: mouseVisible = True
156.6500 	EXP 	window1: mouseVisible = True
156.6501 	EXP 	window1: mouseVisible = True
156.6501 	EXP 	window1: mouseVisible = True
156.6501 	EXP 	window1: mouseVisible = True
156.6502 	EXP 	window1: mouseVisible = True
156.6502 	EXP 	window1: mouseVisible = True
156.6502 	EXP 	window1: mouseVisible = True
156.6502 	EXP 	window1: mouseVisible = True
156.6503 	EXP 	window1: mouseVisible = True
156.6503 	EXP 	window1: mouseVisible = True
156.6503 	EXP 	window1: mouseVisible = True
156.6504 	EXP 	window1: mouseVisible = True
156.6504 	EXP 	window1: mouseVisible = True
156.6504 	EXP 	window1: mouseVisible = True
156.6505 	EXP 	window1: mouseVisible = True
156.6505 	EXP 	window1: mouseVisible = True
156.6505 	EXP 	window1: mouseVisible = True
156.6505 	EXP 	window1: mouseVisible = True
156.6506 	EXP 	window1: mouseVisible = True
156.6506 	EXP 	window1: mouseVisible = True
156.6506 	EXP 	window1: mouseVisible = True
156.6507 	EXP 	window1: mouseVisible = True
156.6507 	EXP 	window1: mouseVisible = True
156.6507 	EXP 	window1: mouseVisible = True
156.6508 	EXP 	window1: mouseVisible = True
156.6508 	EXP 	window1: mouseVisible = True
156.6508 	EXP 	window1: mouseVisible = True
156.6508 	EXP 	window1: mouseVisible = True
156.6509 	EXP 	window1: mouseVisible = True
156.6509 	EXP 	window1: mouseVisible = True
156.6509 	EXP 	window1: mouseVisible = True
156.6510 	EXP 	window1: mouseVisible = True
156.6510 	EXP 	window1: mouseVisible = True
156.6510 	EXP 	window1: mouseVisible = True
156.6511 	EXP 	window1: mouseVisible = True
156.6511 	EXP 	window1: mouseVisible = True
156.6511 	EXP 	window1: mouseVisible = True
156.6511 	EXP 	window1: mouseVisible = True
156.6512 	EXP 	window1: mouseVisible = True
156.6512 	EXP 	window1: mouseVisible = True
156.6512 	EXP 	window1: mouseVisible = True
156.6513 	EXP 	window1: mouseVisible = True
156.6513 	EXP 	window1: mouseVisible = True
156.6513 	EXP 	window1: mouseVisible = True
156.6514 	EXP 	window1: mouseVisible = True
156.6514 	EXP 	window1: mouseVisible = True
156.6514 	EXP 	window1: mouseVisible = True
156.6514 	EXP 	window1: mouseVisible = True
156.6515 	EXP 	window1: mouseVisible = True
156.6515 	EXP 	window1: mouseVisible = True
156.6515 	EXP 	window1: mouseVisible = True
156.6516 	EXP 	window1: mouseVisible = True
156.6516 	EXP 	window1: mouseVisible = True
156.6516 	EXP 	window1: mouseVisible = True
156.6517 	EXP 	window1: mouseVisible = True
156.6517 	EXP 	window1: mouseVisible = True
156.6517 	EXP 	window1: mouseVisible = True
156.6518 	EXP 	window1: mouseVisible = True
156.6518 	EXP 	window1: mouseVisible = True
156.6518 	EXP 	window1: mouseVisible = True
156.6518 	EXP 	window1: mouseVisible = True
156.6519 	EXP 	window1: mouseVisible = True
156.6519 	EXP 	window1: mouseVisible = True
156.6519 	EXP 	window1: mouseVisible = True
156.6520 	EXP 	window1: mouseVisible = True
156.6520 	EXP 	window1: mouseVisible = True
156.6520 	EXP 	window1: mouseVisible = True
156.6521 	EXP 	window1: mouseVisible = True
156.6521 	EXP 	window1: mouseVisible = True
156.6521 	EXP 	window1: mouseVisible = True
156.6521 	EXP 	window1: mouseVisible = True
156.6522 	EXP 	window1: mouseVisible = True
156.6522 	EXP 	window1: mouseVisible = True
156.6522 	EXP 	window1: mouseVisible = True
156.6523 	EXP 	window1: mouseVisible = True
156.6523 	EXP 	window1: mouseVisible = True
156.6523 	EXP 	window1: mouseVisible = True
156.6523 	EXP 	window1: mouseVisible = True
156.6524 	EXP 	window1: mouseVisible = True
156.6524 	EXP 	window1: mouseVisible = True
156.6524 	EXP 	window1: mouseVisible = True
156.6525 	EXP 	window1: mouseVisible = True
156.6525 	EXP 	window1: mouseVisible = True
156.6525 	EXP 	window1: mouseVisible = True
156.6526 	EXP 	window1: mouseVisible = True
156.6526 	EXP 	window1: mouseVisible = True
156.6526 	EXP 	window1: mouseVisible = True
156.6527 	EXP 	window1: mouseVisible = True
156.6527 	EXP 	window1: mouseVisible = True
156.6527 	EXP 	window1: mouseVisible = True
156.6527 	EXP 	window1: mouseVisible = True
156.6528 	EXP 	window1: mouseVisible = True
156.6528 	EXP 	window1: mouseVisible = True
156.6528 	EXP 	window1: mouseVisible = True
156.6529 	EXP 	window1: mouseVisible = True
156.6529 	EXP 	window1: mouseVisible = True
156.6529 	EXP 	window1: mouseVisible = True
156.6530 	EXP 	window1: mouseVisible = True
156.6530 	EXP 	window1: mouseVisible = True
156.6530 	EXP 	window1: mouseVisible = True
156.6530 	EXP 	window1: mouseVisible = True
156.6531 	EXP 	window1: mouseVisible = True
156.6531 	EXP 	window1: mouseVisible = True
156.6531 	EXP 	window1: mouseVisible = True
156.6532 	EXP 	window1: mouseVisible = True
156.6532 	EXP 	window1: mouseVisible = True
156.6533 	EXP 	window1: mouseVisible = True
156.6533 	EXP 	window1: mouseVisible = True
156.6533 	EXP 	window1: mouseVisible = True
156.6534 	EXP 	window1: mouseVisible = True
156.6534 	EXP 	window1: mouseVisible = True
156.6534 	EXP 	window1: mouseVisible = True
156.6535 	EXP 	window1: mouseVisible = True
156.6535 	EXP 	window1: mouseVisible = True
156.6535 	EXP 	window1: mouseVisible = True
156.6536 	EXP 	window1: mouseVisible = True
156.6536 	EXP 	window1: mouseVisible = True
156.6536 	EXP 	window1: mouseVisible = True
156.6537 	EXP 	window1: mouseVisible = True
156.6537 	EXP 	window1: mouseVisible = True
156.6537 	EXP 	window1: mouseVisible = True
156.6538 	EXP 	window1: mouseVisible = True
156.6538 	EXP 	window1: mouseVisible = True
156.6538 	EXP 	window1: mouseVisible = True
156.6538 	EXP 	window1: mouseVisible = True
156.6539 	EXP 	window1: mouseVisible = True
156.6539 	EXP 	window1: mouseVisible = True
156.6540 	EXP 	window1: mouseVisible = True
156.6540 	EXP 	window1: mouseVisible = True
156.6540 	EXP 	window1: mouseVisible = True
156.6541 	EXP 	window1: mouseVisible = True
156.6541 	EXP 	window1: mouseVisible = True
156.6541 	EXP 	window1: mouseVisible = True
156.6542 	EXP 	window1: mouseVisible = True
156.6542 	EXP 	window1: mouseVisible = True
156.6542 	EXP 	window1: mouseVisible = True
156.6542 	EXP 	window1: mouseVisible = True
156.6543 	EXP 	window1: mouseVisible = True
156.6543 	EXP 	window1: mouseVisible = True
156.6543 	EXP 	window1: mouseVisible = True
156.6544 	EXP 	window1: mouseVisible = True
156.6544 	EXP 	window1: mouseVisible = True
156.6544 	EXP 	window1: mouseVisible = True
156.6545 	EXP 	window1: mouseVisible = True
156.6545 	EXP 	window1: mouseVisible = True
156.6545 	EXP 	window1: mouseVisible = True
156.6546 	EXP 	window1: mouseVisible = True
156.6546 	EXP 	window1: mouseVisible = True
156.6546 	EXP 	window1: mouseVisible = True
156.6546 	EXP 	window1: mouseVisible = True
156.6547 	EXP 	window1: mouseVisible = True
156.6547 	EXP 	window1: mouseVisible = True
156.6547 	EXP 	window1: mouseVisible = True
156.6548 	EXP 	window1: mouseVisible = True
156.6548 	EXP 	window1: mouseVisible = True
156.6548 	EXP 	window1: mouseVisible = True
156.6549 	EXP 	window1: mouseVisible = True
156.6549 	EXP 	window1: mouseVisible = True
156.6549 	EXP 	window1: mouseVisible = True
156.6550 	EXP 	window1: mouseVisible = True
156.6550 	EXP 	window1: mouseVisible = True
156.6550 	EXP 	window1: mouseVisible = True
156.6550 	EXP 	window1: mouseVisible = True
156.6551 	EXP 	window1: mouseVisible = True
156.6551 	EXP 	window1: mouseVisible = True
156.6551 	EXP 	window1: mouseVisible = True
156.6552 	EXP 	window1: mouseVisible = True
156.6552 	EXP 	window1: mouseVisible = True
156.6552 	EXP 	window1: mouseVisible = True
156.6553 	EXP 	window1: mouseVisible = True
156.6553 	EXP 	window1: mouseVisible = True
156.6553 	EXP 	window1: mouseVisible = True
156.6553 	EXP 	window1: mouseVisible = True
156.6554 	EXP 	window1: mouseVisible = True
156.6554 	EXP 	window1: mouseVisible = True
156.6554 	EXP 	window1: mouseVisible = True
156.6555 	EXP 	window1: mouseVisible = True
156.6555 	EXP 	window1: mouseVisible = True
156.6555 	EXP 	window1: mouseVisible = True
156.6555 	EXP 	window1: mouseVisible = True
156.6556 	EXP 	window1: mouseVisible = True
156.6556 	EXP 	window1: mouseVisible = True
156.6556 	EXP 	window1: mouseVisible = True
156.6557 	EXP 	window1: mouseVisible = True
156.6557 	EXP 	window1: mouseVisible = True
156.6557 	EXP 	window1: mouseVisible = True
156.6558 	EXP 	window1: mouseVisible = True
156.6558 	EXP 	window1: mouseVisible = True
156.6558 	EXP 	window1: mouseVisible = True
156.6559 	EXP 	window1: mouseVisible = True
156.6559 	EXP 	window1: mouseVisible = True
156.6559 	EXP 	window1: mouseVisible = True
156.6559 	EXP 	window1: mouseVisible = True
156.6560 	EXP 	window1: mouseVisible = True
156.6560 	EXP 	window1: mouseVisible = True
156.6560 	EXP 	window1: mouseVisible = True
156.6561 	EXP 	window1: mouseVisible = True
156.6561 	EXP 	window1: mouseVisible = True
156.6561 	EXP 	window1: mouseVisible = True
156.6562 	EXP 	window1: mouseVisible = True
156.6562 	EXP 	window1: mouseVisible = True
156.6562 	EXP 	window1: mouseVisible = True
156.6562 	EXP 	window1: mouseVisible = True
156.6563 	EXP 	window1: mouseVisible = True
156.6563 	EXP 	window1: mouseVisible = True
156.6563 	EXP 	window1: mouseVisible = True
156.6564 	EXP 	window1: mouseVisible = True
156.6564 	EXP 	window1: mouseVisible = True
156.6564 	EXP 	window1: mouseVisible = True
156.6565 	EXP 	window1: mouseVisible = True
156.6565 	EXP 	window1: mouseVisible = True
156.6565 	EXP 	window1: mouseVisible = True
156.6565 	EXP 	window1: mouseVisible = True
156.6566 	EXP 	window1: mouseVisible = True
156.6566 	EXP 	window1: mouseVisible = True
156.6566 	EXP 	window1: mouseVisible = True
156.6567 	EXP 	window1: mouseVisible = True
156.6567 	EXP 	window1: mouseVisible = True
156.6567 	EXP 	window1: mouseVisible = True
156.6568 	EXP 	window1: mouseVisible = True
156.6568 	EXP 	window1: mouseVisible = True
156.6568 	EXP 	window1: mouseVisible = True
156.6568 	EXP 	window1: mouseVisible = True
156.6569 	EXP 	window1: mouseVisible = True
156.6569 	EXP 	window1: mouseVisible = True
156.6569 	EXP 	window1: mouseVisible = True
156.6570 	EXP 	window1: mouseVisible = True
156.6570 	EXP 	window1: mouseVisible = True
156.6570 	EXP 	window1: mouseVisible = True
156.6570 	EXP 	window1: mouseVisible = True
156.6571 	EXP 	window1: mouseVisible = True
156.6571 	EXP 	window1: mouseVisible = True
156.6571 	EXP 	window1: mouseVisible = True
156.6572 	EXP 	window1: mouseVisible = True
156.6572 	EXP 	window1: mouseVisible = True
156.6572 	EXP 	window1: mouseVisible = True
156.6573 	EXP 	window1: mouseVisible = True
156.6573 	EXP 	window1: mouseVisible = True
156.6573 	EXP 	window1: mouseVisible = True
156.6573 	EXP 	window1: mouseVisible = True
156.6574 	EXP 	window1: mouseVisible = True
156.6574 	EXP 	window1: mouseVisible = True
156.6574 	EXP 	window1: mouseVisible = True
156.6575 	EXP 	window1: mouseVisible = True
156.6575 	EXP 	window1: mouseVisible = True
156.6575 	EXP 	window1: mouseVisible = True
156.6576 	EXP 	window1: mouseVisible = True
156.6576 	EXP 	window1: mouseVisible = True
156.6576 	EXP 	window1: mouseVisible = True
156.6576 	EXP 	window1: mouseVisible = True
156.6577 	EXP 	window1: mouseVisible = True
156.6577 	EXP 	window1: mouseVisible = True
156.6577 	EXP 	window1: mouseVisible = True
156.6578 	EXP 	window1: mouseVisible = True
156.6578 	EXP 	window1: mouseVisible = True
156.6578 	EXP 	window1: mouseVisible = True
156.6579 	EXP 	window1: mouseVisible = True
156.6579 	EXP 	window1: mouseVisible = True
156.6579 	EXP 	window1: mouseVisible = True
156.6579 	EXP 	window1: mouseVisible = True
156.6580 	EXP 	window1: mouseVisible = True
156.6580 	EXP 	window1: mouseVisible = True
156.6580 	EXP 	window1: mouseVisible = True
156.6581 	EXP 	window1: mouseVisible = True
156.6581 	EXP 	window1: mouseVisible = True
156.6581 	EXP 	window1: mouseVisible = True
156.6582 	EXP 	window1: mouseVisible = True
156.6582 	EXP 	window1: mouseVisible = True
156.6582 	EXP 	window1: mouseVisible = True
156.6582 	EXP 	window1: mouseVisible = True
156.6583 	EXP 	window1: mouseVisible = True
156.6583 	EXP 	window1: mouseVisible = True
156.6583 	EXP 	window1: mouseVisible = True
156.6584 	EXP 	window1: mouseVisible = True
156.6584 	EXP 	window1: mouseVisible = True
156.6584 	EXP 	window1: mouseVisible = True
156.6585 	EXP 	window1: mouseVisible = True
156.6585 	EXP 	window1: mouseVisible = True
156.6585 	EXP 	window1: mouseVisible = True
156.6585 	EXP 	window1: mouseVisible = True
156.6586 	EXP 	window1: mouseVisible = True
156.6586 	EXP 	window1: mouseVisible = True
156.6586 	EXP 	window1: mouseVisible = True
156.6587 	EXP 	window1: mouseVisible = True
156.6587 	EXP 	window1: mouseVisible = True
156.6588 	EXP 	window1: mouseVisible = True
156.6588 	EXP 	window1: mouseVisible = True
156.6588 	EXP 	window1: mouseVisible = True
156.6588 	EXP 	window1: mouseVisible = True
156.6589 	EXP 	window1: mouseVisible = True
156.6589 	EXP 	window1: mouseVisible = True
156.6589 	EXP 	window1: mouseVisible = True
156.6590 	EXP 	window1: mouseVisible = True
156.6590 	EXP 	window1: mouseVisible = True
156.6590 	EXP 	window1: mouseVisible = True
156.6591 	EXP 	window1: mouseVisible = True
156.6591 	EXP 	window1: mouseVisible = True
156.6591 	EXP 	window1: mouseVisible = True
156.6591 	EXP 	window1: mouseVisible = True
156.6592 	EXP 	window1: mouseVisible = True
156.6592 	EXP 	window1: mouseVisible = True
156.6592 	EXP 	window1: mouseVisible = True
156.6593 	EXP 	window1: mouseVisible = True
156.6593 	EXP 	window1: mouseVisible = True
156.6593 	EXP 	window1: mouseVisible = True
156.6594 	EXP 	window1: mouseVisible = True
156.6594 	EXP 	window1: mouseVisible = True
156.6594 	EXP 	window1: mouseVisible = True
156.6594 	EXP 	window1: mouseVisible = True
156.6595 	EXP 	window1: mouseVisible = True
156.6595 	EXP 	window1: mouseVisible = True
156.6595 	EXP 	window1: mouseVisible = True
156.6596 	EXP 	window1: mouseVisible = True
156.6596 	EXP 	window1: mouseVisible = True
156.6596 	EXP 	window1: mouseVisible = True
156.6596 	EXP 	window1: mouseVisible = True
156.6597 	EXP 	window1: mouseVisible = True
156.6597 	EXP 	window1: mouseVisible = True
156.6597 	EXP 	window1: mouseVisible = True
156.6598 	EXP 	window1: mouseVisible = True
156.6598 	EXP 	window1: mouseVisible = True
156.6598 	EXP 	window1: mouseVisible = True
156.6598 	EXP 	window1: mouseVisible = True
156.6599 	EXP 	window1: mouseVisible = True
156.6599 	EXP 	window1: mouseVisible = True
156.6599 	EXP 	window1: mouseVisible = True
156.6600 	EXP 	window1: mouseVisible = True
156.6600 	EXP 	window1: mouseVisible = True
156.6600 	EXP 	window1: mouseVisible = True
156.6601 	EXP 	window1: mouseVisible = True
156.6601 	EXP 	window1: mouseVisible = True
156.6601 	EXP 	window1: mouseVisible = True
156.6601 	EXP 	window1: mouseVisible = True
156.6602 	EXP 	window1: mouseVisible = True
156.6602 	EXP 	window1: mouseVisible = True
156.6602 	EXP 	window1: mouseVisible = True
156.6603 	EXP 	window1: mouseVisible = True
156.6603 	EXP 	window1: mouseVisible = True
156.6603 	EXP 	window1: mouseVisible = True
156.6604 	EXP 	window1: mouseVisible = True
156.6604 	EXP 	window1: mouseVisible = True
156.6604 	EXP 	window1: mouseVisible = True
156.6604 	EXP 	window1: mouseVisible = True
156.6605 	EXP 	window1: mouseVisible = True
156.6605 	EXP 	window1: mouseVisible = True
156.6605 	EXP 	window1: mouseVisible = True
156.6606 	EXP 	window1: mouseVisible = True
156.6606 	EXP 	window1: mouseVisible = True
156.6606 	EXP 	window1: mouseVisible = True
156.6607 	EXP 	window1: mouseVisible = True
156.6607 	EXP 	window1: mouseVisible = True
156.6607 	EXP 	window1: mouseVisible = True
156.6607 	EXP 	window1: mouseVisible = True
156.6608 	EXP 	window1: mouseVisible = True
156.6608 	EXP 	window1: mouseVisible = True
156.6608 	EXP 	window1: mouseVisible = True
156.6609 	EXP 	window1: mouseVisible = True
156.6609 	EXP 	window1: mouseVisible = True
156.6609 	EXP 	window1: mouseVisible = True
156.6610 	EXP 	window1: mouseVisible = True
156.6610 	EXP 	window1: mouseVisible = True
156.6610 	EXP 	window1: mouseVisible = True
156.6610 	EXP 	window1: mouseVisible = True
156.6611 	EXP 	window1: mouseVisible = True
156.6611 	EXP 	window1: mouseVisible = True
156.6611 	EXP 	window1: mouseVisible = True
156.6612 	EXP 	window1: mouseVisible = True
156.6612 	EXP 	window1: mouseVisible = True
156.6612 	EXP 	window1: mouseVisible = True
156.6612 	EXP 	window1: mouseVisible = True
156.6613 	EXP 	window1: mouseVisible = True
156.6613 	EXP 	window1: mouseVisible = True
156.6613 	EXP 	window1: mouseVisible = True
156.6614 	EXP 	window1: mouseVisible = True
156.6614 	EXP 	window1: mouseVisible = True
156.6614 	EXP 	window1: mouseVisible = True
156.6615 	EXP 	window1: mouseVisible = True
156.6615 	EXP 	window1: mouseVisible = True
156.6615 	EXP 	window1: mouseVisible = True
156.6615 	EXP 	window1: mouseVisible = True
156.6616 	EXP 	window1: mouseVisible = True
156.6616 	EXP 	window1: mouseVisible = True
156.6616 	EXP 	window1: mouseVisible = True
156.6617 	EXP 	window1: mouseVisible = True
156.6617 	EXP 	window1: mouseVisible = True
156.6617 	EXP 	window1: mouseVisible = True
156.6617 	EXP 	window1: mouseVisible = True
156.6618 	EXP 	window1: mouseVisible = True
156.6618 	EXP 	window1: mouseVisible = True
156.6618 	EXP 	window1: mouseVisible = True
156.6619 	EXP 	window1: mouseVisible = True
156.6619 	EXP 	window1: mouseVisible = True
156.6619 	EXP 	window1: mouseVisible = True
156.6620 	EXP 	window1: mouseVisible = True
156.6620 	EXP 	window1: mouseVisible = True
156.6620 	EXP 	window1: mouseVisible = True
156.6621 	EXP 	window1: mouseVisible = True
156.6621 	EXP 	window1: mouseVisible = True
156.6621 	EXP 	window1: mouseVisible = True
156.6621 	EXP 	window1: mouseVisible = True
156.6622 	EXP 	window1: mouseVisible = True
156.6622 	EXP 	window1: mouseVisible = True
156.6622 	EXP 	window1: mouseVisible = True
156.6623 	EXP 	window1: mouseVisible = True
156.6623 	EXP 	window1: mouseVisible = True
156.6623 	EXP 	window1: mouseVisible = True
156.6623 	EXP 	window1: mouseVisible = True
156.6624 	EXP 	window1: mouseVisible = True
156.6624 	EXP 	window1: mouseVisible = True
156.6624 	EXP 	window1: mouseVisible = True
156.6625 	EXP 	window1: mouseVisible = True
156.6625 	EXP 	window1: mouseVisible = True
156.6625 	EXP 	window1: mouseVisible = True
156.6626 	EXP 	window1: mouseVisible = True
156.6626 	EXP 	window1: mouseVisible = True
156.6626 	EXP 	window1: mouseVisible = True
156.6626 	EXP 	window1: mouseVisible = True
156.6627 	EXP 	window1: mouseVisible = True
156.6627 	EXP 	window1: mouseVisible = True
156.6627 	EXP 	window1: mouseVisible = True
156.6628 	EXP 	window1: mouseVisible = True
156.6628 	EXP 	window1: mouseVisible = True
156.6628 	EXP 	window1: mouseVisible = True
156.6629 	EXP 	window1: mouseVisible = True
156.6629 	EXP 	window1: mouseVisible = True
156.6629 	EXP 	window1: mouseVisible = True
156.6630 	EXP 	window1: mouseVisible = True
156.6630 	EXP 	window1: mouseVisible = True
156.6630 	EXP 	window1: mouseVisible = True
156.6630 	EXP 	window1: mouseVisible = True
156.6631 	EXP 	window1: mouseVisible = True
156.6631 	EXP 	window1: mouseVisible = True
156.6631 	EXP 	window1: mouseVisible = True
156.6632 	EXP 	window1: mouseVisible = True
156.6632 	EXP 	window1: mouseVisible = True
156.6632 	EXP 	window1: mouseVisible = True
156.6633 	EXP 	window1: mouseVisible = True
156.6633 	EXP 	window1: mouseVisible = True
156.6633 	EXP 	window1: mouseVisible = True
156.6634 	EXP 	window1: mouseVisible = True
156.6634 	EXP 	window1: mouseVisible = True
156.6634 	EXP 	window1: mouseVisible = True
156.6635 	EXP 	window1: mouseVisible = True
156.6635 	EXP 	window1: mouseVisible = True
156.6635 	EXP 	window1: mouseVisible = True
156.6636 	EXP 	window1: mouseVisible = True
156.6636 	EXP 	window1: mouseVisible = True
156.6636 	EXP 	window1: mouseVisible = True
156.6637 	EXP 	window1: mouseVisible = True
156.6637 	EXP 	window1: mouseVisible = True
156.6637 	EXP 	window1: mouseVisible = True
156.6637 	EXP 	window1: mouseVisible = True
156.6638 	EXP 	window1: mouseVisible = True
156.6638 	EXP 	window1: mouseVisible = True
156.6638 	EXP 	window1: mouseVisible = True
156.6639 	EXP 	window1: mouseVisible = True
156.6639 	EXP 	window1: mouseVisible = True
156.6639 	EXP 	window1: mouseVisible = True
156.6640 	EXP 	window1: mouseVisible = True
156.6640 	EXP 	window1: mouseVisible = True
156.6640 	EXP 	window1: mouseVisible = True
156.6640 	EXP 	window1: mouseVisible = True
156.6641 	EXP 	window1: mouseVisible = True
156.6641 	EXP 	window1: mouseVisible = True
156.6641 	EXP 	window1: mouseVisible = True
156.6642 	EXP 	window1: mouseVisible = True
156.6642 	EXP 	window1: mouseVisible = True
156.6642 	EXP 	window1: mouseVisible = True
156.6643 	EXP 	window1: mouseVisible = True
156.6643 	EXP 	window1: mouseVisible = True
156.6643 	EXP 	window1: mouseVisible = True
156.6643 	EXP 	window1: mouseVisible = True
156.6644 	EXP 	window1: mouseVisible = True
156.6644 	EXP 	window1: mouseVisible = True
156.6644 	EXP 	window1: mouseVisible = True
156.6645 	EXP 	window1: mouseVisible = True
156.6645 	EXP 	window1: mouseVisible = True
156.6645 	EXP 	window1: mouseVisible = True
156.6646 	EXP 	window1: mouseVisible = True
156.6646 	EXP 	window1: mouseVisible = True
156.6646 	EXP 	window1: mouseVisible = True
156.6647 	EXP 	window1: mouseVisible = True
156.6647 	EXP 	window1: mouseVisible = True
156.6647 	EXP 	window1: mouseVisible = True
156.6647 	EXP 	window1: mouseVisible = True
156.6648 	EXP 	window1: mouseVisible = True
156.6648 	EXP 	window1: mouseVisible = True
156.6648 	EXP 	window1: mouseVisible = True
156.6649 	EXP 	window1: mouseVisible = True
156.6649 	EXP 	window1: mouseVisible = True
156.6649 	EXP 	window1: mouseVisible = True
156.6650 	EXP 	window1: mouseVisible = True
156.6650 	EXP 	window1: mouseVisible = True
156.6650 	EXP 	window1: mouseVisible = True
156.6650 	EXP 	window1: mouseVisible = True
156.6651 	EXP 	window1: mouseVisible = True
156.6651 	EXP 	window1: mouseVisible = True
156.6651 	EXP 	window1: mouseVisible = True
156.6652 	EXP 	window1: mouseVisible = True
156.6652 	EXP 	window1: mouseVisible = True
156.6652 	EXP 	window1: mouseVisible = True
156.6653 	EXP 	window1: mouseVisible = True
156.6653 	EXP 	window1: mouseVisible = True
156.6653 	EXP 	window1: mouseVisible = True
156.6654 	EXP 	window1: mouseVisible = True
156.6654 	EXP 	window1: mouseVisible = True
156.6654 	EXP 	window1: mouseVisible = True
156.6654 	EXP 	window1: mouseVisible = True
156.6655 	EXP 	window1: mouseVisible = True
156.6655 	EXP 	window1: mouseVisible = True
156.6656 	EXP 	window1: mouseVisible = True
156.6656 	EXP 	window1: mouseVisible = True
156.6656 	EXP 	window1: mouseVisible = True
156.6656 	EXP 	window1: mouseVisible = True
156.6657 	EXP 	window1: mouseVisible = True
156.6657 	EXP 	window1: mouseVisible = True
156.6657 	EXP 	window1: mouseVisible = True
156.6658 	EXP 	window1: mouseVisible = True
156.6658 	EXP 	window1: mouseVisible = True
156.6658 	EXP 	window1: mouseVisible = True
156.6659 	EXP 	window1: mouseVisible = True
156.6659 	EXP 	window1: mouseVisible = True
156.6659 	EXP 	window1: mouseVisible = True
156.6660 	EXP 	window1: mouseVisible = True
156.6660 	EXP 	window1: mouseVisible = True
156.6660 	EXP 	window1: mouseVisible = True
156.6661 	EXP 	window1: mouseVisible = True
156.6661 	EXP 	window1: mouseVisible = True
156.6661 	EXP 	window1: mouseVisible = True
156.6661 	EXP 	window1: mouseVisible = True
156.6662 	EXP 	window1: mouseVisible = True
156.6662 	EXP 	window1: mouseVisible = True
156.6662 	EXP 	window1: mouseVisible = True
156.6663 	EXP 	window1: mouseVisible = True
156.6663 	EXP 	window1: mouseVisible = True
156.6663 	EXP 	window1: mouseVisible = True
156.6664 	EXP 	window1: mouseVisible = True
156.6664 	EXP 	window1: mouseVisible = True
156.6664 	EXP 	window1: mouseVisible = True
156.6664 	EXP 	window1: mouseVisible = True
156.6665 	EXP 	window1: mouseVisible = True
156.6665 	EXP 	window1: mouseVisible = True
156.6665 	EXP 	window1: mouseVisible = True
156.6666 	EXP 	window1: mouseVisible = True
156.6666 	EXP 	window1: mouseVisible = True
156.6666 	EXP 	window1: mouseVisible = True
156.6667 	EXP 	window1: mouseVisible = True
156.6667 	EXP 	window1: mouseVisible = True
156.6667 	EXP 	window1: mouseVisible = True
156.6668 	EXP 	window1: mouseVisible = True
156.6668 	EXP 	window1: mouseVisible = True
156.6668 	EXP 	window1: mouseVisible = True
156.6668 	EXP 	window1: mouseVisible = True
156.6669 	EXP 	window1: mouseVisible = True
156.6669 	EXP 	window1: mouseVisible = True
156.6669 	EXP 	window1: mouseVisible = True
156.6670 	EXP 	window1: mouseVisible = True
156.6670 	EXP 	window1: mouseVisible = True
156.6670 	EXP 	window1: mouseVisible = True
