12.6179 	WARNING 	Monitor specification not found. Creating a temporary one...
12.6773 	WARNING 	User requested fullscreen with size [800 600], but screen is actually [1280, 1024]. Using actual size
14.2627 	EXP 	Created window1 = Window(allowGUI=True, allowStencil=False, autoLog=True, backendConf=UNKNOWN, bitsMode=UNKNOWN, blendMode='avg', bpc=(8, 8, 8), color=array([0, 0, 0]), colorSpace='rgb', depthBits=8, fullscr=<method-wrapper '__getattribute__' of attributeSetter object at 0x000001AF0F819D30>, gamma=None, gammaErrorPolicy='raise', lms=UNKNOWN, monitor=<psychopy.monitors.calibTools.Monitor object at 0x000001AF0FD5E490>, multiSample=False, name='window1', numSamples=2, pos=(0, 0), screen=0, size=array([1280, 1024]), stencilBits=0, stereo=False, units='pix', useFBO=False, useRetina=False, viewOri=0.0, viewPos=None, viewScale=None, waitBlanking=True, winType='pyglet')
14.2628 	EXP 	window1: mouseVisible = True
14.2631 	EXP 	window1: mouseVisible = False
19.8611 	DATA 	Keypress: space
22.5043 	DATA 	Keypress: o
22.5051 	EXP 	window1: units = 'pix'
22.5376 	WARNING 	User requested fullscreen with size [1280  720], but screen is actually [1280, 1024]. Using actual size
22.9790 	EXP 	Created window1 = Window(allowGUI=False, allowStencil=False, autoLog=True, backendConf=UNKNOWN, bitsMode=UNKNOWN, blendMode='avg', bpc=(8, 8, 8), color=array([0, 0, 0]), colorSpace='rgb', depthBits=8, fullscr=<method-wrapper '__getattribute__' of attributeSetter object at 0x000001AF0F819D30>, gamma=None, gammaErrorPolicy='raise', lms=UNKNOWN, monitor=<psychopy.monitors.calibTools.Monitor object at 0x000001AF164B50D0>, multiSample=False, name='window1', numSamples=2, pos=(0, 0), screen=0, size=array([1280, 1024]), stencilBits=0, stereo=False, units='height', useFBO=True, useRetina=False, viewOri=0.0, viewPos=None, viewScale=None, waitBlanking=True, winType='pyglet')
22.9793 	EXP 	window1: mouseVisible = True
22.9793 	EXP 	window1: Attempting to measure frame rate of screen (0) ...
22.9794 	EXP 	window1: recordFrameIntervals = False
23.1454 	EXP 	window1: recordFrameIntervals = True
23.3280 	EXP 	Screen (0) actual frame rate measured at 60.28Hz
23.3281 	EXP 	window1: recordFrameIntervals = False
23.5398 	EXP 	Created Instructions = TextStim(__class__=<class 'psychopy.visual.text.TextStim'>, alignHoriz=method-wrapper(...), alignText='center', alignVert=method-wrapper(...), anchorHoriz='center', anchorVert='center', antialias=True, autoDraw=False, autoLog=True, bold=False, color=array([1, 1, 1]), colorSpace='rgb', contrast=1.0, depth=0.0, flipHoriz=False, flipVert=False, font='Arial', fontFiles=[], height=0.03, italic=False, languageStyle='LTR', name='Instructions', opacity=1.0, ori=0, pos=array([0., 0.]), rgb=UNKNOWN, text=str(...), units='height', win=Window(...), wrapWidth=1)
23.5505 	EXP 	Created Triplet1 = ImageStim(__class__=<class 'psychopy.visual.image.ImageStim'>, anchor=('center', 'center'), autoLog=True, color=array([1, 1, 1]), colorSpace='rgb', contrast=1.0, depth=-1.0, flipHoriz=False, flipVert=False, image='sin', interpolate=True, mask=None, maskParams=None, name='Triplet1', opacity=1.0, ori=0.0, pos=array([0., 0.]), size=array([0.25, 0.25]), texRes=128, units='height', win=Window(...))
23.5552 	EXP 	Created Triplet2 = ImageStim(__class__=<class 'psychopy.visual.image.ImageStim'>, anchor=('center', 'center'), autoLog=True, color=array([1, 1, 1]), colorSpace='rgb', contrast=1.0, depth=-2.0, flipHoriz=False, flipVert=False, image='sin', interpolate=True, mask=None, maskParams=None, name='Triplet2', opacity=1.0, ori=0.0, pos=array([0., 0.]), size=array([0.25, 0.25]), texRes=128, units='height', win=Window(...))
23.5611 	EXP 	Created Triplet3 = ImageStim(__class__=<class 'psychopy.visual.image.ImageStim'>, anchor=('center', 'center'), autoLog=True, color=array([1, 1, 1]), colorSpace='rgb', contrast=1.0, depth=-3.0, flipHoriz=False, flipVert=False, image='sin', interpolate=True, mask=None, maskParams=None, name='Triplet3', opacity=1.0, ori=0.0, pos=array([0., 0.]), size=array([0.25, 0.25]), texRes=128, units='height', win=Window(...))
23.5703 	EXP 	Sound sound_pop set volume 1.000
23.5796 	EXP 	Sound sound_pop2 set volume 1.000
23.5887 	EXP 	Sound sound_pop3 set volume 1.000
23.6219 	EXP 	Created fix = ImageStim(__class__=<class 'psychopy.visual.image.ImageStim'>, anchor=('center', 'center'), autoLog=True, color=array([1, 1, 1]), colorSpace='rgb', contrast=1.0, depth=0.0, flipHoriz=False, flipVert=False, image='images/fixation.png', interpolate=True, mask=None, maskParams=None, name='fix', opacity=1.0, ori=0.0, pos=array([0., 0.]), size=array([0.1 , 0.05]), texRes=128, units='height', win=Window(...))
23.7158 	EXP 	Created Mask = ImageStim(__class__=<class 'psychopy.visual.image.ImageStim'>, anchor=('center', 'center'), autoLog=True, color=array([1, 1, 1]), colorSpace='rgb', contrast=1.0, depth=0.0, flipHoriz=False, flipVert=False, image='images/Mask.png', interpolate=True, mask=None, maskParams=None, name='Mask', opacity=1.0, ori=0.0, pos=array([0., 0.]), size=array([1.5, 0.5]), texRes=128, units='height', win=Window(...))
23.7213 	EXP 	Created img1 = ImageStim(__class__=<class 'psychopy.visual.image.ImageStim'>, anchor=('center', 'center'), autoLog=True, color=array([1, 1, 1]), colorSpace='rgb', contrast=1.0, depth=-1.0, flipHoriz=False, flipVert=False, image='sin', interpolate=True, mask=None, maskParams=None, name='img1', opacity=1.0, ori=0.0, pos=array([0., 0.]), size=array([0.25, 0.25]), texRes=128, units='height', win=Window(...))
23.7258 	EXP 	Created img2 = ImageStim(__class__=<class 'psychopy.visual.image.ImageStim'>, anchor=('center', 'center'), autoLog=True, color=array([1, 1, 1]), colorSpace='rgb', contrast=1.0, depth=-2.0, flipHoriz=False, flipVert=False, image='sin', interpolate=True, mask=None, maskParams=None, name='img2', opacity=1.0, ori=0.0, pos=array([0., 0.]), size=array([0.25, 0.25]), texRes=128, units='height', win=Window(...))
23.7323 	EXP 	Created img3 = ImageStim(__class__=<class 'psychopy.visual.image.ImageStim'>, anchor=('center', 'center'), autoLog=True, color=array([1, 1, 1]), colorSpace='rgb', contrast=1.0, depth=-3.0, flipHoriz=False, flipVert=False, image='sin', interpolate=True, mask=None, maskParams=None, name='img3', opacity=1.0, ori=0.0, pos=array([0., 0.]), size=array([0.25, 0.25]), texRes=128, units='height', win=Window(...))
23.7414 	EXP 	Sound sound_pop4 set volume 1.000
23.7509 	EXP 	Sound sound_pop5 set volume 1.000
23.7602 	EXP 	Sound sound_pop6 set volume 1.000
23.7654 	EXP 	Created text_2 = TextStim(__class__=<class 'psychopy.visual.text.TextStim'>, alignHoriz=method-wrapper(...), alignText='center', alignVert=method-wrapper(...), anchorHoriz='center', anchorVert='center', antialias=True, autoDraw=False, autoLog=True, bold=False, color=array([1, 1, 1]), colorSpace='rgb', contrast=1.0, depth=0.0, flipHoriz=False, flipVert=False, font='Arial', fontFiles=[], height=0.03, italic=False, languageStyle='LTR', name='text_2', opacity=1.0, ori=0, pos=array([0., 0.]), rgb=UNKNOWN, text=str(...), units='height', win=Window(...), wrapWidth=1)
23.7681 	EXP 	Created text = TextStim(__class__=<class 'psychopy.visual.text.TextStim'>, alignHoriz=method-wrapper(...), alignText='center', alignVert=method-wrapper(...), anchorHoriz='center', anchorVert='center', antialias=True, autoDraw=False, autoLog=True, bold=False, color=array([1, 1, 1]), colorSpace='rgb', contrast=1.0, depth=-1.0, flipHoriz=False, flipVert=False, font='Arial', fontFiles=[], height=0.03, italic=False, languageStyle='LTR', name='text', opacity=1.0, ori=0, pos=array([0., 0.]), rgb=UNKNOWN, text=str(...), units='height', win=Window(...), wrapWidth=1)
23.7686 	EXP 	Created sameText = TextStim(__class__=<class 'psychopy.visual.text.TextStim'>, alignHoriz=method-wrapper(...), alignText='center', alignVert=method-wrapper(...), anchorHoriz='center', anchorVert='center', antialias=True, autoDraw=False, autoLog=True, bold=False, color=array([1, 1, 1]), colorSpace='rgb', contrast=1.0, depth=-2.0, flipHoriz=False, flipVert=False, font='Arial', fontFiles=[], height=0.03, italic=False, languageStyle='LTR', name='sameText', opacity=1.0, ori=0, pos=array([-0.2, -0.3]), rgb=UNKNOWN, text='', units='height', win=Window(...), wrapWidth=1)
23.7691 	EXP 	Created diffText = TextStim(__class__=<class 'psychopy.visual.text.TextStim'>, alignHoriz=method-wrapper(...), alignText='center', alignVert=method-wrapper(...), anchorHoriz='center', anchorVert='center', antialias=True, autoDraw=False, autoLog=True, bold=False, color=array([1, 1, 1]), colorSpace='rgb', contrast=1.0, depth=-3.0, flipHoriz=False, flipVert=False, font='Arial', fontFiles=[], height=0.03, italic=False, languageStyle='LTR', name='diffText', opacity=1.0, ori=0, pos=array([ 0.2, -0.3]), rgb=UNKNOWN, text='', units='height', win=Window(...), wrapWidth=1)
23.7700 	EXP 	Created leftCL = Rect(__class__=<class 'psychopy.visual.rect.Rect'>, anchor=('center', 'center'), autoDraw=False, autoLog=True, closeShape=True, color=method-wrapper(...), colorSpace='rgb', contrast=None, depth=-4.0, fillColor=array([1., 1., 1.]), fillColorSpace='rgb', fillRGB=array([1., 1., 1.]), interpolate=True, lineColor=array([1, 1, 1]), lineColorSpace='rgb', lineRGB=array([1, 1, 1]), lineWidth=3, name='leftCL', opacity=0.5, ori=0.0, pos=array([-0.2, -0.3]), size=array([-0.2, -0.2]), units='height', vertices=ndarray(...), win=Window(...))
23.7709 	EXP 	Created rightCL = Rect(__class__=<class 'psychopy.visual.rect.Rect'>, anchor=('center', 'center'), autoDraw=False, autoLog=True, closeShape=True, color=method-wrapper(...), colorSpace='rgb', contrast=None, depth=-5.0, fillColor=array([1., 1., 1.]), fillColorSpace='rgb', fillRGB=array([1., 1., 1.]), interpolate=True, lineColor=array([1, 1, 1]), lineColorSpace='rgb', lineRGB=array([1, 1, 1]), lineWidth=3, name='rightCL', opacity=0.5, ori=0.0, pos=array([ 0.2, -0.3]), size=array([0.2, 0.2]), units='height', vertices=ndarray(...), win=Window(...))
23.7709 	EXP 	window1: mouseVisible = True
23.7714 	EXP 	Sound clickedSound set volume 1.000
23.7752 	EXP 	Created retIMG = ImageStim(__class__=<class 'psychopy.visual.image.ImageStim'>, anchor=('center', 'center'), autoLog=True, color=array([1, 1, 1]), colorSpace='rgb', contrast=1.0, depth=-1.0, flipHoriz=False, flipVert=False, image='sin', interpolate=True, mask=None, maskParams=None, name='retIMG', opacity=1.0, ori=0.0, pos=array([0., 0.]), size=array([0.25, 0.25]), texRes=128, units='height', win=Window(...))
23.7845 	EXP 	Sound sound_pop7 set volume 1.000
23.7871 	EXP 	Created question_text = TextStim(__class__=<class 'psychopy.visual.text.TextStim'>, alignHoriz=method-wrapper(...), alignText='center', alignVert=method-wrapper(...), anchorHoriz='center', anchorVert='center', antialias=True, autoDraw=False, autoLog=True, bold=False, color=array([1, 1, 1]), colorSpace='rgb', contrast=1.0, depth=0.0, flipHoriz=False, flipVert=False, font='Arial', fontFiles=[], height=0.03, italic=False, languageStyle='LTR', name='question_text', opacity=1.0, ori=0, pos=array([0. , 0.3]), rgb=UNKNOWN, text='When did you see this object?', units='height', win=Window(...), wrapWidth=1)
23.7896 	EXP 	Created decisionQ_2 = TextStim(__class__=<class 'psychopy.visual.text.TextStim'>, alignHoriz=method-wrapper(...), alignText='center', alignVert=method-wrapper(...), anchorHoriz='center', anchorVert='center', antialias=True, autoDraw=False, autoLog=True, bold=False, color=array([1, 1, 1]), colorSpace='rgb', contrast=1.0, depth=-1.0, flipHoriz=False, flipVert=False, font='Arial', fontFiles=[], height=0.03, italic=False, languageStyle='LTR', name='decisionQ_2', opacity=1.0, ori=0, pos=array([0. , 0.3]), rgb=UNKNOWN, text='When did you see this object?', units='height', win=Window(...), wrapWidth=1)
23.7903 	EXP 	Created first_left = Rect(__class__=<class 'psychopy.visual.rect.Rect'>, anchor=('center', 'center'), autoDraw=False, autoLog=True, closeShape=True, color=method-wrapper(...), colorSpace='rgb', contrast=None, depth=-2.0, fillColor=array([1, 1, 1]), fillColorSpace='rgb', fillRGB=array([1, 1, 1]), interpolate=True, lineColor=array([1, 1, 1]), lineColorSpace='rgb', lineRGB=array([1, 1, 1]), lineWidth=3, name='first_left', opacity=0.5, ori=0.0, pos=array([0. , 0.1]), size=array([0.15, 0.15]), units='height', vertices=ndarray(...), win=Window(...))
23.7910 	EXP 	Created second_middle = Rect(__class__=<class 'psychopy.visual.rect.Rect'>, anchor=('center', 'center'), autoDraw=False, autoLog=True, closeShape=True, color=method-wrapper(...), colorSpace='rgb', contrast=None, depth=-3.0, fillColor=array([1, 1, 1]), fillColorSpace='rgb', fillRGB=array([1, 1, 1]), interpolate=True, lineColor=array([1, 1, 1]), lineColorSpace='rgb', lineRGB=array([1, 1, 1]), lineWidth=3, name='second_middle', opacity=0.5, ori=0.0, pos=array([ 0. , -0.1]), size=array([0.15, 0.15]), units='height', vertices=ndarray(...), win=Window(...))
23.7917 	EXP 	Created third_right = Rect(__class__=<class 'psychopy.visual.rect.Rect'>, anchor=('center', 'center'), autoDraw=False, autoLog=True, closeShape=True, color=method-wrapper(...), colorSpace='rgb', contrast=None, depth=-4.0, fillColor=array([1, 1, 1]), fillColorSpace='rgb', fillRGB=array([1, 1, 1]), interpolate=True, lineColor=array([1, 1, 1]), lineColorSpace='rgb', lineRGB=array([1, 1, 1]), lineWidth=3, name='third_right', opacity=0.5, ori=0.0, pos=array([ 0. , -0.3]), size=array([0.15, 0.15]), units='height', vertices=ndarray(...), win=Window(...))
23.7945 	EXP 	Created First = TextStim(__class__=<class 'psychopy.visual.text.TextStim'>, alignHoriz=method-wrapper(...), alignText='center', alignVert=method-wrapper(...), anchorHoriz='center', anchorVert='center', antialias=True, autoDraw=False, autoLog=True, bold=False, color=array([1, 1, 1]), colorSpace='rgb', contrast=1.0, depth=-5.0, flipHoriz=False, flipVert=False, font='Arial', fontFiles=[], height=0.03, italic=False, languageStyle='LTR', name='First', opacity=1.0, ori=0, pos=array([0. , 0.1]), rgb=UNKNOWN, text='First', units='height', win=Window(...), wrapWidth=1)
23.7966 	EXP 	Created Second = TextStim(__class__=<class 'psychopy.visual.text.TextStim'>, alignHoriz=method-wrapper(...), alignText='center', alignVert=method-wrapper(...), anchorHoriz='center', anchorVert='center', antialias=True, autoDraw=False, autoLog=True, bold=False, color=array([1, 1, 1]), colorSpace='rgb', contrast=1.0, depth=-6.0, flipHoriz=False, flipVert=False, font='Arial', fontFiles=[], height=0.03, italic=False, languageStyle='LTR', name='Second', opacity=1.0, ori=0, pos=array([ 0. , -0.1]), rgb=UNKNOWN, text='Second', units='height', win=Window(...), wrapWidth=1)
23.7986 	EXP 	Created Third = TextStim(__class__=<class 'psychopy.visual.text.TextStim'>, alignHoriz=method-wrapper(...), alignText='center', alignVert=method-wrapper(...), anchorHoriz='center', anchorVert='center', antialias=True, autoDraw=False, autoLog=True, bold=False, color=array([1, 1, 1]), colorSpace='rgb', contrast=1.0, depth=-7.0, flipHoriz=False, flipVert=False, font='Arial', fontFiles=[], height=0.03, italic=False, languageStyle='LTR', name='Third', opacity=1.0, ori=0, pos=array([ 0. , -0.3]), rgb=UNKNOWN, text='Third', units='height', win=Window(...), wrapWidth=1)
23.7986 	EXP 	window1: mouseVisible = True
23.7991 	EXP 	Sound clickedSound set volume 1.000
23.8073 	EXP 	Created BlockBreak = TextStim(__class__=<class 'psychopy.visual.text.TextStim'>, alignHoriz=method-wrapper(...), alignText='center', alignVert=method-wrapper(...), anchorHoriz='center', anchorVert='center', antialias=True, autoDraw=False, autoLog=True, bold=False, color=array([1, 1, 1]), colorSpace='rgb', contrast=1.0, depth=0.0, flipHoriz=False, flipVert=False, font='Arial', fontFiles=[], height=0.03, italic=False, languageStyle='LTR', name='BlockBreak', opacity=1.0, ori=0, pos=array([0., 0.]), rgb=UNKNOWN, text=str(...), units='height', win=Window(...), wrapWidth=1)
23.8233 	EXP 	Created text_4 = TextStim(__class__=<class 'psychopy.visual.text.TextStim'>, alignHoriz=method-wrapper(...), alignText='center', alignVert=method-wrapper(...), anchorHoriz='center', anchorVert='center', antialias=True, autoDraw=False, autoLog=True, bold=False, color=array([1, 1, 1]), colorSpace='rgb', contrast=1.0, depth=-1.0, flipHoriz=False, flipVert=False, font='Open Sans', fontFiles=[], height=0.03, italic=False, languageStyle='LTR', name='text_4', opacity=1.0, ori=0.0, pos=array([0., 0.]), rgb=UNKNOWN, text=str(...), units='height', win=Window(...), wrapWidth=1)
23.8272 	EXP 	Created Triplet1 = ImageStim(__class__=<class 'psychopy.visual.image.ImageStim'>, anchor=('center', 'center'), autoLog=True, color=array([1, 1, 1]), colorSpace='rgb', contrast=1.0, depth=-1.0, flipHoriz=False, flipVert=False, image='sin', interpolate=True, mask=None, maskParams=None, name='Triplet1', opacity=1.0, ori=0.0, pos=array([0., 0.]), size=array([0.25, 0.25]), texRes=128, units='height', win=Window(...))
23.8317 	EXP 	Created Triplet2 = ImageStim(__class__=<class 'psychopy.visual.image.ImageStim'>, anchor=('center', 'center'), autoLog=True, color=array([1, 1, 1]), colorSpace='rgb', contrast=1.0, depth=-2.0, flipHoriz=False, flipVert=False, image='sin', interpolate=True, mask=None, maskParams=None, name='Triplet2', opacity=1.0, ori=0.0, pos=array([0., 0.]), size=array([0.25, 0.25]), texRes=128, units='height', win=Window(...))
23.8360 	EXP 	Created Triplet3 = ImageStim(__class__=<class 'psychopy.visual.image.ImageStim'>, anchor=('center', 'center'), autoLog=True, color=array([1, 1, 1]), colorSpace='rgb', contrast=1.0, depth=-3.0, flipHoriz=False, flipVert=False, image='sin', interpolate=True, mask=None, maskParams=None, name='Triplet3', opacity=1.0, ori=0.0, pos=array([0., 0.]), size=array([0.25, 0.25]), texRes=128, units='height', win=Window(...))
23.8453 	EXP 	Sound sound_pop set volume 1.000
23.8545 	EXP 	Sound sound_pop2 set volume 1.000
23.8640 	EXP 	Sound sound_pop3 set volume 1.000
23.8869 	EXP 	Created fix = ImageStim(__class__=<class 'psychopy.visual.image.ImageStim'>, anchor=('center', 'center'), autoLog=True, color=array([1, 1, 1]), colorSpace='rgb', contrast=1.0, depth=0.0, flipHoriz=False, flipVert=False, image='images/fixation.png', interpolate=True, mask=None, maskParams=None, name='fix', opacity=1.0, ori=0.0, pos=array([0., 0.]), size=array([0.1 , 0.05]), texRes=128, units='height', win=Window(...))
23.9781 	EXP 	Created Mask = ImageStim(__class__=<class 'psychopy.visual.image.ImageStim'>, anchor=('center', 'center'), autoLog=True, color=array([1, 1, 1]), colorSpace='rgb', contrast=1.0, depth=0.0, flipHoriz=False, flipVert=False, image='images/Mask.png', interpolate=True, mask=None, maskParams=None, name='Mask', opacity=1.0, ori=0.0, pos=array([0., 0.]), size=array([1.5, 0.5]), texRes=128, units='height', win=Window(...))
23.9862 	EXP 	Created img1 = ImageStim(__class__=<class 'psychopy.visual.image.ImageStim'>, anchor=('center', 'center'), autoLog=True, color=array([1, 1, 1]), colorSpace='rgb', contrast=1.0, depth=-1.0, flipHoriz=False, flipVert=False, image='sin', interpolate=True, mask=None, maskParams=None, name='img1', opacity=1.0, ori=0.0, pos=array([0., 0.]), size=array([0.25, 0.25]), texRes=128, units='height', win=Window(...))
23.9905 	EXP 	Created img2 = ImageStim(__class__=<class 'psychopy.visual.image.ImageStim'>, anchor=('center', 'center'), autoLog=True, color=array([1, 1, 1]), colorSpace='rgb', contrast=1.0, depth=-2.0, flipHoriz=False, flipVert=False, image='sin', interpolate=True, mask=None, maskParams=None, name='img2', opacity=1.0, ori=0.0, pos=array([0., 0.]), size=array([0.25, 0.25]), texRes=128, units='height', win=Window(...))
23.9983 	EXP 	Created img3 = ImageStim(__class__=<class 'psychopy.visual.image.ImageStim'>, anchor=('center', 'center'), autoLog=True, color=array([1, 1, 1]), colorSpace='rgb', contrast=1.0, depth=-3.0, flipHoriz=False, flipVert=False, image='sin', interpolate=True, mask=None, maskParams=None, name='img3', opacity=1.0, ori=0.0, pos=array([0., 0.]), size=array([0.25, 0.25]), texRes=128, units='height', win=Window(...))
24.0074 	EXP 	Sound sound_pop4 set volume 1.000
24.0167 	EXP 	Sound sound_pop5 set volume 1.000
24.0260 	EXP 	Sound sound_pop6 set volume 1.000
24.0299 	EXP 	Created text_2 = TextStim(__class__=<class 'psychopy.visual.text.TextStim'>, alignHoriz=method-wrapper(...), alignText='center', alignVert=method-wrapper(...), anchorHoriz='center', anchorVert='center', antialias=True, autoDraw=False, autoLog=True, bold=False, color=array([1, 1, 1]), colorSpace='rgb', contrast=1.0, depth=0.0, flipHoriz=False, flipVert=False, font='Arial', fontFiles=[], height=0.03, italic=False, languageStyle='LTR', name='text_2', opacity=1.0, ori=0, pos=array([0., 0.]), rgb=UNKNOWN, text=str(...), units='height', win=Window(...), wrapWidth=1)
24.0325 	EXP 	Created text = TextStim(__class__=<class 'psychopy.visual.text.TextStim'>, alignHoriz=method-wrapper(...), alignText='center', alignVert=method-wrapper(...), anchorHoriz='center', anchorVert='center', antialias=True, autoDraw=False, autoLog=True, bold=False, color=array([1, 1, 1]), colorSpace='rgb', contrast=1.0, depth=-1.0, flipHoriz=False, flipVert=False, font='Arial', fontFiles=[], height=0.03, italic=False, languageStyle='LTR', name='text', opacity=1.0, ori=0, pos=array([0., 0.]), rgb=UNKNOWN, text=str(...), units='height', win=Window(...), wrapWidth=1)
24.0330 	EXP 	Created sameText = TextStim(__class__=<class 'psychopy.visual.text.TextStim'>, alignHoriz=method-wrapper(...), alignText='center', alignVert=method-wrapper(...), anchorHoriz='center', anchorVert='center', antialias=True, autoDraw=False, autoLog=True, bold=False, color=array([1, 1, 1]), colorSpace='rgb', contrast=1.0, depth=-2.0, flipHoriz=False, flipVert=False, font='Arial', fontFiles=[], height=0.03, italic=False, languageStyle='LTR', name='sameText', opacity=1.0, ori=0, pos=array([-0.2, -0.3]), rgb=UNKNOWN, text='', units='height', win=Window(...), wrapWidth=1)
24.0335 	EXP 	Created diffText = TextStim(__class__=<class 'psychopy.visual.text.TextStim'>, alignHoriz=method-wrapper(...), alignText='center', alignVert=method-wrapper(...), anchorHoriz='center', anchorVert='center', antialias=True, autoDraw=False, autoLog=True, bold=False, color=array([1, 1, 1]), colorSpace='rgb', contrast=1.0, depth=-3.0, flipHoriz=False, flipVert=False, font='Arial', fontFiles=[], height=0.03, italic=False, languageStyle='LTR', name='diffText', opacity=1.0, ori=0, pos=array([ 0.2, -0.3]), rgb=UNKNOWN, text='', units='height', win=Window(...), wrapWidth=1)
24.0344 	EXP 	Created leftCL = Rect(__class__=<class 'psychopy.visual.rect.Rect'>, anchor=('center', 'center'), autoDraw=False, autoLog=True, closeShape=True, color=method-wrapper(...), colorSpace='rgb', contrast=None, depth=-4.0, fillColor=array([1., 1., 1.]), fillColorSpace='rgb', fillRGB=array([1., 1., 1.]), interpolate=True, lineColor=array([1, 1, 1]), lineColorSpace='rgb', lineRGB=array([1, 1, 1]), lineWidth=3, name='leftCL', opacity=0.5, ori=0.0, pos=array([-0.2, -0.3]), size=array([-0.2, -0.2]), units='height', vertices=ndarray(...), win=Window(...))
24.0353 	EXP 	Created rightCL = Rect(__class__=<class 'psychopy.visual.rect.Rect'>, anchor=('center', 'center'), autoDraw=False, autoLog=True, closeShape=True, color=method-wrapper(...), colorSpace='rgb', contrast=None, depth=-5.0, fillColor=array([1., 1., 1.]), fillColorSpace='rgb', fillRGB=array([1., 1., 1.]), interpolate=True, lineColor=array([1, 1, 1]), lineColorSpace='rgb', lineRGB=array([1, 1, 1]), lineWidth=3, name='rightCL', opacity=0.5, ori=0.0, pos=array([ 0.2, -0.3]), size=array([0.2, 0.2]), units='height', vertices=ndarray(...), win=Window(...))
24.0354 	EXP 	window1: mouseVisible = True
24.0358 	EXP 	Sound clickedSound set volume 1.000
24.0396 	EXP 	Created retIMG = ImageStim(__class__=<class 'psychopy.visual.image.ImageStim'>, anchor=('center', 'center'), autoLog=True, color=array([1, 1, 1]), colorSpace='rgb', contrast=1.0, depth=-1.0, flipHoriz=False, flipVert=False, image='sin', interpolate=True, mask=None, maskParams=None, name='retIMG', opacity=1.0, ori=0.0, pos=array([0., 0.]), size=array([0.25, 0.25]), texRes=128, units='height', win=Window(...))
24.0489 	EXP 	Sound sound_pop7 set volume 1.000
24.0514 	EXP 	Created question_text = TextStim(__class__=<class 'psychopy.visual.text.TextStim'>, alignHoriz=method-wrapper(...), alignText='center', alignVert=method-wrapper(...), anchorHoriz='center', anchorVert='center', antialias=True, autoDraw=False, autoLog=True, bold=False, color=array([1, 1, 1]), colorSpace='rgb', contrast=1.0, depth=0.0, flipHoriz=False, flipVert=False, font='Arial', fontFiles=[], height=0.03, italic=False, languageStyle='LTR', name='question_text', opacity=1.0, ori=0, pos=array([0. , 0.3]), rgb=UNKNOWN, text='When did you see this object?', units='height', win=Window(...), wrapWidth=1)
24.0536 	EXP 	Created decisionQ_2 = TextStim(__class__=<class 'psychopy.visual.text.TextStim'>, alignHoriz=method-wrapper(...), alignText='center', alignVert=method-wrapper(...), anchorHoriz='center', anchorVert='center', antialias=True, autoDraw=False, autoLog=True, bold=False, color=array([1, 1, 1]), colorSpace='rgb', contrast=1.0, depth=-1.0, flipHoriz=False, flipVert=False, font='Arial', fontFiles=[], height=0.03, italic=False, languageStyle='LTR', name='decisionQ_2', opacity=1.0, ori=0, pos=array([0. , 0.3]), rgb=UNKNOWN, text='When did you see this object?', units='height', win=Window(...), wrapWidth=1)
24.0544 	EXP 	Created first_left = Rect(__class__=<class 'psychopy.visual.rect.Rect'>, anchor=('center', 'center'), autoDraw=False, autoLog=True, closeShape=True, color=method-wrapper(...), colorSpace='rgb', contrast=None, depth=-2.0, fillColor=array([1, 1, 1]), fillColorSpace='rgb', fillRGB=array([1, 1, 1]), interpolate=True, lineColor=array([1, 1, 1]), lineColorSpace='rgb', lineRGB=array([1, 1, 1]), lineWidth=3, name='first_left', opacity=0.5, ori=0.0, pos=array([0. , 0.1]), size=array([0.15, 0.15]), units='height', vertices=ndarray(...), win=Window(...))
24.0551 	EXP 	Created second_middle = Rect(__class__=<class 'psychopy.visual.rect.Rect'>, anchor=('center', 'center'), autoDraw=False, autoLog=True, closeShape=True, color=method-wrapper(...), colorSpace='rgb', contrast=None, depth=-3.0, fillColor=array([1, 1, 1]), fillColorSpace='rgb', fillRGB=array([1, 1, 1]), interpolate=True, lineColor=array([1, 1, 1]), lineColorSpace='rgb', lineRGB=array([1, 1, 1]), lineWidth=3, name='second_middle', opacity=0.5, ori=0.0, pos=array([ 0. , -0.1]), size=array([0.15, 0.15]), units='height', vertices=ndarray(...), win=Window(...))
24.0558 	EXP 	Created third_right = Rect(__class__=<class 'psychopy.visual.rect.Rect'>, anchor=('center', 'center'), autoDraw=False, autoLog=True, closeShape=True, color=method-wrapper(...), colorSpace='rgb', contrast=None, depth=-4.0, fillColor=array([1, 1, 1]), fillColorSpace='rgb', fillRGB=array([1, 1, 1]), interpolate=True, lineColor=array([1, 1, 1]), lineColorSpace='rgb', lineRGB=array([1, 1, 1]), lineWidth=3, name='third_right', opacity=0.5, ori=0.0, pos=array([ 0. , -0.3]), size=array([0.15, 0.15]), units='height', vertices=ndarray(...), win=Window(...))
24.0579 	EXP 	Created First = TextStim(__class__=<class 'psychopy.visual.text.TextStim'>, alignHoriz=method-wrapper(...), alignText='center', alignVert=method-wrapper(...), anchorHoriz='center', anchorVert='center', antialias=True, autoDraw=False, autoLog=True, bold=False, color=array([1, 1, 1]), colorSpace='rgb', contrast=1.0, depth=-5.0, flipHoriz=False, flipVert=False, font='Arial', fontFiles=[], height=0.03, italic=False, languageStyle='LTR', name='First', opacity=1.0, ori=0, pos=array([0. , 0.1]), rgb=UNKNOWN, text='First', units='height', win=Window(...), wrapWidth=1)
24.0606 	EXP 	Created Second = TextStim(__class__=<class 'psychopy.visual.text.TextStim'>, alignHoriz=method-wrapper(...), alignText='center', alignVert=method-wrapper(...), anchorHoriz='center', anchorVert='center', antialias=True, autoDraw=False, autoLog=True, bold=False, color=array([1, 1, 1]), colorSpace='rgb', contrast=1.0, depth=-6.0, flipHoriz=False, flipVert=False, font='Arial', fontFiles=[], height=0.03, italic=False, languageStyle='LTR', name='Second', opacity=1.0, ori=0, pos=array([ 0. , -0.1]), rgb=UNKNOWN, text='Second', units='height', win=Window(...), wrapWidth=1)
24.0627 	EXP 	Created Third = TextStim(__class__=<class 'psychopy.visual.text.TextStim'>, alignHoriz=method-wrapper(...), alignText='center', alignVert=method-wrapper(...), anchorHoriz='center', anchorVert='center', antialias=True, autoDraw=False, autoLog=True, bold=False, color=array([1, 1, 1]), colorSpace='rgb', contrast=1.0, depth=-7.0, flipHoriz=False, flipVert=False, font='Arial', fontFiles=[], height=0.03, italic=False, languageStyle='LTR', name='Third', opacity=1.0, ori=0, pos=array([ 0. , -0.3]), rgb=UNKNOWN, text='Third', units='height', win=Window(...), wrapWidth=1)
24.0628 	EXP 	window1: mouseVisible = True
24.0633 	EXP 	Sound clickedSound set volume 1.000
24.0662 	EXP 	Created end = TextStim(__class__=<class 'psychopy.visual.text.TextStim'>, alignHoriz=method-wrapper(...), alignText='center', alignVert=method-wrapper(...), anchorHoriz='center', anchorVert='center', antialias=True, autoDraw=False, autoLog=True, bold=False, color=array([1, 1, 1]), colorSpace='rgb', contrast=1.0, depth=0.0, flipHoriz=False, flipVert=False, font='Arial', fontFiles=[], height=0.03, italic=False, languageStyle='LTR', name='end', opacity=1.0, ori=0, pos=array([0., 0.]), rgb=UNKNOWN, text=str(...), units='height', win=Window(...), wrapWidth=1)
24.0701 	EXP 	Instructions: autoDraw = True
25.3803 	EXP 	Created sequence: random, trialTypes=1, nReps=2, seed=None
25.3805 	EXP 	New trial (rep=0, index=0): None
25.5246 	DATA 	Keypress: b
25.5246 	DATA 	Keypress: space
25.6355 	EXP 	Instructions: autoDraw = False
25.6355 	EXP 	fix: autoDraw = True
25.6780 	DATA 	Keypress: space
27.2931 	EXP 	Sound sound_pop started
27.2869 	EXP 	fix: autoDraw = False
27.2869 	EXP 	fix: autoDraw = False
27.2869 	EXP 	Triplet1: image = 'images/OBJ_12.png'
27.2869 	EXP 	Triplet2: image = 'images/OBJ_70.png'
27.2869 	EXP 	Triplet3: image = 'images/OBJ_22.png'
27.2869 	EXP 	Triplet1: autoDraw = True
27.6617 	EXP 	Sound sound_pop reached end of file
28.7930 	EXP 	Triplet1: autoDraw = False
29.2761 	EXP 	Sound sound_pop2 started
29.2761 	EXP 	Triplet2: autoDraw = True
29.6405 	EXP 	Sound sound_pop2 reached end of file
30.7757 	EXP 	Triplet2: autoDraw = False
31.2755 	EXP 	Sound sound_pop3 started
31.2755 	EXP 	Triplet3: autoDraw = True
31.6417 	EXP 	Sound sound_pop3 reached end of file
32.7751 	EXP 	Triplet3: autoDraw = False
32.7751 	EXP 	Triplet1: autoDraw = False
32.7751 	EXP 	Triplet2: autoDraw = False
32.7751 	EXP 	Triplet3: autoDraw = False
32.7751 	EXP 	Mask: autoDraw = True
34.4076 	EXP 	Sound sound_pop4 started
34.4104 	EXP 	Mask: autoDraw = False
34.4104 	EXP 	Mask: autoDraw = False
34.4104 	EXP 	img1: image = 'images/OBJ_12.png'
34.4104 	EXP 	img2: image = 'images/OBJ_70.png'
34.4104 	EXP 	img3: image = 'images/OBJ_22.png'
34.4104 	EXP 	img1: autoDraw = True
34.7820 	EXP 	Sound sound_pop4 reached end of file
35.9243 	EXP 	img1: autoDraw = False
36.4072 	EXP 	Sound sound_pop5 started
36.4076 	EXP 	img2: autoDraw = True
36.7711 	EXP 	Sound sound_pop5 reached end of file
37.9068 	EXP 	img2: autoDraw = False
38.4066 	EXP 	Sound sound_pop6 started
38.4069 	EXP 	img3: autoDraw = True
38.7723 	EXP 	Sound sound_pop6 reached end of file
39.9063 	EXP 	img3: autoDraw = False
39.9063 	EXP 	img1: autoDraw = False
39.9063 	EXP 	img2: autoDraw = False
39.9063 	EXP 	img3: autoDraw = False
39.9063 	EXP 	text_2: autoDraw = True
40.9063 	EXP 	text_2: autoDraw = False
40.9063 	EXP 	text_2: autoDraw = False
40.9063 	EXP 	sameText: height = 0.03
40.9063 	EXP 	sameText: height = 0.03
40.9063 	EXP 	sameText: height = 0.03
40.9063 	EXP 	sameText: text = 'Same'
40.9063 	EXP 	diffText: height = 0.03
40.9063 	EXP 	diffText: height = 0.03
40.9063 	EXP 	diffText: height = 0.03
40.9063 	EXP 	diffText: text = 'Different'
40.9063 	EXP 	text: autoDraw = True
40.9063 	EXP 	sameText: autoDraw = True
40.9063 	EXP 	diffText: autoDraw = True
40.9063 	EXP 	leftCL: autoDraw = True
40.9063 	EXP 	rightCL: autoDraw = True
41.6228 	DATA 	Mouse: Left button down, pos=(392,156)
41.6392 	EXP 	Sound clickedSound started
41.6390 	EXP 	text: autoDraw = False
41.6390 	EXP 	sameText: autoDraw = False
41.6390 	EXP 	diffText: autoDraw = False
41.6390 	EXP 	leftCL: autoDraw = False
41.6390 	EXP 	rightCL: autoDraw = False
41.8061 	DATA 	Mouse:  Left button up, pos=(393,156)
42.1411 	EXP 	Sound clickedSound stopped
42.1414 	EXP 	New trial (rep=1, index=0): None
42.3698 	EXP 	fix: autoDraw = True
43.9216 	EXP 	Sound sound_pop started
43.9159 	EXP 	fix: autoDraw = False
43.9159 	EXP 	fix: autoDraw = False
43.9159 	EXP 	Triplet1: image = 'images/OBJ_102.png'
43.9159 	EXP 	Triplet2: image = 'images/OBJ_178.png'
43.9159 	EXP 	Triplet3: image = 'images/OBJ_191.png'
43.9159 	EXP 	Triplet1: autoDraw = True
44.2827 	EXP 	Sound sound_pop reached end of file
45.4213 	EXP 	Triplet1: autoDraw = False
45.9045 	EXP 	Sound sound_pop2 started
45.9047 	EXP 	Triplet2: autoDraw = True
46.2649 	EXP 	Sound sound_pop2 reached end of file
47.4043 	EXP 	Triplet2: autoDraw = False
47.9039 	EXP 	Sound sound_pop3 started
47.9042 	EXP 	Triplet3: autoDraw = True
48.2625 	EXP 	Sound sound_pop3 reached end of file
49.4037 	EXP 	Triplet3: autoDraw = False
49.4037 	EXP 	Triplet1: autoDraw = False
49.4037 	EXP 	Triplet2: autoDraw = False
49.4037 	EXP 	Triplet3: autoDraw = False
49.4037 	EXP 	Mask: autoDraw = True
50.9530 	EXP 	Sound sound_pop4 started
50.9421 	EXP 	Mask: autoDraw = False
50.9421 	EXP 	Mask: autoDraw = False
50.9421 	EXP 	img1: image = 'images/OBJ_102.png'
50.9421 	EXP 	img2: image = 'images/OBJ_178.png'
50.9421 	EXP 	img3: image = 'images/OBJ_191.png'
50.9421 	EXP 	img1: autoDraw = True
51.3216 	EXP 	Sound sound_pop4 reached end of file
52.4526 	EXP 	img1: autoDraw = False
52.9358 	EXP 	Sound sound_pop5 started
52.9359 	EXP 	img2: autoDraw = True
53.3025 	EXP 	Sound sound_pop5 reached end of file
54.4353 	EXP 	img2: autoDraw = False
54.9354 	EXP 	Sound sound_pop6 started
54.9354 	EXP 	img3: autoDraw = True
55.3016 	EXP 	Sound sound_pop6 reached end of file
56.4350 	EXP 	img3: autoDraw = False
56.4350 	EXP 	img1: autoDraw = False
56.4350 	EXP 	img2: autoDraw = False
56.4350 	EXP 	img3: autoDraw = False
56.4350 	EXP 	text_2: autoDraw = True
57.4347 	EXP 	text_2: autoDraw = False
57.4347 	EXP 	text_2: autoDraw = False
57.4347 	EXP 	sameText: text = 'Same'
57.4347 	EXP 	diffText: text = 'Different'
57.4347 	EXP 	text: autoDraw = True
57.4347 	EXP 	sameText: autoDraw = True
57.4347 	EXP 	diffText: autoDraw = True
57.4347 	EXP 	leftCL: autoDraw = True
57.4347 	EXP 	rightCL: autoDraw = True
57.7848 	DATA 	Mouse: Left button down, pos=(374,191)
57.8011 	EXP 	Sound clickedSound started
57.8012 	EXP 	text: autoDraw = False
57.8012 	EXP 	sameText: autoDraw = False
57.8012 	EXP 	diffText: autoDraw = False
57.8012 	EXP 	leftCL: autoDraw = False
57.8012 	EXP 	rightCL: autoDraw = False
57.9349 	DATA 	Mouse:  Left button up, pos=(374,191)
58.3117 	EXP 	Sound clickedSound stopped
58.3124 	EXP 	Created sequence: random, trialTypes=1, nReps=2, seed=None
58.3125 	EXP 	New trial (rep=0, index=0): None
58.6005 	EXP 	Sound sound_pop7 started
58.5895 	EXP 	retIMG: image = 'images/OBJ_22.png'
58.5895 	EXP 	retIMG: autoDraw = True
58.9617 	EXP 	Sound sound_pop7 reached end of file
60.1006 	EXP 	retIMG: autoDraw = False
60.1006 	EXP 	retIMG: autoDraw = False
60.1006 	EXP 	question_text: autoDraw = True
61.1003 	EXP 	question_text: autoDraw = False
61.1003 	EXP 	question_text: autoDraw = False
61.1003 	EXP 	decisionQ_2: autoDraw = True
62.0833 	EXP 	first_left: autoDraw = True
62.0833 	EXP 	second_middle: autoDraw = True
62.0833 	EXP 	third_right: autoDraw = True
62.0833 	EXP 	First: autoDraw = True
62.0833 	EXP 	Second: autoDraw = True
62.0833 	EXP 	Third: autoDraw = True
64.2664 	DATA 	Mouse: Left button down, pos=(708,241)
64.2827 	EXP 	Sound clickedSound started
64.2827 	EXP 	decisionQ_2: autoDraw = False
64.2827 	EXP 	first_left: autoDraw = False
64.2827 	EXP 	second_middle: autoDraw = False
64.2827 	EXP 	third_right: autoDraw = False
64.2827 	EXP 	First: autoDraw = False
64.2827 	EXP 	Second: autoDraw = False
64.2827 	EXP 	Third: autoDraw = False
64.3997 	DATA 	Mouse:  Left button up, pos=(705,241)
64.7820 	EXP 	Sound clickedSound stopped
64.7824 	EXP 	New trial (rep=1, index=0): None
65.0485 	EXP 	Sound sound_pop7 started
65.0415 	EXP 	retIMG: image = 'images/OBJ_12.png'
65.0415 	EXP 	retIMG: autoDraw = True
65.4116 	EXP 	Sound sound_pop7 reached end of file
66.5488 	EXP 	retIMG: autoDraw = False
66.5488 	EXP 	retIMG: autoDraw = False
66.5488 	EXP 	question_text: autoDraw = True
67.5485 	EXP 	question_text: autoDraw = False
67.5485 	EXP 	question_text: autoDraw = False
67.5485 	EXP 	decisionQ_2: autoDraw = True
68.5148 	EXP 	first_left: autoDraw = True
68.5148 	EXP 	second_middle: autoDraw = True
68.5148 	EXP 	third_right: autoDraw = True
68.5148 	EXP 	First: autoDraw = True
68.5148 	EXP 	Second: autoDraw = True
68.5148 	EXP 	Third: autoDraw = True
68.9669 	DATA 	Mouse: Left button down, pos=(620,565)
68.9980 	EXP 	Sound clickedSound started
68.9980 	EXP 	decisionQ_2: autoDraw = False
68.9980 	EXP 	first_left: autoDraw = False
68.9980 	EXP 	second_middle: autoDraw = False
68.9980 	EXP 	third_right: autoDraw = False
68.9980 	EXP 	First: autoDraw = False
68.9980 	EXP 	Second: autoDraw = False
68.9980 	EXP 	Third: autoDraw = False
69.0649 	DATA 	Mouse:  Left button up, pos=(620,565)
69.5020 	EXP 	Sound clickedSound stopped
69.5028 	EXP 	Created sequence: random, trialTypes=1, nReps=2, seed=None
69.5029 	EXP 	New trial (rep=0, index=0): None
69.7323 	EXP 	BlockBreak: autoDraw = True
69.7323 	EXP 	BlockBreak: autoDraw = False
69.7323 	EXP 	text_4: autoDraw = False
69.7323 	EXP 	fix: autoDraw = True
71.2972 	EXP 	Sound sound_pop started
71.2936 	EXP 	fix: autoDraw = False
71.2936 	EXP 	fix: autoDraw = False
71.2936 	EXP 	Triplet1: image = 'images/OBJ_81.png'
71.2936 	EXP 	Triplet2: image = 'images/OBJ_29.png'
71.2936 	EXP 	Triplet3: image = 'images/OBJ_147.png'
71.2936 	EXP 	Triplet1: autoDraw = True
71.6618 	EXP 	Sound sound_pop reached end of file
72.7969 	EXP 	Triplet1: autoDraw = False
73.2965 	EXP 	Sound sound_pop2 started
73.2968 	EXP 	Triplet2: autoDraw = True
73.6569 	EXP 	Sound sound_pop2 reached end of file
74.7961 	EXP 	Triplet2: autoDraw = False
75.2961 	EXP 	Sound sound_pop3 started
75.2962 	EXP 	Triplet3: autoDraw = True
75.6547 	EXP 	Sound sound_pop3 reached end of file
76.7957 	EXP 	Triplet3: autoDraw = False
76.7957 	EXP 	Triplet1: autoDraw = False
76.7957 	EXP 	Triplet2: autoDraw = False
76.7957 	EXP 	Triplet3: autoDraw = False
76.7957 	EXP 	Mask: autoDraw = True
78.3605 	EXP 	Sound sound_pop4 started
78.3498 	EXP 	Mask: autoDraw = False
78.3498 	EXP 	img1: image = 'images/OBJ_81.png'
78.3498 	EXP 	img2: image = 'images/OBJ_29.png'
78.3498 	EXP 	img3: image = 'images/OBJ_147.png'
78.3498 	EXP 	img1: autoDraw = True
78.7333 	EXP 	Sound sound_pop4 reached end of file
79.8602 	EXP 	img1: autoDraw = False
80.3444 	EXP 	Sound sound_pop5 started
80.3448 	EXP 	img2: autoDraw = True
80.7121 	EXP 	Sound sound_pop5 reached end of file
81.8444 	EXP 	img2: autoDraw = False
82.3440 	EXP 	Sound sound_pop6 started
82.3441 	EXP 	img3: autoDraw = True
82.7045 	EXP 	Sound sound_pop6 reached end of file
83.8437 	EXP 	img3: autoDraw = False
83.8437 	EXP 	img1: autoDraw = False
83.8437 	EXP 	img2: autoDraw = False
83.8437 	EXP 	img3: autoDraw = False
83.8437 	EXP 	text_2: autoDraw = True
84.8434 	EXP 	text_2: autoDraw = False
84.8434 	EXP 	text_2: autoDraw = False
84.8434 	EXP 	sameText: text = 'Same'
84.8434 	EXP 	diffText: text = 'Different'
84.8434 	EXP 	text: autoDraw = True
84.8434 	EXP 	sameText: autoDraw = True
84.8434 	EXP 	diffText: autoDraw = True
84.8434 	EXP 	leftCL: autoDraw = True
84.8434 	EXP 	rightCL: autoDraw = True
85.3102 	DATA 	Mouse: Left button down, pos=(410,221)
85.3266 	EXP 	Sound clickedSound started
85.3266 	EXP 	text: autoDraw = False
85.3266 	EXP 	sameText: autoDraw = False
85.3266 	EXP 	diffText: autoDraw = False
85.3266 	EXP 	leftCL: autoDraw = False
85.3266 	EXP 	rightCL: autoDraw = False
85.4434 	DATA 	Mouse:  Left button up, pos=(410,221)
85.8233 	EXP 	Sound clickedSound stopped
85.8237 	EXP 	New trial (rep=1, index=0): None
86.0691 	EXP 	fix: autoDraw = True
87.6258 	EXP 	Sound sound_pop started
87.6204 	EXP 	fix: autoDraw = False
87.6204 	EXP 	fix: autoDraw = False
87.6204 	EXP 	Triplet1: image = 'images/OBJ_96.png'
87.6204 	EXP 	Triplet2: image = 'images/OBJ_172.png'
87.6204 	EXP 	Triplet3: image = 'images/OBJ_1.png'
87.6204 	EXP 	Triplet1: autoDraw = True
87.9934 	EXP 	Sound sound_pop reached end of file
89.1254 	EXP 	Triplet1: autoDraw = False
89.6086 	EXP 	Sound sound_pop2 started
89.6086 	EXP 	Triplet2: autoDraw = True
89.9743 	EXP 	Sound sound_pop2 reached end of file
91.1082 	EXP 	Triplet2: autoDraw = False
91.6080 	EXP 	Sound sound_pop3 started
91.6082 	EXP 	Triplet3: autoDraw = True
91.9736 	EXP 	Sound sound_pop3 reached end of file
93.1076 	EXP 	Triplet3: autoDraw = False
93.1076 	EXP 	Triplet1: autoDraw = False
93.1076 	EXP 	Triplet2: autoDraw = False
93.1076 	EXP 	Triplet3: autoDraw = False
93.1076 	EXP 	Mask: autoDraw = True
94.6565 	EXP 	Sound sound_pop4 started
94.6478 	EXP 	Mask: autoDraw = False
94.6478 	EXP 	Mask: autoDraw = False
94.6478 	EXP 	img1: image = 'images/OBJ_96.png'
94.6478 	EXP 	img2: image = 'images/OBJ_172.png'
94.6478 	EXP 	img3: image = 'images/OBJ_1.png'
94.6478 	EXP 	img1: autoDraw = True
95.0242 	EXP 	Sound sound_pop4 reached end of file
96.1569 	EXP 	img1: autoDraw = False
96.6400 	EXP 	Sound sound_pop5 started
96.6398 	EXP 	img2: autoDraw = True
97.0030 	EXP 	Sound sound_pop5 reached end of file
98.1393 	EXP 	img2: autoDraw = False
98.6395 	EXP 	Sound sound_pop6 started
98.6393 	EXP 	img3: autoDraw = True
98.9999 	EXP 	Sound sound_pop6 reached end of file
100.1389 	EXP 	img3: autoDraw = False
100.1389 	EXP 	img1: autoDraw = False
100.1389 	EXP 	img2: autoDraw = False
100.1389 	EXP 	img3: autoDraw = False
100.1389 	EXP 	text_2: autoDraw = True
101.1386 	EXP 	text_2: autoDraw = False
101.1386 	EXP 	text_2: autoDraw = False
101.1386 	EXP 	sameText: text = 'Same'
101.1386 	EXP 	diffText: text = 'Different'
101.1386 	EXP 	text: autoDraw = True
101.1386 	EXP 	sameText: autoDraw = True
101.1386 	EXP 	diffText: autoDraw = True
101.1386 	EXP 	leftCL: autoDraw = True
101.1386 	EXP 	rightCL: autoDraw = True
102.0553 	DATA 	Mouse: Left button down, pos=(383,269)
102.0717 	EXP 	Sound clickedSound started
102.0717 	EXP 	text: autoDraw = False
102.0717 	EXP 	sameText: autoDraw = False
102.0717 	EXP 	diffText: autoDraw = False
102.0717 	EXP 	leftCL: autoDraw = False
102.0717 	EXP 	rightCL: autoDraw = False
102.2552 	DATA 	Mouse:  Left button up, pos=(383,269)
102.5748 	EXP 	Sound clickedSound stopped
102.5755 	EXP 	Created sequence: random, trialTypes=1, nReps=2, seed=None
102.5756 	EXP 	New trial (rep=0, index=0): None
102.7982 	EXP 	New trial (rep=1, index=0): None
103.0413 	EXP 	Created sequence: random, trialTypes=1, nReps=2, seed=None
103.0414 	EXP 	New trial (rep=0, index=0): None
103.3365 	EXP 	Sound sound_pop7 started
103.3263 	EXP 	retIMG: image = 'images/OBJ_29.png'
103.3263 	EXP 	retIMG: image = 'images/OBJ_147.png'
103.3263 	EXP 	retIMG: autoDraw = True
103.7036 	EXP 	Sound sound_pop7 reached end of file
104.8376 	EXP 	retIMG: autoDraw = False
104.8376 	EXP 	retIMG: autoDraw = False
104.8376 	EXP 	question_text: autoDraw = True
105.8372 	EXP 	question_text: autoDraw = False
105.8372 	EXP 	question_text: autoDraw = False
105.8372 	EXP 	decisionQ_2: autoDraw = True
106.8037 	EXP 	first_left: autoDraw = True
106.8037 	EXP 	second_middle: autoDraw = True
106.8037 	EXP 	third_right: autoDraw = True
106.8037 	EXP 	First: autoDraw = True
106.8037 	EXP 	Second: autoDraw = True
106.8037 	EXP 	Third: autoDraw = True
107.2537 	DATA 	Mouse: Left button down, pos=(605,333)
107.2701 	EXP 	Sound clickedSound started
107.2701 	EXP 	decisionQ_2: autoDraw = False
107.2701 	EXP 	first_left: autoDraw = False
107.2701 	EXP 	second_middle: autoDraw = False
107.2701 	EXP 	third_right: autoDraw = False
107.2701 	EXP 	First: autoDraw = False
107.2701 	EXP 	Second: autoDraw = False
107.2701 	EXP 	Third: autoDraw = False
107.3704 	DATA 	Mouse:  Left button up, pos=(605,333)
107.7633 	EXP 	Sound clickedSound stopped
107.7729 	EXP 	New trial (rep=1, index=0): None
108.0360 	EXP 	Sound sound_pop7 started
108.0401 	EXP 	retIMG: image = 'images/OBJ_96.png'
108.0401 	EXP 	retIMG: image = 'images/OBJ_81.png'
108.0401 	EXP 	retIMG: autoDraw = True
108.4132 	EXP 	Sound sound_pop7 reached end of file
109.5529 	EXP 	retIMG: autoDraw = False
109.5529 	EXP 	retIMG: autoDraw = False
109.5529 	EXP 	question_text: autoDraw = True
110.5526 	EXP 	question_text: autoDraw = False
110.5526 	EXP 	question_text: autoDraw = False
110.5526 	EXP 	decisionQ_2: autoDraw = True
111.5190 	EXP 	first_left: autoDraw = True
111.5190 	EXP 	second_middle: autoDraw = True
111.5190 	EXP 	third_right: autoDraw = True
111.5190 	EXP 	First: autoDraw = True
111.5190 	EXP 	Second: autoDraw = True
111.5190 	EXP 	Third: autoDraw = True
111.8692 	DATA 	Mouse: Left button down, pos=(631,564)
111.8855 	EXP 	Sound clickedSound started
111.8855 	EXP 	decisionQ_2: autoDraw = False
111.8855 	EXP 	first_left: autoDraw = False
111.8855 	EXP 	second_middle: autoDraw = False
111.8855 	EXP 	third_right: autoDraw = False
111.8855 	EXP 	First: autoDraw = False
111.8855 	EXP 	Second: autoDraw = False
111.8855 	EXP 	Third: autoDraw = False
112.0190 	DATA 	Mouse:  Left button up, pos=(631,564)
112.3933 	EXP 	Sound clickedSound stopped
112.4052 	EXP 	end: autoDraw = True
117.4003 	EXP 	end: autoDraw = False
119.8536 	EXP 	window1: mouseVisible = True
119.8537 	EXP 	window1: mouseVisible = True
119.8538 	EXP 	window1: mouseVisible = True
119.8538 	EXP 	window1: mouseVisible = True
119.8538 	EXP 	window1: mouseVisible = True
119.8539 	EXP 	window1: mouseVisible = True
119.8539 	EXP 	window1: mouseVisible = True
119.8539 	EXP 	window1: mouseVisible = True
119.8540 	EXP 	window1: mouseVisible = True
119.8540 	EXP 	window1: mouseVisible = True
119.8540 	EXP 	window1: mouseVisible = True
119.8541 	EXP 	window1: mouseVisible = True
119.8541 	EXP 	window1: mouseVisible = True
119.8541 	EXP 	window1: mouseVisible = True
119.8542 	EXP 	window1: mouseVisible = True
119.8542 	EXP 	window1: mouseVisible = True
119.8542 	EXP 	window1: mouseVisible = True
119.8543 	EXP 	window1: mouseVisible = True
119.8543 	EXP 	window1: mouseVisible = True
119.8543 	EXP 	window1: mouseVisible = True
119.8544 	EXP 	window1: mouseVisible = True
119.8544 	EXP 	window1: mouseVisible = True
119.8544 	EXP 	window1: mouseVisible = True
119.8545 	EXP 	window1: mouseVisible = True
119.8545 	EXP 	window1: mouseVisible = True
119.8545 	EXP 	window1: mouseVisible = True
119.8546 	EXP 	window1: mouseVisible = True
119.8546 	EXP 	window1: mouseVisible = True
119.8546 	EXP 	window1: mouseVisible = True
119.8546 	EXP 	window1: mouseVisible = True
119.8547 	EXP 	window1: mouseVisible = True
119.8547 	EXP 	window1: mouseVisible = True
119.8547 	EXP 	window1: mouseVisible = True
119.8548 	EXP 	window1: mouseVisible = True
119.8548 	EXP 	window1: mouseVisible = True
119.8548 	EXP 	window1: mouseVisible = True
119.8549 	EXP 	window1: mouseVisible = True
119.8549 	EXP 	window1: mouseVisible = True
119.8549 	EXP 	window1: mouseVisible = True
119.8550 	EXP 	window1: mouseVisible = True
119.8550 	EXP 	window1: mouseVisible = True
119.8550 	EXP 	window1: mouseVisible = True
119.8550 	EXP 	window1: mouseVisible = True
119.8551 	EXP 	window1: mouseVisible = True
119.8551 	EXP 	window1: mouseVisible = True
119.8551 	EXP 	window1: mouseVisible = True
119.8552 	EXP 	window1: mouseVisible = True
119.8552 	EXP 	window1: mouseVisible = True
119.8552 	EXP 	window1: mouseVisible = True
119.8552 	EXP 	window1: mouseVisible = True
119.8553 	EXP 	window1: mouseVisible = True
119.8553 	EXP 	window1: mouseVisible = True
119.8553 	EXP 	window1: mouseVisible = True
119.8554 	EXP 	window1: mouseVisible = True
119.8554 	EXP 	window1: mouseVisible = True
119.8554 	EXP 	window1: mouseVisible = True
119.8554 	EXP 	window1: mouseVisible = True
119.8555 	EXP 	window1: mouseVisible = True
119.8555 	EXP 	window1: mouseVisible = True
119.8555 	EXP 	window1: mouseVisible = True
119.8556 	EXP 	window1: mouseVisible = True
119.8556 	EXP 	window1: mouseVisible = True
119.8556 	EXP 	window1: mouseVisible = True
119.8557 	EXP 	window1: mouseVisible = True
119.8557 	EXP 	window1: mouseVisible = True
119.8557 	EXP 	window1: mouseVisible = True
119.8557 	EXP 	window1: mouseVisible = True
119.8558 	EXP 	window1: mouseVisible = True
119.8558 	EXP 	window1: mouseVisible = True
119.8558 	EXP 	window1: mouseVisible = True
119.8559 	EXP 	window1: mouseVisible = True
119.8559 	EXP 	window1: mouseVisible = True
119.8559 	EXP 	window1: mouseVisible = True
119.8559 	EXP 	window1: mouseVisible = True
119.8560 	EXP 	window1: mouseVisible = True
119.8560 	EXP 	window1: mouseVisible = True
119.8560 	EXP 	window1: mouseVisible = True
119.8561 	EXP 	window1: mouseVisible = True
119.8561 	EXP 	window1: mouseVisible = True
119.8561 	EXP 	window1: mouseVisible = True
119.8561 	EXP 	window1: mouseVisible = True
119.8562 	EXP 	window1: mouseVisible = True
119.8562 	EXP 	window1: mouseVisible = True
119.8562 	EXP 	window1: mouseVisible = True
119.8563 	EXP 	window1: mouseVisible = True
119.8563 	EXP 	window1: mouseVisible = True
119.8563 	EXP 	window1: mouseVisible = True
119.8564 	EXP 	window1: mouseVisible = True
119.8564 	EXP 	window1: mouseVisible = True
119.8564 	EXP 	window1: mouseVisible = True
119.8564 	EXP 	window1: mouseVisible = True
119.8565 	EXP 	window1: mouseVisible = True
119.8565 	EXP 	window1: mouseVisible = True
119.8565 	EXP 	window1: mouseVisible = True
119.8566 	EXP 	window1: mouseVisible = True
119.8566 	EXP 	window1: mouseVisible = True
119.8566 	EXP 	window1: mouseVisible = True
119.8566 	EXP 	window1: mouseVisible = True
119.8567 	EXP 	window1: mouseVisible = True
119.8567 	EXP 	window1: mouseVisible = True
119.8567 	EXP 	window1: mouseVisible = True
119.8568 	EXP 	window1: mouseVisible = True
119.8568 	EXP 	window1: mouseVisible = True
119.8568 	EXP 	window1: mouseVisible = True
119.8568 	EXP 	window1: mouseVisible = True
119.8569 	EXP 	window1: mouseVisible = True
119.8570 	EXP 	window1: mouseVisible = True
119.8570 	EXP 	window1: mouseVisible = True
119.8570 	EXP 	window1: mouseVisible = True
119.8570 	EXP 	window1: mouseVisible = True
119.8571 	EXP 	window1: mouseVisible = True
119.8571 	EXP 	window1: mouseVisible = True
119.8571 	EXP 	window1: mouseVisible = True
119.8572 	EXP 	window1: mouseVisible = True
119.8572 	EXP 	window1: mouseVisible = True
119.8572 	EXP 	window1: mouseVisible = True
119.8572 	EXP 	window1: mouseVisible = True
119.8573 	EXP 	window1: mouseVisible = True
119.8573 	EXP 	window1: mouseVisible = True
119.8573 	EXP 	window1: mouseVisible = True
119.8574 	EXP 	window1: mouseVisible = True
119.8574 	EXP 	window1: mouseVisible = True
119.8574 	EXP 	window1: mouseVisible = True
119.8574 	EXP 	window1: mouseVisible = True
119.8575 	EXP 	window1: mouseVisible = True
119.8575 	EXP 	window1: mouseVisible = True
119.8575 	EXP 	window1: mouseVisible = True
119.8576 	EXP 	window1: mouseVisible = True
119.8576 	EXP 	window1: mouseVisible = True
119.8576 	EXP 	window1: mouseVisible = True
119.8576 	EXP 	window1: mouseVisible = True
119.8577 	EXP 	window1: mouseVisible = True
119.8577 	EXP 	window1: mouseVisible = True
119.8577 	EXP 	window1: mouseVisible = True
119.8578 	EXP 	window1: mouseVisible = True
119.8578 	EXP 	window1: mouseVisible = True
119.8578 	EXP 	window1: mouseVisible = True
119.8578 	EXP 	window1: mouseVisible = True
119.8579 	EXP 	window1: mouseVisible = True
119.8579 	EXP 	window1: mouseVisible = True
119.8579 	EXP 	window1: mouseVisible = True
119.8580 	EXP 	window1: mouseVisible = True
119.8580 	EXP 	window1: mouseVisible = True
119.8580 	EXP 	window1: mouseVisible = True
119.8580 	EXP 	window1: mouseVisible = True
119.8581 	EXP 	window1: mouseVisible = True
119.8581 	EXP 	window1: mouseVisible = True
119.8581 	EXP 	window1: mouseVisible = True
119.8582 	EXP 	window1: mouseVisible = True
119.8582 	EXP 	window1: mouseVisible = True
119.8582 	EXP 	window1: mouseVisible = True
119.8582 	EXP 	window1: mouseVisible = True
119.8583 	EXP 	window1: mouseVisible = True
119.8583 	EXP 	window1: mouseVisible = True
119.8583 	EXP 	window1: mouseVisible = True
119.8584 	EXP 	window1: mouseVisible = True
119.8584 	EXP 	window1: mouseVisible = True
119.8584 	EXP 	window1: mouseVisible = True
119.8584 	EXP 	window1: mouseVisible = True
119.8585 	EXP 	window1: mouseVisible = True
119.8585 	EXP 	window1: mouseVisible = True
119.8585 	EXP 	window1: mouseVisible = True
119.8586 	EXP 	window1: mouseVisible = True
119.8586 	EXP 	window1: mouseVisible = True
119.8586 	EXP 	window1: mouseVisible = True
119.8586 	EXP 	window1: mouseVisible = True
119.8587 	EXP 	window1: mouseVisible = True
119.8587 	EXP 	window1: mouseVisible = True
119.8587 	EXP 	window1: mouseVisible = True
119.8588 	EXP 	window1: mouseVisible = True
119.8588 	EXP 	window1: mouseVisible = True
119.8588 	EXP 	window1: mouseVisible = True
119.8589 	EXP 	window1: mouseVisible = True
119.8589 	EXP 	window1: mouseVisible = True
119.8589 	EXP 	window1: mouseVisible = True
119.8589 	EXP 	window1: mouseVisible = True
119.8590 	EXP 	window1: mouseVisible = True
119.8590 	EXP 	window1: mouseVisible = True
119.8590 	EXP 	window1: mouseVisible = True
119.8591 	EXP 	window1: mouseVisible = True
119.8591 	EXP 	window1: mouseVisible = True
119.8591 	EXP 	window1: mouseVisible = True
119.8591 	EXP 	window1: mouseVisible = True
119.8592 	EXP 	window1: mouseVisible = True
119.8592 	EXP 	window1: mouseVisible = True
119.8592 	EXP 	window1: mouseVisible = True
119.8593 	EXP 	window1: mouseVisible = True
119.8593 	EXP 	window1: mouseVisible = True
119.8593 	EXP 	window1: mouseVisible = True
119.8593 	EXP 	window1: mouseVisible = True
119.8594 	EXP 	window1: mouseVisible = True
119.8594 	EXP 	window1: mouseVisible = True
119.8594 	EXP 	window1: mouseVisible = True
119.8595 	EXP 	window1: mouseVisible = True
119.8595 	EXP 	window1: mouseVisible = True
119.8595 	EXP 	window1: mouseVisible = True
119.8595 	EXP 	window1: mouseVisible = True
119.8596 	EXP 	window1: mouseVisible = True
119.8596 	EXP 	window1: mouseVisible = True
119.8596 	EXP 	window1: mouseVisible = True
119.8597 	EXP 	window1: mouseVisible = True
119.8597 	EXP 	window1: mouseVisible = True
119.8597 	EXP 	window1: mouseVisible = True
119.8597 	EXP 	window1: mouseVisible = True
119.8598 	EXP 	window1: mouseVisible = True
119.8598 	EXP 	window1: mouseVisible = True
119.8598 	EXP 	window1: mouseVisible = True
119.8599 	EXP 	window1: mouseVisible = True
119.8599 	EXP 	window1: mouseVisible = True
119.8599 	EXP 	window1: mouseVisible = True
119.8599 	EXP 	window1: mouseVisible = True
119.8600 	EXP 	window1: mouseVisible = True
119.8600 	EXP 	window1: mouseVisible = True
119.8600 	EXP 	window1: mouseVisible = True
119.8601 	EXP 	window1: mouseVisible = True
119.8601 	EXP 	window1: mouseVisible = True
119.8601 	EXP 	window1: mouseVisible = True
119.8601 	EXP 	window1: mouseVisible = True
119.8602 	EXP 	window1: mouseVisible = True
119.8602 	EXP 	window1: mouseVisible = True
119.8602 	EXP 	window1: mouseVisible = True
119.8603 	EXP 	window1: mouseVisible = True
119.8603 	EXP 	window1: mouseVisible = True
119.8603 	EXP 	window1: mouseVisible = True
119.8603 	EXP 	window1: mouseVisible = True
119.8604 	EXP 	window1: mouseVisible = True
119.8604 	EXP 	window1: mouseVisible = True
119.8604 	EXP 	window1: mouseVisible = True
119.8605 	EXP 	window1: mouseVisible = True
119.8605 	EXP 	window1: mouseVisible = True
119.8605 	EXP 	window1: mouseVisible = True
119.8605 	EXP 	window1: mouseVisible = True
119.8606 	EXP 	window1: mouseVisible = True
119.8606 	EXP 	window1: mouseVisible = True
119.8606 	EXP 	window1: mouseVisible = True
119.8607 	EXP 	window1: mouseVisible = True
119.8607 	EXP 	window1: mouseVisible = True
119.8607 	EXP 	window1: mouseVisible = True
119.8607 	EXP 	window1: mouseVisible = True
119.8608 	EXP 	window1: mouseVisible = True
119.8608 	EXP 	window1: mouseVisible = True
119.8608 	EXP 	window1: mouseVisible = True
119.8609 	EXP 	window1: mouseVisible = True
119.8609 	EXP 	window1: mouseVisible = True
119.8609 	EXP 	window1: mouseVisible = True
119.8609 	EXP 	window1: mouseVisible = True
119.8610 	EXP 	window1: mouseVisible = True
119.8610 	EXP 	window1: mouseVisible = True
119.8610 	EXP 	window1: mouseVisible = True
119.8611 	EXP 	window1: mouseVisible = True
119.8611 	EXP 	window1: mouseVisible = True
119.8611 	EXP 	window1: mouseVisible = True
119.8612 	EXP 	window1: mouseVisible = True
119.8612 	EXP 	window1: mouseVisible = True
119.8612 	EXP 	window1: mouseVisible = True
119.8612 	EXP 	window1: mouseVisible = True
119.8613 	EXP 	window1: mouseVisible = True
119.8613 	EXP 	window1: mouseVisible = True
119.8613 	EXP 	window1: mouseVisible = True
119.8614 	EXP 	window1: mouseVisible = True
119.8614 	EXP 	window1: mouseVisible = True
119.8614 	EXP 	window1: mouseVisible = True
119.8618 	EXP 	window1: mouseVisible = True
119.8618 	EXP 	window1: mouseVisible = True
119.8619 	EXP 	window1: mouseVisible = True
119.8619 	EXP 	window1: mouseVisible = True
119.8619 	EXP 	window1: mouseVisible = True
119.8620 	EXP 	window1: mouseVisible = True
119.8620 	EXP 	window1: mouseVisible = True
119.8620 	EXP 	window1: mouseVisible = True
119.8621 	EXP 	window1: mouseVisible = True
119.8621 	EXP 	window1: mouseVisible = True
119.8621 	EXP 	window1: mouseVisible = True
119.8621 	EXP 	window1: mouseVisible = True
119.8622 	EXP 	window1: mouseVisible = True
119.8622 	EXP 	window1: mouseVisible = True
119.8622 	EXP 	window1: mouseVisible = True
119.8623 	EXP 	window1: mouseVisible = True
119.8623 	EXP 	window1: mouseVisible = True
119.8623 	EXP 	window1: mouseVisible = True
119.8624 	EXP 	window1: mouseVisible = True
119.8624 	EXP 	window1: mouseVisible = True
119.8624 	EXP 	window1: mouseVisible = True
119.8625 	EXP 	window1: mouseVisible = True
119.8625 	EXP 	window1: mouseVisible = True
119.8625 	EXP 	window1: mouseVisible = True
119.8625 	EXP 	window1: mouseVisible = True
119.8626 	EXP 	window1: mouseVisible = True
119.8626 	EXP 	window1: mouseVisible = True
119.8626 	EXP 	window1: mouseVisible = True
119.8627 	EXP 	window1: mouseVisible = True
119.8627 	EXP 	window1: mouseVisible = True
119.8627 	EXP 	window1: mouseVisible = True
119.8628 	EXP 	window1: mouseVisible = True
119.8628 	EXP 	window1: mouseVisible = True
119.8628 	EXP 	window1: mouseVisible = True
119.8628 	EXP 	window1: mouseVisible = True
119.8629 	EXP 	window1: mouseVisible = True
119.8629 	EXP 	window1: mouseVisible = True
119.8629 	EXP 	window1: mouseVisible = True
119.8630 	EXP 	window1: mouseVisible = True
119.8630 	EXP 	window1: mouseVisible = True
119.8630 	EXP 	window1: mouseVisible = True
119.8631 	EXP 	window1: mouseVisible = True
119.8631 	EXP 	window1: mouseVisible = True
119.8631 	EXP 	window1: mouseVisible = True
119.8631 	EXP 	window1: mouseVisible = True
119.8632 	EXP 	window1: mouseVisible = True
119.8632 	EXP 	window1: mouseVisible = True
119.8632 	EXP 	window1: mouseVisible = True
119.8633 	EXP 	window1: mouseVisible = True
119.8633 	EXP 	window1: mouseVisible = True
119.8633 	EXP 	window1: mouseVisible = True
119.8634 	EXP 	window1: mouseVisible = True
119.8634 	EXP 	window1: mouseVisible = True
119.8634 	EXP 	window1: mouseVisible = True
119.8634 	EXP 	window1: mouseVisible = True
119.8635 	EXP 	window1: mouseVisible = True
119.8635 	EXP 	window1: mouseVisible = True
119.8635 	EXP 	window1: mouseVisible = True
119.8636 	EXP 	window1: mouseVisible = True
119.8636 	EXP 	window1: mouseVisible = True
119.8636 	EXP 	window1: mouseVisible = True
119.8637 	EXP 	window1: mouseVisible = True
119.8637 	EXP 	window1: mouseVisible = True
119.8637 	EXP 	window1: mouseVisible = True
119.8637 	EXP 	window1: mouseVisible = True
119.8638 	EXP 	window1: mouseVisible = True
119.8638 	EXP 	window1: mouseVisible = True
119.8638 	EXP 	window1: mouseVisible = True
119.8639 	EXP 	window1: mouseVisible = True
119.8639 	EXP 	window1: mouseVisible = True
119.8639 	EXP 	window1: mouseVisible = True
119.8640 	EXP 	window1: mouseVisible = True
119.8640 	EXP 	window1: mouseVisible = True
119.8640 	EXP 	window1: mouseVisible = True
119.8640 	EXP 	window1: mouseVisible = True
119.8641 	EXP 	window1: mouseVisible = True
119.8641 	EXP 	window1: mouseVisible = True
119.8641 	EXP 	window1: mouseVisible = True
119.8642 	EXP 	window1: mouseVisible = True
119.8642 	EXP 	window1: mouseVisible = True
119.8642 	EXP 	window1: mouseVisible = True
119.8643 	EXP 	window1: mouseVisible = True
119.8643 	EXP 	window1: mouseVisible = True
119.8643 	EXP 	window1: mouseVisible = True
119.8643 	EXP 	window1: mouseVisible = True
119.8644 	EXP 	window1: mouseVisible = True
119.8644 	EXP 	window1: mouseVisible = True
119.8644 	EXP 	window1: mouseVisible = True
119.8645 	EXP 	window1: mouseVisible = True
119.8645 	EXP 	window1: mouseVisible = True
119.8645 	EXP 	window1: mouseVisible = True
119.8646 	EXP 	window1: mouseVisible = True
119.8646 	EXP 	window1: mouseVisible = True
119.8646 	EXP 	window1: mouseVisible = True
119.8647 	EXP 	window1: mouseVisible = True
119.8647 	EXP 	window1: mouseVisible = True
119.8647 	EXP 	window1: mouseVisible = True
119.8647 	EXP 	window1: mouseVisible = True
119.8648 	EXP 	window1: mouseVisible = True
119.8648 	EXP 	window1: mouseVisible = True
119.8648 	EXP 	window1: mouseVisible = True
119.8649 	EXP 	window1: mouseVisible = True
119.8649 	EXP 	window1: mouseVisible = True
119.8649 	EXP 	window1: mouseVisible = True
119.8650 	EXP 	window1: mouseVisible = True
119.8650 	EXP 	window1: mouseVisible = True
119.8650 	EXP 	window1: mouseVisible = True
119.8650 	EXP 	window1: mouseVisible = True
119.8651 	EXP 	window1: mouseVisible = True
119.8651 	EXP 	window1: mouseVisible = True
119.8651 	EXP 	window1: mouseVisible = True
119.8652 	EXP 	window1: mouseVisible = True
119.8652 	EXP 	window1: mouseVisible = True
119.8652 	EXP 	window1: mouseVisible = True
119.8653 	EXP 	window1: mouseVisible = True
119.8653 	EXP 	window1: mouseVisible = True
119.8653 	EXP 	window1: mouseVisible = True
119.8653 	EXP 	window1: mouseVisible = True
119.8654 	EXP 	window1: mouseVisible = True
119.8654 	EXP 	window1: mouseVisible = True
119.8654 	EXP 	window1: mouseVisible = True
119.8655 	EXP 	window1: mouseVisible = True
119.8655 	EXP 	window1: mouseVisible = True
119.8655 	EXP 	window1: mouseVisible = True
119.8656 	EXP 	window1: mouseVisible = True
119.8656 	EXP 	window1: mouseVisible = True
119.8656 	EXP 	window1: mouseVisible = True
119.8656 	EXP 	window1: mouseVisible = True
119.8657 	EXP 	window1: mouseVisible = True
119.8657 	EXP 	window1: mouseVisible = True
119.8657 	EXP 	window1: mouseVisible = True
119.8658 	EXP 	window1: mouseVisible = True
119.8658 	EXP 	window1: mouseVisible = True
119.8658 	EXP 	window1: mouseVisible = True
119.8659 	EXP 	window1: mouseVisible = True
119.8659 	EXP 	window1: mouseVisible = True
119.8659 	EXP 	window1: mouseVisible = True
119.8659 	EXP 	window1: mouseVisible = True
119.8660 	EXP 	window1: mouseVisible = True
119.8660 	EXP 	window1: mouseVisible = True
119.8660 	EXP 	window1: mouseVisible = True
119.8661 	EXP 	window1: mouseVisible = True
119.8661 	EXP 	window1: mouseVisible = True
119.8661 	EXP 	window1: mouseVisible = True
119.8661 	EXP 	window1: mouseVisible = True
119.8662 	EXP 	window1: mouseVisible = True
119.8662 	EXP 	window1: mouseVisible = True
119.8662 	EXP 	window1: mouseVisible = True
119.8663 	EXP 	window1: mouseVisible = True
119.8663 	EXP 	window1: mouseVisible = True
119.8663 	EXP 	window1: mouseVisible = True
119.8664 	EXP 	window1: mouseVisible = True
119.8664 	EXP 	window1: mouseVisible = True
119.8664 	EXP 	window1: mouseVisible = True
119.8664 	EXP 	window1: mouseVisible = True
119.8665 	EXP 	window1: mouseVisible = True
119.8665 	EXP 	window1: mouseVisible = True
119.8666 	EXP 	window1: mouseVisible = True
119.8666 	EXP 	window1: mouseVisible = True
119.8666 	EXP 	window1: mouseVisible = True
119.8667 	EXP 	window1: mouseVisible = True
119.8667 	EXP 	window1: mouseVisible = True
119.8667 	EXP 	window1: mouseVisible = True
119.8667 	EXP 	window1: mouseVisible = True
119.8668 	EXP 	window1: mouseVisible = True
119.8668 	EXP 	window1: mouseVisible = True
119.8668 	EXP 	window1: mouseVisible = True
119.8669 	EXP 	window1: mouseVisible = True
119.8669 	EXP 	window1: mouseVisible = True
119.8669 	EXP 	window1: mouseVisible = True
119.8669 	EXP 	window1: mouseVisible = True
119.8670 	EXP 	window1: mouseVisible = True
119.8670 	EXP 	window1: mouseVisible = True
119.8670 	EXP 	window1: mouseVisible = True
119.8671 	EXP 	window1: mouseVisible = True
119.8671 	EXP 	window1: mouseVisible = True
119.8671 	EXP 	window1: mouseVisible = True
119.8672 	EXP 	window1: mouseVisible = True
119.8672 	EXP 	window1: mouseVisible = True
119.8672 	EXP 	window1: mouseVisible = True
119.8672 	EXP 	window1: mouseVisible = True
119.8673 	EXP 	window1: mouseVisible = True
119.8673 	EXP 	window1: mouseVisible = True
119.8673 	EXP 	window1: mouseVisible = True
119.8674 	EXP 	window1: mouseVisible = True
119.8674 	EXP 	window1: mouseVisible = True
119.8674 	EXP 	window1: mouseVisible = True
119.8675 	EXP 	window1: mouseVisible = True
119.8675 	EXP 	window1: mouseVisible = True
119.8675 	EXP 	window1: mouseVisible = True
119.8675 	EXP 	window1: mouseVisible = True
119.8676 	EXP 	window1: mouseVisible = True
119.8676 	EXP 	window1: mouseVisible = True
119.8676 	EXP 	window1: mouseVisible = True
119.8677 	EXP 	window1: mouseVisible = True
119.8677 	EXP 	window1: mouseVisible = True
119.8677 	EXP 	window1: mouseVisible = True
119.8677 	EXP 	window1: mouseVisible = True
119.8678 	EXP 	window1: mouseVisible = True
119.8678 	EXP 	window1: mouseVisible = True
119.8678 	EXP 	window1: mouseVisible = True
119.8679 	EXP 	window1: mouseVisible = True
119.8679 	EXP 	window1: mouseVisible = True
119.8679 	EXP 	window1: mouseVisible = True
119.8679 	EXP 	window1: mouseVisible = True
119.8680 	EXP 	window1: mouseVisible = True
119.8680 	EXP 	window1: mouseVisible = True
119.8680 	EXP 	window1: mouseVisible = True
119.8681 	EXP 	window1: mouseVisible = True
119.8681 	EXP 	window1: mouseVisible = True
119.8681 	EXP 	window1: mouseVisible = True
119.8682 	EXP 	window1: mouseVisible = True
119.8682 	EXP 	window1: mouseVisible = True
119.8682 	EXP 	window1: mouseVisible = True
119.8682 	EXP 	window1: mouseVisible = True
119.8683 	EXP 	window1: mouseVisible = True
119.8683 	EXP 	window1: mouseVisible = True
119.8683 	EXP 	window1: mouseVisible = True
119.8684 	EXP 	window1: mouseVisible = True
119.8684 	EXP 	window1: mouseVisible = True
119.8684 	EXP 	window1: mouseVisible = True
119.8685 	EXP 	window1: mouseVisible = True
119.8685 	EXP 	window1: mouseVisible = True
119.8685 	EXP 	window1: mouseVisible = True
119.8685 	EXP 	window1: mouseVisible = True
119.8686 	EXP 	window1: mouseVisible = True
119.8686 	EXP 	window1: mouseVisible = True
119.8686 	EXP 	window1: mouseVisible = True
119.8687 	EXP 	window1: mouseVisible = True
119.8687 	EXP 	window1: mouseVisible = True
119.8687 	EXP 	window1: mouseVisible = True
119.8687 	EXP 	window1: mouseVisible = True
119.8688 	EXP 	window1: mouseVisible = True
119.8688 	EXP 	window1: mouseVisible = True
119.8688 	EXP 	window1: mouseVisible = True
119.8689 	EXP 	window1: mouseVisible = True
119.8689 	EXP 	window1: mouseVisible = True
119.8689 	EXP 	window1: mouseVisible = True
119.8689 	EXP 	window1: mouseVisible = True
119.8690 	EXP 	window1: mouseVisible = True
119.8690 	EXP 	window1: mouseVisible = True
119.8690 	EXP 	window1: mouseVisible = True
119.8691 	EXP 	window1: mouseVisible = True
119.8691 	EXP 	window1: mouseVisible = True
119.8691 	EXP 	window1: mouseVisible = True
119.8692 	EXP 	window1: mouseVisible = True
119.8692 	EXP 	window1: mouseVisible = True
119.8692 	EXP 	window1: mouseVisible = True
119.8692 	EXP 	window1: mouseVisible = True
119.8693 	EXP 	window1: mouseVisible = True
119.8693 	EXP 	window1: mouseVisible = True
119.8693 	EXP 	window1: mouseVisible = True
119.8694 	EXP 	window1: mouseVisible = True
119.8694 	EXP 	window1: mouseVisible = True
119.8694 	EXP 	window1: mouseVisible = True
119.8694 	EXP 	window1: mouseVisible = True
119.8695 	EXP 	window1: mouseVisible = True
119.8695 	EXP 	window1: mouseVisible = True
119.8695 	EXP 	window1: mouseVisible = True
119.8696 	EXP 	window1: mouseVisible = True
119.8696 	EXP 	window1: mouseVisible = True
119.8696 	EXP 	window1: mouseVisible = True
119.8697 	EXP 	window1: mouseVisible = True
119.8697 	EXP 	window1: mouseVisible = True
119.8697 	EXP 	window1: mouseVisible = True
119.8697 	EXP 	window1: mouseVisible = True
119.8698 	EXP 	window1: mouseVisible = True
119.8698 	EXP 	window1: mouseVisible = True
119.8698 	EXP 	window1: mouseVisible = True
119.8699 	EXP 	window1: mouseVisible = True
119.8699 	EXP 	window1: mouseVisible = True
119.8699 	EXP 	window1: mouseVisible = True
119.8700 	EXP 	window1: mouseVisible = True
119.8700 	EXP 	window1: mouseVisible = True
119.8700 	EXP 	window1: mouseVisible = True
119.8700 	EXP 	window1: mouseVisible = True
119.8701 	EXP 	window1: mouseVisible = True
119.8701 	EXP 	window1: mouseVisible = True
119.8701 	EXP 	window1: mouseVisible = True
119.8702 	EXP 	window1: mouseVisible = True
119.8702 	EXP 	window1: mouseVisible = True
119.8702 	EXP 	window1: mouseVisible = True
119.8702 	EXP 	window1: mouseVisible = True
119.8703 	EXP 	window1: mouseVisible = True
119.8703 	EXP 	window1: mouseVisible = True
119.8703 	EXP 	window1: mouseVisible = True
119.8704 	EXP 	window1: mouseVisible = True
119.8704 	EXP 	window1: mouseVisible = True
119.8704 	EXP 	window1: mouseVisible = True
119.8705 	EXP 	window1: mouseVisible = True
119.8705 	EXP 	window1: mouseVisible = True
119.8705 	EXP 	window1: mouseVisible = True
119.8705 	EXP 	window1: mouseVisible = True
119.8706 	EXP 	window1: mouseVisible = True
119.8706 	EXP 	window1: mouseVisible = True
119.8706 	EXP 	window1: mouseVisible = True
119.8707 	EXP 	window1: mouseVisible = True
119.8707 	EXP 	window1: mouseVisible = True
119.8707 	EXP 	window1: mouseVisible = True
119.8707 	EXP 	window1: mouseVisible = True
119.8708 	EXP 	window1: mouseVisible = True
119.8708 	EXP 	window1: mouseVisible = True
119.8708 	EXP 	window1: mouseVisible = True
119.8709 	EXP 	window1: mouseVisible = True
119.8709 	EXP 	window1: mouseVisible = True
119.8709 	EXP 	window1: mouseVisible = True
119.8709 	EXP 	window1: mouseVisible = True
119.8710 	EXP 	window1: mouseVisible = True
119.8710 	EXP 	window1: mouseVisible = True
119.8710 	EXP 	window1: mouseVisible = True
119.8711 	EXP 	window1: mouseVisible = True
119.8711 	EXP 	window1: mouseVisible = True
119.8712 	EXP 	window1: mouseVisible = True
119.8712 	EXP 	window1: mouseVisible = True
119.8712 	EXP 	window1: mouseVisible = True
119.8712 	EXP 	window1: mouseVisible = True
119.8713 	EXP 	window1: mouseVisible = True
119.8713 	EXP 	window1: mouseVisible = True
119.8713 	EXP 	window1: mouseVisible = True
119.8714 	EXP 	window1: mouseVisible = True
119.8714 	EXP 	window1: mouseVisible = True
119.8714 	EXP 	window1: mouseVisible = True
119.8714 	EXP 	window1: mouseVisible = True
119.8715 	EXP 	window1: mouseVisible = True
119.8715 	EXP 	window1: mouseVisible = True
119.8715 	EXP 	window1: mouseVisible = True
119.8716 	EXP 	window1: mouseVisible = True
119.8716 	EXP 	window1: mouseVisible = True
119.8716 	EXP 	window1: mouseVisible = True
119.8717 	EXP 	window1: mouseVisible = True
119.8717 	EXP 	window1: mouseVisible = True
119.8717 	EXP 	window1: mouseVisible = True
119.8717 	EXP 	window1: mouseVisible = True
119.8718 	EXP 	window1: mouseVisible = True
119.8718 	EXP 	window1: mouseVisible = True
119.8718 	EXP 	window1: mouseVisible = True
119.8719 	EXP 	window1: mouseVisible = True
119.8719 	EXP 	window1: mouseVisible = True
119.8719 	EXP 	window1: mouseVisible = True
119.8720 	EXP 	window1: mouseVisible = True
119.8720 	EXP 	window1: mouseVisible = True
119.8720 	EXP 	window1: mouseVisible = True
119.8720 	EXP 	window1: mouseVisible = True
119.8721 	EXP 	window1: mouseVisible = True
119.8721 	EXP 	window1: mouseVisible = True
119.8721 	EXP 	window1: mouseVisible = True
119.8722 	EXP 	window1: mouseVisible = True
119.8722 	EXP 	window1: mouseVisible = True
119.8722 	EXP 	window1: mouseVisible = True
119.8722 	EXP 	window1: mouseVisible = True
119.8723 	EXP 	window1: mouseVisible = True
119.8723 	EXP 	window1: mouseVisible = True
119.8723 	EXP 	window1: mouseVisible = True
119.8724 	EXP 	window1: mouseVisible = True
119.8724 	EXP 	window1: mouseVisible = True
119.8725 	EXP 	window1: mouseVisible = True
119.8725 	EXP 	window1: mouseVisible = True
119.8726 	EXP 	window1: mouseVisible = True
119.8726 	EXP 	window1: mouseVisible = True
119.8726 	EXP 	window1: mouseVisible = True
119.8727 	EXP 	window1: mouseVisible = True
119.8727 	EXP 	window1: mouseVisible = True
119.8728 	EXP 	window1: mouseVisible = True
119.8728 	EXP 	window1: mouseVisible = True
119.8728 	EXP 	window1: mouseVisible = True
119.8729 	EXP 	window1: mouseVisible = True
119.8729 	EXP 	window1: mouseVisible = True
119.8729 	EXP 	window1: mouseVisible = True
119.8730 	EXP 	window1: mouseVisible = True
119.8730 	EXP 	window1: mouseVisible = True
119.8730 	EXP 	window1: mouseVisible = True
119.8731 	EXP 	window1: mouseVisible = True
119.8731 	EXP 	window1: mouseVisible = True
119.8731 	EXP 	window1: mouseVisible = True
119.8732 	EXP 	window1: mouseVisible = True
119.8732 	EXP 	window1: mouseVisible = True
119.8732 	EXP 	window1: mouseVisible = True
119.8732 	EXP 	window1: mouseVisible = True
119.8733 	EXP 	window1: mouseVisible = True
119.8733 	EXP 	window1: mouseVisible = True
119.8733 	EXP 	window1: mouseVisible = True
119.8734 	EXP 	window1: mouseVisible = True
119.8734 	EXP 	window1: mouseVisible = True
119.8734 	EXP 	window1: mouseVisible = True
119.8735 	EXP 	window1: mouseVisible = True
119.8735 	EXP 	window1: mouseVisible = True
119.8735 	EXP 	window1: mouseVisible = True
119.8736 	EXP 	window1: mouseVisible = True
119.8736 	EXP 	window1: mouseVisible = True
119.8736 	EXP 	window1: mouseVisible = True
119.8736 	EXP 	window1: mouseVisible = True
119.8737 	EXP 	window1: mouseVisible = True
119.8737 	EXP 	window1: mouseVisible = True
119.8737 	EXP 	window1: mouseVisible = True
119.8738 	EXP 	window1: mouseVisible = True
119.8738 	EXP 	window1: mouseVisible = True
119.8738 	EXP 	window1: mouseVisible = True
119.8739 	EXP 	window1: mouseVisible = True
119.8739 	EXP 	window1: mouseVisible = True
119.8739 	EXP 	window1: mouseVisible = True
119.8740 	EXP 	window1: mouseVisible = True
119.8740 	EXP 	window1: mouseVisible = True
119.8740 	EXP 	window1: mouseVisible = True
119.8740 	EXP 	window1: mouseVisible = True
119.8741 	EXP 	window1: mouseVisible = True
119.8741 	EXP 	window1: mouseVisible = True
119.8741 	EXP 	window1: mouseVisible = True
119.8742 	EXP 	window1: mouseVisible = True
119.8742 	EXP 	window1: mouseVisible = True
119.8742 	EXP 	window1: mouseVisible = True
119.8743 	EXP 	window1: mouseVisible = True
119.8743 	EXP 	window1: mouseVisible = True
119.8743 	EXP 	window1: mouseVisible = True
119.8744 	EXP 	window1: mouseVisible = True
119.8744 	EXP 	window1: mouseVisible = True
119.8744 	EXP 	window1: mouseVisible = True
119.8744 	EXP 	window1: mouseVisible = True
119.8745 	EXP 	window1: mouseVisible = True
119.8745 	EXP 	window1: mouseVisible = True
119.8745 	EXP 	window1: mouseVisible = True
119.8746 	EXP 	window1: mouseVisible = True
119.8746 	EXP 	window1: mouseVisible = True
119.8746 	EXP 	window1: mouseVisible = True
119.8747 	EXP 	window1: mouseVisible = True
119.8747 	EXP 	window1: mouseVisible = True
119.8747 	EXP 	window1: mouseVisible = True
119.8747 	EXP 	window1: mouseVisible = True
119.8748 	EXP 	window1: mouseVisible = True
119.8748 	EXP 	window1: mouseVisible = True
119.8748 	EXP 	window1: mouseVisible = True
119.8749 	EXP 	window1: mouseVisible = True
119.8749 	EXP 	window1: mouseVisible = True
119.8749 	EXP 	window1: mouseVisible = True
119.8749 	EXP 	window1: mouseVisible = True
119.8750 	EXP 	window1: mouseVisible = True
119.8750 	EXP 	window1: mouseVisible = True
119.8750 	EXP 	window1: mouseVisible = True
119.8751 	EXP 	window1: mouseVisible = True
119.8751 	EXP 	window1: mouseVisible = True
119.8751 	EXP 	window1: mouseVisible = True
119.8752 	EXP 	window1: mouseVisible = True
119.8752 	EXP 	window1: mouseVisible = True
119.8752 	EXP 	window1: mouseVisible = True
119.8752 	EXP 	window1: mouseVisible = True
119.8753 	EXP 	window1: mouseVisible = True
119.8753 	EXP 	window1: mouseVisible = True
119.8753 	EXP 	window1: mouseVisible = True
119.8754 	EXP 	window1: mouseVisible = True
119.8754 	EXP 	window1: mouseVisible = True
119.8754 	EXP 	window1: mouseVisible = True
119.8755 	EXP 	window1: mouseVisible = True
119.8755 	EXP 	window1: mouseVisible = True
119.8755 	EXP 	window1: mouseVisible = True
119.8755 	EXP 	window1: mouseVisible = True
119.8756 	EXP 	window1: mouseVisible = True
119.8756 	EXP 	window1: mouseVisible = True
119.8756 	EXP 	window1: mouseVisible = True
119.8757 	EXP 	window1: mouseVisible = True
119.8757 	EXP 	window1: mouseVisible = True
119.8757 	EXP 	window1: mouseVisible = True
119.8758 	EXP 	window1: mouseVisible = True
119.8758 	EXP 	window1: mouseVisible = True
119.8758 	EXP 	window1: mouseVisible = True
119.8758 	EXP 	window1: mouseVisible = True
119.8759 	EXP 	window1: mouseVisible = True
119.8759 	EXP 	window1: mouseVisible = True
119.8759 	EXP 	window1: mouseVisible = True
119.8760 	EXP 	window1: mouseVisible = True
119.8760 	EXP 	window1: mouseVisible = True
119.8761 	EXP 	window1: mouseVisible = True
119.8761 	EXP 	window1: mouseVisible = True
119.8761 	EXP 	window1: mouseVisible = True
119.8762 	EXP 	window1: mouseVisible = True
119.8762 	EXP 	window1: mouseVisible = True
119.8762 	EXP 	window1: mouseVisible = True
119.8762 	EXP 	window1: mouseVisible = True
119.8763 	EXP 	window1: mouseVisible = True
119.8763 	EXP 	window1: mouseVisible = True
119.8763 	EXP 	window1: mouseVisible = True
119.8764 	EXP 	window1: mouseVisible = True
119.8764 	EXP 	window1: mouseVisible = True
119.8764 	EXP 	window1: mouseVisible = True
119.8765 	EXP 	window1: mouseVisible = True
119.8765 	EXP 	window1: mouseVisible = True
119.8765 	EXP 	window1: mouseVisible = True
119.8765 	EXP 	window1: mouseVisible = True
119.8766 	EXP 	window1: mouseVisible = True
119.8766 	EXP 	window1: mouseVisible = True
119.8766 	EXP 	window1: mouseVisible = True
119.8767 	EXP 	window1: mouseVisible = True
119.8767 	EXP 	window1: mouseVisible = True
119.8767 	EXP 	window1: mouseVisible = True
119.8767 	EXP 	window1: mouseVisible = True
119.8768 	EXP 	window1: mouseVisible = True
119.8768 	EXP 	window1: mouseVisible = True
119.8768 	EXP 	window1: mouseVisible = True
119.8769 	EXP 	window1: mouseVisible = True
119.8769 	EXP 	window1: mouseVisible = True
119.8769 	EXP 	window1: mouseVisible = True
119.8770 	EXP 	window1: mouseVisible = True
119.8770 	EXP 	window1: mouseVisible = True
119.8770 	EXP 	window1: mouseVisible = True
119.8770 	EXP 	window1: mouseVisible = True
119.8771 	EXP 	window1: mouseVisible = True
119.8771 	EXP 	window1: mouseVisible = True
119.8771 	EXP 	window1: mouseVisible = True
119.8772 	EXP 	window1: mouseVisible = True
119.8772 	EXP 	window1: mouseVisible = True
119.8772 	EXP 	window1: mouseVisible = True
119.8773 	EXP 	window1: mouseVisible = True
119.8773 	EXP 	window1: mouseVisible = True
119.8773 	EXP 	window1: mouseVisible = True
119.8773 	EXP 	window1: mouseVisible = True
119.8774 	EXP 	window1: mouseVisible = True
119.8774 	EXP 	window1: mouseVisible = True
119.8774 	EXP 	window1: mouseVisible = True
119.8775 	EXP 	window1: mouseVisible = True
119.8775 	EXP 	window1: mouseVisible = True
119.8775 	EXP 	window1: mouseVisible = True
119.8775 	EXP 	window1: mouseVisible = True
119.8776 	EXP 	window1: mouseVisible = True
119.8776 	EXP 	window1: mouseVisible = True
119.8776 	EXP 	window1: mouseVisible = True
119.8777 	EXP 	window1: mouseVisible = True
119.8777 	EXP 	window1: mouseVisible = True
119.8777 	EXP 	window1: mouseVisible = True
119.8778 	EXP 	window1: mouseVisible = True
119.8778 	EXP 	window1: mouseVisible = True
119.8778 	EXP 	window1: mouseVisible = True
119.8778 	EXP 	window1: mouseVisible = True
119.8779 	EXP 	window1: mouseVisible = True
119.8779 	EXP 	window1: mouseVisible = True
119.8779 	EXP 	window1: mouseVisible = True
119.8780 	EXP 	window1: mouseVisible = True
119.8780 	EXP 	window1: mouseVisible = True
119.8780 	EXP 	window1: mouseVisible = True
119.8781 	EXP 	window1: mouseVisible = True
119.8781 	EXP 	window1: mouseVisible = True
119.8781 	EXP 	window1: mouseVisible = True
119.8781 	EXP 	window1: mouseVisible = True
119.8782 	EXP 	window1: mouseVisible = True
119.8782 	EXP 	window1: mouseVisible = True
119.8782 	EXP 	window1: mouseVisible = True
119.8783 	EXP 	window1: mouseVisible = True
119.8783 	EXP 	window1: mouseVisible = True
119.8783 	EXP 	window1: mouseVisible = True
119.8783 	EXP 	window1: mouseVisible = True
119.8784 	EXP 	window1: mouseVisible = True
119.8784 	EXP 	window1: mouseVisible = True
119.8784 	EXP 	window1: mouseVisible = True
119.8785 	EXP 	window1: mouseVisible = True
119.8785 	EXP 	window1: mouseVisible = True
119.8785 	EXP 	window1: mouseVisible = True
119.8786 	EXP 	window1: mouseVisible = True
119.8786 	EXP 	window1: mouseVisible = True
119.8786 	EXP 	window1: mouseVisible = True
119.8786 	EXP 	window1: mouseVisible = True
119.8787 	EXP 	window1: mouseVisible = True
119.8787 	EXP 	window1: mouseVisible = True
119.8787 	EXP 	window1: mouseVisible = True
119.8788 	EXP 	window1: mouseVisible = True
119.8788 	EXP 	window1: mouseVisible = True
119.8788 	EXP 	window1: mouseVisible = True
119.8789 	EXP 	window1: mouseVisible = True
119.8789 	EXP 	window1: mouseVisible = True
119.8789 	EXP 	window1: mouseVisible = True
119.8789 	EXP 	window1: mouseVisible = True
119.8790 	EXP 	window1: mouseVisible = True
119.8790 	EXP 	window1: mouseVisible = True
119.8790 	EXP 	window1: mouseVisible = True
119.8791 	EXP 	window1: mouseVisible = True
119.8791 	EXP 	window1: mouseVisible = True
119.8791 	EXP 	window1: mouseVisible = True
119.8792 	EXP 	window1: mouseVisible = True
119.8792 	EXP 	window1: mouseVisible = True
119.8792 	EXP 	window1: mouseVisible = True
119.8792 	EXP 	window1: mouseVisible = True
119.8793 	EXP 	window1: mouseVisible = True
119.8793 	EXP 	window1: mouseVisible = True
119.8793 	EXP 	window1: mouseVisible = True
119.8794 	EXP 	window1: mouseVisible = True
119.8794 	EXP 	window1: mouseVisible = True
119.8794 	EXP 	window1: mouseVisible = True
119.8795 	EXP 	window1: mouseVisible = True
119.8795 	EXP 	window1: mouseVisible = True
119.8795 	EXP 	window1: mouseVisible = True
119.8795 	EXP 	window1: mouseVisible = True
119.8796 	EXP 	window1: mouseVisible = True
119.8796 	EXP 	window1: mouseVisible = True
119.8796 	EXP 	window1: mouseVisible = True
119.8797 	EXP 	window1: mouseVisible = True
119.8797 	EXP 	window1: mouseVisible = True
119.8797 	EXP 	window1: mouseVisible = True
119.8798 	EXP 	window1: mouseVisible = True
119.8798 	EXP 	window1: mouseVisible = True
119.8798 	EXP 	window1: mouseVisible = True
119.8798 	EXP 	window1: mouseVisible = True
119.8799 	EXP 	window1: mouseVisible = True
119.8799 	EXP 	window1: mouseVisible = True
119.8799 	EXP 	window1: mouseVisible = True
119.8800 	EXP 	window1: mouseVisible = True
119.8800 	EXP 	window1: mouseVisible = True
119.8800 	EXP 	window1: mouseVisible = True
119.8800 	EXP 	window1: mouseVisible = True
119.8801 	EXP 	window1: mouseVisible = True
119.8801 	EXP 	window1: mouseVisible = True
119.8801 	EXP 	window1: mouseVisible = True
119.8802 	EXP 	window1: mouseVisible = True
119.8802 	EXP 	window1: mouseVisible = True
119.8802 	EXP 	window1: mouseVisible = True
119.8803 	EXP 	window1: mouseVisible = True
119.8803 	EXP 	window1: mouseVisible = True
119.8803 	EXP 	window1: mouseVisible = True
119.8804 	EXP 	window1: mouseVisible = True
119.8804 	EXP 	window1: mouseVisible = True
119.8804 	EXP 	window1: mouseVisible = True
119.8804 	EXP 	window1: mouseVisible = True
119.8805 	EXP 	window1: mouseVisible = True
119.8805 	EXP 	window1: mouseVisible = True
119.8805 	EXP 	window1: mouseVisible = True
119.8806 	EXP 	window1: mouseVisible = True
119.8806 	EXP 	window1: mouseVisible = True
119.8806 	EXP 	window1: mouseVisible = True
119.8807 	EXP 	window1: mouseVisible = True
119.8807 	EXP 	window1: mouseVisible = True
119.8807 	EXP 	window1: mouseVisible = True
119.8808 	EXP 	window1: mouseVisible = True
119.8808 	EXP 	window1: mouseVisible = True
119.8808 	EXP 	window1: mouseVisible = True
119.8809 	EXP 	window1: mouseVisible = True
119.8809 	EXP 	window1: mouseVisible = True
119.8809 	EXP 	window1: mouseVisible = True
119.8810 	EXP 	window1: mouseVisible = True
119.8810 	EXP 	window1: mouseVisible = True
119.8810 	EXP 	window1: mouseVisible = True
119.8811 	EXP 	window1: mouseVisible = True
119.8811 	EXP 	window1: mouseVisible = True
119.8811 	EXP 	window1: mouseVisible = True
119.8812 	EXP 	window1: mouseVisible = True
119.8812 	EXP 	window1: mouseVisible = True
119.8812 	EXP 	window1: mouseVisible = True
119.8812 	EXP 	window1: mouseVisible = True
119.8813 	EXP 	window1: mouseVisible = True
119.8813 	EXP 	window1: mouseVisible = True
119.8813 	EXP 	window1: mouseVisible = True
119.8814 	EXP 	window1: mouseVisible = True
119.8814 	EXP 	window1: mouseVisible = True
119.8814 	EXP 	window1: mouseVisible = True
119.8815 	EXP 	window1: mouseVisible = True
119.8815 	EXP 	window1: mouseVisible = True
119.8815 	EXP 	window1: mouseVisible = True
119.8815 	EXP 	window1: mouseVisible = True
119.8816 	EXP 	window1: mouseVisible = True
119.8816 	EXP 	window1: mouseVisible = True
119.8816 	EXP 	window1: mouseVisible = True
119.8817 	EXP 	window1: mouseVisible = True
119.8817 	EXP 	window1: mouseVisible = True
119.8817 	EXP 	window1: mouseVisible = True
119.8818 	EXP 	window1: mouseVisible = True
119.8818 	EXP 	window1: mouseVisible = True
119.8818 	EXP 	window1: mouseVisible = True
119.8819 	EXP 	window1: mouseVisible = True
119.8819 	EXP 	window1: mouseVisible = True
119.8819 	EXP 	window1: mouseVisible = True
119.8819 	EXP 	window1: mouseVisible = True
119.8820 	EXP 	window1: mouseVisible = True
119.8820 	EXP 	window1: mouseVisible = True
119.8820 	EXP 	window1: mouseVisible = True
119.8821 	EXP 	window1: mouseVisible = True
119.8821 	EXP 	window1: mouseVisible = True
119.8821 	EXP 	window1: mouseVisible = True
119.8821 	EXP 	window1: mouseVisible = True
119.8822 	EXP 	window1: mouseVisible = True
119.8822 	EXP 	window1: mouseVisible = True
119.8822 	EXP 	window1: mouseVisible = True
119.8823 	EXP 	window1: mouseVisible = True
119.8823 	EXP 	window1: mouseVisible = True
119.8823 	EXP 	window1: mouseVisible = True
119.8824 	EXP 	window1: mouseVisible = True
119.8824 	EXP 	window1: mouseVisible = True
119.8824 	EXP 	window1: mouseVisible = True
119.8825 	EXP 	window1: mouseVisible = True
119.8825 	EXP 	window1: mouseVisible = True
119.8825 	EXP 	window1: mouseVisible = True
119.8825 	EXP 	window1: mouseVisible = True
119.8826 	EXP 	window1: mouseVisible = True
119.8826 	EXP 	window1: mouseVisible = True
119.8826 	EXP 	window1: mouseVisible = True
119.8827 	EXP 	window1: mouseVisible = True
119.8827 	EXP 	window1: mouseVisible = True
119.8827 	EXP 	window1: mouseVisible = True
119.8828 	EXP 	window1: mouseVisible = True
119.8828 	EXP 	window1: mouseVisible = True
119.8828 	EXP 	window1: mouseVisible = True
119.8829 	EXP 	window1: mouseVisible = True
119.8829 	EXP 	window1: mouseVisible = True
119.8829 	EXP 	window1: mouseVisible = True
119.8829 	EXP 	window1: mouseVisible = True
119.8830 	EXP 	window1: mouseVisible = True
119.8830 	EXP 	window1: mouseVisible = True
119.8830 	EXP 	window1: mouseVisible = True
119.8831 	EXP 	window1: mouseVisible = True
119.8831 	EXP 	window1: mouseVisible = True
119.8831 	EXP 	window1: mouseVisible = True
119.8832 	EXP 	window1: mouseVisible = True
119.8832 	EXP 	window1: mouseVisible = True
119.8832 	EXP 	window1: mouseVisible = True
119.8833 	EXP 	window1: mouseVisible = True
119.8833 	EXP 	window1: mouseVisible = True
119.8833 	EXP 	window1: mouseVisible = True
119.8833 	EXP 	window1: mouseVisible = True
119.8834 	EXP 	window1: mouseVisible = True
119.8834 	EXP 	window1: mouseVisible = True
119.8834 	EXP 	window1: mouseVisible = True
119.8835 	EXP 	window1: mouseVisible = True
119.8835 	EXP 	window1: mouseVisible = True
119.8835 	EXP 	window1: mouseVisible = True
119.8836 	EXP 	window1: mouseVisible = True
119.8836 	EXP 	window1: mouseVisible = True
119.8836 	EXP 	window1: mouseVisible = True
119.8836 	EXP 	window1: mouseVisible = True
119.8837 	EXP 	window1: mouseVisible = True
119.8837 	EXP 	window1: mouseVisible = True
119.8837 	EXP 	window1: mouseVisible = True
119.8838 	EXP 	window1: mouseVisible = True
119.8838 	EXP 	window1: mouseVisible = True
119.8838 	EXP 	window1: mouseVisible = True
119.8839 	EXP 	window1: mouseVisible = True
119.8839 	EXP 	window1: mouseVisible = True
119.8839 	EXP 	window1: mouseVisible = True
119.8840 	EXP 	window1: mouseVisible = True
119.8840 	EXP 	window1: mouseVisible = True
119.8840 	EXP 	window1: mouseVisible = True
119.8841 	EXP 	window1: mouseVisible = True
119.8841 	EXP 	window1: mouseVisible = True
119.8841 	EXP 	window1: mouseVisible = True
119.8842 	EXP 	window1: mouseVisible = True
119.8842 	EXP 	window1: mouseVisible = True
119.8842 	EXP 	window1: mouseVisible = True
119.8843 	EXP 	window1: mouseVisible = True
119.8843 	EXP 	window1: mouseVisible = True
119.8843 	EXP 	window1: mouseVisible = True
119.8843 	EXP 	window1: mouseVisible = True
119.8844 	EXP 	window1: mouseVisible = True
119.8844 	EXP 	window1: mouseVisible = True
119.8844 	EXP 	window1: mouseVisible = True
119.8845 	EXP 	window1: mouseVisible = True
119.8845 	EXP 	window1: mouseVisible = True
119.8845 	EXP 	window1: mouseVisible = True
119.8846 	EXP 	window1: mouseVisible = True
119.8846 	EXP 	window1: mouseVisible = True
119.8846 	EXP 	window1: mouseVisible = True
119.8847 	EXP 	window1: mouseVisible = True
119.8847 	EXP 	window1: mouseVisible = True
119.8847 	EXP 	window1: mouseVisible = True
119.8847 	EXP 	window1: mouseVisible = True
119.8848 	EXP 	window1: mouseVisible = True
119.8848 	EXP 	window1: mouseVisible = True
119.8848 	EXP 	window1: mouseVisible = True
119.8849 	EXP 	window1: mouseVisible = True
119.8849 	EXP 	window1: mouseVisible = True
119.8849 	EXP 	window1: mouseVisible = True
119.8850 	EXP 	window1: mouseVisible = True
119.8850 	EXP 	window1: mouseVisible = True
119.8850 	EXP 	window1: mouseVisible = True
119.8851 	EXP 	window1: mouseVisible = True
119.8851 	EXP 	window1: mouseVisible = True
119.8851 	EXP 	window1: mouseVisible = True
119.8851 	EXP 	window1: mouseVisible = True
119.8852 	EXP 	window1: mouseVisible = True
119.8852 	EXP 	window1: mouseVisible = True
119.8852 	EXP 	window1: mouseVisible = True
119.8853 	EXP 	window1: mouseVisible = True
119.8853 	EXP 	window1: mouseVisible = True
