89.9637 	WARNING 	Monitor specification not found. Creating a temporary one...
89.9933 	WARNING 	User requested fullscreen with size [800 600], but screen is actually [1280, 1024]. Using actual size
91.0346 	EXP 	Created window1 = Window(allowGUI=True, allowStencil=False, autoLog=True, backendConf=UNKNOWN, bitsMode=UNKNOWN, blendMode='avg', bpc=(8, 8, 8), color=array([0, 0, 0]), colorSpace='rgb', depthBits=8, fullscr=<method-wrapper '__getattribute__' of attributeSetter object at 0x000001F148089D00>, gamma=None, gammaErrorPolicy='raise', lms=UNKNOWN, monitor=<psychopy.monitors.calibTools.Monitor object at 0x000001F14859D490>, multiSample=False, name='window1', numSamples=2, pos=(0, 0), screen=0, size=array([1280, 1024]), stencilBits=0, stereo=False, units='pix', useFBO=False, useRetina=False, viewOri=0.0, viewPos=None, viewScale=None, waitBlanking=True, winType='pyglet')
91.0346 	EXP 	window1: mouseVisible = True
91.0350 	EXP 	window1: mouseVisible = False
92.0403 	DATA 	Keypress: return
92.5697 	DATA 	Keypress: return
115.2121 	EXP 	window1: units = 'pix'
117.3066 	DATA 	Keypress: o
117.3073 	EXP 	window1: units = 'pix'
117.3363 	WARNING 	User requested fullscreen with size [1280  720], but screen is actually [1280, 1024]. Using actual size
117.7781 	EXP 	Created window1 = Window(allowGUI=False, allowStencil=False, autoLog=True, backendConf=UNKNOWN, bitsMode=UNKNOWN, blendMode='avg', bpc=(8, 8, 8), color=array([0, 0, 0]), colorSpace='rgb', depthBits=8, fullscr=<method-wrapper '__getattribute__' of attributeSetter object at 0x000001F148089D00>, gamma=None, gammaErrorPolicy='raise', lms=UNKNOWN, monitor=<psychopy.monitors.calibTools.Monitor object at 0x000001F14F34E430>, multiSample=False, name='window1', numSamples=2, pos=(0, 0), screen=0, size=array([1280, 1024]), stencilBits=0, stereo=False, units='height', useFBO=True, useRetina=False, viewOri=0.0, viewPos=None, viewScale=None, waitBlanking=True, winType='pyglet')
117.7784 	EXP 	window1: mouseVisible = True
117.7784 	EXP 	window1: Attempting to measure frame rate of screen (0) ...
117.7784 	EXP 	window1: recordFrameIntervals = False
117.9449 	EXP 	window1: recordFrameIntervals = True
118.1283 	EXP 	Screen (0) actual frame rate measured at 59.98Hz
118.1283 	EXP 	window1: recordFrameIntervals = False
118.8645 	EXP 	Created Instructions = TextStim(__class__=<class 'psychopy.visual.text.TextStim'>, alignHoriz=method-wrapper(...), alignText='center', alignVert=method-wrapper(...), anchorHoriz='center', anchorVert='center', antialias=True, autoDraw=False, autoLog=True, bold=False, color=array([1, 1, 1]), colorSpace='rgb', contrast=1.0, depth=0.0, flipHoriz=False, flipVert=False, font='Arial', fontFiles=[], height=0.03, italic=False, languageStyle='LTR', name='Instructions', opacity=1.0, ori=0, pos=array([0., 0.]), rgb=UNKNOWN, text=str(...), units='height', win=Window(...), wrapWidth=1)
118.8685 	EXP 	Created Triplet1 = ImageStim(__class__=<class 'psychopy.visual.image.ImageStim'>, anchor=('center', 'center'), autoLog=True, color=array([1, 1, 1]), colorSpace='rgb', contrast=1.0, depth=-1.0, flipHoriz=False, flipVert=False, image='sin', interpolate=True, mask=None, maskParams=None, name='Triplet1', opacity=1.0, ori=0.0, pos=array([0., 0.]), size=array([0.25, 0.25]), texRes=128, units='height', win=Window(...))
118.8715 	EXP 	Created Triplet2 = ImageStim(__class__=<class 'psychopy.visual.image.ImageStim'>, anchor=('center', 'center'), autoLog=True, color=array([1, 1, 1]), colorSpace='rgb', contrast=1.0, depth=-2.0, flipHoriz=False, flipVert=False, image='sin', interpolate=True, mask=None, maskParams=None, name='Triplet2', opacity=1.0, ori=0.0, pos=array([0., 0.]), size=array([0.25, 0.25]), texRes=128, units='height', win=Window(...))
118.8766 	EXP 	Created Triplet3 = ImageStim(__class__=<class 'psychopy.visual.image.ImageStim'>, anchor=('center', 'center'), autoLog=True, color=array([1, 1, 1]), colorSpace='rgb', contrast=1.0, depth=-3.0, flipHoriz=False, flipVert=False, image='sin', interpolate=True, mask=None, maskParams=None, name='Triplet3', opacity=1.0, ori=0.0, pos=array([0., 0.]), size=array([0.25, 0.25]), texRes=128, units='height', win=Window(...))
118.8857 	EXP 	Sound sound_pop set volume 1.000
118.8947 	EXP 	Sound sound_pop2 set volume 1.000
118.9038 	EXP 	Sound sound_pop3 set volume 1.000
118.9364 	EXP 	Created fix = ImageStim(__class__=<class 'psychopy.visual.image.ImageStim'>, anchor=('center', 'center'), autoLog=True, color=array([1, 1, 1]), colorSpace='rgb', contrast=1.0, depth=0.0, flipHoriz=False, flipVert=False, image='images/fixation.png', interpolate=True, mask=None, maskParams=None, name='fix', opacity=1.0, ori=0.0, pos=array([0., 0.]), size=array([0.1 , 0.05]), texRes=128, units='height', win=Window(...))
119.0296 	EXP 	Created Mask = ImageStim(__class__=<class 'psychopy.visual.image.ImageStim'>, anchor=('center', 'center'), autoLog=True, color=array([1, 1, 1]), colorSpace='rgb', contrast=1.0, depth=0.0, flipHoriz=False, flipVert=False, image='images/Mask.png', interpolate=True, mask=None, maskParams=None, name='Mask', opacity=1.0, ori=0.0, pos=array([0., 0.]), size=array([1.5, 0.5]), texRes=128, units='height', win=Window(...))
119.0349 	EXP 	Created img1 = ImageStim(__class__=<class 'psychopy.visual.image.ImageStim'>, anchor=('center', 'center'), autoLog=True, color=array([1, 1, 1]), colorSpace='rgb', contrast=1.0, depth=-1.0, flipHoriz=False, flipVert=False, image='sin', interpolate=True, mask=None, maskParams=None, name='img1', opacity=1.0, ori=0.0, pos=array([0., 0.]), size=array([0.25, 0.25]), texRes=128, units='height', win=Window(...))
119.0402 	EXP 	Created img2 = ImageStim(__class__=<class 'psychopy.visual.image.ImageStim'>, anchor=('center', 'center'), autoLog=True, color=array([1, 1, 1]), colorSpace='rgb', contrast=1.0, depth=-2.0, flipHoriz=False, flipVert=False, image='sin', interpolate=True, mask=None, maskParams=None, name='img2', opacity=1.0, ori=0.0, pos=array([0., 0.]), size=array([0.25, 0.25]), texRes=128, units='height', win=Window(...))
119.0445 	EXP 	Created img3 = ImageStim(__class__=<class 'psychopy.visual.image.ImageStim'>, anchor=('center', 'center'), autoLog=True, color=array([1, 1, 1]), colorSpace='rgb', contrast=1.0, depth=-3.0, flipHoriz=False, flipVert=False, image='sin', interpolate=True, mask=None, maskParams=None, name='img3', opacity=1.0, ori=0.0, pos=array([0., 0.]), size=array([0.25, 0.25]), texRes=128, units='height', win=Window(...))
119.0535 	EXP 	Sound sound_pop4 set volume 1.000
119.0626 	EXP 	Sound sound_pop5 set volume 1.000
119.0760 	EXP 	Sound sound_pop6 set volume 1.000
119.0813 	EXP 	Created text_2 = TextStim(__class__=<class 'psychopy.visual.text.TextStim'>, alignHoriz=method-wrapper(...), alignText='center', alignVert=method-wrapper(...), anchorHoriz='center', anchorVert='center', antialias=True, autoDraw=False, autoLog=True, bold=False, color=array([1, 1, 1]), colorSpace='rgb', contrast=1.0, depth=0.0, flipHoriz=False, flipVert=False, font='Arial', fontFiles=[], height=0.03, italic=False, languageStyle='LTR', name='text_2', opacity=1.0, ori=0, pos=array([0., 0.]), rgb=UNKNOWN, text=str(...), units='height', win=Window(...), wrapWidth=1)
119.0839 	EXP 	Created text = TextStim(__class__=<class 'psychopy.visual.text.TextStim'>, alignHoriz=method-wrapper(...), alignText='center', alignVert=method-wrapper(...), anchorHoriz='center', anchorVert='center', antialias=True, autoDraw=False, autoLog=True, bold=False, color=array([1, 1, 1]), colorSpace='rgb', contrast=1.0, depth=-1.0, flipHoriz=False, flipVert=False, font='Arial', fontFiles=[], height=0.03, italic=False, languageStyle='LTR', name='text', opacity=1.0, ori=0, pos=array([0., 0.]), rgb=UNKNOWN, text=str(...), units='height', win=Window(...), wrapWidth=1)
119.0844 	EXP 	Created sameText = TextStim(__class__=<class 'psychopy.visual.text.TextStim'>, alignHoriz=method-wrapper(...), alignText='center', alignVert=method-wrapper(...), anchorHoriz='center', anchorVert='center', antialias=True, autoDraw=False, autoLog=True, bold=False, color=array([1, 1, 1]), colorSpace='rgb', contrast=1.0, depth=-2.0, flipHoriz=False, flipVert=False, font='Arial', fontFiles=[], height=0.03, italic=False, languageStyle='LTR', name='sameText', opacity=1.0, ori=0, pos=array([-0.2, -0.3]), rgb=UNKNOWN, text='', units='height', win=Window(...), wrapWidth=1)
119.0849 	EXP 	Created diffText = TextStim(__class__=<class 'psychopy.visual.text.TextStim'>, alignHoriz=method-wrapper(...), alignText='center', alignVert=method-wrapper(...), anchorHoriz='center', anchorVert='center', antialias=True, autoDraw=False, autoLog=True, bold=False, color=array([1, 1, 1]), colorSpace='rgb', contrast=1.0, depth=-3.0, flipHoriz=False, flipVert=False, font='Arial', fontFiles=[], height=0.03, italic=False, languageStyle='LTR', name='diffText', opacity=1.0, ori=0, pos=array([ 0.2, -0.3]), rgb=UNKNOWN, text='', units='height', win=Window(...), wrapWidth=1)
119.0857 	EXP 	Created leftCL = Rect(__class__=<class 'psychopy.visual.rect.Rect'>, anchor=('center', 'center'), autoDraw=False, autoLog=True, closeShape=True, color=method-wrapper(...), colorSpace='rgb', contrast=None, depth=-4.0, fillColor=array([1., 1., 1.]), fillColorSpace='rgb', fillRGB=array([1., 1., 1.]), interpolate=True, lineColor=array([1, 1, 1]), lineColorSpace='rgb', lineRGB=array([1, 1, 1]), lineWidth=3, name='leftCL', opacity=0.5, ori=0.0, pos=array([-0.2, -0.3]), size=array([-0.2, -0.2]), units='height', vertices=ndarray(...), win=Window(...))
119.0865 	EXP 	Created rightCL = Rect(__class__=<class 'psychopy.visual.rect.Rect'>, anchor=('center', 'center'), autoDraw=False, autoLog=True, closeShape=True, color=method-wrapper(...), colorSpace='rgb', contrast=None, depth=-5.0, fillColor=array([1., 1., 1.]), fillColorSpace='rgb', fillRGB=array([1., 1., 1.]), interpolate=True, lineColor=array([1, 1, 1]), lineColorSpace='rgb', lineRGB=array([1, 1, 1]), lineWidth=3, name='rightCL', opacity=0.5, ori=0.0, pos=array([ 0.2, -0.3]), size=array([0.2, 0.2]), units='height', vertices=ndarray(...), win=Window(...))
119.0866 	EXP 	window1: mouseVisible = True
119.0870 	EXP 	Sound clickedSound set volume 1.000
119.0908 	EXP 	Created retIMG = ImageStim(__class__=<class 'psychopy.visual.image.ImageStim'>, anchor=('center', 'center'), autoLog=True, color=array([1, 1, 1]), colorSpace='rgb', contrast=1.0, depth=-1.0, flipHoriz=False, flipVert=False, image='sin', interpolate=True, mask=None, maskParams=None, name='retIMG', opacity=1.0, ori=0.0, pos=array([0., 0.]), size=array([0.25, 0.25]), texRes=128, units='height', win=Window(...))
119.0999 	EXP 	Sound sound_pop7 set volume 1.000
119.1023 	EXP 	Created question_text = TextStim(__class__=<class 'psychopy.visual.text.TextStim'>, alignHoriz=method-wrapper(...), alignText='center', alignVert=method-wrapper(...), anchorHoriz='center', anchorVert='center', antialias=True, autoDraw=False, autoLog=True, bold=False, color=array([1, 1, 1]), colorSpace='rgb', contrast=1.0, depth=0.0, flipHoriz=False, flipVert=False, font='Arial', fontFiles=[], height=0.03, italic=False, languageStyle='LTR', name='question_text', opacity=1.0, ori=0, pos=array([0. , 0.3]), rgb=UNKNOWN, text='When did you see this object?', units='height', win=Window(...), wrapWidth=1)
119.1046 	EXP 	Created decisionQ_2 = TextStim(__class__=<class 'psychopy.visual.text.TextStim'>, alignHoriz=method-wrapper(...), alignText='center', alignVert=method-wrapper(...), anchorHoriz='center', anchorVert='center', antialias=True, autoDraw=False, autoLog=True, bold=False, color=array([1, 1, 1]), colorSpace='rgb', contrast=1.0, depth=-1.0, flipHoriz=False, flipVert=False, font='Arial', fontFiles=[], height=0.03, italic=False, languageStyle='LTR', name='decisionQ_2', opacity=1.0, ori=0, pos=array([0. , 0.3]), rgb=UNKNOWN, text='When did you see this object?', units='height', win=Window(...), wrapWidth=1)
119.1053 	EXP 	Created first_left = Rect(__class__=<class 'psychopy.visual.rect.Rect'>, anchor=('center', 'center'), autoDraw=False, autoLog=True, closeShape=True, color=method-wrapper(...), colorSpace='rgb', contrast=None, depth=-2.0, fillColor=array([1, 1, 1]), fillColorSpace='rgb', fillRGB=array([1, 1, 1]), interpolate=True, lineColor=array([1, 1, 1]), lineColorSpace='rgb', lineRGB=array([1, 1, 1]), lineWidth=3, name='first_left', opacity=0.5, ori=0.0, pos=array([0. , 0.1]), size=array([0.15, 0.15]), units='height', vertices=ndarray(...), win=Window(...))
119.1059 	EXP 	Created second_middle = Rect(__class__=<class 'psychopy.visual.rect.Rect'>, anchor=('center', 'center'), autoDraw=False, autoLog=True, closeShape=True, color=method-wrapper(...), colorSpace='rgb', contrast=None, depth=-3.0, fillColor=array([1, 1, 1]), fillColorSpace='rgb', fillRGB=array([1, 1, 1]), interpolate=True, lineColor=array([1, 1, 1]), lineColorSpace='rgb', lineRGB=array([1, 1, 1]), lineWidth=3, name='second_middle', opacity=0.5, ori=0.0, pos=array([ 0. , -0.1]), size=array([0.15, 0.15]), units='height', vertices=ndarray(...), win=Window(...))
119.1066 	EXP 	Created third_right = Rect(__class__=<class 'psychopy.visual.rect.Rect'>, anchor=('center', 'center'), autoDraw=False, autoLog=True, closeShape=True, color=method-wrapper(...), colorSpace='rgb', contrast=None, depth=-4.0, fillColor=array([1, 1, 1]), fillColorSpace='rgb', fillRGB=array([1, 1, 1]), interpolate=True, lineColor=array([1, 1, 1]), lineColorSpace='rgb', lineRGB=array([1, 1, 1]), lineWidth=3, name='third_right', opacity=0.5, ori=0.0, pos=array([ 0. , -0.3]), size=array([0.15, 0.15]), units='height', vertices=ndarray(...), win=Window(...))
119.1091 	EXP 	Created First = TextStim(__class__=<class 'psychopy.visual.text.TextStim'>, alignHoriz=method-wrapper(...), alignText='center', alignVert=method-wrapper(...), anchorHoriz='center', anchorVert='center', antialias=True, autoDraw=False, autoLog=True, bold=False, color=array([1, 1, 1]), colorSpace='rgb', contrast=1.0, depth=-5.0, flipHoriz=False, flipVert=False, font='Arial', fontFiles=[], height=0.03, italic=False, languageStyle='LTR', name='First', opacity=1.0, ori=0, pos=array([0. , 0.1]), rgb=UNKNOWN, text='First', units='height', win=Window(...), wrapWidth=1)
119.1110 	EXP 	Created Second = TextStim(__class__=<class 'psychopy.visual.text.TextStim'>, alignHoriz=method-wrapper(...), alignText='center', alignVert=method-wrapper(...), anchorHoriz='center', anchorVert='center', antialias=True, autoDraw=False, autoLog=True, bold=False, color=array([1, 1, 1]), colorSpace='rgb', contrast=1.0, depth=-6.0, flipHoriz=False, flipVert=False, font='Arial', fontFiles=[], height=0.03, italic=False, languageStyle='LTR', name='Second', opacity=1.0, ori=0, pos=array([ 0. , -0.1]), rgb=UNKNOWN, text='Second', units='height', win=Window(...), wrapWidth=1)
119.1128 	EXP 	Created Third = TextStim(__class__=<class 'psychopy.visual.text.TextStim'>, alignHoriz=method-wrapper(...), alignText='center', alignVert=method-wrapper(...), anchorHoriz='center', anchorVert='center', antialias=True, autoDraw=False, autoLog=True, bold=False, color=array([1, 1, 1]), colorSpace='rgb', contrast=1.0, depth=-7.0, flipHoriz=False, flipVert=False, font='Arial', fontFiles=[], height=0.03, italic=False, languageStyle='LTR', name='Third', opacity=1.0, ori=0, pos=array([ 0. , -0.3]), rgb=UNKNOWN, text='Third', units='height', win=Window(...), wrapWidth=1)
119.1129 	EXP 	window1: mouseVisible = True
119.1133 	EXP 	Sound clickedSound set volume 1.000
119.1198 	EXP 	Created BlockBreak = TextStim(__class__=<class 'psychopy.visual.text.TextStim'>, alignHoriz=method-wrapper(...), alignText='center', alignVert=method-wrapper(...), anchorHoriz='center', anchorVert='center', antialias=True, autoDraw=False, autoLog=True, bold=False, color=array([1, 1, 1]), colorSpace='rgb', contrast=1.0, depth=0.0, flipHoriz=False, flipVert=False, font='Arial', fontFiles=[], height=0.03, italic=False, languageStyle='LTR', name='BlockBreak', opacity=1.0, ori=0, pos=array([0., 0.]), rgb=UNKNOWN, text=str(...), units='height', win=Window(...), wrapWidth=1)
119.1323 	EXP 	Created text_4 = TextStim(__class__=<class 'psychopy.visual.text.TextStim'>, alignHoriz=method-wrapper(...), alignText='center', alignVert=method-wrapper(...), anchorHoriz='center', anchorVert='center', antialias=True, autoDraw=False, autoLog=True, bold=False, color=array([1, 1, 1]), colorSpace='rgb', contrast=1.0, depth=-1.0, flipHoriz=False, flipVert=False, font='Open Sans', fontFiles=[], height=0.03, italic=False, languageStyle='LTR', name='text_4', opacity=1.0, ori=0.0, pos=array([0., 0.]), rgb=UNKNOWN, text=str(...), units='height', win=Window(...), wrapWidth=1)
119.1359 	EXP 	Created Triplet1 = ImageStim(__class__=<class 'psychopy.visual.image.ImageStim'>, anchor=('center', 'center'), autoLog=True, color=array([1, 1, 1]), colorSpace='rgb', contrast=1.0, depth=-1.0, flipHoriz=False, flipVert=False, image='sin', interpolate=True, mask=None, maskParams=None, name='Triplet1', opacity=1.0, ori=0.0, pos=array([0., 0.]), size=array([0.25, 0.25]), texRes=128, units='height', win=Window(...))
119.1402 	EXP 	Created Triplet2 = ImageStim(__class__=<class 'psychopy.visual.image.ImageStim'>, anchor=('center', 'center'), autoLog=True, color=array([1, 1, 1]), colorSpace='rgb', contrast=1.0, depth=-2.0, flipHoriz=False, flipVert=False, image='sin', interpolate=True, mask=None, maskParams=None, name='Triplet2', opacity=1.0, ori=0.0, pos=array([0., 0.]), size=array([0.25, 0.25]), texRes=128, units='height', win=Window(...))
119.1444 	EXP 	Created Triplet3 = ImageStim(__class__=<class 'psychopy.visual.image.ImageStim'>, anchor=('center', 'center'), autoLog=True, color=array([1, 1, 1]), colorSpace='rgb', contrast=1.0, depth=-3.0, flipHoriz=False, flipVert=False, image='sin', interpolate=True, mask=None, maskParams=None, name='Triplet3', opacity=1.0, ori=0.0, pos=array([0., 0.]), size=array([0.25, 0.25]), texRes=128, units='height', win=Window(...))
119.1536 	EXP 	Sound sound_pop set volume 1.000
119.1629 	EXP 	Sound sound_pop2 set volume 1.000
119.1720 	EXP 	Sound sound_pop3 set volume 1.000
119.1949 	EXP 	Created fix = ImageStim(__class__=<class 'psychopy.visual.image.ImageStim'>, anchor=('center', 'center'), autoLog=True, color=array([1, 1, 1]), colorSpace='rgb', contrast=1.0, depth=0.0, flipHoriz=False, flipVert=False, image='images/fixation.png', interpolate=True, mask=None, maskParams=None, name='fix', opacity=1.0, ori=0.0, pos=array([0., 0.]), size=array([0.1 , 0.05]), texRes=128, units='height', win=Window(...))
119.2825 	EXP 	Created Mask = ImageStim(__class__=<class 'psychopy.visual.image.ImageStim'>, anchor=('center', 'center'), autoLog=True, color=array([1, 1, 1]), colorSpace='rgb', contrast=1.0, depth=0.0, flipHoriz=False, flipVert=False, image='images/Mask.png', interpolate=True, mask=None, maskParams=None, name='Mask', opacity=1.0, ori=0.0, pos=array([0., 0.]), size=array([1.5, 0.5]), texRes=128, units='height', win=Window(...))
119.2880 	EXP 	Created img1 = ImageStim(__class__=<class 'psychopy.visual.image.ImageStim'>, anchor=('center', 'center'), autoLog=True, color=array([1, 1, 1]), colorSpace='rgb', contrast=1.0, depth=-1.0, flipHoriz=False, flipVert=False, image='sin', interpolate=True, mask=None, maskParams=None, name='img1', opacity=1.0, ori=0.0, pos=array([0., 0.]), size=array([0.25, 0.25]), texRes=128, units='height', win=Window(...))
119.2922 	EXP 	Created img2 = ImageStim(__class__=<class 'psychopy.visual.image.ImageStim'>, anchor=('center', 'center'), autoLog=True, color=array([1, 1, 1]), colorSpace='rgb', contrast=1.0, depth=-2.0, flipHoriz=False, flipVert=False, image='sin', interpolate=True, mask=None, maskParams=None, name='img2', opacity=1.0, ori=0.0, pos=array([0., 0.]), size=array([0.25, 0.25]), texRes=128, units='height', win=Window(...))
119.2964 	EXP 	Created img3 = ImageStim(__class__=<class 'psychopy.visual.image.ImageStim'>, anchor=('center', 'center'), autoLog=True, color=array([1, 1, 1]), colorSpace='rgb', contrast=1.0, depth=-3.0, flipHoriz=False, flipVert=False, image='sin', interpolate=True, mask=None, maskParams=None, name='img3', opacity=1.0, ori=0.0, pos=array([0., 0.]), size=array([0.25, 0.25]), texRes=128, units='height', win=Window(...))
119.3054 	EXP 	Sound sound_pop4 set volume 1.000
119.3144 	EXP 	Sound sound_pop5 set volume 1.000
119.3235 	EXP 	Sound sound_pop6 set volume 1.000
119.3272 	EXP 	Created text_2 = TextStim(__class__=<class 'psychopy.visual.text.TextStim'>, alignHoriz=method-wrapper(...), alignText='center', alignVert=method-wrapper(...), anchorHoriz='center', anchorVert='center', antialias=True, autoDraw=False, autoLog=True, bold=False, color=array([1, 1, 1]), colorSpace='rgb', contrast=1.0, depth=0.0, flipHoriz=False, flipVert=False, font='Arial', fontFiles=[], height=0.03, italic=False, languageStyle='LTR', name='text_2', opacity=1.0, ori=0, pos=array([0., 0.]), rgb=UNKNOWN, text=str(...), units='height', win=Window(...), wrapWidth=1)
119.3297 	EXP 	Created text = TextStim(__class__=<class 'psychopy.visual.text.TextStim'>, alignHoriz=method-wrapper(...), alignText='center', alignVert=method-wrapper(...), anchorHoriz='center', anchorVert='center', antialias=True, autoDraw=False, autoLog=True, bold=False, color=array([1, 1, 1]), colorSpace='rgb', contrast=1.0, depth=-1.0, flipHoriz=False, flipVert=False, font='Arial', fontFiles=[], height=0.03, italic=False, languageStyle='LTR', name='text', opacity=1.0, ori=0, pos=array([0., 0.]), rgb=UNKNOWN, text=str(...), units='height', win=Window(...), wrapWidth=1)
119.3302 	EXP 	Created sameText = TextStim(__class__=<class 'psychopy.visual.text.TextStim'>, alignHoriz=method-wrapper(...), alignText='center', alignVert=method-wrapper(...), anchorHoriz='center', anchorVert='center', antialias=True, autoDraw=False, autoLog=True, bold=False, color=array([1, 1, 1]), colorSpace='rgb', contrast=1.0, depth=-2.0, flipHoriz=False, flipVert=False, font='Arial', fontFiles=[], height=0.03, italic=False, languageStyle='LTR', name='sameText', opacity=1.0, ori=0, pos=array([-0.2, -0.3]), rgb=UNKNOWN, text='', units='height', win=Window(...), wrapWidth=1)
119.3307 	EXP 	Created diffText = TextStim(__class__=<class 'psychopy.visual.text.TextStim'>, alignHoriz=method-wrapper(...), alignText='center', alignVert=method-wrapper(...), anchorHoriz='center', anchorVert='center', antialias=True, autoDraw=False, autoLog=True, bold=False, color=array([1, 1, 1]), colorSpace='rgb', contrast=1.0, depth=-3.0, flipHoriz=False, flipVert=False, font='Arial', fontFiles=[], height=0.03, italic=False, languageStyle='LTR', name='diffText', opacity=1.0, ori=0, pos=array([ 0.2, -0.3]), rgb=UNKNOWN, text='', units='height', win=Window(...), wrapWidth=1)
119.3315 	EXP 	Created leftCL = Rect(__class__=<class 'psychopy.visual.rect.Rect'>, anchor=('center', 'center'), autoDraw=False, autoLog=True, closeShape=True, color=method-wrapper(...), colorSpace='rgb', contrast=None, depth=-4.0, fillColor=array([1., 1., 1.]), fillColorSpace='rgb', fillRGB=array([1., 1., 1.]), interpolate=True, lineColor=array([1, 1, 1]), lineColorSpace='rgb', lineRGB=array([1, 1, 1]), lineWidth=3, name='leftCL', opacity=0.5, ori=0.0, pos=array([-0.2, -0.3]), size=array([-0.2, -0.2]), units='height', vertices=ndarray(...), win=Window(...))
119.3324 	EXP 	Created rightCL = Rect(__class__=<class 'psychopy.visual.rect.Rect'>, anchor=('center', 'center'), autoDraw=False, autoLog=True, closeShape=True, color=method-wrapper(...), colorSpace='rgb', contrast=None, depth=-5.0, fillColor=array([1., 1., 1.]), fillColorSpace='rgb', fillRGB=array([1., 1., 1.]), interpolate=True, lineColor=array([1, 1, 1]), lineColorSpace='rgb', lineRGB=array([1, 1, 1]), lineWidth=3, name='rightCL', opacity=0.5, ori=0.0, pos=array([ 0.2, -0.3]), size=array([0.2, 0.2]), units='height', vertices=ndarray(...), win=Window(...))
119.3324 	EXP 	window1: mouseVisible = True
119.3328 	EXP 	Sound clickedSound set volume 1.000
119.3364 	EXP 	Created retIMG = ImageStim(__class__=<class 'psychopy.visual.image.ImageStim'>, anchor=('center', 'center'), autoLog=True, color=array([1, 1, 1]), colorSpace='rgb', contrast=1.0, depth=-1.0, flipHoriz=False, flipVert=False, image='sin', interpolate=True, mask=None, maskParams=None, name='retIMG', opacity=1.0, ori=0.0, pos=array([0., 0.]), size=array([0.25, 0.25]), texRes=128, units='height', win=Window(...))
119.3454 	EXP 	Sound sound_pop7 set volume 1.000
119.3478 	EXP 	Created question_text = TextStim(__class__=<class 'psychopy.visual.text.TextStim'>, alignHoriz=method-wrapper(...), alignText='center', alignVert=method-wrapper(...), anchorHoriz='center', anchorVert='center', antialias=True, autoDraw=False, autoLog=True, bold=False, color=array([1, 1, 1]), colorSpace='rgb', contrast=1.0, depth=0.0, flipHoriz=False, flipVert=False, font='Arial', fontFiles=[], height=0.03, italic=False, languageStyle='LTR', name='question_text', opacity=1.0, ori=0, pos=array([0. , 0.3]), rgb=UNKNOWN, text='When did you see this object?', units='height', win=Window(...), wrapWidth=1)
119.3499 	EXP 	Created decisionQ_2 = TextStim(__class__=<class 'psychopy.visual.text.TextStim'>, alignHoriz=method-wrapper(...), alignText='center', alignVert=method-wrapper(...), anchorHoriz='center', anchorVert='center', antialias=True, autoDraw=False, autoLog=True, bold=False, color=array([1, 1, 1]), colorSpace='rgb', contrast=1.0, depth=-1.0, flipHoriz=False, flipVert=False, font='Arial', fontFiles=[], height=0.03, italic=False, languageStyle='LTR', name='decisionQ_2', opacity=1.0, ori=0, pos=array([0. , 0.3]), rgb=UNKNOWN, text='When did you see this object?', units='height', win=Window(...), wrapWidth=1)
119.3506 	EXP 	Created first_left = Rect(__class__=<class 'psychopy.visual.rect.Rect'>, anchor=('center', 'center'), autoDraw=False, autoLog=True, closeShape=True, color=method-wrapper(...), colorSpace='rgb', contrast=None, depth=-2.0, fillColor=array([1, 1, 1]), fillColorSpace='rgb', fillRGB=array([1, 1, 1]), interpolate=True, lineColor=array([1, 1, 1]), lineColorSpace='rgb', lineRGB=array([1, 1, 1]), lineWidth=3, name='first_left', opacity=0.5, ori=0.0, pos=array([0. , 0.1]), size=array([0.15, 0.15]), units='height', vertices=ndarray(...), win=Window(...))
119.3513 	EXP 	Created second_middle = Rect(__class__=<class 'psychopy.visual.rect.Rect'>, anchor=('center', 'center'), autoDraw=False, autoLog=True, closeShape=True, color=method-wrapper(...), colorSpace='rgb', contrast=None, depth=-3.0, fillColor=array([1, 1, 1]), fillColorSpace='rgb', fillRGB=array([1, 1, 1]), interpolate=True, lineColor=array([1, 1, 1]), lineColorSpace='rgb', lineRGB=array([1, 1, 1]), lineWidth=3, name='second_middle', opacity=0.5, ori=0.0, pos=array([ 0. , -0.1]), size=array([0.15, 0.15]), units='height', vertices=ndarray(...), win=Window(...))
119.3520 	EXP 	Created third_right = Rect(__class__=<class 'psychopy.visual.rect.Rect'>, anchor=('center', 'center'), autoDraw=False, autoLog=True, closeShape=True, color=method-wrapper(...), colorSpace='rgb', contrast=None, depth=-4.0, fillColor=array([1, 1, 1]), fillColorSpace='rgb', fillRGB=array([1, 1, 1]), interpolate=True, lineColor=array([1, 1, 1]), lineColorSpace='rgb', lineRGB=array([1, 1, 1]), lineWidth=3, name='third_right', opacity=0.5, ori=0.0, pos=array([ 0. , -0.3]), size=array([0.15, 0.15]), units='height', vertices=ndarray(...), win=Window(...))
119.3540 	EXP 	Created First = TextStim(__class__=<class 'psychopy.visual.text.TextStim'>, alignHoriz=method-wrapper(...), alignText='center', alignVert=method-wrapper(...), anchorHoriz='center', anchorVert='center', antialias=True, autoDraw=False, autoLog=True, bold=False, color=array([1, 1, 1]), colorSpace='rgb', contrast=1.0, depth=-5.0, flipHoriz=False, flipVert=False, font='Arial', fontFiles=[], height=0.03, italic=False, languageStyle='LTR', name='First', opacity=1.0, ori=0, pos=array([0. , 0.1]), rgb=UNKNOWN, text='First', units='height', win=Window(...), wrapWidth=1)
119.3559 	EXP 	Created Second = TextStim(__class__=<class 'psychopy.visual.text.TextStim'>, alignHoriz=method-wrapper(...), alignText='center', alignVert=method-wrapper(...), anchorHoriz='center', anchorVert='center', antialias=True, autoDraw=False, autoLog=True, bold=False, color=array([1, 1, 1]), colorSpace='rgb', contrast=1.0, depth=-6.0, flipHoriz=False, flipVert=False, font='Arial', fontFiles=[], height=0.03, italic=False, languageStyle='LTR', name='Second', opacity=1.0, ori=0, pos=array([ 0. , -0.1]), rgb=UNKNOWN, text='Second', units='height', win=Window(...), wrapWidth=1)
119.3584 	EXP 	Created Third = TextStim(__class__=<class 'psychopy.visual.text.TextStim'>, alignHoriz=method-wrapper(...), alignText='center', alignVert=method-wrapper(...), anchorHoriz='center', anchorVert='center', antialias=True, autoDraw=False, autoLog=True, bold=False, color=array([1, 1, 1]), colorSpace='rgb', contrast=1.0, depth=-7.0, flipHoriz=False, flipVert=False, font='Arial', fontFiles=[], height=0.03, italic=False, languageStyle='LTR', name='Third', opacity=1.0, ori=0, pos=array([ 0. , -0.3]), rgb=UNKNOWN, text='Third', units='height', win=Window(...), wrapWidth=1)
119.3585 	EXP 	window1: mouseVisible = True
119.3590 	EXP 	Sound clickedSound set volume 1.000
119.3618 	EXP 	Created end = TextStim(__class__=<class 'psychopy.visual.text.TextStim'>, alignHoriz=method-wrapper(...), alignText='center', alignVert=method-wrapper(...), anchorHoriz='center', anchorVert='center', antialias=True, autoDraw=False, autoLog=True, bold=False, color=array([1, 1, 1]), colorSpace='rgb', contrast=1.0, depth=0.0, flipHoriz=False, flipVert=False, font='Arial', fontFiles=[], height=0.03, italic=False, languageStyle='LTR', name='end', opacity=1.0, ori=0, pos=array([0., 0.]), rgb=UNKNOWN, text=str(...), units='height', win=Window(...), wrapWidth=1)
119.3657 	EXP 	Instructions: autoDraw = True
120.2285 	EXP 	Created sequence: random, trialTypes=1, nReps=2, seed=None
120.2287 	EXP 	New trial (rep=0, index=0): None
120.2882 	DATA 	Keypress: space
120.3941 	EXP 	Instructions: autoDraw = False
120.3941 	EXP 	fix: autoDraw = True
122.0925 	EXP 	Sound sound_pop started
122.0899 	EXP 	fix: autoDraw = False
122.0899 	EXP 	fix: autoDraw = False
122.0899 	EXP 	Triplet1: image = 'images/OBJ_141.png'
122.0899 	EXP 	Triplet2: image = 'images/OBJ_115.png'
122.0899 	EXP 	Triplet3: image = 'images/OBJ_178.png'
122.0899 	EXP 	Triplet1: image = 'images/OBJ_141.png'
122.0899 	EXP 	Triplet2: image = 'images/OBJ_115.png'
122.0899 	EXP 	Triplet3: image = 'images/OBJ_178.png'
122.0899 	EXP 	Triplet1: autoDraw = True
122.4576 	EXP 	Sound sound_pop reached end of file
123.5928 	EXP 	Triplet1: autoDraw = False
124.0932 	EXP 	Sound sound_pop2 started
124.0932 	EXP 	Triplet2: autoDraw = True
124.4568 	EXP 	Sound sound_pop2 reached end of file
125.5923 	EXP 	Triplet2: autoDraw = False
126.0926 	EXP 	Sound sound_pop3 started
126.0921 	EXP 	Triplet3: autoDraw = True
126.4581 	EXP 	Sound sound_pop3 reached end of file
127.5917 	EXP 	Triplet3: autoDraw = False
127.5917 	EXP 	Triplet1: autoDraw = False
127.5917 	EXP 	Triplet2: autoDraw = False
127.5917 	EXP 	Triplet3: autoDraw = False
127.5917 	EXP 	Mask: autoDraw = True
129.2239 	EXP 	Sound sound_pop4 started
129.2230 	EXP 	Mask: autoDraw = False
129.2230 	EXP 	Mask: autoDraw = False
129.2230 	EXP 	img1: image = 'images/OBJ_141.png'
129.2230 	EXP 	img2: image = 'images/OBJ_115.png'
129.2230 	EXP 	img3: image = 'images/OBJ_178.png'
129.2230 	EXP 	img1: autoDraw = True
129.6086 	EXP 	Sound sound_pop4 reached end of file
130.7242 	EXP 	img1: autoDraw = False
131.2240 	EXP 	Sound sound_pop5 started
131.2240 	EXP 	img2: autoDraw = True
131.5824 	EXP 	Sound sound_pop5 reached end of file
132.7235 	EXP 	img2: autoDraw = False
133.2238 	EXP 	Sound sound_pop6 started
133.2234 	EXP 	img3: autoDraw = True
133.5885 	EXP 	Sound sound_pop6 reached end of file
134.7235 	EXP 	img3: autoDraw = False
134.7235 	EXP 	img1: autoDraw = False
134.7235 	EXP 	img2: autoDraw = False
134.7235 	EXP 	img3: autoDraw = False
134.7235 	EXP 	text_2: autoDraw = True
135.7227 	EXP 	text_2: autoDraw = False
135.7227 	EXP 	text_2: autoDraw = False
135.7227 	EXP 	sameText: height = 0.03
135.7227 	EXP 	sameText: height = 0.03
135.7227 	EXP 	sameText: height = 0.03
135.7227 	EXP 	sameText: text = 'Same'
135.7227 	EXP 	diffText: height = 0.03
135.7227 	EXP 	diffText: height = 0.03
135.7227 	EXP 	diffText: height = 0.03
135.7227 	EXP 	diffText: text = 'Different'
135.7227 	EXP 	text: autoDraw = True
135.7227 	EXP 	sameText: autoDraw = True
135.7227 	EXP 	diffText: autoDraw = True
135.7227 	EXP 	leftCL: autoDraw = True
135.7227 	EXP 	rightCL: autoDraw = True
136.1399 	DATA 	Mouse: Left button down, pos=(838,215)
136.1563 	EXP 	Sound clickedSound started
136.1564 	EXP 	text: autoDraw = False
136.1564 	EXP 	sameText: autoDraw = False
136.1564 	EXP 	diffText: autoDraw = False
136.1564 	EXP 	leftCL: autoDraw = False
136.1564 	EXP 	rightCL: autoDraw = False
136.3229 	DATA 	Mouse:  Left button up, pos=(838,215)
136.6578 	EXP 	Sound clickedSound stopped
136.6582 	EXP 	New trial (rep=1, index=0): None
136.8334 	EXP 	fix: autoDraw = True
138.4386 	EXP 	Sound sound_pop started
138.4300 	EXP 	fix: autoDraw = False
138.4300 	EXP 	fix: autoDraw = False
138.4300 	EXP 	Triplet1: image = 'images/OBJ_186.png'
138.4300 	EXP 	Triplet2: image = 'images/OBJ_179.png'
138.4300 	EXP 	Triplet3: image = 'images/OBJ_199.png'
138.4300 	EXP 	Triplet1: image = 'images/OBJ_186.png'
138.4300 	EXP 	Triplet2: image = 'images/OBJ_179.png'
138.4300 	EXP 	Triplet3: image = 'images/OBJ_199.png'
138.4300 	EXP 	Triplet1: autoDraw = True
138.7974 	EXP 	Sound sound_pop reached end of file
139.9381 	EXP 	Triplet1: autoDraw = False
140.4212 	EXP 	Sound sound_pop2 started
140.4213 	EXP 	Triplet2: autoDraw = True
140.7816 	EXP 	Sound sound_pop2 reached end of file
141.9209 	EXP 	Triplet2: autoDraw = False
142.4207 	EXP 	Sound sound_pop3 started
142.4207 	EXP 	Triplet3: autoDraw = True
142.7793 	EXP 	Sound sound_pop3 reached end of file
143.9202 	EXP 	Triplet3: autoDraw = False
143.9202 	EXP 	Triplet1: autoDraw = False
143.9202 	EXP 	Triplet2: autoDraw = False
143.9202 	EXP 	Triplet3: autoDraw = False
143.9202 	EXP 	Mask: autoDraw = True
145.4529 	EXP 	Sound sound_pop4 started
145.4556 	EXP 	Mask: autoDraw = False
145.4556 	EXP 	Mask: autoDraw = False
145.4556 	EXP 	img1: image = 'images/OBJ_186.png'
145.4556 	EXP 	img2: image = 'images/OBJ_179.png'
145.4556 	EXP 	img3: image = 'images/OBJ_199.png'
145.4556 	EXP 	img1: autoDraw = True
145.8384 	EXP 	Sound sound_pop4 reached end of file
146.9694 	EXP 	img1: autoDraw = False
147.4525 	EXP 	Sound sound_pop5 started
147.4526 	EXP 	img2: autoDraw = True
147.8192 	EXP 	Sound sound_pop5 reached end of file
148.9522 	EXP 	img2: autoDraw = False
149.4520 	EXP 	Sound sound_pop6 started
149.4520 	EXP 	img3: autoDraw = True
149.8124 	EXP 	Sound sound_pop6 reached end of file
150.9516 	EXP 	img3: autoDraw = False
150.9516 	EXP 	img1: autoDraw = False
150.9516 	EXP 	img2: autoDraw = False
150.9516 	EXP 	img3: autoDraw = False
150.9516 	EXP 	text_2: autoDraw = True
151.9513 	EXP 	text_2: autoDraw = False
151.9513 	EXP 	text_2: autoDraw = False
151.9513 	EXP 	sameText: text = 'Same'
151.9513 	EXP 	diffText: text = 'Different'
151.9513 	EXP 	text: autoDraw = True
151.9513 	EXP 	sameText: autoDraw = True
151.9513 	EXP 	diffText: autoDraw = True
151.9513 	EXP 	leftCL: autoDraw = True
151.9513 	EXP 	rightCL: autoDraw = True
152.2847 	DATA 	Mouse: Left button down, pos=(404,221)
152.3011 	EXP 	Sound clickedSound started
152.3013 	EXP 	text: autoDraw = False
152.3013 	EXP 	sameText: autoDraw = False
152.3013 	EXP 	diffText: autoDraw = False
152.3013 	EXP 	leftCL: autoDraw = False
152.3013 	EXP 	rightCL: autoDraw = False
152.4183 	DATA 	Mouse:  Left button up, pos=(404,221)
152.7980 	EXP 	Sound clickedSound stopped
152.8014 	EXP 	BlockBreak: autoDraw = True
153.8350 	EXP 	Created sequence: random, trialTypes=1, nReps=1, seed=None
153.8351 	EXP 	New trial (rep=0, index=0): None
153.9068 	DATA 	Keypress: space
154.0670 	EXP 	Sound sound_pop7 started
154.0585 	EXP 	BlockBreak: autoDraw = False
154.0585 	EXP 	text_4: autoDraw = False
154.0585 	EXP 	retIMG: image = 'images/OBJ_186.png'
154.0585 	EXP 	retIMG: autoDraw = True
154.4385 	EXP 	Sound sound_pop7 reached end of file
155.5669 	EXP 	retIMG: autoDraw = False
155.5669 	EXP 	retIMG: autoDraw = False
155.5669 	EXP 	question_text: autoDraw = True
156.5671 	EXP 	question_text: autoDraw = False
156.5671 	EXP 	question_text: autoDraw = False
156.5671 	EXP 	decisionQ_2: autoDraw = True
157.5497 	EXP 	first_left: autoDraw = True
157.5497 	EXP 	second_middle: autoDraw = True
157.5497 	EXP 	third_right: autoDraw = True
157.5497 	EXP 	First: autoDraw = True
157.5497 	EXP 	Second: autoDraw = True
157.5497 	EXP 	Third: autoDraw = True
158.0664 	DATA 	Mouse: Left button down, pos=(638,562)
158.0828 	EXP 	Sound clickedSound started
158.0829 	EXP 	decisionQ_2: autoDraw = False
158.0829 	EXP 	first_left: autoDraw = False
158.0829 	EXP 	second_middle: autoDraw = False
158.0829 	EXP 	third_right: autoDraw = False
158.0829 	EXP 	First: autoDraw = False
158.0829 	EXP 	Second: autoDraw = False
158.0829 	EXP 	Third: autoDraw = False
158.1998 	DATA 	Mouse:  Left button up, pos=(638,562)
158.5795 	EXP 	Sound clickedSound stopped
158.5830 	EXP 	Instructions: autoDraw = True
159.4329 	EXP 	Created sequence: random, trialTypes=1, nReps=2, seed=None
159.4330 	EXP 	New trial (rep=0, index=0): None
159.4981 	DATA 	Keypress: space
159.6016 	EXP 	Instructions: autoDraw = False
159.6016 	EXP 	fix: autoDraw = True
161.1650 	EXP 	Sound sound_pop started
161.1603 	EXP 	fix: autoDraw = False
161.1603 	EXP 	fix: autoDraw = False
161.1603 	EXP 	Triplet1: image = 'images/OBJ_131.png'
161.1603 	EXP 	Triplet2: image = 'images/OBJ_66.png'
161.1603 	EXP 	Triplet3: image = 'images/OBJ_85.png'
161.1603 	EXP 	Triplet1: autoDraw = True
161.5282 	EXP 	Sound sound_pop reached end of file
162.6648 	EXP 	Triplet1: autoDraw = False
163.1480 	EXP 	Sound sound_pop2 started
163.1484 	EXP 	Triplet2: autoDraw = True
163.5090 	EXP 	Sound sound_pop2 reached end of file
164.6480 	EXP 	Triplet2: autoDraw = False
165.1478 	EXP 	Sound sound_pop3 started
165.1475 	EXP 	Triplet3: autoDraw = True
165.5081 	EXP 	Sound sound_pop3 reached end of file
166.6470 	EXP 	Triplet3: autoDraw = False
166.6470 	EXP 	Triplet1: autoDraw = False
166.6470 	EXP 	Triplet2: autoDraw = False
166.6470 	EXP 	Triplet3: autoDraw = False
166.6470 	EXP 	Mask: autoDraw = True
168.1967 	EXP 	Sound sound_pop4 started
168.1867 	EXP 	Mask: autoDraw = False
168.1867 	EXP 	Mask: autoDraw = False
168.1867 	EXP 	img1: image = 'images/OBJ_66.png'
168.1867 	EXP 	img2: image = 'images/OBJ_85.png'
168.1867 	EXP 	img3: image = 'images/OBJ_131.png'
168.1867 	EXP 	img1: autoDraw = True
168.5588 	EXP 	Sound sound_pop4 reached end of file
169.6966 	EXP 	img1: autoDraw = False
170.1797 	EXP 	Sound sound_pop5 started
170.1794 	EXP 	img2: autoDraw = True
170.5401 	EXP 	Sound sound_pop5 reached end of file
171.6789 	EXP 	img2: autoDraw = False
172.1787 	EXP 	Sound sound_pop6 started
172.1791 	EXP 	img3: autoDraw = True
172.5391 	EXP 	Sound sound_pop6 reached end of file
173.6783 	EXP 	img3: autoDraw = False
173.6783 	EXP 	img1: autoDraw = False
173.6783 	EXP 	img2: autoDraw = False
173.6783 	EXP 	img3: autoDraw = False
173.6783 	EXP 	text_2: autoDraw = True
174.6785 	EXP 	text_2: autoDraw = False
174.6785 	EXP 	text_2: autoDraw = False
174.6785 	EXP 	sameText: text = 'Same'
174.6785 	EXP 	diffText: text = 'Different'
174.6785 	EXP 	text: autoDraw = True
174.6785 	EXP 	sameText: autoDraw = True
174.6785 	EXP 	diffText: autoDraw = True
174.6785 	EXP 	leftCL: autoDraw = True
174.6785 	EXP 	rightCL: autoDraw = True
175.1613 	DATA 	Mouse: Left button down, pos=(785,209)
175.1778 	EXP 	Sound clickedSound started
175.1779 	EXP 	text: autoDraw = False
175.1779 	EXP 	sameText: autoDraw = False
175.1779 	EXP 	diffText: autoDraw = False
175.1779 	EXP 	leftCL: autoDraw = False
175.1779 	EXP 	rightCL: autoDraw = False
175.3282 	DATA 	Mouse:  Left button up, pos=(785,209)
175.6794 	EXP 	Sound clickedSound stopped
175.6797 	EXP 	New trial (rep=1, index=0): None
175.8526 	EXP 	fix: autoDraw = True
177.4103 	EXP 	Sound sound_pop started
177.4071 	EXP 	fix: autoDraw = False
177.4071 	EXP 	fix: autoDraw = False
177.4071 	EXP 	Triplet1: image = 'images/OBJ_30.png'
177.4071 	EXP 	Triplet2: image = 'images/OBJ_182.png'
177.4071 	EXP 	Triplet3: image = 'images/OBJ_47.png'
177.4071 	EXP 	Triplet1: autoDraw = True
177.7804 	EXP 	Sound sound_pop reached end of file
178.9106 	EXP 	Triplet1: autoDraw = False
179.4103 	EXP 	Sound sound_pop2 started
179.4100 	EXP 	Triplet2: autoDraw = True
179.7709 	EXP 	Sound sound_pop2 reached end of file
180.9100 	EXP 	Triplet2: autoDraw = False
181.4094 	EXP 	Sound sound_pop3 started
181.4094 	EXP 	Triplet3: autoDraw = True
181.7706 	EXP 	Sound sound_pop3 reached end of file
182.9089 	EXP 	Triplet3: autoDraw = False
182.9089 	EXP 	Triplet1: autoDraw = False
182.9089 	EXP 	Triplet2: autoDraw = False
182.9089 	EXP 	Triplet3: autoDraw = False
182.9089 	EXP 	Mask: autoDraw = True
184.4586 	EXP 	Sound sound_pop4 started
184.4507 	EXP 	Mask: autoDraw = False
184.4507 	EXP 	Mask: autoDraw = False
184.4507 	EXP 	img1: image = 'images/OBJ_30.png'
184.4507 	EXP 	img2: image = 'images/OBJ_182.png'
184.4507 	EXP 	img3: image = 'images/OBJ_47.png'
184.4507 	EXP 	img1: autoDraw = True
184.8293 	EXP 	Sound sound_pop4 reached end of file
185.9581 	EXP 	img1: autoDraw = False
186.4415 	EXP 	Sound sound_pop5 started
186.4412 	EXP 	img2: autoDraw = True
186.8020 	EXP 	Sound sound_pop5 reached end of file
187.9408 	EXP 	img2: autoDraw = False
188.4406 	EXP 	Sound sound_pop6 started
188.4407 	EXP 	img3: autoDraw = True
188.7993 	EXP 	Sound sound_pop6 reached end of file
189.9408 	EXP 	img3: autoDraw = False
189.9408 	EXP 	img1: autoDraw = False
189.9408 	EXP 	img2: autoDraw = False
189.9408 	EXP 	img3: autoDraw = False
189.9408 	EXP 	text_2: autoDraw = True
190.9399 	EXP 	text_2: autoDraw = False
190.9399 	EXP 	text_2: autoDraw = False
190.9399 	EXP 	sameText: text = 'Same'
190.9399 	EXP 	diffText: text = 'Different'
190.9399 	EXP 	text: autoDraw = True
190.9399 	EXP 	sameText: autoDraw = True
190.9399 	EXP 	diffText: autoDraw = True
190.9399 	EXP 	leftCL: autoDraw = True
190.9399 	EXP 	rightCL: autoDraw = True
191.2567 	DATA 	Mouse: Left button down, pos=(455,244)
191.2731 	EXP 	Sound clickedSound started
191.2732 	EXP 	text: autoDraw = False
191.2732 	EXP 	sameText: autoDraw = False
191.2732 	EXP 	diffText: autoDraw = False
191.2732 	EXP 	leftCL: autoDraw = False
191.2732 	EXP 	rightCL: autoDraw = False
191.4568 	DATA 	Mouse:  Left button up, pos=(455,244)
191.7706 	EXP 	Sound clickedSound stopped
191.7740 	EXP 	BlockBreak: autoDraw = True
192.5732 	EXP 	Created sequence: random, trialTypes=1, nReps=1, seed=None
192.5733 	EXP 	New trial (rep=0, index=0): None
192.6449 	DATA 	Keypress: space
192.7453 	EXP 	Created sequence: random, trialTypes=1, nReps=1, seed=None
192.7454 	EXP 	New trial (rep=0, index=0): None
192.9713 	EXP 	Sound sound_pop7 started
192.9611 	EXP 	BlockBreak: autoDraw = False
192.9611 	EXP 	text_4: autoDraw = False
192.9611 	EXP 	retIMG: image = 'images/OBJ_30.png'
192.9611 	EXP 	retIMG: autoDraw = True
193.3396 	EXP 	Sound sound_pop7 reached end of file
194.4722 	EXP 	retIMG: autoDraw = False
194.4722 	EXP 	retIMG: autoDraw = False
194.4722 	EXP 	question_text: autoDraw = True
195.4720 	EXP 	question_text: autoDraw = False
195.4720 	EXP 	question_text: autoDraw = False
195.4720 	EXP 	decisionQ_2: autoDraw = True
196.4388 	EXP 	first_left: autoDraw = True
196.4388 	EXP 	second_middle: autoDraw = True
196.4388 	EXP 	third_right: autoDraw = True
196.4388 	EXP 	First: autoDraw = True
196.4388 	EXP 	Second: autoDraw = True
196.4388 	EXP 	Third: autoDraw = True
196.9217 	DATA 	Mouse: Left button down, pos=(619,556)
196.9381 	EXP 	Sound clickedSound started
196.9382 	EXP 	decisionQ_2: autoDraw = False
196.9382 	EXP 	first_left: autoDraw = False
196.9382 	EXP 	second_middle: autoDraw = False
196.9382 	EXP 	third_right: autoDraw = False
196.9382 	EXP 	First: autoDraw = False
196.9382 	EXP 	Second: autoDraw = False
196.9382 	EXP 	Third: autoDraw = False
197.1385 	DATA 	Mouse:  Left button up, pos=(619,556)
197.4401 	EXP 	Sound clickedSound stopped
197.4533 	EXP 	end: autoDraw = True
202.4532 	EXP 	end: autoDraw = False
203.1332 	EXP 	window1: mouseVisible = True
203.1333 	EXP 	window1: mouseVisible = True
203.1333 	EXP 	window1: mouseVisible = True
203.1334 	EXP 	window1: mouseVisible = True
203.1334 	EXP 	window1: mouseVisible = True
203.1334 	EXP 	window1: mouseVisible = True
203.1335 	EXP 	window1: mouseVisible = True
203.1335 	EXP 	window1: mouseVisible = True
203.1335 	EXP 	window1: mouseVisible = True
203.1335 	EXP 	window1: mouseVisible = True
203.1336 	EXP 	window1: mouseVisible = True
203.1336 	EXP 	window1: mouseVisible = True
203.1336 	EXP 	window1: mouseVisible = True
203.1337 	EXP 	window1: mouseVisible = True
203.1337 	EXP 	window1: mouseVisible = True
203.1337 	EXP 	window1: mouseVisible = True
203.1338 	EXP 	window1: mouseVisible = True
203.1338 	EXP 	window1: mouseVisible = True
203.1338 	EXP 	window1: mouseVisible = True
203.1338 	EXP 	window1: mouseVisible = True
203.1339 	EXP 	window1: mouseVisible = True
203.1339 	EXP 	window1: mouseVisible = True
203.1339 	EXP 	window1: mouseVisible = True
203.1340 	EXP 	window1: mouseVisible = True
203.1340 	EXP 	window1: mouseVisible = True
203.1340 	EXP 	window1: mouseVisible = True
203.1340 	EXP 	window1: mouseVisible = True
203.1341 	EXP 	window1: mouseVisible = True
203.1341 	EXP 	window1: mouseVisible = True
203.1341 	EXP 	window1: mouseVisible = True
203.1342 	EXP 	window1: mouseVisible = True
203.1342 	EXP 	window1: mouseVisible = True
203.1342 	EXP 	window1: mouseVisible = True
203.1342 	EXP 	window1: mouseVisible = True
203.1343 	EXP 	window1: mouseVisible = True
203.1343 	EXP 	window1: mouseVisible = True
203.1343 	EXP 	window1: mouseVisible = True
203.1344 	EXP 	window1: mouseVisible = True
203.1344 	EXP 	window1: mouseVisible = True
203.1344 	EXP 	window1: mouseVisible = True
203.1344 	EXP 	window1: mouseVisible = True
203.1345 	EXP 	window1: mouseVisible = True
203.1345 	EXP 	window1: mouseVisible = True
203.1345 	EXP 	window1: mouseVisible = True
203.1346 	EXP 	window1: mouseVisible = True
203.1346 	EXP 	window1: mouseVisible = True
203.1346 	EXP 	window1: mouseVisible = True
203.1346 	EXP 	window1: mouseVisible = True
203.1347 	EXP 	window1: mouseVisible = True
203.1347 	EXP 	window1: mouseVisible = True
203.1347 	EXP 	window1: mouseVisible = True
203.1348 	EXP 	window1: mouseVisible = True
203.1348 	EXP 	window1: mouseVisible = True
203.1348 	EXP 	window1: mouseVisible = True
203.1348 	EXP 	window1: mouseVisible = True
203.1349 	EXP 	window1: mouseVisible = True
203.1349 	EXP 	window1: mouseVisible = True
203.1349 	EXP 	window1: mouseVisible = True
203.1350 	EXP 	window1: mouseVisible = True
203.1350 	EXP 	window1: mouseVisible = True
203.1350 	EXP 	window1: mouseVisible = True
203.1350 	EXP 	window1: mouseVisible = True
203.1351 	EXP 	window1: mouseVisible = True
203.1351 	EXP 	window1: mouseVisible = True
203.1351 	EXP 	window1: mouseVisible = True
203.1352 	EXP 	window1: mouseVisible = True
203.1352 	EXP 	window1: mouseVisible = True
203.1352 	EXP 	window1: mouseVisible = True
203.1352 	EXP 	window1: mouseVisible = True
203.1353 	EXP 	window1: mouseVisible = True
203.1353 	EXP 	window1: mouseVisible = True
203.1353 	EXP 	window1: mouseVisible = True
203.1354 	EXP 	window1: mouseVisible = True
203.1354 	EXP 	window1: mouseVisible = True
203.1354 	EXP 	window1: mouseVisible = True
203.1354 	EXP 	window1: mouseVisible = True
203.1355 	EXP 	window1: mouseVisible = True
203.1355 	EXP 	window1: mouseVisible = True
203.1355 	EXP 	window1: mouseVisible = True
203.1356 	EXP 	window1: mouseVisible = True
203.1356 	EXP 	window1: mouseVisible = True
203.1356 	EXP 	window1: mouseVisible = True
203.1356 	EXP 	window1: mouseVisible = True
203.1357 	EXP 	window1: mouseVisible = True
203.1357 	EXP 	window1: mouseVisible = True
203.1357 	EXP 	window1: mouseVisible = True
203.1358 	EXP 	window1: mouseVisible = True
203.1358 	EXP 	window1: mouseVisible = True
203.1358 	EXP 	window1: mouseVisible = True
203.1358 	EXP 	window1: mouseVisible = True
203.1359 	EXP 	window1: mouseVisible = True
203.1359 	EXP 	window1: mouseVisible = True
203.1359 	EXP 	window1: mouseVisible = True
203.1360 	EXP 	window1: mouseVisible = True
203.1360 	EXP 	window1: mouseVisible = True
203.1360 	EXP 	window1: mouseVisible = True
203.1360 	EXP 	window1: mouseVisible = True
203.1361 	EXP 	window1: mouseVisible = True
203.1361 	EXP 	window1: mouseVisible = True
203.1361 	EXP 	window1: mouseVisible = True
203.1362 	EXP 	window1: mouseVisible = True
203.1362 	EXP 	window1: mouseVisible = True
203.1362 	EXP 	window1: mouseVisible = True
203.1362 	EXP 	window1: mouseVisible = True
203.1363 	EXP 	window1: mouseVisible = True
203.1363 	EXP 	window1: mouseVisible = True
203.1363 	EXP 	window1: mouseVisible = True
203.1364 	EXP 	window1: mouseVisible = True
203.1364 	EXP 	window1: mouseVisible = True
203.1364 	EXP 	window1: mouseVisible = True
203.1364 	EXP 	window1: mouseVisible = True
203.1365 	EXP 	window1: mouseVisible = True
203.1365 	EXP 	window1: mouseVisible = True
203.1365 	EXP 	window1: mouseVisible = True
203.1366 	EXP 	window1: mouseVisible = True
203.1366 	EXP 	window1: mouseVisible = True
203.1366 	EXP 	window1: mouseVisible = True
203.1366 	EXP 	window1: mouseVisible = True
203.1367 	EXP 	window1: mouseVisible = True
203.1367 	EXP 	window1: mouseVisible = True
203.1367 	EXP 	window1: mouseVisible = True
203.1368 	EXP 	window1: mouseVisible = True
203.1368 	EXP 	window1: mouseVisible = True
203.1368 	EXP 	window1: mouseVisible = True
203.1368 	EXP 	window1: mouseVisible = True
203.1369 	EXP 	window1: mouseVisible = True
203.1369 	EXP 	window1: mouseVisible = True
203.1369 	EXP 	window1: mouseVisible = True
203.1370 	EXP 	window1: mouseVisible = True
203.1370 	EXP 	window1: mouseVisible = True
203.1370 	EXP 	window1: mouseVisible = True
203.1371 	EXP 	window1: mouseVisible = True
203.1371 	EXP 	window1: mouseVisible = True
203.1371 	EXP 	window1: mouseVisible = True
203.1371 	EXP 	window1: mouseVisible = True
203.1372 	EXP 	window1: mouseVisible = True
203.1372 	EXP 	window1: mouseVisible = True
203.1372 	EXP 	window1: mouseVisible = True
203.1373 	EXP 	window1: mouseVisible = True
203.1373 	EXP 	window1: mouseVisible = True
203.1374 	EXP 	window1: mouseVisible = True
203.1374 	EXP 	window1: mouseVisible = True
203.1374 	EXP 	window1: mouseVisible = True
203.1374 	EXP 	window1: mouseVisible = True
203.1375 	EXP 	window1: mouseVisible = True
203.1375 	EXP 	window1: mouseVisible = True
203.1375 	EXP 	window1: mouseVisible = True
203.1376 	EXP 	window1: mouseVisible = True
203.1376 	EXP 	window1: mouseVisible = True
203.1376 	EXP 	window1: mouseVisible = True
203.1376 	EXP 	window1: mouseVisible = True
203.1377 	EXP 	window1: mouseVisible = True
203.1377 	EXP 	window1: mouseVisible = True
203.1377 	EXP 	window1: mouseVisible = True
203.1378 	EXP 	window1: mouseVisible = True
203.1378 	EXP 	window1: mouseVisible = True
203.1378 	EXP 	window1: mouseVisible = True
203.1378 	EXP 	window1: mouseVisible = True
203.1379 	EXP 	window1: mouseVisible = True
203.1379 	EXP 	window1: mouseVisible = True
203.1379 	EXP 	window1: mouseVisible = True
203.1380 	EXP 	window1: mouseVisible = True
203.1380 	EXP 	window1: mouseVisible = True
203.1380 	EXP 	window1: mouseVisible = True
203.1380 	EXP 	window1: mouseVisible = True
203.1381 	EXP 	window1: mouseVisible = True
203.1381 	EXP 	window1: mouseVisible = True
203.1381 	EXP 	window1: mouseVisible = True
203.1382 	EXP 	window1: mouseVisible = True
203.1382 	EXP 	window1: mouseVisible = True
203.1382 	EXP 	window1: mouseVisible = True
203.1382 	EXP 	window1: mouseVisible = True
203.1383 	EXP 	window1: mouseVisible = True
203.1383 	EXP 	window1: mouseVisible = True
203.1383 	EXP 	window1: mouseVisible = True
203.1384 	EXP 	window1: mouseVisible = True
203.1384 	EXP 	window1: mouseVisible = True
203.1384 	EXP 	window1: mouseVisible = True
203.1384 	EXP 	window1: mouseVisible = True
203.1385 	EXP 	window1: mouseVisible = True
203.1385 	EXP 	window1: mouseVisible = True
203.1385 	EXP 	window1: mouseVisible = True
203.1386 	EXP 	window1: mouseVisible = True
203.1386 	EXP 	window1: mouseVisible = True
203.1386 	EXP 	window1: mouseVisible = True
203.1386 	EXP 	window1: mouseVisible = True
203.1387 	EXP 	window1: mouseVisible = True
203.1387 	EXP 	window1: mouseVisible = True
203.1387 	EXP 	window1: mouseVisible = True
203.1388 	EXP 	window1: mouseVisible = True
203.1388 	EXP 	window1: mouseVisible = True
203.1388 	EXP 	window1: mouseVisible = True
203.1388 	EXP 	window1: mouseVisible = True
203.1389 	EXP 	window1: mouseVisible = True
203.1389 	EXP 	window1: mouseVisible = True
203.1389 	EXP 	window1: mouseVisible = True
203.1390 	EXP 	window1: mouseVisible = True
203.1390 	EXP 	window1: mouseVisible = True
203.1390 	EXP 	window1: mouseVisible = True
203.1390 	EXP 	window1: mouseVisible = True
203.1391 	EXP 	window1: mouseVisible = True
203.1391 	EXP 	window1: mouseVisible = True
203.1391 	EXP 	window1: mouseVisible = True
203.1392 	EXP 	window1: mouseVisible = True
203.1392 	EXP 	window1: mouseVisible = True
203.1392 	EXP 	window1: mouseVisible = True
203.1392 	EXP 	window1: mouseVisible = True
203.1393 	EXP 	window1: mouseVisible = True
203.1393 	EXP 	window1: mouseVisible = True
203.1393 	EXP 	window1: mouseVisible = True
203.1394 	EXP 	window1: mouseVisible = True
203.1394 	EXP 	window1: mouseVisible = True
203.1394 	EXP 	window1: mouseVisible = True
203.1394 	EXP 	window1: mouseVisible = True
203.1395 	EXP 	window1: mouseVisible = True
203.1395 	EXP 	window1: mouseVisible = True
203.1395 	EXP 	window1: mouseVisible = True
203.1396 	EXP 	window1: mouseVisible = True
203.1396 	EXP 	window1: mouseVisible = True
203.1396 	EXP 	window1: mouseVisible = True
203.1396 	EXP 	window1: mouseVisible = True
203.1397 	EXP 	window1: mouseVisible = True
203.1397 	EXP 	window1: mouseVisible = True
203.1397 	EXP 	window1: mouseVisible = True
203.1398 	EXP 	window1: mouseVisible = True
203.1398 	EXP 	window1: mouseVisible = True
203.1398 	EXP 	window1: mouseVisible = True
203.1398 	EXP 	window1: mouseVisible = True
203.1399 	EXP 	window1: mouseVisible = True
203.1399 	EXP 	window1: mouseVisible = True
203.1399 	EXP 	window1: mouseVisible = True
203.1400 	EXP 	window1: mouseVisible = True
203.1400 	EXP 	window1: mouseVisible = True
203.1400 	EXP 	window1: mouseVisible = True
203.1400 	EXP 	window1: mouseVisible = True
203.1401 	EXP 	window1: mouseVisible = True
203.1401 	EXP 	window1: mouseVisible = True
203.1401 	EXP 	window1: mouseVisible = True
203.1402 	EXP 	window1: mouseVisible = True
203.1402 	EXP 	window1: mouseVisible = True
203.1402 	EXP 	window1: mouseVisible = True
203.1402 	EXP 	window1: mouseVisible = True
203.1403 	EXP 	window1: mouseVisible = True
203.1403 	EXP 	window1: mouseVisible = True
203.1403 	EXP 	window1: mouseVisible = True
203.1404 	EXP 	window1: mouseVisible = True
203.1404 	EXP 	window1: mouseVisible = True
203.1404 	EXP 	window1: mouseVisible = True
203.1404 	EXP 	window1: mouseVisible = True
203.1405 	EXP 	window1: mouseVisible = True
203.1405 	EXP 	window1: mouseVisible = True
203.1405 	EXP 	window1: mouseVisible = True
203.1406 	EXP 	window1: mouseVisible = True
203.1406 	EXP 	window1: mouseVisible = True
203.1406 	EXP 	window1: mouseVisible = True
203.1406 	EXP 	window1: mouseVisible = True
203.1407 	EXP 	window1: mouseVisible = True
203.1407 	EXP 	window1: mouseVisible = True
203.1407 	EXP 	window1: mouseVisible = True
203.1408 	EXP 	window1: mouseVisible = True
203.1408 	EXP 	window1: mouseVisible = True
203.1408 	EXP 	window1: mouseVisible = True
203.1408 	EXP 	window1: mouseVisible = True
203.1409 	EXP 	window1: mouseVisible = True
203.1409 	EXP 	window1: mouseVisible = True
203.1409 	EXP 	window1: mouseVisible = True
203.1410 	EXP 	window1: mouseVisible = True
203.1410 	EXP 	window1: mouseVisible = True
203.1410 	EXP 	window1: mouseVisible = True
203.1411 	EXP 	window1: mouseVisible = True
203.1411 	EXP 	window1: mouseVisible = True
203.1411 	EXP 	window1: mouseVisible = True
203.1411 	EXP 	window1: mouseVisible = True
203.1412 	EXP 	window1: mouseVisible = True
203.1412 	EXP 	window1: mouseVisible = True
203.1412 	EXP 	window1: mouseVisible = True
203.1413 	EXP 	window1: mouseVisible = True
203.1413 	EXP 	window1: mouseVisible = True
203.1413 	EXP 	window1: mouseVisible = True
203.1413 	EXP 	window1: mouseVisible = True
203.1414 	EXP 	window1: mouseVisible = True
203.1414 	EXP 	window1: mouseVisible = True
203.1414 	EXP 	window1: mouseVisible = True
203.1415 	EXP 	window1: mouseVisible = True
203.1415 	EXP 	window1: mouseVisible = True
203.1415 	EXP 	window1: mouseVisible = True
203.1415 	EXP 	window1: mouseVisible = True
203.1416 	EXP 	window1: mouseVisible = True
203.1416 	EXP 	window1: mouseVisible = True
203.1416 	EXP 	window1: mouseVisible = True
203.1417 	EXP 	window1: mouseVisible = True
203.1417 	EXP 	window1: mouseVisible = True
203.1417 	EXP 	window1: mouseVisible = True
203.1418 	EXP 	window1: mouseVisible = True
203.1418 	EXP 	window1: mouseVisible = True
203.1418 	EXP 	window1: mouseVisible = True
203.1419 	EXP 	window1: mouseVisible = True
203.1419 	EXP 	window1: mouseVisible = True
203.1419 	EXP 	window1: mouseVisible = True
203.1420 	EXP 	window1: mouseVisible = True
203.1420 	EXP 	window1: mouseVisible = True
203.1420 	EXP 	window1: mouseVisible = True
203.1420 	EXP 	window1: mouseVisible = True
203.1421 	EXP 	window1: mouseVisible = True
203.1421 	EXP 	window1: mouseVisible = True
203.1421 	EXP 	window1: mouseVisible = True
203.1422 	EXP 	window1: mouseVisible = True
203.1422 	EXP 	window1: mouseVisible = True
203.1422 	EXP 	window1: mouseVisible = True
203.1423 	EXP 	window1: mouseVisible = True
203.1423 	EXP 	window1: mouseVisible = True
203.1423 	EXP 	window1: mouseVisible = True
203.1424 	EXP 	window1: mouseVisible = True
203.1424 	EXP 	window1: mouseVisible = True
203.1424 	EXP 	window1: mouseVisible = True
203.1424 	EXP 	window1: mouseVisible = True
203.1425 	EXP 	window1: mouseVisible = True
203.1425 	EXP 	window1: mouseVisible = True
203.1425 	EXP 	window1: mouseVisible = True
203.1426 	EXP 	window1: mouseVisible = True
203.1426 	EXP 	window1: mouseVisible = True
203.1426 	EXP 	window1: mouseVisible = True
203.1426 	EXP 	window1: mouseVisible = True
203.1427 	EXP 	window1: mouseVisible = True
203.1427 	EXP 	window1: mouseVisible = True
203.1427 	EXP 	window1: mouseVisible = True
203.1428 	EXP 	window1: mouseVisible = True
203.1428 	EXP 	window1: mouseVisible = True
203.1428 	EXP 	window1: mouseVisible = True
203.1428 	EXP 	window1: mouseVisible = True
203.1429 	EXP 	window1: mouseVisible = True
203.1429 	EXP 	window1: mouseVisible = True
203.1429 	EXP 	window1: mouseVisible = True
203.1430 	EXP 	window1: mouseVisible = True
203.1430 	EXP 	window1: mouseVisible = True
203.1430 	EXP 	window1: mouseVisible = True
203.1430 	EXP 	window1: mouseVisible = True
203.1431 	EXP 	window1: mouseVisible = True
203.1431 	EXP 	window1: mouseVisible = True
203.1431 	EXP 	window1: mouseVisible = True
203.1432 	EXP 	window1: mouseVisible = True
203.1432 	EXP 	window1: mouseVisible = True
203.1432 	EXP 	window1: mouseVisible = True
203.1432 	EXP 	window1: mouseVisible = True
203.1433 	EXP 	window1: mouseVisible = True
203.1433 	EXP 	window1: mouseVisible = True
203.1433 	EXP 	window1: mouseVisible = True
203.1434 	EXP 	window1: mouseVisible = True
203.1434 	EXP 	window1: mouseVisible = True
203.1434 	EXP 	window1: mouseVisible = True
203.1435 	EXP 	window1: mouseVisible = True
203.1435 	EXP 	window1: mouseVisible = True
203.1435 	EXP 	window1: mouseVisible = True
203.1435 	EXP 	window1: mouseVisible = True
203.1436 	EXP 	window1: mouseVisible = True
203.1436 	EXP 	window1: mouseVisible = True
203.1436 	EXP 	window1: mouseVisible = True
203.1437 	EXP 	window1: mouseVisible = True
203.1437 	EXP 	window1: mouseVisible = True
203.1437 	EXP 	window1: mouseVisible = True
203.1437 	EXP 	window1: mouseVisible = True
203.1438 	EXP 	window1: mouseVisible = True
203.1438 	EXP 	window1: mouseVisible = True
203.1438 	EXP 	window1: mouseVisible = True
203.1439 	EXP 	window1: mouseVisible = True
203.1439 	EXP 	window1: mouseVisible = True
203.1440 	EXP 	window1: mouseVisible = True
203.1440 	EXP 	window1: mouseVisible = True
203.1440 	EXP 	window1: mouseVisible = True
203.1440 	EXP 	window1: mouseVisible = True
203.1441 	EXP 	window1: mouseVisible = True
203.1441 	EXP 	window1: mouseVisible = True
203.1441 	EXP 	window1: mouseVisible = True
203.1442 	EXP 	window1: mouseVisible = True
203.1442 	EXP 	window1: mouseVisible = True
203.1442 	EXP 	window1: mouseVisible = True
203.1443 	EXP 	window1: mouseVisible = True
203.1443 	EXP 	window1: mouseVisible = True
203.1443 	EXP 	window1: mouseVisible = True
203.1443 	EXP 	window1: mouseVisible = True
203.1444 	EXP 	window1: mouseVisible = True
203.1444 	EXP 	window1: mouseVisible = True
203.1444 	EXP 	window1: mouseVisible = True
203.1445 	EXP 	window1: mouseVisible = True
203.1445 	EXP 	window1: mouseVisible = True
203.1445 	EXP 	window1: mouseVisible = True
203.1445 	EXP 	window1: mouseVisible = True
203.1446 	EXP 	window1: mouseVisible = True
203.1446 	EXP 	window1: mouseVisible = True
203.1446 	EXP 	window1: mouseVisible = True
203.1447 	EXP 	window1: mouseVisible = True
203.1447 	EXP 	window1: mouseVisible = True
203.1447 	EXP 	window1: mouseVisible = True
203.1448 	EXP 	window1: mouseVisible = True
203.1448 	EXP 	window1: mouseVisible = True
203.1448 	EXP 	window1: mouseVisible = True
203.1448 	EXP 	window1: mouseVisible = True
203.1449 	EXP 	window1: mouseVisible = True
203.1449 	EXP 	window1: mouseVisible = True
203.1449 	EXP 	window1: mouseVisible = True
203.1450 	EXP 	window1: mouseVisible = True
203.1450 	EXP 	window1: mouseVisible = True
203.1450 	EXP 	window1: mouseVisible = True
203.1451 	EXP 	window1: mouseVisible = True
203.1451 	EXP 	window1: mouseVisible = True
203.1451 	EXP 	window1: mouseVisible = True
203.1451 	EXP 	window1: mouseVisible = True
203.1452 	EXP 	window1: mouseVisible = True
203.1452 	EXP 	window1: mouseVisible = True
203.1452 	EXP 	window1: mouseVisible = True
203.1453 	EXP 	window1: mouseVisible = True
203.1453 	EXP 	window1: mouseVisible = True
203.1453 	EXP 	window1: mouseVisible = True
203.1453 	EXP 	window1: mouseVisible = True
203.1454 	EXP 	window1: mouseVisible = True
203.1454 	EXP 	window1: mouseVisible = True
203.1454 	EXP 	window1: mouseVisible = True
203.1455 	EXP 	window1: mouseVisible = True
203.1455 	EXP 	window1: mouseVisible = True
203.1455 	EXP 	window1: mouseVisible = True
203.1456 	EXP 	window1: mouseVisible = True
203.1456 	EXP 	window1: mouseVisible = True
203.1456 	EXP 	window1: mouseVisible = True
203.1456 	EXP 	window1: mouseVisible = True
203.1457 	EXP 	window1: mouseVisible = True
203.1457 	EXP 	window1: mouseVisible = True
203.1457 	EXP 	window1: mouseVisible = True
203.1458 	EXP 	window1: mouseVisible = True
203.1458 	EXP 	window1: mouseVisible = True
203.1458 	EXP 	window1: mouseVisible = True
203.1459 	EXP 	window1: mouseVisible = True
203.1459 	EXP 	window1: mouseVisible = True
203.1459 	EXP 	window1: mouseVisible = True
203.1459 	EXP 	window1: mouseVisible = True
203.1460 	EXP 	window1: mouseVisible = True
203.1460 	EXP 	window1: mouseVisible = True
203.1460 	EXP 	window1: mouseVisible = True
203.1461 	EXP 	window1: mouseVisible = True
203.1461 	EXP 	window1: mouseVisible = True
203.1461 	EXP 	window1: mouseVisible = True
203.1461 	EXP 	window1: mouseVisible = True
203.1462 	EXP 	window1: mouseVisible = True
203.1462 	EXP 	window1: mouseVisible = True
203.1462 	EXP 	window1: mouseVisible = True
203.1463 	EXP 	window1: mouseVisible = True
203.1463 	EXP 	window1: mouseVisible = True
203.1463 	EXP 	window1: mouseVisible = True
203.1464 	EXP 	window1: mouseVisible = True
203.1464 	EXP 	window1: mouseVisible = True
203.1464 	EXP 	window1: mouseVisible = True
203.1464 	EXP 	window1: mouseVisible = True
203.1465 	EXP 	window1: mouseVisible = True
203.1465 	EXP 	window1: mouseVisible = True
203.1466 	EXP 	window1: mouseVisible = True
203.1466 	EXP 	window1: mouseVisible = True
203.1466 	EXP 	window1: mouseVisible = True
203.1467 	EXP 	window1: mouseVisible = True
203.1467 	EXP 	window1: mouseVisible = True
203.1467 	EXP 	window1: mouseVisible = True
203.1467 	EXP 	window1: mouseVisible = True
203.1468 	EXP 	window1: mouseVisible = True
203.1468 	EXP 	window1: mouseVisible = True
203.1468 	EXP 	window1: mouseVisible = True
203.1469 	EXP 	window1: mouseVisible = True
203.1469 	EXP 	window1: mouseVisible = True
203.1469 	EXP 	window1: mouseVisible = True
203.1469 	EXP 	window1: mouseVisible = True
203.1470 	EXP 	window1: mouseVisible = True
203.1470 	EXP 	window1: mouseVisible = True
203.1470 	EXP 	window1: mouseVisible = True
203.1471 	EXP 	window1: mouseVisible = True
203.1471 	EXP 	window1: mouseVisible = True
203.1472 	EXP 	window1: mouseVisible = True
203.1472 	EXP 	window1: mouseVisible = True
203.1472 	EXP 	window1: mouseVisible = True
203.1473 	EXP 	window1: mouseVisible = True
203.1473 	EXP 	window1: mouseVisible = True
203.1473 	EXP 	window1: mouseVisible = True
203.1474 	EXP 	window1: mouseVisible = True
203.1474 	EXP 	window1: mouseVisible = True
203.1474 	EXP 	window1: mouseVisible = True
203.1475 	EXP 	window1: mouseVisible = True
203.1475 	EXP 	window1: mouseVisible = True
203.1475 	EXP 	window1: mouseVisible = True
203.1476 	EXP 	window1: mouseVisible = True
203.1476 	EXP 	window1: mouseVisible = True
203.1476 	EXP 	window1: mouseVisible = True
203.1476 	EXP 	window1: mouseVisible = True
203.1477 	EXP 	window1: mouseVisible = True
203.1477 	EXP 	window1: mouseVisible = True
203.1477 	EXP 	window1: mouseVisible = True
203.1478 	EXP 	window1: mouseVisible = True
203.1478 	EXP 	window1: mouseVisible = True
203.1478 	EXP 	window1: mouseVisible = True
203.1479 	EXP 	window1: mouseVisible = True
203.1479 	EXP 	window1: mouseVisible = True
203.1479 	EXP 	window1: mouseVisible = True
203.1479 	EXP 	window1: mouseVisible = True
203.1480 	EXP 	window1: mouseVisible = True
203.1480 	EXP 	window1: mouseVisible = True
203.1480 	EXP 	window1: mouseVisible = True
203.1481 	EXP 	window1: mouseVisible = True
203.1481 	EXP 	window1: mouseVisible = True
203.1481 	EXP 	window1: mouseVisible = True
203.1481 	EXP 	window1: mouseVisible = True
203.1482 	EXP 	window1: mouseVisible = True
203.1482 	EXP 	window1: mouseVisible = True
203.1482 	EXP 	window1: mouseVisible = True
203.1483 	EXP 	window1: mouseVisible = True
203.1483 	EXP 	window1: mouseVisible = True
203.1483 	EXP 	window1: mouseVisible = True
203.1483 	EXP 	window1: mouseVisible = True
203.1484 	EXP 	window1: mouseVisible = True
203.1484 	EXP 	window1: mouseVisible = True
203.1484 	EXP 	window1: mouseVisible = True
203.1485 	EXP 	window1: mouseVisible = True
203.1485 	EXP 	window1: mouseVisible = True
203.1485 	EXP 	window1: mouseVisible = True
203.1485 	EXP 	window1: mouseVisible = True
203.1486 	EXP 	window1: mouseVisible = True
203.1486 	EXP 	window1: mouseVisible = True
203.1486 	EXP 	window1: mouseVisible = True
203.1487 	EXP 	window1: mouseVisible = True
203.1487 	EXP 	window1: mouseVisible = True
203.1487 	EXP 	window1: mouseVisible = True
203.1487 	EXP 	window1: mouseVisible = True
203.1488 	EXP 	window1: mouseVisible = True
203.1488 	EXP 	window1: mouseVisible = True
203.1488 	EXP 	window1: mouseVisible = True
203.1488 	EXP 	window1: mouseVisible = True
203.1489 	EXP 	window1: mouseVisible = True
203.1489 	EXP 	window1: mouseVisible = True
203.1489 	EXP 	window1: mouseVisible = True
203.1490 	EXP 	window1: mouseVisible = True
203.1490 	EXP 	window1: mouseVisible = True
203.1490 	EXP 	window1: mouseVisible = True
203.1491 	EXP 	window1: mouseVisible = True
203.1491 	EXP 	window1: mouseVisible = True
203.1491 	EXP 	window1: mouseVisible = True
203.1491 	EXP 	window1: mouseVisible = True
203.1492 	EXP 	window1: mouseVisible = True
203.1492 	EXP 	window1: mouseVisible = True
203.1492 	EXP 	window1: mouseVisible = True
203.1493 	EXP 	window1: mouseVisible = True
203.1493 	EXP 	window1: mouseVisible = True
203.1493 	EXP 	window1: mouseVisible = True
203.1493 	EXP 	window1: mouseVisible = True
203.1494 	EXP 	window1: mouseVisible = True
203.1494 	EXP 	window1: mouseVisible = True
203.1494 	EXP 	window1: mouseVisible = True
203.1495 	EXP 	window1: mouseVisible = True
203.1495 	EXP 	window1: mouseVisible = True
203.1495 	EXP 	window1: mouseVisible = True
203.1495 	EXP 	window1: mouseVisible = True
203.1496 	EXP 	window1: mouseVisible = True
203.1496 	EXP 	window1: mouseVisible = True
203.1496 	EXP 	window1: mouseVisible = True
203.1496 	EXP 	window1: mouseVisible = True
203.1497 	EXP 	window1: mouseVisible = True
203.1497 	EXP 	window1: mouseVisible = True
203.1497 	EXP 	window1: mouseVisible = True
203.1498 	EXP 	window1: mouseVisible = True
203.1498 	EXP 	window1: mouseVisible = True
203.1498 	EXP 	window1: mouseVisible = True
203.1498 	EXP 	window1: mouseVisible = True
203.1499 	EXP 	window1: mouseVisible = True
203.1499 	EXP 	window1: mouseVisible = True
203.1499 	EXP 	window1: mouseVisible = True
203.1500 	EXP 	window1: mouseVisible = True
203.1500 	EXP 	window1: mouseVisible = True
203.1500 	EXP 	window1: mouseVisible = True
203.1501 	EXP 	window1: mouseVisible = True
203.1501 	EXP 	window1: mouseVisible = True
203.1501 	EXP 	window1: mouseVisible = True
203.1501 	EXP 	window1: mouseVisible = True
203.1502 	EXP 	window1: mouseVisible = True
203.1502 	EXP 	window1: mouseVisible = True
203.1502 	EXP 	window1: mouseVisible = True
203.1503 	EXP 	window1: mouseVisible = True
203.1503 	EXP 	window1: mouseVisible = True
203.1503 	EXP 	window1: mouseVisible = True
203.1503 	EXP 	window1: mouseVisible = True
203.1504 	EXP 	window1: mouseVisible = True
203.1504 	EXP 	window1: mouseVisible = True
203.1504 	EXP 	window1: mouseVisible = True
203.1505 	EXP 	window1: mouseVisible = True
203.1505 	EXP 	window1: mouseVisible = True
203.1505 	EXP 	window1: mouseVisible = True
203.1505 	EXP 	window1: mouseVisible = True
203.1506 	EXP 	window1: mouseVisible = True
203.1506 	EXP 	window1: mouseVisible = True
203.1506 	EXP 	window1: mouseVisible = True
203.1507 	EXP 	window1: mouseVisible = True
203.1507 	EXP 	window1: mouseVisible = True
203.1507 	EXP 	window1: mouseVisible = True
203.1507 	EXP 	window1: mouseVisible = True
203.1508 	EXP 	window1: mouseVisible = True
203.1508 	EXP 	window1: mouseVisible = True
203.1508 	EXP 	window1: mouseVisible = True
203.1509 	EXP 	window1: mouseVisible = True
203.1509 	EXP 	window1: mouseVisible = True
203.1509 	EXP 	window1: mouseVisible = True
203.1509 	EXP 	window1: mouseVisible = True
203.1510 	EXP 	window1: mouseVisible = True
203.1510 	EXP 	window1: mouseVisible = True
203.1510 	EXP 	window1: mouseVisible = True
203.1511 	EXP 	window1: mouseVisible = True
203.1511 	EXP 	window1: mouseVisible = True
203.1515 	EXP 	window1: mouseVisible = True
203.1515 	EXP 	window1: mouseVisible = True
203.1515 	EXP 	window1: mouseVisible = True
203.1516 	EXP 	window1: mouseVisible = True
203.1516 	EXP 	window1: mouseVisible = True
203.1516 	EXP 	window1: mouseVisible = True
203.1517 	EXP 	window1: mouseVisible = True
203.1517 	EXP 	window1: mouseVisible = True
203.1517 	EXP 	window1: mouseVisible = True
203.1518 	EXP 	window1: mouseVisible = True
203.1518 	EXP 	window1: mouseVisible = True
203.1518 	EXP 	window1: mouseVisible = True
203.1518 	EXP 	window1: mouseVisible = True
203.1519 	EXP 	window1: mouseVisible = True
203.1519 	EXP 	window1: mouseVisible = True
203.1520 	EXP 	window1: mouseVisible = True
203.1520 	EXP 	window1: mouseVisible = True
203.1520 	EXP 	window1: mouseVisible = True
203.1521 	EXP 	window1: mouseVisible = True
203.1521 	EXP 	window1: mouseVisible = True
203.1521 	EXP 	window1: mouseVisible = True
203.1521 	EXP 	window1: mouseVisible = True
203.1522 	EXP 	window1: mouseVisible = True
203.1522 	EXP 	window1: mouseVisible = True
203.1522 	EXP 	window1: mouseVisible = True
203.1523 	EXP 	window1: mouseVisible = True
203.1523 	EXP 	window1: mouseVisible = True
203.1523 	EXP 	window1: mouseVisible = True
203.1524 	EXP 	window1: mouseVisible = True
203.1524 	EXP 	window1: mouseVisible = True
203.1524 	EXP 	window1: mouseVisible = True
203.1524 	EXP 	window1: mouseVisible = True
203.1525 	EXP 	window1: mouseVisible = True
203.1525 	EXP 	window1: mouseVisible = True
203.1525 	EXP 	window1: mouseVisible = True
203.1526 	EXP 	window1: mouseVisible = True
203.1526 	EXP 	window1: mouseVisible = True
203.1526 	EXP 	window1: mouseVisible = True
203.1526 	EXP 	window1: mouseVisible = True
203.1527 	EXP 	window1: mouseVisible = True
203.1527 	EXP 	window1: mouseVisible = True
203.1527 	EXP 	window1: mouseVisible = True
203.1528 	EXP 	window1: mouseVisible = True
203.1528 	EXP 	window1: mouseVisible = True
203.1528 	EXP 	window1: mouseVisible = True
203.1529 	EXP 	window1: mouseVisible = True
203.1529 	EXP 	window1: mouseVisible = True
203.1529 	EXP 	window1: mouseVisible = True
203.1529 	EXP 	window1: mouseVisible = True
203.1530 	EXP 	window1: mouseVisible = True
203.1530 	EXP 	window1: mouseVisible = True
203.1530 	EXP 	window1: mouseVisible = True
203.1531 	EXP 	window1: mouseVisible = True
203.1531 	EXP 	window1: mouseVisible = True
203.1531 	EXP 	window1: mouseVisible = True
203.1531 	EXP 	window1: mouseVisible = True
203.1532 	EXP 	window1: mouseVisible = True
203.1532 	EXP 	window1: mouseVisible = True
203.1532 	EXP 	window1: mouseVisible = True
203.1533 	EXP 	window1: mouseVisible = True
203.1533 	EXP 	window1: mouseVisible = True
203.1533 	EXP 	window1: mouseVisible = True
203.1533 	EXP 	window1: mouseVisible = True
203.1534 	EXP 	window1: mouseVisible = True
203.1534 	EXP 	window1: mouseVisible = True
203.1534 	EXP 	window1: mouseVisible = True
203.1535 	EXP 	window1: mouseVisible = True
203.1535 	EXP 	window1: mouseVisible = True
203.1535 	EXP 	window1: mouseVisible = True
203.1536 	EXP 	window1: mouseVisible = True
203.1536 	EXP 	window1: mouseVisible = True
203.1536 	EXP 	window1: mouseVisible = True
203.1536 	EXP 	window1: mouseVisible = True
203.1537 	EXP 	window1: mouseVisible = True
203.1537 	EXP 	window1: mouseVisible = True
203.1537 	EXP 	window1: mouseVisible = True
203.1538 	EXP 	window1: mouseVisible = True
203.1538 	EXP 	window1: mouseVisible = True
203.1538 	EXP 	window1: mouseVisible = True
203.1538 	EXP 	window1: mouseVisible = True
203.1539 	EXP 	window1: mouseVisible = True
203.1539 	EXP 	window1: mouseVisible = True
203.1539 	EXP 	window1: mouseVisible = True
203.1540 	EXP 	window1: mouseVisible = True
203.1540 	EXP 	window1: mouseVisible = True
203.1540 	EXP 	window1: mouseVisible = True
203.1540 	EXP 	window1: mouseVisible = True
203.1541 	EXP 	window1: mouseVisible = True
203.1541 	EXP 	window1: mouseVisible = True
203.1541 	EXP 	window1: mouseVisible = True
203.1542 	EXP 	window1: mouseVisible = True
203.1542 	EXP 	window1: mouseVisible = True
203.1542 	EXP 	window1: mouseVisible = True
203.1543 	EXP 	window1: mouseVisible = True
203.1543 	EXP 	window1: mouseVisible = True
203.1543 	EXP 	window1: mouseVisible = True
203.1543 	EXP 	window1: mouseVisible = True
203.1544 	EXP 	window1: mouseVisible = True
203.1544 	EXP 	window1: mouseVisible = True
203.1544 	EXP 	window1: mouseVisible = True
203.1545 	EXP 	window1: mouseVisible = True
203.1545 	EXP 	window1: mouseVisible = True
203.1545 	EXP 	window1: mouseVisible = True
203.1545 	EXP 	window1: mouseVisible = True
203.1546 	EXP 	window1: mouseVisible = True
203.1546 	EXP 	window1: mouseVisible = True
203.1546 	EXP 	window1: mouseVisible = True
203.1547 	EXP 	window1: mouseVisible = True
203.1547 	EXP 	window1: mouseVisible = True
203.1547 	EXP 	window1: mouseVisible = True
203.1547 	EXP 	window1: mouseVisible = True
203.1548 	EXP 	window1: mouseVisible = True
203.1548 	EXP 	window1: mouseVisible = True
203.1548 	EXP 	window1: mouseVisible = True
203.1549 	EXP 	window1: mouseVisible = True
203.1549 	EXP 	window1: mouseVisible = True
203.1549 	EXP 	window1: mouseVisible = True
203.1549 	EXP 	window1: mouseVisible = True
203.1550 	EXP 	window1: mouseVisible = True
203.1550 	EXP 	window1: mouseVisible = True
203.1550 	EXP 	window1: mouseVisible = True
203.1551 	EXP 	window1: mouseVisible = True
203.1551 	EXP 	window1: mouseVisible = True
203.1551 	EXP 	window1: mouseVisible = True
203.1552 	EXP 	window1: mouseVisible = True
203.1552 	EXP 	window1: mouseVisible = True
203.1552 	EXP 	window1: mouseVisible = True
203.1552 	EXP 	window1: mouseVisible = True
203.1553 	EXP 	window1: mouseVisible = True
203.1553 	EXP 	window1: mouseVisible = True
203.1553 	EXP 	window1: mouseVisible = True
203.1554 	EXP 	window1: mouseVisible = True
203.1554 	EXP 	window1: mouseVisible = True
203.1554 	EXP 	window1: mouseVisible = True
203.1554 	EXP 	window1: mouseVisible = True
203.1555 	EXP 	window1: mouseVisible = True
203.1555 	EXP 	window1: mouseVisible = True
203.1555 	EXP 	window1: mouseVisible = True
203.1556 	EXP 	window1: mouseVisible = True
203.1556 	EXP 	window1: mouseVisible = True
203.1556 	EXP 	window1: mouseVisible = True
203.1557 	EXP 	window1: mouseVisible = True
203.1557 	EXP 	window1: mouseVisible = True
203.1557 	EXP 	window1: mouseVisible = True
203.1557 	EXP 	window1: mouseVisible = True
203.1558 	EXP 	window1: mouseVisible = True
203.1558 	EXP 	window1: mouseVisible = True
203.1558 	EXP 	window1: mouseVisible = True
203.1559 	EXP 	window1: mouseVisible = True
203.1559 	EXP 	window1: mouseVisible = True
203.1559 	EXP 	window1: mouseVisible = True
203.1559 	EXP 	window1: mouseVisible = True
203.1560 	EXP 	window1: mouseVisible = True
203.1560 	EXP 	window1: mouseVisible = True
203.1560 	EXP 	window1: mouseVisible = True
203.1561 	EXP 	window1: mouseVisible = True
203.1561 	EXP 	window1: mouseVisible = True
203.1562 	EXP 	window1: mouseVisible = True
203.1562 	EXP 	window1: mouseVisible = True
203.1562 	EXP 	window1: mouseVisible = True
203.1563 	EXP 	window1: mouseVisible = True
203.1563 	EXP 	window1: mouseVisible = True
203.1563 	EXP 	window1: mouseVisible = True
203.1563 	EXP 	window1: mouseVisible = True
203.1564 	EXP 	window1: mouseVisible = True
203.1564 	EXP 	window1: mouseVisible = True
203.1564 	EXP 	window1: mouseVisible = True
203.1565 	EXP 	window1: mouseVisible = True
203.1565 	EXP 	window1: mouseVisible = True
203.1565 	EXP 	window1: mouseVisible = True
203.1565 	EXP 	window1: mouseVisible = True
203.1566 	EXP 	window1: mouseVisible = True
203.1566 	EXP 	window1: mouseVisible = True
203.1566 	EXP 	window1: mouseVisible = True
203.1567 	EXP 	window1: mouseVisible = True
203.1567 	EXP 	window1: mouseVisible = True
203.1567 	EXP 	window1: mouseVisible = True
203.1567 	EXP 	window1: mouseVisible = True
203.1568 	EXP 	window1: mouseVisible = True
203.1568 	EXP 	window1: mouseVisible = True
203.1568 	EXP 	window1: mouseVisible = True
203.1569 	EXP 	window1: mouseVisible = True
203.1569 	EXP 	window1: mouseVisible = True
203.1569 	EXP 	window1: mouseVisible = True
203.1569 	EXP 	window1: mouseVisible = True
203.1570 	EXP 	window1: mouseVisible = True
203.1570 	EXP 	window1: mouseVisible = True
203.1570 	EXP 	window1: mouseVisible = True
203.1571 	EXP 	window1: mouseVisible = True
203.1571 	EXP 	window1: mouseVisible = True
203.1571 	EXP 	window1: mouseVisible = True
203.1572 	EXP 	window1: mouseVisible = True
203.1572 	EXP 	window1: mouseVisible = True
203.1572 	EXP 	window1: mouseVisible = True
203.1573 	EXP 	window1: mouseVisible = True
203.1573 	EXP 	window1: mouseVisible = True
203.1573 	EXP 	window1: mouseVisible = True
203.1573 	EXP 	window1: mouseVisible = True
203.1574 	EXP 	window1: mouseVisible = True
203.1574 	EXP 	window1: mouseVisible = True
203.1574 	EXP 	window1: mouseVisible = True
203.1575 	EXP 	window1: mouseVisible = True
203.1575 	EXP 	window1: mouseVisible = True
203.1575 	EXP 	window1: mouseVisible = True
203.1576 	EXP 	window1: mouseVisible = True
203.1576 	EXP 	window1: mouseVisible = True
203.1576 	EXP 	window1: mouseVisible = True
203.1576 	EXP 	window1: mouseVisible = True
203.1577 	EXP 	window1: mouseVisible = True
203.1577 	EXP 	window1: mouseVisible = True
203.1577 	EXP 	window1: mouseVisible = True
203.1578 	EXP 	window1: mouseVisible = True
203.1578 	EXP 	window1: mouseVisible = True
203.1578 	EXP 	window1: mouseVisible = True
203.1578 	EXP 	window1: mouseVisible = True
203.1579 	EXP 	window1: mouseVisible = True
203.1579 	EXP 	window1: mouseVisible = True
203.1579 	EXP 	window1: mouseVisible = True
203.1580 	EXP 	window1: mouseVisible = True
203.1580 	EXP 	window1: mouseVisible = True
203.1580 	EXP 	window1: mouseVisible = True
203.1580 	EXP 	window1: mouseVisible = True
203.1581 	EXP 	window1: mouseVisible = True
203.1581 	EXP 	window1: mouseVisible = True
203.1581 	EXP 	window1: mouseVisible = True
203.1582 	EXP 	window1: mouseVisible = True
203.1582 	EXP 	window1: mouseVisible = True
203.1582 	EXP 	window1: mouseVisible = True
203.1582 	EXP 	window1: mouseVisible = True
203.1583 	EXP 	window1: mouseVisible = True
203.1583 	EXP 	window1: mouseVisible = True
203.1583 	EXP 	window1: mouseVisible = True
203.1584 	EXP 	window1: mouseVisible = True
203.1584 	EXP 	window1: mouseVisible = True
203.1584 	EXP 	window1: mouseVisible = True
203.1584 	EXP 	window1: mouseVisible = True
203.1585 	EXP 	window1: mouseVisible = True
203.1585 	EXP 	window1: mouseVisible = True
203.1585 	EXP 	window1: mouseVisible = True
203.1586 	EXP 	window1: mouseVisible = True
203.1586 	EXP 	window1: mouseVisible = True
203.1586 	EXP 	window1: mouseVisible = True
203.1587 	EXP 	window1: mouseVisible = True
203.1587 	EXP 	window1: mouseVisible = True
203.1587 	EXP 	window1: mouseVisible = True
203.1587 	EXP 	window1: mouseVisible = True
203.1588 	EXP 	window1: mouseVisible = True
203.1588 	EXP 	window1: mouseVisible = True
203.1588 	EXP 	window1: mouseVisible = True
203.1589 	EXP 	window1: mouseVisible = True
203.1589 	EXP 	window1: mouseVisible = True
203.1589 	EXP 	window1: mouseVisible = True
203.1589 	EXP 	window1: mouseVisible = True
203.1590 	EXP 	window1: mouseVisible = True
203.1590 	EXP 	window1: mouseVisible = True
203.1590 	EXP 	window1: mouseVisible = True
203.1591 	EXP 	window1: mouseVisible = True
203.1591 	EXP 	window1: mouseVisible = True
203.1591 	EXP 	window1: mouseVisible = True
203.1591 	EXP 	window1: mouseVisible = True
203.1592 	EXP 	window1: mouseVisible = True
203.1592 	EXP 	window1: mouseVisible = True
203.1592 	EXP 	window1: mouseVisible = True
203.1593 	EXP 	window1: mouseVisible = True
203.1593 	EXP 	window1: mouseVisible = True
203.1593 	EXP 	window1: mouseVisible = True
203.1593 	EXP 	window1: mouseVisible = True
203.1594 	EXP 	window1: mouseVisible = True
203.1594 	EXP 	window1: mouseVisible = True
203.1594 	EXP 	window1: mouseVisible = True
203.1595 	EXP 	window1: mouseVisible = True
203.1595 	EXP 	window1: mouseVisible = True
203.1595 	EXP 	window1: mouseVisible = True
203.1596 	EXP 	window1: mouseVisible = True
203.1596 	EXP 	window1: mouseVisible = True
203.1596 	EXP 	window1: mouseVisible = True
203.1596 	EXP 	window1: mouseVisible = True
203.1597 	EXP 	window1: mouseVisible = True
203.1597 	EXP 	window1: mouseVisible = True
203.1597 	EXP 	window1: mouseVisible = True
203.1598 	EXP 	window1: mouseVisible = True
203.1598 	EXP 	window1: mouseVisible = True
203.1598 	EXP 	window1: mouseVisible = True
203.1598 	EXP 	window1: mouseVisible = True
203.1599 	EXP 	window1: mouseVisible = True
203.1599 	EXP 	window1: mouseVisible = True
203.1599 	EXP 	window1: mouseVisible = True
203.1600 	EXP 	window1: mouseVisible = True
203.1600 	EXP 	window1: mouseVisible = True
203.1600 	EXP 	window1: mouseVisible = True
203.1601 	EXP 	window1: mouseVisible = True
203.1601 	EXP 	window1: mouseVisible = True
203.1601 	EXP 	window1: mouseVisible = True
203.1601 	EXP 	window1: mouseVisible = True
203.1602 	EXP 	window1: mouseVisible = True
203.1602 	EXP 	window1: mouseVisible = True
203.1602 	EXP 	window1: mouseVisible = True
203.1603 	EXP 	window1: mouseVisible = True
203.1603 	EXP 	window1: mouseVisible = True
203.1603 	EXP 	window1: mouseVisible = True
203.1603 	EXP 	window1: mouseVisible = True
203.1604 	EXP 	window1: mouseVisible = True
203.1604 	EXP 	window1: mouseVisible = True
203.1604 	EXP 	window1: mouseVisible = True
203.1605 	EXP 	window1: mouseVisible = True
203.1605 	EXP 	window1: mouseVisible = True
203.1605 	EXP 	window1: mouseVisible = True
203.1605 	EXP 	window1: mouseVisible = True
203.1606 	EXP 	window1: mouseVisible = True
203.1606 	EXP 	window1: mouseVisible = True
203.1606 	EXP 	window1: mouseVisible = True
203.1607 	EXP 	window1: mouseVisible = True
203.1607 	EXP 	window1: mouseVisible = True
203.1607 	EXP 	window1: mouseVisible = True
203.1608 	EXP 	window1: mouseVisible = True
203.1608 	EXP 	window1: mouseVisible = True
203.1608 	EXP 	window1: mouseVisible = True
203.1609 	EXP 	window1: mouseVisible = True
203.1609 	EXP 	window1: mouseVisible = True
203.1609 	EXP 	window1: mouseVisible = True
203.1609 	EXP 	window1: mouseVisible = True
203.1610 	EXP 	window1: mouseVisible = True
203.1610 	EXP 	window1: mouseVisible = True
203.1610 	EXP 	window1: mouseVisible = True
203.1611 	EXP 	window1: mouseVisible = True
203.1611 	EXP 	window1: mouseVisible = True
203.1611 	EXP 	window1: mouseVisible = True
203.1612 	EXP 	window1: mouseVisible = True
203.1612 	EXP 	window1: mouseVisible = True
203.1612 	EXP 	window1: mouseVisible = True
203.1612 	EXP 	window1: mouseVisible = True
203.1613 	EXP 	window1: mouseVisible = True
203.1613 	EXP 	window1: mouseVisible = True
203.1613 	EXP 	window1: mouseVisible = True
203.1614 	EXP 	window1: mouseVisible = True
203.1614 	EXP 	window1: mouseVisible = True
203.1614 	EXP 	window1: mouseVisible = True
203.1614 	EXP 	window1: mouseVisible = True
203.1615 	EXP 	window1: mouseVisible = True
203.1615 	EXP 	window1: mouseVisible = True
203.1615 	EXP 	window1: mouseVisible = True
203.1616 	EXP 	window1: mouseVisible = True
203.1616 	EXP 	window1: mouseVisible = True
203.1616 	EXP 	window1: mouseVisible = True
203.1617 	EXP 	window1: mouseVisible = True
203.1617 	EXP 	window1: mouseVisible = True
203.1617 	EXP 	window1: mouseVisible = True
203.1617 	EXP 	window1: mouseVisible = True
203.1618 	EXP 	window1: mouseVisible = True
203.1618 	EXP 	window1: mouseVisible = True
203.1618 	EXP 	window1: mouseVisible = True
203.1619 	EXP 	window1: mouseVisible = True
203.1619 	EXP 	window1: mouseVisible = True
203.1619 	EXP 	window1: mouseVisible = True
203.1619 	EXP 	window1: mouseVisible = True
203.1620 	EXP 	window1: mouseVisible = True
203.1620 	EXP 	window1: mouseVisible = True
203.1620 	EXP 	window1: mouseVisible = True
203.1621 	EXP 	window1: mouseVisible = True
203.1621 	EXP 	window1: mouseVisible = True
203.1621 	EXP 	window1: mouseVisible = True
203.1622 	EXP 	window1: mouseVisible = True
203.1622 	EXP 	window1: mouseVisible = True
203.1622 	EXP 	window1: mouseVisible = True
203.1622 	EXP 	window1: mouseVisible = True
203.1623 	EXP 	window1: mouseVisible = True
203.1623 	EXP 	window1: mouseVisible = True
203.1623 	EXP 	window1: mouseVisible = True
203.1624 	EXP 	window1: mouseVisible = True
203.1624 	EXP 	window1: mouseVisible = True
203.1624 	EXP 	window1: mouseVisible = True
203.1624 	EXP 	window1: mouseVisible = True
203.1625 	EXP 	window1: mouseVisible = True
203.1625 	EXP 	window1: mouseVisible = True
203.1626 	EXP 	window1: mouseVisible = True
203.1626 	EXP 	window1: mouseVisible = True
203.1626 	EXP 	window1: mouseVisible = True
203.1627 	EXP 	window1: mouseVisible = True
203.1627 	EXP 	window1: mouseVisible = True
203.1627 	EXP 	window1: mouseVisible = True
203.1628 	EXP 	window1: mouseVisible = True
203.1628 	EXP 	window1: mouseVisible = True
203.1628 	EXP 	window1: mouseVisible = True
203.1629 	EXP 	window1: mouseVisible = True
203.1629 	EXP 	window1: mouseVisible = True
203.1629 	EXP 	window1: mouseVisible = True
203.1630 	EXP 	window1: mouseVisible = True
203.1630 	EXP 	window1: mouseVisible = True
203.1630 	EXP 	window1: mouseVisible = True
203.1630 	EXP 	window1: mouseVisible = True
203.1631 	EXP 	window1: mouseVisible = True
203.1631 	EXP 	window1: mouseVisible = True
203.1631 	EXP 	window1: mouseVisible = True
203.1632 	EXP 	window1: mouseVisible = True
203.1632 	EXP 	window1: mouseVisible = True
203.1632 	EXP 	window1: mouseVisible = True
203.1633 	EXP 	window1: mouseVisible = True
203.1633 	EXP 	window1: mouseVisible = True
203.1633 	EXP 	window1: mouseVisible = True
203.1633 	EXP 	window1: mouseVisible = True
203.1634 	EXP 	window1: mouseVisible = True
203.1634 	EXP 	window1: mouseVisible = True
203.1634 	EXP 	window1: mouseVisible = True
203.1635 	EXP 	window1: mouseVisible = True
203.1635 	EXP 	window1: mouseVisible = True
203.1635 	EXP 	window1: mouseVisible = True
203.1636 	EXP 	window1: mouseVisible = True
203.1636 	EXP 	window1: mouseVisible = True
203.1636 	EXP 	window1: mouseVisible = True
203.1637 	EXP 	window1: mouseVisible = True
203.1637 	EXP 	window1: mouseVisible = True
203.1637 	EXP 	window1: mouseVisible = True
203.1637 	EXP 	window1: mouseVisible = True
203.1638 	EXP 	window1: mouseVisible = True
203.1638 	EXP 	window1: mouseVisible = True
203.1638 	EXP 	window1: mouseVisible = True
203.1639 	EXP 	window1: mouseVisible = True
203.1639 	EXP 	window1: mouseVisible = True
203.1639 	EXP 	window1: mouseVisible = True
203.1640 	EXP 	window1: mouseVisible = True
203.1640 	EXP 	window1: mouseVisible = True
203.1640 	EXP 	window1: mouseVisible = True
203.1640 	EXP 	window1: mouseVisible = True
203.1641 	EXP 	window1: mouseVisible = True
203.1641 	EXP 	window1: mouseVisible = True
203.1641 	EXP 	window1: mouseVisible = True
203.1642 	EXP 	window1: mouseVisible = True
203.1642 	EXP 	window1: mouseVisible = True
