7.0065 	WARNING 	Monitor specification not found. Creating a temporary one...
7.0280 	WARNING 	User requested fullscreen with size [800 600], but screen is actually [1280, 1024]. Using actual size
7.9286 	EXP 	Created window1 = Window(allowGUI=True, allowStencil=False, autoLog=True, backendConf=UNKNOWN, bitsMode=UNKNOWN, blendMode='avg', bpc=(8, 8, 8), color=array([0, 0, 0]), colorSpace='rgb', depthBits=8, fullscr=<method-wrapper '__getattribute__' of attributeSetter object at 0x000001931F739CA0>, gamma=None, gammaErrorPolicy='raise', lms=UNKNOWN, monitor=<psychopy.monitors.calibTools.Monitor object at 0x000001931FC8D460>, multiSample=False, name='window1', numSamples=2, pos=(0, 0), screen=0, size=array([1280, 1024]), stencilBits=0, stereo=False, units='pix', useFBO=False, useRetina=False, viewOri=0.0, viewPos=None, viewScale=None, waitBlanking=True, winType='pyglet')
7.9287 	EXP 	window1: mouseVisible = True
7.9290 	EXP 	window1: mouseVisible = False
8.7656 	DATA 	Keypress: space
9.3119 	DATA 	Keypress: o
9.3203 	EXP 	window1: units = 'pix'
9.3478 	WARNING 	User requested fullscreen with size [1280  720], but screen is actually [1280, 1024]. Using actual size
9.7961 	EXP 	Created window1 = Window(allowGUI=False, allowStencil=False, autoLog=True, backendConf=UNKNOWN, bitsMode=UNKNOWN, blendMode='avg', bpc=(8, 8, 8), color=array([0, 0, 0]), colorSpace='rgb', depthBits=8, fullscr=<method-wrapper '__getattribute__' of attributeSetter object at 0x000001931F739CA0>, gamma=None, gammaErrorPolicy='raise', lms=UNKNOWN, monitor=<psychopy.monitors.calibTools.Monitor object at 0x00000193267786D0>, multiSample=False, name='window1', numSamples=2, pos=(0, 0), screen=0, size=array([1280, 1024]), stencilBits=0, stereo=False, units='height', useFBO=True, useRetina=False, viewOri=0.0, viewPos=None, viewScale=None, waitBlanking=True, winType='pyglet')
9.7964 	EXP 	window1: mouseVisible = True
9.7964 	EXP 	window1: Attempting to measure frame rate of screen (0) ...
9.7964 	EXP 	window1: recordFrameIntervals = False
9.8131 	DATA 	Keypress: space
9.9627 	EXP 	window1: recordFrameIntervals = True
10.1459 	EXP 	Screen (0) actual frame rate measured at 60.11Hz
10.1459 	EXP 	window1: recordFrameIntervals = False
10.3344 	EXP 	Created Instructions = TextStim(__class__=<class 'psychopy.visual.text.TextStim'>, alignHoriz=method-wrapper(...), alignText='center', alignVert=method-wrapper(...), anchorHoriz='center', anchorVert='center', antialias=True, autoDraw=False, autoLog=True, bold=False, color=array([1, 1, 1]), colorSpace='rgb', contrast=1.0, depth=0.0, flipHoriz=False, flipVert=False, font='Arial', fontFiles=[], height=0.03, italic=False, languageStyle='LTR', name='Instructions', opacity=1.0, ori=0, pos=array([0., 0.]), rgb=UNKNOWN, text=str(...), units='height', win=Window(...), wrapWidth=1)
10.3417 	EXP 	Created Triplet1 = ImageStim(__class__=<class 'psychopy.visual.image.ImageStim'>, anchor=('center', 'center'), autoLog=True, color=array([1, 1, 1]), colorSpace='rgb', contrast=1.0, depth=-1.0, flipHoriz=False, flipVert=False, image='sin', interpolate=True, mask=None, maskParams=None, name='Triplet1', opacity=1.0, ori=0.0, pos=array([0., 0.]), size=array([0.25, 0.25]), texRes=128, units='height', win=Window(...))
10.3471 	EXP 	Created Triplet2 = ImageStim(__class__=<class 'psychopy.visual.image.ImageStim'>, anchor=('center', 'center'), autoLog=True, color=array([1, 1, 1]), colorSpace='rgb', contrast=1.0, depth=-2.0, flipHoriz=False, flipVert=False, image='sin', interpolate=True, mask=None, maskParams=None, name='Triplet2', opacity=1.0, ori=0.0, pos=array([0., 0.]), size=array([0.25, 0.25]), texRes=128, units='height', win=Window(...))
10.3525 	EXP 	Created Triplet3 = ImageStim(__class__=<class 'psychopy.visual.image.ImageStim'>, anchor=('center', 'center'), autoLog=True, color=array([1, 1, 1]), colorSpace='rgb', contrast=1.0, depth=-3.0, flipHoriz=False, flipVert=False, image='sin', interpolate=True, mask=None, maskParams=None, name='Triplet3', opacity=1.0, ori=0.0, pos=array([0., 0.]), size=array([0.25, 0.25]), texRes=128, units='height', win=Window(...))
10.3616 	EXP 	Sound sound_pop set volume 1.000
10.3707 	EXP 	Sound sound_pop2 set volume 1.000
10.3800 	EXP 	Sound sound_pop3 set volume 1.000
10.4075 	EXP 	Created fix = ImageStim(__class__=<class 'psychopy.visual.image.ImageStim'>, anchor=('center', 'center'), autoLog=True, color=array([1, 1, 1]), colorSpace='rgb', contrast=1.0, depth=0.0, flipHoriz=False, flipVert=False, image='images/fixation.png', interpolate=True, mask=None, maskParams=None, name='fix', opacity=1.0, ori=0.0, pos=array([0., 0.]), size=array([0.1 , 0.05]), texRes=128, units='height', win=Window(...))
10.5017 	EXP 	Created Mask = ImageStim(__class__=<class 'psychopy.visual.image.ImageStim'>, anchor=('center', 'center'), autoLog=True, color=array([1, 1, 1]), colorSpace='rgb', contrast=1.0, depth=0.0, flipHoriz=False, flipVert=False, image='images/Mask.png', interpolate=True, mask=None, maskParams=None, name='Mask', opacity=1.0, ori=0.0, pos=array([0., 0.]), size=array([1.5, 0.5]), texRes=128, units='height', win=Window(...))
10.5072 	EXP 	Created img1 = ImageStim(__class__=<class 'psychopy.visual.image.ImageStim'>, anchor=('center', 'center'), autoLog=True, color=array([1, 1, 1]), colorSpace='rgb', contrast=1.0, depth=-1.0, flipHoriz=False, flipVert=False, image='sin', interpolate=True, mask=None, maskParams=None, name='img1', opacity=1.0, ori=0.0, pos=array([0., 0.]), size=array([0.25, 0.25]), texRes=128, units='height', win=Window(...))
10.5116 	EXP 	Created img2 = ImageStim(__class__=<class 'psychopy.visual.image.ImageStim'>, anchor=('center', 'center'), autoLog=True, color=array([1, 1, 1]), colorSpace='rgb', contrast=1.0, depth=-2.0, flipHoriz=False, flipVert=False, image='sin', interpolate=True, mask=None, maskParams=None, name='img2', opacity=1.0, ori=0.0, pos=array([0., 0.]), size=array([0.25, 0.25]), texRes=128, units='height', win=Window(...))
10.5162 	EXP 	Created img3 = ImageStim(__class__=<class 'psychopy.visual.image.ImageStim'>, anchor=('center', 'center'), autoLog=True, color=array([1, 1, 1]), colorSpace='rgb', contrast=1.0, depth=-3.0, flipHoriz=False, flipVert=False, image='sin', interpolate=True, mask=None, maskParams=None, name='img3', opacity=1.0, ori=0.0, pos=array([0., 0.]), size=array([0.25, 0.25]), texRes=128, units='height', win=Window(...))
10.5283 	EXP 	Sound sound_pop4 set volume 1.000
10.5404 	EXP 	Sound sound_pop5 set volume 1.000
10.5513 	EXP 	Sound sound_pop6 set volume 1.000
10.5564 	EXP 	Created text_2 = TextStim(__class__=<class 'psychopy.visual.text.TextStim'>, alignHoriz=method-wrapper(...), alignText='center', alignVert=method-wrapper(...), anchorHoriz='center', anchorVert='center', antialias=True, autoDraw=False, autoLog=True, bold=False, color=array([1, 1, 1]), colorSpace='rgb', contrast=1.0, depth=0.0, flipHoriz=False, flipVert=False, font='Arial', fontFiles=[], height=0.03, italic=False, languageStyle='LTR', name='text_2', opacity=1.0, ori=0, pos=array([0., 0.]), rgb=UNKNOWN, text=str(...), units='height', win=Window(...), wrapWidth=1)
10.5592 	EXP 	Created text = TextStim(__class__=<class 'psychopy.visual.text.TextStim'>, alignHoriz=method-wrapper(...), alignText='center', alignVert=method-wrapper(...), anchorHoriz='center', anchorVert='center', antialias=True, autoDraw=False, autoLog=True, bold=False, color=array([1, 1, 1]), colorSpace='rgb', contrast=1.0, depth=-1.0, flipHoriz=False, flipVert=False, font='Arial', fontFiles=[], height=0.03, italic=False, languageStyle='LTR', name='text', opacity=1.0, ori=0, pos=array([0., 0.]), rgb=UNKNOWN, text=str(...), units='height', win=Window(...), wrapWidth=1)
10.5597 	EXP 	Created sameText = TextStim(__class__=<class 'psychopy.visual.text.TextStim'>, alignHoriz=method-wrapper(...), alignText='center', alignVert=method-wrapper(...), anchorHoriz='center', anchorVert='center', antialias=True, autoDraw=False, autoLog=True, bold=False, color=array([1, 1, 1]), colorSpace='rgb', contrast=1.0, depth=-2.0, flipHoriz=False, flipVert=False, font='Arial', fontFiles=[], height=0.03, italic=False, languageStyle='LTR', name='sameText', opacity=1.0, ori=0, pos=array([-0.2, -0.3]), rgb=UNKNOWN, text='', units='height', win=Window(...), wrapWidth=1)
10.5602 	EXP 	Created diffText = TextStim(__class__=<class 'psychopy.visual.text.TextStim'>, alignHoriz=method-wrapper(...), alignText='center', alignVert=method-wrapper(...), anchorHoriz='center', anchorVert='center', antialias=True, autoDraw=False, autoLog=True, bold=False, color=array([1, 1, 1]), colorSpace='rgb', contrast=1.0, depth=-3.0, flipHoriz=False, flipVert=False, font='Arial', fontFiles=[], height=0.03, italic=False, languageStyle='LTR', name='diffText', opacity=1.0, ori=0, pos=array([ 0.2, -0.3]), rgb=UNKNOWN, text='', units='height', win=Window(...), wrapWidth=1)
10.5611 	EXP 	Created leftCL = Rect(__class__=<class 'psychopy.visual.rect.Rect'>, anchor=('center', 'center'), autoDraw=False, autoLog=True, closeShape=True, color=method-wrapper(...), colorSpace='rgb', contrast=None, depth=-4.0, fillColor=array([1., 1., 1.]), fillColorSpace='rgb', fillRGB=array([1., 1., 1.]), interpolate=True, lineColor=array([1, 1, 1]), lineColorSpace='rgb', lineRGB=array([1, 1, 1]), lineWidth=3, name='leftCL', opacity=0.5, ori=0.0, pos=array([-0.2, -0.3]), size=array([-0.2, -0.2]), units='height', vertices=ndarray(...), win=Window(...))
10.5620 	EXP 	Created rightCL = Rect(__class__=<class 'psychopy.visual.rect.Rect'>, anchor=('center', 'center'), autoDraw=False, autoLog=True, closeShape=True, color=method-wrapper(...), colorSpace='rgb', contrast=None, depth=-5.0, fillColor=array([1., 1., 1.]), fillColorSpace='rgb', fillRGB=array([1., 1., 1.]), interpolate=True, lineColor=array([1, 1, 1]), lineColorSpace='rgb', lineRGB=array([1, 1, 1]), lineWidth=3, name='rightCL', opacity=0.5, ori=0.0, pos=array([ 0.2, -0.3]), size=array([0.2, 0.2]), units='height', vertices=ndarray(...), win=Window(...))
10.5620 	EXP 	window1: mouseVisible = True
10.5624 	EXP 	Sound clickedSound set volume 1.000
10.5661 	EXP 	Created retIMG = ImageStim(__class__=<class 'psychopy.visual.image.ImageStim'>, anchor=('center', 'center'), autoLog=True, color=array([1, 1, 1]), colorSpace='rgb', contrast=1.0, depth=-1.0, flipHoriz=False, flipVert=False, image='sin', interpolate=True, mask=None, maskParams=None, name='retIMG', opacity=1.0, ori=0.0, pos=array([0., 0.]), size=array([0.25, 0.25]), texRes=128, units='height', win=Window(...))
10.5756 	EXP 	Sound sound_pop7 set volume 1.000
10.5782 	EXP 	Created question_text = TextStim(__class__=<class 'psychopy.visual.text.TextStim'>, alignHoriz=method-wrapper(...), alignText='center', alignVert=method-wrapper(...), anchorHoriz='center', anchorVert='center', antialias=True, autoDraw=False, autoLog=True, bold=False, color=array([1, 1, 1]), colorSpace='rgb', contrast=1.0, depth=0.0, flipHoriz=False, flipVert=False, font='Arial', fontFiles=[], height=0.03, italic=False, languageStyle='LTR', name='question_text', opacity=1.0, ori=0, pos=array([0. , 0.3]), rgb=UNKNOWN, text='When did you see this object?', units='height', win=Window(...), wrapWidth=1)
10.5804 	EXP 	Created decisionQ_2 = TextStim(__class__=<class 'psychopy.visual.text.TextStim'>, alignHoriz=method-wrapper(...), alignText='center', alignVert=method-wrapper(...), anchorHoriz='center', anchorVert='center', antialias=True, autoDraw=False, autoLog=True, bold=False, color=array([1, 1, 1]), colorSpace='rgb', contrast=1.0, depth=-1.0, flipHoriz=False, flipVert=False, font='Arial', fontFiles=[], height=0.03, italic=False, languageStyle='LTR', name='decisionQ_2', opacity=1.0, ori=0, pos=array([0. , 0.3]), rgb=UNKNOWN, text='When did you see this object?', units='height', win=Window(...), wrapWidth=1)
10.5812 	EXP 	Created first_left = Rect(__class__=<class 'psychopy.visual.rect.Rect'>, anchor=('center', 'center'), autoDraw=False, autoLog=True, closeShape=True, color=method-wrapper(...), colorSpace='rgb', contrast=None, depth=-2.0, fillColor=array([1, 1, 1]), fillColorSpace='rgb', fillRGB=array([1, 1, 1]), interpolate=True, lineColor=array([1, 1, 1]), lineColorSpace='rgb', lineRGB=array([1, 1, 1]), lineWidth=3, name='first_left', opacity=0.5, ori=0.0, pos=array([0. , 0.1]), size=array([0.15, 0.15]), units='height', vertices=ndarray(...), win=Window(...))
10.5818 	EXP 	Created second_middle = Rect(__class__=<class 'psychopy.visual.rect.Rect'>, anchor=('center', 'center'), autoDraw=False, autoLog=True, closeShape=True, color=method-wrapper(...), colorSpace='rgb', contrast=None, depth=-3.0, fillColor=array([1, 1, 1]), fillColorSpace='rgb', fillRGB=array([1, 1, 1]), interpolate=True, lineColor=array([1, 1, 1]), lineColorSpace='rgb', lineRGB=array([1, 1, 1]), lineWidth=3, name='second_middle', opacity=0.5, ori=0.0, pos=array([ 0. , -0.1]), size=array([0.15, 0.15]), units='height', vertices=ndarray(...), win=Window(...))
10.5825 	EXP 	Created third_right = Rect(__class__=<class 'psychopy.visual.rect.Rect'>, anchor=('center', 'center'), autoDraw=False, autoLog=True, closeShape=True, color=method-wrapper(...), colorSpace='rgb', contrast=None, depth=-4.0, fillColor=array([1, 1, 1]), fillColorSpace='rgb', fillRGB=array([1, 1, 1]), interpolate=True, lineColor=array([1, 1, 1]), lineColorSpace='rgb', lineRGB=array([1, 1, 1]), lineWidth=3, name='third_right', opacity=0.5, ori=0.0, pos=array([ 0. , -0.3]), size=array([0.15, 0.15]), units='height', vertices=ndarray(...), win=Window(...))
10.5851 	EXP 	Created First = TextStim(__class__=<class 'psychopy.visual.text.TextStim'>, alignHoriz=method-wrapper(...), alignText='center', alignVert=method-wrapper(...), anchorHoriz='center', anchorVert='center', antialias=True, autoDraw=False, autoLog=True, bold=False, color=array([1, 1, 1]), colorSpace='rgb', contrast=1.0, depth=-5.0, flipHoriz=False, flipVert=False, font='Arial', fontFiles=[], height=0.03, italic=False, languageStyle='LTR', name='First', opacity=1.0, ori=0, pos=array([0. , 0.1]), rgb=UNKNOWN, text='First', units='height', win=Window(...), wrapWidth=1)
10.5870 	EXP 	Created Second = TextStim(__class__=<class 'psychopy.visual.text.TextStim'>, alignHoriz=method-wrapper(...), alignText='center', alignVert=method-wrapper(...), anchorHoriz='center', anchorVert='center', antialias=True, autoDraw=False, autoLog=True, bold=False, color=array([1, 1, 1]), colorSpace='rgb', contrast=1.0, depth=-6.0, flipHoriz=False, flipVert=False, font='Arial', fontFiles=[], height=0.03, italic=False, languageStyle='LTR', name='Second', opacity=1.0, ori=0, pos=array([ 0. , -0.1]), rgb=UNKNOWN, text='Second', units='height', win=Window(...), wrapWidth=1)
10.5890 	EXP 	Created Third = TextStim(__class__=<class 'psychopy.visual.text.TextStim'>, alignHoriz=method-wrapper(...), alignText='center', alignVert=method-wrapper(...), anchorHoriz='center', anchorVert='center', antialias=True, autoDraw=False, autoLog=True, bold=False, color=array([1, 1, 1]), colorSpace='rgb', contrast=1.0, depth=-7.0, flipHoriz=False, flipVert=False, font='Arial', fontFiles=[], height=0.03, italic=False, languageStyle='LTR', name='Third', opacity=1.0, ori=0, pos=array([ 0. , -0.3]), rgb=UNKNOWN, text='Third', units='height', win=Window(...), wrapWidth=1)
10.5890 	EXP 	window1: mouseVisible = True
10.5894 	EXP 	Sound clickedSound set volume 1.000
10.5975 	EXP 	Created BlockBreak = TextStim(__class__=<class 'psychopy.visual.text.TextStim'>, alignHoriz=method-wrapper(...), alignText='center', alignVert=method-wrapper(...), anchorHoriz='center', anchorVert='center', antialias=True, autoDraw=False, autoLog=True, bold=False, color=array([1, 1, 1]), colorSpace='rgb', contrast=1.0, depth=0.0, flipHoriz=False, flipVert=False, font='Arial', fontFiles=[], height=0.03, italic=False, languageStyle='LTR', name='BlockBreak', opacity=1.0, ori=0, pos=array([0., 0.]), rgb=UNKNOWN, text=str(...), units='height', win=Window(...), wrapWidth=1)
10.6111 	EXP 	Created text_4 = TextStim(__class__=<class 'psychopy.visual.text.TextStim'>, alignHoriz=method-wrapper(...), alignText='center', alignVert=method-wrapper(...), anchorHoriz='center', anchorVert='center', antialias=True, autoDraw=False, autoLog=True, bold=False, color=array([1, 1, 1]), colorSpace='rgb', contrast=1.0, depth=-1.0, flipHoriz=False, flipVert=False, font='Open Sans', fontFiles=[], height=0.03, italic=False, languageStyle='LTR', name='text_4', opacity=1.0, ori=0.0, pos=array([0., 0.]), rgb=UNKNOWN, text=str(...), units='height', win=Window(...), wrapWidth=1)
10.6149 	EXP 	Created Triplet1 = ImageStim(__class__=<class 'psychopy.visual.image.ImageStim'>, anchor=('center', 'center'), autoLog=True, color=array([1, 1, 1]), colorSpace='rgb', contrast=1.0, depth=-1.0, flipHoriz=False, flipVert=False, image='sin', interpolate=True, mask=None, maskParams=None, name='Triplet1', opacity=1.0, ori=0.0, pos=array([0., 0.]), size=array([0.25, 0.25]), texRes=128, units='height', win=Window(...))
10.6194 	EXP 	Created Triplet2 = ImageStim(__class__=<class 'psychopy.visual.image.ImageStim'>, anchor=('center', 'center'), autoLog=True, color=array([1, 1, 1]), colorSpace='rgb', contrast=1.0, depth=-2.0, flipHoriz=False, flipVert=False, image='sin', interpolate=True, mask=None, maskParams=None, name='Triplet2', opacity=1.0, ori=0.0, pos=array([0., 0.]), size=array([0.25, 0.25]), texRes=128, units='height', win=Window(...))
10.6237 	EXP 	Created Triplet3 = ImageStim(__class__=<class 'psychopy.visual.image.ImageStim'>, anchor=('center', 'center'), autoLog=True, color=array([1, 1, 1]), colorSpace='rgb', contrast=1.0, depth=-3.0, flipHoriz=False, flipVert=False, image='sin', interpolate=True, mask=None, maskParams=None, name='Triplet3', opacity=1.0, ori=0.0, pos=array([0., 0.]), size=array([0.25, 0.25]), texRes=128, units='height', win=Window(...))
10.6340 	EXP 	Sound sound_pop set volume 1.000
10.6438 	EXP 	Sound sound_pop2 set volume 1.000
10.6538 	EXP 	Sound sound_pop3 set volume 1.000
10.6771 	EXP 	Created fix = ImageStim(__class__=<class 'psychopy.visual.image.ImageStim'>, anchor=('center', 'center'), autoLog=True, color=array([1, 1, 1]), colorSpace='rgb', contrast=1.0, depth=0.0, flipHoriz=False, flipVert=False, image='images/fixation.png', interpolate=True, mask=None, maskParams=None, name='fix', opacity=1.0, ori=0.0, pos=array([0., 0.]), size=array([0.1 , 0.05]), texRes=128, units='height', win=Window(...))
10.7669 	EXP 	Created Mask = ImageStim(__class__=<class 'psychopy.visual.image.ImageStim'>, anchor=('center', 'center'), autoLog=True, color=array([1, 1, 1]), colorSpace='rgb', contrast=1.0, depth=0.0, flipHoriz=False, flipVert=False, image='images/Mask.png', interpolate=True, mask=None, maskParams=None, name='Mask', opacity=1.0, ori=0.0, pos=array([0., 0.]), size=array([1.5, 0.5]), texRes=128, units='height', win=Window(...))
10.7725 	EXP 	Created img1 = ImageStim(__class__=<class 'psychopy.visual.image.ImageStim'>, anchor=('center', 'center'), autoLog=True, color=array([1, 1, 1]), colorSpace='rgb', contrast=1.0, depth=-1.0, flipHoriz=False, flipVert=False, image='sin', interpolate=True, mask=None, maskParams=None, name='img1', opacity=1.0, ori=0.0, pos=array([0., 0.]), size=array([0.25, 0.25]), texRes=128, units='height', win=Window(...))
10.7769 	EXP 	Created img2 = ImageStim(__class__=<class 'psychopy.visual.image.ImageStim'>, anchor=('center', 'center'), autoLog=True, color=array([1, 1, 1]), colorSpace='rgb', contrast=1.0, depth=-2.0, flipHoriz=False, flipVert=False, image='sin', interpolate=True, mask=None, maskParams=None, name='img2', opacity=1.0, ori=0.0, pos=array([0., 0.]), size=array([0.25, 0.25]), texRes=128, units='height', win=Window(...))
10.7813 	EXP 	Created img3 = ImageStim(__class__=<class 'psychopy.visual.image.ImageStim'>, anchor=('center', 'center'), autoLog=True, color=array([1, 1, 1]), colorSpace='rgb', contrast=1.0, depth=-3.0, flipHoriz=False, flipVert=False, image='sin', interpolate=True, mask=None, maskParams=None, name='img3', opacity=1.0, ori=0.0, pos=array([0., 0.]), size=array([0.25, 0.25]), texRes=128, units='height', win=Window(...))
10.7911 	EXP 	Sound sound_pop4 set volume 1.000
10.8004 	EXP 	Sound sound_pop5 set volume 1.000
10.8099 	EXP 	Sound sound_pop6 set volume 1.000
10.8133 	EXP 	Created text_2 = TextStim(__class__=<class 'psychopy.visual.text.TextStim'>, alignHoriz=method-wrapper(...), alignText='center', alignVert=method-wrapper(...), anchorHoriz='center', anchorVert='center', antialias=True, autoDraw=False, autoLog=True, bold=False, color=array([1, 1, 1]), colorSpace='rgb', contrast=1.0, depth=0.0, flipHoriz=False, flipVert=False, font='Arial', fontFiles=[], height=0.03, italic=False, languageStyle='LTR', name='text_2', opacity=1.0, ori=0, pos=array([0., 0.]), rgb=UNKNOWN, text=str(...), units='height', win=Window(...), wrapWidth=1)
10.8158 	EXP 	Created text = TextStim(__class__=<class 'psychopy.visual.text.TextStim'>, alignHoriz=method-wrapper(...), alignText='center', alignVert=method-wrapper(...), anchorHoriz='center', anchorVert='center', antialias=True, autoDraw=False, autoLog=True, bold=False, color=array([1, 1, 1]), colorSpace='rgb', contrast=1.0, depth=-1.0, flipHoriz=False, flipVert=False, font='Arial', fontFiles=[], height=0.03, italic=False, languageStyle='LTR', name='text', opacity=1.0, ori=0, pos=array([0., 0.]), rgb=UNKNOWN, text=str(...), units='height', win=Window(...), wrapWidth=1)
10.8163 	EXP 	Created sameText = TextStim(__class__=<class 'psychopy.visual.text.TextStim'>, alignHoriz=method-wrapper(...), alignText='center', alignVert=method-wrapper(...), anchorHoriz='center', anchorVert='center', antialias=True, autoDraw=False, autoLog=True, bold=False, color=array([1, 1, 1]), colorSpace='rgb', contrast=1.0, depth=-2.0, flipHoriz=False, flipVert=False, font='Arial', fontFiles=[], height=0.03, italic=False, languageStyle='LTR', name='sameText', opacity=1.0, ori=0, pos=array([-0.2, -0.3]), rgb=UNKNOWN, text='', units='height', win=Window(...), wrapWidth=1)
10.8168 	EXP 	Created diffText = TextStim(__class__=<class 'psychopy.visual.text.TextStim'>, alignHoriz=method-wrapper(...), alignText='center', alignVert=method-wrapper(...), anchorHoriz='center', anchorVert='center', antialias=True, autoDraw=False, autoLog=True, bold=False, color=array([1, 1, 1]), colorSpace='rgb', contrast=1.0, depth=-3.0, flipHoriz=False, flipVert=False, font='Arial', fontFiles=[], height=0.03, italic=False, languageStyle='LTR', name='diffText', opacity=1.0, ori=0, pos=array([ 0.2, -0.3]), rgb=UNKNOWN, text='', units='height', win=Window(...), wrapWidth=1)
10.8177 	EXP 	Created leftCL = Rect(__class__=<class 'psychopy.visual.rect.Rect'>, anchor=('center', 'center'), autoDraw=False, autoLog=True, closeShape=True, color=method-wrapper(...), colorSpace='rgb', contrast=None, depth=-4.0, fillColor=array([1., 1., 1.]), fillColorSpace='rgb', fillRGB=array([1., 1., 1.]), interpolate=True, lineColor=array([1, 1, 1]), lineColorSpace='rgb', lineRGB=array([1, 1, 1]), lineWidth=3, name='leftCL', opacity=0.5, ori=0.0, pos=array([-0.2, -0.3]), size=array([-0.2, -0.2]), units='height', vertices=ndarray(...), win=Window(...))
10.8186 	EXP 	Created rightCL = Rect(__class__=<class 'psychopy.visual.rect.Rect'>, anchor=('center', 'center'), autoDraw=False, autoLog=True, closeShape=True, color=method-wrapper(...), colorSpace='rgb', contrast=None, depth=-5.0, fillColor=array([1., 1., 1.]), fillColorSpace='rgb', fillRGB=array([1., 1., 1.]), interpolate=True, lineColor=array([1, 1, 1]), lineColorSpace='rgb', lineRGB=array([1, 1, 1]), lineWidth=3, name='rightCL', opacity=0.5, ori=0.0, pos=array([ 0.2, -0.3]), size=array([0.2, 0.2]), units='height', vertices=ndarray(...), win=Window(...))
10.8186 	EXP 	window1: mouseVisible = True
10.8191 	EXP 	Sound clickedSound set volume 1.000
10.8228 	EXP 	Created retIMG = ImageStim(__class__=<class 'psychopy.visual.image.ImageStim'>, anchor=('center', 'center'), autoLog=True, color=array([1, 1, 1]), colorSpace='rgb', contrast=1.0, depth=-1.0, flipHoriz=False, flipVert=False, image='sin', interpolate=True, mask=None, maskParams=None, name='retIMG', opacity=1.0, ori=0.0, pos=array([0., 0.]), size=array([0.25, 0.25]), texRes=128, units='height', win=Window(...))
10.8321 	EXP 	Sound sound_pop7 set volume 1.000
10.8346 	EXP 	Created question_text = TextStim(__class__=<class 'psychopy.visual.text.TextStim'>, alignHoriz=method-wrapper(...), alignText='center', alignVert=method-wrapper(...), anchorHoriz='center', anchorVert='center', antialias=True, autoDraw=False, autoLog=True, bold=False, color=array([1, 1, 1]), colorSpace='rgb', contrast=1.0, depth=0.0, flipHoriz=False, flipVert=False, font='Arial', fontFiles=[], height=0.03, italic=False, languageStyle='LTR', name='question_text', opacity=1.0, ori=0, pos=array([0. , 0.3]), rgb=UNKNOWN, text='When did you see this object?', units='height', win=Window(...), wrapWidth=1)
10.8367 	EXP 	Created decisionQ_2 = TextStim(__class__=<class 'psychopy.visual.text.TextStim'>, alignHoriz=method-wrapper(...), alignText='center', alignVert=method-wrapper(...), anchorHoriz='center', anchorVert='center', antialias=True, autoDraw=False, autoLog=True, bold=False, color=array([1, 1, 1]), colorSpace='rgb', contrast=1.0, depth=-1.0, flipHoriz=False, flipVert=False, font='Arial', fontFiles=[], height=0.03, italic=False, languageStyle='LTR', name='decisionQ_2', opacity=1.0, ori=0, pos=array([0. , 0.3]), rgb=UNKNOWN, text='When did you see this object?', units='height', win=Window(...), wrapWidth=1)
10.8374 	EXP 	Created first_left = Rect(__class__=<class 'psychopy.visual.rect.Rect'>, anchor=('center', 'center'), autoDraw=False, autoLog=True, closeShape=True, color=method-wrapper(...), colorSpace='rgb', contrast=None, depth=-2.0, fillColor=array([1, 1, 1]), fillColorSpace='rgb', fillRGB=array([1, 1, 1]), interpolate=True, lineColor=array([1, 1, 1]), lineColorSpace='rgb', lineRGB=array([1, 1, 1]), lineWidth=3, name='first_left', opacity=0.5, ori=0.0, pos=array([0. , 0.1]), size=array([0.15, 0.15]), units='height', vertices=ndarray(...), win=Window(...))
10.8381 	EXP 	Created second_middle = Rect(__class__=<class 'psychopy.visual.rect.Rect'>, anchor=('center', 'center'), autoDraw=False, autoLog=True, closeShape=True, color=method-wrapper(...), colorSpace='rgb', contrast=None, depth=-3.0, fillColor=array([1, 1, 1]), fillColorSpace='rgb', fillRGB=array([1, 1, 1]), interpolate=True, lineColor=array([1, 1, 1]), lineColorSpace='rgb', lineRGB=array([1, 1, 1]), lineWidth=3, name='second_middle', opacity=0.5, ori=0.0, pos=array([ 0. , -0.1]), size=array([0.15, 0.15]), units='height', vertices=ndarray(...), win=Window(...))
10.8388 	EXP 	Created third_right = Rect(__class__=<class 'psychopy.visual.rect.Rect'>, anchor=('center', 'center'), autoDraw=False, autoLog=True, closeShape=True, color=method-wrapper(...), colorSpace='rgb', contrast=None, depth=-4.0, fillColor=array([1, 1, 1]), fillColorSpace='rgb', fillRGB=array([1, 1, 1]), interpolate=True, lineColor=array([1, 1, 1]), lineColorSpace='rgb', lineRGB=array([1, 1, 1]), lineWidth=3, name='third_right', opacity=0.5, ori=0.0, pos=array([ 0. , -0.3]), size=array([0.15, 0.15]), units='height', vertices=ndarray(...), win=Window(...))
10.8409 	EXP 	Created First = TextStim(__class__=<class 'psychopy.visual.text.TextStim'>, alignHoriz=method-wrapper(...), alignText='center', alignVert=method-wrapper(...), anchorHoriz='center', anchorVert='center', antialias=True, autoDraw=False, autoLog=True, bold=False, color=array([1, 1, 1]), colorSpace='rgb', contrast=1.0, depth=-5.0, flipHoriz=False, flipVert=False, font='Arial', fontFiles=[], height=0.03, italic=False, languageStyle='LTR', name='First', opacity=1.0, ori=0, pos=array([0. , 0.1]), rgb=UNKNOWN, text='First', units='height', win=Window(...), wrapWidth=1)
10.8436 	EXP 	Created Second = TextStim(__class__=<class 'psychopy.visual.text.TextStim'>, alignHoriz=method-wrapper(...), alignText='center', alignVert=method-wrapper(...), anchorHoriz='center', anchorVert='center', antialias=True, autoDraw=False, autoLog=True, bold=False, color=array([1, 1, 1]), colorSpace='rgb', contrast=1.0, depth=-6.0, flipHoriz=False, flipVert=False, font='Arial', fontFiles=[], height=0.03, italic=False, languageStyle='LTR', name='Second', opacity=1.0, ori=0, pos=array([ 0. , -0.1]), rgb=UNKNOWN, text='Second', units='height', win=Window(...), wrapWidth=1)
10.8455 	EXP 	Created Third = TextStim(__class__=<class 'psychopy.visual.text.TextStim'>, alignHoriz=method-wrapper(...), alignText='center', alignVert=method-wrapper(...), anchorHoriz='center', anchorVert='center', antialias=True, autoDraw=False, autoLog=True, bold=False, color=array([1, 1, 1]), colorSpace='rgb', contrast=1.0, depth=-7.0, flipHoriz=False, flipVert=False, font='Arial', fontFiles=[], height=0.03, italic=False, languageStyle='LTR', name='Third', opacity=1.0, ori=0, pos=array([ 0. , -0.3]), rgb=UNKNOWN, text='Third', units='height', win=Window(...), wrapWidth=1)
10.8456 	EXP 	window1: mouseVisible = True
10.8461 	EXP 	Sound clickedSound set volume 1.000
10.8489 	EXP 	Created end = TextStim(__class__=<class 'psychopy.visual.text.TextStim'>, alignHoriz=method-wrapper(...), alignText='center', alignVert=method-wrapper(...), anchorHoriz='center', anchorVert='center', antialias=True, autoDraw=False, autoLog=True, bold=False, color=array([1, 1, 1]), colorSpace='rgb', contrast=1.0, depth=0.0, flipHoriz=False, flipVert=False, font='Arial', fontFiles=[], height=0.03, italic=False, languageStyle='LTR', name='end', opacity=1.0, ori=0, pos=array([0., 0.]), rgb=UNKNOWN, text=str(...), units='height', win=Window(...), wrapWidth=1)
10.8528 	EXP 	Instructions: autoDraw = True
10.8961 	EXP 	Created sequence: random, trialTypes=1, nReps=2, seed=None
10.8962 	EXP 	New trial (rep=0, index=0): None
11.0404 	DATA 	Keypress: space
11.1489 	EXP 	Instructions: autoDraw = False
11.1489 	EXP 	fix: autoDraw = True
13.0281 	EXP 	Sound sound_pop started
13.0249 	EXP 	fix: autoDraw = False
13.0249 	EXP 	fix: autoDraw = False
13.0249 	EXP 	Triplet1: image = 'images/OBJ_183.png'
13.0249 	EXP 	Triplet2: image = 'images/OBJ_182.png'
13.0249 	EXP 	Triplet3: image = 'images/OBJ_25.png'
13.0249 	EXP 	Triplet1: autoDraw = True
13.4029 	EXP 	Sound sound_pop reached end of file
14.5283 	EXP 	Triplet1: autoDraw = False
15.0277 	EXP 	Sound sound_pop2 started
15.0277 	EXP 	Triplet2: autoDraw = True
15.3939 	EXP 	Sound sound_pop2 reached end of file
16.5277 	EXP 	Triplet2: autoDraw = False
17.0271 	EXP 	Sound sound_pop3 started
17.0275 	EXP 	Triplet3: autoDraw = True
17.3930 	EXP 	Sound sound_pop3 reached end of file
18.5271 	EXP 	Triplet3: autoDraw = False
18.5271 	EXP 	Triplet1: autoDraw = False
18.5271 	EXP 	Triplet2: autoDraw = False
18.5271 	EXP 	Triplet3: autoDraw = False
18.5271 	EXP 	Mask: autoDraw = True
20.1597 	EXP 	Sound sound_pop4 started
20.1591 	EXP 	Mask: autoDraw = False
20.1591 	EXP 	Mask: autoDraw = False
20.1591 	EXP 	img1: image = 'images/OBJ_183.png'
20.1591 	EXP 	img2: image = 'images/OBJ_182.png'
20.1591 	EXP 	img3: image = 'images/OBJ_25.png'
20.1591 	EXP 	img1: autoDraw = True
20.5333 	EXP 	Sound sound_pop4 reached end of file
21.6591 	EXP 	img1: autoDraw = False
22.1589 	EXP 	Sound sound_pop5 started
22.1590 	EXP 	img2: autoDraw = True
22.5225 	EXP 	Sound sound_pop5 reached end of file
23.6585 	EXP 	img2: autoDraw = False
24.1584 	EXP 	Sound sound_pop6 started
24.1584 	EXP 	img3: autoDraw = True
24.5237 	EXP 	Sound sound_pop6 reached end of file
25.6584 	EXP 	img3: autoDraw = False
25.6584 	EXP 	img1: autoDraw = False
25.6584 	EXP 	img2: autoDraw = False
25.6584 	EXP 	img3: autoDraw = False
25.6584 	EXP 	text_2: autoDraw = True
26.6582 	EXP 	text_2: autoDraw = False
26.6582 	EXP 	text_2: autoDraw = False
26.6582 	EXP 	sameText: height = 0.03
26.6582 	EXP 	sameText: height = 0.03
26.6582 	EXP 	sameText: height = 0.03
26.6582 	EXP 	sameText: text = 'Same'
26.6582 	EXP 	diffText: height = 0.03
26.6582 	EXP 	diffText: height = 0.03
26.6582 	EXP 	diffText: height = 0.03
26.6582 	EXP 	diffText: text = 'Different'
26.6582 	EXP 	text: autoDraw = True
26.6582 	EXP 	sameText: autoDraw = True
26.6582 	EXP 	diffText: autoDraw = True
26.6582 	EXP 	leftCL: autoDraw = True
26.6582 	EXP 	rightCL: autoDraw = True
27.1245 	DATA 	Mouse: Left button down, pos=(470,197)
27.1409 	EXP 	Sound clickedSound started
27.1414 	EXP 	text: autoDraw = False
27.1414 	EXP 	sameText: autoDraw = False
27.1414 	EXP 	diffText: autoDraw = False
27.1414 	EXP 	leftCL: autoDraw = False
27.1414 	EXP 	rightCL: autoDraw = False
27.2251 	DATA 	Mouse:  Left button up, pos=(470,197)
27.6437 	EXP 	Sound clickedSound stopped
27.6441 	EXP 	New trial (rep=1, index=0): None
27.8696 	EXP 	fix: autoDraw = True
29.6397 	EXP 	Sound sound_pop started
29.6405 	EXP 	fix: autoDraw = False
29.6405 	EXP 	fix: autoDraw = False
29.6405 	EXP 	Triplet1: image = 'images/OBJ_31.png'
29.6405 	EXP 	Triplet2: image = 'images/OBJ_49.png'
29.6405 	EXP 	Triplet3: image = 'images/OBJ_21.png'
29.6405 	EXP 	Triplet1: autoDraw = True
30.0239 	EXP 	Sound sound_pop reached end of file
31.1401 	EXP 	Triplet1: autoDraw = False
31.6399 	EXP 	Sound sound_pop2 started
31.6400 	EXP 	Triplet2: autoDraw = True
32.0046 	EXP 	Sound sound_pop2 reached end of file
33.1391 	EXP 	Triplet2: autoDraw = False
33.6389 	EXP 	Sound sound_pop3 started
33.6394 	EXP 	Triplet3: autoDraw = True
34.0040 	EXP 	Sound sound_pop3 reached end of file
35.1385 	EXP 	Triplet3: autoDraw = False
35.1385 	EXP 	Triplet1: autoDraw = False
35.1385 	EXP 	Triplet2: autoDraw = False
35.1385 	EXP 	Triplet3: autoDraw = False
35.1385 	EXP 	Mask: autoDraw = True
36.6880 	EXP 	Sound sound_pop4 started
36.6811 	EXP 	Mask: autoDraw = False
36.6811 	EXP 	Mask: autoDraw = False
36.6811 	EXP 	img1: image = 'images/OBJ_31.png'
36.6811 	EXP 	img2: image = 'images/OBJ_49.png'
36.6811 	EXP 	img3: image = 'images/OBJ_21.png'
36.6811 	EXP 	img1: autoDraw = True
37.0546 	EXP 	Sound sound_pop4 reached end of file
38.1880 	EXP 	img1: autoDraw = False
38.6708 	EXP 	Sound sound_pop5 started
38.6712 	EXP 	img2: autoDraw = True
39.0335 	EXP 	Sound sound_pop5 reached end of file
40.1704 	EXP 	img2: autoDraw = False
40.6702 	EXP 	Sound sound_pop6 started
40.6702 	EXP 	img3: autoDraw = True
41.0346 	EXP 	Sound sound_pop6 reached end of file
42.1702 	EXP 	img3: autoDraw = False
42.1702 	EXP 	img1: autoDraw = False
42.1702 	EXP 	img2: autoDraw = False
42.1702 	EXP 	img3: autoDraw = False
42.1702 	EXP 	text_2: autoDraw = True
43.1696 	EXP 	text_2: autoDraw = False
43.1696 	EXP 	text_2: autoDraw = False
43.1696 	EXP 	sameText: text = 'Same'
43.1696 	EXP 	diffText: text = 'Different'
43.1696 	EXP 	text: autoDraw = True
43.1696 	EXP 	sameText: autoDraw = True
43.1696 	EXP 	diffText: autoDraw = True
43.1696 	EXP 	leftCL: autoDraw = True
43.1696 	EXP 	rightCL: autoDraw = True
43.9366 	DATA 	Mouse: Left button down, pos=(458,232)
43.9531 	EXP 	Sound clickedSound started
43.9530 	EXP 	text: autoDraw = False
43.9530 	EXP 	sameText: autoDraw = False
43.9530 	EXP 	diffText: autoDraw = False
43.9530 	EXP 	leftCL: autoDraw = False
43.9530 	EXP 	rightCL: autoDraw = False
44.0534 	DATA 	Mouse:  Left button up, pos=(458,232)
44.4543 	EXP 	Sound clickedSound stopped
44.4551 	EXP 	Created sequence: random, trialTypes=1, nReps=2, seed=None
44.4552 	EXP 	New trial (rep=0, index=0): None
44.7357 	EXP 	Sound sound_pop7 started
44.7369 	EXP 	retIMG: image = 'images/OBJ_21.png'
44.7369 	EXP 	retIMG: autoDraw = True
45.1145 	EXP 	Sound sound_pop7 reached end of file
46.2520 	EXP 	retIMG: autoDraw = False
46.2520 	EXP 	retIMG: autoDraw = False
46.2520 	EXP 	question_text: autoDraw = True
47.2517 	EXP 	question_text: autoDraw = False
47.2517 	EXP 	question_text: autoDraw = False
47.2517 	EXP 	decisionQ_2: autoDraw = True
48.2184 	EXP 	first_left: autoDraw = True
48.2184 	EXP 	second_middle: autoDraw = True
48.2184 	EXP 	third_right: autoDraw = True
48.2184 	EXP 	First: autoDraw = True
48.2184 	EXP 	Second: autoDraw = True
48.2184 	EXP 	Third: autoDraw = True
48.4854 	DATA 	Mouse: Left button down, pos=(638,431)
48.5018 	EXP 	Sound clickedSound started
48.5014 	EXP 	decisionQ_2: autoDraw = False
48.5014 	EXP 	first_left: autoDraw = False
48.5014 	EXP 	second_middle: autoDraw = False
48.5014 	EXP 	third_right: autoDraw = False
48.5014 	EXP 	First: autoDraw = False
48.5014 	EXP 	Second: autoDraw = False
48.5014 	EXP 	Third: autoDraw = False
48.5855 	DATA 	Mouse:  Left button up, pos=(638,431)
49.0050 	EXP 	Sound clickedSound stopped
49.0053 	EXP 	New trial (rep=1, index=0): None
49.1942 	DATA 	Keypress: escape
49.2507 	EXP 	Sound sound_pop7 started
49.2540 	EXP 	retIMG: image = 'images/OBJ_49.png'
49.2540 	EXP 	retIMG: autoDraw = True
51.3360 	EXP 	window1: mouseVisible = True
51.3361 	EXP 	window1: mouseVisible = True
51.3362 	EXP 	window1: mouseVisible = True
51.3362 	EXP 	window1: mouseVisible = True
51.3362 	EXP 	window1: mouseVisible = True
51.3363 	EXP 	window1: mouseVisible = True
51.3363 	EXP 	window1: mouseVisible = True
51.3363 	EXP 	window1: mouseVisible = True
51.3364 	EXP 	window1: mouseVisible = True
51.3364 	EXP 	window1: mouseVisible = True
51.3364 	EXP 	window1: mouseVisible = True
51.3365 	EXP 	window1: mouseVisible = True
51.3365 	EXP 	window1: mouseVisible = True
51.3365 	EXP 	window1: mouseVisible = True
51.3366 	EXP 	window1: mouseVisible = True
51.3366 	EXP 	window1: mouseVisible = True
51.3366 	EXP 	window1: mouseVisible = True
51.3367 	EXP 	window1: mouseVisible = True
51.3367 	EXP 	window1: mouseVisible = True
51.3367 	EXP 	window1: mouseVisible = True
51.3368 	EXP 	window1: mouseVisible = True
51.3368 	EXP 	window1: mouseVisible = True
51.3368 	EXP 	window1: mouseVisible = True
51.3369 	EXP 	window1: mouseVisible = True
51.3369 	EXP 	window1: mouseVisible = True
51.3369 	EXP 	window1: mouseVisible = True
51.3370 	EXP 	window1: mouseVisible = True
51.3370 	EXP 	window1: mouseVisible = True
51.3370 	EXP 	window1: mouseVisible = True
51.3371 	EXP 	window1: mouseVisible = True
51.3371 	EXP 	window1: mouseVisible = True
51.3371 	EXP 	window1: mouseVisible = True
51.3372 	EXP 	window1: mouseVisible = True
51.3372 	EXP 	window1: mouseVisible = True
51.3372 	EXP 	window1: mouseVisible = True
51.3373 	EXP 	window1: mouseVisible = True
51.3373 	EXP 	window1: mouseVisible = True
51.3373 	EXP 	window1: mouseVisible = True
51.3374 	EXP 	window1: mouseVisible = True
51.3374 	EXP 	window1: mouseVisible = True
51.3375 	EXP 	window1: mouseVisible = True
51.3375 	EXP 	window1: mouseVisible = True
51.3375 	EXP 	window1: mouseVisible = True
51.3376 	EXP 	window1: mouseVisible = True
51.3376 	EXP 	window1: mouseVisible = True
51.3376 	EXP 	window1: mouseVisible = True
51.3377 	EXP 	window1: mouseVisible = True
51.3377 	EXP 	window1: mouseVisible = True
51.3377 	EXP 	window1: mouseVisible = True
51.3378 	EXP 	window1: mouseVisible = True
51.3378 	EXP 	window1: mouseVisible = True
51.3378 	EXP 	window1: mouseVisible = True
51.3379 	EXP 	window1: mouseVisible = True
51.3379 	EXP 	window1: mouseVisible = True
51.3379 	EXP 	window1: mouseVisible = True
51.3380 	EXP 	window1: mouseVisible = True
51.3380 	EXP 	window1: mouseVisible = True
51.3380 	EXP 	window1: mouseVisible = True
51.3381 	EXP 	window1: mouseVisible = True
51.3381 	EXP 	window1: mouseVisible = True
51.3381 	EXP 	window1: mouseVisible = True
51.3382 	EXP 	window1: mouseVisible = True
51.3382 	EXP 	window1: mouseVisible = True
51.3382 	EXP 	window1: mouseVisible = True
51.3383 	EXP 	window1: mouseVisible = True
51.3383 	EXP 	window1: mouseVisible = True
51.3383 	EXP 	window1: mouseVisible = True
51.3384 	EXP 	window1: mouseVisible = True
51.3384 	EXP 	window1: mouseVisible = True
51.3384 	EXP 	window1: mouseVisible = True
51.3385 	EXP 	window1: mouseVisible = True
51.3385 	EXP 	window1: mouseVisible = True
51.3385 	EXP 	window1: mouseVisible = True
51.3386 	EXP 	window1: mouseVisible = True
51.3386 	EXP 	window1: mouseVisible = True
51.3386 	EXP 	window1: mouseVisible = True
51.3387 	EXP 	window1: mouseVisible = True
51.3387 	EXP 	window1: mouseVisible = True
51.3387 	EXP 	window1: mouseVisible = True
51.3388 	EXP 	window1: mouseVisible = True
51.3388 	EXP 	window1: mouseVisible = True
51.3388 	EXP 	window1: mouseVisible = True
51.3389 	EXP 	window1: mouseVisible = True
51.3389 	EXP 	window1: mouseVisible = True
51.3389 	EXP 	window1: mouseVisible = True
51.3390 	EXP 	window1: mouseVisible = True
51.3390 	EXP 	window1: mouseVisible = True
51.3390 	EXP 	window1: mouseVisible = True
51.3391 	EXP 	window1: mouseVisible = True
51.3391 	EXP 	window1: mouseVisible = True
51.3391 	EXP 	window1: mouseVisible = True
51.3392 	EXP 	window1: mouseVisible = True
51.3392 	EXP 	window1: mouseVisible = True
51.3392 	EXP 	window1: mouseVisible = True
51.3393 	EXP 	window1: mouseVisible = True
51.3393 	EXP 	window1: mouseVisible = True
51.3393 	EXP 	window1: mouseVisible = True
51.3394 	EXP 	window1: mouseVisible = True
51.3394 	EXP 	window1: mouseVisible = True
51.3394 	EXP 	window1: mouseVisible = True
51.3395 	EXP 	window1: mouseVisible = True
51.3395 	EXP 	window1: mouseVisible = True
51.3395 	EXP 	window1: mouseVisible = True
51.3396 	EXP 	window1: mouseVisible = True
51.3396 	EXP 	window1: mouseVisible = True
51.3396 	EXP 	window1: mouseVisible = True
51.3397 	EXP 	window1: mouseVisible = True
51.3397 	EXP 	window1: mouseVisible = True
51.3397 	EXP 	window1: mouseVisible = True
51.3398 	EXP 	window1: mouseVisible = True
51.3398 	EXP 	window1: mouseVisible = True
51.3398 	EXP 	window1: mouseVisible = True
51.3399 	EXP 	window1: mouseVisible = True
51.3399 	EXP 	window1: mouseVisible = True
51.3399 	EXP 	window1: mouseVisible = True
51.3400 	EXP 	window1: mouseVisible = True
51.3400 	EXP 	window1: mouseVisible = True
51.3400 	EXP 	window1: mouseVisible = True
51.3401 	EXP 	window1: mouseVisible = True
51.3401 	EXP 	window1: mouseVisible = True
51.3401 	EXP 	window1: mouseVisible = True
51.3402 	EXP 	window1: mouseVisible = True
51.3402 	EXP 	window1: mouseVisible = True
51.3402 	EXP 	window1: mouseVisible = True
51.3403 	EXP 	window1: mouseVisible = True
51.3403 	EXP 	window1: mouseVisible = True
51.3403 	EXP 	window1: mouseVisible = True
51.3404 	EXP 	window1: mouseVisible = True
51.3404 	EXP 	window1: mouseVisible = True
51.3404 	EXP 	window1: mouseVisible = True
51.3405 	EXP 	window1: mouseVisible = True
51.3405 	EXP 	window1: mouseVisible = True
51.3406 	EXP 	window1: mouseVisible = True
51.3406 	EXP 	window1: mouseVisible = True
51.3406 	EXP 	window1: mouseVisible = True
51.3407 	EXP 	window1: mouseVisible = True
51.3407 	EXP 	window1: mouseVisible = True
51.3407 	EXP 	window1: mouseVisible = True
51.3408 	EXP 	window1: mouseVisible = True
51.3408 	EXP 	window1: mouseVisible = True
51.3408 	EXP 	window1: mouseVisible = True
51.3409 	EXP 	window1: mouseVisible = True
51.3409 	EXP 	window1: mouseVisible = True
51.3409 	EXP 	window1: mouseVisible = True
51.3410 	EXP 	window1: mouseVisible = True
51.3410 	EXP 	window1: mouseVisible = True
51.3410 	EXP 	window1: mouseVisible = True
51.3411 	EXP 	window1: mouseVisible = True
51.3411 	EXP 	window1: mouseVisible = True
51.3411 	EXP 	window1: mouseVisible = True
51.3412 	EXP 	window1: mouseVisible = True
51.3412 	EXP 	window1: mouseVisible = True
51.3412 	EXP 	window1: mouseVisible = True
51.3413 	EXP 	window1: mouseVisible = True
51.3413 	EXP 	window1: mouseVisible = True
51.3413 	EXP 	window1: mouseVisible = True
51.3414 	EXP 	window1: mouseVisible = True
51.3414 	EXP 	window1: mouseVisible = True
51.3414 	EXP 	window1: mouseVisible = True
51.3415 	EXP 	window1: mouseVisible = True
51.3415 	EXP 	window1: mouseVisible = True
51.3415 	EXP 	window1: mouseVisible = True
51.3415 	EXP 	window1: mouseVisible = True
51.3416 	EXP 	window1: mouseVisible = True
51.3416 	EXP 	window1: mouseVisible = True
51.3416 	EXP 	window1: mouseVisible = True
51.3417 	EXP 	window1: mouseVisible = True
51.3417 	EXP 	window1: mouseVisible = True
51.3417 	EXP 	window1: mouseVisible = True
51.3418 	EXP 	window1: mouseVisible = True
51.3418 	EXP 	window1: mouseVisible = True
51.3418 	EXP 	window1: mouseVisible = True
51.3419 	EXP 	window1: mouseVisible = True
51.3419 	EXP 	window1: mouseVisible = True
51.3419 	EXP 	window1: mouseVisible = True
51.3420 	EXP 	window1: mouseVisible = True
51.3420 	EXP 	window1: mouseVisible = True
51.3420 	EXP 	window1: mouseVisible = True
51.3421 	EXP 	window1: mouseVisible = True
51.3421 	EXP 	window1: mouseVisible = True
51.3421 	EXP 	window1: mouseVisible = True
51.3422 	EXP 	window1: mouseVisible = True
51.3422 	EXP 	window1: mouseVisible = True
51.3422 	EXP 	window1: mouseVisible = True
51.3423 	EXP 	window1: mouseVisible = True
51.3423 	EXP 	window1: mouseVisible = True
51.3423 	EXP 	window1: mouseVisible = True
51.3424 	EXP 	window1: mouseVisible = True
51.3424 	EXP 	window1: mouseVisible = True
51.3424 	EXP 	window1: mouseVisible = True
51.3425 	EXP 	window1: mouseVisible = True
51.3425 	EXP 	window1: mouseVisible = True
51.3425 	EXP 	window1: mouseVisible = True
51.3426 	EXP 	window1: mouseVisible = True
51.3426 	EXP 	window1: mouseVisible = True
51.3426 	EXP 	window1: mouseVisible = True
51.3427 	EXP 	window1: mouseVisible = True
51.3427 	EXP 	window1: mouseVisible = True
51.3427 	EXP 	window1: mouseVisible = True
51.3428 	EXP 	window1: mouseVisible = True
51.3428 	EXP 	window1: mouseVisible = True
51.3428 	EXP 	window1: mouseVisible = True
51.3429 	EXP 	window1: mouseVisible = True
51.3429 	EXP 	window1: mouseVisible = True
51.3429 	EXP 	window1: mouseVisible = True
51.3430 	EXP 	window1: mouseVisible = True
51.3430 	EXP 	window1: mouseVisible = True
51.3430 	EXP 	window1: mouseVisible = True
51.3430 	EXP 	window1: mouseVisible = True
51.3431 	EXP 	window1: mouseVisible = True
51.3431 	EXP 	window1: mouseVisible = True
51.3431 	EXP 	window1: mouseVisible = True
51.3432 	EXP 	window1: mouseVisible = True
51.3432 	EXP 	window1: mouseVisible = True
51.3432 	EXP 	window1: mouseVisible = True
51.3433 	EXP 	window1: mouseVisible = True
51.3433 	EXP 	window1: mouseVisible = True
51.3433 	EXP 	window1: mouseVisible = True
51.3434 	EXP 	window1: mouseVisible = True
51.3434 	EXP 	window1: mouseVisible = True
51.3434 	EXP 	window1: mouseVisible = True
51.3435 	EXP 	window1: mouseVisible = True
51.3435 	EXP 	window1: mouseVisible = True
51.3435 	EXP 	window1: mouseVisible = True
51.3436 	EXP 	window1: mouseVisible = True
51.3436 	EXP 	window1: mouseVisible = True
51.3436 	EXP 	window1: mouseVisible = True
51.3437 	EXP 	window1: mouseVisible = True
51.3437 	EXP 	window1: mouseVisible = True
51.3437 	EXP 	window1: mouseVisible = True
51.3438 	EXP 	window1: mouseVisible = True
51.3438 	EXP 	window1: mouseVisible = True
51.3438 	EXP 	window1: mouseVisible = True
51.3439 	EXP 	window1: mouseVisible = True
51.3439 	EXP 	window1: mouseVisible = True
51.3439 	EXP 	window1: mouseVisible = True
51.3439 	EXP 	window1: mouseVisible = True
51.3440 	EXP 	window1: mouseVisible = True
51.3440 	EXP 	window1: mouseVisible = True
51.3441 	EXP 	window1: mouseVisible = True
51.3441 	EXP 	window1: mouseVisible = True
51.3441 	EXP 	window1: mouseVisible = True
51.3441 	EXP 	window1: mouseVisible = True
51.3442 	EXP 	window1: mouseVisible = True
51.3442 	EXP 	window1: mouseVisible = True
51.3442 	EXP 	window1: mouseVisible = True
51.3443 	EXP 	window1: mouseVisible = True
51.3443 	EXP 	window1: mouseVisible = True
51.3443 	EXP 	window1: mouseVisible = True
51.3444 	EXP 	window1: mouseVisible = True
51.3444 	EXP 	window1: mouseVisible = True
51.3444 	EXP 	window1: mouseVisible = True
51.3445 	EXP 	window1: mouseVisible = True
51.3445 	EXP 	window1: mouseVisible = True
51.3445 	EXP 	window1: mouseVisible = True
51.3446 	EXP 	window1: mouseVisible = True
51.3446 	EXP 	window1: mouseVisible = True
51.3446 	EXP 	window1: mouseVisible = True
51.3446 	EXP 	window1: mouseVisible = True
51.3447 	EXP 	window1: mouseVisible = True
51.3447 	EXP 	window1: mouseVisible = True
51.3447 	EXP 	window1: mouseVisible = True
51.3448 	EXP 	window1: mouseVisible = True
51.3448 	EXP 	window1: mouseVisible = True
51.3448 	EXP 	window1: mouseVisible = True
51.3449 	EXP 	window1: mouseVisible = True
51.3449 	EXP 	window1: mouseVisible = True
51.3449 	EXP 	window1: mouseVisible = True
51.3450 	EXP 	window1: mouseVisible = True
51.3450 	EXP 	window1: mouseVisible = True
51.3450 	EXP 	window1: mouseVisible = True
51.3450 	EXP 	window1: mouseVisible = True
51.3451 	EXP 	window1: mouseVisible = True
51.3451 	EXP 	window1: mouseVisible = True
51.3451 	EXP 	window1: mouseVisible = True
51.3452 	EXP 	window1: mouseVisible = True
51.3452 	EXP 	window1: mouseVisible = True
51.3452 	EXP 	window1: mouseVisible = True
51.3453 	EXP 	window1: mouseVisible = True
51.3453 	EXP 	window1: mouseVisible = True
51.3453 	EXP 	window1: mouseVisible = True
51.3454 	EXP 	window1: mouseVisible = True
51.3454 	EXP 	window1: mouseVisible = True
51.3454 	EXP 	window1: mouseVisible = True
51.3454 	EXP 	window1: mouseVisible = True
51.3455 	EXP 	window1: mouseVisible = True
51.3455 	EXP 	window1: mouseVisible = True
51.3456 	EXP 	window1: mouseVisible = True
51.3456 	EXP 	window1: mouseVisible = True
51.3456 	EXP 	window1: mouseVisible = True
51.3457 	EXP 	window1: mouseVisible = True
51.3457 	EXP 	window1: mouseVisible = True
51.3457 	EXP 	window1: mouseVisible = True
51.3458 	EXP 	window1: mouseVisible = True
51.3458 	EXP 	window1: mouseVisible = True
51.3458 	EXP 	window1: mouseVisible = True
51.3459 	EXP 	window1: mouseVisible = True
51.3459 	EXP 	window1: mouseVisible = True
51.3459 	EXP 	window1: mouseVisible = True
51.3460 	EXP 	window1: mouseVisible = True
51.3460 	EXP 	window1: mouseVisible = True
51.3460 	EXP 	window1: mouseVisible = True
51.3460 	EXP 	window1: mouseVisible = True
51.3461 	EXP 	window1: mouseVisible = True
51.3461 	EXP 	window1: mouseVisible = True
51.3461 	EXP 	window1: mouseVisible = True
51.3462 	EXP 	window1: mouseVisible = True
51.3462 	EXP 	window1: mouseVisible = True
51.3462 	EXP 	window1: mouseVisible = True
51.3463 	EXP 	window1: mouseVisible = True
51.3463 	EXP 	window1: mouseVisible = True
51.3463 	EXP 	window1: mouseVisible = True
51.3464 	EXP 	window1: mouseVisible = True
51.3464 	EXP 	window1: mouseVisible = True
51.3464 	EXP 	window1: mouseVisible = True
51.3464 	EXP 	window1: mouseVisible = True
51.3465 	EXP 	window1: mouseVisible = True
51.3465 	EXP 	window1: mouseVisible = True
51.3465 	EXP 	window1: mouseVisible = True
51.3466 	EXP 	window1: mouseVisible = True
51.3466 	EXP 	window1: mouseVisible = True
51.3466 	EXP 	window1: mouseVisible = True
51.3467 	EXP 	window1: mouseVisible = True
51.3467 	EXP 	window1: mouseVisible = True
51.3467 	EXP 	window1: mouseVisible = True
51.3467 	EXP 	window1: mouseVisible = True
51.3468 	EXP 	window1: mouseVisible = True
51.3468 	EXP 	window1: mouseVisible = True
51.3468 	EXP 	window1: mouseVisible = True
51.3469 	EXP 	window1: mouseVisible = True
51.3469 	EXP 	window1: mouseVisible = True
51.3469 	EXP 	window1: mouseVisible = True
51.3470 	EXP 	window1: mouseVisible = True
51.3470 	EXP 	window1: mouseVisible = True
51.3470 	EXP 	window1: mouseVisible = True
51.3471 	EXP 	window1: mouseVisible = True
51.3471 	EXP 	window1: mouseVisible = True
51.3471 	EXP 	window1: mouseVisible = True
51.3471 	EXP 	window1: mouseVisible = True
51.3472 	EXP 	window1: mouseVisible = True
51.3472 	EXP 	window1: mouseVisible = True
51.3472 	EXP 	window1: mouseVisible = True
51.3473 	EXP 	window1: mouseVisible = True
51.3473 	EXP 	window1: mouseVisible = True
51.3473 	EXP 	window1: mouseVisible = True
51.3474 	EXP 	window1: mouseVisible = True
51.3474 	EXP 	window1: mouseVisible = True
51.3474 	EXP 	window1: mouseVisible = True
51.3475 	EXP 	window1: mouseVisible = True
51.3475 	EXP 	window1: mouseVisible = True
51.3475 	EXP 	window1: mouseVisible = True
51.3475 	EXP 	window1: mouseVisible = True
51.3476 	EXP 	window1: mouseVisible = True
51.3476 	EXP 	window1: mouseVisible = True
51.3476 	EXP 	window1: mouseVisible = True
51.3477 	EXP 	window1: mouseVisible = True
51.3477 	EXP 	window1: mouseVisible = True
51.3477 	EXP 	window1: mouseVisible = True
51.3478 	EXP 	window1: mouseVisible = True
51.3478 	EXP 	window1: mouseVisible = True
51.3478 	EXP 	window1: mouseVisible = True
51.3479 	EXP 	window1: mouseVisible = True
51.3479 	EXP 	window1: mouseVisible = True
51.3479 	EXP 	window1: mouseVisible = True
51.3479 	EXP 	window1: mouseVisible = True
51.3480 	EXP 	window1: mouseVisible = True
51.3480 	EXP 	window1: mouseVisible = True
51.3480 	EXP 	window1: mouseVisible = True
51.3481 	EXP 	window1: mouseVisible = True
51.3481 	EXP 	window1: mouseVisible = True
51.3481 	EXP 	window1: mouseVisible = True
51.3482 	EXP 	window1: mouseVisible = True
51.3482 	EXP 	window1: mouseVisible = True
51.3482 	EXP 	window1: mouseVisible = True
51.3483 	EXP 	window1: mouseVisible = True
51.3483 	EXP 	window1: mouseVisible = True
51.3483 	EXP 	window1: mouseVisible = True
51.3483 	EXP 	window1: mouseVisible = True
51.3484 	EXP 	window1: mouseVisible = True
51.3484 	EXP 	window1: mouseVisible = True
51.3484 	EXP 	window1: mouseVisible = True
51.3485 	EXP 	window1: mouseVisible = True
51.3485 	EXP 	window1: mouseVisible = True
51.3485 	EXP 	window1: mouseVisible = True
51.3486 	EXP 	window1: mouseVisible = True
51.3486 	EXP 	window1: mouseVisible = True
51.3486 	EXP 	window1: mouseVisible = True
51.3487 	EXP 	window1: mouseVisible = True
51.3487 	EXP 	window1: mouseVisible = True
51.3487 	EXP 	window1: mouseVisible = True
51.3487 	EXP 	window1: mouseVisible = True
51.3488 	EXP 	window1: mouseVisible = True
51.3488 	EXP 	window1: mouseVisible = True
51.3488 	EXP 	window1: mouseVisible = True
51.3489 	EXP 	window1: mouseVisible = True
51.3489 	EXP 	window1: mouseVisible = True
51.3489 	EXP 	window1: mouseVisible = True
51.3490 	EXP 	window1: mouseVisible = True
51.3490 	EXP 	window1: mouseVisible = True
51.3490 	EXP 	window1: mouseVisible = True
51.3491 	EXP 	window1: mouseVisible = True
51.3491 	EXP 	window1: mouseVisible = True
51.3491 	EXP 	window1: mouseVisible = True
51.3491 	EXP 	window1: mouseVisible = True
51.3492 	EXP 	window1: mouseVisible = True
51.3492 	EXP 	window1: mouseVisible = True
51.3492 	EXP 	window1: mouseVisible = True
51.3493 	EXP 	window1: mouseVisible = True
51.3493 	EXP 	window1: mouseVisible = True
51.3493 	EXP 	window1: mouseVisible = True
51.3494 	EXP 	window1: mouseVisible = True
51.3494 	EXP 	window1: mouseVisible = True
51.3494 	EXP 	window1: mouseVisible = True
51.3495 	EXP 	window1: mouseVisible = True
51.3495 	EXP 	window1: mouseVisible = True
51.3495 	EXP 	window1: mouseVisible = True
51.3495 	EXP 	window1: mouseVisible = True
51.3496 	EXP 	window1: mouseVisible = True
51.3496 	EXP 	window1: mouseVisible = True
51.3496 	EXP 	window1: mouseVisible = True
51.3497 	EXP 	window1: mouseVisible = True
51.3497 	EXP 	window1: mouseVisible = True
51.3497 	EXP 	window1: mouseVisible = True
51.3498 	EXP 	window1: mouseVisible = True
51.3498 	EXP 	window1: mouseVisible = True
51.3498 	EXP 	window1: mouseVisible = True
51.3499 	EXP 	window1: mouseVisible = True
51.3499 	EXP 	window1: mouseVisible = True
51.3499 	EXP 	window1: mouseVisible = True
51.3499 	EXP 	window1: mouseVisible = True
51.3500 	EXP 	window1: mouseVisible = True
51.3500 	EXP 	window1: mouseVisible = True
51.3500 	EXP 	window1: mouseVisible = True
51.3501 	EXP 	window1: mouseVisible = True
51.3501 	EXP 	window1: mouseVisible = True
51.3501 	EXP 	window1: mouseVisible = True
51.3502 	EXP 	window1: mouseVisible = True
51.3502 	EXP 	window1: mouseVisible = True
51.3502 	EXP 	window1: mouseVisible = True
51.3502 	EXP 	window1: mouseVisible = True
51.3503 	EXP 	window1: mouseVisible = True
51.3503 	EXP 	window1: mouseVisible = True
51.3503 	EXP 	window1: mouseVisible = True
51.3504 	EXP 	window1: mouseVisible = True
51.3504 	EXP 	window1: mouseVisible = True
51.3505 	EXP 	window1: mouseVisible = True
51.3505 	EXP 	window1: mouseVisible = True
51.3505 	EXP 	window1: mouseVisible = True
51.3506 	EXP 	window1: mouseVisible = True
51.3506 	EXP 	window1: mouseVisible = True
51.3506 	EXP 	window1: mouseVisible = True
51.3507 	EXP 	window1: mouseVisible = True
51.3507 	EXP 	window1: mouseVisible = True
51.3507 	EXP 	window1: mouseVisible = True
51.3507 	EXP 	window1: mouseVisible = True
51.3508 	EXP 	window1: mouseVisible = True
51.3508 	EXP 	window1: mouseVisible = True
51.3508 	EXP 	window1: mouseVisible = True
51.3509 	EXP 	window1: mouseVisible = True
51.3509 	EXP 	window1: mouseVisible = True
51.3509 	EXP 	window1: mouseVisible = True
51.3510 	EXP 	window1: mouseVisible = True
51.3510 	EXP 	window1: mouseVisible = True
51.3510 	EXP 	window1: mouseVisible = True
51.3510 	EXP 	window1: mouseVisible = True
51.3511 	EXP 	window1: mouseVisible = True
51.3511 	EXP 	window1: mouseVisible = True
51.3511 	EXP 	window1: mouseVisible = True
51.3512 	EXP 	window1: mouseVisible = True
51.3512 	EXP 	window1: mouseVisible = True
51.3512 	EXP 	window1: mouseVisible = True
51.3513 	EXP 	window1: mouseVisible = True
51.3513 	EXP 	window1: mouseVisible = True
51.3514 	EXP 	window1: mouseVisible = True
51.3514 	EXP 	window1: mouseVisible = True
51.3515 	EXP 	window1: mouseVisible = True
51.3515 	EXP 	window1: mouseVisible = True
51.3516 	EXP 	window1: mouseVisible = True
51.3516 	EXP 	window1: mouseVisible = True
51.3516 	EXP 	window1: mouseVisible = True
51.3517 	EXP 	window1: mouseVisible = True
51.3517 	EXP 	window1: mouseVisible = True
51.3517 	EXP 	window1: mouseVisible = True
51.3518 	EXP 	window1: mouseVisible = True
51.3518 	EXP 	window1: mouseVisible = True
51.3518 	EXP 	window1: mouseVisible = True
51.3519 	EXP 	window1: mouseVisible = True
51.3519 	EXP 	window1: mouseVisible = True
51.3519 	EXP 	window1: mouseVisible = True
51.3520 	EXP 	window1: mouseVisible = True
51.3521 	EXP 	window1: mouseVisible = True
51.3521 	EXP 	window1: mouseVisible = True
51.3521 	EXP 	window1: mouseVisible = True
51.3521 	EXP 	window1: mouseVisible = True
51.3522 	EXP 	window1: mouseVisible = True
51.3522 	EXP 	window1: mouseVisible = True
51.3522 	EXP 	window1: mouseVisible = True
51.3523 	EXP 	window1: mouseVisible = True
51.3523 	EXP 	window1: mouseVisible = True
51.3523 	EXP 	window1: mouseVisible = True
51.3524 	EXP 	window1: mouseVisible = True
51.3524 	EXP 	window1: mouseVisible = True
51.3524 	EXP 	window1: mouseVisible = True
51.3525 	EXP 	window1: mouseVisible = True
51.3525 	EXP 	window1: mouseVisible = True
51.3525 	EXP 	window1: mouseVisible = True
51.3526 	EXP 	window1: mouseVisible = True
51.3526 	EXP 	window1: mouseVisible = True
51.3527 	EXP 	window1: mouseVisible = True
51.3527 	EXP 	window1: mouseVisible = True
51.3528 	EXP 	window1: mouseVisible = True
51.3529 	EXP 	window1: mouseVisible = True
51.3529 	EXP 	window1: mouseVisible = True
51.3529 	EXP 	window1: mouseVisible = True
51.3530 	EXP 	window1: mouseVisible = True
51.3530 	EXP 	window1: mouseVisible = True
51.3531 	EXP 	window1: mouseVisible = True
51.3531 	EXP 	window1: mouseVisible = True
51.3531 	EXP 	window1: mouseVisible = True
51.3532 	EXP 	window1: mouseVisible = True
51.3532 	EXP 	window1: mouseVisible = True
51.3532 	EXP 	window1: mouseVisible = True
51.3533 	EXP 	window1: mouseVisible = True
51.3533 	EXP 	window1: mouseVisible = True
51.3533 	EXP 	window1: mouseVisible = True
51.3534 	EXP 	window1: mouseVisible = True
51.3534 	EXP 	window1: mouseVisible = True
51.3534 	EXP 	window1: mouseVisible = True
51.3535 	EXP 	window1: mouseVisible = True
51.3535 	EXP 	window1: mouseVisible = True
51.3535 	EXP 	window1: mouseVisible = True
51.3536 	EXP 	window1: mouseVisible = True
51.3536 	EXP 	window1: mouseVisible = True
51.3536 	EXP 	window1: mouseVisible = True
51.3536 	EXP 	window1: mouseVisible = True
51.3537 	EXP 	window1: mouseVisible = True
51.3537 	EXP 	window1: mouseVisible = True
51.3537 	EXP 	window1: mouseVisible = True
51.3538 	EXP 	window1: mouseVisible = True
51.3538 	EXP 	window1: mouseVisible = True
51.3538 	EXP 	window1: mouseVisible = True
51.3539 	EXP 	window1: mouseVisible = True
51.3539 	EXP 	window1: mouseVisible = True
51.3539 	EXP 	window1: mouseVisible = True
51.3540 	EXP 	window1: mouseVisible = True
51.3540 	EXP 	window1: mouseVisible = True
51.3540 	EXP 	window1: mouseVisible = True
51.3540 	EXP 	window1: mouseVisible = True
51.3541 	EXP 	window1: mouseVisible = True
51.3541 	EXP 	window1: mouseVisible = True
51.3541 	EXP 	window1: mouseVisible = True
51.3542 	EXP 	window1: mouseVisible = True
51.3542 	EXP 	window1: mouseVisible = True
51.3542 	EXP 	window1: mouseVisible = True
51.3543 	EXP 	window1: mouseVisible = True
51.3543 	EXP 	window1: mouseVisible = True
51.3543 	EXP 	window1: mouseVisible = True
51.3544 	EXP 	window1: mouseVisible = True
51.3544 	EXP 	window1: mouseVisible = True
51.3544 	EXP 	window1: mouseVisible = True
51.3544 	EXP 	window1: mouseVisible = True
51.3545 	EXP 	window1: mouseVisible = True
51.3545 	EXP 	window1: mouseVisible = True
51.3545 	EXP 	window1: mouseVisible = True
51.3546 	EXP 	window1: mouseVisible = True
51.3546 	EXP 	window1: mouseVisible = True
51.3546 	EXP 	window1: mouseVisible = True
51.3547 	EXP 	window1: mouseVisible = True
51.3547 	EXP 	window1: mouseVisible = True
51.3547 	EXP 	window1: mouseVisible = True
51.3548 	EXP 	window1: mouseVisible = True
51.3548 	EXP 	window1: mouseVisible = True
51.3548 	EXP 	window1: mouseVisible = True
51.3548 	EXP 	window1: mouseVisible = True
51.3549 	EXP 	window1: mouseVisible = True
51.3549 	EXP 	window1: mouseVisible = True
51.3549 	EXP 	window1: mouseVisible = True
51.3550 	EXP 	window1: mouseVisible = True
51.3550 	EXP 	window1: mouseVisible = True
51.3550 	EXP 	window1: mouseVisible = True
51.3551 	EXP 	window1: mouseVisible = True
51.3551 	EXP 	window1: mouseVisible = True
51.3551 	EXP 	window1: mouseVisible = True
51.3552 	EXP 	window1: mouseVisible = True
51.3552 	EXP 	window1: mouseVisible = True
51.3552 	EXP 	window1: mouseVisible = True
51.3553 	EXP 	window1: mouseVisible = True
51.3553 	EXP 	window1: mouseVisible = True
51.3553 	EXP 	window1: mouseVisible = True
51.3554 	EXP 	window1: mouseVisible = True
51.3554 	EXP 	window1: mouseVisible = True
51.3554 	EXP 	window1: mouseVisible = True
51.3554 	EXP 	window1: mouseVisible = True
51.3555 	EXP 	window1: mouseVisible = True
51.3555 	EXP 	window1: mouseVisible = True
51.3555 	EXP 	window1: mouseVisible = True
51.3556 	EXP 	window1: mouseVisible = True
51.3556 	EXP 	window1: mouseVisible = True
51.3556 	EXP 	window1: mouseVisible = True
51.3557 	EXP 	window1: mouseVisible = True
51.3557 	EXP 	window1: mouseVisible = True
51.3558 	EXP 	window1: mouseVisible = True
51.3558 	EXP 	window1: mouseVisible = True
51.3558 	EXP 	window1: mouseVisible = True
51.3559 	EXP 	window1: mouseVisible = True
51.3559 	EXP 	window1: mouseVisible = True
51.3559 	EXP 	window1: mouseVisible = True
51.3559 	EXP 	window1: mouseVisible = True
51.3560 	EXP 	window1: mouseVisible = True
51.3560 	EXP 	window1: mouseVisible = True
51.3560 	EXP 	window1: mouseVisible = True
51.3561 	EXP 	window1: mouseVisible = True
51.3561 	EXP 	window1: mouseVisible = True
51.3561 	EXP 	window1: mouseVisible = True
51.3562 	EXP 	window1: mouseVisible = True
51.3562 	EXP 	window1: mouseVisible = True
51.3562 	EXP 	window1: mouseVisible = True
51.3563 	EXP 	window1: mouseVisible = True
51.3563 	EXP 	window1: mouseVisible = True
51.3563 	EXP 	window1: mouseVisible = True
51.3563 	EXP 	window1: mouseVisible = True
51.3564 	EXP 	window1: mouseVisible = True
51.3564 	EXP 	window1: mouseVisible = True
51.3564 	EXP 	window1: mouseVisible = True
51.3565 	EXP 	window1: mouseVisible = True
51.3565 	EXP 	window1: mouseVisible = True
51.3565 	EXP 	window1: mouseVisible = True
51.3566 	EXP 	window1: mouseVisible = True
51.3566 	EXP 	window1: mouseVisible = True
51.3566 	EXP 	window1: mouseVisible = True
51.3567 	EXP 	window1: mouseVisible = True
51.3567 	EXP 	window1: mouseVisible = True
51.3567 	EXP 	window1: mouseVisible = True
51.3567 	EXP 	window1: mouseVisible = True
51.3568 	EXP 	window1: mouseVisible = True
51.3568 	EXP 	window1: mouseVisible = True
51.3568 	EXP 	window1: mouseVisible = True
51.3569 	EXP 	window1: mouseVisible = True
51.3569 	EXP 	window1: mouseVisible = True
51.3569 	EXP 	window1: mouseVisible = True
51.3570 	EXP 	window1: mouseVisible = True
51.3570 	EXP 	window1: mouseVisible = True
51.3570 	EXP 	window1: mouseVisible = True
51.3571 	EXP 	window1: mouseVisible = True
51.3571 	EXP 	window1: mouseVisible = True
51.3571 	EXP 	window1: mouseVisible = True
51.3571 	EXP 	window1: mouseVisible = True
51.3572 	EXP 	window1: mouseVisible = True
51.3572 	EXP 	window1: mouseVisible = True
51.3572 	EXP 	window1: mouseVisible = True
51.3573 	EXP 	window1: mouseVisible = True
51.3573 	EXP 	window1: mouseVisible = True
51.3573 	EXP 	window1: mouseVisible = True
51.3574 	EXP 	window1: mouseVisible = True
51.3574 	EXP 	window1: mouseVisible = True
51.3574 	EXP 	window1: mouseVisible = True
51.3574 	EXP 	window1: mouseVisible = True
51.3575 	EXP 	window1: mouseVisible = True
51.3575 	EXP 	window1: mouseVisible = True
51.3575 	EXP 	window1: mouseVisible = True
51.3576 	EXP 	window1: mouseVisible = True
51.3576 	EXP 	window1: mouseVisible = True
51.3576 	EXP 	window1: mouseVisible = True
51.3577 	EXP 	window1: mouseVisible = True
51.3577 	EXP 	window1: mouseVisible = True
51.3577 	EXP 	window1: mouseVisible = True
51.3578 	EXP 	window1: mouseVisible = True
51.3578 	EXP 	window1: mouseVisible = True
51.3578 	EXP 	window1: mouseVisible = True
51.3578 	EXP 	window1: mouseVisible = True
51.3579 	EXP 	window1: mouseVisible = True
51.3579 	EXP 	window1: mouseVisible = True
51.3580 	EXP 	window1: mouseVisible = True
51.3580 	EXP 	window1: mouseVisible = True
51.3580 	EXP 	window1: mouseVisible = True
51.3581 	EXP 	window1: mouseVisible = True
51.3581 	EXP 	window1: mouseVisible = True
51.3581 	EXP 	window1: mouseVisible = True
51.3582 	EXP 	window1: mouseVisible = True
51.3582 	EXP 	window1: mouseVisible = True
51.3582 	EXP 	window1: mouseVisible = True
51.3583 	EXP 	window1: mouseVisible = True
51.3583 	EXP 	window1: mouseVisible = True
51.3583 	EXP 	window1: mouseVisible = True
51.3584 	EXP 	window1: mouseVisible = True
51.3584 	EXP 	window1: mouseVisible = True
51.3584 	EXP 	window1: mouseVisible = True
51.3584 	EXP 	window1: mouseVisible = True
51.3585 	EXP 	window1: mouseVisible = True
51.3585 	EXP 	window1: mouseVisible = True
51.3585 	EXP 	window1: mouseVisible = True
51.3586 	EXP 	window1: mouseVisible = True
51.3586 	EXP 	window1: mouseVisible = True
51.3586 	EXP 	window1: mouseVisible = True
51.3587 	EXP 	window1: mouseVisible = True
51.3587 	EXP 	window1: mouseVisible = True
51.3587 	EXP 	window1: mouseVisible = True
51.3588 	EXP 	window1: mouseVisible = True
51.3588 	EXP 	window1: mouseVisible = True
51.3588 	EXP 	window1: mouseVisible = True
51.3588 	EXP 	window1: mouseVisible = True
51.3589 	EXP 	window1: mouseVisible = True
51.3589 	EXP 	window1: mouseVisible = True
51.3589 	EXP 	window1: mouseVisible = True
51.3590 	EXP 	window1: mouseVisible = True
51.3590 	EXP 	window1: mouseVisible = True
51.3590 	EXP 	window1: mouseVisible = True
51.3591 	EXP 	window1: mouseVisible = True
51.3591 	EXP 	window1: mouseVisible = True
51.3591 	EXP 	window1: mouseVisible = True
51.3591 	EXP 	window1: mouseVisible = True
51.3592 	EXP 	window1: mouseVisible = True
51.3592 	EXP 	window1: mouseVisible = True
51.3592 	EXP 	window1: mouseVisible = True
51.3593 	EXP 	window1: mouseVisible = True
51.3593 	EXP 	window1: mouseVisible = True
51.3593 	EXP 	window1: mouseVisible = True
51.3594 	EXP 	window1: mouseVisible = True
51.3594 	EXP 	window1: mouseVisible = True
51.3594 	EXP 	window1: mouseVisible = True
51.3595 	EXP 	window1: mouseVisible = True
51.3595 	EXP 	window1: mouseVisible = True
51.3595 	EXP 	window1: mouseVisible = True
51.3595 	EXP 	window1: mouseVisible = True
51.3596 	EXP 	window1: mouseVisible = True
51.3596 	EXP 	window1: mouseVisible = True
51.3596 	EXP 	window1: mouseVisible = True
51.3597 	EXP 	window1: mouseVisible = True
51.3597 	EXP 	window1: mouseVisible = True
51.3597 	EXP 	window1: mouseVisible = True
51.3598 	EXP 	window1: mouseVisible = True
51.3598 	EXP 	window1: mouseVisible = True
51.3598 	EXP 	window1: mouseVisible = True
51.3598 	EXP 	window1: mouseVisible = True
51.3599 	EXP 	window1: mouseVisible = True
51.3599 	EXP 	window1: mouseVisible = True
51.3599 	EXP 	window1: mouseVisible = True
51.3600 	EXP 	window1: mouseVisible = True
51.3600 	EXP 	window1: mouseVisible = True
51.3600 	EXP 	window1: mouseVisible = True
51.3601 	EXP 	window1: mouseVisible = True
51.3601 	EXP 	window1: mouseVisible = True
51.3601 	EXP 	window1: mouseVisible = True
51.3601 	EXP 	window1: mouseVisible = True
51.3602 	EXP 	window1: mouseVisible = True
51.3602 	EXP 	window1: mouseVisible = True
51.3602 	EXP 	window1: mouseVisible = True
51.3603 	EXP 	window1: mouseVisible = True
51.3603 	EXP 	window1: mouseVisible = True
51.3603 	EXP 	window1: mouseVisible = True
51.3604 	EXP 	window1: mouseVisible = True
51.3604 	EXP 	window1: mouseVisible = True
51.3604 	EXP 	window1: mouseVisible = True
51.3605 	EXP 	window1: mouseVisible = True
51.3605 	EXP 	window1: mouseVisible = True
51.3606 	EXP 	window1: mouseVisible = True
51.3606 	EXP 	window1: mouseVisible = True
51.3606 	EXP 	window1: mouseVisible = True
51.3607 	EXP 	window1: mouseVisible = True
51.3607 	EXP 	window1: mouseVisible = True
51.3607 	EXP 	window1: mouseVisible = True
51.3608 	EXP 	window1: mouseVisible = True
51.3608 	EXP 	window1: mouseVisible = True
51.3608 	EXP 	window1: mouseVisible = True
51.3609 	EXP 	window1: mouseVisible = True
51.3609 	EXP 	window1: mouseVisible = True
51.3609 	EXP 	window1: mouseVisible = True
51.3610 	EXP 	window1: mouseVisible = True
51.3610 	EXP 	window1: mouseVisible = True
51.3611 	EXP 	window1: mouseVisible = True
51.3611 	EXP 	window1: mouseVisible = True
51.3611 	EXP 	window1: mouseVisible = True
51.3611 	EXP 	window1: mouseVisible = True
51.3612 	EXP 	window1: mouseVisible = True
51.3612 	EXP 	window1: mouseVisible = True
51.3612 	EXP 	window1: mouseVisible = True
51.3613 	EXP 	window1: mouseVisible = True
51.3613 	EXP 	window1: mouseVisible = True
51.3613 	EXP 	window1: mouseVisible = True
51.3614 	EXP 	window1: mouseVisible = True
51.3614 	EXP 	window1: mouseVisible = True
51.3614 	EXP 	window1: mouseVisible = True
51.3615 	EXP 	window1: mouseVisible = True
51.3615 	EXP 	window1: mouseVisible = True
51.3615 	EXP 	window1: mouseVisible = True
51.3616 	EXP 	window1: mouseVisible = True
51.3616 	EXP 	window1: mouseVisible = True
51.3616 	EXP 	window1: mouseVisible = True
51.3617 	EXP 	window1: mouseVisible = True
51.3617 	EXP 	window1: mouseVisible = True
51.3617 	EXP 	window1: mouseVisible = True
51.3617 	EXP 	window1: mouseVisible = True
51.3618 	EXP 	window1: mouseVisible = True
51.3618 	EXP 	window1: mouseVisible = True
51.3618 	EXP 	window1: mouseVisible = True
51.3619 	EXP 	window1: mouseVisible = True
51.3619 	EXP 	window1: mouseVisible = True
51.3619 	EXP 	window1: mouseVisible = True
51.3620 	EXP 	window1: mouseVisible = True
51.3620 	EXP 	window1: mouseVisible = True
51.3620 	EXP 	window1: mouseVisible = True
51.3621 	EXP 	window1: mouseVisible = True
51.3621 	EXP 	window1: mouseVisible = True
51.3621 	EXP 	window1: mouseVisible = True
51.3622 	EXP 	window1: mouseVisible = True
51.3622 	EXP 	window1: mouseVisible = True
51.3622 	EXP 	window1: mouseVisible = True
51.3623 	EXP 	window1: mouseVisible = True
51.3623 	EXP 	window1: mouseVisible = True
51.3623 	EXP 	window1: mouseVisible = True
51.3623 	EXP 	window1: mouseVisible = True
51.3624 	EXP 	window1: mouseVisible = True
51.3624 	EXP 	window1: mouseVisible = True
51.3624 	EXP 	window1: mouseVisible = True
51.3625 	EXP 	window1: mouseVisible = True
51.3625 	EXP 	window1: mouseVisible = True
51.3625 	EXP 	window1: mouseVisible = True
51.3626 	EXP 	window1: mouseVisible = True
51.3626 	EXP 	window1: mouseVisible = True
51.3626 	EXP 	window1: mouseVisible = True
51.3627 	EXP 	window1: mouseVisible = True
51.3627 	EXP 	window1: mouseVisible = True
51.3627 	EXP 	window1: mouseVisible = True
51.3628 	EXP 	window1: mouseVisible = True
51.3628 	EXP 	window1: mouseVisible = True
51.3628 	EXP 	window1: mouseVisible = True
51.3628 	EXP 	window1: mouseVisible = True
51.3629 	EXP 	window1: mouseVisible = True
51.3629 	EXP 	window1: mouseVisible = True
51.3629 	EXP 	window1: mouseVisible = True
51.3630 	EXP 	window1: mouseVisible = True
51.3630 	EXP 	window1: mouseVisible = True
51.3630 	EXP 	window1: mouseVisible = True
51.3631 	EXP 	window1: mouseVisible = True
51.3631 	EXP 	window1: mouseVisible = True
51.3631 	EXP 	window1: mouseVisible = True
51.3632 	EXP 	window1: mouseVisible = True
51.3632 	EXP 	window1: mouseVisible = True
51.3632 	EXP 	window1: mouseVisible = True
51.3633 	EXP 	window1: mouseVisible = True
51.3633 	EXP 	window1: mouseVisible = True
51.3633 	EXP 	window1: mouseVisible = True
51.3634 	EXP 	window1: mouseVisible = True
51.3634 	EXP 	window1: mouseVisible = True
51.3634 	EXP 	window1: mouseVisible = True
51.3634 	EXP 	window1: mouseVisible = True
51.3635 	EXP 	window1: mouseVisible = True
51.3635 	EXP 	window1: mouseVisible = True
51.3635 	EXP 	window1: mouseVisible = True
51.3636 	EXP 	window1: mouseVisible = True
51.3636 	EXP 	window1: mouseVisible = True
51.3636 	EXP 	window1: mouseVisible = True
51.3637 	EXP 	window1: mouseVisible = True
51.3637 	EXP 	window1: mouseVisible = True
51.3637 	EXP 	window1: mouseVisible = True
51.3638 	EXP 	window1: mouseVisible = True
51.3638 	EXP 	window1: mouseVisible = True
51.3638 	EXP 	window1: mouseVisible = True
51.3639 	EXP 	window1: mouseVisible = True
51.3639 	EXP 	window1: mouseVisible = True
51.3639 	EXP 	window1: mouseVisible = True
51.3640 	EXP 	window1: mouseVisible = True
51.3640 	EXP 	window1: mouseVisible = True
51.3640 	EXP 	window1: mouseVisible = True
51.3641 	EXP 	window1: mouseVisible = True
51.3641 	EXP 	window1: mouseVisible = True
51.3641 	EXP 	window1: mouseVisible = True
51.3642 	EXP 	window1: mouseVisible = True
51.3642 	EXP 	window1: mouseVisible = True
51.3642 	EXP 	window1: mouseVisible = True
51.3643 	EXP 	window1: mouseVisible = True
51.3643 	EXP 	window1: mouseVisible = True
51.3643 	EXP 	window1: mouseVisible = True
51.3644 	EXP 	window1: mouseVisible = True
51.3644 	EXP 	window1: mouseVisible = True
51.3644 	EXP 	window1: mouseVisible = True
51.3645 	EXP 	window1: mouseVisible = True
51.3645 	EXP 	window1: mouseVisible = True
51.3645 	EXP 	window1: mouseVisible = True
51.3646 	EXP 	window1: mouseVisible = True
51.3646 	EXP 	window1: mouseVisible = True
51.3646 	EXP 	window1: mouseVisible = True
51.3646 	EXP 	window1: mouseVisible = True
51.3647 	EXP 	window1: mouseVisible = True
51.3647 	EXP 	window1: mouseVisible = True
51.3647 	EXP 	window1: mouseVisible = True
51.3648 	EXP 	window1: mouseVisible = True
51.3648 	EXP 	window1: mouseVisible = True
51.3648 	EXP 	window1: mouseVisible = True
51.3649 	EXP 	window1: mouseVisible = True
51.3650 	EXP 	window1: mouseVisible = True
51.3650 	EXP 	window1: mouseVisible = True
51.3650 	EXP 	window1: mouseVisible = True
51.3651 	EXP 	window1: mouseVisible = True
51.3651 	EXP 	window1: mouseVisible = True
51.3651 	EXP 	window1: mouseVisible = True
51.3652 	EXP 	window1: mouseVisible = True
51.3652 	EXP 	window1: mouseVisible = True
51.3652 	EXP 	window1: mouseVisible = True
51.3653 	EXP 	window1: mouseVisible = True
51.3653 	EXP 	window1: mouseVisible = True
51.3653 	EXP 	window1: mouseVisible = True
51.3653 	EXP 	window1: mouseVisible = True
51.3654 	EXP 	window1: mouseVisible = True
51.3654 	EXP 	window1: mouseVisible = True
51.3654 	EXP 	window1: mouseVisible = True
51.3655 	EXP 	window1: mouseVisible = True
51.3655 	EXP 	window1: mouseVisible = True
51.3655 	EXP 	window1: mouseVisible = True
51.3656 	EXP 	window1: mouseVisible = True
51.3656 	EXP 	window1: mouseVisible = True
51.3660 	EXP 	window1: mouseVisible = True
51.3661 	EXP 	window1: mouseVisible = True
51.3661 	EXP 	window1: mouseVisible = True
51.3661 	EXP 	window1: mouseVisible = True
51.3662 	EXP 	window1: mouseVisible = True
51.3662 	EXP 	window1: mouseVisible = True
51.3662 	EXP 	window1: mouseVisible = True
51.3663 	EXP 	window1: mouseVisible = True
51.3663 	EXP 	window1: mouseVisible = True
51.3663 	EXP 	window1: mouseVisible = True
51.3664 	EXP 	window1: mouseVisible = True
51.3664 	EXP 	window1: mouseVisible = True
51.3664 	EXP 	window1: mouseVisible = True
51.3664 	EXP 	window1: mouseVisible = True
51.3665 	EXP 	window1: mouseVisible = True
51.3665 	EXP 	window1: mouseVisible = True
51.3665 	EXP 	window1: mouseVisible = True
51.3666 	EXP 	window1: mouseVisible = True
51.3666 	EXP 	window1: mouseVisible = True
51.3666 	EXP 	window1: mouseVisible = True
51.3667 	EXP 	window1: mouseVisible = True
51.3667 	EXP 	window1: mouseVisible = True
51.3668 	EXP 	window1: mouseVisible = True
51.3668 	EXP 	window1: mouseVisible = True
51.3668 	EXP 	window1: mouseVisible = True
51.3669 	EXP 	window1: mouseVisible = True
51.3669 	EXP 	window1: mouseVisible = True
51.3669 	EXP 	window1: mouseVisible = True
51.3670 	EXP 	window1: mouseVisible = True
51.3670 	EXP 	window1: mouseVisible = True
51.3670 	EXP 	window1: mouseVisible = True
51.3670 	EXP 	window1: mouseVisible = True
51.3671 	EXP 	window1: mouseVisible = True
51.3671 	EXP 	window1: mouseVisible = True
51.3671 	EXP 	window1: mouseVisible = True
51.3672 	EXP 	window1: mouseVisible = True
51.3672 	EXP 	window1: mouseVisible = True
51.3672 	EXP 	window1: mouseVisible = True
51.3673 	EXP 	window1: mouseVisible = True
51.3673 	EXP 	window1: mouseVisible = True
51.3673 	EXP 	window1: mouseVisible = True
51.3674 	EXP 	window1: mouseVisible = True
51.3674 	EXP 	window1: mouseVisible = True
51.3674 	EXP 	window1: mouseVisible = True
51.3675 	EXP 	window1: mouseVisible = True
51.3675 	EXP 	window1: mouseVisible = True
51.3675 	EXP 	window1: mouseVisible = True
51.3676 	EXP 	window1: mouseVisible = True
51.3676 	EXP 	window1: mouseVisible = True
51.3676 	EXP 	window1: mouseVisible = True
51.3677 	EXP 	window1: mouseVisible = True
51.3677 	EXP 	window1: mouseVisible = True
51.3677 	EXP 	window1: mouseVisible = True
51.3678 	EXP 	window1: mouseVisible = True
51.3678 	EXP 	window1: mouseVisible = True
51.3678 	EXP 	window1: mouseVisible = True
51.3679 	EXP 	window1: mouseVisible = True
51.3679 	EXP 	window1: mouseVisible = True
51.3679 	EXP 	window1: mouseVisible = True
51.3680 	EXP 	window1: mouseVisible = True
51.3680 	EXP 	window1: mouseVisible = True
51.3680 	EXP 	window1: mouseVisible = True
51.3681 	EXP 	window1: mouseVisible = True
51.3681 	EXP 	window1: mouseVisible = True
51.3681 	EXP 	window1: mouseVisible = True
51.3682 	EXP 	window1: mouseVisible = True
51.3682 	EXP 	window1: mouseVisible = True
51.3682 	EXP 	window1: mouseVisible = True
51.3682 	EXP 	window1: mouseVisible = True
51.3683 	EXP 	window1: mouseVisible = True
51.3683 	EXP 	window1: mouseVisible = True
51.3683 	EXP 	window1: mouseVisible = True
51.3684 	EXP 	window1: mouseVisible = True
51.3684 	EXP 	window1: mouseVisible = True
51.3684 	EXP 	window1: mouseVisible = True
51.3685 	EXP 	window1: mouseVisible = True
51.3685 	EXP 	window1: mouseVisible = True
51.3685 	EXP 	window1: mouseVisible = True
51.3686 	EXP 	window1: mouseVisible = True
51.3686 	EXP 	window1: mouseVisible = True
51.3686 	EXP 	window1: mouseVisible = True
51.3687 	EXP 	window1: mouseVisible = True
51.3687 	EXP 	window1: mouseVisible = True
51.3687 	EXP 	window1: mouseVisible = True
51.3688 	EXP 	window1: mouseVisible = True
51.3688 	EXP 	window1: mouseVisible = True
51.3688 	EXP 	window1: mouseVisible = True
51.3689 	EXP 	window1: mouseVisible = True
51.3689 	EXP 	window1: mouseVisible = True
51.3689 	EXP 	window1: mouseVisible = True
51.3690 	EXP 	window1: mouseVisible = True
51.3690 	EXP 	window1: mouseVisible = True
51.3690 	EXP 	window1: mouseVisible = True
51.3691 	EXP 	window1: mouseVisible = True
51.3691 	EXP 	window1: mouseVisible = True
51.3691 	EXP 	window1: mouseVisible = True
51.3692 	EXP 	window1: mouseVisible = True
51.3692 	EXP 	window1: mouseVisible = True
51.3692 	EXP 	window1: mouseVisible = True
51.3693 	EXP 	window1: mouseVisible = True
51.3693 	EXP 	window1: mouseVisible = True
51.3693 	EXP 	window1: mouseVisible = True
51.3693 	EXP 	window1: mouseVisible = True
51.3694 	EXP 	window1: mouseVisible = True
51.3694 	EXP 	window1: mouseVisible = True
51.3694 	EXP 	window1: mouseVisible = True
51.3695 	EXP 	window1: mouseVisible = True
51.3695 	EXP 	window1: mouseVisible = True
51.3695 	EXP 	window1: mouseVisible = True
51.3696 	EXP 	window1: mouseVisible = True
51.3696 	EXP 	window1: mouseVisible = True
51.3696 	EXP 	window1: mouseVisible = True
51.3697 	EXP 	window1: mouseVisible = True
51.3697 	EXP 	window1: mouseVisible = True
51.3697 	EXP 	window1: mouseVisible = True
51.3698 	EXP 	window1: mouseVisible = True
51.3698 	EXP 	window1: mouseVisible = True
51.3698 	EXP 	window1: mouseVisible = True
51.3698 	EXP 	window1: mouseVisible = True
51.3699 	EXP 	window1: mouseVisible = True
51.3699 	EXP 	window1: mouseVisible = True
51.3699 	EXP 	window1: mouseVisible = True
51.3700 	EXP 	window1: mouseVisible = True
51.3700 	EXP 	window1: mouseVisible = True
51.3700 	EXP 	window1: mouseVisible = True
