7.1232 	WARNING 	Monitor specification not found. Creating a temporary one...
7.1446 	WARNING 	User requested fullscreen with size [800 600], but screen is actually [1280, 1024]. Using actual size
8.0532 	EXP 	Created window1 = Window(allowGUI=True, allowStencil=False, autoLog=True, backendConf=UNKNOWN, bitsMode=UNKNOWN, blendMode='avg', bpc=(8, 8, 8), color=array([0, 0, 0]), colorSpace='rgb', depthBits=8, fullscr=<method-wrapper '__getattribute__' of attributeSetter object at 0x000001B98CA6ACD0>, gamma=None, gammaErrorPolicy='raise', lms=UNKNOWN, monitor=<psychopy.monitors.calibTools.Monitor object at 0x000001B98CFBF490>, multiSample=False, name='window1', numSamples=2, pos=(0, 0), screen=0, size=array([1280, 1024]), stencilBits=0, stereo=False, units='pix', useFBO=False, useRetina=False, viewOri=0.0, viewPos=None, viewScale=None, waitBlanking=True, winType='pyglet')
8.0532 	EXP 	window1: mouseVisible = True
8.0536 	EXP 	window1: mouseVisible = False
9.0524 	DATA 	Keypress: space
9.6507 	DATA 	Keypress: o
9.6512 	EXP 	window1: units = 'pix'
9.6891 	WARNING 	User requested fullscreen with size [1280  720], but screen is actually [1280, 1024]. Using actual size
10.1209 	DATA 	Keypress: space
10.1373 	EXP 	Created window1 = Window(allowGUI=False, allowStencil=False, autoLog=True, backendConf=UNKNOWN, bitsMode=UNKNOWN, blendMode='avg', bpc=(8, 8, 8), color=array([0, 0, 0]), colorSpace='rgb', depthBits=8, fullscr=<method-wrapper '__getattribute__' of attributeSetter object at 0x000001B98CA6ACD0>, gamma=None, gammaErrorPolicy='raise', lms=UNKNOWN, monitor=<psychopy.monitors.calibTools.Monitor object at 0x000001B9995B70D0>, multiSample=False, name='window1', numSamples=2, pos=(0, 0), screen=0, size=array([1280, 1024]), stencilBits=0, stereo=False, units='height', useFBO=True, useRetina=False, viewOri=0.0, viewPos=None, viewScale=None, waitBlanking=True, winType='pyglet')
10.1375 	EXP 	window1: mouseVisible = True
10.1376 	EXP 	window1: Attempting to measure frame rate of screen (0) ...
10.1376 	EXP 	window1: recordFrameIntervals = False
10.3040 	EXP 	window1: recordFrameIntervals = True
10.4875 	EXP 	Screen (0) actual frame rate measured at 59.95Hz
10.4875 	EXP 	window1: recordFrameIntervals = False
10.6764 	EXP 	Created Instructions = TextStim(__class__=<class 'psychopy.visual.text.TextStim'>, alignHoriz=method-wrapper(...), alignText='center', alignVert=method-wrapper(...), anchorHoriz='center', anchorVert='center', antialias=True, autoDraw=False, autoLog=True, bold=False, color=array([1, 1, 1]), colorSpace='rgb', contrast=1.0, depth=0.0, flipHoriz=False, flipVert=False, font='Arial', fontFiles=[], height=0.03, italic=False, languageStyle='LTR', name='Instructions', opacity=1.0, ori=0, pos=array([0., 0.]), rgb=UNKNOWN, text=str(...), units='height', win=Window(...), wrapWidth=1)
10.6841 	EXP 	Created Triplet1 = ImageStim(__class__=<class 'psychopy.visual.image.ImageStim'>, anchor=('center', 'center'), autoLog=True, color=array([1, 1, 1]), colorSpace='rgb', contrast=1.0, depth=-1.0, flipHoriz=False, flipVert=False, image='sin', interpolate=True, mask=None, maskParams=None, name='Triplet1', opacity=1.0, ori=0.0, pos=array([0., 0.]), size=array([0.25, 0.25]), texRes=128, units='height', win=Window(...))
10.6887 	EXP 	Created Triplet2 = ImageStim(__class__=<class 'psychopy.visual.image.ImageStim'>, anchor=('center', 'center'), autoLog=True, color=array([1, 1, 1]), colorSpace='rgb', contrast=1.0, depth=-2.0, flipHoriz=False, flipVert=False, image='sin', interpolate=True, mask=None, maskParams=None, name='Triplet2', opacity=1.0, ori=0.0, pos=array([0., 0.]), size=array([0.25, 0.25]), texRes=128, units='height', win=Window(...))
10.6942 	EXP 	Created Triplet3 = ImageStim(__class__=<class 'psychopy.visual.image.ImageStim'>, anchor=('center', 'center'), autoLog=True, color=array([1, 1, 1]), colorSpace='rgb', contrast=1.0, depth=-3.0, flipHoriz=False, flipVert=False, image='sin', interpolate=True, mask=None, maskParams=None, name='Triplet3', opacity=1.0, ori=0.0, pos=array([0., 0.]), size=array([0.25, 0.25]), texRes=128, units='height', win=Window(...))
10.7035 	EXP 	Sound sound_pop set volume 1.000
10.7128 	EXP 	Sound sound_pop2 set volume 1.000
10.7235 	EXP 	Sound sound_pop3 set volume 1.000
10.7547 	EXP 	Created fix = ImageStim(__class__=<class 'psychopy.visual.image.ImageStim'>, anchor=('center', 'center'), autoLog=True, color=array([1, 1, 1]), colorSpace='rgb', contrast=1.0, depth=0.0, flipHoriz=False, flipVert=False, image='images/fixation.png', interpolate=True, mask=None, maskParams=None, name='fix', opacity=1.0, ori=0.0, pos=array([0., 0.]), size=array([0.1 , 0.05]), texRes=128, units='height', win=Window(...))
10.8476 	EXP 	Created Mask = ImageStim(__class__=<class 'psychopy.visual.image.ImageStim'>, anchor=('center', 'center'), autoLog=True, color=array([1, 1, 1]), colorSpace='rgb', contrast=1.0, depth=0.0, flipHoriz=False, flipVert=False, image='images/Mask.png', interpolate=True, mask=None, maskParams=None, name='Mask', opacity=1.0, ori=0.0, pos=array([0., 0.]), size=array([1.5, 0.5]), texRes=128, units='height', win=Window(...))
10.8532 	EXP 	Created img1 = ImageStim(__class__=<class 'psychopy.visual.image.ImageStim'>, anchor=('center', 'center'), autoLog=True, color=array([1, 1, 1]), colorSpace='rgb', contrast=1.0, depth=-1.0, flipHoriz=False, flipVert=False, image='sin', interpolate=True, mask=None, maskParams=None, name='img1', opacity=1.0, ori=0.0, pos=array([0., 0.]), size=array([0.25, 0.25]), texRes=128, units='height', win=Window(...))
10.8574 	EXP 	Created img2 = ImageStim(__class__=<class 'psychopy.visual.image.ImageStim'>, anchor=('center', 'center'), autoLog=True, color=array([1, 1, 1]), colorSpace='rgb', contrast=1.0, depth=-2.0, flipHoriz=False, flipVert=False, image='sin', interpolate=True, mask=None, maskParams=None, name='img2', opacity=1.0, ori=0.0, pos=array([0., 0.]), size=array([0.25, 0.25]), texRes=128, units='height', win=Window(...))
10.8618 	EXP 	Created img3 = ImageStim(__class__=<class 'psychopy.visual.image.ImageStim'>, anchor=('center', 'center'), autoLog=True, color=array([1, 1, 1]), colorSpace='rgb', contrast=1.0, depth=-3.0, flipHoriz=False, flipVert=False, image='sin', interpolate=True, mask=None, maskParams=None, name='img3', opacity=1.0, ori=0.0, pos=array([0., 0.]), size=array([0.25, 0.25]), texRes=128, units='height', win=Window(...))
10.8714 	EXP 	Sound sound_pop4 set volume 1.000
10.8807 	EXP 	Sound sound_pop5 set volume 1.000
10.8901 	EXP 	Sound sound_pop6 set volume 1.000
10.8955 	EXP 	Created text_2 = TextStim(__class__=<class 'psychopy.visual.text.TextStim'>, alignHoriz=method-wrapper(...), alignText='center', alignVert=method-wrapper(...), anchorHoriz='center', anchorVert='center', antialias=True, autoDraw=False, autoLog=True, bold=False, color=array([1, 1, 1]), colorSpace='rgb', contrast=1.0, depth=0.0, flipHoriz=False, flipVert=False, font='Arial', fontFiles=[], height=0.03, italic=False, languageStyle='LTR', name='text_2', opacity=1.0, ori=0, pos=array([0., 0.]), rgb=UNKNOWN, text=str(...), units='height', win=Window(...), wrapWidth=1)
10.8982 	EXP 	Created text = TextStim(__class__=<class 'psychopy.visual.text.TextStim'>, alignHoriz=method-wrapper(...), alignText='center', alignVert=method-wrapper(...), anchorHoriz='center', anchorVert='center', antialias=True, autoDraw=False, autoLog=True, bold=False, color=array([1, 1, 1]), colorSpace='rgb', contrast=1.0, depth=-1.0, flipHoriz=False, flipVert=False, font='Arial', fontFiles=[], height=0.03, italic=False, languageStyle='LTR', name='text', opacity=1.0, ori=0, pos=array([0., 0.]), rgb=UNKNOWN, text=str(...), units='height', win=Window(...), wrapWidth=1)
10.8987 	EXP 	Created sameText = TextStim(__class__=<class 'psychopy.visual.text.TextStim'>, alignHoriz=method-wrapper(...), alignText='center', alignVert=method-wrapper(...), anchorHoriz='center', anchorVert='center', antialias=True, autoDraw=False, autoLog=True, bold=False, color=array([1, 1, 1]), colorSpace='rgb', contrast=1.0, depth=-2.0, flipHoriz=False, flipVert=False, font='Arial', fontFiles=[], height=0.03, italic=False, languageStyle='LTR', name='sameText', opacity=1.0, ori=0, pos=array([-0.2, -0.3]), rgb=UNKNOWN, text='', units='height', win=Window(...), wrapWidth=1)
10.8992 	EXP 	Created diffText = TextStim(__class__=<class 'psychopy.visual.text.TextStim'>, alignHoriz=method-wrapper(...), alignText='center', alignVert=method-wrapper(...), anchorHoriz='center', anchorVert='center', antialias=True, autoDraw=False, autoLog=True, bold=False, color=array([1, 1, 1]), colorSpace='rgb', contrast=1.0, depth=-3.0, flipHoriz=False, flipVert=False, font='Arial', fontFiles=[], height=0.03, italic=False, languageStyle='LTR', name='diffText', opacity=1.0, ori=0, pos=array([ 0.2, -0.3]), rgb=UNKNOWN, text='', units='height', win=Window(...), wrapWidth=1)
10.9001 	EXP 	Created leftCL = Rect(__class__=<class 'psychopy.visual.rect.Rect'>, anchor=('center', 'center'), autoDraw=False, autoLog=True, closeShape=True, color=method-wrapper(...), colorSpace='rgb', contrast=None, depth=-4.0, fillColor=array([1., 1., 1.]), fillColorSpace='rgb', fillRGB=array([1., 1., 1.]), interpolate=True, lineColor=array([1, 1, 1]), lineColorSpace='rgb', lineRGB=array([1, 1, 1]), lineWidth=3, name='leftCL', opacity=0.5, ori=0.0, pos=array([-0.2, -0.3]), size=array([-0.2, -0.2]), units='height', vertices=ndarray(...), win=Window(...))
10.9009 	EXP 	Created rightCL = Rect(__class__=<class 'psychopy.visual.rect.Rect'>, anchor=('center', 'center'), autoDraw=False, autoLog=True, closeShape=True, color=method-wrapper(...), colorSpace='rgb', contrast=None, depth=-5.0, fillColor=array([1., 1., 1.]), fillColorSpace='rgb', fillRGB=array([1., 1., 1.]), interpolate=True, lineColor=array([1, 1, 1]), lineColorSpace='rgb', lineRGB=array([1, 1, 1]), lineWidth=3, name='rightCL', opacity=0.5, ori=0.0, pos=array([ 0.2, -0.3]), size=array([0.2, 0.2]), units='height', vertices=ndarray(...), win=Window(...))
10.9010 	EXP 	window1: mouseVisible = True
10.9014 	EXP 	Sound clickedSound set volume 1.000
10.9051 	EXP 	Created retIMG = ImageStim(__class__=<class 'psychopy.visual.image.ImageStim'>, anchor=('center', 'center'), autoLog=True, color=array([1, 1, 1]), colorSpace='rgb', contrast=1.0, depth=-1.0, flipHoriz=False, flipVert=False, image='sin', interpolate=True, mask=None, maskParams=None, name='retIMG', opacity=1.0, ori=0.0, pos=array([0., 0.]), size=array([0.25, 0.25]), texRes=128, units='height', win=Window(...))
10.9145 	EXP 	Sound sound_pop7 set volume 1.000
10.9169 	EXP 	Created question_text = TextStim(__class__=<class 'psychopy.visual.text.TextStim'>, alignHoriz=method-wrapper(...), alignText='center', alignVert=method-wrapper(...), anchorHoriz='center', anchorVert='center', antialias=True, autoDraw=False, autoLog=True, bold=False, color=array([1, 1, 1]), colorSpace='rgb', contrast=1.0, depth=0.0, flipHoriz=False, flipVert=False, font='Arial', fontFiles=[], height=0.03, italic=False, languageStyle='LTR', name='question_text', opacity=1.0, ori=0, pos=array([0. , 0.3]), rgb=UNKNOWN, text='When did you see this object?', units='height', win=Window(...), wrapWidth=1)
10.9192 	EXP 	Created decisionQ_2 = TextStim(__class__=<class 'psychopy.visual.text.TextStim'>, alignHoriz=method-wrapper(...), alignText='center', alignVert=method-wrapper(...), anchorHoriz='center', anchorVert='center', antialias=True, autoDraw=False, autoLog=True, bold=False, color=array([1, 1, 1]), colorSpace='rgb', contrast=1.0, depth=-1.0, flipHoriz=False, flipVert=False, font='Arial', fontFiles=[], height=0.03, italic=False, languageStyle='LTR', name='decisionQ_2', opacity=1.0, ori=0, pos=array([0. , 0.3]), rgb=UNKNOWN, text='When did you see this object?', units='height', win=Window(...), wrapWidth=1)
10.9199 	EXP 	Created first_left = Rect(__class__=<class 'psychopy.visual.rect.Rect'>, anchor=('center', 'center'), autoDraw=False, autoLog=True, closeShape=True, color=method-wrapper(...), colorSpace='rgb', contrast=None, depth=-2.0, fillColor=array([1, 1, 1]), fillColorSpace='rgb', fillRGB=array([1, 1, 1]), interpolate=True, lineColor=array([1, 1, 1]), lineColorSpace='rgb', lineRGB=array([1, 1, 1]), lineWidth=3, name='first_left', opacity=0.5, ori=0.0, pos=array([0. , 0.1]), size=array([0.15, 0.15]), units='height', vertices=ndarray(...), win=Window(...))
10.9206 	EXP 	Created second_middle = Rect(__class__=<class 'psychopy.visual.rect.Rect'>, anchor=('center', 'center'), autoDraw=False, autoLog=True, closeShape=True, color=method-wrapper(...), colorSpace='rgb', contrast=None, depth=-3.0, fillColor=array([1, 1, 1]), fillColorSpace='rgb', fillRGB=array([1, 1, 1]), interpolate=True, lineColor=array([1, 1, 1]), lineColorSpace='rgb', lineRGB=array([1, 1, 1]), lineWidth=3, name='second_middle', opacity=0.5, ori=0.0, pos=array([ 0. , -0.1]), size=array([0.15, 0.15]), units='height', vertices=ndarray(...), win=Window(...))
10.9213 	EXP 	Created third_right = Rect(__class__=<class 'psychopy.visual.rect.Rect'>, anchor=('center', 'center'), autoDraw=False, autoLog=True, closeShape=True, color=method-wrapper(...), colorSpace='rgb', contrast=None, depth=-4.0, fillColor=array([1, 1, 1]), fillColorSpace='rgb', fillRGB=array([1, 1, 1]), interpolate=True, lineColor=array([1, 1, 1]), lineColorSpace='rgb', lineRGB=array([1, 1, 1]), lineWidth=3, name='third_right', opacity=0.5, ori=0.0, pos=array([ 0. , -0.3]), size=array([0.15, 0.15]), units='height', vertices=ndarray(...), win=Window(...))
10.9238 	EXP 	Created First = TextStim(__class__=<class 'psychopy.visual.text.TextStim'>, alignHoriz=method-wrapper(...), alignText='center', alignVert=method-wrapper(...), anchorHoriz='center', anchorVert='center', antialias=True, autoDraw=False, autoLog=True, bold=False, color=array([1, 1, 1]), colorSpace='rgb', contrast=1.0, depth=-5.0, flipHoriz=False, flipVert=False, font='Arial', fontFiles=[], height=0.03, italic=False, languageStyle='LTR', name='First', opacity=1.0, ori=0, pos=array([0. , 0.1]), rgb=UNKNOWN, text='First', units='height', win=Window(...), wrapWidth=1)
10.9257 	EXP 	Created Second = TextStim(__class__=<class 'psychopy.visual.text.TextStim'>, alignHoriz=method-wrapper(...), alignText='center', alignVert=method-wrapper(...), anchorHoriz='center', anchorVert='center', antialias=True, autoDraw=False, autoLog=True, bold=False, color=array([1, 1, 1]), colorSpace='rgb', contrast=1.0, depth=-6.0, flipHoriz=False, flipVert=False, font='Arial', fontFiles=[], height=0.03, italic=False, languageStyle='LTR', name='Second', opacity=1.0, ori=0, pos=array([ 0. , -0.1]), rgb=UNKNOWN, text='Second', units='height', win=Window(...), wrapWidth=1)
10.9276 	EXP 	Created Third = TextStim(__class__=<class 'psychopy.visual.text.TextStim'>, alignHoriz=method-wrapper(...), alignText='center', alignVert=method-wrapper(...), anchorHoriz='center', anchorVert='center', antialias=True, autoDraw=False, autoLog=True, bold=False, color=array([1, 1, 1]), colorSpace='rgb', contrast=1.0, depth=-7.0, flipHoriz=False, flipVert=False, font='Arial', fontFiles=[], height=0.03, italic=False, languageStyle='LTR', name='Third', opacity=1.0, ori=0, pos=array([ 0. , -0.3]), rgb=UNKNOWN, text='Third', units='height', win=Window(...), wrapWidth=1)
10.9276 	EXP 	window1: mouseVisible = True
10.9281 	EXP 	Sound clickedSound set volume 1.000
10.9361 	EXP 	Created BlockBreak = TextStim(__class__=<class 'psychopy.visual.text.TextStim'>, alignHoriz=method-wrapper(...), alignText='center', alignVert=method-wrapper(...), anchorHoriz='center', anchorVert='center', antialias=True, autoDraw=False, autoLog=True, bold=False, color=array([1, 1, 1]), colorSpace='rgb', contrast=1.0, depth=0.0, flipHoriz=False, flipVert=False, font='Arial', fontFiles=[], height=0.03, italic=False, languageStyle='LTR', name='BlockBreak', opacity=1.0, ori=0, pos=array([0., 0.]), rgb=UNKNOWN, text=str(...), units='height', win=Window(...), wrapWidth=1)
10.9498 	EXP 	Created text_4 = TextStim(__class__=<class 'psychopy.visual.text.TextStim'>, alignHoriz=method-wrapper(...), alignText='center', alignVert=method-wrapper(...), anchorHoriz='center', anchorVert='center', antialias=True, autoDraw=False, autoLog=True, bold=False, color=array([1, 1, 1]), colorSpace='rgb', contrast=1.0, depth=-1.0, flipHoriz=False, flipVert=False, font='Open Sans', fontFiles=[], height=0.03, italic=False, languageStyle='LTR', name='text_4', opacity=1.0, ori=0.0, pos=array([0., 0.]), rgb=UNKNOWN, text=str(...), units='height', win=Window(...), wrapWidth=1)
10.9533 	EXP 	Created Triplet1 = ImageStim(__class__=<class 'psychopy.visual.image.ImageStim'>, anchor=('center', 'center'), autoLog=True, color=array([1, 1, 1]), colorSpace='rgb', contrast=1.0, depth=-1.0, flipHoriz=False, flipVert=False, image='sin', interpolate=True, mask=None, maskParams=None, name='Triplet1', opacity=1.0, ori=0.0, pos=array([0., 0.]), size=array([0.25, 0.25]), texRes=128, units='height', win=Window(...))
10.9577 	EXP 	Created Triplet2 = ImageStim(__class__=<class 'psychopy.visual.image.ImageStim'>, anchor=('center', 'center'), autoLog=True, color=array([1, 1, 1]), colorSpace='rgb', contrast=1.0, depth=-2.0, flipHoriz=False, flipVert=False, image='sin', interpolate=True, mask=None, maskParams=None, name='Triplet2', opacity=1.0, ori=0.0, pos=array([0., 0.]), size=array([0.25, 0.25]), texRes=128, units='height', win=Window(...))
10.9619 	EXP 	Created Triplet3 = ImageStim(__class__=<class 'psychopy.visual.image.ImageStim'>, anchor=('center', 'center'), autoLog=True, color=array([1, 1, 1]), colorSpace='rgb', contrast=1.0, depth=-3.0, flipHoriz=False, flipVert=False, image='sin', interpolate=True, mask=None, maskParams=None, name='Triplet3', opacity=1.0, ori=0.0, pos=array([0., 0.]), size=array([0.25, 0.25]), texRes=128, units='height', win=Window(...))
10.9721 	EXP 	Sound sound_pop set volume 1.000
10.9819 	EXP 	Sound sound_pop2 set volume 1.000
10.9914 	EXP 	Sound sound_pop3 set volume 1.000
11.0144 	EXP 	Created fix = ImageStim(__class__=<class 'psychopy.visual.image.ImageStim'>, anchor=('center', 'center'), autoLog=True, color=array([1, 1, 1]), colorSpace='rgb', contrast=1.0, depth=0.0, flipHoriz=False, flipVert=False, image='images/fixation.png', interpolate=True, mask=None, maskParams=None, name='fix', opacity=1.0, ori=0.0, pos=array([0., 0.]), size=array([0.1 , 0.05]), texRes=128, units='height', win=Window(...))
11.1045 	EXP 	Created Mask = ImageStim(__class__=<class 'psychopy.visual.image.ImageStim'>, anchor=('center', 'center'), autoLog=True, color=array([1, 1, 1]), colorSpace='rgb', contrast=1.0, depth=0.0, flipHoriz=False, flipVert=False, image='images/Mask.png', interpolate=True, mask=None, maskParams=None, name='Mask', opacity=1.0, ori=0.0, pos=array([0., 0.]), size=array([1.5, 0.5]), texRes=128, units='height', win=Window(...))
11.1102 	EXP 	Created img1 = ImageStim(__class__=<class 'psychopy.visual.image.ImageStim'>, anchor=('center', 'center'), autoLog=True, color=array([1, 1, 1]), colorSpace='rgb', contrast=1.0, depth=-1.0, flipHoriz=False, flipVert=False, image='sin', interpolate=True, mask=None, maskParams=None, name='img1', opacity=1.0, ori=0.0, pos=array([0., 0.]), size=array([0.25, 0.25]), texRes=128, units='height', win=Window(...))
11.1146 	EXP 	Created img2 = ImageStim(__class__=<class 'psychopy.visual.image.ImageStim'>, anchor=('center', 'center'), autoLog=True, color=array([1, 1, 1]), colorSpace='rgb', contrast=1.0, depth=-2.0, flipHoriz=False, flipVert=False, image='sin', interpolate=True, mask=None, maskParams=None, name='img2', opacity=1.0, ori=0.0, pos=array([0., 0.]), size=array([0.25, 0.25]), texRes=128, units='height', win=Window(...))
11.1189 	EXP 	Created img3 = ImageStim(__class__=<class 'psychopy.visual.image.ImageStim'>, anchor=('center', 'center'), autoLog=True, color=array([1, 1, 1]), colorSpace='rgb', contrast=1.0, depth=-3.0, flipHoriz=False, flipVert=False, image='sin', interpolate=True, mask=None, maskParams=None, name='img3', opacity=1.0, ori=0.0, pos=array([0., 0.]), size=array([0.25, 0.25]), texRes=128, units='height', win=Window(...))
11.1290 	EXP 	Sound sound_pop4 set volume 1.000
11.1385 	EXP 	Sound sound_pop5 set volume 1.000
11.1484 	EXP 	Sound sound_pop6 set volume 1.000
11.1519 	EXP 	Created text_2 = TextStim(__class__=<class 'psychopy.visual.text.TextStim'>, alignHoriz=method-wrapper(...), alignText='center', alignVert=method-wrapper(...), anchorHoriz='center', anchorVert='center', antialias=True, autoDraw=False, autoLog=True, bold=False, color=array([1, 1, 1]), colorSpace='rgb', contrast=1.0, depth=0.0, flipHoriz=False, flipVert=False, font='Arial', fontFiles=[], height=0.03, italic=False, languageStyle='LTR', name='text_2', opacity=1.0, ori=0, pos=array([0., 0.]), rgb=UNKNOWN, text=str(...), units='height', win=Window(...), wrapWidth=1)
11.1544 	EXP 	Created text = TextStim(__class__=<class 'psychopy.visual.text.TextStim'>, alignHoriz=method-wrapper(...), alignText='center', alignVert=method-wrapper(...), anchorHoriz='center', anchorVert='center', antialias=True, autoDraw=False, autoLog=True, bold=False, color=array([1, 1, 1]), colorSpace='rgb', contrast=1.0, depth=-1.0, flipHoriz=False, flipVert=False, font='Arial', fontFiles=[], height=0.03, italic=False, languageStyle='LTR', name='text', opacity=1.0, ori=0, pos=array([0., 0.]), rgb=UNKNOWN, text=str(...), units='height', win=Window(...), wrapWidth=1)
11.1549 	EXP 	Created sameText = TextStim(__class__=<class 'psychopy.visual.text.TextStim'>, alignHoriz=method-wrapper(...), alignText='center', alignVert=method-wrapper(...), anchorHoriz='center', anchorVert='center', antialias=True, autoDraw=False, autoLog=True, bold=False, color=array([1, 1, 1]), colorSpace='rgb', contrast=1.0, depth=-2.0, flipHoriz=False, flipVert=False, font='Arial', fontFiles=[], height=0.03, italic=False, languageStyle='LTR', name='sameText', opacity=1.0, ori=0, pos=array([-0.2, -0.3]), rgb=UNKNOWN, text='', units='height', win=Window(...), wrapWidth=1)
11.1553 	EXP 	Created diffText = TextStim(__class__=<class 'psychopy.visual.text.TextStim'>, alignHoriz=method-wrapper(...), alignText='center', alignVert=method-wrapper(...), anchorHoriz='center', anchorVert='center', antialias=True, autoDraw=False, autoLog=True, bold=False, color=array([1, 1, 1]), colorSpace='rgb', contrast=1.0, depth=-3.0, flipHoriz=False, flipVert=False, font='Arial', fontFiles=[], height=0.03, italic=False, languageStyle='LTR', name='diffText', opacity=1.0, ori=0, pos=array([ 0.2, -0.3]), rgb=UNKNOWN, text='', units='height', win=Window(...), wrapWidth=1)
11.1562 	EXP 	Created leftCL = Rect(__class__=<class 'psychopy.visual.rect.Rect'>, anchor=('center', 'center'), autoDraw=False, autoLog=True, closeShape=True, color=method-wrapper(...), colorSpace='rgb', contrast=None, depth=-4.0, fillColor=array([1., 1., 1.]), fillColorSpace='rgb', fillRGB=array([1., 1., 1.]), interpolate=True, lineColor=array([1, 1, 1]), lineColorSpace='rgb', lineRGB=array([1, 1, 1]), lineWidth=3, name='leftCL', opacity=0.5, ori=0.0, pos=array([-0.2, -0.3]), size=array([-0.2, -0.2]), units='height', vertices=ndarray(...), win=Window(...))
11.1571 	EXP 	Created rightCL = Rect(__class__=<class 'psychopy.visual.rect.Rect'>, anchor=('center', 'center'), autoDraw=False, autoLog=True, closeShape=True, color=method-wrapper(...), colorSpace='rgb', contrast=None, depth=-5.0, fillColor=array([1., 1., 1.]), fillColorSpace='rgb', fillRGB=array([1., 1., 1.]), interpolate=True, lineColor=array([1, 1, 1]), lineColorSpace='rgb', lineRGB=array([1, 1, 1]), lineWidth=3, name='rightCL', opacity=0.5, ori=0.0, pos=array([ 0.2, -0.3]), size=array([0.2, 0.2]), units='height', vertices=ndarray(...), win=Window(...))
11.1572 	EXP 	window1: mouseVisible = True
11.1576 	EXP 	Sound clickedSound set volume 1.000
11.1613 	EXP 	Created retIMG = ImageStim(__class__=<class 'psychopy.visual.image.ImageStim'>, anchor=('center', 'center'), autoLog=True, color=array([1, 1, 1]), colorSpace='rgb', contrast=1.0, depth=-1.0, flipHoriz=False, flipVert=False, image='sin', interpolate=True, mask=None, maskParams=None, name='retIMG', opacity=1.0, ori=0.0, pos=array([0., 0.]), size=array([0.25, 0.25]), texRes=128, units='height', win=Window(...))
11.1711 	EXP 	Sound sound_pop7 set volume 1.000
11.1735 	EXP 	Created question_text = TextStim(__class__=<class 'psychopy.visual.text.TextStim'>, alignHoriz=method-wrapper(...), alignText='center', alignVert=method-wrapper(...), anchorHoriz='center', anchorVert='center', antialias=True, autoDraw=False, autoLog=True, bold=False, color=array([1, 1, 1]), colorSpace='rgb', contrast=1.0, depth=0.0, flipHoriz=False, flipVert=False, font='Arial', fontFiles=[], height=0.03, italic=False, languageStyle='LTR', name='question_text', opacity=1.0, ori=0, pos=array([0. , 0.3]), rgb=UNKNOWN, text='When did you see this object?', units='height', win=Window(...), wrapWidth=1)
11.1757 	EXP 	Created decisionQ_2 = TextStim(__class__=<class 'psychopy.visual.text.TextStim'>, alignHoriz=method-wrapper(...), alignText='center', alignVert=method-wrapper(...), anchorHoriz='center', anchorVert='center', antialias=True, autoDraw=False, autoLog=True, bold=False, color=array([1, 1, 1]), colorSpace='rgb', contrast=1.0, depth=-1.0, flipHoriz=False, flipVert=False, font='Arial', fontFiles=[], height=0.03, italic=False, languageStyle='LTR', name='decisionQ_2', opacity=1.0, ori=0, pos=array([0. , 0.3]), rgb=UNKNOWN, text='When did you see this object?', units='height', win=Window(...), wrapWidth=1)
11.1765 	EXP 	Created first_left = Rect(__class__=<class 'psychopy.visual.rect.Rect'>, anchor=('center', 'center'), autoDraw=False, autoLog=True, closeShape=True, color=method-wrapper(...), colorSpace='rgb', contrast=None, depth=-2.0, fillColor=array([1, 1, 1]), fillColorSpace='rgb', fillRGB=array([1, 1, 1]), interpolate=True, lineColor=array([1, 1, 1]), lineColorSpace='rgb', lineRGB=array([1, 1, 1]), lineWidth=3, name='first_left', opacity=0.5, ori=0.0, pos=array([0. , 0.1]), size=array([0.15, 0.15]), units='height', vertices=ndarray(...), win=Window(...))
11.1772 	EXP 	Created second_middle = Rect(__class__=<class 'psychopy.visual.rect.Rect'>, anchor=('center', 'center'), autoDraw=False, autoLog=True, closeShape=True, color=method-wrapper(...), colorSpace='rgb', contrast=None, depth=-3.0, fillColor=array([1, 1, 1]), fillColorSpace='rgb', fillRGB=array([1, 1, 1]), interpolate=True, lineColor=array([1, 1, 1]), lineColorSpace='rgb', lineRGB=array([1, 1, 1]), lineWidth=3, name='second_middle', opacity=0.5, ori=0.0, pos=array([ 0. , -0.1]), size=array([0.15, 0.15]), units='height', vertices=ndarray(...), win=Window(...))
11.1778 	EXP 	Created third_right = Rect(__class__=<class 'psychopy.visual.rect.Rect'>, anchor=('center', 'center'), autoDraw=False, autoLog=True, closeShape=True, color=method-wrapper(...), colorSpace='rgb', contrast=None, depth=-4.0, fillColor=array([1, 1, 1]), fillColorSpace='rgb', fillRGB=array([1, 1, 1]), interpolate=True, lineColor=array([1, 1, 1]), lineColorSpace='rgb', lineRGB=array([1, 1, 1]), lineWidth=3, name='third_right', opacity=0.5, ori=0.0, pos=array([ 0. , -0.3]), size=array([0.15, 0.15]), units='height', vertices=ndarray(...), win=Window(...))
11.1799 	EXP 	Created First = TextStim(__class__=<class 'psychopy.visual.text.TextStim'>, alignHoriz=method-wrapper(...), alignText='center', alignVert=method-wrapper(...), anchorHoriz='center', anchorVert='center', antialias=True, autoDraw=False, autoLog=True, bold=False, color=array([1, 1, 1]), colorSpace='rgb', contrast=1.0, depth=-5.0, flipHoriz=False, flipVert=False, font='Arial', fontFiles=[], height=0.03, italic=False, languageStyle='LTR', name='First', opacity=1.0, ori=0, pos=array([0. , 0.1]), rgb=UNKNOWN, text='First', units='height', win=Window(...), wrapWidth=1)
11.1825 	EXP 	Created Second = TextStim(__class__=<class 'psychopy.visual.text.TextStim'>, alignHoriz=method-wrapper(...), alignText='center', alignVert=method-wrapper(...), anchorHoriz='center', anchorVert='center', antialias=True, autoDraw=False, autoLog=True, bold=False, color=array([1, 1, 1]), colorSpace='rgb', contrast=1.0, depth=-6.0, flipHoriz=False, flipVert=False, font='Arial', fontFiles=[], height=0.03, italic=False, languageStyle='LTR', name='Second', opacity=1.0, ori=0, pos=array([ 0. , -0.1]), rgb=UNKNOWN, text='Second', units='height', win=Window(...), wrapWidth=1)
11.1844 	EXP 	Created Third = TextStim(__class__=<class 'psychopy.visual.text.TextStim'>, alignHoriz=method-wrapper(...), alignText='center', alignVert=method-wrapper(...), anchorHoriz='center', anchorVert='center', antialias=True, autoDraw=False, autoLog=True, bold=False, color=array([1, 1, 1]), colorSpace='rgb', contrast=1.0, depth=-7.0, flipHoriz=False, flipVert=False, font='Arial', fontFiles=[], height=0.03, italic=False, languageStyle='LTR', name='Third', opacity=1.0, ori=0, pos=array([ 0. , -0.3]), rgb=UNKNOWN, text='Third', units='height', win=Window(...), wrapWidth=1)
11.1845 	EXP 	window1: mouseVisible = True
11.1849 	EXP 	Sound clickedSound set volume 1.000
11.1878 	EXP 	Created end = TextStim(__class__=<class 'psychopy.visual.text.TextStim'>, alignHoriz=method-wrapper(...), alignText='center', alignVert=method-wrapper(...), anchorHoriz='center', anchorVert='center', antialias=True, autoDraw=False, autoLog=True, bold=False, color=array([1, 1, 1]), colorSpace='rgb', contrast=1.0, depth=0.0, flipHoriz=False, flipVert=False, font='Arial', fontFiles=[], height=0.03, italic=False, languageStyle='LTR', name='end', opacity=1.0, ori=0, pos=array([0., 0.]), rgb=UNKNOWN, text=str(...), units='height', win=Window(...), wrapWidth=1)
11.1916 	EXP 	Instructions: autoDraw = True
12.0369 	EXP 	Created sequence: random, trialTypes=1, nReps=2, seed=None
12.0371 	EXP 	New trial (rep=0, index=0): None
12.1566 	DATA 	Keypress: b
12.1566 	DATA 	Keypress: space
12.2652 	EXP 	Instructions: autoDraw = False
12.2652 	EXP 	fix: autoDraw = True
14.1352 	EXP 	Sound sound_pop started
14.1378 	EXP 	fix: autoDraw = False
14.1378 	EXP 	fix: autoDraw = False
14.1378 	EXP 	Triplet1: image = 'images/OBJ_87.png'
14.1378 	EXP 	Triplet2: image = 'images/OBJ_167.png'
14.1378 	EXP 	Triplet3: image = 'images/OBJ_75.png'
14.1378 	EXP 	Triplet1: autoDraw = True
14.5105 	EXP 	Sound sound_pop reached end of file
15.6521 	EXP 	Triplet1: autoDraw = False
16.1353 	EXP 	Sound sound_pop2 started
16.1353 	EXP 	Triplet2: autoDraw = True
16.5015 	EXP 	Sound sound_pop2 reached end of file
17.6348 	EXP 	Triplet2: autoDraw = False
18.1347 	EXP 	Sound sound_pop3 started
18.1347 	EXP 	Triplet3: autoDraw = True
18.5007 	EXP 	Sound sound_pop3 reached end of file
19.6343 	EXP 	Triplet3: autoDraw = False
19.6343 	EXP 	Triplet1: autoDraw = False
19.6343 	EXP 	Triplet2: autoDraw = False
19.6343 	EXP 	Triplet3: autoDraw = False
19.6343 	EXP 	Mask: autoDraw = True
21.2834 	EXP 	Sound sound_pop4 started
21.2752 	EXP 	Mask: autoDraw = False
21.2752 	EXP 	Mask: autoDraw = False
21.2752 	EXP 	img1: image = 'images/OBJ_87.png'
21.2752 	EXP 	img2: image = 'images/OBJ_167.png'
21.2752 	EXP 	img3: image = 'images/OBJ_75.png'
21.2752 	EXP 	img1: autoDraw = True
21.6514 	EXP 	Sound sound_pop4 reached end of file
22.7839 	EXP 	img1: autoDraw = False
23.2665 	EXP 	Sound sound_pop5 started
23.2666 	EXP 	img2: autoDraw = True
23.6301 	EXP 	Sound sound_pop5 reached end of file
24.7661 	EXP 	img2: autoDraw = False
25.2660 	EXP 	Sound sound_pop6 started
25.2660 	EXP 	img3: autoDraw = True
25.6313 	EXP 	Sound sound_pop6 reached end of file
26.7655 	EXP 	img3: autoDraw = False
26.7655 	EXP 	img1: autoDraw = False
26.7655 	EXP 	img2: autoDraw = False
26.7655 	EXP 	img3: autoDraw = False
26.7655 	EXP 	text_2: autoDraw = True
27.7653 	EXP 	text_2: autoDraw = False
27.7653 	EXP 	text_2: autoDraw = False
27.7653 	EXP 	sameText: height = 0.03
27.7653 	EXP 	sameText: height = 0.03
27.7653 	EXP 	sameText: height = 0.03
27.7653 	EXP 	sameText: text = 'Same'
27.7653 	EXP 	diffText: height = 0.03
27.7653 	EXP 	diffText: height = 0.03
27.7653 	EXP 	diffText: height = 0.03
27.7653 	EXP 	diffText: text = 'Different'
27.7653 	EXP 	text: autoDraw = True
27.7653 	EXP 	sameText: autoDraw = True
27.7653 	EXP 	diffText: autoDraw = True
27.7653 	EXP 	leftCL: autoDraw = True
27.7653 	EXP 	rightCL: autoDraw = True
28.1007 	DATA 	Mouse: Left button down, pos=(461,194)
28.1318 	EXP 	Sound clickedSound started
28.1318 	EXP 	text: autoDraw = False
28.1318 	EXP 	sameText: autoDraw = False
28.1318 	EXP 	diffText: autoDraw = False
28.1318 	EXP 	leftCL: autoDraw = False
28.1318 	EXP 	rightCL: autoDraw = False
28.1822 	DATA 	Mouse:  Left button up, pos=(461,194)
28.6312 	EXP 	Sound clickedSound stopped
28.6315 	EXP 	New trial (rep=1, index=0): None
28.8570 	EXP 	fix: autoDraw = True
30.6477 	EXP 	Sound sound_pop started
30.6418 	EXP 	fix: autoDraw = False
30.6418 	EXP 	fix: autoDraw = False
30.6418 	EXP 	Triplet1: image = 'images/OBJ_85.png'
30.6418 	EXP 	Triplet2: image = 'images/OBJ_109.png'
30.6418 	EXP 	Triplet3: image = 'images/OBJ_93.png'
30.6418 	EXP 	Triplet1: autoDraw = True
31.0215 	EXP 	Sound sound_pop reached end of file
32.1473 	EXP 	Triplet1: autoDraw = False
32.6305 	EXP 	Sound sound_pop2 started
32.6305 	EXP 	Triplet2: autoDraw = True
33.0023 	EXP 	Sound sound_pop2 reached end of file
34.1300 	EXP 	Triplet2: autoDraw = False
34.6304 	EXP 	Sound sound_pop3 started
34.6304 	EXP 	Triplet3: autoDraw = True
34.9913 	EXP 	Sound sound_pop3 reached end of file
36.1301 	EXP 	Triplet3: autoDraw = False
36.1301 	EXP 	Triplet1: autoDraw = False
36.1301 	EXP 	Triplet2: autoDraw = False
36.1301 	EXP 	Triplet3: autoDraw = False
36.1301 	EXP 	Mask: autoDraw = True
37.6794 	EXP 	Sound sound_pop4 started
37.6798 	EXP 	Mask: autoDraw = False
37.6798 	EXP 	Mask: autoDraw = False
37.6798 	EXP 	img1: image = 'images/OBJ_85.png'
37.6798 	EXP 	img2: image = 'images/OBJ_109.png'
37.6798 	EXP 	img3: image = 'images/OBJ_93.png'
37.6798 	EXP 	img1: autoDraw = True
38.0523 	EXP 	Sound sound_pop4 reached end of file
39.1953 	EXP 	img1: autoDraw = False
39.6789 	EXP 	Sound sound_pop5 started
39.6784 	EXP 	img2: autoDraw = True
40.0413 	EXP 	Sound sound_pop5 reached end of file
41.1780 	EXP 	img2: autoDraw = False
41.6783 	EXP 	Sound sound_pop6 started
41.6779 	EXP 	img3: autoDraw = True
42.0424 	EXP 	Sound sound_pop6 reached end of file
43.1774 	EXP 	img3: autoDraw = False
43.1774 	EXP 	img1: autoDraw = False
43.1774 	EXP 	img2: autoDraw = False
43.1774 	EXP 	img3: autoDraw = False
43.1774 	EXP 	text_2: autoDraw = True
44.1772 	EXP 	text_2: autoDraw = False
44.1772 	EXP 	text_2: autoDraw = False
44.1772 	EXP 	sameText: text = 'Same'
44.1772 	EXP 	diffText: text = 'Different'
44.1772 	EXP 	text: autoDraw = True
44.1772 	EXP 	sameText: autoDraw = True
44.1772 	EXP 	diffText: autoDraw = True
44.1772 	EXP 	leftCL: autoDraw = True
44.1772 	EXP 	rightCL: autoDraw = True
44.4773 	DATA 	Mouse: Left button down, pos=(395,204)
44.4937 	EXP 	Sound clickedSound started
44.4937 	EXP 	text: autoDraw = False
44.4937 	EXP 	sameText: autoDraw = False
44.4937 	EXP 	diffText: autoDraw = False
44.4937 	EXP 	leftCL: autoDraw = False
44.4937 	EXP 	rightCL: autoDraw = False
44.6608 	DATA 	Mouse:  Left button up, pos=(395,204)
45.0016 	EXP 	Sound clickedSound stopped
45.0022 	EXP 	Created sequence: random, trialTypes=1, nReps=2, seed=None
45.0024 	EXP 	New trial (rep=0, index=0): None
45.2764 	EXP 	Sound sound_pop7 started
45.2768 	EXP 	retIMG: image = 'images/OBJ_93.png'
45.2768 	EXP 	retIMG: autoDraw = True
45.6516 	EXP 	Sound sound_pop7 reached end of file
46.7764 	EXP 	retIMG: autoDraw = False
46.7764 	EXP 	retIMG: autoDraw = False
46.7764 	EXP 	question_text: autoDraw = True
47.7761 	EXP 	question_text: autoDraw = False
47.7761 	EXP 	question_text: autoDraw = False
47.7761 	EXP 	decisionQ_2: autoDraw = True
48.7592 	EXP 	first_left: autoDraw = True
48.7592 	EXP 	second_middle: autoDraw = True
48.7592 	EXP 	third_right: autoDraw = True
48.7592 	EXP 	First: autoDraw = True
48.7592 	EXP 	Second: autoDraw = True
48.7592 	EXP 	Third: autoDraw = True
49.0259 	DATA 	Mouse: Left button down, pos=(623,390)
49.0424 	EXP 	Sound clickedSound started
49.0424 	EXP 	decisionQ_2: autoDraw = False
49.0424 	EXP 	first_left: autoDraw = False
49.0424 	EXP 	second_middle: autoDraw = False
49.0424 	EXP 	third_right: autoDraw = False
49.0424 	EXP 	First: autoDraw = False
49.0424 	EXP 	Second: autoDraw = False
49.0424 	EXP 	Third: autoDraw = False
49.1762 	DATA 	Mouse:  Left button up, pos=(623,390)
49.5421 	EXP 	Sound clickedSound stopped
49.5424 	EXP 	New trial (rep=1, index=0): None
49.7918 	EXP 	Sound sound_pop7 started
49.7913 	EXP 	retIMG: image = 'images/OBJ_75.png'
49.7913 	EXP 	retIMG: autoDraw = True
50.1615 	EXP 	Sound sound_pop7 reached end of file
51.2923 	EXP 	retIMG: autoDraw = False
51.2923 	EXP 	retIMG: autoDraw = False
51.2923 	EXP 	question_text: autoDraw = True
52.2915 	EXP 	question_text: autoDraw = False
52.2915 	EXP 	question_text: autoDraw = False
52.2915 	EXP 	decisionQ_2: autoDraw = True
53.2578 	EXP 	first_left: autoDraw = True
53.2578 	EXP 	second_middle: autoDraw = True
53.2578 	EXP 	third_right: autoDraw = True
53.2578 	EXP 	First: autoDraw = True
53.2578 	EXP 	Second: autoDraw = True
53.2578 	EXP 	Third: autoDraw = True
53.5246 	DATA 	Mouse: Left button down, pos=(623,390)
53.5411 	EXP 	Sound clickedSound started
53.5411 	EXP 	decisionQ_2: autoDraw = False
53.5411 	EXP 	first_left: autoDraw = False
53.5411 	EXP 	second_middle: autoDraw = False
53.5411 	EXP 	third_right: autoDraw = False
53.5411 	EXP 	First: autoDraw = False
53.5411 	EXP 	Second: autoDraw = False
53.5411 	EXP 	Third: autoDraw = False
53.7082 	DATA 	Mouse:  Left button up, pos=(623,390)
54.0417 	EXP 	Sound clickedSound stopped
54.0453 	EXP 	BlockBreak: autoDraw = True
55.3744 	EXP 	Created sequence: random, trialTypes=1, nReps=3, seed=None
55.3745 	EXP 	New trial (rep=0, index=0): None
55.5001 	DATA 	Keypress: space
55.6037 	EXP 	BlockBreak: autoDraw = False
55.6037 	EXP 	text_4: autoDraw = False
55.6037 	EXP 	fix: autoDraw = True
57.1732 	EXP 	Sound sound_pop started
57.1612 	EXP 	fix: autoDraw = False
57.1612 	EXP 	fix: autoDraw = False
57.1612 	EXP 	Triplet1: image = 'images/OBJ_92.png'
57.1612 	EXP 	Triplet2: image = 'images/OBJ_113.png'
57.1612 	EXP 	Triplet3: image = 'images/OBJ_136.png'
57.1612 	EXP 	Triplet1: autoDraw = True
57.5336 	EXP 	Sound sound_pop reached end of file
58.6729 	EXP 	Triplet1: autoDraw = False
59.1394 	EXP 	Sound sound_pop2 started
59.1395 	EXP 	Triplet2: autoDraw = True
59.5030 	EXP 	Sound sound_pop2 reached end of file
60.6391 	EXP 	Triplet2: autoDraw = False
61.1555 	EXP 	Sound sound_pop3 started
61.1556 	EXP 	Triplet3: autoDraw = True
61.5161 	EXP 	Sound sound_pop3 reached end of file
62.6551 	EXP 	Triplet3: autoDraw = False
62.6551 	EXP 	Triplet1: autoDraw = False
62.6551 	EXP 	Triplet2: autoDraw = False
62.6551 	EXP 	Triplet3: autoDraw = False
62.6551 	EXP 	Mask: autoDraw = True
64.2044 	EXP 	Sound sound_pop4 started
64.2054 	EXP 	Mask: autoDraw = False
64.2054 	EXP 	Mask: autoDraw = False
64.2054 	EXP 	img1: image = 'images/OBJ_92.png'
64.2054 	EXP 	img2: image = 'images/OBJ_113.png'
64.2054 	EXP 	img3: image = 'images/OBJ_136.png'
64.2054 	EXP 	img1: autoDraw = True
64.5816 	EXP 	Sound sound_pop4 reached end of file
65.7042 	EXP 	img1: autoDraw = False
66.2041 	EXP 	Sound sound_pop5 started
66.2041 	EXP 	img2: autoDraw = True
66.5726 	EXP 	Sound sound_pop5 reached end of file
67.7036 	EXP 	img2: autoDraw = False
68.2035 	EXP 	Sound sound_pop6 started
68.2035 	EXP 	img3: autoDraw = True
68.5619 	EXP 	Sound sound_pop6 reached end of file
69.7030 	EXP 	img3: autoDraw = False
69.7030 	EXP 	img1: autoDraw = False
69.7030 	EXP 	img2: autoDraw = False
69.7030 	EXP 	img3: autoDraw = False
69.7030 	EXP 	text_2: autoDraw = True
70.7028 	EXP 	text_2: autoDraw = False
70.7028 	EXP 	text_2: autoDraw = False
70.7028 	EXP 	sameText: text = 'Same'
70.7028 	EXP 	diffText: text = 'Different'
70.7028 	EXP 	text: autoDraw = True
70.7028 	EXP 	sameText: autoDraw = True
70.7028 	EXP 	diffText: autoDraw = True
70.7028 	EXP 	leftCL: autoDraw = True
70.7028 	EXP 	rightCL: autoDraw = True
71.0196 	DATA 	Mouse: Left button down, pos=(450,108)
71.0360 	EXP 	Sound clickedSound started
71.0360 	EXP 	text: autoDraw = False
71.0360 	EXP 	sameText: autoDraw = False
71.0360 	EXP 	diffText: autoDraw = False
71.0360 	EXP 	leftCL: autoDraw = False
71.0360 	EXP 	rightCL: autoDraw = False
71.1531 	DATA 	Mouse:  Left button up, pos=(449,108)
71.5430 	EXP 	Sound clickedSound stopped
71.5434 	EXP 	New trial (rep=1, index=0): None
71.7688 	EXP 	fix: autoDraw = True
73.3186 	EXP 	Sound sound_pop started
73.3100 	EXP 	fix: autoDraw = False
73.3100 	EXP 	fix: autoDraw = False
73.3100 	EXP 	Triplet1: image = 'images/OBJ_170.png'
73.3100 	EXP 	Triplet2: image = 'images/OBJ_12.png'
73.3100 	EXP 	Triplet3: image = 'images/OBJ_40.png'
73.3100 	EXP 	Triplet1: autoDraw = True
73.6828 	EXP 	Sound sound_pop reached end of file
74.8182 	EXP 	Triplet1: autoDraw = False
75.3016 	EXP 	Sound sound_pop2 started
75.3019 	EXP 	Triplet2: autoDraw = True
75.6636 	EXP 	Sound sound_pop2 reached end of file
76.8015 	EXP 	Triplet2: autoDraw = False
77.3013 	EXP 	Sound sound_pop3 started
77.3014 	EXP 	Triplet3: autoDraw = True
77.6729 	EXP 	Sound sound_pop3 reached end of file
78.8009 	EXP 	Triplet3: autoDraw = False
78.8009 	EXP 	Triplet1: autoDraw = False
78.8009 	EXP 	Triplet2: autoDraw = False
78.8009 	EXP 	Triplet3: autoDraw = False
78.8009 	EXP 	Mask: autoDraw = True
80.3503 	EXP 	Sound sound_pop4 started
80.3386 	EXP 	Mask: autoDraw = False
80.3386 	EXP 	Mask: autoDraw = False
80.3386 	EXP 	img1: image = 'images/OBJ_170.png'
80.3386 	EXP 	img2: image = 'images/OBJ_12.png'
80.3386 	EXP 	img3: image = 'images/OBJ_40.png'
80.3386 	EXP 	img1: autoDraw = True
80.7136 	EXP 	Sound sound_pop4 reached end of file
81.8495 	EXP 	img1: autoDraw = False
82.3332 	EXP 	Sound sound_pop5 started
82.3332 	EXP 	img2: autoDraw = True
82.6924 	EXP 	Sound sound_pop5 reached end of file
83.8328 	EXP 	img2: autoDraw = False
84.3321 	EXP 	Sound sound_pop6 started
84.3321 	EXP 	img3: autoDraw = True
84.6935 	EXP 	Sound sound_pop6 reached end of file
85.8322 	EXP 	img3: autoDraw = False
85.8322 	EXP 	img1: autoDraw = False
85.8322 	EXP 	img2: autoDraw = False
85.8322 	EXP 	img3: autoDraw = False
85.8322 	EXP 	text_2: autoDraw = True
86.8320 	EXP 	text_2: autoDraw = False
86.8320 	EXP 	text_2: autoDraw = False
86.8320 	EXP 	sameText: text = 'Same'
86.8320 	EXP 	diffText: text = 'Different'
86.8320 	EXP 	text: autoDraw = True
86.8320 	EXP 	sameText: autoDraw = True
86.8320 	EXP 	diffText: autoDraw = True
86.8320 	EXP 	leftCL: autoDraw = True
86.8320 	EXP 	rightCL: autoDraw = True
87.4315 	DATA 	Mouse: Left button down, pos=(493,257)
87.4479 	EXP 	Sound clickedSound started
87.4479 	EXP 	text: autoDraw = False
87.4479 	EXP 	sameText: autoDraw = False
87.4479 	EXP 	diffText: autoDraw = False
87.4479 	EXP 	leftCL: autoDraw = False
87.4479 	EXP 	rightCL: autoDraw = False
87.6149 	DATA 	Mouse:  Left button up, pos=(493,257)
87.9444 	EXP 	Sound clickedSound stopped
87.9446 	EXP 	New trial (rep=2, index=0): None
88.1708 	EXP 	fix: autoDraw = True
89.2481 	DATA 	Keypress: escape
91.8454 	EXP 	window1: mouseVisible = True
91.8455 	EXP 	window1: mouseVisible = True
91.8455 	EXP 	window1: mouseVisible = True
91.8456 	EXP 	window1: mouseVisible = True
91.8456 	EXP 	window1: mouseVisible = True
91.8456 	EXP 	window1: mouseVisible = True
91.8457 	EXP 	window1: mouseVisible = True
91.8457 	EXP 	window1: mouseVisible = True
91.8457 	EXP 	window1: mouseVisible = True
91.8458 	EXP 	window1: mouseVisible = True
91.8458 	EXP 	window1: mouseVisible = True
91.8458 	EXP 	window1: mouseVisible = True
91.8459 	EXP 	window1: mouseVisible = True
91.8459 	EXP 	window1: mouseVisible = True
91.8459 	EXP 	window1: mouseVisible = True
91.8460 	EXP 	window1: mouseVisible = True
91.8460 	EXP 	window1: mouseVisible = True
91.8460 	EXP 	window1: mouseVisible = True
91.8461 	EXP 	window1: mouseVisible = True
91.8461 	EXP 	window1: mouseVisible = True
91.8462 	EXP 	window1: mouseVisible = True
91.8462 	EXP 	window1: mouseVisible = True
91.8463 	EXP 	window1: mouseVisible = True
91.8463 	EXP 	window1: mouseVisible = True
91.8464 	EXP 	window1: mouseVisible = True
91.8464 	EXP 	window1: mouseVisible = True
91.8464 	EXP 	window1: mouseVisible = True
91.8465 	EXP 	window1: mouseVisible = True
91.8465 	EXP 	window1: mouseVisible = True
91.8465 	EXP 	window1: mouseVisible = True
91.8466 	EXP 	window1: mouseVisible = True
91.8466 	EXP 	window1: mouseVisible = True
91.8466 	EXP 	window1: mouseVisible = True
91.8467 	EXP 	window1: mouseVisible = True
91.8467 	EXP 	window1: mouseVisible = True
91.8467 	EXP 	window1: mouseVisible = True
91.8468 	EXP 	window1: mouseVisible = True
91.8468 	EXP 	window1: mouseVisible = True
91.8468 	EXP 	window1: mouseVisible = True
91.8468 	EXP 	window1: mouseVisible = True
91.8469 	EXP 	window1: mouseVisible = True
91.8469 	EXP 	window1: mouseVisible = True
91.8469 	EXP 	window1: mouseVisible = True
91.8470 	EXP 	window1: mouseVisible = True
91.8470 	EXP 	window1: mouseVisible = True
91.8470 	EXP 	window1: mouseVisible = True
91.8471 	EXP 	window1: mouseVisible = True
91.8471 	EXP 	window1: mouseVisible = True
91.8471 	EXP 	window1: mouseVisible = True
91.8472 	EXP 	window1: mouseVisible = True
91.8472 	EXP 	window1: mouseVisible = True
91.8472 	EXP 	window1: mouseVisible = True
91.8473 	EXP 	window1: mouseVisible = True
91.8473 	EXP 	window1: mouseVisible = True
91.8473 	EXP 	window1: mouseVisible = True
91.8473 	EXP 	window1: mouseVisible = True
91.8474 	EXP 	window1: mouseVisible = True
91.8474 	EXP 	window1: mouseVisible = True
91.8474 	EXP 	window1: mouseVisible = True
91.8475 	EXP 	window1: mouseVisible = True
91.8475 	EXP 	window1: mouseVisible = True
91.8475 	EXP 	window1: mouseVisible = True
91.8476 	EXP 	window1: mouseVisible = True
91.8476 	EXP 	window1: mouseVisible = True
91.8476 	EXP 	window1: mouseVisible = True
91.8477 	EXP 	window1: mouseVisible = True
91.8477 	EXP 	window1: mouseVisible = True
91.8477 	EXP 	window1: mouseVisible = True
91.8478 	EXP 	window1: mouseVisible = True
91.8478 	EXP 	window1: mouseVisible = True
91.8478 	EXP 	window1: mouseVisible = True
91.8479 	EXP 	window1: mouseVisible = True
91.8479 	EXP 	window1: mouseVisible = True
91.8479 	EXP 	window1: mouseVisible = True
91.8480 	EXP 	window1: mouseVisible = True
91.8480 	EXP 	window1: mouseVisible = True
91.8480 	EXP 	window1: mouseVisible = True
91.8481 	EXP 	window1: mouseVisible = True
91.8481 	EXP 	window1: mouseVisible = True
91.8481 	EXP 	window1: mouseVisible = True
91.8482 	EXP 	window1: mouseVisible = True
91.8482 	EXP 	window1: mouseVisible = True
91.8482 	EXP 	window1: mouseVisible = True
91.8483 	EXP 	window1: mouseVisible = True
91.8483 	EXP 	window1: mouseVisible = True
91.8483 	EXP 	window1: mouseVisible = True
91.8484 	EXP 	window1: mouseVisible = True
91.8484 	EXP 	window1: mouseVisible = True
91.8484 	EXP 	window1: mouseVisible = True
91.8484 	EXP 	window1: mouseVisible = True
91.8485 	EXP 	window1: mouseVisible = True
91.8485 	EXP 	window1: mouseVisible = True
91.8485 	EXP 	window1: mouseVisible = True
91.8486 	EXP 	window1: mouseVisible = True
91.8486 	EXP 	window1: mouseVisible = True
91.8486 	EXP 	window1: mouseVisible = True
91.8487 	EXP 	window1: mouseVisible = True
91.8487 	EXP 	window1: mouseVisible = True
91.8488 	EXP 	window1: mouseVisible = True
91.8488 	EXP 	window1: mouseVisible = True
91.8488 	EXP 	window1: mouseVisible = True
91.8489 	EXP 	window1: mouseVisible = True
91.8489 	EXP 	window1: mouseVisible = True
91.8489 	EXP 	window1: mouseVisible = True
91.8490 	EXP 	window1: mouseVisible = True
91.8490 	EXP 	window1: mouseVisible = True
91.8490 	EXP 	window1: mouseVisible = True
91.8491 	EXP 	window1: mouseVisible = True
91.8491 	EXP 	window1: mouseVisible = True
91.8491 	EXP 	window1: mouseVisible = True
91.8491 	EXP 	window1: mouseVisible = True
91.8492 	EXP 	window1: mouseVisible = True
91.8492 	EXP 	window1: mouseVisible = True
91.8492 	EXP 	window1: mouseVisible = True
91.8493 	EXP 	window1: mouseVisible = True
91.8493 	EXP 	window1: mouseVisible = True
91.8493 	EXP 	window1: mouseVisible = True
91.8494 	EXP 	window1: mouseVisible = True
91.8494 	EXP 	window1: mouseVisible = True
91.8494 	EXP 	window1: mouseVisible = True
91.8495 	EXP 	window1: mouseVisible = True
91.8495 	EXP 	window1: mouseVisible = True
91.8495 	EXP 	window1: mouseVisible = True
91.8496 	EXP 	window1: mouseVisible = True
91.8496 	EXP 	window1: mouseVisible = True
91.8496 	EXP 	window1: mouseVisible = True
91.8496 	EXP 	window1: mouseVisible = True
91.8497 	EXP 	window1: mouseVisible = True
91.8497 	EXP 	window1: mouseVisible = True
91.8497 	EXP 	window1: mouseVisible = True
91.8498 	EXP 	window1: mouseVisible = True
91.8498 	EXP 	window1: mouseVisible = True
91.8498 	EXP 	window1: mouseVisible = True
91.8499 	EXP 	window1: mouseVisible = True
91.8499 	EXP 	window1: mouseVisible = True
91.8499 	EXP 	window1: mouseVisible = True
91.8499 	EXP 	window1: mouseVisible = True
91.8500 	EXP 	window1: mouseVisible = True
91.8500 	EXP 	window1: mouseVisible = True
91.8500 	EXP 	window1: mouseVisible = True
91.8501 	EXP 	window1: mouseVisible = True
91.8501 	EXP 	window1: mouseVisible = True
91.8501 	EXP 	window1: mouseVisible = True
91.8502 	EXP 	window1: mouseVisible = True
91.8502 	EXP 	window1: mouseVisible = True
91.8503 	EXP 	window1: mouseVisible = True
91.8503 	EXP 	window1: mouseVisible = True
91.8503 	EXP 	window1: mouseVisible = True
91.8504 	EXP 	window1: mouseVisible = True
91.8504 	EXP 	window1: mouseVisible = True
91.8504 	EXP 	window1: mouseVisible = True
91.8504 	EXP 	window1: mouseVisible = True
91.8505 	EXP 	window1: mouseVisible = True
91.8505 	EXP 	window1: mouseVisible = True
91.8505 	EXP 	window1: mouseVisible = True
91.8506 	EXP 	window1: mouseVisible = True
91.8506 	EXP 	window1: mouseVisible = True
91.8506 	EXP 	window1: mouseVisible = True
91.8507 	EXP 	window1: mouseVisible = True
91.8507 	EXP 	window1: mouseVisible = True
91.8507 	EXP 	window1: mouseVisible = True
91.8507 	EXP 	window1: mouseVisible = True
91.8508 	EXP 	window1: mouseVisible = True
91.8508 	EXP 	window1: mouseVisible = True
91.8508 	EXP 	window1: mouseVisible = True
91.8509 	EXP 	window1: mouseVisible = True
91.8509 	EXP 	window1: mouseVisible = True
91.8509 	EXP 	window1: mouseVisible = True
91.8509 	EXP 	window1: mouseVisible = True
91.8510 	EXP 	window1: mouseVisible = True
91.8510 	EXP 	window1: mouseVisible = True
91.8510 	EXP 	window1: mouseVisible = True
91.8511 	EXP 	window1: mouseVisible = True
91.8511 	EXP 	window1: mouseVisible = True
91.8511 	EXP 	window1: mouseVisible = True
91.8512 	EXP 	window1: mouseVisible = True
91.8512 	EXP 	window1: mouseVisible = True
91.8512 	EXP 	window1: mouseVisible = True
91.8512 	EXP 	window1: mouseVisible = True
91.8513 	EXP 	window1: mouseVisible = True
91.8513 	EXP 	window1: mouseVisible = True
91.8513 	EXP 	window1: mouseVisible = True
91.8514 	EXP 	window1: mouseVisible = True
91.8514 	EXP 	window1: mouseVisible = True
91.8514 	EXP 	window1: mouseVisible = True
91.8515 	EXP 	window1: mouseVisible = True
91.8515 	EXP 	window1: mouseVisible = True
91.8515 	EXP 	window1: mouseVisible = True
91.8515 	EXP 	window1: mouseVisible = True
91.8516 	EXP 	window1: mouseVisible = True
91.8516 	EXP 	window1: mouseVisible = True
91.8516 	EXP 	window1: mouseVisible = True
91.8517 	EXP 	window1: mouseVisible = True
91.8517 	EXP 	window1: mouseVisible = True
91.8517 	EXP 	window1: mouseVisible = True
91.8518 	EXP 	window1: mouseVisible = True
91.8518 	EXP 	window1: mouseVisible = True
91.8518 	EXP 	window1: mouseVisible = True
91.8518 	EXP 	window1: mouseVisible = True
91.8519 	EXP 	window1: mouseVisible = True
91.8519 	EXP 	window1: mouseVisible = True
91.8519 	EXP 	window1: mouseVisible = True
91.8520 	EXP 	window1: mouseVisible = True
91.8520 	EXP 	window1: mouseVisible = True
91.8520 	EXP 	window1: mouseVisible = True
91.8520 	EXP 	window1: mouseVisible = True
91.8521 	EXP 	window1: mouseVisible = True
91.8521 	EXP 	window1: mouseVisible = True
91.8521 	EXP 	window1: mouseVisible = True
91.8522 	EXP 	window1: mouseVisible = True
91.8522 	EXP 	window1: mouseVisible = True
91.8522 	EXP 	window1: mouseVisible = True
91.8523 	EXP 	window1: mouseVisible = True
91.8523 	EXP 	window1: mouseVisible = True
91.8523 	EXP 	window1: mouseVisible = True
91.8523 	EXP 	window1: mouseVisible = True
91.8524 	EXP 	window1: mouseVisible = True
91.8524 	EXP 	window1: mouseVisible = True
91.8524 	EXP 	window1: mouseVisible = True
91.8525 	EXP 	window1: mouseVisible = True
91.8525 	EXP 	window1: mouseVisible = True
91.8525 	EXP 	window1: mouseVisible = True
91.8525 	EXP 	window1: mouseVisible = True
91.8526 	EXP 	window1: mouseVisible = True
91.8526 	EXP 	window1: mouseVisible = True
91.8526 	EXP 	window1: mouseVisible = True
91.8527 	EXP 	window1: mouseVisible = True
91.8527 	EXP 	window1: mouseVisible = True
91.8527 	EXP 	window1: mouseVisible = True
91.8527 	EXP 	window1: mouseVisible = True
91.8528 	EXP 	window1: mouseVisible = True
91.8528 	EXP 	window1: mouseVisible = True
91.8528 	EXP 	window1: mouseVisible = True
91.8529 	EXP 	window1: mouseVisible = True
91.8529 	EXP 	window1: mouseVisible = True
91.8529 	EXP 	window1: mouseVisible = True
91.8530 	EXP 	window1: mouseVisible = True
91.8530 	EXP 	window1: mouseVisible = True
91.8530 	EXP 	window1: mouseVisible = True
91.8531 	EXP 	window1: mouseVisible = True
91.8531 	EXP 	window1: mouseVisible = True
91.8531 	EXP 	window1: mouseVisible = True
91.8531 	EXP 	window1: mouseVisible = True
91.8532 	EXP 	window1: mouseVisible = True
91.8532 	EXP 	window1: mouseVisible = True
91.8532 	EXP 	window1: mouseVisible = True
91.8533 	EXP 	window1: mouseVisible = True
91.8533 	EXP 	window1: mouseVisible = True
91.8533 	EXP 	window1: mouseVisible = True
91.8533 	EXP 	window1: mouseVisible = True
91.8534 	EXP 	window1: mouseVisible = True
91.8534 	EXP 	window1: mouseVisible = True
91.8534 	EXP 	window1: mouseVisible = True
91.8535 	EXP 	window1: mouseVisible = True
91.8535 	EXP 	window1: mouseVisible = True
91.8535 	EXP 	window1: mouseVisible = True
91.8536 	EXP 	window1: mouseVisible = True
91.8536 	EXP 	window1: mouseVisible = True
91.8536 	EXP 	window1: mouseVisible = True
91.8536 	EXP 	window1: mouseVisible = True
91.8537 	EXP 	window1: mouseVisible = True
91.8537 	EXP 	window1: mouseVisible = True
91.8537 	EXP 	window1: mouseVisible = True
91.8538 	EXP 	window1: mouseVisible = True
91.8538 	EXP 	window1: mouseVisible = True
91.8538 	EXP 	window1: mouseVisible = True
91.8539 	EXP 	window1: mouseVisible = True
91.8539 	EXP 	window1: mouseVisible = True
91.8539 	EXP 	window1: mouseVisible = True
91.8540 	EXP 	window1: mouseVisible = True
91.8540 	EXP 	window1: mouseVisible = True
91.8540 	EXP 	window1: mouseVisible = True
91.8540 	EXP 	window1: mouseVisible = True
91.8541 	EXP 	window1: mouseVisible = True
91.8541 	EXP 	window1: mouseVisible = True
91.8541 	EXP 	window1: mouseVisible = True
91.8542 	EXP 	window1: mouseVisible = True
91.8542 	EXP 	window1: mouseVisible = True
91.8542 	EXP 	window1: mouseVisible = True
91.8543 	EXP 	window1: mouseVisible = True
91.8543 	EXP 	window1: mouseVisible = True
91.8543 	EXP 	window1: mouseVisible = True
91.8543 	EXP 	window1: mouseVisible = True
91.8544 	EXP 	window1: mouseVisible = True
91.8544 	EXP 	window1: mouseVisible = True
91.8544 	EXP 	window1: mouseVisible = True
91.8545 	EXP 	window1: mouseVisible = True
91.8545 	EXP 	window1: mouseVisible = True
91.8545 	EXP 	window1: mouseVisible = True
91.8546 	EXP 	window1: mouseVisible = True
91.8546 	EXP 	window1: mouseVisible = True
91.8546 	EXP 	window1: mouseVisible = True
91.8546 	EXP 	window1: mouseVisible = True
91.8547 	EXP 	window1: mouseVisible = True
91.8547 	EXP 	window1: mouseVisible = True
91.8547 	EXP 	window1: mouseVisible = True
91.8548 	EXP 	window1: mouseVisible = True
91.8548 	EXP 	window1: mouseVisible = True
91.8548 	EXP 	window1: mouseVisible = True
91.8549 	EXP 	window1: mouseVisible = True
91.8549 	EXP 	window1: mouseVisible = True
91.8549 	EXP 	window1: mouseVisible = True
91.8550 	EXP 	window1: mouseVisible = True
91.8550 	EXP 	window1: mouseVisible = True
91.8550 	EXP 	window1: mouseVisible = True
91.8551 	EXP 	window1: mouseVisible = True
91.8551 	EXP 	window1: mouseVisible = True
91.8551 	EXP 	window1: mouseVisible = True
91.8552 	EXP 	window1: mouseVisible = True
91.8552 	EXP 	window1: mouseVisible = True
91.8552 	EXP 	window1: mouseVisible = True
91.8552 	EXP 	window1: mouseVisible = True
91.8553 	EXP 	window1: mouseVisible = True
91.8553 	EXP 	window1: mouseVisible = True
91.8553 	EXP 	window1: mouseVisible = True
91.8554 	EXP 	window1: mouseVisible = True
91.8554 	EXP 	window1: mouseVisible = True
91.8554 	EXP 	window1: mouseVisible = True
91.8555 	EXP 	window1: mouseVisible = True
91.8555 	EXP 	window1: mouseVisible = True
91.8555 	EXP 	window1: mouseVisible = True
91.8555 	EXP 	window1: mouseVisible = True
91.8556 	EXP 	window1: mouseVisible = True
91.8556 	EXP 	window1: mouseVisible = True
91.8556 	EXP 	window1: mouseVisible = True
91.8557 	EXP 	window1: mouseVisible = True
91.8557 	EXP 	window1: mouseVisible = True
91.8557 	EXP 	window1: mouseVisible = True
91.8558 	EXP 	window1: mouseVisible = True
91.8558 	EXP 	window1: mouseVisible = True
91.8558 	EXP 	window1: mouseVisible = True
91.8559 	EXP 	window1: mouseVisible = True
91.8559 	EXP 	window1: mouseVisible = True
91.8559 	EXP 	window1: mouseVisible = True
91.8559 	EXP 	window1: mouseVisible = True
91.8560 	EXP 	window1: mouseVisible = True
91.8560 	EXP 	window1: mouseVisible = True
91.8560 	EXP 	window1: mouseVisible = True
91.8561 	EXP 	window1: mouseVisible = True
91.8561 	EXP 	window1: mouseVisible = True
91.8561 	EXP 	window1: mouseVisible = True
91.8562 	EXP 	window1: mouseVisible = True
91.8562 	EXP 	window1: mouseVisible = True
91.8562 	EXP 	window1: mouseVisible = True
91.8562 	EXP 	window1: mouseVisible = True
91.8563 	EXP 	window1: mouseVisible = True
91.8563 	EXP 	window1: mouseVisible = True
91.8563 	EXP 	window1: mouseVisible = True
91.8564 	EXP 	window1: mouseVisible = True
91.8564 	EXP 	window1: mouseVisible = True
91.8564 	EXP 	window1: mouseVisible = True
91.8565 	EXP 	window1: mouseVisible = True
91.8565 	EXP 	window1: mouseVisible = True
91.8565 	EXP 	window1: mouseVisible = True
91.8566 	EXP 	window1: mouseVisible = True
91.8566 	EXP 	window1: mouseVisible = True
91.8566 	EXP 	window1: mouseVisible = True
91.8566 	EXP 	window1: mouseVisible = True
91.8567 	EXP 	window1: mouseVisible = True
91.8567 	EXP 	window1: mouseVisible = True
91.8567 	EXP 	window1: mouseVisible = True
91.8568 	EXP 	window1: mouseVisible = True
91.8568 	EXP 	window1: mouseVisible = True
91.8568 	EXP 	window1: mouseVisible = True
91.8569 	EXP 	window1: mouseVisible = True
91.8569 	EXP 	window1: mouseVisible = True
91.8569 	EXP 	window1: mouseVisible = True
91.8569 	EXP 	window1: mouseVisible = True
91.8570 	EXP 	window1: mouseVisible = True
91.8570 	EXP 	window1: mouseVisible = True
91.8570 	EXP 	window1: mouseVisible = True
91.8571 	EXP 	window1: mouseVisible = True
91.8571 	EXP 	window1: mouseVisible = True
91.8571 	EXP 	window1: mouseVisible = True
91.8572 	EXP 	window1: mouseVisible = True
91.8572 	EXP 	window1: mouseVisible = True
91.8572 	EXP 	window1: mouseVisible = True
91.8573 	EXP 	window1: mouseVisible = True
91.8573 	EXP 	window1: mouseVisible = True
91.8573 	EXP 	window1: mouseVisible = True
91.8574 	EXP 	window1: mouseVisible = True
91.8574 	EXP 	window1: mouseVisible = True
91.8574 	EXP 	window1: mouseVisible = True
91.8574 	EXP 	window1: mouseVisible = True
91.8575 	EXP 	window1: mouseVisible = True
91.8575 	EXP 	window1: mouseVisible = True
91.8575 	EXP 	window1: mouseVisible = True
91.8576 	EXP 	window1: mouseVisible = True
91.8576 	EXP 	window1: mouseVisible = True
91.8576 	EXP 	window1: mouseVisible = True
91.8577 	EXP 	window1: mouseVisible = True
91.8577 	EXP 	window1: mouseVisible = True
91.8577 	EXP 	window1: mouseVisible = True
91.8577 	EXP 	window1: mouseVisible = True
91.8578 	EXP 	window1: mouseVisible = True
91.8578 	EXP 	window1: mouseVisible = True
91.8578 	EXP 	window1: mouseVisible = True
91.8579 	EXP 	window1: mouseVisible = True
91.8579 	EXP 	window1: mouseVisible = True
91.8579 	EXP 	window1: mouseVisible = True
91.8579 	EXP 	window1: mouseVisible = True
91.8580 	EXP 	window1: mouseVisible = True
91.8580 	EXP 	window1: mouseVisible = True
91.8580 	EXP 	window1: mouseVisible = True
91.8581 	EXP 	window1: mouseVisible = True
91.8581 	EXP 	window1: mouseVisible = True
91.8581 	EXP 	window1: mouseVisible = True
91.8582 	EXP 	window1: mouseVisible = True
91.8582 	EXP 	window1: mouseVisible = True
91.8582 	EXP 	window1: mouseVisible = True
91.8582 	EXP 	window1: mouseVisible = True
91.8583 	EXP 	window1: mouseVisible = True
91.8583 	EXP 	window1: mouseVisible = True
91.8583 	EXP 	window1: mouseVisible = True
91.8584 	EXP 	window1: mouseVisible = True
91.8584 	EXP 	window1: mouseVisible = True
91.8584 	EXP 	window1: mouseVisible = True
91.8585 	EXP 	window1: mouseVisible = True
91.8585 	EXP 	window1: mouseVisible = True
91.8585 	EXP 	window1: mouseVisible = True
91.8586 	EXP 	window1: mouseVisible = True
91.8586 	EXP 	window1: mouseVisible = True
91.8586 	EXP 	window1: mouseVisible = True
91.8586 	EXP 	window1: mouseVisible = True
91.8587 	EXP 	window1: mouseVisible = True
91.8587 	EXP 	window1: mouseVisible = True
91.8587 	EXP 	window1: mouseVisible = True
91.8588 	EXP 	window1: mouseVisible = True
91.8588 	EXP 	window1: mouseVisible = True
91.8588 	EXP 	window1: mouseVisible = True
91.8589 	EXP 	window1: mouseVisible = True
91.8589 	EXP 	window1: mouseVisible = True
91.8589 	EXP 	window1: mouseVisible = True
91.8589 	EXP 	window1: mouseVisible = True
91.8590 	EXP 	window1: mouseVisible = True
91.8590 	EXP 	window1: mouseVisible = True
91.8590 	EXP 	window1: mouseVisible = True
91.8591 	EXP 	window1: mouseVisible = True
91.8591 	EXP 	window1: mouseVisible = True
91.8591 	EXP 	window1: mouseVisible = True
91.8592 	EXP 	window1: mouseVisible = True
91.8592 	EXP 	window1: mouseVisible = True
91.8592 	EXP 	window1: mouseVisible = True
91.8593 	EXP 	window1: mouseVisible = True
91.8593 	EXP 	window1: mouseVisible = True
91.8593 	EXP 	window1: mouseVisible = True
91.8593 	EXP 	window1: mouseVisible = True
91.8594 	EXP 	window1: mouseVisible = True
91.8594 	EXP 	window1: mouseVisible = True
91.8594 	EXP 	window1: mouseVisible = True
91.8595 	EXP 	window1: mouseVisible = True
91.8595 	EXP 	window1: mouseVisible = True
91.8595 	EXP 	window1: mouseVisible = True
91.8596 	EXP 	window1: mouseVisible = True
91.8596 	EXP 	window1: mouseVisible = True
91.8596 	EXP 	window1: mouseVisible = True
91.8597 	EXP 	window1: mouseVisible = True
91.8597 	EXP 	window1: mouseVisible = True
91.8597 	EXP 	window1: mouseVisible = True
91.8598 	EXP 	window1: mouseVisible = True
91.8598 	EXP 	window1: mouseVisible = True
91.8598 	EXP 	window1: mouseVisible = True
91.8599 	EXP 	window1: mouseVisible = True
91.8599 	EXP 	window1: mouseVisible = True
91.8599 	EXP 	window1: mouseVisible = True
91.8599 	EXP 	window1: mouseVisible = True
91.8600 	EXP 	window1: mouseVisible = True
91.8600 	EXP 	window1: mouseVisible = True
91.8600 	EXP 	window1: mouseVisible = True
91.8601 	EXP 	window1: mouseVisible = True
91.8601 	EXP 	window1: mouseVisible = True
91.8601 	EXP 	window1: mouseVisible = True
91.8602 	EXP 	window1: mouseVisible = True
91.8602 	EXP 	window1: mouseVisible = True
91.8602 	EXP 	window1: mouseVisible = True
91.8603 	EXP 	window1: mouseVisible = True
91.8603 	EXP 	window1: mouseVisible = True
91.8603 	EXP 	window1: mouseVisible = True
91.8603 	EXP 	window1: mouseVisible = True
91.8604 	EXP 	window1: mouseVisible = True
91.8604 	EXP 	window1: mouseVisible = True
91.8604 	EXP 	window1: mouseVisible = True
91.8605 	EXP 	window1: mouseVisible = True
91.8605 	EXP 	window1: mouseVisible = True
91.8605 	EXP 	window1: mouseVisible = True
91.8606 	EXP 	window1: mouseVisible = True
91.8606 	EXP 	window1: mouseVisible = True
91.8606 	EXP 	window1: mouseVisible = True
91.8607 	EXP 	window1: mouseVisible = True
91.8607 	EXP 	window1: mouseVisible = True
91.8607 	EXP 	window1: mouseVisible = True
91.8607 	EXP 	window1: mouseVisible = True
91.8608 	EXP 	window1: mouseVisible = True
91.8608 	EXP 	window1: mouseVisible = True
91.8608 	EXP 	window1: mouseVisible = True
91.8609 	EXP 	window1: mouseVisible = True
91.8609 	EXP 	window1: mouseVisible = True
91.8609 	EXP 	window1: mouseVisible = True
91.8610 	EXP 	window1: mouseVisible = True
91.8610 	EXP 	window1: mouseVisible = True
91.8610 	EXP 	window1: mouseVisible = True
91.8611 	EXP 	window1: mouseVisible = True
91.8611 	EXP 	window1: mouseVisible = True
91.8611 	EXP 	window1: mouseVisible = True
91.8611 	EXP 	window1: mouseVisible = True
91.8612 	EXP 	window1: mouseVisible = True
91.8612 	EXP 	window1: mouseVisible = True
91.8612 	EXP 	window1: mouseVisible = True
91.8613 	EXP 	window1: mouseVisible = True
91.8613 	EXP 	window1: mouseVisible = True
91.8613 	EXP 	window1: mouseVisible = True
91.8614 	EXP 	window1: mouseVisible = True
91.8614 	EXP 	window1: mouseVisible = True
91.8614 	EXP 	window1: mouseVisible = True
91.8614 	EXP 	window1: mouseVisible = True
91.8615 	EXP 	window1: mouseVisible = True
91.8615 	EXP 	window1: mouseVisible = True
91.8615 	EXP 	window1: mouseVisible = True
91.8616 	EXP 	window1: mouseVisible = True
91.8616 	EXP 	window1: mouseVisible = True
91.8616 	EXP 	window1: mouseVisible = True
91.8617 	EXP 	window1: mouseVisible = True
91.8617 	EXP 	window1: mouseVisible = True
91.8617 	EXP 	window1: mouseVisible = True
91.8617 	EXP 	window1: mouseVisible = True
91.8618 	EXP 	window1: mouseVisible = True
91.8618 	EXP 	window1: mouseVisible = True
91.8618 	EXP 	window1: mouseVisible = True
91.8619 	EXP 	window1: mouseVisible = True
91.8619 	EXP 	window1: mouseVisible = True
91.8619 	EXP 	window1: mouseVisible = True
91.8620 	EXP 	window1: mouseVisible = True
91.8620 	EXP 	window1: mouseVisible = True
91.8620 	EXP 	window1: mouseVisible = True
91.8621 	EXP 	window1: mouseVisible = True
91.8621 	EXP 	window1: mouseVisible = True
91.8621 	EXP 	window1: mouseVisible = True
91.8621 	EXP 	window1: mouseVisible = True
91.8622 	EXP 	window1: mouseVisible = True
91.8622 	EXP 	window1: mouseVisible = True
91.8622 	EXP 	window1: mouseVisible = True
91.8623 	EXP 	window1: mouseVisible = True
91.8623 	EXP 	window1: mouseVisible = True
91.8623 	EXP 	window1: mouseVisible = True
91.8624 	EXP 	window1: mouseVisible = True
91.8624 	EXP 	window1: mouseVisible = True
91.8624 	EXP 	window1: mouseVisible = True
91.8624 	EXP 	window1: mouseVisible = True
91.8625 	EXP 	window1: mouseVisible = True
91.8625 	EXP 	window1: mouseVisible = True
91.8625 	EXP 	window1: mouseVisible = True
91.8626 	EXP 	window1: mouseVisible = True
91.8626 	EXP 	window1: mouseVisible = True
91.8626 	EXP 	window1: mouseVisible = True
91.8627 	EXP 	window1: mouseVisible = True
91.8627 	EXP 	window1: mouseVisible = True
91.8627 	EXP 	window1: mouseVisible = True
91.8628 	EXP 	window1: mouseVisible = True
91.8628 	EXP 	window1: mouseVisible = True
91.8628 	EXP 	window1: mouseVisible = True
91.8628 	EXP 	window1: mouseVisible = True
91.8629 	EXP 	window1: mouseVisible = True
91.8629 	EXP 	window1: mouseVisible = True
91.8629 	EXP 	window1: mouseVisible = True
91.8630 	EXP 	window1: mouseVisible = True
91.8630 	EXP 	window1: mouseVisible = True
91.8630 	EXP 	window1: mouseVisible = True
91.8630 	EXP 	window1: mouseVisible = True
91.8631 	EXP 	window1: mouseVisible = True
91.8631 	EXP 	window1: mouseVisible = True
91.8631 	EXP 	window1: mouseVisible = True
91.8632 	EXP 	window1: mouseVisible = True
91.8632 	EXP 	window1: mouseVisible = True
91.8632 	EXP 	window1: mouseVisible = True
91.8633 	EXP 	window1: mouseVisible = True
91.8633 	EXP 	window1: mouseVisible = True
91.8633 	EXP 	window1: mouseVisible = True
91.8634 	EXP 	window1: mouseVisible = True
91.8634 	EXP 	window1: mouseVisible = True
91.8634 	EXP 	window1: mouseVisible = True
91.8635 	EXP 	window1: mouseVisible = True
91.8635 	EXP 	window1: mouseVisible = True
91.8635 	EXP 	window1: mouseVisible = True
91.8636 	EXP 	window1: mouseVisible = True
91.8636 	EXP 	window1: mouseVisible = True
91.8636 	EXP 	window1: mouseVisible = True
91.8636 	EXP 	window1: mouseVisible = True
91.8637 	EXP 	window1: mouseVisible = True
91.8637 	EXP 	window1: mouseVisible = True
91.8637 	EXP 	window1: mouseVisible = True
91.8638 	EXP 	window1: mouseVisible = True
91.8638 	EXP 	window1: mouseVisible = True
91.8638 	EXP 	window1: mouseVisible = True
91.8639 	EXP 	window1: mouseVisible = True
91.8639 	EXP 	window1: mouseVisible = True
91.8639 	EXP 	window1: mouseVisible = True
91.8640 	EXP 	window1: mouseVisible = True
91.8640 	EXP 	window1: mouseVisible = True
91.8640 	EXP 	window1: mouseVisible = True
91.8640 	EXP 	window1: mouseVisible = True
91.8641 	EXP 	window1: mouseVisible = True
91.8641 	EXP 	window1: mouseVisible = True
91.8641 	EXP 	window1: mouseVisible = True
91.8642 	EXP 	window1: mouseVisible = True
91.8642 	EXP 	window1: mouseVisible = True
91.8642 	EXP 	window1: mouseVisible = True
91.8643 	EXP 	window1: mouseVisible = True
91.8643 	EXP 	window1: mouseVisible = True
91.8643 	EXP 	window1: mouseVisible = True
91.8644 	EXP 	window1: mouseVisible = True
91.8644 	EXP 	window1: mouseVisible = True
91.8644 	EXP 	window1: mouseVisible = True
91.8648 	EXP 	window1: mouseVisible = True
91.8649 	EXP 	window1: mouseVisible = True
91.8649 	EXP 	window1: mouseVisible = True
91.8650 	EXP 	window1: mouseVisible = True
91.8650 	EXP 	window1: mouseVisible = True
91.8650 	EXP 	window1: mouseVisible = True
91.8651 	EXP 	window1: mouseVisible = True
91.8651 	EXP 	window1: mouseVisible = True
91.8651 	EXP 	window1: mouseVisible = True
91.8651 	EXP 	window1: mouseVisible = True
91.8652 	EXP 	window1: mouseVisible = True
91.8652 	EXP 	window1: mouseVisible = True
91.8652 	EXP 	window1: mouseVisible = True
91.8653 	EXP 	window1: mouseVisible = True
91.8653 	EXP 	window1: mouseVisible = True
91.8653 	EXP 	window1: mouseVisible = True
91.8654 	EXP 	window1: mouseVisible = True
91.8654 	EXP 	window1: mouseVisible = True
91.8654 	EXP 	window1: mouseVisible = True
91.8655 	EXP 	window1: mouseVisible = True
91.8655 	EXP 	window1: mouseVisible = True
91.8655 	EXP 	window1: mouseVisible = True
91.8655 	EXP 	window1: mouseVisible = True
91.8656 	EXP 	window1: mouseVisible = True
91.8656 	EXP 	window1: mouseVisible = True
91.8656 	EXP 	window1: mouseVisible = True
91.8657 	EXP 	window1: mouseVisible = True
91.8657 	EXP 	window1: mouseVisible = True
91.8657 	EXP 	window1: mouseVisible = True
91.8658 	EXP 	window1: mouseVisible = True
91.8658 	EXP 	window1: mouseVisible = True
91.8658 	EXP 	window1: mouseVisible = True
91.8659 	EXP 	window1: mouseVisible = True
91.8659 	EXP 	window1: mouseVisible = True
91.8659 	EXP 	window1: mouseVisible = True
91.8659 	EXP 	window1: mouseVisible = True
91.8660 	EXP 	window1: mouseVisible = True
91.8660 	EXP 	window1: mouseVisible = True
91.8660 	EXP 	window1: mouseVisible = True
91.8661 	EXP 	window1: mouseVisible = True
91.8661 	EXP 	window1: mouseVisible = True
91.8661 	EXP 	window1: mouseVisible = True
91.8662 	EXP 	window1: mouseVisible = True
91.8662 	EXP 	window1: mouseVisible = True
91.8662 	EXP 	window1: mouseVisible = True
91.8663 	EXP 	window1: mouseVisible = True
91.8663 	EXP 	window1: mouseVisible = True
91.8663 	EXP 	window1: mouseVisible = True
91.8664 	EXP 	window1: mouseVisible = True
91.8664 	EXP 	window1: mouseVisible = True
91.8664 	EXP 	window1: mouseVisible = True
91.8664 	EXP 	window1: mouseVisible = True
91.8665 	EXP 	window1: mouseVisible = True
91.8665 	EXP 	window1: mouseVisible = True
91.8665 	EXP 	window1: mouseVisible = True
91.8666 	EXP 	window1: mouseVisible = True
91.8666 	EXP 	window1: mouseVisible = True
91.8666 	EXP 	window1: mouseVisible = True
91.8667 	EXP 	window1: mouseVisible = True
91.8667 	EXP 	window1: mouseVisible = True
91.8667 	EXP 	window1: mouseVisible = True
91.8668 	EXP 	window1: mouseVisible = True
91.8668 	EXP 	window1: mouseVisible = True
91.8668 	EXP 	window1: mouseVisible = True
91.8669 	EXP 	window1: mouseVisible = True
91.8669 	EXP 	window1: mouseVisible = True
91.8669 	EXP 	window1: mouseVisible = True
91.8669 	EXP 	window1: mouseVisible = True
91.8670 	EXP 	window1: mouseVisible = True
91.8670 	EXP 	window1: mouseVisible = True
91.8670 	EXP 	window1: mouseVisible = True
91.8671 	EXP 	window1: mouseVisible = True
91.8671 	EXP 	window1: mouseVisible = True
91.8671 	EXP 	window1: mouseVisible = True
91.8672 	EXP 	window1: mouseVisible = True
91.8672 	EXP 	window1: mouseVisible = True
91.8672 	EXP 	window1: mouseVisible = True
91.8672 	EXP 	window1: mouseVisible = True
91.8673 	EXP 	window1: mouseVisible = True
91.8673 	EXP 	window1: mouseVisible = True
91.8673 	EXP 	window1: mouseVisible = True
91.8674 	EXP 	window1: mouseVisible = True
91.8674 	EXP 	window1: mouseVisible = True
91.8674 	EXP 	window1: mouseVisible = True
91.8675 	EXP 	window1: mouseVisible = True
91.8675 	EXP 	window1: mouseVisible = True
91.8675 	EXP 	window1: mouseVisible = True
91.8675 	EXP 	window1: mouseVisible = True
91.8676 	EXP 	window1: mouseVisible = True
91.8676 	EXP 	window1: mouseVisible = True
91.8676 	EXP 	window1: mouseVisible = True
91.8677 	EXP 	window1: mouseVisible = True
91.8677 	EXP 	window1: mouseVisible = True
91.8677 	EXP 	window1: mouseVisible = True
91.8678 	EXP 	window1: mouseVisible = True
91.8678 	EXP 	window1: mouseVisible = True
91.8678 	EXP 	window1: mouseVisible = True
91.8679 	EXP 	window1: mouseVisible = True
91.8679 	EXP 	window1: mouseVisible = True
91.8679 	EXP 	window1: mouseVisible = True
91.8679 	EXP 	window1: mouseVisible = True
91.8680 	EXP 	window1: mouseVisible = True
91.8680 	EXP 	window1: mouseVisible = True
91.8680 	EXP 	window1: mouseVisible = True
91.8681 	EXP 	window1: mouseVisible = True
91.8681 	EXP 	window1: mouseVisible = True
91.8681 	EXP 	window1: mouseVisible = True
91.8682 	EXP 	window1: mouseVisible = True
91.8682 	EXP 	window1: mouseVisible = True
91.8682 	EXP 	window1: mouseVisible = True
91.8683 	EXP 	window1: mouseVisible = True
91.8683 	EXP 	window1: mouseVisible = True
91.8683 	EXP 	window1: mouseVisible = True
91.8683 	EXP 	window1: mouseVisible = True
91.8684 	EXP 	window1: mouseVisible = True
91.8684 	EXP 	window1: mouseVisible = True
91.8685 	EXP 	window1: mouseVisible = True
91.8685 	EXP 	window1: mouseVisible = True
91.8685 	EXP 	window1: mouseVisible = True
91.8686 	EXP 	window1: mouseVisible = True
91.8686 	EXP 	window1: mouseVisible = True
91.8686 	EXP 	window1: mouseVisible = True
91.8687 	EXP 	window1: mouseVisible = True
91.8687 	EXP 	window1: mouseVisible = True
91.8687 	EXP 	window1: mouseVisible = True
91.8688 	EXP 	window1: mouseVisible = True
91.8688 	EXP 	window1: mouseVisible = True
91.8688 	EXP 	window1: mouseVisible = True
91.8689 	EXP 	window1: mouseVisible = True
91.8689 	EXP 	window1: mouseVisible = True
91.8689 	EXP 	window1: mouseVisible = True
91.8689 	EXP 	window1: mouseVisible = True
91.8690 	EXP 	window1: mouseVisible = True
91.8690 	EXP 	window1: mouseVisible = True
91.8690 	EXP 	window1: mouseVisible = True
91.8691 	EXP 	window1: mouseVisible = True
91.8691 	EXP 	window1: mouseVisible = True
91.8691 	EXP 	window1: mouseVisible = True
91.8692 	EXP 	window1: mouseVisible = True
91.8692 	EXP 	window1: mouseVisible = True
91.8692 	EXP 	window1: mouseVisible = True
91.8693 	EXP 	window1: mouseVisible = True
91.8693 	EXP 	window1: mouseVisible = True
91.8693 	EXP 	window1: mouseVisible = True
91.8694 	EXP 	window1: mouseVisible = True
91.8694 	EXP 	window1: mouseVisible = True
91.8694 	EXP 	window1: mouseVisible = True
91.8694 	EXP 	window1: mouseVisible = True
91.8695 	EXP 	window1: mouseVisible = True
91.8695 	EXP 	window1: mouseVisible = True
91.8695 	EXP 	window1: mouseVisible = True
91.8696 	EXP 	window1: mouseVisible = True
91.8696 	EXP 	window1: mouseVisible = True
91.8696 	EXP 	window1: mouseVisible = True
91.8697 	EXP 	window1: mouseVisible = True
91.8697 	EXP 	window1: mouseVisible = True
91.8698 	EXP 	window1: mouseVisible = True
91.8698 	EXP 	window1: mouseVisible = True
91.8698 	EXP 	window1: mouseVisible = True
91.8699 	EXP 	window1: mouseVisible = True
91.8699 	EXP 	window1: mouseVisible = True
91.8699 	EXP 	window1: mouseVisible = True
91.8699 	EXP 	window1: mouseVisible = True
91.8700 	EXP 	window1: mouseVisible = True
91.8700 	EXP 	window1: mouseVisible = True
91.8700 	EXP 	window1: mouseVisible = True
91.8701 	EXP 	window1: mouseVisible = True
91.8701 	EXP 	window1: mouseVisible = True
91.8701 	EXP 	window1: mouseVisible = True
91.8702 	EXP 	window1: mouseVisible = True
91.8702 	EXP 	window1: mouseVisible = True
91.8702 	EXP 	window1: mouseVisible = True
91.8703 	EXP 	window1: mouseVisible = True
91.8703 	EXP 	window1: mouseVisible = True
91.8703 	EXP 	window1: mouseVisible = True
91.8704 	EXP 	window1: mouseVisible = True
91.8704 	EXP 	window1: mouseVisible = True
91.8704 	EXP 	window1: mouseVisible = True
91.8704 	EXP 	window1: mouseVisible = True
91.8705 	EXP 	window1: mouseVisible = True
91.8705 	EXP 	window1: mouseVisible = True
91.8705 	EXP 	window1: mouseVisible = True
91.8706 	EXP 	window1: mouseVisible = True
91.8706 	EXP 	window1: mouseVisible = True
91.8706 	EXP 	window1: mouseVisible = True
91.8707 	EXP 	window1: mouseVisible = True
91.8707 	EXP 	window1: mouseVisible = True
91.8707 	EXP 	window1: mouseVisible = True
91.8708 	EXP 	window1: mouseVisible = True
91.8708 	EXP 	window1: mouseVisible = True
91.8708 	EXP 	window1: mouseVisible = True
91.8709 	EXP 	window1: mouseVisible = True
91.8709 	EXP 	window1: mouseVisible = True
91.8709 	EXP 	window1: mouseVisible = True
91.8710 	EXP 	window1: mouseVisible = True
91.8710 	EXP 	window1: mouseVisible = True
91.8710 	EXP 	window1: mouseVisible = True
91.8710 	EXP 	window1: mouseVisible = True
91.8711 	EXP 	window1: mouseVisible = True
91.8711 	EXP 	window1: mouseVisible = True
91.8711 	EXP 	window1: mouseVisible = True
91.8712 	EXP 	window1: mouseVisible = True
91.8712 	EXP 	window1: mouseVisible = True
91.8712 	EXP 	window1: mouseVisible = True
91.8713 	EXP 	window1: mouseVisible = True
91.8713 	EXP 	window1: mouseVisible = True
91.8713 	EXP 	window1: mouseVisible = True
91.8714 	EXP 	window1: mouseVisible = True
91.8714 	EXP 	window1: mouseVisible = True
91.8714 	EXP 	window1: mouseVisible = True
91.8714 	EXP 	window1: mouseVisible = True
91.8715 	EXP 	window1: mouseVisible = True
91.8715 	EXP 	window1: mouseVisible = True
91.8715 	EXP 	window1: mouseVisible = True
91.8716 	EXP 	window1: mouseVisible = True
91.8716 	EXP 	window1: mouseVisible = True
91.8716 	EXP 	window1: mouseVisible = True
91.8717 	EXP 	window1: mouseVisible = True
91.8717 	EXP 	window1: mouseVisible = True
91.8717 	EXP 	window1: mouseVisible = True
91.8717 	EXP 	window1: mouseVisible = True
91.8718 	EXP 	window1: mouseVisible = True
91.8718 	EXP 	window1: mouseVisible = True
91.8718 	EXP 	window1: mouseVisible = True
91.8719 	EXP 	window1: mouseVisible = True
91.8719 	EXP 	window1: mouseVisible = True
91.8719 	EXP 	window1: mouseVisible = True
91.8720 	EXP 	window1: mouseVisible = True
91.8720 	EXP 	window1: mouseVisible = True
91.8720 	EXP 	window1: mouseVisible = True
91.8721 	EXP 	window1: mouseVisible = True
91.8721 	EXP 	window1: mouseVisible = True
91.8721 	EXP 	window1: mouseVisible = True
91.8721 	EXP 	window1: mouseVisible = True
91.8722 	EXP 	window1: mouseVisible = True
91.8722 	EXP 	window1: mouseVisible = True
91.8722 	EXP 	window1: mouseVisible = True
91.8723 	EXP 	window1: mouseVisible = True
91.8723 	EXP 	window1: mouseVisible = True
91.8723 	EXP 	window1: mouseVisible = True
91.8724 	EXP 	window1: mouseVisible = True
91.8724 	EXP 	window1: mouseVisible = True
91.8724 	EXP 	window1: mouseVisible = True
91.8724 	EXP 	window1: mouseVisible = True
91.8725 	EXP 	window1: mouseVisible = True
91.8725 	EXP 	window1: mouseVisible = True
91.8725 	EXP 	window1: mouseVisible = True
91.8726 	EXP 	window1: mouseVisible = True
91.8726 	EXP 	window1: mouseVisible = True
91.8726 	EXP 	window1: mouseVisible = True
91.8727 	EXP 	window1: mouseVisible = True
91.8727 	EXP 	window1: mouseVisible = True
91.8727 	EXP 	window1: mouseVisible = True
91.8727 	EXP 	window1: mouseVisible = True
91.8728 	EXP 	window1: mouseVisible = True
91.8728 	EXP 	window1: mouseVisible = True
91.8728 	EXP 	window1: mouseVisible = True
91.8729 	EXP 	window1: mouseVisible = True
91.8729 	EXP 	window1: mouseVisible = True
91.8729 	EXP 	window1: mouseVisible = True
91.8730 	EXP 	window1: mouseVisible = True
91.8730 	EXP 	window1: mouseVisible = True
91.8730 	EXP 	window1: mouseVisible = True
91.8730 	EXP 	window1: mouseVisible = True
91.8731 	EXP 	window1: mouseVisible = True
91.8731 	EXP 	window1: mouseVisible = True
91.8731 	EXP 	window1: mouseVisible = True
91.8732 	EXP 	window1: mouseVisible = True
91.8732 	EXP 	window1: mouseVisible = True
91.8732 	EXP 	window1: mouseVisible = True
91.8733 	EXP 	window1: mouseVisible = True
91.8733 	EXP 	window1: mouseVisible = True
91.8733 	EXP 	window1: mouseVisible = True
91.8733 	EXP 	window1: mouseVisible = True
91.8734 	EXP 	window1: mouseVisible = True
91.8734 	EXP 	window1: mouseVisible = True
91.8734 	EXP 	window1: mouseVisible = True
91.8735 	EXP 	window1: mouseVisible = True
91.8735 	EXP 	window1: mouseVisible = True
91.8735 	EXP 	window1: mouseVisible = True
91.8736 	EXP 	window1: mouseVisible = True
91.8736 	EXP 	window1: mouseVisible = True
91.8736 	EXP 	window1: mouseVisible = True
91.8737 	EXP 	window1: mouseVisible = True
91.8737 	EXP 	window1: mouseVisible = True
91.8737 	EXP 	window1: mouseVisible = True
91.8737 	EXP 	window1: mouseVisible = True
91.8738 	EXP 	window1: mouseVisible = True
91.8738 	EXP 	window1: mouseVisible = True
91.8738 	EXP 	window1: mouseVisible = True
91.8739 	EXP 	window1: mouseVisible = True
91.8739 	EXP 	window1: mouseVisible = True
91.8739 	EXP 	window1: mouseVisible = True
91.8740 	EXP 	window1: mouseVisible = True
91.8740 	EXP 	window1: mouseVisible = True
91.8740 	EXP 	window1: mouseVisible = True
91.8740 	EXP 	window1: mouseVisible = True
91.8741 	EXP 	window1: mouseVisible = True
91.8741 	EXP 	window1: mouseVisible = True
91.8741 	EXP 	window1: mouseVisible = True
91.8742 	EXP 	window1: mouseVisible = True
91.8742 	EXP 	window1: mouseVisible = True
91.8742 	EXP 	window1: mouseVisible = True
91.8743 	EXP 	window1: mouseVisible = True
91.8743 	EXP 	window1: mouseVisible = True
91.8743 	EXP 	window1: mouseVisible = True
91.8743 	EXP 	window1: mouseVisible = True
91.8744 	EXP 	window1: mouseVisible = True
91.8744 	EXP 	window1: mouseVisible = True
91.8744 	EXP 	window1: mouseVisible = True
91.8745 	EXP 	window1: mouseVisible = True
91.8745 	EXP 	window1: mouseVisible = True
91.8746 	EXP 	window1: mouseVisible = True
91.8746 	EXP 	window1: mouseVisible = True
91.8746 	EXP 	window1: mouseVisible = True
91.8746 	EXP 	window1: mouseVisible = True
91.8747 	EXP 	window1: mouseVisible = True
91.8747 	EXP 	window1: mouseVisible = True
91.8747 	EXP 	window1: mouseVisible = True
91.8748 	EXP 	window1: mouseVisible = True
91.8748 	EXP 	window1: mouseVisible = True
91.8748 	EXP 	window1: mouseVisible = True
91.8749 	EXP 	window1: mouseVisible = True
91.8749 	EXP 	window1: mouseVisible = True
91.8749 	EXP 	window1: mouseVisible = True
91.8749 	EXP 	window1: mouseVisible = True
91.8750 	EXP 	window1: mouseVisible = True
91.8750 	EXP 	window1: mouseVisible = True
91.8750 	EXP 	window1: mouseVisible = True
91.8751 	EXP 	window1: mouseVisible = True
91.8751 	EXP 	window1: mouseVisible = True
91.8751 	EXP 	window1: mouseVisible = True
91.8752 	EXP 	window1: mouseVisible = True
91.8752 	EXP 	window1: mouseVisible = True
91.8752 	EXP 	window1: mouseVisible = True
91.8752 	EXP 	window1: mouseVisible = True
91.8753 	EXP 	window1: mouseVisible = True
91.8753 	EXP 	window1: mouseVisible = True
91.8753 	EXP 	window1: mouseVisible = True
91.8754 	EXP 	window1: mouseVisible = True
91.8754 	EXP 	window1: mouseVisible = True
91.8754 	EXP 	window1: mouseVisible = True
91.8755 	EXP 	window1: mouseVisible = True
91.8755 	EXP 	window1: mouseVisible = True
91.8755 	EXP 	window1: mouseVisible = True
91.8755 	EXP 	window1: mouseVisible = True
91.8756 	EXP 	window1: mouseVisible = True
91.8756 	EXP 	window1: mouseVisible = True
91.8756 	EXP 	window1: mouseVisible = True
91.8757 	EXP 	window1: mouseVisible = True
91.8757 	EXP 	window1: mouseVisible = True
91.8757 	EXP 	window1: mouseVisible = True
91.8758 	EXP 	window1: mouseVisible = True
91.8758 	EXP 	window1: mouseVisible = True
91.8758 	EXP 	window1: mouseVisible = True
91.8758 	EXP 	window1: mouseVisible = True
91.8759 	EXP 	window1: mouseVisible = True
91.8759 	EXP 	window1: mouseVisible = True
91.8759 	EXP 	window1: mouseVisible = True
91.8760 	EXP 	window1: mouseVisible = True
91.8760 	EXP 	window1: mouseVisible = True
91.8760 	EXP 	window1: mouseVisible = True
91.8761 	EXP 	window1: mouseVisible = True
91.8761 	EXP 	window1: mouseVisible = True
91.8761 	EXP 	window1: mouseVisible = True
91.8762 	EXP 	window1: mouseVisible = True
91.8762 	EXP 	window1: mouseVisible = True
91.8762 	EXP 	window1: mouseVisible = True
91.8762 	EXP 	window1: mouseVisible = True
91.8763 	EXP 	window1: mouseVisible = True
91.8763 	EXP 	window1: mouseVisible = True
91.8763 	EXP 	window1: mouseVisible = True
91.8764 	EXP 	window1: mouseVisible = True
91.8764 	EXP 	window1: mouseVisible = True
91.8764 	EXP 	window1: mouseVisible = True
91.8765 	EXP 	window1: mouseVisible = True
91.8765 	EXP 	window1: mouseVisible = True
91.8765 	EXP 	window1: mouseVisible = True
91.8766 	EXP 	window1: mouseVisible = True
91.8766 	EXP 	window1: mouseVisible = True
91.8766 	EXP 	window1: mouseVisible = True
91.8767 	EXP 	window1: mouseVisible = True
91.8767 	EXP 	window1: mouseVisible = True
91.8767 	EXP 	window1: mouseVisible = True
91.8768 	EXP 	window1: mouseVisible = True
91.8768 	EXP 	window1: mouseVisible = True
91.8768 	EXP 	window1: mouseVisible = True
91.8769 	EXP 	window1: mouseVisible = True
91.8769 	EXP 	window1: mouseVisible = True
91.8769 	EXP 	window1: mouseVisible = True
91.8770 	EXP 	window1: mouseVisible = True
91.8770 	EXP 	window1: mouseVisible = True
91.8770 	EXP 	window1: mouseVisible = True
91.8770 	EXP 	window1: mouseVisible = True
91.8771 	EXP 	window1: mouseVisible = True
91.8771 	EXP 	window1: mouseVisible = True
91.8771 	EXP 	window1: mouseVisible = True
91.8772 	EXP 	window1: mouseVisible = True
91.8772 	EXP 	window1: mouseVisible = True
91.8772 	EXP 	window1: mouseVisible = True
91.8773 	EXP 	window1: mouseVisible = True
91.8773 	EXP 	window1: mouseVisible = True
91.8773 	EXP 	window1: mouseVisible = True
91.8774 	EXP 	window1: mouseVisible = True
91.8774 	EXP 	window1: mouseVisible = True
91.8774 	EXP 	window1: mouseVisible = True
91.8774 	EXP 	window1: mouseVisible = True
91.8775 	EXP 	window1: mouseVisible = True
91.8775 	EXP 	window1: mouseVisible = True
91.8775 	EXP 	window1: mouseVisible = True
91.8776 	EXP 	window1: mouseVisible = True
91.8776 	EXP 	window1: mouseVisible = True
91.8776 	EXP 	window1: mouseVisible = True
91.8777 	EXP 	window1: mouseVisible = True
91.8777 	EXP 	window1: mouseVisible = True
91.8777 	EXP 	window1: mouseVisible = True
91.8778 	EXP 	window1: mouseVisible = True
91.8778 	EXP 	window1: mouseVisible = True
91.8778 	EXP 	window1: mouseVisible = True
91.8778 	EXP 	window1: mouseVisible = True
91.8779 	EXP 	window1: mouseVisible = True
91.8779 	EXP 	window1: mouseVisible = True
91.8779 	EXP 	window1: mouseVisible = True
91.8780 	EXP 	window1: mouseVisible = True
