4.9757 	WARNING 	We strongly recommend you activate the PTB sound engine in PsychoPy prefs as the preferred audio engine. Its timing is vastly superior. Your prefs are currently set to use ['sounddevice', 'PTB', 'pyo', 'pygame'] (in that order).
11.9010 	WARNING 	Monitor specification not found. Creating a temporary one...
11.9231 	WARNING 	User requested fullscreen with size [800 600], but screen is actually [1280, 1024]. Using actual size
12.5259 	EXP 	Created window1 = Window(allowGUI=True, allowStencil=False, autoLog=True, backendConf=UNKNOWN, bitsMode=UNKNOWN, blendMode='avg', bpc=(8, 8, 8), color=array([0, 0, 0]), colorSpace='rgb', depthBits=8, fullscr=<method-wrapper '__getattribute__' of attributeSetter object at 0x00000253078C7130>, gamma=None, gammaErrorPolicy='raise', lms=UNKNOWN, monitor=<psychopy.monitors.calibTools.Monitor object at 0x00000253079FE5B0>, multiSample=False, name='window1', numSamples=2, pos=(0, 0), screen=0, size=array([1280, 1024]), stencilBits=0, stereo=False, units='pix', useFBO=False, useRetina=False, viewOri=0.0, viewPos=None, viewScale=None, waitBlanking=True, winType='pyglet')
12.5259 	EXP 	window1: mouseVisible = True
12.5262 	EXP 	window1: mouseVisible = False
13.8894 	DATA 	Keypress: return
30.2238 	EXP 	window1: units = 'pix'
32.3269 	DATA 	Keypress: o
32.3279 	EXP 	window1: units = 'pix'
32.3629 	WARNING 	User requested fullscreen with size [1280  720], but screen is actually [1280, 1024]. Using actual size
32.7716 	EXP 	Created window1 = Window(allowGUI=False, allowStencil=False, autoLog=True, backendConf=UNKNOWN, bitsMode=UNKNOWN, blendMode='avg', bpc=(8, 8, 8), color=array([0, 0, 0]), colorSpace='rgb', depthBits=8, fullscr=<method-wrapper '__getattribute__' of attributeSetter object at 0x00000253078C7130>, gamma=None, gammaErrorPolicy='raise', lms=UNKNOWN, monitor=<psychopy.monitors.calibTools.Monitor object at 0x000002530A27EA30>, multiSample=False, name='window1', numSamples=2, pos=(0, 0), screen=0, size=array([1280, 1024]), stencilBits=0, stereo=False, units='height', useFBO=True, useRetina=False, viewOri=0.0, viewPos=None, viewScale=None, waitBlanking=True, winType='pyglet')
32.7719 	EXP 	window1: mouseVisible = True
32.7719 	EXP 	window1: Attempting to measure frame rate of screen (0) ...
32.7719 	EXP 	window1: recordFrameIntervals = False
32.9380 	EXP 	window1: recordFrameIntervals = True
33.1214 	EXP 	Screen (0) actual frame rate measured at 59.93Hz
33.1214 	EXP 	window1: recordFrameIntervals = False
33.3676 	EXP 	Created Instructions = TextStim(__class__=<class 'psychopy.visual.text.TextStim'>, alignHoriz=method-wrapper(...), alignText='center', alignVert=method-wrapper(...), anchorHoriz='center', anchorVert='center', antialias=True, autoLog=True, bold=False, color=array([1., 1., 1.]), colorSpace='rgb', contrast=1.0, depth=0.0, flipHoriz=False, flipVert=False, font='Arial', fontFiles=[], height=0.03, italic=False, languageStyle='LTR', name='Instructions', opacity=1, ori=0, pos=array([0., 0.]), rgb=UNKNOWN, text=str(...), units='height', win=Window(...), wrapWidth=1)
33.3736 	EXP 	Created Triplet1 = ImageStim(__class__=<class 'psychopy.visual.image.ImageStim'>, anchor=('center', 'center'), autoLog=True, color=array([1., 1., 1.]), colorSpace='rgb', contrast=1.0, depth=-1.0, flipHoriz=False, flipVert=False, image='sin', interpolate=True, mask=None, maskParams=None, name='Triplet1', opacity=1, ori=0.0, pos=array([0., 0.]), size=array([0.3, 0.3]), texRes=128, units='height', win=Window(...))
33.3783 	EXP 	Created Triplet2 = ImageStim(__class__=<class 'psychopy.visual.image.ImageStim'>, anchor=('center', 'center'), autoLog=True, color=array([1., 1., 1.]), colorSpace='rgb', contrast=1.0, depth=-2.0, flipHoriz=False, flipVert=False, image='sin', interpolate=True, mask=None, maskParams=None, name='Triplet2', opacity=1, ori=0.0, pos=array([0., 0.]), size=array([0.3, 0.3]), texRes=128, units='height', win=Window(...))
33.3845 	EXP 	Created Triplet3 = ImageStim(__class__=<class 'psychopy.visual.image.ImageStim'>, anchor=('center', 'center'), autoLog=True, color=array([1., 1., 1.]), colorSpace='rgb', contrast=1.0, depth=-3.0, flipHoriz=False, flipVert=False, image='sin', interpolate=True, mask=None, maskParams=None, name='Triplet3', opacity=1, ori=0.0, pos=array([0., 0.]), size=array([0.3, 0.3]), texRes=128, units='height', win=Window(...))
33.3846 	EXP 	Sound sound_pop set volume 1.000
33.3846 	EXP 	Sound sound_pop2 set volume 1.000
33.3846 	EXP 	Sound sound_pop3 set volume 1.000
33.4727 	EXP 	Created Mask = ImageStim(__class__=<class 'psychopy.visual.image.ImageStim'>, anchor=('center', 'center'), autoLog=True, color=array([1., 1., 1.]), colorSpace='rgb', contrast=1.0, depth=0.0, flipHoriz=False, flipVert=False, image='images/Mask.png', interpolate=True, mask=None, maskParams=None, name='Mask', opacity=1, ori=0.0, pos=array([0., 0.]), size=array([1.5, 0.5]), texRes=128, units='height', win=Window(...))
33.4817 	EXP 	Created img1 = ImageStim(__class__=<class 'psychopy.visual.image.ImageStim'>, anchor=('center', 'center'), autoLog=True, color=array([1., 1., 1.]), colorSpace='rgb', contrast=1.0, depth=-1.0, flipHoriz=False, flipVert=False, image='sin', interpolate=True, mask=None, maskParams=None, name='img1', opacity=1, ori=0.0, pos=array([0., 0.]), size=array([0.3, 0.3]), texRes=128, units='height', win=Window(...))
33.4873 	EXP 	Created img2 = ImageStim(__class__=<class 'psychopy.visual.image.ImageStim'>, anchor=('center', 'center'), autoLog=True, color=array([1., 1., 1.]), colorSpace='rgb', contrast=1.0, depth=-2.0, flipHoriz=False, flipVert=False, image='sin', interpolate=True, mask=None, maskParams=None, name='img2', opacity=1, ori=0.0, pos=array([0., 0.]), size=array([0.3, 0.3]), texRes=128, units='height', win=Window(...))
33.4917 	EXP 	Created img3 = ImageStim(__class__=<class 'psychopy.visual.image.ImageStim'>, anchor=('center', 'center'), autoLog=True, color=array([1., 1., 1.]), colorSpace='rgb', contrast=1.0, depth=-3.0, flipHoriz=False, flipVert=False, image='sin', interpolate=True, mask=None, maskParams=None, name='img3', opacity=1, ori=0.0, pos=array([0., 0.]), size=array([0.3, 0.3]), texRes=128, units='height', win=Window(...))
33.4918 	EXP 	Sound sound_pop4 set volume 1.000
33.4918 	EXP 	Sound sound_pop5 set volume 1.000
33.4918 	EXP 	Sound sound_pop6 set volume 1.000
33.4962 	EXP 	Created text_2 = TextStim(__class__=<class 'psychopy.visual.text.TextStim'>, alignHoriz=method-wrapper(...), alignText='center', alignVert=method-wrapper(...), anchorHoriz='center', anchorVert='center', antialias=True, autoLog=True, bold=False, color=array([1., 1., 1.]), colorSpace='rgb', contrast=1.0, depth=0.0, flipHoriz=False, flipVert=False, font='Arial', fontFiles=[], height=0.03, italic=False, languageStyle='LTR', name='text_2', opacity=1, ori=0, pos=array([0., 0.]), rgb=UNKNOWN, text=str(...), units='height', win=Window(...), wrapWidth=1)
33.4996 	EXP 	Created text = TextStim(__class__=<class 'psychopy.visual.text.TextStim'>, alignHoriz=method-wrapper(...), alignText='center', alignVert=method-wrapper(...), anchorHoriz='center', anchorVert='center', antialias=True, autoLog=True, bold=False, color=array([1., 1., 1.]), colorSpace='rgb', contrast=1.0, depth=-1.0, flipHoriz=False, flipVert=False, font='Arial', fontFiles=[], height=0.03, italic=False, languageStyle='LTR', name='text', opacity=1, ori=0, pos=array([0., 0.]), rgb=UNKNOWN, text=str(...), units='height', win=Window(...), wrapWidth=1)
33.5005 	EXP 	Created sameText = TextStim(__class__=<class 'psychopy.visual.text.TextStim'>, alignHoriz=method-wrapper(...), alignText='center', alignVert=method-wrapper(...), anchorHoriz='center', anchorVert='center', antialias=True, autoLog=True, bold=False, color=array([1., 1., 1.]), colorSpace='rgb', contrast=1.0, depth=-2.0, flipHoriz=False, flipVert=False, font='Arial', fontFiles=[], height=0.03, italic=False, languageStyle='LTR', name='sameText', opacity=1, ori=0, pos=array([-0.2, -0.3]), rgb=UNKNOWN, text='', units='height', win=Window(...), wrapWidth=1)
33.5015 	EXP 	Created diffText = TextStim(__class__=<class 'psychopy.visual.text.TextStim'>, alignHoriz=method-wrapper(...), alignText='center', alignVert=method-wrapper(...), anchorHoriz='center', anchorVert='center', antialias=True, autoLog=True, bold=False, color=array([1., 1., 1.]), colorSpace='rgb', contrast=1.0, depth=-3.0, flipHoriz=False, flipVert=False, font='Arial', fontFiles=[], height=0.03, italic=False, languageStyle='LTR', name='diffText', opacity=1, ori=0, pos=array([ 0.2, -0.3]), rgb=UNKNOWN, text='', units='height', win=Window(...), wrapWidth=1)
33.5029 	EXP 	Created leftCL = Rect(__class__=<class 'psychopy.visual.rect.Rect'>, anchor=('center', 'center'), autoDraw=False, autoLog=True, closeShape=True, color=method-wrapper(...), colorSpace='rgb', contrast=None, depth=-4.0, fillColor=array([1., 1., 1.]), fillColorSpace='rgb', fillRGB=array([1., 1., 1.]), interpolate=True, lineColor=array([1., 1., 1.]), lineColorSpace='rgb', lineRGB=array([1, 1, 1]), lineWidth=3, name='leftCL', opacity=0.5, ori=0.0, pos=array([-0.2, -0.3]), size=array([-0.2, -0.2]), units='height', vertices=ndarray(...), win=Window(...))
33.5042 	EXP 	Created rightCL = Rect(__class__=<class 'psychopy.visual.rect.Rect'>, anchor=('center', 'center'), autoDraw=False, autoLog=True, closeShape=True, color=method-wrapper(...), colorSpace='rgb', contrast=None, depth=-5.0, fillColor=array([1., 1., 1.]), fillColorSpace='rgb', fillRGB=array([1., 1., 1.]), interpolate=True, lineColor=array([1., 1., 1.]), lineColorSpace='rgb', lineRGB=array([1, 1, 1]), lineWidth=3, name='rightCL', opacity=0.5, ori=0.0, pos=array([ 0.2, -0.3]), size=array([0.2, 0.2]), units='height', vertices=ndarray(...), win=Window(...))
33.5043 	EXP 	window1: mouseVisible = True
33.5044 	EXP 	Sound clickedSound set volume 1.000
33.5080 	EXP 	Created retIMG = ImageStim(__class__=<class 'psychopy.visual.image.ImageStim'>, anchor=('center', 'center'), autoLog=True, color=array([1., 1., 1.]), colorSpace='rgb', contrast=1.0, depth=-1.0, flipHoriz=False, flipVert=False, image='sin', interpolate=True, mask=None, maskParams=None, name='retIMG', opacity=1, ori=0.0, pos=array([0., 0.]), size=array([0.3, 0.3]), texRes=128, units='height', win=Window(...))
33.5080 	EXP 	Sound sound_pop7 set volume 1.000
33.5107 	EXP 	Created question_text = TextStim(__class__=<class 'psychopy.visual.text.TextStim'>, alignHoriz=method-wrapper(...), alignText='center', alignVert=method-wrapper(...), anchorHoriz='center', anchorVert='center', antialias=True, autoLog=True, bold=False, color=array([1., 1., 1.]), colorSpace='rgb', contrast=1.0, depth=0.0, flipHoriz=False, flipVert=False, font='Arial', fontFiles=[], height=0.03, italic=False, languageStyle='LTR', name='question_text', opacity=1, ori=0, pos=array([0. , 0.3]), rgb=UNKNOWN, text='When did you see this object?', units='height', win=Window(...), wrapWidth=1)
33.5132 	EXP 	Created decisionQ_2 = TextStim(__class__=<class 'psychopy.visual.text.TextStim'>, alignHoriz=method-wrapper(...), alignText='center', alignVert=method-wrapper(...), anchorHoriz='center', anchorVert='center', antialias=True, autoLog=True, bold=False, color=array([1., 1., 1.]), colorSpace='rgb', contrast=1.0, depth=-1.0, flipHoriz=False, flipVert=False, font='Arial', fontFiles=[], height=0.03, italic=False, languageStyle='LTR', name='decisionQ_2', opacity=1, ori=0, pos=array([0. , 0.3]), rgb=UNKNOWN, text='When did you see this object?', units='height', win=Window(...), wrapWidth=1)
33.5141 	EXP 	Created first_left = Rect(__class__=<class 'psychopy.visual.rect.Rect'>, anchor=('center', 'center'), autoDraw=False, autoLog=True, closeShape=True, color=method-wrapper(...), colorSpace='rgb', contrast=None, depth=-2.0, fillColor=array([1, 1, 1]), fillColorSpace='rgb', fillRGB=array([1, 1, 1]), interpolate=True, lineColor=array([1., 1., 1.]), lineColorSpace='rgb', lineRGB=array([1, 1, 1]), lineWidth=3, name='first_left', opacity=0.5, ori=0.0, pos=array([0. , 0.1]), size=array([0.15, 0.15]), units='height', vertices=ndarray(...), win=Window(...))
33.5151 	EXP 	Created second_middle = Rect(__class__=<class 'psychopy.visual.rect.Rect'>, anchor=('center', 'center'), autoDraw=False, autoLog=True, closeShape=True, color=method-wrapper(...), colorSpace='rgb', contrast=None, depth=-3.0, fillColor=array([1, 1, 1]), fillColorSpace='rgb', fillRGB=array([1, 1, 1]), interpolate=True, lineColor=array([1., 1., 1.]), lineColorSpace='rgb', lineRGB=array([1, 1, 1]), lineWidth=3, name='second_middle', opacity=0.5, ori=0.0, pos=array([ 0. , -0.1]), size=array([0.15, 0.15]), units='height', vertices=ndarray(...), win=Window(...))
33.5160 	EXP 	Created third_right = Rect(__class__=<class 'psychopy.visual.rect.Rect'>, anchor=('center', 'center'), autoDraw=False, autoLog=True, closeShape=True, color=method-wrapper(...), colorSpace='rgb', contrast=None, depth=-4.0, fillColor=array([1, 1, 1]), fillColorSpace='rgb', fillRGB=array([1, 1, 1]), interpolate=True, lineColor=array([1., 1., 1.]), lineColorSpace='rgb', lineRGB=array([1, 1, 1]), lineWidth=3, name='third_right', opacity=0.5, ori=0.0, pos=array([ 0. , -0.3]), size=array([0.15, 0.15]), units='height', vertices=ndarray(...), win=Window(...))
33.5188 	EXP 	Created First = TextStim(__class__=<class 'psychopy.visual.text.TextStim'>, alignHoriz=method-wrapper(...), alignText='center', alignVert=method-wrapper(...), anchorHoriz='center', anchorVert='center', antialias=True, autoLog=True, bold=False, color=array([1., 1., 1.]), colorSpace='rgb', contrast=1.0, depth=-5.0, flipHoriz=False, flipVert=False, font='Arial', fontFiles=[], height=0.03, italic=False, languageStyle='LTR', name='First', opacity=1, ori=0, pos=array([0. , 0.1]), rgb=UNKNOWN, text='First', units='height', win=Window(...), wrapWidth=1)
33.5213 	EXP 	Created Second = TextStim(__class__=<class 'psychopy.visual.text.TextStim'>, alignHoriz=method-wrapper(...), alignText='center', alignVert=method-wrapper(...), anchorHoriz='center', anchorVert='center', antialias=True, autoLog=True, bold=False, color=array([1., 1., 1.]), colorSpace='rgb', contrast=1.0, depth=-6.0, flipHoriz=False, flipVert=False, font='Arial', fontFiles=[], height=0.03, italic=False, languageStyle='LTR', name='Second', opacity=1, ori=0, pos=array([ 0. , -0.1]), rgb=UNKNOWN, text='Second', units='height', win=Window(...), wrapWidth=1)
33.5236 	EXP 	Created Third = TextStim(__class__=<class 'psychopy.visual.text.TextStim'>, alignHoriz=method-wrapper(...), alignText='center', alignVert=method-wrapper(...), anchorHoriz='center', anchorVert='center', antialias=True, autoLog=True, bold=False, color=array([1., 1., 1.]), colorSpace='rgb', contrast=1.0, depth=-7.0, flipHoriz=False, flipVert=False, font='Arial', fontFiles=[], height=0.03, italic=False, languageStyle='LTR', name='Third', opacity=1, ori=0, pos=array([ 0. , -0.3]), rgb=UNKNOWN, text='Third', units='height', win=Window(...), wrapWidth=1)
33.5236 	EXP 	window1: mouseVisible = True
33.5237 	EXP 	Sound clickedSound set volume 1.000
33.5314 	EXP 	Created BlockBreak = TextStim(__class__=<class 'psychopy.visual.text.TextStim'>, alignHoriz=method-wrapper(...), alignText='center', alignVert=method-wrapper(...), anchorHoriz='center', anchorVert='center', antialias=True, autoLog=True, bold=False, color=array([1., 1., 1.]), colorSpace='rgb', contrast=1.0, depth=0.0, flipHoriz=False, flipVert=False, font='Arial', fontFiles=[], height=0.03, italic=False, languageStyle='LTR', name='BlockBreak', opacity=1, ori=0, pos=array([0., 0.]), rgb=UNKNOWN, text=str(...), units='height', win=Window(...), wrapWidth=1)
33.5441 	EXP 	Created text_4 = TextStim(__class__=<class 'psychopy.visual.text.TextStim'>, alignHoriz=method-wrapper(...), alignText='center', alignVert=method-wrapper(...), anchorHoriz='center', anchorVert='center', antialias=True, autoLog=True, bold=False, color=array([1., 1., 1.]), colorSpace='rgb', contrast=1.0, depth=-1.0, flipHoriz=False, flipVert=False, font='Open Sans', fontFiles=[], height=0.03, italic=False, languageStyle='LTR', name='text_4', opacity=1, ori=0.0, pos=array([0., 0.]), rgb=UNKNOWN, text=str(...), units='height', win=Window(...), wrapWidth=1)
33.5477 	EXP 	Created Triplet1 = ImageStim(__class__=<class 'psychopy.visual.image.ImageStim'>, anchor=('center', 'center'), autoLog=True, color=array([1., 1., 1.]), colorSpace='rgb', contrast=1.0, depth=-1.0, flipHoriz=False, flipVert=False, image='sin', interpolate=True, mask=None, maskParams=None, name='Triplet1', opacity=1, ori=0.0, pos=array([0., 0.]), size=array([0.3, 0.3]), texRes=128, units='height', win=Window(...))
33.5509 	EXP 	Created Triplet2 = ImageStim(__class__=<class 'psychopy.visual.image.ImageStim'>, anchor=('center', 'center'), autoLog=True, color=array([1., 1., 1.]), colorSpace='rgb', contrast=1.0, depth=-2.0, flipHoriz=False, flipVert=False, image='sin', interpolate=True, mask=None, maskParams=None, name='Triplet2', opacity=1, ori=0.0, pos=array([0., 0.]), size=array([0.3, 0.3]), texRes=128, units='height', win=Window(...))
33.5554 	EXP 	Created Triplet3 = ImageStim(__class__=<class 'psychopy.visual.image.ImageStim'>, anchor=('center', 'center'), autoLog=True, color=array([1., 1., 1.]), colorSpace='rgb', contrast=1.0, depth=-3.0, flipHoriz=False, flipVert=False, image='sin', interpolate=True, mask=None, maskParams=None, name='Triplet3', opacity=1, ori=0.0, pos=array([0., 0.]), size=array([0.3, 0.3]), texRes=128, units='height', win=Window(...))
33.5555 	EXP 	Sound sound_pop set volume 1.000
33.5555 	EXP 	Sound sound_pop2 set volume 1.000
33.5555 	EXP 	Sound sound_pop3 set volume 1.000
33.6409 	EXP 	Created Mask = ImageStim(__class__=<class 'psychopy.visual.image.ImageStim'>, anchor=('center', 'center'), autoLog=True, color=array([1., 1., 1.]), colorSpace='rgb', contrast=1.0, depth=0.0, flipHoriz=False, flipVert=False, image='images/Mask.png', interpolate=True, mask=None, maskParams=None, name='Mask', opacity=1, ori=0.0, pos=array([0., 0.]), size=array([1.5, 0.5]), texRes=128, units='height', win=Window(...))
33.6468 	EXP 	Created img1 = ImageStim(__class__=<class 'psychopy.visual.image.ImageStim'>, anchor=('center', 'center'), autoLog=True, color=array([1., 1., 1.]), colorSpace='rgb', contrast=1.0, depth=-1.0, flipHoriz=False, flipVert=False, image='sin', interpolate=True, mask=None, maskParams=None, name='img1', opacity=1, ori=0.0, pos=array([0., 0.]), size=array([0.3, 0.3]), texRes=128, units='height', win=Window(...))
33.6512 	EXP 	Created img2 = ImageStim(__class__=<class 'psychopy.visual.image.ImageStim'>, anchor=('center', 'center'), autoLog=True, color=array([1., 1., 1.]), colorSpace='rgb', contrast=1.0, depth=-2.0, flipHoriz=False, flipVert=False, image='sin', interpolate=True, mask=None, maskParams=None, name='img2', opacity=1, ori=0.0, pos=array([0., 0.]), size=array([0.3, 0.3]), texRes=128, units='height', win=Window(...))
33.6555 	EXP 	Created img3 = ImageStim(__class__=<class 'psychopy.visual.image.ImageStim'>, anchor=('center', 'center'), autoLog=True, color=array([1., 1., 1.]), colorSpace='rgb', contrast=1.0, depth=-3.0, flipHoriz=False, flipVert=False, image='sin', interpolate=True, mask=None, maskParams=None, name='img3', opacity=1, ori=0.0, pos=array([0., 0.]), size=array([0.3, 0.3]), texRes=128, units='height', win=Window(...))
33.6556 	EXP 	Sound sound_pop4 set volume 1.000
33.6556 	EXP 	Sound sound_pop5 set volume 1.000
33.6556 	EXP 	Sound sound_pop6 set volume 1.000
33.6596 	EXP 	Created text_2 = TextStim(__class__=<class 'psychopy.visual.text.TextStim'>, alignHoriz=method-wrapper(...), alignText='center', alignVert=method-wrapper(...), anchorHoriz='center', anchorVert='center', antialias=True, autoLog=True, bold=False, color=array([1., 1., 1.]), colorSpace='rgb', contrast=1.0, depth=0.0, flipHoriz=False, flipVert=False, font='Arial', fontFiles=[], height=0.03, italic=False, languageStyle='LTR', name='text_2', opacity=1, ori=0, pos=array([0., 0.]), rgb=UNKNOWN, text=str(...), units='height', win=Window(...), wrapWidth=1)
33.6625 	EXP 	Created text = TextStim(__class__=<class 'psychopy.visual.text.TextStim'>, alignHoriz=method-wrapper(...), alignText='center', alignVert=method-wrapper(...), anchorHoriz='center', anchorVert='center', antialias=True, autoLog=True, bold=False, color=array([1., 1., 1.]), colorSpace='rgb', contrast=1.0, depth=-1.0, flipHoriz=False, flipVert=False, font='Arial', fontFiles=[], height=0.03, italic=False, languageStyle='LTR', name='text', opacity=1, ori=0, pos=array([0., 0.]), rgb=UNKNOWN, text=str(...), units='height', win=Window(...), wrapWidth=1)
33.6635 	EXP 	Created sameText = TextStim(__class__=<class 'psychopy.visual.text.TextStim'>, alignHoriz=method-wrapper(...), alignText='center', alignVert=method-wrapper(...), anchorHoriz='center', anchorVert='center', antialias=True, autoLog=True, bold=False, color=array([1., 1., 1.]), colorSpace='rgb', contrast=1.0, depth=-2.0, flipHoriz=False, flipVert=False, font='Arial', fontFiles=[], height=0.03, italic=False, languageStyle='LTR', name='sameText', opacity=1, ori=0, pos=array([-0.2, -0.3]), rgb=UNKNOWN, text='', units='height', win=Window(...), wrapWidth=1)
33.6644 	EXP 	Created diffText = TextStim(__class__=<class 'psychopy.visual.text.TextStim'>, alignHoriz=method-wrapper(...), alignText='center', alignVert=method-wrapper(...), anchorHoriz='center', anchorVert='center', antialias=True, autoLog=True, bold=False, color=array([1., 1., 1.]), colorSpace='rgb', contrast=1.0, depth=-3.0, flipHoriz=False, flipVert=False, font='Arial', fontFiles=[], height=0.03, italic=False, languageStyle='LTR', name='diffText', opacity=1, ori=0, pos=array([ 0.2, -0.3]), rgb=UNKNOWN, text='', units='height', win=Window(...), wrapWidth=1)
33.6658 	EXP 	Created leftCL = Rect(__class__=<class 'psychopy.visual.rect.Rect'>, anchor=('center', 'center'), autoDraw=False, autoLog=True, closeShape=True, color=method-wrapper(...), colorSpace='rgb', contrast=None, depth=-4.0, fillColor=array([1., 1., 1.]), fillColorSpace='rgb', fillRGB=array([1., 1., 1.]), interpolate=True, lineColor=array([1., 1., 1.]), lineColorSpace='rgb', lineRGB=array([1, 1, 1]), lineWidth=3, name='leftCL', opacity=0.5, ori=0.0, pos=array([-0.2, -0.3]), size=array([-0.2, -0.2]), units='height', vertices=ndarray(...), win=Window(...))
33.6672 	EXP 	Created rightCL = Rect(__class__=<class 'psychopy.visual.rect.Rect'>, anchor=('center', 'center'), autoDraw=False, autoLog=True, closeShape=True, color=method-wrapper(...), colorSpace='rgb', contrast=None, depth=-5.0, fillColor=array([1., 1., 1.]), fillColorSpace='rgb', fillRGB=array([1., 1., 1.]), interpolate=True, lineColor=array([1., 1., 1.]), lineColorSpace='rgb', lineRGB=array([1, 1, 1]), lineWidth=3, name='rightCL', opacity=0.5, ori=0.0, pos=array([ 0.2, -0.3]), size=array([0.2, 0.2]), units='height', vertices=ndarray(...), win=Window(...))
33.6672 	EXP 	window1: mouseVisible = True
33.6673 	EXP 	Sound clickedSound set volume 1.000
33.6707 	EXP 	Created retIMG = ImageStim(__class__=<class 'psychopy.visual.image.ImageStim'>, anchor=('center', 'center'), autoLog=True, color=array([1., 1., 1.]), colorSpace='rgb', contrast=1.0, depth=-1.0, flipHoriz=False, flipVert=False, image='sin', interpolate=True, mask=None, maskParams=None, name='retIMG', opacity=1, ori=0.0, pos=array([0., 0.]), size=array([0.3, 0.3]), texRes=128, units='height', win=Window(...))
33.6708 	EXP 	Sound sound_pop7 set volume 1.000
33.6734 	EXP 	Created question_text = TextStim(__class__=<class 'psychopy.visual.text.TextStim'>, alignHoriz=method-wrapper(...), alignText='center', alignVert=method-wrapper(...), anchorHoriz='center', anchorVert='center', antialias=True, autoLog=True, bold=False, color=array([1., 1., 1.]), colorSpace='rgb', contrast=1.0, depth=0.0, flipHoriz=False, flipVert=False, font='Arial', fontFiles=[], height=0.03, italic=False, languageStyle='LTR', name='question_text', opacity=1, ori=0, pos=array([0. , 0.3]), rgb=UNKNOWN, text='When did you see this object?', units='height', win=Window(...), wrapWidth=1)
33.6760 	EXP 	Created decisionQ_2 = TextStim(__class__=<class 'psychopy.visual.text.TextStim'>, alignHoriz=method-wrapper(...), alignText='center', alignVert=method-wrapper(...), anchorHoriz='center', anchorVert='center', antialias=True, autoLog=True, bold=False, color=array([1., 1., 1.]), colorSpace='rgb', contrast=1.0, depth=-1.0, flipHoriz=False, flipVert=False, font='Arial', fontFiles=[], height=0.03, italic=False, languageStyle='LTR', name='decisionQ_2', opacity=1, ori=0, pos=array([0. , 0.3]), rgb=UNKNOWN, text='When did you see this object?', units='height', win=Window(...), wrapWidth=1)
33.6770 	EXP 	Created first_left = Rect(__class__=<class 'psychopy.visual.rect.Rect'>, anchor=('center', 'center'), autoDraw=False, autoLog=True, closeShape=True, color=method-wrapper(...), colorSpace='rgb', contrast=None, depth=-2.0, fillColor=array([1, 1, 1]), fillColorSpace='rgb', fillRGB=array([1, 1, 1]), interpolate=True, lineColor=array([1., 1., 1.]), lineColorSpace='rgb', lineRGB=array([1, 1, 1]), lineWidth=3, name='first_left', opacity=0.5, ori=0.0, pos=array([0. , 0.1]), size=array([0.15, 0.15]), units='height', vertices=ndarray(...), win=Window(...))
33.6779 	EXP 	Created second_middle = Rect(__class__=<class 'psychopy.visual.rect.Rect'>, anchor=('center', 'center'), autoDraw=False, autoLog=True, closeShape=True, color=method-wrapper(...), colorSpace='rgb', contrast=None, depth=-3.0, fillColor=array([1, 1, 1]), fillColorSpace='rgb', fillRGB=array([1, 1, 1]), interpolate=True, lineColor=array([1., 1., 1.]), lineColorSpace='rgb', lineRGB=array([1, 1, 1]), lineWidth=3, name='second_middle', opacity=0.5, ori=0.0, pos=array([ 0. , -0.1]), size=array([0.15, 0.15]), units='height', vertices=ndarray(...), win=Window(...))
33.6788 	EXP 	Created third_right = Rect(__class__=<class 'psychopy.visual.rect.Rect'>, anchor=('center', 'center'), autoDraw=False, autoLog=True, closeShape=True, color=method-wrapper(...), colorSpace='rgb', contrast=None, depth=-4.0, fillColor=array([1, 1, 1]), fillColorSpace='rgb', fillRGB=array([1, 1, 1]), interpolate=True, lineColor=array([1., 1., 1.]), lineColorSpace='rgb', lineRGB=array([1, 1, 1]), lineWidth=3, name='third_right', opacity=0.5, ori=0.0, pos=array([ 0. , -0.3]), size=array([0.15, 0.15]), units='height', vertices=ndarray(...), win=Window(...))
33.6811 	EXP 	Created First = TextStim(__class__=<class 'psychopy.visual.text.TextStim'>, alignHoriz=method-wrapper(...), alignText='center', alignVert=method-wrapper(...), anchorHoriz='center', anchorVert='center', antialias=True, autoLog=True, bold=False, color=array([1., 1., 1.]), colorSpace='rgb', contrast=1.0, depth=-5.0, flipHoriz=False, flipVert=False, font='Arial', fontFiles=[], height=0.03, italic=False, languageStyle='LTR', name='First', opacity=1, ori=0, pos=array([0. , 0.1]), rgb=UNKNOWN, text='First', units='height', win=Window(...), wrapWidth=1)
33.6834 	EXP 	Created Second = TextStim(__class__=<class 'psychopy.visual.text.TextStim'>, alignHoriz=method-wrapper(...), alignText='center', alignVert=method-wrapper(...), anchorHoriz='center', anchorVert='center', antialias=True, autoLog=True, bold=False, color=array([1., 1., 1.]), colorSpace='rgb', contrast=1.0, depth=-6.0, flipHoriz=False, flipVert=False, font='Arial', fontFiles=[], height=0.03, italic=False, languageStyle='LTR', name='Second', opacity=1, ori=0, pos=array([ 0. , -0.1]), rgb=UNKNOWN, text='Second', units='height', win=Window(...), wrapWidth=1)
33.6858 	EXP 	Created Third = TextStim(__class__=<class 'psychopy.visual.text.TextStim'>, alignHoriz=method-wrapper(...), alignText='center', alignVert=method-wrapper(...), anchorHoriz='center', anchorVert='center', antialias=True, autoLog=True, bold=False, color=array([1., 1., 1.]), colorSpace='rgb', contrast=1.0, depth=-7.0, flipHoriz=False, flipVert=False, font='Arial', fontFiles=[], height=0.03, italic=False, languageStyle='LTR', name='Third', opacity=1, ori=0, pos=array([ 0. , -0.3]), rgb=UNKNOWN, text='Third', units='height', win=Window(...), wrapWidth=1)
33.6858 	EXP 	window1: mouseVisible = True
33.6859 	EXP 	Sound clickedSound set volume 1.000
33.6893 	EXP 	Created end = TextStim(__class__=<class 'psychopy.visual.text.TextStim'>, alignHoriz=method-wrapper(...), alignText='center', alignVert=method-wrapper(...), anchorHoriz='center', anchorVert='center', antialias=True, autoLog=True, bold=False, color=array([1., 1., 1.]), colorSpace='rgb', contrast=1.0, depth=0.0, flipHoriz=False, flipVert=False, font='Arial', fontFiles=[], height=0.03, italic=False, languageStyle='LTR', name='end', opacity=1, ori=0, pos=array([0., 0.]), rgb=UNKNOWN, text=str(...), units='height', win=Window(...), wrapWidth=1)
33.7307 	EXP 	Instructions: autoDraw = True
36.9395 	EXP 	Created sequence: random, trialTypes=1, nReps=2, seed=None
36.9397 	EXP 	New trial (rep=0, index=0): None
37.1064 	DATA 	Keypress: space
37.3537 	EXP 	Instructions: autoDraw = False
37.3537 	EXP 	Triplet1: image = 'images/OBJ_1.png'
37.3537 	EXP 	Triplet2: image = 'images/OBJ_91.png'
37.3537 	EXP 	Triplet3: image = 'images/OBJ_105.png'
37.3537 	EXP 	Triplet1: autoDraw = True
38.8527 	EXP 	Triplet1: autoDraw = False
39.3526 	EXP 	Triplet2: autoDraw = True
40.8526 	EXP 	Triplet2: autoDraw = False
41.3525 	EXP 	Triplet3: autoDraw = True
42.8520 	EXP 	Triplet3: autoDraw = False
42.8520 	EXP 	Triplet1: autoDraw = False
42.8520 	EXP 	Triplet2: autoDraw = False
42.8520 	EXP 	Triplet3: autoDraw = False
42.8520 	EXP 	Mask: autoDraw = True
44.4772 	EXP 	Mask: autoDraw = False
44.4772 	EXP 	Mask: autoDraw = False
44.4772 	EXP 	img1: image = 'images/OBJ_1.png'
44.4772 	EXP 	img2: image = 'images/OBJ_91.png'
44.4772 	EXP 	img3: image = 'images/OBJ_105.png'
44.4772 	EXP 	img1: autoDraw = True
45.9839 	EXP 	img1: autoDraw = False
46.4672 	EXP 	img2: autoDraw = True
47.9667 	EXP 	img2: autoDraw = False
48.4666 	EXP 	img3: autoDraw = True
49.9661 	EXP 	img3: autoDraw = False
49.9661 	EXP 	img1: autoDraw = False
49.9661 	EXP 	img2: autoDraw = False
49.9661 	EXP 	img3: autoDraw = False
49.9661 	EXP 	text_2: autoDraw = True
50.9658 	EXP 	text_2: autoDraw = False
50.9658 	EXP 	text_2: autoDraw = False
50.9658 	EXP 	sameText: height = 0.03
50.9658 	EXP 	sameText: height = 0.03
50.9658 	EXP 	sameText: text = 'Same'
50.9658 	EXP 	diffText: height = 0.03
50.9658 	EXP 	diffText: height = 0.03
50.9658 	EXP 	diffText: text = 'Different'
50.9658 	EXP 	text: autoDraw = True
50.9658 	EXP 	sameText: autoDraw = True
50.9658 	EXP 	diffText: autoDraw = True
50.9658 	EXP 	leftCL: autoDraw = True
50.9658 	EXP 	rightCL: autoDraw = True
52.6657 	DATA 	Mouse: Left button down, pos=(369,119)
52.6823 	EXP 	text: autoDraw = False
52.6823 	EXP 	sameText: autoDraw = False
52.6823 	EXP 	diffText: autoDraw = False
52.6823 	EXP 	leftCL: autoDraw = False
52.6823 	EXP 	rightCL: autoDraw = False
52.7489 	DATA 	Mouse:  Left button up, pos=(369,119)
53.1656 	EXP 	New trial (rep=1, index=0): None
53.4748 	EXP 	Triplet1: image = 'images/OBJ_140.png'
53.4748 	EXP 	Triplet2: image = 'images/OBJ_79.png'
53.4748 	EXP 	Triplet3: image = 'images/OBJ_141.png'
53.4748 	EXP 	Triplet1: autoDraw = True
54.9813 	EXP 	Triplet1: autoDraw = False
55.4645 	EXP 	Triplet2: autoDraw = True
56.9641 	EXP 	Triplet2: autoDraw = False
57.4639 	EXP 	Triplet3: autoDraw = True
58.9635 	EXP 	Triplet3: autoDraw = False
58.9635 	EXP 	Triplet1: autoDraw = False
58.9635 	EXP 	Triplet2: autoDraw = False
58.9635 	EXP 	Triplet3: autoDraw = False
58.9635 	EXP 	Mask: autoDraw = True
60.5062 	EXP 	Mask: autoDraw = False
60.5062 	EXP 	Mask: autoDraw = False
60.5062 	EXP 	img1: image = 'images/OBJ_141.png'
60.5062 	EXP 	img2: image = 'images/OBJ_79.png'
60.5062 	EXP 	img3: image = 'images/OBJ_140.png'
60.5062 	EXP 	img1: autoDraw = True
62.0126 	EXP 	img1: autoDraw = False
62.4958 	EXP 	img2: autoDraw = True
63.9954 	EXP 	img2: autoDraw = False
64.4952 	EXP 	img3: autoDraw = True
65.9948 	EXP 	img3: autoDraw = False
65.9948 	EXP 	img1: autoDraw = False
65.9948 	EXP 	img2: autoDraw = False
65.9948 	EXP 	img3: autoDraw = False
65.9948 	EXP 	text_2: autoDraw = True
66.9945 	EXP 	text_2: autoDraw = False
66.9945 	EXP 	text_2: autoDraw = False
66.9945 	EXP 	sameText: text = 'Same'
66.9945 	EXP 	diffText: text = 'Different'
66.9945 	EXP 	text: autoDraw = True
66.9945 	EXP 	sameText: autoDraw = True
66.9945 	EXP 	diffText: autoDraw = True
66.9945 	EXP 	leftCL: autoDraw = True
66.9945 	EXP 	rightCL: autoDraw = True
67.2946 	DATA 	Mouse: Left button down, pos=(804,201)
67.3111 	EXP 	text: autoDraw = False
67.3111 	EXP 	sameText: autoDraw = False
67.3111 	EXP 	diffText: autoDraw = False
67.3111 	EXP 	leftCL: autoDraw = False
67.3111 	EXP 	rightCL: autoDraw = False
67.3780 	DATA 	Mouse:  Left button up, pos=(804,201)
67.7947 	EXP 	Created sequence: random, trialTypes=1, nReps=3, seed=None
67.7948 	EXP 	New trial (rep=0, index=0): None
68.1079 	EXP 	retIMG: image = 'images/OBJ_1.png'
68.1079 	EXP 	retIMG: autoDraw = True
69.6104 	EXP 	retIMG: autoDraw = False
69.6104 	EXP 	retIMG: autoDraw = False
69.6104 	EXP 	question_text: autoDraw = True
70.6101 	EXP 	question_text: autoDraw = False
70.6101 	EXP 	question_text: autoDraw = False
70.6101 	EXP 	decisionQ_2: autoDraw = True
70.6101 	EXP 	first_left: autoDraw = True
70.6101 	EXP 	second_middle: autoDraw = True
70.6101 	EXP 	third_right: autoDraw = True
70.6101 	EXP 	First: autoDraw = True
70.6101 	EXP 	Second: autoDraw = True
70.6101 	EXP 	Third: autoDraw = True
71.3268 	DATA 	Mouse: Left button down, pos=(650,194)
71.3432 	EXP 	decisionQ_2: autoDraw = False
71.3432 	EXP 	first_left: autoDraw = False
71.3432 	EXP 	second_middle: autoDraw = False
71.3432 	EXP 	third_right: autoDraw = False
71.3432 	EXP 	First: autoDraw = False
71.3432 	EXP 	Second: autoDraw = False
71.3432 	EXP 	Third: autoDraw = False
71.4101 	DATA 	Mouse:  Left button up, pos=(650,194)
71.8267 	EXP 	New trial (rep=1, index=0): None
72.0845 	EXP 	retIMG: image = 'images/OBJ_105.png'
72.0845 	EXP 	retIMG: autoDraw = True
73.5926 	EXP 	retIMG: autoDraw = False
73.5926 	EXP 	retIMG: autoDraw = False
73.5926 	EXP 	question_text: autoDraw = True
74.5923 	EXP 	question_text: autoDraw = False
74.5923 	EXP 	question_text: autoDraw = False
74.5923 	EXP 	decisionQ_2: autoDraw = True
74.5923 	EXP 	first_left: autoDraw = True
74.5923 	EXP 	second_middle: autoDraw = True
74.5923 	EXP 	third_right: autoDraw = True
74.5923 	EXP 	First: autoDraw = True
74.5923 	EXP 	Second: autoDraw = True
74.5923 	EXP 	Third: autoDraw = True
74.9257 	DATA 	Mouse: Left button down, pos=(617,584)
74.9422 	EXP 	decisionQ_2: autoDraw = False
74.9422 	EXP 	first_left: autoDraw = False
74.9422 	EXP 	second_middle: autoDraw = False
74.9422 	EXP 	third_right: autoDraw = False
74.9422 	EXP 	First: autoDraw = False
74.9422 	EXP 	Second: autoDraw = False
74.9422 	EXP 	Third: autoDraw = False
75.0258 	DATA 	Mouse:  Left button up, pos=(617,584)
75.4257 	EXP 	New trial (rep=2, index=0): None
75.7151 	EXP 	retIMG: image = 'images/OBJ_91.png'
75.7151 	EXP 	retIMG: autoDraw = True
77.2249 	EXP 	retIMG: autoDraw = False
77.2249 	EXP 	retIMG: autoDraw = False
77.2249 	EXP 	question_text: autoDraw = True
78.2246 	EXP 	question_text: autoDraw = False
78.2246 	EXP 	question_text: autoDraw = False
78.2246 	EXP 	decisionQ_2: autoDraw = True
78.2246 	EXP 	first_left: autoDraw = True
78.2246 	EXP 	second_middle: autoDraw = True
78.2246 	EXP 	third_right: autoDraw = True
78.2246 	EXP 	First: autoDraw = True
78.2246 	EXP 	Second: autoDraw = True
78.2246 	EXP 	Third: autoDraw = True
78.5080 	DATA 	Mouse: Left button down, pos=(681,450)
78.5245 	EXP 	decisionQ_2: autoDraw = False
78.5245 	EXP 	first_left: autoDraw = False
78.5245 	EXP 	second_middle: autoDraw = False
78.5245 	EXP 	third_right: autoDraw = False
78.5245 	EXP 	First: autoDraw = False
78.5245 	EXP 	Second: autoDraw = False
78.5245 	EXP 	Third: autoDraw = False
78.5914 	DATA 	Mouse:  Left button up, pos=(681,450)
79.0243 	EXP 	BlockBreak: autoDraw = True
81.8742 	DATA 	Keypress: escape
83.8663 	EXP 	window1: mouseVisible = True
83.8705 	EXP 	window1: mouseVisible = True
83.8705 	EXP 	window1: mouseVisible = True
83.8705 	EXP 	window1: mouseVisible = True
83.8706 	EXP 	window1: mouseVisible = True
83.8706 	EXP 	window1: mouseVisible = True
83.8706 	EXP 	window1: mouseVisible = True
83.8707 	EXP 	window1: mouseVisible = True
83.8707 	EXP 	window1: mouseVisible = True
83.8707 	EXP 	window1: mouseVisible = True
83.8708 	EXP 	window1: mouseVisible = True
83.8708 	EXP 	window1: mouseVisible = True
83.8709 	EXP 	window1: mouseVisible = True
83.8709 	EXP 	window1: mouseVisible = True
83.8709 	EXP 	window1: mouseVisible = True
83.8710 	EXP 	window1: mouseVisible = True
83.8710 	EXP 	window1: mouseVisible = True
83.8710 	EXP 	window1: mouseVisible = True
83.8711 	EXP 	window1: mouseVisible = True
83.8711 	EXP 	window1: mouseVisible = True
83.8711 	EXP 	window1: mouseVisible = True
83.8712 	EXP 	window1: mouseVisible = True
83.8712 	EXP 	window1: mouseVisible = True
83.8713 	EXP 	window1: mouseVisible = True
83.8713 	EXP 	window1: mouseVisible = True
83.8713 	EXP 	window1: mouseVisible = True
83.8714 	EXP 	window1: mouseVisible = True
83.8714 	EXP 	window1: mouseVisible = True
83.8714 	EXP 	window1: mouseVisible = True
83.8715 	EXP 	window1: mouseVisible = True
83.8715 	EXP 	window1: mouseVisible = True
83.8715 	EXP 	window1: mouseVisible = True
83.8715 	EXP 	window1: mouseVisible = True
83.8716 	EXP 	window1: mouseVisible = True
83.8716 	EXP 	window1: mouseVisible = True
83.8716 	EXP 	window1: mouseVisible = True
83.8717 	EXP 	window1: mouseVisible = True
83.8717 	EXP 	window1: mouseVisible = True
83.8717 	EXP 	window1: mouseVisible = True
83.8718 	EXP 	window1: mouseVisible = True
83.8718 	EXP 	window1: mouseVisible = True
83.8718 	EXP 	window1: mouseVisible = True
83.8719 	EXP 	window1: mouseVisible = True
83.8719 	EXP 	window1: mouseVisible = True
83.8719 	EXP 	window1: mouseVisible = True
83.8720 	EXP 	window1: mouseVisible = True
83.8720 	EXP 	window1: mouseVisible = True
83.8720 	EXP 	window1: mouseVisible = True
83.8721 	EXP 	window1: mouseVisible = True
83.8721 	EXP 	window1: mouseVisible = True
83.8721 	EXP 	window1: mouseVisible = True
83.8722 	EXP 	window1: mouseVisible = True
83.8722 	EXP 	window1: mouseVisible = True
83.8722 	EXP 	window1: mouseVisible = True
83.8723 	EXP 	window1: mouseVisible = True
83.8723 	EXP 	window1: mouseVisible = True
83.8723 	EXP 	window1: mouseVisible = True
83.8724 	EXP 	window1: mouseVisible = True
83.8724 	EXP 	window1: mouseVisible = True
83.8724 	EXP 	window1: mouseVisible = True
83.8725 	EXP 	window1: mouseVisible = True
83.8725 	EXP 	window1: mouseVisible = True
83.8725 	EXP 	window1: mouseVisible = True
83.8726 	EXP 	window1: mouseVisible = True
83.8726 	EXP 	window1: mouseVisible = True
83.8726 	EXP 	window1: mouseVisible = True
83.8726 	EXP 	window1: mouseVisible = True
83.8727 	EXP 	window1: mouseVisible = True
83.8727 	EXP 	window1: mouseVisible = True
83.8727 	EXP 	window1: mouseVisible = True
83.8728 	EXP 	window1: mouseVisible = True
83.8728 	EXP 	window1: mouseVisible = True
83.8729 	EXP 	window1: mouseVisible = True
83.8729 	EXP 	window1: mouseVisible = True
83.8730 	EXP 	window1: mouseVisible = True
83.8730 	EXP 	window1: mouseVisible = True
83.8730 	EXP 	window1: mouseVisible = True
83.8730 	EXP 	window1: mouseVisible = True
83.8731 	EXP 	window1: mouseVisible = True
83.8731 	EXP 	window1: mouseVisible = True
83.8731 	EXP 	window1: mouseVisible = True
83.8732 	EXP 	window1: mouseVisible = True
83.8732 	EXP 	window1: mouseVisible = True
83.8732 	EXP 	window1: mouseVisible = True
83.8733 	EXP 	window1: mouseVisible = True
83.8733 	EXP 	window1: mouseVisible = True
83.8733 	EXP 	window1: mouseVisible = True
83.8733 	EXP 	window1: mouseVisible = True
83.8734 	EXP 	window1: mouseVisible = True
83.8734 	EXP 	window1: mouseVisible = True
83.8734 	EXP 	window1: mouseVisible = True
83.8735 	EXP 	window1: mouseVisible = True
83.8735 	EXP 	window1: mouseVisible = True
83.8735 	EXP 	window1: mouseVisible = True
83.8736 	EXP 	window1: mouseVisible = True
83.8736 	EXP 	window1: mouseVisible = True
83.8736 	EXP 	window1: mouseVisible = True
83.8736 	EXP 	window1: mouseVisible = True
83.8737 	EXP 	window1: mouseVisible = True
83.8737 	EXP 	window1: mouseVisible = True
83.8737 	EXP 	window1: mouseVisible = True
83.8738 	EXP 	window1: mouseVisible = True
83.8738 	EXP 	window1: mouseVisible = True
83.8738 	EXP 	window1: mouseVisible = True
83.8738 	EXP 	window1: mouseVisible = True
83.8739 	EXP 	window1: mouseVisible = True
83.8739 	EXP 	window1: mouseVisible = True
83.8739 	EXP 	window1: mouseVisible = True
83.8740 	EXP 	window1: mouseVisible = True
83.8740 	EXP 	window1: mouseVisible = True
83.8740 	EXP 	window1: mouseVisible = True
83.8741 	EXP 	window1: mouseVisible = True
83.8741 	EXP 	window1: mouseVisible = True
83.8741 	EXP 	window1: mouseVisible = True
83.8741 	EXP 	window1: mouseVisible = True
83.8742 	EXP 	window1: mouseVisible = True
83.8742 	EXP 	window1: mouseVisible = True
83.8742 	EXP 	window1: mouseVisible = True
83.8743 	EXP 	window1: mouseVisible = True
83.8743 	EXP 	window1: mouseVisible = True
83.8743 	EXP 	window1: mouseVisible = True
83.8743 	EXP 	window1: mouseVisible = True
83.8744 	EXP 	window1: mouseVisible = True
83.8744 	EXP 	window1: mouseVisible = True
83.8744 	EXP 	window1: mouseVisible = True
83.8745 	EXP 	window1: mouseVisible = True
83.8745 	EXP 	window1: mouseVisible = True
83.8745 	EXP 	window1: mouseVisible = True
83.8746 	EXP 	window1: mouseVisible = True
83.8746 	EXP 	window1: mouseVisible = True
83.8746 	EXP 	window1: mouseVisible = True
83.8746 	EXP 	window1: mouseVisible = True
83.8747 	EXP 	window1: mouseVisible = True
83.8747 	EXP 	window1: mouseVisible = True
83.8747 	EXP 	window1: mouseVisible = True
83.8748 	EXP 	window1: mouseVisible = True
83.8748 	EXP 	window1: mouseVisible = True
83.8748 	EXP 	window1: mouseVisible = True
83.8749 	EXP 	window1: mouseVisible = True
83.8749 	EXP 	window1: mouseVisible = True
83.8749 	EXP 	window1: mouseVisible = True
83.8749 	EXP 	window1: mouseVisible = True
83.8750 	EXP 	window1: mouseVisible = True
83.8750 	EXP 	window1: mouseVisible = True
83.8750 	EXP 	window1: mouseVisible = True
83.8751 	EXP 	window1: mouseVisible = True
83.8751 	EXP 	window1: mouseVisible = True
83.8751 	EXP 	window1: mouseVisible = True
83.8751 	EXP 	window1: mouseVisible = True
83.8752 	EXP 	window1: mouseVisible = True
83.8752 	EXP 	window1: mouseVisible = True
83.8752 	EXP 	window1: mouseVisible = True
83.8753 	EXP 	window1: mouseVisible = True
83.8753 	EXP 	window1: mouseVisible = True
83.8753 	EXP 	window1: mouseVisible = True
83.8754 	EXP 	window1: mouseVisible = True
83.8754 	EXP 	window1: mouseVisible = True
83.8754 	EXP 	window1: mouseVisible = True
83.8754 	EXP 	window1: mouseVisible = True
83.8755 	EXP 	window1: mouseVisible = True
83.8755 	EXP 	window1: mouseVisible = True
83.8755 	EXP 	window1: mouseVisible = True
83.8756 	EXP 	window1: mouseVisible = True
83.8756 	EXP 	window1: mouseVisible = True
83.8756 	EXP 	window1: mouseVisible = True
83.8756 	EXP 	window1: mouseVisible = True
83.8757 	EXP 	window1: mouseVisible = True
83.8757 	EXP 	window1: mouseVisible = True
83.8757 	EXP 	window1: mouseVisible = True
83.8758 	EXP 	window1: mouseVisible = True
83.8758 	EXP 	window1: mouseVisible = True
83.8758 	EXP 	window1: mouseVisible = True
83.8758 	EXP 	window1: mouseVisible = True
83.8759 	EXP 	window1: mouseVisible = True
83.8759 	EXP 	window1: mouseVisible = True
83.8759 	EXP 	window1: mouseVisible = True
83.8760 	EXP 	window1: mouseVisible = True
83.8760 	EXP 	window1: mouseVisible = True
83.8760 	EXP 	window1: mouseVisible = True
83.8761 	EXP 	window1: mouseVisible = True
83.8761 	EXP 	window1: mouseVisible = True
83.8761 	EXP 	window1: mouseVisible = True
83.8761 	EXP 	window1: mouseVisible = True
83.8762 	EXP 	window1: mouseVisible = True
83.8762 	EXP 	window1: mouseVisible = True
83.8762 	EXP 	window1: mouseVisible = True
83.8763 	EXP 	window1: mouseVisible = True
83.8763 	EXP 	window1: mouseVisible = True
83.8763 	EXP 	window1: mouseVisible = True
83.8764 	EXP 	window1: mouseVisible = True
83.8764 	EXP 	window1: mouseVisible = True
83.8764 	EXP 	window1: mouseVisible = True
83.8764 	EXP 	window1: mouseVisible = True
83.8765 	EXP 	window1: mouseVisible = True
83.8765 	EXP 	window1: mouseVisible = True
83.8765 	EXP 	window1: mouseVisible = True
83.8766 	EXP 	window1: mouseVisible = True
83.8766 	EXP 	window1: mouseVisible = True
83.8766 	EXP 	window1: mouseVisible = True
83.8766 	EXP 	window1: mouseVisible = True
83.8767 	EXP 	window1: mouseVisible = True
83.8767 	EXP 	window1: mouseVisible = True
83.8767 	EXP 	window1: mouseVisible = True
83.8768 	EXP 	window1: mouseVisible = True
83.8768 	EXP 	window1: mouseVisible = True
83.8768 	EXP 	window1: mouseVisible = True
83.8769 	EXP 	window1: mouseVisible = True
83.8769 	EXP 	window1: mouseVisible = True
83.8769 	EXP 	window1: mouseVisible = True
83.8769 	EXP 	window1: mouseVisible = True
83.8770 	EXP 	window1: mouseVisible = True
83.8770 	EXP 	window1: mouseVisible = True
83.8770 	EXP 	window1: mouseVisible = True
83.8771 	EXP 	window1: mouseVisible = True
83.8771 	EXP 	window1: mouseVisible = True
83.8771 	EXP 	window1: mouseVisible = True
83.8772 	EXP 	window1: mouseVisible = True
83.8772 	EXP 	window1: mouseVisible = True
83.8772 	EXP 	window1: mouseVisible = True
83.8772 	EXP 	window1: mouseVisible = True
83.8773 	EXP 	window1: mouseVisible = True
83.8773 	EXP 	window1: mouseVisible = True
83.8773 	EXP 	window1: mouseVisible = True
83.8774 	EXP 	window1: mouseVisible = True
83.8774 	EXP 	window1: mouseVisible = True
83.8774 	EXP 	window1: mouseVisible = True
83.8775 	EXP 	window1: mouseVisible = True
83.8775 	EXP 	window1: mouseVisible = True
83.8776 	EXP 	window1: mouseVisible = True
83.8778 	EXP 	window1: mouseVisible = True
83.8778 	EXP 	window1: mouseVisible = True
83.8779 	EXP 	window1: mouseVisible = True
83.8779 	EXP 	window1: mouseVisible = True
83.8779 	EXP 	window1: mouseVisible = True
83.8779 	EXP 	window1: mouseVisible = True
83.8780 	EXP 	window1: mouseVisible = True
83.8780 	EXP 	window1: mouseVisible = True
83.8780 	EXP 	window1: mouseVisible = True
83.8781 	EXP 	window1: mouseVisible = True
83.8781 	EXP 	window1: mouseVisible = True
83.8781 	EXP 	window1: mouseVisible = True
83.8782 	EXP 	window1: mouseVisible = True
83.8782 	EXP 	window1: mouseVisible = True
83.8782 	EXP 	window1: mouseVisible = True
83.8783 	EXP 	window1: mouseVisible = True
83.8783 	EXP 	window1: mouseVisible = True
83.8783 	EXP 	window1: mouseVisible = True
83.8783 	EXP 	window1: mouseVisible = True
83.8784 	EXP 	window1: mouseVisible = True
83.8784 	EXP 	window1: mouseVisible = True
83.8784 	EXP 	window1: mouseVisible = True
83.8785 	EXP 	window1: mouseVisible = True
83.8785 	EXP 	window1: mouseVisible = True
83.8785 	EXP 	window1: mouseVisible = True
83.8786 	EXP 	window1: mouseVisible = True
83.8786 	EXP 	window1: mouseVisible = True
83.8786 	EXP 	window1: mouseVisible = True
83.8787 	EXP 	window1: mouseVisible = True
83.8787 	EXP 	window1: mouseVisible = True
83.8787 	EXP 	window1: mouseVisible = True
83.8788 	EXP 	window1: mouseVisible = True
83.8788 	EXP 	window1: mouseVisible = True
83.8788 	EXP 	window1: mouseVisible = True
83.8788 	EXP 	window1: mouseVisible = True
83.8789 	EXP 	window1: mouseVisible = True
83.8789 	EXP 	window1: mouseVisible = True
83.8789 	EXP 	window1: mouseVisible = True
83.8790 	EXP 	window1: mouseVisible = True
83.8790 	EXP 	window1: mouseVisible = True
83.8790 	EXP 	window1: mouseVisible = True
83.8791 	EXP 	window1: mouseVisible = True
83.8791 	EXP 	window1: mouseVisible = True
83.8791 	EXP 	window1: mouseVisible = True
83.8791 	EXP 	window1: mouseVisible = True
83.8792 	EXP 	window1: mouseVisible = True
83.8792 	EXP 	window1: mouseVisible = True
83.8792 	EXP 	window1: mouseVisible = True
83.8793 	EXP 	window1: mouseVisible = True
83.8793 	EXP 	window1: mouseVisible = True
83.8793 	EXP 	window1: mouseVisible = True
83.8794 	EXP 	window1: mouseVisible = True
83.8794 	EXP 	window1: mouseVisible = True
83.8794 	EXP 	window1: mouseVisible = True
83.8795 	EXP 	window1: mouseVisible = True
83.8795 	EXP 	window1: mouseVisible = True
83.8795 	EXP 	window1: mouseVisible = True
83.8795 	EXP 	window1: mouseVisible = True
83.8796 	EXP 	window1: mouseVisible = True
83.8796 	EXP 	window1: mouseVisible = True
83.8796 	EXP 	window1: mouseVisible = True
83.8797 	EXP 	window1: mouseVisible = True
83.8797 	EXP 	window1: mouseVisible = True
83.8797 	EXP 	window1: mouseVisible = True
83.8798 	EXP 	window1: mouseVisible = True
83.8798 	EXP 	window1: mouseVisible = True
83.8798 	EXP 	window1: mouseVisible = True
83.8798 	EXP 	window1: mouseVisible = True
83.8799 	EXP 	window1: mouseVisible = True
83.8799 	EXP 	window1: mouseVisible = True
83.8799 	EXP 	window1: mouseVisible = True
83.8800 	EXP 	window1: mouseVisible = True
83.8800 	EXP 	window1: mouseVisible = True
83.8800 	EXP 	window1: mouseVisible = True
83.8801 	EXP 	window1: mouseVisible = True
83.8801 	EXP 	window1: mouseVisible = True
83.8801 	EXP 	window1: mouseVisible = True
83.8802 	EXP 	window1: mouseVisible = True
83.8802 	EXP 	window1: mouseVisible = True
83.8802 	EXP 	window1: mouseVisible = True
83.8802 	EXP 	window1: mouseVisible = True
83.8803 	EXP 	window1: mouseVisible = True
83.8803 	EXP 	window1: mouseVisible = True
83.8803 	EXP 	window1: mouseVisible = True
83.8804 	EXP 	window1: mouseVisible = True
83.8804 	EXP 	window1: mouseVisible = True
83.8804 	EXP 	window1: mouseVisible = True
83.8805 	EXP 	window1: mouseVisible = True
83.8805 	EXP 	window1: mouseVisible = True
83.8805 	EXP 	window1: mouseVisible = True
83.8805 	EXP 	window1: mouseVisible = True
83.8806 	EXP 	window1: mouseVisible = True
83.8806 	EXP 	window1: mouseVisible = True
83.8806 	EXP 	window1: mouseVisible = True
83.8807 	EXP 	window1: mouseVisible = True
83.8807 	EXP 	window1: mouseVisible = True
83.8807 	EXP 	window1: mouseVisible = True
83.8808 	EXP 	window1: mouseVisible = True
83.8808 	EXP 	window1: mouseVisible = True
83.8808 	EXP 	window1: mouseVisible = True
83.8808 	EXP 	window1: mouseVisible = True
83.8809 	EXP 	window1: mouseVisible = True
83.8809 	EXP 	window1: mouseVisible = True
83.8809 	EXP 	window1: mouseVisible = True
83.8810 	EXP 	window1: mouseVisible = True
83.8810 	EXP 	window1: mouseVisible = True
83.8810 	EXP 	window1: mouseVisible = True
83.8811 	EXP 	window1: mouseVisible = True
83.8811 	EXP 	window1: mouseVisible = True
83.8811 	EXP 	window1: mouseVisible = True
83.8812 	EXP 	window1: mouseVisible = True
83.8812 	EXP 	window1: mouseVisible = True
83.8812 	EXP 	window1: mouseVisible = True
83.8813 	EXP 	window1: mouseVisible = True
83.8813 	EXP 	window1: mouseVisible = True
83.8813 	EXP 	window1: mouseVisible = True
83.8813 	EXP 	window1: mouseVisible = True
83.8814 	EXP 	window1: mouseVisible = True
83.8814 	EXP 	window1: mouseVisible = True
83.8814 	EXP 	window1: mouseVisible = True
83.8815 	EXP 	window1: mouseVisible = True
83.8815 	EXP 	window1: mouseVisible = True
83.8815 	EXP 	window1: mouseVisible = True
83.8816 	EXP 	window1: mouseVisible = True
83.8816 	EXP 	window1: mouseVisible = True
83.8816 	EXP 	window1: mouseVisible = True
83.8817 	EXP 	window1: mouseVisible = True
83.8817 	EXP 	window1: mouseVisible = True
83.8817 	EXP 	window1: mouseVisible = True
83.8817 	EXP 	window1: mouseVisible = True
83.8818 	EXP 	window1: mouseVisible = True
83.8818 	EXP 	window1: mouseVisible = True
83.8818 	EXP 	window1: mouseVisible = True
83.8819 	EXP 	window1: mouseVisible = True
83.8819 	EXP 	window1: mouseVisible = True
83.8819 	EXP 	window1: mouseVisible = True
83.8820 	EXP 	window1: mouseVisible = True
83.8820 	EXP 	window1: mouseVisible = True
83.8820 	EXP 	window1: mouseVisible = True
83.8820 	EXP 	window1: mouseVisible = True
83.8821 	EXP 	window1: mouseVisible = True
83.8821 	EXP 	window1: mouseVisible = True
83.8821 	EXP 	window1: mouseVisible = True
83.8822 	EXP 	window1: mouseVisible = True
83.8822 	EXP 	window1: mouseVisible = True
83.8822 	EXP 	window1: mouseVisible = True
83.8823 	EXP 	window1: mouseVisible = True
83.8823 	EXP 	window1: mouseVisible = True
83.8823 	EXP 	window1: mouseVisible = True
83.8824 	EXP 	window1: mouseVisible = True
83.8824 	EXP 	window1: mouseVisible = True
83.8824 	EXP 	window1: mouseVisible = True
83.8824 	EXP 	window1: mouseVisible = True
83.8825 	EXP 	window1: mouseVisible = True
83.8825 	EXP 	window1: mouseVisible = True
83.8826 	EXP 	window1: mouseVisible = True
83.8826 	EXP 	window1: mouseVisible = True
83.8826 	EXP 	window1: mouseVisible = True
83.8827 	EXP 	window1: mouseVisible = True
83.8827 	EXP 	window1: mouseVisible = True
83.8827 	EXP 	window1: mouseVisible = True
83.8828 	EXP 	window1: mouseVisible = True
83.8828 	EXP 	window1: mouseVisible = True
83.8828 	EXP 	window1: mouseVisible = True
83.8829 	EXP 	window1: mouseVisible = True
83.8829 	EXP 	window1: mouseVisible = True
83.8829 	EXP 	window1: mouseVisible = True
83.8829 	EXP 	window1: mouseVisible = True
83.8830 	EXP 	window1: mouseVisible = True
83.8830 	EXP 	window1: mouseVisible = True
83.8830 	EXP 	window1: mouseVisible = True
83.8831 	EXP 	window1: mouseVisible = True
83.8831 	EXP 	window1: mouseVisible = True
83.8831 	EXP 	window1: mouseVisible = True
83.8832 	EXP 	window1: mouseVisible = True
83.8832 	EXP 	window1: mouseVisible = True
83.8832 	EXP 	window1: mouseVisible = True
83.8832 	EXP 	window1: mouseVisible = True
83.8833 	EXP 	window1: mouseVisible = True
83.8833 	EXP 	window1: mouseVisible = True
83.8833 	EXP 	window1: mouseVisible = True
83.8834 	EXP 	window1: mouseVisible = True
83.8834 	EXP 	window1: mouseVisible = True
83.8834 	EXP 	window1: mouseVisible = True
83.8835 	EXP 	window1: mouseVisible = True
83.8835 	EXP 	window1: mouseVisible = True
83.8835 	EXP 	window1: mouseVisible = True
83.8836 	EXP 	window1: mouseVisible = True
83.8836 	EXP 	window1: mouseVisible = True
83.8836 	EXP 	window1: mouseVisible = True
83.8836 	EXP 	window1: mouseVisible = True
83.8837 	EXP 	window1: mouseVisible = True
83.8837 	EXP 	window1: mouseVisible = True
83.8837 	EXP 	window1: mouseVisible = True
83.8838 	EXP 	window1: mouseVisible = True
83.8838 	EXP 	window1: mouseVisible = True
83.8838 	EXP 	window1: mouseVisible = True
83.8839 	EXP 	window1: mouseVisible = True
83.8839 	EXP 	window1: mouseVisible = True
83.8839 	EXP 	window1: mouseVisible = True
83.8839 	EXP 	window1: mouseVisible = True
83.8840 	EXP 	window1: mouseVisible = True
83.8840 	EXP 	window1: mouseVisible = True
83.8840 	EXP 	window1: mouseVisible = True
83.8841 	EXP 	window1: mouseVisible = True
83.8841 	EXP 	window1: mouseVisible = True
83.8841 	EXP 	window1: mouseVisible = True
83.8842 	EXP 	window1: mouseVisible = True
83.8842 	EXP 	window1: mouseVisible = True
83.8842 	EXP 	window1: mouseVisible = True
83.8843 	EXP 	window1: mouseVisible = True
83.8843 	EXP 	window1: mouseVisible = True
83.8843 	EXP 	window1: mouseVisible = True
83.8843 	EXP 	window1: mouseVisible = True
83.8844 	EXP 	window1: mouseVisible = True
83.8844 	EXP 	window1: mouseVisible = True
83.8844 	EXP 	window1: mouseVisible = True
83.8845 	EXP 	window1: mouseVisible = True
83.8845 	EXP 	window1: mouseVisible = True
83.8845 	EXP 	window1: mouseVisible = True
83.8846 	EXP 	window1: mouseVisible = True
83.8846 	EXP 	window1: mouseVisible = True
83.8846 	EXP 	window1: mouseVisible = True
83.8846 	EXP 	window1: mouseVisible = True
83.8847 	EXP 	window1: mouseVisible = True
83.8847 	EXP 	window1: mouseVisible = True
83.8847 	EXP 	window1: mouseVisible = True
83.8848 	EXP 	window1: mouseVisible = True
83.8848 	EXP 	window1: mouseVisible = True
83.8848 	EXP 	window1: mouseVisible = True
83.8849 	EXP 	window1: mouseVisible = True
83.8849 	EXP 	window1: mouseVisible = True
83.8849 	EXP 	window1: mouseVisible = True
83.8849 	EXP 	window1: mouseVisible = True
83.8850 	EXP 	window1: mouseVisible = True
83.8850 	EXP 	window1: mouseVisible = True
83.8850 	EXP 	window1: mouseVisible = True
83.8851 	EXP 	window1: mouseVisible = True
83.8851 	EXP 	window1: mouseVisible = True
83.8851 	EXP 	window1: mouseVisible = True
83.8852 	EXP 	window1: mouseVisible = True
83.8852 	EXP 	window1: mouseVisible = True
83.8852 	EXP 	window1: mouseVisible = True
83.8852 	EXP 	window1: mouseVisible = True
83.8853 	EXP 	window1: mouseVisible = True
83.8853 	EXP 	window1: mouseVisible = True
83.8853 	EXP 	window1: mouseVisible = True
83.8854 	EXP 	window1: mouseVisible = True
83.8854 	EXP 	window1: mouseVisible = True
83.8854 	EXP 	window1: mouseVisible = True
83.8855 	EXP 	window1: mouseVisible = True
83.8855 	EXP 	window1: mouseVisible = True
83.8855 	EXP 	window1: mouseVisible = True
83.8855 	EXP 	window1: mouseVisible = True
83.8856 	EXP 	window1: mouseVisible = True
83.8856 	EXP 	window1: mouseVisible = True
83.8856 	EXP 	window1: mouseVisible = True
83.8857 	EXP 	window1: mouseVisible = True
83.8857 	EXP 	window1: mouseVisible = True
83.8857 	EXP 	window1: mouseVisible = True
83.8858 	EXP 	window1: mouseVisible = True
83.8858 	EXP 	window1: mouseVisible = True
83.8858 	EXP 	window1: mouseVisible = True
83.8858 	EXP 	window1: mouseVisible = True
83.8859 	EXP 	window1: mouseVisible = True
83.8859 	EXP 	window1: mouseVisible = True
83.8859 	EXP 	window1: mouseVisible = True
83.8860 	EXP 	window1: mouseVisible = True
83.8860 	EXP 	window1: mouseVisible = True
83.8860 	EXP 	window1: mouseVisible = True
83.8861 	EXP 	window1: mouseVisible = True
83.8861 	EXP 	window1: mouseVisible = True
83.8861 	EXP 	window1: mouseVisible = True
83.8862 	EXP 	window1: mouseVisible = True
83.8862 	EXP 	window1: mouseVisible = True
83.8862 	EXP 	window1: mouseVisible = True
83.8862 	EXP 	window1: mouseVisible = True
83.8863 	EXP 	window1: mouseVisible = True
83.8863 	EXP 	window1: mouseVisible = True
83.8863 	EXP 	window1: mouseVisible = True
83.8864 	EXP 	window1: mouseVisible = True
83.8864 	EXP 	window1: mouseVisible = True
83.8864 	EXP 	window1: mouseVisible = True
83.8865 	EXP 	window1: mouseVisible = True
83.8865 	EXP 	window1: mouseVisible = True
83.8865 	EXP 	window1: mouseVisible = True
83.8866 	EXP 	window1: mouseVisible = True
83.8866 	EXP 	window1: mouseVisible = True
83.8866 	EXP 	window1: mouseVisible = True
83.8866 	EXP 	window1: mouseVisible = True
83.8867 	EXP 	window1: mouseVisible = True
83.8867 	EXP 	window1: mouseVisible = True
83.8867 	EXP 	window1: mouseVisible = True
83.8868 	EXP 	window1: mouseVisible = True
83.8868 	EXP 	window1: mouseVisible = True
83.8868 	EXP 	window1: mouseVisible = True
83.8869 	EXP 	window1: mouseVisible = True
83.8869 	EXP 	window1: mouseVisible = True
83.8869 	EXP 	window1: mouseVisible = True
83.8869 	EXP 	window1: mouseVisible = True
83.8870 	EXP 	window1: mouseVisible = True
83.8870 	EXP 	window1: mouseVisible = True
83.8870 	EXP 	window1: mouseVisible = True
83.8871 	EXP 	window1: mouseVisible = True
83.8871 	EXP 	window1: mouseVisible = True
83.8871 	EXP 	window1: mouseVisible = True
83.8872 	EXP 	window1: mouseVisible = True
83.8872 	EXP 	window1: mouseVisible = True
83.8872 	EXP 	window1: mouseVisible = True
83.8872 	EXP 	window1: mouseVisible = True
83.8873 	EXP 	window1: mouseVisible = True
83.8873 	EXP 	window1: mouseVisible = True
83.8874 	EXP 	window1: mouseVisible = True
83.8874 	EXP 	window1: mouseVisible = True
83.8874 	EXP 	window1: mouseVisible = True
83.8875 	EXP 	window1: mouseVisible = True
83.8875 	EXP 	window1: mouseVisible = True
83.8875 	EXP 	window1: mouseVisible = True
83.8875 	EXP 	window1: mouseVisible = True
83.8876 	EXP 	window1: mouseVisible = True
83.8876 	EXP 	window1: mouseVisible = True
83.8876 	EXP 	window1: mouseVisible = True
83.8877 	EXP 	window1: mouseVisible = True
83.8877 	EXP 	window1: mouseVisible = True
83.8877 	EXP 	window1: mouseVisible = True
83.8878 	EXP 	window1: mouseVisible = True
83.8878 	EXP 	window1: mouseVisible = True
83.8878 	EXP 	window1: mouseVisible = True
83.8879 	EXP 	window1: mouseVisible = True
83.8879 	EXP 	window1: mouseVisible = True
83.8879 	EXP 	window1: mouseVisible = True
83.8879 	EXP 	window1: mouseVisible = True
83.8880 	EXP 	window1: mouseVisible = True
83.8880 	EXP 	window1: mouseVisible = True
83.8880 	EXP 	window1: mouseVisible = True
83.8881 	EXP 	window1: mouseVisible = True
83.8881 	EXP 	window1: mouseVisible = True
83.8881 	EXP 	window1: mouseVisible = True
83.8882 	EXP 	window1: mouseVisible = True
83.8882 	EXP 	window1: mouseVisible = True
83.8882 	EXP 	window1: mouseVisible = True
83.8882 	EXP 	window1: mouseVisible = True
83.8883 	EXP 	window1: mouseVisible = True
83.8883 	EXP 	window1: mouseVisible = True
83.8883 	EXP 	window1: mouseVisible = True
83.8884 	EXP 	window1: mouseVisible = True
83.8884 	EXP 	window1: mouseVisible = True
83.8884 	EXP 	window1: mouseVisible = True
83.8885 	EXP 	window1: mouseVisible = True
83.8885 	EXP 	window1: mouseVisible = True
83.8885 	EXP 	window1: mouseVisible = True
83.8886 	EXP 	window1: mouseVisible = True
83.8886 	EXP 	window1: mouseVisible = True
83.8886 	EXP 	window1: mouseVisible = True
83.8886 	EXP 	window1: mouseVisible = True
83.8887 	EXP 	window1: mouseVisible = True
83.8887 	EXP 	window1: mouseVisible = True
83.8887 	EXP 	window1: mouseVisible = True
83.8888 	EXP 	window1: mouseVisible = True
83.8888 	EXP 	window1: mouseVisible = True
83.8888 	EXP 	window1: mouseVisible = True
83.8888 	EXP 	window1: mouseVisible = True
83.8889 	EXP 	window1: mouseVisible = True
83.8889 	EXP 	window1: mouseVisible = True
83.8889 	EXP 	window1: mouseVisible = True
83.8890 	EXP 	window1: mouseVisible = True
83.8890 	EXP 	window1: mouseVisible = True
83.8890 	EXP 	window1: mouseVisible = True
83.8891 	EXP 	window1: mouseVisible = True
83.8891 	EXP 	window1: mouseVisible = True
83.8891 	EXP 	window1: mouseVisible = True
83.8892 	EXP 	window1: mouseVisible = True
83.8892 	EXP 	window1: mouseVisible = True
83.8892 	EXP 	window1: mouseVisible = True
83.8892 	EXP 	window1: mouseVisible = True
83.8893 	EXP 	window1: mouseVisible = True
83.8893 	EXP 	window1: mouseVisible = True
83.8893 	EXP 	window1: mouseVisible = True
83.8894 	EXP 	window1: mouseVisible = True
83.8894 	EXP 	window1: mouseVisible = True
83.8894 	EXP 	window1: mouseVisible = True
83.8895 	EXP 	window1: mouseVisible = True
83.8895 	EXP 	window1: mouseVisible = True
83.8895 	EXP 	window1: mouseVisible = True
83.8896 	EXP 	window1: mouseVisible = True
83.8896 	EXP 	window1: mouseVisible = True
83.8896 	EXP 	window1: mouseVisible = True
83.8896 	EXP 	window1: mouseVisible = True
83.8897 	EXP 	window1: mouseVisible = True
83.8897 	EXP 	window1: mouseVisible = True
83.8897 	EXP 	window1: mouseVisible = True
83.8898 	EXP 	window1: mouseVisible = True
83.8898 	EXP 	window1: mouseVisible = True
83.8898 	EXP 	window1: mouseVisible = True
83.8899 	EXP 	window1: mouseVisible = True
83.8899 	EXP 	window1: mouseVisible = True
83.8899 	EXP 	window1: mouseVisible = True
83.8899 	EXP 	window1: mouseVisible = True
83.8900 	EXP 	window1: mouseVisible = True
83.8900 	EXP 	window1: mouseVisible = True
83.8900 	EXP 	window1: mouseVisible = True
83.8901 	EXP 	window1: mouseVisible = True
83.8901 	EXP 	window1: mouseVisible = True
83.8901 	EXP 	window1: mouseVisible = True
83.8902 	EXP 	window1: mouseVisible = True
83.8902 	EXP 	window1: mouseVisible = True
83.8902 	EXP 	window1: mouseVisible = True
83.8902 	EXP 	window1: mouseVisible = True
83.8903 	EXP 	window1: mouseVisible = True
83.8903 	EXP 	window1: mouseVisible = True
83.8903 	EXP 	window1: mouseVisible = True
83.8904 	EXP 	window1: mouseVisible = True
83.8904 	EXP 	window1: mouseVisible = True
83.8904 	EXP 	window1: mouseVisible = True
83.8905 	EXP 	window1: mouseVisible = True
83.8905 	EXP 	window1: mouseVisible = True
83.8905 	EXP 	window1: mouseVisible = True
83.8905 	EXP 	window1: mouseVisible = True
83.8906 	EXP 	window1: mouseVisible = True
83.8906 	EXP 	window1: mouseVisible = True
83.8906 	EXP 	window1: mouseVisible = True
83.8907 	EXP 	window1: mouseVisible = True
83.8907 	EXP 	window1: mouseVisible = True
83.8907 	EXP 	window1: mouseVisible = True
83.8908 	EXP 	window1: mouseVisible = True
83.8908 	EXP 	window1: mouseVisible = True
83.8908 	EXP 	window1: mouseVisible = True
83.8909 	EXP 	window1: mouseVisible = True
83.8909 	EXP 	window1: mouseVisible = True
83.8909 	EXP 	window1: mouseVisible = True
83.8910 	EXP 	window1: mouseVisible = True
83.8910 	EXP 	window1: mouseVisible = True
83.8910 	EXP 	window1: mouseVisible = True
83.8910 	EXP 	window1: mouseVisible = True
83.8911 	EXP 	window1: mouseVisible = True
83.8911 	EXP 	window1: mouseVisible = True
83.8911 	EXP 	window1: mouseVisible = True
83.8912 	EXP 	window1: mouseVisible = True
83.8912 	EXP 	window1: mouseVisible = True
83.8912 	EXP 	window1: mouseVisible = True
83.8913 	EXP 	window1: mouseVisible = True
83.8913 	EXP 	window1: mouseVisible = True
83.8913 	EXP 	window1: mouseVisible = True
83.8913 	EXP 	window1: mouseVisible = True
83.8914 	EXP 	window1: mouseVisible = True
83.8914 	EXP 	window1: mouseVisible = True
83.8914 	EXP 	window1: mouseVisible = True
83.8915 	EXP 	window1: mouseVisible = True
83.8915 	EXP 	window1: mouseVisible = True
83.8915 	EXP 	window1: mouseVisible = True
83.8916 	EXP 	window1: mouseVisible = True
83.8916 	EXP 	window1: mouseVisible = True
83.8916 	EXP 	window1: mouseVisible = True
83.8916 	EXP 	window1: mouseVisible = True
83.8917 	EXP 	window1: mouseVisible = True
83.8917 	EXP 	window1: mouseVisible = True
83.8917 	EXP 	window1: mouseVisible = True
83.8918 	EXP 	window1: mouseVisible = True
83.8918 	EXP 	window1: mouseVisible = True
83.8918 	EXP 	window1: mouseVisible = True
83.8919 	EXP 	window1: mouseVisible = True
83.8919 	EXP 	window1: mouseVisible = True
83.8919 	EXP 	window1: mouseVisible = True
83.8920 	EXP 	window1: mouseVisible = True
83.8920 	EXP 	window1: mouseVisible = True
83.8920 	EXP 	window1: mouseVisible = True
83.8921 	EXP 	window1: mouseVisible = True
83.8921 	EXP 	window1: mouseVisible = True
83.8922 	EXP 	window1: mouseVisible = True
83.8922 	EXP 	window1: mouseVisible = True
83.8922 	EXP 	window1: mouseVisible = True
83.8922 	EXP 	window1: mouseVisible = True
83.8923 	EXP 	window1: mouseVisible = True
83.8923 	EXP 	window1: mouseVisible = True
83.8923 	EXP 	window1: mouseVisible = True
83.8924 	EXP 	window1: mouseVisible = True
83.8924 	EXP 	window1: mouseVisible = True
83.8924 	EXP 	window1: mouseVisible = True
83.8925 	EXP 	window1: mouseVisible = True
83.8925 	EXP 	window1: mouseVisible = True
83.8925 	EXP 	window1: mouseVisible = True
83.8925 	EXP 	window1: mouseVisible = True
83.8926 	EXP 	window1: mouseVisible = True
83.8926 	EXP 	window1: mouseVisible = True
83.8926 	EXP 	window1: mouseVisible = True
83.8927 	EXP 	window1: mouseVisible = True
83.8927 	EXP 	window1: mouseVisible = True
83.8927 	EXP 	window1: mouseVisible = True
83.8928 	EXP 	window1: mouseVisible = True
83.8928 	EXP 	window1: mouseVisible = True
83.8928 	EXP 	window1: mouseVisible = True
83.8929 	EXP 	window1: mouseVisible = True
83.8929 	EXP 	window1: mouseVisible = True
83.8929 	EXP 	window1: mouseVisible = True
83.8929 	EXP 	window1: mouseVisible = True
83.8930 	EXP 	window1: mouseVisible = True
83.8930 	EXP 	window1: mouseVisible = True
83.8930 	EXP 	window1: mouseVisible = True
83.8931 	EXP 	window1: mouseVisible = True
83.8931 	EXP 	window1: mouseVisible = True
83.8931 	EXP 	window1: mouseVisible = True
83.8932 	EXP 	window1: mouseVisible = True
83.8932 	EXP 	window1: mouseVisible = True
83.8932 	EXP 	window1: mouseVisible = True
83.8932 	EXP 	window1: mouseVisible = True
83.8933 	EXP 	window1: mouseVisible = True
83.8933 	EXP 	window1: mouseVisible = True
83.8933 	EXP 	window1: mouseVisible = True
83.8934 	EXP 	window1: mouseVisible = True
83.8934 	EXP 	window1: mouseVisible = True
83.8934 	EXP 	window1: mouseVisible = True
83.8935 	EXP 	window1: mouseVisible = True
83.8935 	EXP 	window1: mouseVisible = True
83.8935 	EXP 	window1: mouseVisible = True
83.8935 	EXP 	window1: mouseVisible = True
83.8936 	EXP 	window1: mouseVisible = True
83.8936 	EXP 	window1: mouseVisible = True
83.8936 	EXP 	window1: mouseVisible = True
83.8937 	EXP 	window1: mouseVisible = True
83.8937 	EXP 	window1: mouseVisible = True
83.8937 	EXP 	window1: mouseVisible = True
83.8938 	EXP 	window1: mouseVisible = True
83.8938 	EXP 	window1: mouseVisible = True
83.8938 	EXP 	window1: mouseVisible = True
83.8938 	EXP 	window1: mouseVisible = True
83.8939 	EXP 	window1: mouseVisible = True
83.8939 	EXP 	window1: mouseVisible = True
83.8939 	EXP 	window1: mouseVisible = True
83.8940 	EXP 	window1: mouseVisible = True
83.8940 	EXP 	window1: mouseVisible = True
83.8940 	EXP 	window1: mouseVisible = True
83.8941 	EXP 	window1: mouseVisible = True
83.8941 	EXP 	window1: mouseVisible = True
83.8941 	EXP 	window1: mouseVisible = True
83.8942 	EXP 	window1: mouseVisible = True
83.8942 	EXP 	window1: mouseVisible = True
83.8942 	EXP 	window1: mouseVisible = True
83.8942 	EXP 	window1: mouseVisible = True
83.8943 	EXP 	window1: mouseVisible = True
83.8943 	EXP 	window1: mouseVisible = True
83.8943 	EXP 	window1: mouseVisible = True
83.8944 	EXP 	window1: mouseVisible = True
83.8944 	EXP 	window1: mouseVisible = True
83.8944 	EXP 	window1: mouseVisible = True
83.8944 	EXP 	window1: mouseVisible = True
83.8945 	EXP 	window1: mouseVisible = True
83.8945 	EXP 	window1: mouseVisible = True
83.8945 	EXP 	window1: mouseVisible = True
83.8946 	EXP 	window1: mouseVisible = True
83.8946 	EXP 	window1: mouseVisible = True
83.8946 	EXP 	window1: mouseVisible = True
83.8947 	EXP 	window1: mouseVisible = True
83.8947 	EXP 	window1: mouseVisible = True
83.8947 	EXP 	window1: mouseVisible = True
83.8948 	EXP 	window1: mouseVisible = True
83.8948 	EXP 	window1: mouseVisible = True
83.8948 	EXP 	window1: mouseVisible = True
83.8948 	EXP 	window1: mouseVisible = True
83.8949 	EXP 	window1: mouseVisible = True
83.8949 	EXP 	window1: mouseVisible = True
83.8949 	EXP 	window1: mouseVisible = True
83.8950 	EXP 	window1: mouseVisible = True
83.8950 	EXP 	window1: mouseVisible = True
83.8950 	EXP 	window1: mouseVisible = True
83.8951 	EXP 	window1: mouseVisible = True
83.8952 	EXP 	window1: mouseVisible = True
83.8952 	EXP 	window1: mouseVisible = True
83.8952 	EXP 	window1: mouseVisible = True
83.8953 	EXP 	window1: mouseVisible = True
83.8953 	EXP 	window1: mouseVisible = True
83.8953 	EXP 	window1: mouseVisible = True
83.8954 	EXP 	window1: mouseVisible = True
83.8954 	EXP 	window1: mouseVisible = True
83.8954 	EXP 	window1: mouseVisible = True
83.8955 	EXP 	window1: mouseVisible = True
83.8955 	EXP 	window1: mouseVisible = True
83.8955 	EXP 	window1: mouseVisible = True
83.8956 	EXP 	window1: mouseVisible = True
83.8956 	EXP 	window1: mouseVisible = True
83.8956 	EXP 	window1: mouseVisible = True
83.8957 	EXP 	window1: mouseVisible = True
83.8957 	EXP 	window1: mouseVisible = True
83.8957 	EXP 	window1: mouseVisible = True
83.8957 	EXP 	window1: mouseVisible = True
83.8958 	EXP 	window1: mouseVisible = True
83.8958 	EXP 	window1: mouseVisible = True
83.8958 	EXP 	window1: mouseVisible = True
83.8959 	EXP 	window1: mouseVisible = True
83.8959 	EXP 	window1: mouseVisible = True
83.8959 	EXP 	window1: mouseVisible = True
83.8960 	EXP 	window1: mouseVisible = True
83.8960 	EXP 	window1: mouseVisible = True
83.8960 	EXP 	window1: mouseVisible = True
83.8961 	EXP 	window1: mouseVisible = True
83.8961 	EXP 	window1: mouseVisible = True
83.8961 	EXP 	window1: mouseVisible = True
83.8961 	EXP 	window1: mouseVisible = True
83.8962 	EXP 	window1: mouseVisible = True
83.8962 	EXP 	window1: mouseVisible = True
83.8962 	EXP 	window1: mouseVisible = True
83.8963 	EXP 	window1: mouseVisible = True
83.8963 	EXP 	window1: mouseVisible = True
83.8963 	EXP 	window1: mouseVisible = True
83.8964 	EXP 	window1: mouseVisible = True
83.8964 	EXP 	window1: mouseVisible = True
83.8964 	EXP 	window1: mouseVisible = True
83.8964 	EXP 	window1: mouseVisible = True
83.8965 	EXP 	window1: mouseVisible = True
83.8965 	EXP 	window1: mouseVisible = True
83.8965 	EXP 	window1: mouseVisible = True
83.8966 	EXP 	window1: mouseVisible = True
83.8966 	EXP 	window1: mouseVisible = True
83.8966 	EXP 	window1: mouseVisible = True
83.8967 	EXP 	window1: mouseVisible = True
83.8967 	EXP 	window1: mouseVisible = True
83.8967 	EXP 	window1: mouseVisible = True
83.8968 	EXP 	window1: mouseVisible = True
83.8968 	EXP 	window1: mouseVisible = True
83.8968 	EXP 	window1: mouseVisible = True
83.8968 	EXP 	window1: mouseVisible = True
83.8969 	EXP 	window1: mouseVisible = True
83.8969 	EXP 	window1: mouseVisible = True
83.8969 	EXP 	window1: mouseVisible = True
83.8970 	EXP 	window1: mouseVisible = True
83.8970 	EXP 	window1: mouseVisible = True
83.8971 	EXP 	window1: mouseVisible = True
83.8971 	EXP 	window1: mouseVisible = True
83.8971 	EXP 	window1: mouseVisible = True
83.8972 	EXP 	window1: mouseVisible = True
83.8972 	EXP 	window1: mouseVisible = True
83.8972 	EXP 	window1: mouseVisible = True
83.8973 	EXP 	window1: mouseVisible = True
83.8973 	EXP 	window1: mouseVisible = True
83.8973 	EXP 	window1: mouseVisible = True
83.8973 	EXP 	window1: mouseVisible = True
83.8974 	EXP 	window1: mouseVisible = True
83.8974 	EXP 	window1: mouseVisible = True
83.8974 	EXP 	window1: mouseVisible = True
83.8975 	EXP 	window1: mouseVisible = True
83.8975 	EXP 	window1: mouseVisible = True
83.8975 	EXP 	window1: mouseVisible = True
83.8976 	EXP 	window1: mouseVisible = True
83.8976 	EXP 	window1: mouseVisible = True
83.8976 	EXP 	window1: mouseVisible = True
83.8976 	EXP 	window1: mouseVisible = True
83.8977 	EXP 	window1: mouseVisible = True
83.8977 	EXP 	window1: mouseVisible = True
83.8977 	EXP 	window1: mouseVisible = True
83.8978 	EXP 	window1: mouseVisible = True
83.8978 	EXP 	window1: mouseVisible = True
83.8978 	EXP 	window1: mouseVisible = True
83.8979 	EXP 	window1: mouseVisible = True
83.8979 	EXP 	window1: mouseVisible = True
83.8979 	EXP 	window1: mouseVisible = True
83.8980 	EXP 	window1: mouseVisible = True
83.8980 	EXP 	window1: mouseVisible = True
83.8980 	EXP 	window1: mouseVisible = True
83.8980 	EXP 	window1: mouseVisible = True
83.8981 	EXP 	window1: mouseVisible = True
83.8981 	EXP 	window1: mouseVisible = True
83.8981 	EXP 	window1: mouseVisible = True
83.8982 	EXP 	window1: mouseVisible = True
83.8982 	EXP 	window1: mouseVisible = True
83.8982 	EXP 	window1: mouseVisible = True
83.8983 	EXP 	window1: mouseVisible = True
83.8983 	EXP 	window1: mouseVisible = True
83.8983 	EXP 	window1: mouseVisible = True
83.8983 	EXP 	window1: mouseVisible = True
83.8984 	EXP 	window1: mouseVisible = True
83.8984 	EXP 	window1: mouseVisible = True
83.8984 	EXP 	window1: mouseVisible = True
83.8985 	EXP 	window1: mouseVisible = True
83.8985 	EXP 	window1: mouseVisible = True
83.8985 	EXP 	window1: mouseVisible = True
83.8986 	EXP 	window1: mouseVisible = True
83.8986 	EXP 	window1: mouseVisible = True
83.8986 	EXP 	window1: mouseVisible = True
83.8987 	EXP 	window1: mouseVisible = True
83.8987 	EXP 	window1: mouseVisible = True
83.8987 	EXP 	window1: mouseVisible = True
83.8987 	EXP 	window1: mouseVisible = True
83.8988 	EXP 	window1: mouseVisible = True
83.8988 	EXP 	window1: mouseVisible = True
83.8988 	EXP 	window1: mouseVisible = True
83.8989 	EXP 	window1: mouseVisible = True
83.8989 	EXP 	window1: mouseVisible = True
83.8989 	EXP 	window1: mouseVisible = True
83.8990 	EXP 	window1: mouseVisible = True
83.8990 	EXP 	window1: mouseVisible = True
83.8990 	EXP 	window1: mouseVisible = True
83.8990 	EXP 	window1: mouseVisible = True
83.8991 	EXP 	window1: mouseVisible = True
83.8991 	EXP 	window1: mouseVisible = True
83.8991 	EXP 	window1: mouseVisible = True
83.8992 	EXP 	window1: mouseVisible = True
83.8992 	EXP 	window1: mouseVisible = True
83.8992 	EXP 	window1: mouseVisible = True
83.8993 	EXP 	window1: mouseVisible = True
83.8993 	EXP 	window1: mouseVisible = True
83.8993 	EXP 	window1: mouseVisible = True
83.8994 	EXP 	window1: mouseVisible = True
83.8994 	EXP 	window1: mouseVisible = True
83.8994 	EXP 	window1: mouseVisible = True
83.8994 	EXP 	window1: mouseVisible = True
83.8995 	EXP 	window1: mouseVisible = True
83.8995 	EXP 	window1: mouseVisible = True
83.8995 	EXP 	window1: mouseVisible = True
83.8996 	EXP 	window1: mouseVisible = True
83.8996 	EXP 	window1: mouseVisible = True
83.8996 	EXP 	window1: mouseVisible = True
83.8997 	EXP 	window1: mouseVisible = True
83.8997 	EXP 	window1: mouseVisible = True
83.8997 	EXP 	window1: mouseVisible = True
83.8997 	EXP 	window1: mouseVisible = True
83.8998 	EXP 	window1: mouseVisible = True
83.8998 	EXP 	window1: mouseVisible = True
83.8998 	EXP 	window1: mouseVisible = True
83.8999 	EXP 	window1: mouseVisible = True
83.8999 	EXP 	window1: mouseVisible = True
83.8999 	EXP 	window1: mouseVisible = True
83.9000 	EXP 	window1: mouseVisible = True
83.9000 	EXP 	window1: mouseVisible = True
83.9000 	EXP 	window1: mouseVisible = True
83.9001 	EXP 	window1: mouseVisible = True
83.9001 	EXP 	window1: mouseVisible = True
83.9001 	EXP 	window1: mouseVisible = True
83.9001 	EXP 	window1: mouseVisible = True
83.9002 	EXP 	window1: mouseVisible = True
83.9002 	EXP 	window1: mouseVisible = True
83.9002 	EXP 	window1: mouseVisible = True
83.9003 	EXP 	window1: mouseVisible = True
83.9003 	EXP 	window1: mouseVisible = True
83.9003 	EXP 	window1: mouseVisible = True
83.9004 	EXP 	window1: mouseVisible = True
83.9004 	EXP 	window1: mouseVisible = True
83.9004 	EXP 	window1: mouseVisible = True
83.9005 	EXP 	window1: mouseVisible = True
83.9005 	EXP 	window1: mouseVisible = True
83.9005 	EXP 	window1: mouseVisible = True
83.9006 	EXP 	window1: mouseVisible = True
83.9006 	EXP 	window1: mouseVisible = True
83.9006 	EXP 	window1: mouseVisible = True
83.9006 	EXP 	window1: mouseVisible = True
83.9007 	EXP 	window1: mouseVisible = True
83.9007 	EXP 	window1: mouseVisible = True
83.9007 	EXP 	window1: mouseVisible = True
83.9008 	EXP 	window1: mouseVisible = True
83.9008 	EXP 	window1: mouseVisible = True
83.9008 	EXP 	window1: mouseVisible = True
83.9009 	EXP 	window1: mouseVisible = True
83.9009 	EXP 	window1: mouseVisible = True
83.9009 	EXP 	window1: mouseVisible = True
83.9010 	EXP 	window1: mouseVisible = True
83.9010 	EXP 	window1: mouseVisible = True
83.9010 	EXP 	window1: mouseVisible = True
83.9010 	EXP 	window1: mouseVisible = True
83.9011 	EXP 	window1: mouseVisible = True
83.9011 	EXP 	window1: mouseVisible = True
83.9012 	EXP 	window1: mouseVisible = True
83.9012 	EXP 	window1: mouseVisible = True
83.9012 	EXP 	window1: mouseVisible = True
83.9013 	EXP 	window1: mouseVisible = True
83.9013 	EXP 	window1: mouseVisible = True
83.9013 	EXP 	window1: mouseVisible = True
83.9013 	EXP 	window1: mouseVisible = True
83.9014 	EXP 	window1: mouseVisible = True
83.9014 	EXP 	window1: mouseVisible = True
83.9014 	EXP 	window1: mouseVisible = True
83.9015 	EXP 	window1: mouseVisible = True
83.9015 	EXP 	window1: mouseVisible = True
83.9015 	EXP 	window1: mouseVisible = True
83.9016 	EXP 	window1: mouseVisible = True
83.9016 	EXP 	window1: mouseVisible = True
83.9016 	EXP 	window1: mouseVisible = True
83.9017 	EXP 	window1: mouseVisible = True
83.9017 	EXP 	window1: mouseVisible = True
83.9017 	EXP 	window1: mouseVisible = True
83.9018 	EXP 	window1: mouseVisible = True
83.9018 	EXP 	window1: mouseVisible = True
83.9019 	EXP 	window1: mouseVisible = True
83.9019 	EXP 	window1: mouseVisible = True
83.9019 	EXP 	window1: mouseVisible = True
83.9020 	EXP 	window1: mouseVisible = True
83.9020 	EXP 	window1: mouseVisible = True
83.9020 	EXP 	window1: mouseVisible = True
83.9021 	EXP 	window1: mouseVisible = True
83.9021 	EXP 	window1: mouseVisible = True
83.9021 	EXP 	window1: mouseVisible = True
83.9021 	EXP 	window1: mouseVisible = True
83.9022 	EXP 	window1: mouseVisible = True
83.9022 	EXP 	window1: mouseVisible = True
83.9022 	EXP 	window1: mouseVisible = True
83.9023 	EXP 	window1: mouseVisible = True
83.9023 	EXP 	window1: mouseVisible = True
83.9023 	EXP 	window1: mouseVisible = True
83.9024 	EXP 	window1: mouseVisible = True
83.9024 	EXP 	window1: mouseVisible = True
83.9024 	EXP 	window1: mouseVisible = True
83.9025 	EXP 	window1: mouseVisible = True
83.9025 	EXP 	window1: mouseVisible = True
83.9025 	EXP 	window1: mouseVisible = True
83.9026 	EXP 	window1: mouseVisible = True
83.9026 	EXP 	window1: mouseVisible = True
83.9026 	EXP 	window1: mouseVisible = True
83.9026 	EXP 	window1: mouseVisible = True
83.9027 	EXP 	window1: mouseVisible = True
83.9027 	EXP 	window1: mouseVisible = True
