18.9359 	WARNING 	Monitor specification not found. Creating a temporary one...
18.9649 	WARNING 	User requested fullscreen with size [800 600], but screen is actually [1280, 1024]. Using actual size
20.3271 	EXP 	Created window1 = Window(allowGUI=True, allowStencil=False, autoLog=True, backendConf=UNKNOWN, bitsMode=UNKNOWN, blendMode='avg', bpc=(8, 8, 8), color=array([0, 0, 0]), colorSpace='rgb', depthBits=8, fullscr=<method-wrapper '__getattribute__' of attributeSetter object at 0x000001B548817D90>, gamma=None, gammaErrorPolicy='raise', lms=UNKNOWN, monitor=<psychopy.monitors.calibTools.Monitor object at 0x000001B548DAC520>, multiSample=False, name='window1', numSamples=2, pos=(0, 0), screen=0, size=array([1280, 1024]), stencilBits=0, stereo=False, units='pix', useFBO=False, useRetina=False, viewOri=0.0, viewPos=None, viewScale=None, waitBlanking=True, winType='pyglet')
20.3271 	EXP 	window1: mouseVisible = True
20.3275 	EXP 	window1: mouseVisible = False
23.1118 	DATA 	Keypress: space
23.6975 	DATA 	Keypress: space
25.4255 	DATA 	Keypress: space
26.6889 	DATA 	Keypress: o
26.6893 	EXP 	window1: units = 'pix'
26.7335 	WARNING 	User requested fullscreen with size [1280  720], but screen is actually [1280, 1024]. Using actual size
27.1434 	EXP 	Created window1 = Window(allowGUI=False, allowStencil=False, autoLog=True, backendConf=UNKNOWN, bitsMode=UNKNOWN, blendMode='avg', bpc=(8, 8, 8), color=array([0, 0, 0]), colorSpace='rgb', depthBits=8, fullscr=<method-wrapper '__getattribute__' of attributeSetter object at 0x000001B548817D90>, gamma=None, gammaErrorPolicy='raise', lms=UNKNOWN, monitor=<psychopy.monitors.calibTools.Monitor object at 0x000001B54FAE50D0>, multiSample=False, name='window1', numSamples=2, pos=(0, 0), screen=0, size=array([1280, 1024]), stencilBits=0, stereo=False, units='height', useFBO=True, useRetina=False, viewOri=0.0, viewPos=None, viewScale=None, waitBlanking=True, winType='pyglet')
27.1437 	EXP 	window1: mouseVisible = True
27.1437 	EXP 	window1: Attempting to measure frame rate of screen (0) ...
27.1437 	EXP 	window1: recordFrameIntervals = False
27.3096 	EXP 	window1: recordFrameIntervals = True
27.4932 	EXP 	Screen (0) actual frame rate measured at 60.00Hz
27.4932 	EXP 	window1: recordFrameIntervals = False
28.1847 	EXP 	Created Instructions = TextStim(__class__=<class 'psychopy.visual.text.TextStim'>, alignHoriz=method-wrapper(...), alignText='center', alignVert=method-wrapper(...), anchorHoriz='center', anchorVert='center', antialias=True, autoDraw=False, autoLog=True, bold=False, color=array([1, 1, 1]), colorSpace='rgb', contrast=1.0, depth=0.0, flipHoriz=False, flipVert=False, font='Arial', fontFiles=[], height=0.03, italic=False, languageStyle='LTR', name='Instructions', opacity=1.0, ori=0, pos=array([0., 0.]), rgb=UNKNOWN, text=str(...), units='height', win=Window(...), wrapWidth=1)
28.1939 	EXP 	Created Triplet1 = ImageStim(__class__=<class 'psychopy.visual.image.ImageStim'>, anchor=('center', 'center'), autoLog=True, color=array([1, 1, 1]), colorSpace='rgb', contrast=1.0, depth=-1.0, flipHoriz=False, flipVert=False, image='sin', interpolate=True, mask=None, maskParams=None, name='Triplet1', opacity=1.0, ori=0.0, pos=array([0., 0.]), size=array([0.25, 0.25]), texRes=128, units='height', win=Window(...))
28.1984 	EXP 	Created Triplet2 = ImageStim(__class__=<class 'psychopy.visual.image.ImageStim'>, anchor=('center', 'center'), autoLog=True, color=array([1, 1, 1]), colorSpace='rgb', contrast=1.0, depth=-2.0, flipHoriz=False, flipVert=False, image='sin', interpolate=True, mask=None, maskParams=None, name='Triplet2', opacity=1.0, ori=0.0, pos=array([0., 0.]), size=array([0.25, 0.25]), texRes=128, units='height', win=Window(...))
28.2041 	EXP 	Created Triplet3 = ImageStim(__class__=<class 'psychopy.visual.image.ImageStim'>, anchor=('center', 'center'), autoLog=True, color=array([1, 1, 1]), colorSpace='rgb', contrast=1.0, depth=-3.0, flipHoriz=False, flipVert=False, image='sin', interpolate=True, mask=None, maskParams=None, name='Triplet3', opacity=1.0, ori=0.0, pos=array([0., 0.]), size=array([0.25, 0.25]), texRes=128, units='height', win=Window(...))
28.2131 	EXP 	Sound sound_pop set volume 1.000
28.2220 	EXP 	Sound sound_pop2 set volume 1.000
28.2309 	EXP 	Sound sound_pop3 set volume 1.000
28.2635 	EXP 	Created fix = ImageStim(__class__=<class 'psychopy.visual.image.ImageStim'>, anchor=('center', 'center'), autoLog=True, color=array([1, 1, 1]), colorSpace='rgb', contrast=1.0, depth=0.0, flipHoriz=False, flipVert=False, image='images/fixation.png', interpolate=True, mask=None, maskParams=None, name='fix', opacity=1.0, ori=0.0, pos=array([0., 0.]), size=array([0.1 , 0.05]), texRes=128, units='height', win=Window(...))
28.3537 	EXP 	Created Mask = ImageStim(__class__=<class 'psychopy.visual.image.ImageStim'>, anchor=('center', 'center'), autoLog=True, color=array([1, 1, 1]), colorSpace='rgb', contrast=1.0, depth=0.0, flipHoriz=False, flipVert=False, image='images/Mask.png', interpolate=True, mask=None, maskParams=None, name='Mask', opacity=1.0, ori=0.0, pos=array([0., 0.]), size=array([1.5, 0.5]), texRes=128, units='height', win=Window(...))
28.3587 	EXP 	Created img1 = ImageStim(__class__=<class 'psychopy.visual.image.ImageStim'>, anchor=('center', 'center'), autoLog=True, color=array([1, 1, 1]), colorSpace='rgb', contrast=1.0, depth=-1.0, flipHoriz=False, flipVert=False, image='sin', interpolate=True, mask=None, maskParams=None, name='img1', opacity=1.0, ori=0.0, pos=array([0., 0.]), size=array([0.25, 0.25]), texRes=128, units='height', win=Window(...))
28.3629 	EXP 	Created img2 = ImageStim(__class__=<class 'psychopy.visual.image.ImageStim'>, anchor=('center', 'center'), autoLog=True, color=array([1, 1, 1]), colorSpace='rgb', contrast=1.0, depth=-2.0, flipHoriz=False, flipVert=False, image='sin', interpolate=True, mask=None, maskParams=None, name='img2', opacity=1.0, ori=0.0, pos=array([0., 0.]), size=array([0.25, 0.25]), texRes=128, units='height', win=Window(...))
28.3674 	EXP 	Created img3 = ImageStim(__class__=<class 'psychopy.visual.image.ImageStim'>, anchor=('center', 'center'), autoLog=True, color=array([1, 1, 1]), colorSpace='rgb', contrast=1.0, depth=-3.0, flipHoriz=False, flipVert=False, image='sin', interpolate=True, mask=None, maskParams=None, name='img3', opacity=1.0, ori=0.0, pos=array([0., 0.]), size=array([0.25, 0.25]), texRes=128, units='height', win=Window(...))
28.3763 	EXP 	Sound sound_pop4 set volume 1.000
28.3852 	EXP 	Sound sound_pop5 set volume 1.000
28.3941 	EXP 	Sound sound_pop6 set volume 1.000
28.4003 	EXP 	Created text_2 = TextStim(__class__=<class 'psychopy.visual.text.TextStim'>, alignHoriz=method-wrapper(...), alignText='center', alignVert=method-wrapper(...), anchorHoriz='center', anchorVert='center', antialias=True, autoDraw=False, autoLog=True, bold=False, color=array([1, 1, 1]), colorSpace='rgb', contrast=1.0, depth=0.0, flipHoriz=False, flipVert=False, font='Arial', fontFiles=[], height=0.03, italic=False, languageStyle='LTR', name='text_2', opacity=1.0, ori=0, pos=array([0., 0.]), rgb=UNKNOWN, text=str(...), units='height', win=Window(...), wrapWidth=1)
28.4030 	EXP 	Created text = TextStim(__class__=<class 'psychopy.visual.text.TextStim'>, alignHoriz=method-wrapper(...), alignText='center', alignVert=method-wrapper(...), anchorHoriz='center', anchorVert='center', antialias=True, autoDraw=False, autoLog=True, bold=False, color=array([1, 1, 1]), colorSpace='rgb', contrast=1.0, depth=-1.0, flipHoriz=False, flipVert=False, font='Arial', fontFiles=[], height=0.03, italic=False, languageStyle='LTR', name='text', opacity=1.0, ori=0, pos=array([0., 0.]), rgb=UNKNOWN, text=str(...), units='height', win=Window(...), wrapWidth=1)
28.4035 	EXP 	Created sameText = TextStim(__class__=<class 'psychopy.visual.text.TextStim'>, alignHoriz=method-wrapper(...), alignText='center', alignVert=method-wrapper(...), anchorHoriz='center', anchorVert='center', antialias=True, autoDraw=False, autoLog=True, bold=False, color=array([1, 1, 1]), colorSpace='rgb', contrast=1.0, depth=-2.0, flipHoriz=False, flipVert=False, font='Arial', fontFiles=[], height=0.03, italic=False, languageStyle='LTR', name='sameText', opacity=1.0, ori=0, pos=array([-0.2, -0.3]), rgb=UNKNOWN, text='', units='height', win=Window(...), wrapWidth=1)
28.4040 	EXP 	Created diffText = TextStim(__class__=<class 'psychopy.visual.text.TextStim'>, alignHoriz=method-wrapper(...), alignText='center', alignVert=method-wrapper(...), anchorHoriz='center', anchorVert='center', antialias=True, autoDraw=False, autoLog=True, bold=False, color=array([1, 1, 1]), colorSpace='rgb', contrast=1.0, depth=-3.0, flipHoriz=False, flipVert=False, font='Arial', fontFiles=[], height=0.03, italic=False, languageStyle='LTR', name='diffText', opacity=1.0, ori=0, pos=array([ 0.2, -0.3]), rgb=UNKNOWN, text='', units='height', win=Window(...), wrapWidth=1)
28.4048 	EXP 	Created leftCL = Rect(__class__=<class 'psychopy.visual.rect.Rect'>, anchor=('center', 'center'), autoDraw=False, autoLog=True, closeShape=True, color=method-wrapper(...), colorSpace='rgb', contrast=None, depth=-4.0, fillColor=array([1., 1., 1.]), fillColorSpace='rgb', fillRGB=array([1., 1., 1.]), interpolate=True, lineColor=array([1, 1, 1]), lineColorSpace='rgb', lineRGB=array([1, 1, 1]), lineWidth=3, name='leftCL', opacity=0.5, ori=0.0, pos=array([-0.2, -0.3]), size=array([-0.2, -0.2]), units='height', vertices=ndarray(...), win=Window(...))
28.4057 	EXP 	Created rightCL = Rect(__class__=<class 'psychopy.visual.rect.Rect'>, anchor=('center', 'center'), autoDraw=False, autoLog=True, closeShape=True, color=method-wrapper(...), colorSpace='rgb', contrast=None, depth=-5.0, fillColor=array([1., 1., 1.]), fillColorSpace='rgb', fillRGB=array([1., 1., 1.]), interpolate=True, lineColor=array([1, 1, 1]), lineColorSpace='rgb', lineRGB=array([1, 1, 1]), lineWidth=3, name='rightCL', opacity=0.5, ori=0.0, pos=array([ 0.2, -0.3]), size=array([0.2, 0.2]), units='height', vertices=ndarray(...), win=Window(...))
28.4057 	EXP 	window1: mouseVisible = True
28.4062 	EXP 	Sound clickedSound set volume 1.000
28.4097 	EXP 	Created retIMG = ImageStim(__class__=<class 'psychopy.visual.image.ImageStim'>, anchor=('center', 'center'), autoLog=True, color=array([1, 1, 1]), colorSpace='rgb', contrast=1.0, depth=-1.0, flipHoriz=False, flipVert=False, image='sin', interpolate=True, mask=None, maskParams=None, name='retIMG', opacity=1.0, ori=0.0, pos=array([0., 0.]), size=array([0.25, 0.25]), texRes=128, units='height', win=Window(...))
28.4186 	EXP 	Sound sound_pop7 set volume 1.000
28.4210 	EXP 	Created question_text = TextStim(__class__=<class 'psychopy.visual.text.TextStim'>, alignHoriz=method-wrapper(...), alignText='center', alignVert=method-wrapper(...), anchorHoriz='center', anchorVert='center', antialias=True, autoDraw=False, autoLog=True, bold=False, color=array([1, 1, 1]), colorSpace='rgb', contrast=1.0, depth=0.0, flipHoriz=False, flipVert=False, font='Arial', fontFiles=[], height=0.03, italic=False, languageStyle='LTR', name='question_text', opacity=1.0, ori=0, pos=array([0. , 0.3]), rgb=UNKNOWN, text='When did you see this object?', units='height', win=Window(...), wrapWidth=1)
28.4233 	EXP 	Created decisionQ_2 = TextStim(__class__=<class 'psychopy.visual.text.TextStim'>, alignHoriz=method-wrapper(...), alignText='center', alignVert=method-wrapper(...), anchorHoriz='center', anchorVert='center', antialias=True, autoDraw=False, autoLog=True, bold=False, color=array([1, 1, 1]), colorSpace='rgb', contrast=1.0, depth=-1.0, flipHoriz=False, flipVert=False, font='Arial', fontFiles=[], height=0.03, italic=False, languageStyle='LTR', name='decisionQ_2', opacity=1.0, ori=0, pos=array([0. , 0.3]), rgb=UNKNOWN, text='When did you see this object?', units='height', win=Window(...), wrapWidth=1)
28.4240 	EXP 	Created first_left = Rect(__class__=<class 'psychopy.visual.rect.Rect'>, anchor=('center', 'center'), autoDraw=False, autoLog=True, closeShape=True, color=method-wrapper(...), colorSpace='rgb', contrast=None, depth=-2.0, fillColor=array([1, 1, 1]), fillColorSpace='rgb', fillRGB=array([1, 1, 1]), interpolate=True, lineColor=array([1, 1, 1]), lineColorSpace='rgb', lineRGB=array([1, 1, 1]), lineWidth=3, name='first_left', opacity=0.5, ori=0.0, pos=array([0. , 0.1]), size=array([0.15, 0.15]), units='height', vertices=ndarray(...), win=Window(...))
28.4247 	EXP 	Created second_middle = Rect(__class__=<class 'psychopy.visual.rect.Rect'>, anchor=('center', 'center'), autoDraw=False, autoLog=True, closeShape=True, color=method-wrapper(...), colorSpace='rgb', contrast=None, depth=-3.0, fillColor=array([1, 1, 1]), fillColorSpace='rgb', fillRGB=array([1, 1, 1]), interpolate=True, lineColor=array([1, 1, 1]), lineColorSpace='rgb', lineRGB=array([1, 1, 1]), lineWidth=3, name='second_middle', opacity=0.5, ori=0.0, pos=array([ 0. , -0.1]), size=array([0.15, 0.15]), units='height', vertices=ndarray(...), win=Window(...))
28.4253 	EXP 	Created third_right = Rect(__class__=<class 'psychopy.visual.rect.Rect'>, anchor=('center', 'center'), autoDraw=False, autoLog=True, closeShape=True, color=method-wrapper(...), colorSpace='rgb', contrast=None, depth=-4.0, fillColor=array([1, 1, 1]), fillColorSpace='rgb', fillRGB=array([1, 1, 1]), interpolate=True, lineColor=array([1, 1, 1]), lineColorSpace='rgb', lineRGB=array([1, 1, 1]), lineWidth=3, name='third_right', opacity=0.5, ori=0.0, pos=array([ 0. , -0.3]), size=array([0.15, 0.15]), units='height', vertices=ndarray(...), win=Window(...))
28.4282 	EXP 	Created First = TextStim(__class__=<class 'psychopy.visual.text.TextStim'>, alignHoriz=method-wrapper(...), alignText='center', alignVert=method-wrapper(...), anchorHoriz='center', anchorVert='center', antialias=True, autoDraw=False, autoLog=True, bold=False, color=array([1, 1, 1]), colorSpace='rgb', contrast=1.0, depth=-5.0, flipHoriz=False, flipVert=False, font='Arial', fontFiles=[], height=0.03, italic=False, languageStyle='LTR', name='First', opacity=1.0, ori=0, pos=array([0. , 0.1]), rgb=UNKNOWN, text='First', units='height', win=Window(...), wrapWidth=1)
28.4303 	EXP 	Created Second = TextStim(__class__=<class 'psychopy.visual.text.TextStim'>, alignHoriz=method-wrapper(...), alignText='center', alignVert=method-wrapper(...), anchorHoriz='center', anchorVert='center', antialias=True, autoDraw=False, autoLog=True, bold=False, color=array([1, 1, 1]), colorSpace='rgb', contrast=1.0, depth=-6.0, flipHoriz=False, flipVert=False, font='Arial', fontFiles=[], height=0.03, italic=False, languageStyle='LTR', name='Second', opacity=1.0, ori=0, pos=array([ 0. , -0.1]), rgb=UNKNOWN, text='Second', units='height', win=Window(...), wrapWidth=1)
28.4325 	EXP 	Created Third = TextStim(__class__=<class 'psychopy.visual.text.TextStim'>, alignHoriz=method-wrapper(...), alignText='center', alignVert=method-wrapper(...), anchorHoriz='center', anchorVert='center', antialias=True, autoDraw=False, autoLog=True, bold=False, color=array([1, 1, 1]), colorSpace='rgb', contrast=1.0, depth=-7.0, flipHoriz=False, flipVert=False, font='Arial', fontFiles=[], height=0.03, italic=False, languageStyle='LTR', name='Third', opacity=1.0, ori=0, pos=array([ 0. , -0.3]), rgb=UNKNOWN, text='Third', units='height', win=Window(...), wrapWidth=1)
28.4325 	EXP 	window1: mouseVisible = True
28.4330 	EXP 	Sound clickedSound set volume 1.000
28.4420 	EXP 	Created BlockBreak = TextStim(__class__=<class 'psychopy.visual.text.TextStim'>, alignHoriz=method-wrapper(...), alignText='center', alignVert=method-wrapper(...), anchorHoriz='center', anchorVert='center', antialias=True, autoDraw=False, autoLog=True, bold=False, color=array([1, 1, 1]), colorSpace='rgb', contrast=1.0, depth=0.0, flipHoriz=False, flipVert=False, font='Arial', fontFiles=[], height=0.03, italic=False, languageStyle='LTR', name='BlockBreak', opacity=1.0, ori=0, pos=array([0., 0.]), rgb=UNKNOWN, text=str(...), units='height', win=Window(...), wrapWidth=1)
28.4575 	EXP 	Created text_4 = TextStim(__class__=<class 'psychopy.visual.text.TextStim'>, alignHoriz=method-wrapper(...), alignText='center', alignVert=method-wrapper(...), anchorHoriz='center', anchorVert='center', antialias=True, autoDraw=False, autoLog=True, bold=False, color=array([1, 1, 1]), colorSpace='rgb', contrast=1.0, depth=-1.0, flipHoriz=False, flipVert=False, font='Open Sans', fontFiles=[], height=0.03, italic=False, languageStyle='LTR', name='text_4', opacity=1.0, ori=0.0, pos=array([0., 0.]), rgb=UNKNOWN, text=str(...), units='height', win=Window(...), wrapWidth=1)
28.4612 	EXP 	Created Triplet1 = ImageStim(__class__=<class 'psychopy.visual.image.ImageStim'>, anchor=('center', 'center'), autoLog=True, color=array([1, 1, 1]), colorSpace='rgb', contrast=1.0, depth=-1.0, flipHoriz=False, flipVert=False, image='sin', interpolate=True, mask=None, maskParams=None, name='Triplet1', opacity=1.0, ori=0.0, pos=array([0., 0.]), size=array([0.25, 0.25]), texRes=128, units='height', win=Window(...))
28.4656 	EXP 	Created Triplet2 = ImageStim(__class__=<class 'psychopy.visual.image.ImageStim'>, anchor=('center', 'center'), autoLog=True, color=array([1, 1, 1]), colorSpace='rgb', contrast=1.0, depth=-2.0, flipHoriz=False, flipVert=False, image='sin', interpolate=True, mask=None, maskParams=None, name='Triplet2', opacity=1.0, ori=0.0, pos=array([0., 0.]), size=array([0.25, 0.25]), texRes=128, units='height', win=Window(...))
28.4698 	EXP 	Created Triplet3 = ImageStim(__class__=<class 'psychopy.visual.image.ImageStim'>, anchor=('center', 'center'), autoLog=True, color=array([1, 1, 1]), colorSpace='rgb', contrast=1.0, depth=-3.0, flipHoriz=False, flipVert=False, image='sin', interpolate=True, mask=None, maskParams=None, name='Triplet3', opacity=1.0, ori=0.0, pos=array([0., 0.]), size=array([0.25, 0.25]), texRes=128, units='height', win=Window(...))
28.4788 	EXP 	Sound sound_pop set volume 1.000
28.4877 	EXP 	Sound sound_pop2 set volume 1.000
28.4965 	EXP 	Sound sound_pop3 set volume 1.000
28.5187 	EXP 	Created fix = ImageStim(__class__=<class 'psychopy.visual.image.ImageStim'>, anchor=('center', 'center'), autoLog=True, color=array([1, 1, 1]), colorSpace='rgb', contrast=1.0, depth=0.0, flipHoriz=False, flipVert=False, image='images/fixation.png', interpolate=True, mask=None, maskParams=None, name='fix', opacity=1.0, ori=0.0, pos=array([0., 0.]), size=array([0.1 , 0.05]), texRes=128, units='height', win=Window(...))
28.6060 	EXP 	Created Mask = ImageStim(__class__=<class 'psychopy.visual.image.ImageStim'>, anchor=('center', 'center'), autoLog=True, color=array([1, 1, 1]), colorSpace='rgb', contrast=1.0, depth=0.0, flipHoriz=False, flipVert=False, image='images/Mask.png', interpolate=True, mask=None, maskParams=None, name='Mask', opacity=1.0, ori=0.0, pos=array([0., 0.]), size=array([1.5, 0.5]), texRes=128, units='height', win=Window(...))
28.6116 	EXP 	Created img1 = ImageStim(__class__=<class 'psychopy.visual.image.ImageStim'>, anchor=('center', 'center'), autoLog=True, color=array([1, 1, 1]), colorSpace='rgb', contrast=1.0, depth=-1.0, flipHoriz=False, flipVert=False, image='sin', interpolate=True, mask=None, maskParams=None, name='img1', opacity=1.0, ori=0.0, pos=array([0., 0.]), size=array([0.25, 0.25]), texRes=128, units='height', win=Window(...))
28.6160 	EXP 	Created img2 = ImageStim(__class__=<class 'psychopy.visual.image.ImageStim'>, anchor=('center', 'center'), autoLog=True, color=array([1, 1, 1]), colorSpace='rgb', contrast=1.0, depth=-2.0, flipHoriz=False, flipVert=False, image='sin', interpolate=True, mask=None, maskParams=None, name='img2', opacity=1.0, ori=0.0, pos=array([0., 0.]), size=array([0.25, 0.25]), texRes=128, units='height', win=Window(...))
28.6204 	EXP 	Created img3 = ImageStim(__class__=<class 'psychopy.visual.image.ImageStim'>, anchor=('center', 'center'), autoLog=True, color=array([1, 1, 1]), colorSpace='rgb', contrast=1.0, depth=-3.0, flipHoriz=False, flipVert=False, image='sin', interpolate=True, mask=None, maskParams=None, name='img3', opacity=1.0, ori=0.0, pos=array([0., 0.]), size=array([0.25, 0.25]), texRes=128, units='height', win=Window(...))
28.6293 	EXP 	Sound sound_pop4 set volume 1.000
28.6382 	EXP 	Sound sound_pop5 set volume 1.000
28.6471 	EXP 	Sound sound_pop6 set volume 1.000
28.6507 	EXP 	Created text_2 = TextStim(__class__=<class 'psychopy.visual.text.TextStim'>, alignHoriz=method-wrapper(...), alignText='center', alignVert=method-wrapper(...), anchorHoriz='center', anchorVert='center', antialias=True, autoDraw=False, autoLog=True, bold=False, color=array([1, 1, 1]), colorSpace='rgb', contrast=1.0, depth=0.0, flipHoriz=False, flipVert=False, font='Arial', fontFiles=[], height=0.03, italic=False, languageStyle='LTR', name='text_2', opacity=1.0, ori=0, pos=array([0., 0.]), rgb=UNKNOWN, text=str(...), units='height', win=Window(...), wrapWidth=1)
28.6532 	EXP 	Created text = TextStim(__class__=<class 'psychopy.visual.text.TextStim'>, alignHoriz=method-wrapper(...), alignText='center', alignVert=method-wrapper(...), anchorHoriz='center', anchorVert='center', antialias=True, autoDraw=False, autoLog=True, bold=False, color=array([1, 1, 1]), colorSpace='rgb', contrast=1.0, depth=-1.0, flipHoriz=False, flipVert=False, font='Arial', fontFiles=[], height=0.03, italic=False, languageStyle='LTR', name='text', opacity=1.0, ori=0, pos=array([0., 0.]), rgb=UNKNOWN, text=str(...), units='height', win=Window(...), wrapWidth=1)
28.6537 	EXP 	Created sameText = TextStim(__class__=<class 'psychopy.visual.text.TextStim'>, alignHoriz=method-wrapper(...), alignText='center', alignVert=method-wrapper(...), anchorHoriz='center', anchorVert='center', antialias=True, autoDraw=False, autoLog=True, bold=False, color=array([1, 1, 1]), colorSpace='rgb', contrast=1.0, depth=-2.0, flipHoriz=False, flipVert=False, font='Arial', fontFiles=[], height=0.03, italic=False, languageStyle='LTR', name='sameText', opacity=1.0, ori=0, pos=array([-0.2, -0.3]), rgb=UNKNOWN, text='', units='height', win=Window(...), wrapWidth=1)
28.6541 	EXP 	Created diffText = TextStim(__class__=<class 'psychopy.visual.text.TextStim'>, alignHoriz=method-wrapper(...), alignText='center', alignVert=method-wrapper(...), anchorHoriz='center', anchorVert='center', antialias=True, autoDraw=False, autoLog=True, bold=False, color=array([1, 1, 1]), colorSpace='rgb', contrast=1.0, depth=-3.0, flipHoriz=False, flipVert=False, font='Arial', fontFiles=[], height=0.03, italic=False, languageStyle='LTR', name='diffText', opacity=1.0, ori=0, pos=array([ 0.2, -0.3]), rgb=UNKNOWN, text='', units='height', win=Window(...), wrapWidth=1)
28.6550 	EXP 	Created leftCL = Rect(__class__=<class 'psychopy.visual.rect.Rect'>, anchor=('center', 'center'), autoDraw=False, autoLog=True, closeShape=True, color=method-wrapper(...), colorSpace='rgb', contrast=None, depth=-4.0, fillColor=array([1., 1., 1.]), fillColorSpace='rgb', fillRGB=array([1., 1., 1.]), interpolate=True, lineColor=array([1, 1, 1]), lineColorSpace='rgb', lineRGB=array([1, 1, 1]), lineWidth=3, name='leftCL', opacity=0.5, ori=0.0, pos=array([-0.2, -0.3]), size=array([-0.2, -0.2]), units='height', vertices=ndarray(...), win=Window(...))
28.6559 	EXP 	Created rightCL = Rect(__class__=<class 'psychopy.visual.rect.Rect'>, anchor=('center', 'center'), autoDraw=False, autoLog=True, closeShape=True, color=method-wrapper(...), colorSpace='rgb', contrast=None, depth=-5.0, fillColor=array([1., 1., 1.]), fillColorSpace='rgb', fillRGB=array([1., 1., 1.]), interpolate=True, lineColor=array([1, 1, 1]), lineColorSpace='rgb', lineRGB=array([1, 1, 1]), lineWidth=3, name='rightCL', opacity=0.5, ori=0.0, pos=array([ 0.2, -0.3]), size=array([0.2, 0.2]), units='height', vertices=ndarray(...), win=Window(...))
28.6559 	EXP 	window1: mouseVisible = True
28.6564 	EXP 	Sound clickedSound set volume 1.000
28.6600 	EXP 	Created retIMG = ImageStim(__class__=<class 'psychopy.visual.image.ImageStim'>, anchor=('center', 'center'), autoLog=True, color=array([1, 1, 1]), colorSpace='rgb', contrast=1.0, depth=-1.0, flipHoriz=False, flipVert=False, image='sin', interpolate=True, mask=None, maskParams=None, name='retIMG', opacity=1.0, ori=0.0, pos=array([0., 0.]), size=array([0.25, 0.25]), texRes=128, units='height', win=Window(...))
28.6689 	EXP 	Sound sound_pop7 set volume 1.000
28.6713 	EXP 	Created question_text = TextStim(__class__=<class 'psychopy.visual.text.TextStim'>, alignHoriz=method-wrapper(...), alignText='center', alignVert=method-wrapper(...), anchorHoriz='center', anchorVert='center', antialias=True, autoDraw=False, autoLog=True, bold=False, color=array([1, 1, 1]), colorSpace='rgb', contrast=1.0, depth=0.0, flipHoriz=False, flipVert=False, font='Arial', fontFiles=[], height=0.03, italic=False, languageStyle='LTR', name='question_text', opacity=1.0, ori=0, pos=array([0. , 0.3]), rgb=UNKNOWN, text='When did you see this object?', units='height', win=Window(...), wrapWidth=1)
28.6734 	EXP 	Created decisionQ_2 = TextStim(__class__=<class 'psychopy.visual.text.TextStim'>, alignHoriz=method-wrapper(...), alignText='center', alignVert=method-wrapper(...), anchorHoriz='center', anchorVert='center', antialias=True, autoDraw=False, autoLog=True, bold=False, color=array([1, 1, 1]), colorSpace='rgb', contrast=1.0, depth=-1.0, flipHoriz=False, flipVert=False, font='Arial', fontFiles=[], height=0.03, italic=False, languageStyle='LTR', name='decisionQ_2', opacity=1.0, ori=0, pos=array([0. , 0.3]), rgb=UNKNOWN, text='When did you see this object?', units='height', win=Window(...), wrapWidth=1)
28.6742 	EXP 	Created first_left = Rect(__class__=<class 'psychopy.visual.rect.Rect'>, anchor=('center', 'center'), autoDraw=False, autoLog=True, closeShape=True, color=method-wrapper(...), colorSpace='rgb', contrast=None, depth=-2.0, fillColor=array([1, 1, 1]), fillColorSpace='rgb', fillRGB=array([1, 1, 1]), interpolate=True, lineColor=array([1, 1, 1]), lineColorSpace='rgb', lineRGB=array([1, 1, 1]), lineWidth=3, name='first_left', opacity=0.5, ori=0.0, pos=array([0. , 0.1]), size=array([0.15, 0.15]), units='height', vertices=ndarray(...), win=Window(...))
28.6748 	EXP 	Created second_middle = Rect(__class__=<class 'psychopy.visual.rect.Rect'>, anchor=('center', 'center'), autoDraw=False, autoLog=True, closeShape=True, color=method-wrapper(...), colorSpace='rgb', contrast=None, depth=-3.0, fillColor=array([1, 1, 1]), fillColorSpace='rgb', fillRGB=array([1, 1, 1]), interpolate=True, lineColor=array([1, 1, 1]), lineColorSpace='rgb', lineRGB=array([1, 1, 1]), lineWidth=3, name='second_middle', opacity=0.5, ori=0.0, pos=array([ 0. , -0.1]), size=array([0.15, 0.15]), units='height', vertices=ndarray(...), win=Window(...))
28.6755 	EXP 	Created third_right = Rect(__class__=<class 'psychopy.visual.rect.Rect'>, anchor=('center', 'center'), autoDraw=False, autoLog=True, closeShape=True, color=method-wrapper(...), colorSpace='rgb', contrast=None, depth=-4.0, fillColor=array([1, 1, 1]), fillColorSpace='rgb', fillRGB=array([1, 1, 1]), interpolate=True, lineColor=array([1, 1, 1]), lineColorSpace='rgb', lineRGB=array([1, 1, 1]), lineWidth=3, name='third_right', opacity=0.5, ori=0.0, pos=array([ 0. , -0.3]), size=array([0.15, 0.15]), units='height', vertices=ndarray(...), win=Window(...))
28.6776 	EXP 	Created First = TextStim(__class__=<class 'psychopy.visual.text.TextStim'>, alignHoriz=method-wrapper(...), alignText='center', alignVert=method-wrapper(...), anchorHoriz='center', anchorVert='center', antialias=True, autoDraw=False, autoLog=True, bold=False, color=array([1, 1, 1]), colorSpace='rgb', contrast=1.0, depth=-5.0, flipHoriz=False, flipVert=False, font='Arial', fontFiles=[], height=0.03, italic=False, languageStyle='LTR', name='First', opacity=1.0, ori=0, pos=array([0. , 0.1]), rgb=UNKNOWN, text='First', units='height', win=Window(...), wrapWidth=1)
28.6801 	EXP 	Created Second = TextStim(__class__=<class 'psychopy.visual.text.TextStim'>, alignHoriz=method-wrapper(...), alignText='center', alignVert=method-wrapper(...), anchorHoriz='center', anchorVert='center', antialias=True, autoDraw=False, autoLog=True, bold=False, color=array([1, 1, 1]), colorSpace='rgb', contrast=1.0, depth=-6.0, flipHoriz=False, flipVert=False, font='Arial', fontFiles=[], height=0.03, italic=False, languageStyle='LTR', name='Second', opacity=1.0, ori=0, pos=array([ 0. , -0.1]), rgb=UNKNOWN, text='Second', units='height', win=Window(...), wrapWidth=1)
28.6821 	EXP 	Created Third = TextStim(__class__=<class 'psychopy.visual.text.TextStim'>, alignHoriz=method-wrapper(...), alignText='center', alignVert=method-wrapper(...), anchorHoriz='center', anchorVert='center', antialias=True, autoDraw=False, autoLog=True, bold=False, color=array([1, 1, 1]), colorSpace='rgb', contrast=1.0, depth=-7.0, flipHoriz=False, flipVert=False, font='Arial', fontFiles=[], height=0.03, italic=False, languageStyle='LTR', name='Third', opacity=1.0, ori=0, pos=array([ 0. , -0.3]), rgb=UNKNOWN, text='Third', units='height', win=Window(...), wrapWidth=1)
28.6821 	EXP 	window1: mouseVisible = True
28.6826 	EXP 	Sound clickedSound set volume 1.000
28.6854 	EXP 	Created end = TextStim(__class__=<class 'psychopy.visual.text.TextStim'>, alignHoriz=method-wrapper(...), alignText='center', alignVert=method-wrapper(...), anchorHoriz='center', anchorVert='center', antialias=True, autoDraw=False, autoLog=True, bold=False, color=array([1, 1, 1]), colorSpace='rgb', contrast=1.0, depth=0.0, flipHoriz=False, flipVert=False, font='Arial', fontFiles=[], height=0.03, italic=False, languageStyle='LTR', name='end', opacity=1.0, ori=0, pos=array([0., 0.]), rgb=UNKNOWN, text=str(...), units='height', win=Window(...), wrapWidth=1)
28.6891 	EXP 	Instructions: autoDraw = True
29.7270 	EXP 	Created sequence: random, trialTypes=1, nReps=25, seed=None
29.7272 	EXP 	New trial (rep=0, index=0): None
29.8478 	DATA 	Keypress: space
29.9577 	EXP 	Instructions: autoDraw = False
29.9577 	EXP 	fix: autoDraw = True
31.8243 	EXP 	Sound sound_pop started
31.8126 	EXP 	fix: autoDraw = False
31.8126 	EXP 	fix: autoDraw = False
31.8126 	EXP 	Triplet1: image = 'images/OBJ_80.png'
31.8126 	EXP 	Triplet2: image = 'images/OBJ_51.png'
31.8126 	EXP 	Triplet3: image = 'images/OBJ_7.png'
31.8126 	EXP 	Triplet1: autoDraw = True
32.1847 	EXP 	Sound sound_pop reached end of file
33.3250 	EXP 	Triplet1: autoDraw = False
33.8076 	EXP 	Sound sound_pop2 started
33.8077 	EXP 	Triplet2: autoDraw = True
34.1682 	EXP 	Sound sound_pop2 reached end of file
35.3076 	EXP 	Triplet2: autoDraw = False
35.8071 	EXP 	Sound sound_pop3 started
35.8071 	EXP 	Triplet3: autoDraw = True
36.1657 	EXP 	Sound sound_pop3 reached end of file
37.3066 	EXP 	Triplet3: autoDraw = False
37.3066 	EXP 	Triplet1: autoDraw = False
37.3066 	EXP 	Triplet2: autoDraw = False
37.3066 	EXP 	Triplet3: autoDraw = False
37.3066 	EXP 	Mask: autoDraw = True
38.9392 	EXP 	Sound sound_pop4 started
38.9303 	EXP 	Mask: autoDraw = False
38.9303 	EXP 	Mask: autoDraw = False
38.9303 	EXP 	img1: image = 'images/OBJ_80.png'
38.9303 	EXP 	img2: image = 'images/OBJ_51.png'
38.9303 	EXP 	img3: image = 'images/OBJ_7.png'
38.9303 	EXP 	img1: autoDraw = True
39.3051 	EXP 	Sound sound_pop4 reached end of file
39.9396 	DATA 	Keypress: escape
41.9213 	EXP 	window1: mouseVisible = True
41.9214 	EXP 	window1: mouseVisible = True
41.9214 	EXP 	window1: mouseVisible = True
41.9215 	EXP 	window1: mouseVisible = True
41.9215 	EXP 	window1: mouseVisible = True
41.9215 	EXP 	window1: mouseVisible = True
41.9216 	EXP 	window1: mouseVisible = True
41.9216 	EXP 	window1: mouseVisible = True
41.9216 	EXP 	window1: mouseVisible = True
41.9216 	EXP 	window1: mouseVisible = True
41.9217 	EXP 	window1: mouseVisible = True
41.9217 	EXP 	window1: mouseVisible = True
41.9217 	EXP 	window1: mouseVisible = True
41.9218 	EXP 	window1: mouseVisible = True
41.9218 	EXP 	window1: mouseVisible = True
41.9218 	EXP 	window1: mouseVisible = True
41.9219 	EXP 	window1: mouseVisible = True
41.9219 	EXP 	window1: mouseVisible = True
41.9219 	EXP 	window1: mouseVisible = True
41.9220 	EXP 	window1: mouseVisible = True
41.9220 	EXP 	window1: mouseVisible = True
41.9220 	EXP 	window1: mouseVisible = True
41.9221 	EXP 	window1: mouseVisible = True
41.9221 	EXP 	window1: mouseVisible = True
41.9221 	EXP 	window1: mouseVisible = True
41.9221 	EXP 	window1: mouseVisible = True
41.9222 	EXP 	window1: mouseVisible = True
41.9222 	EXP 	window1: mouseVisible = True
41.9222 	EXP 	window1: mouseVisible = True
41.9223 	EXP 	window1: mouseVisible = True
41.9223 	EXP 	window1: mouseVisible = True
41.9223 	EXP 	window1: mouseVisible = True
41.9224 	EXP 	window1: mouseVisible = True
41.9224 	EXP 	window1: mouseVisible = True
41.9224 	EXP 	window1: mouseVisible = True
41.9224 	EXP 	window1: mouseVisible = True
41.9225 	EXP 	window1: mouseVisible = True
41.9225 	EXP 	window1: mouseVisible = True
41.9225 	EXP 	window1: mouseVisible = True
41.9226 	EXP 	window1: mouseVisible = True
41.9226 	EXP 	window1: mouseVisible = True
41.9226 	EXP 	window1: mouseVisible = True
41.9227 	EXP 	window1: mouseVisible = True
41.9227 	EXP 	window1: mouseVisible = True
41.9227 	EXP 	window1: mouseVisible = True
41.9228 	EXP 	window1: mouseVisible = True
41.9228 	EXP 	window1: mouseVisible = True
41.9228 	EXP 	window1: mouseVisible = True
41.9228 	EXP 	window1: mouseVisible = True
41.9229 	EXP 	window1: mouseVisible = True
41.9229 	EXP 	window1: mouseVisible = True
41.9229 	EXP 	window1: mouseVisible = True
41.9230 	EXP 	window1: mouseVisible = True
41.9230 	EXP 	window1: mouseVisible = True
41.9230 	EXP 	window1: mouseVisible = True
41.9230 	EXP 	window1: mouseVisible = True
41.9231 	EXP 	window1: mouseVisible = True
41.9231 	EXP 	window1: mouseVisible = True
41.9231 	EXP 	window1: mouseVisible = True
41.9232 	EXP 	window1: mouseVisible = True
41.9232 	EXP 	window1: mouseVisible = True
41.9232 	EXP 	window1: mouseVisible = True
41.9233 	EXP 	window1: mouseVisible = True
41.9233 	EXP 	window1: mouseVisible = True
41.9233 	EXP 	window1: mouseVisible = True
41.9233 	EXP 	window1: mouseVisible = True
41.9234 	EXP 	window1: mouseVisible = True
41.9234 	EXP 	window1: mouseVisible = True
41.9234 	EXP 	window1: mouseVisible = True
41.9235 	EXP 	window1: mouseVisible = True
41.9235 	EXP 	window1: mouseVisible = True
41.9235 	EXP 	window1: mouseVisible = True
41.9236 	EXP 	window1: mouseVisible = True
41.9236 	EXP 	window1: mouseVisible = True
41.9236 	EXP 	window1: mouseVisible = True
41.9236 	EXP 	window1: mouseVisible = True
41.9237 	EXP 	window1: mouseVisible = True
41.9237 	EXP 	window1: mouseVisible = True
41.9237 	EXP 	window1: mouseVisible = True
41.9238 	EXP 	window1: mouseVisible = True
41.9238 	EXP 	window1: mouseVisible = True
41.9238 	EXP 	window1: mouseVisible = True
41.9238 	EXP 	window1: mouseVisible = True
41.9239 	EXP 	window1: mouseVisible = True
41.9239 	EXP 	window1: mouseVisible = True
41.9239 	EXP 	window1: mouseVisible = True
41.9240 	EXP 	window1: mouseVisible = True
41.9240 	EXP 	window1: mouseVisible = True
41.9240 	EXP 	window1: mouseVisible = True
41.9241 	EXP 	window1: mouseVisible = True
41.9241 	EXP 	window1: mouseVisible = True
41.9241 	EXP 	window1: mouseVisible = True
41.9241 	EXP 	window1: mouseVisible = True
41.9242 	EXP 	window1: mouseVisible = True
41.9242 	EXP 	window1: mouseVisible = True
41.9242 	EXP 	window1: mouseVisible = True
41.9243 	EXP 	window1: mouseVisible = True
41.9243 	EXP 	window1: mouseVisible = True
41.9243 	EXP 	window1: mouseVisible = True
41.9243 	EXP 	window1: mouseVisible = True
41.9244 	EXP 	window1: mouseVisible = True
41.9244 	EXP 	window1: mouseVisible = True
41.9244 	EXP 	window1: mouseVisible = True
41.9245 	EXP 	window1: mouseVisible = True
41.9245 	EXP 	window1: mouseVisible = True
41.9245 	EXP 	window1: mouseVisible = True
41.9246 	EXP 	window1: mouseVisible = True
41.9246 	EXP 	window1: mouseVisible = True
41.9246 	EXP 	window1: mouseVisible = True
41.9246 	EXP 	window1: mouseVisible = True
41.9247 	EXP 	window1: mouseVisible = True
41.9247 	EXP 	window1: mouseVisible = True
41.9247 	EXP 	window1: mouseVisible = True
41.9248 	EXP 	window1: mouseVisible = True
41.9248 	EXP 	window1: mouseVisible = True
41.9248 	EXP 	window1: mouseVisible = True
41.9249 	EXP 	window1: mouseVisible = True
41.9249 	EXP 	window1: mouseVisible = True
41.9249 	EXP 	window1: mouseVisible = True
41.9249 	EXP 	window1: mouseVisible = True
41.9250 	EXP 	window1: mouseVisible = True
41.9250 	EXP 	window1: mouseVisible = True
41.9250 	EXP 	window1: mouseVisible = True
41.9251 	EXP 	window1: mouseVisible = True
41.9251 	EXP 	window1: mouseVisible = True
41.9251 	EXP 	window1: mouseVisible = True
41.9251 	EXP 	window1: mouseVisible = True
41.9252 	EXP 	window1: mouseVisible = True
41.9252 	EXP 	window1: mouseVisible = True
41.9252 	EXP 	window1: mouseVisible = True
41.9253 	EXP 	window1: mouseVisible = True
41.9253 	EXP 	window1: mouseVisible = True
41.9253 	EXP 	window1: mouseVisible = True
41.9254 	EXP 	window1: mouseVisible = True
41.9254 	EXP 	window1: mouseVisible = True
41.9254 	EXP 	window1: mouseVisible = True
41.9255 	EXP 	window1: mouseVisible = True
41.9255 	EXP 	window1: mouseVisible = True
41.9255 	EXP 	window1: mouseVisible = True
41.9256 	EXP 	window1: mouseVisible = True
41.9256 	EXP 	window1: mouseVisible = True
41.9256 	EXP 	window1: mouseVisible = True
41.9257 	EXP 	window1: mouseVisible = True
41.9257 	EXP 	window1: mouseVisible = True
41.9257 	EXP 	window1: mouseVisible = True
41.9258 	EXP 	window1: mouseVisible = True
41.9258 	EXP 	window1: mouseVisible = True
41.9258 	EXP 	window1: mouseVisible = True
41.9258 	EXP 	window1: mouseVisible = True
41.9259 	EXP 	window1: mouseVisible = True
41.9259 	EXP 	window1: mouseVisible = True
41.9259 	EXP 	window1: mouseVisible = True
41.9260 	EXP 	window1: mouseVisible = True
41.9260 	EXP 	window1: mouseVisible = True
41.9260 	EXP 	window1: mouseVisible = True
41.9261 	EXP 	window1: mouseVisible = True
41.9261 	EXP 	window1: mouseVisible = True
41.9261 	EXP 	window1: mouseVisible = True
41.9261 	EXP 	window1: mouseVisible = True
41.9262 	EXP 	window1: mouseVisible = True
41.9262 	EXP 	window1: mouseVisible = True
41.9262 	EXP 	window1: mouseVisible = True
41.9263 	EXP 	window1: mouseVisible = True
41.9263 	EXP 	window1: mouseVisible = True
41.9263 	EXP 	window1: mouseVisible = True
41.9263 	EXP 	window1: mouseVisible = True
41.9264 	EXP 	window1: mouseVisible = True
41.9264 	EXP 	window1: mouseVisible = True
41.9264 	EXP 	window1: mouseVisible = True
41.9265 	EXP 	window1: mouseVisible = True
41.9265 	EXP 	window1: mouseVisible = True
41.9265 	EXP 	window1: mouseVisible = True
41.9266 	EXP 	window1: mouseVisible = True
41.9266 	EXP 	window1: mouseVisible = True
41.9266 	EXP 	window1: mouseVisible = True
41.9266 	EXP 	window1: mouseVisible = True
41.9267 	EXP 	window1: mouseVisible = True
41.9267 	EXP 	window1: mouseVisible = True
41.9267 	EXP 	window1: mouseVisible = True
41.9268 	EXP 	window1: mouseVisible = True
41.9268 	EXP 	window1: mouseVisible = True
41.9268 	EXP 	window1: mouseVisible = True
41.9268 	EXP 	window1: mouseVisible = True
41.9269 	EXP 	window1: mouseVisible = True
41.9269 	EXP 	window1: mouseVisible = True
41.9269 	EXP 	window1: mouseVisible = True
41.9270 	EXP 	window1: mouseVisible = True
41.9270 	EXP 	window1: mouseVisible = True
41.9270 	EXP 	window1: mouseVisible = True
41.9271 	EXP 	window1: mouseVisible = True
41.9271 	EXP 	window1: mouseVisible = True
41.9271 	EXP 	window1: mouseVisible = True
41.9271 	EXP 	window1: mouseVisible = True
41.9272 	EXP 	window1: mouseVisible = True
41.9272 	EXP 	window1: mouseVisible = True
41.9272 	EXP 	window1: mouseVisible = True
41.9273 	EXP 	window1: mouseVisible = True
41.9273 	EXP 	window1: mouseVisible = True
41.9273 	EXP 	window1: mouseVisible = True
41.9274 	EXP 	window1: mouseVisible = True
41.9274 	EXP 	window1: mouseVisible = True
41.9274 	EXP 	window1: mouseVisible = True
41.9274 	EXP 	window1: mouseVisible = True
41.9275 	EXP 	window1: mouseVisible = True
41.9275 	EXP 	window1: mouseVisible = True
41.9275 	EXP 	window1: mouseVisible = True
41.9276 	EXP 	window1: mouseVisible = True
41.9276 	EXP 	window1: mouseVisible = True
41.9276 	EXP 	window1: mouseVisible = True
41.9276 	EXP 	window1: mouseVisible = True
41.9277 	EXP 	window1: mouseVisible = True
41.9277 	EXP 	window1: mouseVisible = True
41.9277 	EXP 	window1: mouseVisible = True
41.9278 	EXP 	window1: mouseVisible = True
41.9278 	EXP 	window1: mouseVisible = True
41.9278 	EXP 	window1: mouseVisible = True
41.9278 	EXP 	window1: mouseVisible = True
41.9279 	EXP 	window1: mouseVisible = True
41.9279 	EXP 	window1: mouseVisible = True
41.9279 	EXP 	window1: mouseVisible = True
41.9280 	EXP 	window1: mouseVisible = True
41.9280 	EXP 	window1: mouseVisible = True
41.9280 	EXP 	window1: mouseVisible = True
41.9281 	EXP 	window1: mouseVisible = True
41.9281 	EXP 	window1: mouseVisible = True
41.9281 	EXP 	window1: mouseVisible = True
41.9281 	EXP 	window1: mouseVisible = True
41.9282 	EXP 	window1: mouseVisible = True
41.9282 	EXP 	window1: mouseVisible = True
41.9282 	EXP 	window1: mouseVisible = True
41.9283 	EXP 	window1: mouseVisible = True
41.9283 	EXP 	window1: mouseVisible = True
41.9283 	EXP 	window1: mouseVisible = True
41.9284 	EXP 	window1: mouseVisible = True
41.9284 	EXP 	window1: mouseVisible = True
41.9284 	EXP 	window1: mouseVisible = True
41.9284 	EXP 	window1: mouseVisible = True
41.9285 	EXP 	window1: mouseVisible = True
41.9285 	EXP 	window1: mouseVisible = True
41.9285 	EXP 	window1: mouseVisible = True
41.9286 	EXP 	window1: mouseVisible = True
41.9286 	EXP 	window1: mouseVisible = True
41.9286 	EXP 	window1: mouseVisible = True
41.9287 	EXP 	window1: mouseVisible = True
41.9287 	EXP 	window1: mouseVisible = True
41.9287 	EXP 	window1: mouseVisible = True
41.9288 	EXP 	window1: mouseVisible = True
41.9288 	EXP 	window1: mouseVisible = True
41.9288 	EXP 	window1: mouseVisible = True
41.9288 	EXP 	window1: mouseVisible = True
41.9289 	EXP 	window1: mouseVisible = True
41.9289 	EXP 	window1: mouseVisible = True
41.9289 	EXP 	window1: mouseVisible = True
41.9290 	EXP 	window1: mouseVisible = True
41.9290 	EXP 	window1: mouseVisible = True
41.9290 	EXP 	window1: mouseVisible = True
41.9291 	EXP 	window1: mouseVisible = True
41.9291 	EXP 	window1: mouseVisible = True
41.9291 	EXP 	window1: mouseVisible = True
41.9292 	EXP 	window1: mouseVisible = True
41.9292 	EXP 	window1: mouseVisible = True
41.9292 	EXP 	window1: mouseVisible = True
41.9292 	EXP 	window1: mouseVisible = True
41.9293 	EXP 	window1: mouseVisible = True
41.9293 	EXP 	window1: mouseVisible = True
41.9294 	EXP 	window1: mouseVisible = True
41.9294 	EXP 	window1: mouseVisible = True
41.9294 	EXP 	window1: mouseVisible = True
41.9295 	EXP 	window1: mouseVisible = True
41.9295 	EXP 	window1: mouseVisible = True
41.9295 	EXP 	window1: mouseVisible = True
41.9296 	EXP 	window1: mouseVisible = True
41.9296 	EXP 	window1: mouseVisible = True
41.9296 	EXP 	window1: mouseVisible = True
41.9297 	EXP 	window1: mouseVisible = True
41.9297 	EXP 	window1: mouseVisible = True
41.9297 	EXP 	window1: mouseVisible = True
41.9297 	EXP 	window1: mouseVisible = True
41.9298 	EXP 	window1: mouseVisible = True
41.9298 	EXP 	window1: mouseVisible = True
41.9298 	EXP 	window1: mouseVisible = True
41.9299 	EXP 	window1: mouseVisible = True
41.9299 	EXP 	window1: mouseVisible = True
41.9299 	EXP 	window1: mouseVisible = True
41.9300 	EXP 	window1: mouseVisible = True
41.9300 	EXP 	window1: mouseVisible = True
41.9300 	EXP 	window1: mouseVisible = True
41.9301 	EXP 	window1: mouseVisible = True
41.9301 	EXP 	window1: mouseVisible = True
41.9301 	EXP 	window1: mouseVisible = True
41.9301 	EXP 	window1: mouseVisible = True
41.9302 	EXP 	window1: mouseVisible = True
41.9302 	EXP 	window1: mouseVisible = True
41.9303 	EXP 	window1: mouseVisible = True
41.9303 	EXP 	window1: mouseVisible = True
41.9303 	EXP 	window1: mouseVisible = True
41.9304 	EXP 	window1: mouseVisible = True
41.9304 	EXP 	window1: mouseVisible = True
41.9304 	EXP 	window1: mouseVisible = True
41.9305 	EXP 	window1: mouseVisible = True
41.9305 	EXP 	window1: mouseVisible = True
41.9305 	EXP 	window1: mouseVisible = True
41.9305 	EXP 	window1: mouseVisible = True
41.9306 	EXP 	window1: mouseVisible = True
41.9306 	EXP 	window1: mouseVisible = True
41.9306 	EXP 	window1: mouseVisible = True
41.9307 	EXP 	window1: mouseVisible = True
41.9307 	EXP 	window1: mouseVisible = True
41.9307 	EXP 	window1: mouseVisible = True
41.9308 	EXP 	window1: mouseVisible = True
41.9308 	EXP 	window1: mouseVisible = True
41.9308 	EXP 	window1: mouseVisible = True
41.9308 	EXP 	window1: mouseVisible = True
41.9309 	EXP 	window1: mouseVisible = True
41.9309 	EXP 	window1: mouseVisible = True
41.9309 	EXP 	window1: mouseVisible = True
41.9310 	EXP 	window1: mouseVisible = True
41.9310 	EXP 	window1: mouseVisible = True
41.9310 	EXP 	window1: mouseVisible = True
41.9311 	EXP 	window1: mouseVisible = True
41.9311 	EXP 	window1: mouseVisible = True
41.9311 	EXP 	window1: mouseVisible = True
41.9311 	EXP 	window1: mouseVisible = True
41.9312 	EXP 	window1: mouseVisible = True
41.9312 	EXP 	window1: mouseVisible = True
41.9312 	EXP 	window1: mouseVisible = True
41.9313 	EXP 	window1: mouseVisible = True
41.9313 	EXP 	window1: mouseVisible = True
41.9313 	EXP 	window1: mouseVisible = True
41.9314 	EXP 	window1: mouseVisible = True
41.9314 	EXP 	window1: mouseVisible = True
41.9314 	EXP 	window1: mouseVisible = True
41.9315 	EXP 	window1: mouseVisible = True
41.9315 	EXP 	window1: mouseVisible = True
41.9315 	EXP 	window1: mouseVisible = True
41.9315 	EXP 	window1: mouseVisible = True
41.9316 	EXP 	window1: mouseVisible = True
41.9316 	EXP 	window1: mouseVisible = True
41.9316 	EXP 	window1: mouseVisible = True
41.9317 	EXP 	window1: mouseVisible = True
41.9317 	EXP 	window1: mouseVisible = True
41.9317 	EXP 	window1: mouseVisible = True
41.9318 	EXP 	window1: mouseVisible = True
41.9318 	EXP 	window1: mouseVisible = True
41.9318 	EXP 	window1: mouseVisible = True
41.9319 	EXP 	window1: mouseVisible = True
41.9319 	EXP 	window1: mouseVisible = True
41.9319 	EXP 	window1: mouseVisible = True
41.9319 	EXP 	window1: mouseVisible = True
41.9320 	EXP 	window1: mouseVisible = True
41.9320 	EXP 	window1: mouseVisible = True
41.9320 	EXP 	window1: mouseVisible = True
41.9321 	EXP 	window1: mouseVisible = True
41.9321 	EXP 	window1: mouseVisible = True
41.9321 	EXP 	window1: mouseVisible = True
41.9322 	EXP 	window1: mouseVisible = True
41.9322 	EXP 	window1: mouseVisible = True
41.9322 	EXP 	window1: mouseVisible = True
41.9322 	EXP 	window1: mouseVisible = True
41.9323 	EXP 	window1: mouseVisible = True
41.9323 	EXP 	window1: mouseVisible = True
41.9323 	EXP 	window1: mouseVisible = True
41.9324 	EXP 	window1: mouseVisible = True
41.9324 	EXP 	window1: mouseVisible = True
41.9324 	EXP 	window1: mouseVisible = True
41.9325 	EXP 	window1: mouseVisible = True
41.9325 	EXP 	window1: mouseVisible = True
41.9325 	EXP 	window1: mouseVisible = True
41.9326 	EXP 	window1: mouseVisible = True
41.9326 	EXP 	window1: mouseVisible = True
41.9326 	EXP 	window1: mouseVisible = True
41.9326 	EXP 	window1: mouseVisible = True
41.9327 	EXP 	window1: mouseVisible = True
41.9327 	EXP 	window1: mouseVisible = True
41.9327 	EXP 	window1: mouseVisible = True
41.9328 	EXP 	window1: mouseVisible = True
41.9328 	EXP 	window1: mouseVisible = True
41.9328 	EXP 	window1: mouseVisible = True
41.9329 	EXP 	window1: mouseVisible = True
41.9329 	EXP 	window1: mouseVisible = True
41.9329 	EXP 	window1: mouseVisible = True
41.9329 	EXP 	window1: mouseVisible = True
41.9330 	EXP 	window1: mouseVisible = True
41.9330 	EXP 	window1: mouseVisible = True
41.9330 	EXP 	window1: mouseVisible = True
41.9331 	EXP 	window1: mouseVisible = True
41.9331 	EXP 	window1: mouseVisible = True
41.9331 	EXP 	window1: mouseVisible = True
41.9332 	EXP 	window1: mouseVisible = True
41.9332 	EXP 	window1: mouseVisible = True
41.9332 	EXP 	window1: mouseVisible = True
41.9332 	EXP 	window1: mouseVisible = True
41.9333 	EXP 	window1: mouseVisible = True
41.9333 	EXP 	window1: mouseVisible = True
41.9333 	EXP 	window1: mouseVisible = True
41.9334 	EXP 	window1: mouseVisible = True
41.9334 	EXP 	window1: mouseVisible = True
41.9334 	EXP 	window1: mouseVisible = True
41.9335 	EXP 	window1: mouseVisible = True
41.9335 	EXP 	window1: mouseVisible = True
41.9335 	EXP 	window1: mouseVisible = True
41.9335 	EXP 	window1: mouseVisible = True
41.9336 	EXP 	window1: mouseVisible = True
41.9336 	EXP 	window1: mouseVisible = True
41.9336 	EXP 	window1: mouseVisible = True
41.9337 	EXP 	window1: mouseVisible = True
41.9337 	EXP 	window1: mouseVisible = True
41.9337 	EXP 	window1: mouseVisible = True
41.9338 	EXP 	window1: mouseVisible = True
41.9338 	EXP 	window1: mouseVisible = True
41.9338 	EXP 	window1: mouseVisible = True
41.9338 	EXP 	window1: mouseVisible = True
41.9339 	EXP 	window1: mouseVisible = True
41.9339 	EXP 	window1: mouseVisible = True
41.9339 	EXP 	window1: mouseVisible = True
41.9340 	EXP 	window1: mouseVisible = True
41.9340 	EXP 	window1: mouseVisible = True
41.9340 	EXP 	window1: mouseVisible = True
41.9341 	EXP 	window1: mouseVisible = True
41.9341 	EXP 	window1: mouseVisible = True
41.9341 	EXP 	window1: mouseVisible = True
41.9341 	EXP 	window1: mouseVisible = True
41.9342 	EXP 	window1: mouseVisible = True
41.9342 	EXP 	window1: mouseVisible = True
41.9342 	EXP 	window1: mouseVisible = True
41.9343 	EXP 	window1: mouseVisible = True
41.9343 	EXP 	window1: mouseVisible = True
41.9343 	EXP 	window1: mouseVisible = True
41.9344 	EXP 	window1: mouseVisible = True
41.9344 	EXP 	window1: mouseVisible = True
41.9344 	EXP 	window1: mouseVisible = True
41.9345 	EXP 	window1: mouseVisible = True
41.9345 	EXP 	window1: mouseVisible = True
41.9345 	EXP 	window1: mouseVisible = True
41.9345 	EXP 	window1: mouseVisible = True
41.9346 	EXP 	window1: mouseVisible = True
41.9346 	EXP 	window1: mouseVisible = True
41.9346 	EXP 	window1: mouseVisible = True
41.9347 	EXP 	window1: mouseVisible = True
41.9347 	EXP 	window1: mouseVisible = True
41.9347 	EXP 	window1: mouseVisible = True
41.9348 	EXP 	window1: mouseVisible = True
41.9348 	EXP 	window1: mouseVisible = True
41.9348 	EXP 	window1: mouseVisible = True
41.9349 	EXP 	window1: mouseVisible = True
41.9349 	EXP 	window1: mouseVisible = True
41.9349 	EXP 	window1: mouseVisible = True
41.9349 	EXP 	window1: mouseVisible = True
41.9350 	EXP 	window1: mouseVisible = True
41.9350 	EXP 	window1: mouseVisible = True
41.9351 	EXP 	window1: mouseVisible = True
41.9351 	EXP 	window1: mouseVisible = True
41.9351 	EXP 	window1: mouseVisible = True
41.9352 	EXP 	window1: mouseVisible = True
41.9352 	EXP 	window1: mouseVisible = True
41.9352 	EXP 	window1: mouseVisible = True
41.9352 	EXP 	window1: mouseVisible = True
41.9353 	EXP 	window1: mouseVisible = True
41.9353 	EXP 	window1: mouseVisible = True
41.9353 	EXP 	window1: mouseVisible = True
41.9354 	EXP 	window1: mouseVisible = True
41.9354 	EXP 	window1: mouseVisible = True
41.9354 	EXP 	window1: mouseVisible = True
41.9355 	EXP 	window1: mouseVisible = True
41.9355 	EXP 	window1: mouseVisible = True
41.9355 	EXP 	window1: mouseVisible = True
41.9355 	EXP 	window1: mouseVisible = True
41.9356 	EXP 	window1: mouseVisible = True
41.9356 	EXP 	window1: mouseVisible = True
41.9356 	EXP 	window1: mouseVisible = True
41.9357 	EXP 	window1: mouseVisible = True
41.9357 	EXP 	window1: mouseVisible = True
41.9357 	EXP 	window1: mouseVisible = True
41.9358 	EXP 	window1: mouseVisible = True
41.9358 	EXP 	window1: mouseVisible = True
41.9358 	EXP 	window1: mouseVisible = True
41.9358 	EXP 	window1: mouseVisible = True
41.9359 	EXP 	window1: mouseVisible = True
41.9359 	EXP 	window1: mouseVisible = True
41.9359 	EXP 	window1: mouseVisible = True
41.9360 	EXP 	window1: mouseVisible = True
41.9360 	EXP 	window1: mouseVisible = True
41.9360 	EXP 	window1: mouseVisible = True
41.9361 	EXP 	window1: mouseVisible = True
41.9361 	EXP 	window1: mouseVisible = True
41.9361 	EXP 	window1: mouseVisible = True
41.9361 	EXP 	window1: mouseVisible = True
41.9362 	EXP 	window1: mouseVisible = True
41.9362 	EXP 	window1: mouseVisible = True
41.9362 	EXP 	window1: mouseVisible = True
41.9363 	EXP 	window1: mouseVisible = True
41.9363 	EXP 	window1: mouseVisible = True
41.9363 	EXP 	window1: mouseVisible = True
41.9364 	EXP 	window1: mouseVisible = True
41.9364 	EXP 	window1: mouseVisible = True
41.9364 	EXP 	window1: mouseVisible = True
41.9364 	EXP 	window1: mouseVisible = True
41.9365 	EXP 	window1: mouseVisible = True
41.9365 	EXP 	window1: mouseVisible = True
41.9365 	EXP 	window1: mouseVisible = True
41.9366 	EXP 	window1: mouseVisible = True
41.9366 	EXP 	window1: mouseVisible = True
41.9366 	EXP 	window1: mouseVisible = True
41.9367 	EXP 	window1: mouseVisible = True
41.9367 	EXP 	window1: mouseVisible = True
41.9367 	EXP 	window1: mouseVisible = True
41.9367 	EXP 	window1: mouseVisible = True
41.9368 	EXP 	window1: mouseVisible = True
41.9368 	EXP 	window1: mouseVisible = True
41.9369 	EXP 	window1: mouseVisible = True
41.9369 	EXP 	window1: mouseVisible = True
41.9369 	EXP 	window1: mouseVisible = True
41.9369 	EXP 	window1: mouseVisible = True
41.9370 	EXP 	window1: mouseVisible = True
41.9370 	EXP 	window1: mouseVisible = True
41.9370 	EXP 	window1: mouseVisible = True
41.9371 	EXP 	window1: mouseVisible = True
41.9371 	EXP 	window1: mouseVisible = True
41.9371 	EXP 	window1: mouseVisible = True
41.9372 	EXP 	window1: mouseVisible = True
41.9372 	EXP 	window1: mouseVisible = True
41.9372 	EXP 	window1: mouseVisible = True
41.9372 	EXP 	window1: mouseVisible = True
41.9373 	EXP 	window1: mouseVisible = True
41.9373 	EXP 	window1: mouseVisible = True
41.9373 	EXP 	window1: mouseVisible = True
41.9374 	EXP 	window1: mouseVisible = True
41.9374 	EXP 	window1: mouseVisible = True
41.9374 	EXP 	window1: mouseVisible = True
41.9375 	EXP 	window1: mouseVisible = True
41.9375 	EXP 	window1: mouseVisible = True
41.9375 	EXP 	window1: mouseVisible = True
41.9376 	EXP 	window1: mouseVisible = True
41.9376 	EXP 	window1: mouseVisible = True
41.9376 	EXP 	window1: mouseVisible = True
41.9376 	EXP 	window1: mouseVisible = True
41.9377 	EXP 	window1: mouseVisible = True
41.9377 	EXP 	window1: mouseVisible = True
41.9377 	EXP 	window1: mouseVisible = True
41.9378 	EXP 	window1: mouseVisible = True
41.9378 	EXP 	window1: mouseVisible = True
41.9378 	EXP 	window1: mouseVisible = True
41.9378 	EXP 	window1: mouseVisible = True
41.9379 	EXP 	window1: mouseVisible = True
41.9379 	EXP 	window1: mouseVisible = True
41.9379 	EXP 	window1: mouseVisible = True
41.9380 	EXP 	window1: mouseVisible = True
41.9380 	EXP 	window1: mouseVisible = True
41.9380 	EXP 	window1: mouseVisible = True
41.9381 	EXP 	window1: mouseVisible = True
41.9381 	EXP 	window1: mouseVisible = True
41.9381 	EXP 	window1: mouseVisible = True
41.9382 	EXP 	window1: mouseVisible = True
41.9382 	EXP 	window1: mouseVisible = True
41.9382 	EXP 	window1: mouseVisible = True
41.9382 	EXP 	window1: mouseVisible = True
41.9383 	EXP 	window1: mouseVisible = True
41.9383 	EXP 	window1: mouseVisible = True
41.9383 	EXP 	window1: mouseVisible = True
41.9384 	EXP 	window1: mouseVisible = True
41.9384 	EXP 	window1: mouseVisible = True
41.9384 	EXP 	window1: mouseVisible = True
41.9385 	EXP 	window1: mouseVisible = True
41.9385 	EXP 	window1: mouseVisible = True
41.9385 	EXP 	window1: mouseVisible = True
41.9385 	EXP 	window1: mouseVisible = True
41.9386 	EXP 	window1: mouseVisible = True
41.9386 	EXP 	window1: mouseVisible = True
41.9386 	EXP 	window1: mouseVisible = True
41.9387 	EXP 	window1: mouseVisible = True
41.9387 	EXP 	window1: mouseVisible = True
41.9387 	EXP 	window1: mouseVisible = True
41.9388 	EXP 	window1: mouseVisible = True
41.9388 	EXP 	window1: mouseVisible = True
41.9388 	EXP 	window1: mouseVisible = True
41.9388 	EXP 	window1: mouseVisible = True
41.9389 	EXP 	window1: mouseVisible = True
41.9389 	EXP 	window1: mouseVisible = True
41.9389 	EXP 	window1: mouseVisible = True
41.9390 	EXP 	window1: mouseVisible = True
41.9390 	EXP 	window1: mouseVisible = True
41.9390 	EXP 	window1: mouseVisible = True
41.9391 	EXP 	window1: mouseVisible = True
41.9391 	EXP 	window1: mouseVisible = True
41.9391 	EXP 	window1: mouseVisible = True
41.9391 	EXP 	window1: mouseVisible = True
41.9392 	EXP 	window1: mouseVisible = True
41.9392 	EXP 	window1: mouseVisible = True
41.9392 	EXP 	window1: mouseVisible = True
41.9393 	EXP 	window1: mouseVisible = True
41.9393 	EXP 	window1: mouseVisible = True
41.9393 	EXP 	window1: mouseVisible = True
41.9394 	EXP 	window1: mouseVisible = True
41.9394 	EXP 	window1: mouseVisible = True
41.9394 	EXP 	window1: mouseVisible = True
41.9395 	EXP 	window1: mouseVisible = True
41.9395 	EXP 	window1: mouseVisible = True
41.9395 	EXP 	window1: mouseVisible = True
41.9395 	EXP 	window1: mouseVisible = True
41.9396 	EXP 	window1: mouseVisible = True
41.9396 	EXP 	window1: mouseVisible = True
41.9396 	EXP 	window1: mouseVisible = True
41.9397 	EXP 	window1: mouseVisible = True
41.9397 	EXP 	window1: mouseVisible = True
41.9398 	EXP 	window1: mouseVisible = True
41.9398 	EXP 	window1: mouseVisible = True
41.9398 	EXP 	window1: mouseVisible = True
41.9398 	EXP 	window1: mouseVisible = True
41.9399 	EXP 	window1: mouseVisible = True
41.9399 	EXP 	window1: mouseVisible = True
41.9399 	EXP 	window1: mouseVisible = True
41.9400 	EXP 	window1: mouseVisible = True
41.9400 	EXP 	window1: mouseVisible = True
41.9400 	EXP 	window1: mouseVisible = True
41.9401 	EXP 	window1: mouseVisible = True
41.9401 	EXP 	window1: mouseVisible = True
41.9401 	EXP 	window1: mouseVisible = True
41.9402 	EXP 	window1: mouseVisible = True
41.9402 	EXP 	window1: mouseVisible = True
41.9402 	EXP 	window1: mouseVisible = True
41.9402 	EXP 	window1: mouseVisible = True
41.9403 	EXP 	window1: mouseVisible = True
41.9403 	EXP 	window1: mouseVisible = True
41.9403 	EXP 	window1: mouseVisible = True
41.9404 	EXP 	window1: mouseVisible = True
41.9404 	EXP 	window1: mouseVisible = True
41.9404 	EXP 	window1: mouseVisible = True
41.9405 	EXP 	window1: mouseVisible = True
41.9405 	EXP 	window1: mouseVisible = True
41.9405 	EXP 	window1: mouseVisible = True
41.9405 	EXP 	window1: mouseVisible = True
41.9406 	EXP 	window1: mouseVisible = True
41.9406 	EXP 	window1: mouseVisible = True
41.9406 	EXP 	window1: mouseVisible = True
41.9407 	EXP 	window1: mouseVisible = True
41.9407 	EXP 	window1: mouseVisible = True
41.9407 	EXP 	window1: mouseVisible = True
41.9408 	EXP 	window1: mouseVisible = True
41.9408 	EXP 	window1: mouseVisible = True
41.9408 	EXP 	window1: mouseVisible = True
41.9408 	EXP 	window1: mouseVisible = True
41.9409 	EXP 	window1: mouseVisible = True
41.9409 	EXP 	window1: mouseVisible = True
41.9409 	EXP 	window1: mouseVisible = True
41.9410 	EXP 	window1: mouseVisible = True
41.9410 	EXP 	window1: mouseVisible = True
41.9410 	EXP 	window1: mouseVisible = True
41.9411 	EXP 	window1: mouseVisible = True
41.9411 	EXP 	window1: mouseVisible = True
41.9411 	EXP 	window1: mouseVisible = True
41.9412 	EXP 	window1: mouseVisible = True
41.9412 	EXP 	window1: mouseVisible = True
41.9412 	EXP 	window1: mouseVisible = True
41.9412 	EXP 	window1: mouseVisible = True
41.9413 	EXP 	window1: mouseVisible = True
41.9413 	EXP 	window1: mouseVisible = True
41.9413 	EXP 	window1: mouseVisible = True
41.9414 	EXP 	window1: mouseVisible = True
41.9414 	EXP 	window1: mouseVisible = True
41.9414 	EXP 	window1: mouseVisible = True
41.9415 	EXP 	window1: mouseVisible = True
41.9415 	EXP 	window1: mouseVisible = True
41.9415 	EXP 	window1: mouseVisible = True
41.9415 	EXP 	window1: mouseVisible = True
41.9416 	EXP 	window1: mouseVisible = True
41.9416 	EXP 	window1: mouseVisible = True
41.9416 	EXP 	window1: mouseVisible = True
41.9417 	EXP 	window1: mouseVisible = True
41.9417 	EXP 	window1: mouseVisible = True
41.9417 	EXP 	window1: mouseVisible = True
41.9418 	EXP 	window1: mouseVisible = True
41.9418 	EXP 	window1: mouseVisible = True
41.9418 	EXP 	window1: mouseVisible = True
41.9419 	EXP 	window1: mouseVisible = True
41.9419 	EXP 	window1: mouseVisible = True
41.9419 	EXP 	window1: mouseVisible = True
41.9419 	EXP 	window1: mouseVisible = True
41.9420 	EXP 	window1: mouseVisible = True
41.9420 	EXP 	window1: mouseVisible = True
41.9420 	EXP 	window1: mouseVisible = True
41.9421 	EXP 	window1: mouseVisible = True
41.9421 	EXP 	window1: mouseVisible = True
41.9421 	EXP 	window1: mouseVisible = True
41.9421 	EXP 	window1: mouseVisible = True
41.9422 	EXP 	window1: mouseVisible = True
41.9422 	EXP 	window1: mouseVisible = True
41.9422 	EXP 	window1: mouseVisible = True
41.9423 	EXP 	window1: mouseVisible = True
41.9423 	EXP 	window1: mouseVisible = True
41.9423 	EXP 	window1: mouseVisible = True
41.9424 	EXP 	window1: mouseVisible = True
41.9424 	EXP 	window1: mouseVisible = True
41.9424 	EXP 	window1: mouseVisible = True
41.9425 	EXP 	window1: mouseVisible = True
41.9425 	EXP 	window1: mouseVisible = True
41.9425 	EXP 	window1: mouseVisible = True
41.9425 	EXP 	window1: mouseVisible = True
41.9426 	EXP 	window1: mouseVisible = True
41.9426 	EXP 	window1: mouseVisible = True
41.9426 	EXP 	window1: mouseVisible = True
41.9427 	EXP 	window1: mouseVisible = True
41.9427 	EXP 	window1: mouseVisible = True
41.9427 	EXP 	window1: mouseVisible = True
41.9428 	EXP 	window1: mouseVisible = True
41.9428 	EXP 	window1: mouseVisible = True
41.9428 	EXP 	window1: mouseVisible = True
41.9428 	EXP 	window1: mouseVisible = True
41.9429 	EXP 	window1: mouseVisible = True
41.9429 	EXP 	window1: mouseVisible = True
41.9429 	EXP 	window1: mouseVisible = True
41.9430 	EXP 	window1: mouseVisible = True
41.9430 	EXP 	window1: mouseVisible = True
41.9430 	EXP 	window1: mouseVisible = True
41.9431 	EXP 	window1: mouseVisible = True
41.9431 	EXP 	window1: mouseVisible = True
41.9431 	EXP 	window1: mouseVisible = True
41.9432 	EXP 	window1: mouseVisible = True
41.9432 	EXP 	window1: mouseVisible = True
41.9432 	EXP 	window1: mouseVisible = True
41.9432 	EXP 	window1: mouseVisible = True
41.9433 	EXP 	window1: mouseVisible = True
41.9433 	EXP 	window1: mouseVisible = True
41.9433 	EXP 	window1: mouseVisible = True
41.9434 	EXP 	window1: mouseVisible = True
41.9434 	EXP 	window1: mouseVisible = True
41.9434 	EXP 	window1: mouseVisible = True
41.9435 	EXP 	window1: mouseVisible = True
41.9435 	EXP 	window1: mouseVisible = True
41.9435 	EXP 	window1: mouseVisible = True
41.9435 	EXP 	window1: mouseVisible = True
41.9436 	EXP 	window1: mouseVisible = True
41.9436 	EXP 	window1: mouseVisible = True
41.9436 	EXP 	window1: mouseVisible = True
41.9437 	EXP 	window1: mouseVisible = True
41.9437 	EXP 	window1: mouseVisible = True
41.9437 	EXP 	window1: mouseVisible = True
41.9438 	EXP 	window1: mouseVisible = True
41.9438 	EXP 	window1: mouseVisible = True
41.9438 	EXP 	window1: mouseVisible = True
41.9438 	EXP 	window1: mouseVisible = True
41.9439 	EXP 	window1: mouseVisible = True
41.9439 	EXP 	window1: mouseVisible = True
41.9439 	EXP 	window1: mouseVisible = True
41.9440 	EXP 	window1: mouseVisible = True
41.9440 	EXP 	window1: mouseVisible = True
41.9440 	EXP 	window1: mouseVisible = True
41.9441 	EXP 	window1: mouseVisible = True
41.9441 	EXP 	window1: mouseVisible = True
41.9441 	EXP 	window1: mouseVisible = True
41.9441 	EXP 	window1: mouseVisible = True
41.9442 	EXP 	window1: mouseVisible = True
41.9442 	EXP 	window1: mouseVisible = True
41.9442 	EXP 	window1: mouseVisible = True
41.9443 	EXP 	window1: mouseVisible = True
41.9443 	EXP 	window1: mouseVisible = True
41.9443 	EXP 	window1: mouseVisible = True
41.9444 	EXP 	window1: mouseVisible = True
41.9444 	EXP 	window1: mouseVisible = True
41.9444 	EXP 	window1: mouseVisible = True
41.9444 	EXP 	window1: mouseVisible = True
41.9445 	EXP 	window1: mouseVisible = True
41.9445 	EXP 	window1: mouseVisible = True
41.9446 	EXP 	window1: mouseVisible = True
41.9446 	EXP 	window1: mouseVisible = True
41.9446 	EXP 	window1: mouseVisible = True
41.9447 	EXP 	window1: mouseVisible = True
41.9447 	EXP 	window1: mouseVisible = True
41.9447 	EXP 	window1: mouseVisible = True
41.9448 	EXP 	window1: mouseVisible = True
41.9448 	EXP 	window1: mouseVisible = True
41.9449 	EXP 	window1: mouseVisible = True
41.9449 	EXP 	window1: mouseVisible = True
41.9449 	EXP 	window1: mouseVisible = True
41.9449 	EXP 	window1: mouseVisible = True
41.9450 	EXP 	window1: mouseVisible = True
41.9450 	EXP 	window1: mouseVisible = True
41.9450 	EXP 	window1: mouseVisible = True
41.9451 	EXP 	window1: mouseVisible = True
41.9451 	EXP 	window1: mouseVisible = True
41.9451 	EXP 	window1: mouseVisible = True
41.9452 	EXP 	window1: mouseVisible = True
41.9452 	EXP 	window1: mouseVisible = True
41.9452 	EXP 	window1: mouseVisible = True
41.9453 	EXP 	window1: mouseVisible = True
41.9453 	EXP 	window1: mouseVisible = True
41.9453 	EXP 	window1: mouseVisible = True
41.9453 	EXP 	window1: mouseVisible = True
41.9454 	EXP 	window1: mouseVisible = True
41.9454 	EXP 	window1: mouseVisible = True
41.9454 	EXP 	window1: mouseVisible = True
41.9455 	EXP 	window1: mouseVisible = True
41.9455 	EXP 	window1: mouseVisible = True
41.9455 	EXP 	window1: mouseVisible = True
41.9456 	EXP 	window1: mouseVisible = True
41.9456 	EXP 	window1: mouseVisible = True
41.9456 	EXP 	window1: mouseVisible = True
41.9457 	EXP 	window1: mouseVisible = True
41.9457 	EXP 	window1: mouseVisible = True
41.9457 	EXP 	window1: mouseVisible = True
41.9458 	EXP 	window1: mouseVisible = True
41.9458 	EXP 	window1: mouseVisible = True
41.9459 	EXP 	window1: mouseVisible = True
41.9459 	EXP 	window1: mouseVisible = True
41.9459 	EXP 	window1: mouseVisible = True
41.9459 	EXP 	window1: mouseVisible = True
41.9460 	EXP 	window1: mouseVisible = True
41.9460 	EXP 	window1: mouseVisible = True
41.9460 	EXP 	window1: mouseVisible = True
41.9461 	EXP 	window1: mouseVisible = True
41.9461 	EXP 	window1: mouseVisible = True
41.9461 	EXP 	window1: mouseVisible = True
41.9462 	EXP 	window1: mouseVisible = True
41.9462 	EXP 	window1: mouseVisible = True
41.9462 	EXP 	window1: mouseVisible = True
41.9463 	EXP 	window1: mouseVisible = True
41.9463 	EXP 	window1: mouseVisible = True
41.9463 	EXP 	window1: mouseVisible = True
41.9463 	EXP 	window1: mouseVisible = True
41.9464 	EXP 	window1: mouseVisible = True
41.9464 	EXP 	window1: mouseVisible = True
41.9464 	EXP 	window1: mouseVisible = True
41.9465 	EXP 	window1: mouseVisible = True
41.9465 	EXP 	window1: mouseVisible = True
41.9465 	EXP 	window1: mouseVisible = True
41.9466 	EXP 	window1: mouseVisible = True
41.9466 	EXP 	window1: mouseVisible = True
41.9466 	EXP 	window1: mouseVisible = True
41.9467 	EXP 	window1: mouseVisible = True
41.9467 	EXP 	window1: mouseVisible = True
41.9467 	EXP 	window1: mouseVisible = True
41.9467 	EXP 	window1: mouseVisible = True
41.9468 	EXP 	window1: mouseVisible = True
41.9468 	EXP 	window1: mouseVisible = True
41.9468 	EXP 	window1: mouseVisible = True
41.9469 	EXP 	window1: mouseVisible = True
41.9469 	EXP 	window1: mouseVisible = True
41.9469 	EXP 	window1: mouseVisible = True
41.9470 	EXP 	window1: mouseVisible = True
41.9470 	EXP 	window1: mouseVisible = True
41.9470 	EXP 	window1: mouseVisible = True
41.9471 	EXP 	window1: mouseVisible = True
41.9471 	EXP 	window1: mouseVisible = True
41.9471 	EXP 	window1: mouseVisible = True
41.9471 	EXP 	window1: mouseVisible = True
41.9472 	EXP 	window1: mouseVisible = True
41.9472 	EXP 	window1: mouseVisible = True
41.9472 	EXP 	window1: mouseVisible = True
41.9473 	EXP 	window1: mouseVisible = True
41.9473 	EXP 	window1: mouseVisible = True
41.9473 	EXP 	window1: mouseVisible = True
41.9474 	EXP 	window1: mouseVisible = True
41.9474 	EXP 	window1: mouseVisible = True
41.9474 	EXP 	window1: mouseVisible = True
41.9475 	EXP 	window1: mouseVisible = True
41.9475 	EXP 	window1: mouseVisible = True
41.9475 	EXP 	window1: mouseVisible = True
41.9475 	EXP 	window1: mouseVisible = True
41.9476 	EXP 	window1: mouseVisible = True
41.9476 	EXP 	window1: mouseVisible = True
41.9476 	EXP 	window1: mouseVisible = True
41.9477 	EXP 	window1: mouseVisible = True
41.9477 	EXP 	window1: mouseVisible = True
41.9477 	EXP 	window1: mouseVisible = True
41.9478 	EXP 	window1: mouseVisible = True
41.9478 	EXP 	window1: mouseVisible = True
41.9478 	EXP 	window1: mouseVisible = True
41.9479 	EXP 	window1: mouseVisible = True
41.9479 	EXP 	window1: mouseVisible = True
41.9479 	EXP 	window1: mouseVisible = True
41.9479 	EXP 	window1: mouseVisible = True
41.9480 	EXP 	window1: mouseVisible = True
41.9480 	EXP 	window1: mouseVisible = True
41.9480 	EXP 	window1: mouseVisible = True
41.9481 	EXP 	window1: mouseVisible = True
41.9481 	EXP 	window1: mouseVisible = True
41.9481 	EXP 	window1: mouseVisible = True
41.9482 	EXP 	window1: mouseVisible = True
41.9482 	EXP 	window1: mouseVisible = True
41.9482 	EXP 	window1: mouseVisible = True
41.9483 	EXP 	window1: mouseVisible = True
41.9483 	EXP 	window1: mouseVisible = True
41.9483 	EXP 	window1: mouseVisible = True
41.9483 	EXP 	window1: mouseVisible = True
41.9484 	EXP 	window1: mouseVisible = True
41.9484 	EXP 	window1: mouseVisible = True
41.9484 	EXP 	window1: mouseVisible = True
41.9485 	EXP 	window1: mouseVisible = True
41.9485 	EXP 	window1: mouseVisible = True
41.9485 	EXP 	window1: mouseVisible = True
41.9486 	EXP 	window1: mouseVisible = True
41.9486 	EXP 	window1: mouseVisible = True
41.9486 	EXP 	window1: mouseVisible = True
41.9486 	EXP 	window1: mouseVisible = True
41.9487 	EXP 	window1: mouseVisible = True
41.9487 	EXP 	window1: mouseVisible = True
41.9488 	EXP 	window1: mouseVisible = True
41.9488 	EXP 	window1: mouseVisible = True
41.9488 	EXP 	window1: mouseVisible = True
41.9489 	EXP 	window1: mouseVisible = True
41.9489 	EXP 	window1: mouseVisible = True
41.9489 	EXP 	window1: mouseVisible = True
41.9490 	EXP 	window1: mouseVisible = True
41.9490 	EXP 	window1: mouseVisible = True
41.9490 	EXP 	window1: mouseVisible = True
41.9490 	EXP 	window1: mouseVisible = True
41.9491 	EXP 	window1: mouseVisible = True
41.9491 	EXP 	window1: mouseVisible = True
41.9491 	EXP 	window1: mouseVisible = True
41.9492 	EXP 	window1: mouseVisible = True
41.9492 	EXP 	window1: mouseVisible = True
41.9492 	EXP 	window1: mouseVisible = True
41.9493 	EXP 	window1: mouseVisible = True
41.9493 	EXP 	window1: mouseVisible = True
41.9493 	EXP 	window1: mouseVisible = True
41.9493 	EXP 	window1: mouseVisible = True
41.9494 	EXP 	window1: mouseVisible = True
41.9494 	EXP 	window1: mouseVisible = True
41.9495 	EXP 	window1: mouseVisible = True
41.9495 	EXP 	window1: mouseVisible = True
41.9495 	EXP 	window1: mouseVisible = True
41.9496 	EXP 	window1: mouseVisible = True
41.9496 	EXP 	window1: mouseVisible = True
41.9496 	EXP 	window1: mouseVisible = True
41.9497 	EXP 	window1: mouseVisible = True
41.9497 	EXP 	window1: mouseVisible = True
41.9497 	EXP 	window1: mouseVisible = True
41.9497 	EXP 	window1: mouseVisible = True
41.9498 	EXP 	window1: mouseVisible = True
41.9498 	EXP 	window1: mouseVisible = True
41.9498 	EXP 	window1: mouseVisible = True
41.9499 	EXP 	window1: mouseVisible = True
41.9499 	EXP 	window1: mouseVisible = True
41.9499 	EXP 	window1: mouseVisible = True
41.9500 	EXP 	window1: mouseVisible = True
41.9500 	EXP 	window1: mouseVisible = True
41.9500 	EXP 	window1: mouseVisible = True
41.9500 	EXP 	window1: mouseVisible = True
41.9501 	EXP 	window1: mouseVisible = True
41.9501 	EXP 	window1: mouseVisible = True
41.9501 	EXP 	window1: mouseVisible = True
41.9502 	EXP 	window1: mouseVisible = True
41.9502 	EXP 	window1: mouseVisible = True
41.9502 	EXP 	window1: mouseVisible = True
41.9503 	EXP 	window1: mouseVisible = True
41.9503 	EXP 	window1: mouseVisible = True
41.9503 	EXP 	window1: mouseVisible = True
41.9503 	EXP 	window1: mouseVisible = True
41.9504 	EXP 	window1: mouseVisible = True
41.9504 	EXP 	window1: mouseVisible = True
41.9504 	EXP 	window1: mouseVisible = True
41.9505 	EXP 	window1: mouseVisible = True
41.9505 	EXP 	window1: mouseVisible = True
41.9505 	EXP 	window1: mouseVisible = True
41.9506 	EXP 	window1: mouseVisible = True
41.9506 	EXP 	window1: mouseVisible = True
41.9506 	EXP 	window1: mouseVisible = True
41.9507 	EXP 	window1: mouseVisible = True
41.9507 	EXP 	window1: mouseVisible = True
41.9507 	EXP 	window1: mouseVisible = True
41.9508 	EXP 	window1: mouseVisible = True
41.9508 	EXP 	window1: mouseVisible = True
41.9508 	EXP 	window1: mouseVisible = True
41.9508 	EXP 	window1: mouseVisible = True
41.9509 	EXP 	window1: mouseVisible = True
41.9509 	EXP 	window1: mouseVisible = True
41.9509 	EXP 	window1: mouseVisible = True
41.9510 	EXP 	window1: mouseVisible = True
41.9510 	EXP 	window1: mouseVisible = True
41.9510 	EXP 	window1: mouseVisible = True
41.9511 	EXP 	window1: mouseVisible = True
41.9511 	EXP 	window1: mouseVisible = True
41.9511 	EXP 	window1: mouseVisible = True
41.9511 	EXP 	window1: mouseVisible = True
41.9512 	EXP 	window1: mouseVisible = True
41.9512 	EXP 	window1: mouseVisible = True
41.9512 	EXP 	window1: mouseVisible = True
41.9513 	EXP 	window1: mouseVisible = True
41.9513 	EXP 	window1: mouseVisible = True
41.9513 	EXP 	window1: mouseVisible = True
41.9514 	EXP 	window1: mouseVisible = True
41.9514 	EXP 	window1: mouseVisible = True
41.9514 	EXP 	window1: mouseVisible = True
41.9515 	EXP 	window1: mouseVisible = True
41.9515 	EXP 	window1: mouseVisible = True
41.9515 	EXP 	window1: mouseVisible = True
41.9515 	EXP 	window1: mouseVisible = True
41.9516 	EXP 	window1: mouseVisible = True
41.9516 	EXP 	window1: mouseVisible = True
41.9517 	EXP 	window1: mouseVisible = True
41.9517 	EXP 	window1: mouseVisible = True
41.9518 	EXP 	window1: mouseVisible = True
41.9518 	EXP 	window1: mouseVisible = True
41.9518 	EXP 	window1: mouseVisible = True
41.9519 	EXP 	window1: mouseVisible = True
41.9519 	EXP 	window1: mouseVisible = True
41.9520 	EXP 	window1: mouseVisible = True
41.9520 	EXP 	window1: mouseVisible = True
41.9520 	EXP 	window1: mouseVisible = True
41.9520 	EXP 	window1: mouseVisible = True
41.9521 	EXP 	window1: mouseVisible = True
41.9521 	EXP 	window1: mouseVisible = True
41.9521 	EXP 	window1: mouseVisible = True
41.9522 	EXP 	window1: mouseVisible = True
41.9522 	EXP 	window1: mouseVisible = True
41.9522 	EXP 	window1: mouseVisible = True
41.9523 	EXP 	window1: mouseVisible = True
41.9523 	EXP 	window1: mouseVisible = True
41.9523 	EXP 	window1: mouseVisible = True
41.9524 	EXP 	window1: mouseVisible = True
41.9524 	EXP 	window1: mouseVisible = True
41.9524 	EXP 	window1: mouseVisible = True
41.9525 	EXP 	window1: mouseVisible = True
41.9525 	EXP 	window1: mouseVisible = True
41.9525 	EXP 	window1: mouseVisible = True
41.9526 	EXP 	window1: mouseVisible = True
41.9526 	EXP 	window1: mouseVisible = True
41.9526 	EXP 	window1: mouseVisible = True
41.9526 	EXP 	window1: mouseVisible = True
41.9527 	EXP 	window1: mouseVisible = True
41.9527 	EXP 	window1: mouseVisible = True
41.9527 	EXP 	window1: mouseVisible = True
41.9528 	EXP 	window1: mouseVisible = True
41.9528 	EXP 	window1: mouseVisible = True
41.9528 	EXP 	window1: mouseVisible = True
41.9529 	EXP 	window1: mouseVisible = True
41.9529 	EXP 	window1: mouseVisible = True
41.9529 	EXP 	window1: mouseVisible = True
41.9530 	EXP 	window1: mouseVisible = True
41.9530 	EXP 	window1: mouseVisible = True
41.9530 	EXP 	window1: mouseVisible = True
41.9531 	EXP 	window1: mouseVisible = True
41.9531 	EXP 	window1: mouseVisible = True
41.9531 	EXP 	window1: mouseVisible = True
41.9531 	EXP 	window1: mouseVisible = True
41.9532 	EXP 	window1: mouseVisible = True
41.9532 	EXP 	window1: mouseVisible = True
