22.0004 	WARNING 	Monitor specification not found. Creating a temporary one...
22.0296 	WARNING 	User requested fullscreen with size [800 600], but screen is actually [1280, 1024]. Using actual size
22.9510 	EXP 	Created window1 = Window(allowGUI=True, allowStencil=False, autoLog=True, backendConf=UNKNOWN, bitsMode=UNKNOWN, blendMode='avg', bpc=(8, 8, 8), color=array([0, 0, 0]), colorSpace='rgb', depthBits=8, fullscr=<method-wrapper '__getattribute__' of attributeSetter object at 0x0000020720A79D00>, gamma=None, gammaErrorPolicy='raise', lms=UNKNOWN, monitor=<psychopy.monitors.calibTools.Monitor object at 0x0000020720F8E490>, multiSample=False, name='window1', numSamples=2, pos=(0, 0), screen=0, size=array([1280, 1024]), stencilBits=0, stereo=False, units='pix', useFBO=False, useRetina=False, viewOri=0.0, viewPos=None, viewScale=None, waitBlanking=True, winType='pyglet')
22.9511 	EXP 	window1: mouseVisible = True
22.9515 	EXP 	window1: mouseVisible = False
24.1060 	DATA 	Keypress: space
24.6299 	DATA 	Keypress: o
27.9262 	DATA 	Keypress: o
27.9268 	EXP 	window1: units = 'pix'
27.9585 	WARNING 	User requested fullscreen with size [1280  720], but screen is actually [1280, 1024]. Using actual size
28.3677 	EXP 	Created window1 = Window(allowGUI=False, allowStencil=False, autoLog=True, backendConf=UNKNOWN, bitsMode=UNKNOWN, blendMode='avg', bpc=(8, 8, 8), color=array([0, 0, 0]), colorSpace='rgb', depthBits=8, fullscr=<method-wrapper '__getattribute__' of attributeSetter object at 0x0000020720A79D00>, gamma=None, gammaErrorPolicy='raise', lms=UNKNOWN, monitor=<psychopy.monitors.calibTools.Monitor object at 0x0000020727A1A190>, multiSample=False, name='window1', numSamples=2, pos=(0, 0), screen=0, size=array([1280, 1024]), stencilBits=0, stereo=False, units='height', useFBO=True, useRetina=False, viewOri=0.0, viewPos=None, viewScale=None, waitBlanking=True, winType='pyglet')
28.3679 	EXP 	window1: mouseVisible = True
28.3679 	EXP 	window1: Attempting to measure frame rate of screen (0) ...
28.3679 	EXP 	window1: recordFrameIntervals = False
28.5341 	EXP 	window1: recordFrameIntervals = True
28.7175 	EXP 	Screen (0) actual frame rate measured at 59.93Hz
28.7175 	EXP 	window1: recordFrameIntervals = False
28.9261 	EXP 	Created Instructions = TextStim(__class__=<class 'psychopy.visual.text.TextStim'>, alignHoriz=method-wrapper(...), alignText='center', alignVert=method-wrapper(...), anchorHoriz='center', anchorVert='center', antialias=True, autoDraw=False, autoLog=True, bold=False, color=array([1, 1, 1]), colorSpace='rgb', contrast=1.0, depth=0.0, flipHoriz=False, flipVert=False, font='Arial', fontFiles=[], height=0.03, italic=False, languageStyle='LTR', name='Instructions', opacity=1.0, ori=0, pos=array([0., 0.]), rgb=UNKNOWN, text=str(...), units='height', win=Window(...), wrapWidth=1)
28.9316 	EXP 	Created Triplet1 = ImageStim(__class__=<class 'psychopy.visual.image.ImageStim'>, anchor=('center', 'center'), autoLog=True, color=array([1, 1, 1]), colorSpace='rgb', contrast=1.0, depth=-1.0, flipHoriz=False, flipVert=False, image='sin', interpolate=True, mask=None, maskParams=None, name='Triplet1', opacity=1.0, ori=0.0, pos=array([0., 0.]), size=array([0.25, 0.25]), texRes=128, units='height', win=Window(...))
28.9360 	EXP 	Created Triplet2 = ImageStim(__class__=<class 'psychopy.visual.image.ImageStim'>, anchor=('center', 'center'), autoLog=True, color=array([1, 1, 1]), colorSpace='rgb', contrast=1.0, depth=-2.0, flipHoriz=False, flipVert=False, image='sin', interpolate=True, mask=None, maskParams=None, name='Triplet2', opacity=1.0, ori=0.0, pos=array([0., 0.]), size=array([0.25, 0.25]), texRes=128, units='height', win=Window(...))
28.9415 	EXP 	Created Triplet3 = ImageStim(__class__=<class 'psychopy.visual.image.ImageStim'>, anchor=('center', 'center'), autoLog=True, color=array([1, 1, 1]), colorSpace='rgb', contrast=1.0, depth=-3.0, flipHoriz=False, flipVert=False, image='sin', interpolate=True, mask=None, maskParams=None, name='Triplet3', opacity=1.0, ori=0.0, pos=array([0., 0.]), size=array([0.25, 0.25]), texRes=128, units='height', win=Window(...))
28.9503 	EXP 	Sound sound_pop set volume 1.000
28.9592 	EXP 	Sound sound_pop2 set volume 1.000
28.9680 	EXP 	Sound sound_pop3 set volume 1.000
29.0009 	EXP 	Created fix = ImageStim(__class__=<class 'psychopy.visual.image.ImageStim'>, anchor=('center', 'center'), autoLog=True, color=array([1, 1, 1]), colorSpace='rgb', contrast=1.0, depth=0.0, flipHoriz=False, flipVert=False, image='images/fixation.png', interpolate=True, mask=None, maskParams=None, name='fix', opacity=1.0, ori=0.0, pos=array([0., 0.]), size=array([0.1 , 0.05]), texRes=128, units='height', win=Window(...))
29.0926 	EXP 	Created Mask = ImageStim(__class__=<class 'psychopy.visual.image.ImageStim'>, anchor=('center', 'center'), autoLog=True, color=array([1, 1, 1]), colorSpace='rgb', contrast=1.0, depth=0.0, flipHoriz=False, flipVert=False, image='images/Mask.png', interpolate=True, mask=None, maskParams=None, name='Mask', opacity=1.0, ori=0.0, pos=array([0., 0.]), size=array([1.5, 0.5]), texRes=128, units='height', win=Window(...))
29.0979 	EXP 	Created img1 = ImageStim(__class__=<class 'psychopy.visual.image.ImageStim'>, anchor=('center', 'center'), autoLog=True, color=array([1, 1, 1]), colorSpace='rgb', contrast=1.0, depth=-1.0, flipHoriz=False, flipVert=False, image='sin', interpolate=True, mask=None, maskParams=None, name='img1', opacity=1.0, ori=0.0, pos=array([0., 0.]), size=array([0.25, 0.25]), texRes=128, units='height', win=Window(...))
29.1020 	EXP 	Created img2 = ImageStim(__class__=<class 'psychopy.visual.image.ImageStim'>, anchor=('center', 'center'), autoLog=True, color=array([1, 1, 1]), colorSpace='rgb', contrast=1.0, depth=-2.0, flipHoriz=False, flipVert=False, image='sin', interpolate=True, mask=None, maskParams=None, name='img2', opacity=1.0, ori=0.0, pos=array([0., 0.]), size=array([0.25, 0.25]), texRes=128, units='height', win=Window(...))
29.1064 	EXP 	Created img3 = ImageStim(__class__=<class 'psychopy.visual.image.ImageStim'>, anchor=('center', 'center'), autoLog=True, color=array([1, 1, 1]), colorSpace='rgb', contrast=1.0, depth=-3.0, flipHoriz=False, flipVert=False, image='sin', interpolate=True, mask=None, maskParams=None, name='img3', opacity=1.0, ori=0.0, pos=array([0., 0.]), size=array([0.25, 0.25]), texRes=128, units='height', win=Window(...))
29.1152 	EXP 	Sound sound_pop4 set volume 1.000
29.1240 	EXP 	Sound sound_pop5 set volume 1.000
29.1330 	EXP 	Sound sound_pop6 set volume 1.000
29.1379 	EXP 	Created text_2 = TextStim(__class__=<class 'psychopy.visual.text.TextStim'>, alignHoriz=method-wrapper(...), alignText='center', alignVert=method-wrapper(...), anchorHoriz='center', anchorVert='center', antialias=True, autoDraw=False, autoLog=True, bold=False, color=array([1, 1, 1]), colorSpace='rgb', contrast=1.0, depth=0.0, flipHoriz=False, flipVert=False, font='Arial', fontFiles=[], height=0.03, italic=False, languageStyle='LTR', name='text_2', opacity=1.0, ori=0, pos=array([0., 0.]), rgb=UNKNOWN, text=str(...), units='height', win=Window(...), wrapWidth=1)
29.1405 	EXP 	Created text = TextStim(__class__=<class 'psychopy.visual.text.TextStim'>, alignHoriz=method-wrapper(...), alignText='center', alignVert=method-wrapper(...), anchorHoriz='center', anchorVert='center', antialias=True, autoDraw=False, autoLog=True, bold=False, color=array([1, 1, 1]), colorSpace='rgb', contrast=1.0, depth=-1.0, flipHoriz=False, flipVert=False, font='Arial', fontFiles=[], height=0.03, italic=False, languageStyle='LTR', name='text', opacity=1.0, ori=0, pos=array([0., 0.]), rgb=UNKNOWN, text=str(...), units='height', win=Window(...), wrapWidth=1)
29.1409 	EXP 	Created sameText = TextStim(__class__=<class 'psychopy.visual.text.TextStim'>, alignHoriz=method-wrapper(...), alignText='center', alignVert=method-wrapper(...), anchorHoriz='center', anchorVert='center', antialias=True, autoDraw=False, autoLog=True, bold=False, color=array([1, 1, 1]), colorSpace='rgb', contrast=1.0, depth=-2.0, flipHoriz=False, flipVert=False, font='Arial', fontFiles=[], height=0.03, italic=False, languageStyle='LTR', name='sameText', opacity=1.0, ori=0, pos=array([-0.2, -0.3]), rgb=UNKNOWN, text='', units='height', win=Window(...), wrapWidth=1)
29.1414 	EXP 	Created diffText = TextStim(__class__=<class 'psychopy.visual.text.TextStim'>, alignHoriz=method-wrapper(...), alignText='center', alignVert=method-wrapper(...), anchorHoriz='center', anchorVert='center', antialias=True, autoDraw=False, autoLog=True, bold=False, color=array([1, 1, 1]), colorSpace='rgb', contrast=1.0, depth=-3.0, flipHoriz=False, flipVert=False, font='Arial', fontFiles=[], height=0.03, italic=False, languageStyle='LTR', name='diffText', opacity=1.0, ori=0, pos=array([ 0.2, -0.3]), rgb=UNKNOWN, text='', units='height', win=Window(...), wrapWidth=1)
29.1423 	EXP 	Created leftCL = Rect(__class__=<class 'psychopy.visual.rect.Rect'>, anchor=('center', 'center'), autoDraw=False, autoLog=True, closeShape=True, color=method-wrapper(...), colorSpace='rgb', contrast=None, depth=-4.0, fillColor=array([1., 1., 1.]), fillColorSpace='rgb', fillRGB=array([1., 1., 1.]), interpolate=True, lineColor=array([1, 1, 1]), lineColorSpace='rgb', lineRGB=array([1, 1, 1]), lineWidth=3, name='leftCL', opacity=0.5, ori=0.0, pos=array([-0.2, -0.3]), size=array([-0.2, -0.2]), units='height', vertices=ndarray(...), win=Window(...))
29.1432 	EXP 	Created rightCL = Rect(__class__=<class 'psychopy.visual.rect.Rect'>, anchor=('center', 'center'), autoDraw=False, autoLog=True, closeShape=True, color=method-wrapper(...), colorSpace='rgb', contrast=None, depth=-5.0, fillColor=array([1., 1., 1.]), fillColorSpace='rgb', fillRGB=array([1., 1., 1.]), interpolate=True, lineColor=array([1, 1, 1]), lineColorSpace='rgb', lineRGB=array([1, 1, 1]), lineWidth=3, name='rightCL', opacity=0.5, ori=0.0, pos=array([ 0.2, -0.3]), size=array([0.2, 0.2]), units='height', vertices=ndarray(...), win=Window(...))
29.1432 	EXP 	window1: mouseVisible = True
29.1437 	EXP 	Sound clickedSound set volume 1.000
29.1473 	EXP 	Created retIMG = ImageStim(__class__=<class 'psychopy.visual.image.ImageStim'>, anchor=('center', 'center'), autoLog=True, color=array([1, 1, 1]), colorSpace='rgb', contrast=1.0, depth=-1.0, flipHoriz=False, flipVert=False, image='sin', interpolate=True, mask=None, maskParams=None, name='retIMG', opacity=1.0, ori=0.0, pos=array([0., 0.]), size=array([0.25, 0.25]), texRes=128, units='height', win=Window(...))
29.1560 	EXP 	Sound sound_pop7 set volume 1.000
29.1585 	EXP 	Created question_text = TextStim(__class__=<class 'psychopy.visual.text.TextStim'>, alignHoriz=method-wrapper(...), alignText='center', alignVert=method-wrapper(...), anchorHoriz='center', anchorVert='center', antialias=True, autoDraw=False, autoLog=True, bold=False, color=array([1, 1, 1]), colorSpace='rgb', contrast=1.0, depth=0.0, flipHoriz=False, flipVert=False, font='Arial', fontFiles=[], height=0.03, italic=False, languageStyle='LTR', name='question_text', opacity=1.0, ori=0, pos=array([0. , 0.3]), rgb=UNKNOWN, text='When did you see this object?', units='height', win=Window(...), wrapWidth=1)
29.1607 	EXP 	Created decisionQ_2 = TextStim(__class__=<class 'psychopy.visual.text.TextStim'>, alignHoriz=method-wrapper(...), alignText='center', alignVert=method-wrapper(...), anchorHoriz='center', anchorVert='center', antialias=True, autoDraw=False, autoLog=True, bold=False, color=array([1, 1, 1]), colorSpace='rgb', contrast=1.0, depth=-1.0, flipHoriz=False, flipVert=False, font='Arial', fontFiles=[], height=0.03, italic=False, languageStyle='LTR', name='decisionQ_2', opacity=1.0, ori=0, pos=array([0. , 0.3]), rgb=UNKNOWN, text='When did you see this object?', units='height', win=Window(...), wrapWidth=1)
29.1615 	EXP 	Created first_left = Rect(__class__=<class 'psychopy.visual.rect.Rect'>, anchor=('center', 'center'), autoDraw=False, autoLog=True, closeShape=True, color=method-wrapper(...), colorSpace='rgb', contrast=None, depth=-2.0, fillColor=array([1, 1, 1]), fillColorSpace='rgb', fillRGB=array([1, 1, 1]), interpolate=True, lineColor=array([1, 1, 1]), lineColorSpace='rgb', lineRGB=array([1, 1, 1]), lineWidth=3, name='first_left', opacity=0.5, ori=0.0, pos=array([0. , 0.1]), size=array([0.15, 0.15]), units='height', vertices=ndarray(...), win=Window(...))
29.1622 	EXP 	Created second_middle = Rect(__class__=<class 'psychopy.visual.rect.Rect'>, anchor=('center', 'center'), autoDraw=False, autoLog=True, closeShape=True, color=method-wrapper(...), colorSpace='rgb', contrast=None, depth=-3.0, fillColor=array([1, 1, 1]), fillColorSpace='rgb', fillRGB=array([1, 1, 1]), interpolate=True, lineColor=array([1, 1, 1]), lineColorSpace='rgb', lineRGB=array([1, 1, 1]), lineWidth=3, name='second_middle', opacity=0.5, ori=0.0, pos=array([ 0. , -0.1]), size=array([0.15, 0.15]), units='height', vertices=ndarray(...), win=Window(...))
29.1628 	EXP 	Created third_right = Rect(__class__=<class 'psychopy.visual.rect.Rect'>, anchor=('center', 'center'), autoDraw=False, autoLog=True, closeShape=True, color=method-wrapper(...), colorSpace='rgb', contrast=None, depth=-4.0, fillColor=array([1, 1, 1]), fillColorSpace='rgb', fillRGB=array([1, 1, 1]), interpolate=True, lineColor=array([1, 1, 1]), lineColorSpace='rgb', lineRGB=array([1, 1, 1]), lineWidth=3, name='third_right', opacity=0.5, ori=0.0, pos=array([ 0. , -0.3]), size=array([0.15, 0.15]), units='height', vertices=ndarray(...), win=Window(...))
29.1653 	EXP 	Created First = TextStim(__class__=<class 'psychopy.visual.text.TextStim'>, alignHoriz=method-wrapper(...), alignText='center', alignVert=method-wrapper(...), anchorHoriz='center', anchorVert='center', antialias=True, autoDraw=False, autoLog=True, bold=False, color=array([1, 1, 1]), colorSpace='rgb', contrast=1.0, depth=-5.0, flipHoriz=False, flipVert=False, font='Arial', fontFiles=[], height=0.03, italic=False, languageStyle='LTR', name='First', opacity=1.0, ori=0, pos=array([0. , 0.1]), rgb=UNKNOWN, text='First', units='height', win=Window(...), wrapWidth=1)
29.1672 	EXP 	Created Second = TextStim(__class__=<class 'psychopy.visual.text.TextStim'>, alignHoriz=method-wrapper(...), alignText='center', alignVert=method-wrapper(...), anchorHoriz='center', anchorVert='center', antialias=True, autoDraw=False, autoLog=True, bold=False, color=array([1, 1, 1]), colorSpace='rgb', contrast=1.0, depth=-6.0, flipHoriz=False, flipVert=False, font='Arial', fontFiles=[], height=0.03, italic=False, languageStyle='LTR', name='Second', opacity=1.0, ori=0, pos=array([ 0. , -0.1]), rgb=UNKNOWN, text='Second', units='height', win=Window(...), wrapWidth=1)
29.1691 	EXP 	Created Third = TextStim(__class__=<class 'psychopy.visual.text.TextStim'>, alignHoriz=method-wrapper(...), alignText='center', alignVert=method-wrapper(...), anchorHoriz='center', anchorVert='center', antialias=True, autoDraw=False, autoLog=True, bold=False, color=array([1, 1, 1]), colorSpace='rgb', contrast=1.0, depth=-7.0, flipHoriz=False, flipVert=False, font='Arial', fontFiles=[], height=0.03, italic=False, languageStyle='LTR', name='Third', opacity=1.0, ori=0, pos=array([ 0. , -0.3]), rgb=UNKNOWN, text='Third', units='height', win=Window(...), wrapWidth=1)
29.1691 	EXP 	window1: mouseVisible = True
29.1696 	EXP 	Sound clickedSound set volume 1.000
29.1762 	EXP 	Created BlockBreak = TextStim(__class__=<class 'psychopy.visual.text.TextStim'>, alignHoriz=method-wrapper(...), alignText='center', alignVert=method-wrapper(...), anchorHoriz='center', anchorVert='center', antialias=True, autoDraw=False, autoLog=True, bold=False, color=array([1, 1, 1]), colorSpace='rgb', contrast=1.0, depth=0.0, flipHoriz=False, flipVert=False, font='Arial', fontFiles=[], height=0.03, italic=False, languageStyle='LTR', name='BlockBreak', opacity=1.0, ori=0, pos=array([0., 0.]), rgb=UNKNOWN, text=str(...), units='height', win=Window(...), wrapWidth=1)
29.1919 	EXP 	Created text_4 = TextStim(__class__=<class 'psychopy.visual.text.TextStim'>, alignHoriz=method-wrapper(...), alignText='center', alignVert=method-wrapper(...), anchorHoriz='center', anchorVert='center', antialias=True, autoDraw=False, autoLog=True, bold=False, color=array([1, 1, 1]), colorSpace='rgb', contrast=1.0, depth=-1.0, flipHoriz=False, flipVert=False, font='Open Sans', fontFiles=[], height=0.03, italic=False, languageStyle='LTR', name='text_4', opacity=1.0, ori=0.0, pos=array([0., 0.]), rgb=UNKNOWN, text=str(...), units='height', win=Window(...), wrapWidth=1)
29.1955 	EXP 	Created Triplet1 = ImageStim(__class__=<class 'psychopy.visual.image.ImageStim'>, anchor=('center', 'center'), autoLog=True, color=array([1, 1, 1]), colorSpace='rgb', contrast=1.0, depth=-1.0, flipHoriz=False, flipVert=False, image='sin', interpolate=True, mask=None, maskParams=None, name='Triplet1', opacity=1.0, ori=0.0, pos=array([0., 0.]), size=array([0.25, 0.25]), texRes=128, units='height', win=Window(...))
29.1999 	EXP 	Created Triplet2 = ImageStim(__class__=<class 'psychopy.visual.image.ImageStim'>, anchor=('center', 'center'), autoLog=True, color=array([1, 1, 1]), colorSpace='rgb', contrast=1.0, depth=-2.0, flipHoriz=False, flipVert=False, image='sin', interpolate=True, mask=None, maskParams=None, name='Triplet2', opacity=1.0, ori=0.0, pos=array([0., 0.]), size=array([0.25, 0.25]), texRes=128, units='height', win=Window(...))
29.2041 	EXP 	Created Triplet3 = ImageStim(__class__=<class 'psychopy.visual.image.ImageStim'>, anchor=('center', 'center'), autoLog=True, color=array([1, 1, 1]), colorSpace='rgb', contrast=1.0, depth=-3.0, flipHoriz=False, flipVert=False, image='sin', interpolate=True, mask=None, maskParams=None, name='Triplet3', opacity=1.0, ori=0.0, pos=array([0., 0.]), size=array([0.25, 0.25]), texRes=128, units='height', win=Window(...))
29.2129 	EXP 	Sound sound_pop set volume 1.000
29.2216 	EXP 	Sound sound_pop2 set volume 1.000
29.2304 	EXP 	Sound sound_pop3 set volume 1.000
29.2530 	EXP 	Created fix = ImageStim(__class__=<class 'psychopy.visual.image.ImageStim'>, anchor=('center', 'center'), autoLog=True, color=array([1, 1, 1]), colorSpace='rgb', contrast=1.0, depth=0.0, flipHoriz=False, flipVert=False, image='images/fixation.png', interpolate=True, mask=None, maskParams=None, name='fix', opacity=1.0, ori=0.0, pos=array([0., 0.]), size=array([0.1 , 0.05]), texRes=128, units='height', win=Window(...))
29.3401 	EXP 	Created Mask = ImageStim(__class__=<class 'psychopy.visual.image.ImageStim'>, anchor=('center', 'center'), autoLog=True, color=array([1, 1, 1]), colorSpace='rgb', contrast=1.0, depth=0.0, flipHoriz=False, flipVert=False, image='images/Mask.png', interpolate=True, mask=None, maskParams=None, name='Mask', opacity=1.0, ori=0.0, pos=array([0., 0.]), size=array([1.5, 0.5]), texRes=128, units='height', win=Window(...))
29.3457 	EXP 	Created img1 = ImageStim(__class__=<class 'psychopy.visual.image.ImageStim'>, anchor=('center', 'center'), autoLog=True, color=array([1, 1, 1]), colorSpace='rgb', contrast=1.0, depth=-1.0, flipHoriz=False, flipVert=False, image='sin', interpolate=True, mask=None, maskParams=None, name='img1', opacity=1.0, ori=0.0, pos=array([0., 0.]), size=array([0.25, 0.25]), texRes=128, units='height', win=Window(...))
29.3499 	EXP 	Created img2 = ImageStim(__class__=<class 'psychopy.visual.image.ImageStim'>, anchor=('center', 'center'), autoLog=True, color=array([1, 1, 1]), colorSpace='rgb', contrast=1.0, depth=-2.0, flipHoriz=False, flipVert=False, image='sin', interpolate=True, mask=None, maskParams=None, name='img2', opacity=1.0, ori=0.0, pos=array([0., 0.]), size=array([0.25, 0.25]), texRes=128, units='height', win=Window(...))
29.3541 	EXP 	Created img3 = ImageStim(__class__=<class 'psychopy.visual.image.ImageStim'>, anchor=('center', 'center'), autoLog=True, color=array([1, 1, 1]), colorSpace='rgb', contrast=1.0, depth=-3.0, flipHoriz=False, flipVert=False, image='sin', interpolate=True, mask=None, maskParams=None, name='img3', opacity=1.0, ori=0.0, pos=array([0., 0.]), size=array([0.25, 0.25]), texRes=128, units='height', win=Window(...))
29.3628 	EXP 	Sound sound_pop4 set volume 1.000
29.3717 	EXP 	Sound sound_pop5 set volume 1.000
29.3804 	EXP 	Sound sound_pop6 set volume 1.000
29.3840 	EXP 	Created text_2 = TextStim(__class__=<class 'psychopy.visual.text.TextStim'>, alignHoriz=method-wrapper(...), alignText='center', alignVert=method-wrapper(...), anchorHoriz='center', anchorVert='center', antialias=True, autoDraw=False, autoLog=True, bold=False, color=array([1, 1, 1]), colorSpace='rgb', contrast=1.0, depth=0.0, flipHoriz=False, flipVert=False, font='Arial', fontFiles=[], height=0.03, italic=False, languageStyle='LTR', name='text_2', opacity=1.0, ori=0, pos=array([0., 0.]), rgb=UNKNOWN, text=str(...), units='height', win=Window(...), wrapWidth=1)
29.3865 	EXP 	Created text = TextStim(__class__=<class 'psychopy.visual.text.TextStim'>, alignHoriz=method-wrapper(...), alignText='center', alignVert=method-wrapper(...), anchorHoriz='center', anchorVert='center', antialias=True, autoDraw=False, autoLog=True, bold=False, color=array([1, 1, 1]), colorSpace='rgb', contrast=1.0, depth=-1.0, flipHoriz=False, flipVert=False, font='Arial', fontFiles=[], height=0.03, italic=False, languageStyle='LTR', name='text', opacity=1.0, ori=0, pos=array([0., 0.]), rgb=UNKNOWN, text=str(...), units='height', win=Window(...), wrapWidth=1)
29.3870 	EXP 	Created sameText = TextStim(__class__=<class 'psychopy.visual.text.TextStim'>, alignHoriz=method-wrapper(...), alignText='center', alignVert=method-wrapper(...), anchorHoriz='center', anchorVert='center', antialias=True, autoDraw=False, autoLog=True, bold=False, color=array([1, 1, 1]), colorSpace='rgb', contrast=1.0, depth=-2.0, flipHoriz=False, flipVert=False, font='Arial', fontFiles=[], height=0.03, italic=False, languageStyle='LTR', name='sameText', opacity=1.0, ori=0, pos=array([-0.2, -0.3]), rgb=UNKNOWN, text='', units='height', win=Window(...), wrapWidth=1)
29.3876 	EXP 	Created diffText = TextStim(__class__=<class 'psychopy.visual.text.TextStim'>, alignHoriz=method-wrapper(...), alignText='center', alignVert=method-wrapper(...), anchorHoriz='center', anchorVert='center', antialias=True, autoDraw=False, autoLog=True, bold=False, color=array([1, 1, 1]), colorSpace='rgb', contrast=1.0, depth=-3.0, flipHoriz=False, flipVert=False, font='Arial', fontFiles=[], height=0.03, italic=False, languageStyle='LTR', name='diffText', opacity=1.0, ori=0, pos=array([ 0.2, -0.3]), rgb=UNKNOWN, text='', units='height', win=Window(...), wrapWidth=1)
29.3885 	EXP 	Created leftCL = Rect(__class__=<class 'psychopy.visual.rect.Rect'>, anchor=('center', 'center'), autoDraw=False, autoLog=True, closeShape=True, color=method-wrapper(...), colorSpace='rgb', contrast=None, depth=-4.0, fillColor=array([1., 1., 1.]), fillColorSpace='rgb', fillRGB=array([1., 1., 1.]), interpolate=True, lineColor=array([1, 1, 1]), lineColorSpace='rgb', lineRGB=array([1, 1, 1]), lineWidth=3, name='leftCL', opacity=0.5, ori=0.0, pos=array([-0.2, -0.3]), size=array([-0.2, -0.2]), units='height', vertices=ndarray(...), win=Window(...))
29.3895 	EXP 	Created rightCL = Rect(__class__=<class 'psychopy.visual.rect.Rect'>, anchor=('center', 'center'), autoDraw=False, autoLog=True, closeShape=True, color=method-wrapper(...), colorSpace='rgb', contrast=None, depth=-5.0, fillColor=array([1., 1., 1.]), fillColorSpace='rgb', fillRGB=array([1., 1., 1.]), interpolate=True, lineColor=array([1, 1, 1]), lineColorSpace='rgb', lineRGB=array([1, 1, 1]), lineWidth=3, name='rightCL', opacity=0.5, ori=0.0, pos=array([ 0.2, -0.3]), size=array([0.2, 0.2]), units='height', vertices=ndarray(...), win=Window(...))
29.3895 	EXP 	window1: mouseVisible = True
29.3900 	EXP 	Sound clickedSound set volume 1.000
29.3937 	EXP 	Created retIMG = ImageStim(__class__=<class 'psychopy.visual.image.ImageStim'>, anchor=('center', 'center'), autoLog=True, color=array([1, 1, 1]), colorSpace='rgb', contrast=1.0, depth=-1.0, flipHoriz=False, flipVert=False, image='sin', interpolate=True, mask=None, maskParams=None, name='retIMG', opacity=1.0, ori=0.0, pos=array([0., 0.]), size=array([0.25, 0.25]), texRes=128, units='height', win=Window(...))
29.4025 	EXP 	Sound sound_pop7 set volume 1.000
29.4048 	EXP 	Created question_text = TextStim(__class__=<class 'psychopy.visual.text.TextStim'>, alignHoriz=method-wrapper(...), alignText='center', alignVert=method-wrapper(...), anchorHoriz='center', anchorVert='center', antialias=True, autoDraw=False, autoLog=True, bold=False, color=array([1, 1, 1]), colorSpace='rgb', contrast=1.0, depth=0.0, flipHoriz=False, flipVert=False, font='Arial', fontFiles=[], height=0.03, italic=False, languageStyle='LTR', name='question_text', opacity=1.0, ori=0, pos=array([0. , 0.3]), rgb=UNKNOWN, text='When did you see this object?', units='height', win=Window(...), wrapWidth=1)
29.4070 	EXP 	Created decisionQ_2 = TextStim(__class__=<class 'psychopy.visual.text.TextStim'>, alignHoriz=method-wrapper(...), alignText='center', alignVert=method-wrapper(...), anchorHoriz='center', anchorVert='center', antialias=True, autoDraw=False, autoLog=True, bold=False, color=array([1, 1, 1]), colorSpace='rgb', contrast=1.0, depth=-1.0, flipHoriz=False, flipVert=False, font='Arial', fontFiles=[], height=0.03, italic=False, languageStyle='LTR', name='decisionQ_2', opacity=1.0, ori=0, pos=array([0. , 0.3]), rgb=UNKNOWN, text='When did you see this object?', units='height', win=Window(...), wrapWidth=1)
29.4077 	EXP 	Created first_left = Rect(__class__=<class 'psychopy.visual.rect.Rect'>, anchor=('center', 'center'), autoDraw=False, autoLog=True, closeShape=True, color=method-wrapper(...), colorSpace='rgb', contrast=None, depth=-2.0, fillColor=array([1, 1, 1]), fillColorSpace='rgb', fillRGB=array([1, 1, 1]), interpolate=True, lineColor=array([1, 1, 1]), lineColorSpace='rgb', lineRGB=array([1, 1, 1]), lineWidth=3, name='first_left', opacity=0.5, ori=0.0, pos=array([0. , 0.1]), size=array([0.15, 0.15]), units='height', vertices=ndarray(...), win=Window(...))
29.4084 	EXP 	Created second_middle = Rect(__class__=<class 'psychopy.visual.rect.Rect'>, anchor=('center', 'center'), autoDraw=False, autoLog=True, closeShape=True, color=method-wrapper(...), colorSpace='rgb', contrast=None, depth=-3.0, fillColor=array([1, 1, 1]), fillColorSpace='rgb', fillRGB=array([1, 1, 1]), interpolate=True, lineColor=array([1, 1, 1]), lineColorSpace='rgb', lineRGB=array([1, 1, 1]), lineWidth=3, name='second_middle', opacity=0.5, ori=0.0, pos=array([ 0. , -0.1]), size=array([0.15, 0.15]), units='height', vertices=ndarray(...), win=Window(...))
29.4091 	EXP 	Created third_right = Rect(__class__=<class 'psychopy.visual.rect.Rect'>, anchor=('center', 'center'), autoDraw=False, autoLog=True, closeShape=True, color=method-wrapper(...), colorSpace='rgb', contrast=None, depth=-4.0, fillColor=array([1, 1, 1]), fillColorSpace='rgb', fillRGB=array([1, 1, 1]), interpolate=True, lineColor=array([1, 1, 1]), lineColorSpace='rgb', lineRGB=array([1, 1, 1]), lineWidth=3, name='third_right', opacity=0.5, ori=0.0, pos=array([ 0. , -0.3]), size=array([0.15, 0.15]), units='height', vertices=ndarray(...), win=Window(...))
29.4111 	EXP 	Created First = TextStim(__class__=<class 'psychopy.visual.text.TextStim'>, alignHoriz=method-wrapper(...), alignText='center', alignVert=method-wrapper(...), anchorHoriz='center', anchorVert='center', antialias=True, autoDraw=False, autoLog=True, bold=False, color=array([1, 1, 1]), colorSpace='rgb', contrast=1.0, depth=-5.0, flipHoriz=False, flipVert=False, font='Arial', fontFiles=[], height=0.03, italic=False, languageStyle='LTR', name='First', opacity=1.0, ori=0, pos=array([0. , 0.1]), rgb=UNKNOWN, text='First', units='height', win=Window(...), wrapWidth=1)
29.4131 	EXP 	Created Second = TextStim(__class__=<class 'psychopy.visual.text.TextStim'>, alignHoriz=method-wrapper(...), alignText='center', alignVert=method-wrapper(...), anchorHoriz='center', anchorVert='center', antialias=True, autoDraw=False, autoLog=True, bold=False, color=array([1, 1, 1]), colorSpace='rgb', contrast=1.0, depth=-6.0, flipHoriz=False, flipVert=False, font='Arial', fontFiles=[], height=0.03, italic=False, languageStyle='LTR', name='Second', opacity=1.0, ori=0, pos=array([ 0. , -0.1]), rgb=UNKNOWN, text='Second', units='height', win=Window(...), wrapWidth=1)
29.4156 	EXP 	Created Third = TextStim(__class__=<class 'psychopy.visual.text.TextStim'>, alignHoriz=method-wrapper(...), alignText='center', alignVert=method-wrapper(...), anchorHoriz='center', anchorVert='center', antialias=True, autoDraw=False, autoLog=True, bold=False, color=array([1, 1, 1]), colorSpace='rgb', contrast=1.0, depth=-7.0, flipHoriz=False, flipVert=False, font='Arial', fontFiles=[], height=0.03, italic=False, languageStyle='LTR', name='Third', opacity=1.0, ori=0, pos=array([ 0. , -0.3]), rgb=UNKNOWN, text='Third', units='height', win=Window(...), wrapWidth=1)
29.4157 	EXP 	window1: mouseVisible = True
29.4162 	EXP 	Sound clickedSound set volume 1.000
29.4190 	EXP 	Created end = TextStim(__class__=<class 'psychopy.visual.text.TextStim'>, alignHoriz=method-wrapper(...), alignText='center', alignVert=method-wrapper(...), anchorHoriz='center', anchorVert='center', antialias=True, autoDraw=False, autoLog=True, bold=False, color=array([1, 1, 1]), colorSpace='rgb', contrast=1.0, depth=0.0, flipHoriz=False, flipVert=False, font='Arial', fontFiles=[], height=0.03, italic=False, languageStyle='LTR', name='end', opacity=1.0, ori=0, pos=array([0., 0.]), rgb=UNKNOWN, text=str(...), units='height', win=Window(...), wrapWidth=1)
29.4229 	EXP 	Instructions: autoDraw = True
30.7024 	EXP 	Created sequence: random, trialTypes=1, nReps=2, seed=None
30.7025 	EXP 	New trial (rep=0, index=0): None
30.7671 	DATA 	Keypress: space
30.8736 	EXP 	Instructions: autoDraw = False
30.8736 	EXP 	fix: autoDraw = True
32.5657 	EXP 	Sound sound_pop started
32.5656 	EXP 	fix: autoDraw = False
32.5656 	EXP 	fix: autoDraw = False
32.5656 	EXP 	Triplet1: image = 'images/OBJ_119.png'
32.5656 	EXP 	Triplet2: image = 'images/OBJ_166.png'
32.5656 	EXP 	Triplet3: image = 'images/OBJ_190.png'
32.5656 	EXP 	Triplet1: image = 'images/OBJ_119.png'
32.5656 	EXP 	Triplet2: image = 'images/OBJ_166.png'
32.5656 	EXP 	Triplet3: image = 'images/OBJ_190.png'
32.5656 	EXP 	Triplet1: autoDraw = True
32.9336 	EXP 	Sound sound_pop reached end of file
34.0656 	EXP 	Triplet1: autoDraw = False
34.5654 	EXP 	Sound sound_pop2 started
34.5654 	EXP 	Triplet2: autoDraw = True
34.9240 	EXP 	Sound sound_pop2 reached end of file
36.0650 	EXP 	Triplet2: autoDraw = False
36.5653 	EXP 	Sound sound_pop3 started
36.5649 	EXP 	Triplet3: autoDraw = True
36.9341 	EXP 	Sound sound_pop3 reached end of file
38.0645 	EXP 	Triplet3: autoDraw = False
38.0645 	EXP 	Triplet1: autoDraw = False
38.0645 	EXP 	Triplet2: autoDraw = False
38.0645 	EXP 	Triplet3: autoDraw = False
38.0645 	EXP 	Mask: autoDraw = True
39.6970 	EXP 	Sound sound_pop4 started
39.6918 	EXP 	Mask: autoDraw = False
39.6918 	EXP 	Mask: autoDraw = False
39.6918 	EXP 	img1: image = 'images/OBJ_166.png'
39.6918 	EXP 	img2: image = 'images/OBJ_190.png'
39.6918 	EXP 	img3: image = 'images/OBJ_119.png'
39.6918 	EXP 	img1: autoDraw = True
40.0643 	EXP 	Sound sound_pop4 reached end of file
41.1969 	EXP 	img1: autoDraw = False
41.6800 	EXP 	Sound sound_pop5 started
41.6801 	EXP 	img2: autoDraw = True
42.0431 	EXP 	Sound sound_pop5 reached end of file
43.1796 	EXP 	img2: autoDraw = False
43.6795 	EXP 	Sound sound_pop6 started
43.6800 	EXP 	img3: autoDraw = True
44.0444 	EXP 	Sound sound_pop6 reached end of file
45.1790 	EXP 	img3: autoDraw = False
45.1790 	EXP 	img1: autoDraw = False
45.1790 	EXP 	img2: autoDraw = False
45.1790 	EXP 	img3: autoDraw = False
45.1790 	EXP 	text_2: autoDraw = True
46.2219 	EXP 	text_2: autoDraw = False
46.2219 	EXP 	text_2: autoDraw = False
46.2219 	EXP 	sameText: height = 0.03
46.2219 	EXP 	sameText: height = 0.03
46.2219 	EXP 	sameText: height = 0.03
46.2219 	EXP 	sameText: text = 'Same'
46.2219 	EXP 	diffText: height = 0.03
46.2219 	EXP 	diffText: height = 0.03
46.2219 	EXP 	diffText: height = 0.03
46.2219 	EXP 	diffText: text = 'Different'
46.2219 	EXP 	text: autoDraw = True
46.2219 	EXP 	sameText: autoDraw = True
46.2219 	EXP 	diffText: autoDraw = True
46.2219 	EXP 	leftCL: autoDraw = True
46.2219 	EXP 	rightCL: autoDraw = True
53.1622 	DATA 	Mouse: Left button down, pos=(453,234)
53.1934 	EXP 	Sound clickedSound started
53.1935 	EXP 	text: autoDraw = False
53.1935 	EXP 	sameText: autoDraw = False
53.1935 	EXP 	diffText: autoDraw = False
53.1935 	EXP 	leftCL: autoDraw = False
53.1935 	EXP 	rightCL: autoDraw = False
53.2604 	DATA 	Mouse:  Left button up, pos=(453,233)
53.6940 	EXP 	Sound clickedSound stopped
53.6943 	EXP 	New trial (rep=1, index=0): None
53.8668 	EXP 	fix: autoDraw = True
55.4930 	EXP 	Sound sound_pop started
55.4905 	EXP 	fix: autoDraw = False
55.4905 	EXP 	fix: autoDraw = False
55.4905 	EXP 	Triplet1: image = 'images/OBJ_205.png'
55.4905 	EXP 	Triplet2: image = 'images/OBJ_8.png'
55.4905 	EXP 	Triplet3: image = 'images/OBJ_149.png'
55.4905 	EXP 	Triplet1: image = 'images/OBJ_205.png'
55.4905 	EXP 	Triplet2: image = 'images/OBJ_8.png'
55.4905 	EXP 	Triplet3: image = 'images/OBJ_149.png'
55.4905 	EXP 	Triplet1: autoDraw = True
55.8743 	EXP 	Sound sound_pop reached end of file
56.9923 	EXP 	Triplet1: autoDraw = False
57.4926 	EXP 	Sound sound_pop2 started
57.4926 	EXP 	Triplet2: autoDraw = True
57.8551 	EXP 	Sound sound_pop2 reached end of file
58.9920 	EXP 	Triplet2: autoDraw = False
59.4915 	EXP 	Sound sound_pop3 started
59.4916 	EXP 	Triplet3: autoDraw = True
59.8544 	EXP 	Sound sound_pop3 reached end of file
60.9912 	EXP 	Triplet3: autoDraw = False
60.9912 	EXP 	Triplet1: autoDraw = False
60.9912 	EXP 	Triplet2: autoDraw = False
60.9912 	EXP 	Triplet3: autoDraw = False
60.9912 	EXP 	Mask: autoDraw = True
62.5404 	EXP 	Sound sound_pop4 started
62.5396 	EXP 	Mask: autoDraw = False
62.5396 	EXP 	Mask: autoDraw = False
62.5396 	EXP 	img1: image = 'images/OBJ_205.png'
62.5396 	EXP 	img2: image = 'images/OBJ_8.png'
62.5396 	EXP 	img3: image = 'images/OBJ_149.png'
62.5396 	EXP 	img1: autoDraw = True
62.9153 	EXP 	Sound sound_pop4 reached end of file
64.0403 	EXP 	img1: autoDraw = False
64.5401 	EXP 	Sound sound_pop5 started
64.5402 	EXP 	img2: autoDraw = True
64.9042 	EXP 	Sound sound_pop5 reached end of file
66.0401 	EXP 	img2: autoDraw = False
66.5395 	EXP 	Sound sound_pop6 started
66.5395 	EXP 	img3: autoDraw = True
66.9054 	EXP 	Sound sound_pop6 reached end of file
68.0391 	EXP 	img3: autoDraw = False
68.0391 	EXP 	img1: autoDraw = False
68.0391 	EXP 	img2: autoDraw = False
68.0391 	EXP 	img3: autoDraw = False
68.0391 	EXP 	text_2: autoDraw = True
69.0388 	EXP 	text_2: autoDraw = False
69.0388 	EXP 	text_2: autoDraw = False
69.0388 	EXP 	sameText: text = 'Same'
69.0388 	EXP 	diffText: text = 'Different'
69.0388 	EXP 	text: autoDraw = True
69.0388 	EXP 	sameText: autoDraw = True
69.0388 	EXP 	diffText: autoDraw = True
69.0388 	EXP 	leftCL: autoDraw = True
69.0388 	EXP 	rightCL: autoDraw = True
69.3223 	DATA 	Mouse: Left button down, pos=(393,180)
69.3387 	EXP 	Sound clickedSound started
69.3388 	EXP 	text: autoDraw = False
69.3388 	EXP 	sameText: autoDraw = False
69.3388 	EXP 	diffText: autoDraw = False
69.3388 	EXP 	leftCL: autoDraw = False
69.3388 	EXP 	rightCL: autoDraw = False
69.4558 	DATA 	Mouse:  Left button up, pos=(393,180)
69.8442 	EXP 	Sound clickedSound stopped
69.8478 	EXP 	BlockBreak: autoDraw = True
71.3386 	EXP 	Created sequence: random, trialTypes=1, nReps=1, seed=None
71.3387 	EXP 	New trial (rep=0, index=0): None
71.4091 	DATA 	Keypress: space
71.5709 	EXP 	Sound sound_pop7 started
71.5651 	EXP 	BlockBreak: autoDraw = False
71.5651 	EXP 	text_4: autoDraw = False
71.5651 	EXP 	retIMG: image = 'images/OBJ_149.png'
71.5651 	EXP 	retIMG: autoDraw = True
71.9351 	EXP 	Sound sound_pop7 reached end of file
73.0710 	EXP 	retIMG: autoDraw = False
73.0710 	EXP 	retIMG: autoDraw = False
73.0710 	EXP 	question_text: autoDraw = True
74.0707 	EXP 	question_text: autoDraw = False
74.0707 	EXP 	question_text: autoDraw = False
74.0707 	EXP 	decisionQ_2: autoDraw = True
75.0542 	EXP 	first_left: autoDraw = True
75.0542 	EXP 	second_middle: autoDraw = True
75.0542 	EXP 	third_right: autoDraw = True
75.0542 	EXP 	First: autoDraw = True
75.0542 	EXP 	Second: autoDraw = True
75.0542 	EXP 	Third: autoDraw = True
75.3390 	DATA 	Mouse: Left button down, pos=(644,409)
75.3703 	EXP 	Sound clickedSound started
75.3703 	EXP 	decisionQ_2: autoDraw = False
75.3703 	EXP 	first_left: autoDraw = False
75.3703 	EXP 	second_middle: autoDraw = False
75.3703 	EXP 	third_right: autoDraw = False
75.3703 	EXP 	First: autoDraw = False
75.3703 	EXP 	Second: autoDraw = False
75.3703 	EXP 	Third: autoDraw = False
75.4539 	DATA 	Mouse:  Left button up, pos=(644,409)
75.8744 	EXP 	Sound clickedSound stopped
75.8779 	EXP 	Instructions: autoDraw = True
77.1535 	EXP 	Created sequence: random, trialTypes=1, nReps=2, seed=None
77.1537 	EXP 	New trial (rep=0, index=0): None
77.2257 	DATA 	Keypress: space
77.3291 	EXP 	Instructions: autoDraw = False
77.3291 	EXP 	fix: autoDraw = True
78.8862 	EXP 	Sound sound_pop started
78.8848 	EXP 	fix: autoDraw = False
78.8848 	EXP 	fix: autoDraw = False
78.8848 	EXP 	Triplet1: image = 'images/OBJ_55.png'
78.8848 	EXP 	Triplet2: image = 'images/OBJ_182.png'
78.8848 	EXP 	Triplet3: image = 'images/OBJ_18.png'
78.8848 	EXP 	Triplet1: autoDraw = True
79.2653 	EXP 	Sound sound_pop reached end of file
80.3855 	EXP 	Triplet1: autoDraw = False
80.8853 	EXP 	Sound sound_pop2 started
80.8854 	EXP 	Triplet2: autoDraw = True
81.2543 	EXP 	Sound sound_pop2 reached end of file
82.3849 	EXP 	Triplet2: autoDraw = False
82.8851 	EXP 	Sound sound_pop3 started
82.8848 	EXP 	Triplet3: autoDraw = True
83.2454 	EXP 	Sound sound_pop3 reached end of file
84.3844 	EXP 	Triplet3: autoDraw = False
84.3844 	EXP 	Triplet1: autoDraw = False
84.3844 	EXP 	Triplet2: autoDraw = False
84.3844 	EXP 	Triplet3: autoDraw = False
84.3844 	EXP 	Mask: autoDraw = True
85.9337 	EXP 	Sound sound_pop4 started
85.9258 	EXP 	Mask: autoDraw = False
85.9258 	EXP 	Mask: autoDraw = False
85.9258 	EXP 	img1: image = 'images/OBJ_55.png'
85.9258 	EXP 	img2: image = 'images/OBJ_182.png'
85.9258 	EXP 	img3: image = 'images/OBJ_18.png'
85.9258 	EXP 	img1: autoDraw = True
86.2961 	EXP 	Sound sound_pop4 reached end of file
87.4335 	EXP 	img1: autoDraw = False
87.9170 	EXP 	Sound sound_pop5 started
87.9166 	EXP 	img2: autoDraw = True
88.2851 	EXP 	Sound sound_pop5 reached end of file
89.4162 	EXP 	img2: autoDraw = False
89.9161 	EXP 	Sound sound_pop6 started
89.9161 	EXP 	img3: autoDraw = True
90.2862 	EXP 	Sound sound_pop6 reached end of file
91.4161 	EXP 	img3: autoDraw = False
91.4161 	EXP 	img1: autoDraw = False
91.4161 	EXP 	img2: autoDraw = False
91.4161 	EXP 	img3: autoDraw = False
91.4161 	EXP 	text_2: autoDraw = True
92.4154 	EXP 	text_2: autoDraw = False
92.4154 	EXP 	text_2: autoDraw = False
92.4154 	EXP 	sameText: text = 'Same'
92.4154 	EXP 	diffText: text = 'Different'
92.4154 	EXP 	text: autoDraw = True
92.4154 	EXP 	sameText: autoDraw = True
92.4154 	EXP 	diffText: autoDraw = True
92.4154 	EXP 	leftCL: autoDraw = True
92.4154 	EXP 	rightCL: autoDraw = True
92.7655 	DATA 	Mouse: Left button down, pos=(444,250)
92.7819 	EXP 	Sound clickedSound started
92.7820 	EXP 	text: autoDraw = False
92.7820 	EXP 	sameText: autoDraw = False
92.7820 	EXP 	diffText: autoDraw = False
92.7820 	EXP 	leftCL: autoDraw = False
92.7820 	EXP 	rightCL: autoDraw = False
92.8822 	DATA 	Mouse:  Left button up, pos=(444,250)
93.2861 	EXP 	Sound clickedSound stopped
93.2865 	EXP 	New trial (rep=1, index=0): None
93.4620 	EXP 	fix: autoDraw = True
95.0145 	EXP 	Sound sound_pop started
95.0142 	EXP 	fix: autoDraw = False
95.0142 	EXP 	fix: autoDraw = False
95.0142 	EXP 	Triplet1: image = 'images/OBJ_173.png'
95.0142 	EXP 	Triplet2: image = 'images/OBJ_209.png'
95.0142 	EXP 	Triplet3: image = 'images/OBJ_87.png'
95.0142 	EXP 	Triplet1: autoDraw = True
95.3852 	EXP 	Sound sound_pop reached end of file
96.5142 	EXP 	Triplet1: autoDraw = False
97.0140 	EXP 	Sound sound_pop2 started
97.0145 	EXP 	Triplet2: autoDraw = True
97.3761 	EXP 	Sound sound_pop2 reached end of file
98.5136 	EXP 	Triplet2: autoDraw = False
99.0134 	EXP 	Sound sound_pop3 started
99.0139 	EXP 	Triplet3: autoDraw = True
99.3753 	EXP 	Sound sound_pop3 reached end of file
100.5130 	EXP 	Triplet3: autoDraw = False
100.5130 	EXP 	Triplet1: autoDraw = False
100.5130 	EXP 	Triplet2: autoDraw = False
100.5130 	EXP 	Triplet3: autoDraw = False
100.5130 	EXP 	Mask: autoDraw = True
102.0628 	EXP 	Sound sound_pop4 started
102.0564 	EXP 	Mask: autoDraw = False
102.0564 	EXP 	Mask: autoDraw = False
102.0564 	EXP 	img1: image = 'images/OBJ_173.png'
102.0564 	EXP 	img2: image = 'images/OBJ_209.png'
102.0564 	EXP 	img3: image = 'images/OBJ_87.png'
102.0564 	EXP 	img1: autoDraw = True
102.4361 	EXP 	Sound sound_pop4 reached end of file
103.5621 	EXP 	img1: autoDraw = False
104.0453 	EXP 	Sound sound_pop5 started
104.0453 	EXP 	img2: autoDraw = True
104.4068 	EXP 	Sound sound_pop5 reached end of file
105.5453 	EXP 	img2: autoDraw = False
106.0447 	EXP 	Sound sound_pop6 started
106.0452 	EXP 	img3: autoDraw = True
106.4061 	EXP 	Sound sound_pop6 reached end of file
107.5443 	EXP 	img3: autoDraw = False
107.5443 	EXP 	img1: autoDraw = False
107.5443 	EXP 	img2: autoDraw = False
107.5443 	EXP 	img3: autoDraw = False
107.5443 	EXP 	text_2: autoDraw = True
108.5440 	EXP 	text_2: autoDraw = False
108.5440 	EXP 	text_2: autoDraw = False
108.5440 	EXP 	sameText: text = 'Same'
108.5440 	EXP 	diffText: text = 'Different'
108.5440 	EXP 	text: autoDraw = True
108.5440 	EXP 	sameText: autoDraw = True
108.5440 	EXP 	diffText: autoDraw = True
108.5440 	EXP 	leftCL: autoDraw = True
108.5440 	EXP 	rightCL: autoDraw = True
108.7781 	DATA 	Mouse: Left button down, pos=(444,250)
108.7944 	EXP 	Sound clickedSound started
108.7945 	EXP 	text: autoDraw = False
108.7945 	EXP 	sameText: autoDraw = False
108.7945 	EXP 	diffText: autoDraw = False
108.7945 	EXP 	leftCL: autoDraw = False
108.7945 	EXP 	rightCL: autoDraw = False
108.9443 	DATA 	Mouse:  Left button up, pos=(444,250)
109.2960 	EXP 	Sound clickedSound stopped
109.2994 	EXP 	BlockBreak: autoDraw = True
111.1608 	EXP 	Created sequence: random, trialTypes=1, nReps=1, seed=None
111.1610 	EXP 	New trial (rep=0, index=0): None
111.2326 	DATA 	Keypress: space
111.3331 	EXP 	Created sequence: random, trialTypes=1, nReps=1, seed=None
111.3332 	EXP 	New trial (rep=0, index=0): None
111.5595 	EXP 	Sound sound_pop7 started
111.5483 	EXP 	BlockBreak: autoDraw = False
111.5483 	EXP 	text_4: autoDraw = False
111.5483 	EXP 	retIMG: image = 'images/OBJ_182.png'
111.5483 	EXP 	retIMG: autoDraw = True
111.9267 	EXP 	Sound sound_pop7 reached end of file
113.0599 	EXP 	retIMG: autoDraw = False
113.0599 	EXP 	retIMG: autoDraw = False
113.0599 	EXP 	question_text: autoDraw = True
114.0596 	EXP 	question_text: autoDraw = False
114.0596 	EXP 	question_text: autoDraw = False
114.0596 	EXP 	decisionQ_2: autoDraw = True
115.0260 	EXP 	first_left: autoDraw = True
115.0260 	EXP 	second_middle: autoDraw = True
115.0260 	EXP 	third_right: autoDraw = True
115.0260 	EXP 	First: autoDraw = True
115.0260 	EXP 	Second: autoDraw = True
115.0260 	EXP 	Third: autoDraw = True
115.6588 	DATA 	Mouse: Left button down, pos=(646,354)
115.6753 	EXP 	Sound clickedSound started
115.6754 	EXP 	decisionQ_2: autoDraw = False
115.6754 	EXP 	first_left: autoDraw = False
115.6754 	EXP 	second_middle: autoDraw = False
115.6754 	EXP 	third_right: autoDraw = False
115.6754 	EXP 	First: autoDraw = False
115.6754 	EXP 	Second: autoDraw = False
115.6754 	EXP 	Third: autoDraw = False
115.7589 	DATA 	Mouse:  Left button up, pos=(646,354)
116.1759 	EXP 	Sound clickedSound stopped
116.1878 	EXP 	end: autoDraw = True
121.1908 	EXP 	end: autoDraw = False
122.0934 	EXP 	window1: mouseVisible = True
122.0935 	EXP 	window1: mouseVisible = True
122.0935 	EXP 	window1: mouseVisible = True
122.0936 	EXP 	window1: mouseVisible = True
122.0936 	EXP 	window1: mouseVisible = True
122.0936 	EXP 	window1: mouseVisible = True
122.0937 	EXP 	window1: mouseVisible = True
122.0937 	EXP 	window1: mouseVisible = True
122.0937 	EXP 	window1: mouseVisible = True
122.0937 	EXP 	window1: mouseVisible = True
122.0938 	EXP 	window1: mouseVisible = True
122.0938 	EXP 	window1: mouseVisible = True
122.0938 	EXP 	window1: mouseVisible = True
122.0939 	EXP 	window1: mouseVisible = True
122.0939 	EXP 	window1: mouseVisible = True
122.0939 	EXP 	window1: mouseVisible = True
122.0940 	EXP 	window1: mouseVisible = True
122.0940 	EXP 	window1: mouseVisible = True
122.0940 	EXP 	window1: mouseVisible = True
122.0940 	EXP 	window1: mouseVisible = True
122.0941 	EXP 	window1: mouseVisible = True
122.0941 	EXP 	window1: mouseVisible = True
122.0941 	EXP 	window1: mouseVisible = True
122.0942 	EXP 	window1: mouseVisible = True
122.0942 	EXP 	window1: mouseVisible = True
122.0942 	EXP 	window1: mouseVisible = True
122.0943 	EXP 	window1: mouseVisible = True
122.0943 	EXP 	window1: mouseVisible = True
122.0943 	EXP 	window1: mouseVisible = True
122.0943 	EXP 	window1: mouseVisible = True
122.0944 	EXP 	window1: mouseVisible = True
122.0944 	EXP 	window1: mouseVisible = True
122.0944 	EXP 	window1: mouseVisible = True
122.0945 	EXP 	window1: mouseVisible = True
122.0945 	EXP 	window1: mouseVisible = True
122.0945 	EXP 	window1: mouseVisible = True
122.0945 	EXP 	window1: mouseVisible = True
122.0946 	EXP 	window1: mouseVisible = True
122.0946 	EXP 	window1: mouseVisible = True
122.0946 	EXP 	window1: mouseVisible = True
122.0947 	EXP 	window1: mouseVisible = True
122.0947 	EXP 	window1: mouseVisible = True
122.0947 	EXP 	window1: mouseVisible = True
122.0948 	EXP 	window1: mouseVisible = True
122.0948 	EXP 	window1: mouseVisible = True
122.0948 	EXP 	window1: mouseVisible = True
122.0948 	EXP 	window1: mouseVisible = True
122.0949 	EXP 	window1: mouseVisible = True
122.0949 	EXP 	window1: mouseVisible = True
122.0949 	EXP 	window1: mouseVisible = True
122.0950 	EXP 	window1: mouseVisible = True
122.0950 	EXP 	window1: mouseVisible = True
122.0950 	EXP 	window1: mouseVisible = True
122.0950 	EXP 	window1: mouseVisible = True
122.0951 	EXP 	window1: mouseVisible = True
122.0951 	EXP 	window1: mouseVisible = True
122.0951 	EXP 	window1: mouseVisible = True
122.0952 	EXP 	window1: mouseVisible = True
122.0952 	EXP 	window1: mouseVisible = True
122.0952 	EXP 	window1: mouseVisible = True
122.0953 	EXP 	window1: mouseVisible = True
122.0953 	EXP 	window1: mouseVisible = True
122.0953 	EXP 	window1: mouseVisible = True
122.0953 	EXP 	window1: mouseVisible = True
122.0954 	EXP 	window1: mouseVisible = True
122.0954 	EXP 	window1: mouseVisible = True
122.0954 	EXP 	window1: mouseVisible = True
122.0955 	EXP 	window1: mouseVisible = True
122.0955 	EXP 	window1: mouseVisible = True
122.0955 	EXP 	window1: mouseVisible = True
122.0955 	EXP 	window1: mouseVisible = True
122.0956 	EXP 	window1: mouseVisible = True
122.0956 	EXP 	window1: mouseVisible = True
122.0956 	EXP 	window1: mouseVisible = True
122.0957 	EXP 	window1: mouseVisible = True
122.0957 	EXP 	window1: mouseVisible = True
122.0957 	EXP 	window1: mouseVisible = True
122.0958 	EXP 	window1: mouseVisible = True
122.0958 	EXP 	window1: mouseVisible = True
122.0958 	EXP 	window1: mouseVisible = True
122.0958 	EXP 	window1: mouseVisible = True
122.0959 	EXP 	window1: mouseVisible = True
122.0959 	EXP 	window1: mouseVisible = True
122.0959 	EXP 	window1: mouseVisible = True
122.0960 	EXP 	window1: mouseVisible = True
122.0960 	EXP 	window1: mouseVisible = True
122.0960 	EXP 	window1: mouseVisible = True
122.0960 	EXP 	window1: mouseVisible = True
122.0961 	EXP 	window1: mouseVisible = True
122.0961 	EXP 	window1: mouseVisible = True
122.0961 	EXP 	window1: mouseVisible = True
122.0962 	EXP 	window1: mouseVisible = True
122.0962 	EXP 	window1: mouseVisible = True
122.0962 	EXP 	window1: mouseVisible = True
122.0962 	EXP 	window1: mouseVisible = True
122.0963 	EXP 	window1: mouseVisible = True
122.0963 	EXP 	window1: mouseVisible = True
122.0963 	EXP 	window1: mouseVisible = True
122.0964 	EXP 	window1: mouseVisible = True
122.0964 	EXP 	window1: mouseVisible = True
122.0964 	EXP 	window1: mouseVisible = True
122.0964 	EXP 	window1: mouseVisible = True
122.0965 	EXP 	window1: mouseVisible = True
122.0965 	EXP 	window1: mouseVisible = True
122.0965 	EXP 	window1: mouseVisible = True
122.0966 	EXP 	window1: mouseVisible = True
122.0966 	EXP 	window1: mouseVisible = True
122.0966 	EXP 	window1: mouseVisible = True
122.0966 	EXP 	window1: mouseVisible = True
122.0967 	EXP 	window1: mouseVisible = True
122.0967 	EXP 	window1: mouseVisible = True
122.0967 	EXP 	window1: mouseVisible = True
122.0968 	EXP 	window1: mouseVisible = True
122.0968 	EXP 	window1: mouseVisible = True
122.0968 	EXP 	window1: mouseVisible = True
122.0969 	EXP 	window1: mouseVisible = True
122.0969 	EXP 	window1: mouseVisible = True
122.0969 	EXP 	window1: mouseVisible = True
122.0969 	EXP 	window1: mouseVisible = True
122.0970 	EXP 	window1: mouseVisible = True
122.0970 	EXP 	window1: mouseVisible = True
122.0970 	EXP 	window1: mouseVisible = True
122.0971 	EXP 	window1: mouseVisible = True
122.0971 	EXP 	window1: mouseVisible = True
122.0971 	EXP 	window1: mouseVisible = True
122.0971 	EXP 	window1: mouseVisible = True
122.0972 	EXP 	window1: mouseVisible = True
122.0972 	EXP 	window1: mouseVisible = True
122.0972 	EXP 	window1: mouseVisible = True
122.0973 	EXP 	window1: mouseVisible = True
122.0973 	EXP 	window1: mouseVisible = True
122.0973 	EXP 	window1: mouseVisible = True
122.0974 	EXP 	window1: mouseVisible = True
122.0974 	EXP 	window1: mouseVisible = True
122.0974 	EXP 	window1: mouseVisible = True
122.0974 	EXP 	window1: mouseVisible = True
122.0975 	EXP 	window1: mouseVisible = True
122.0975 	EXP 	window1: mouseVisible = True
122.0975 	EXP 	window1: mouseVisible = True
122.0976 	EXP 	window1: mouseVisible = True
122.0976 	EXP 	window1: mouseVisible = True
122.0976 	EXP 	window1: mouseVisible = True
122.0976 	EXP 	window1: mouseVisible = True
122.0977 	EXP 	window1: mouseVisible = True
122.0977 	EXP 	window1: mouseVisible = True
122.0978 	EXP 	window1: mouseVisible = True
122.0978 	EXP 	window1: mouseVisible = True
122.0978 	EXP 	window1: mouseVisible = True
122.0979 	EXP 	window1: mouseVisible = True
122.0979 	EXP 	window1: mouseVisible = True
122.0979 	EXP 	window1: mouseVisible = True
122.0979 	EXP 	window1: mouseVisible = True
122.0980 	EXP 	window1: mouseVisible = True
122.0980 	EXP 	window1: mouseVisible = True
122.0980 	EXP 	window1: mouseVisible = True
122.0981 	EXP 	window1: mouseVisible = True
122.0981 	EXP 	window1: mouseVisible = True
122.0981 	EXP 	window1: mouseVisible = True
122.0981 	EXP 	window1: mouseVisible = True
122.0982 	EXP 	window1: mouseVisible = True
122.0982 	EXP 	window1: mouseVisible = True
122.0982 	EXP 	window1: mouseVisible = True
122.0983 	EXP 	window1: mouseVisible = True
122.0983 	EXP 	window1: mouseVisible = True
122.0983 	EXP 	window1: mouseVisible = True
122.0984 	EXP 	window1: mouseVisible = True
122.0984 	EXP 	window1: mouseVisible = True
122.0984 	EXP 	window1: mouseVisible = True
122.0984 	EXP 	window1: mouseVisible = True
122.0985 	EXP 	window1: mouseVisible = True
122.0985 	EXP 	window1: mouseVisible = True
122.0985 	EXP 	window1: mouseVisible = True
122.0986 	EXP 	window1: mouseVisible = True
122.0986 	EXP 	window1: mouseVisible = True
122.0986 	EXP 	window1: mouseVisible = True
122.0986 	EXP 	window1: mouseVisible = True
122.0987 	EXP 	window1: mouseVisible = True
122.0987 	EXP 	window1: mouseVisible = True
122.0987 	EXP 	window1: mouseVisible = True
122.0988 	EXP 	window1: mouseVisible = True
122.0988 	EXP 	window1: mouseVisible = True
122.0988 	EXP 	window1: mouseVisible = True
122.0988 	EXP 	window1: mouseVisible = True
122.0989 	EXP 	window1: mouseVisible = True
122.0989 	EXP 	window1: mouseVisible = True
122.0989 	EXP 	window1: mouseVisible = True
122.0990 	EXP 	window1: mouseVisible = True
122.0990 	EXP 	window1: mouseVisible = True
122.0990 	EXP 	window1: mouseVisible = True
122.0990 	EXP 	window1: mouseVisible = True
122.0991 	EXP 	window1: mouseVisible = True
122.0991 	EXP 	window1: mouseVisible = True
122.0991 	EXP 	window1: mouseVisible = True
122.0992 	EXP 	window1: mouseVisible = True
122.0992 	EXP 	window1: mouseVisible = True
122.0992 	EXP 	window1: mouseVisible = True
122.0992 	EXP 	window1: mouseVisible = True
122.0993 	EXP 	window1: mouseVisible = True
122.0993 	EXP 	window1: mouseVisible = True
122.0993 	EXP 	window1: mouseVisible = True
122.0994 	EXP 	window1: mouseVisible = True
122.0994 	EXP 	window1: mouseVisible = True
122.0994 	EXP 	window1: mouseVisible = True
122.0994 	EXP 	window1: mouseVisible = True
122.0995 	EXP 	window1: mouseVisible = True
122.0995 	EXP 	window1: mouseVisible = True
122.0995 	EXP 	window1: mouseVisible = True
122.0996 	EXP 	window1: mouseVisible = True
122.0996 	EXP 	window1: mouseVisible = True
122.0996 	EXP 	window1: mouseVisible = True
122.0997 	EXP 	window1: mouseVisible = True
122.0997 	EXP 	window1: mouseVisible = True
122.0997 	EXP 	window1: mouseVisible = True
122.0997 	EXP 	window1: mouseVisible = True
122.0998 	EXP 	window1: mouseVisible = True
122.0998 	EXP 	window1: mouseVisible = True
122.0998 	EXP 	window1: mouseVisible = True
122.0999 	EXP 	window1: mouseVisible = True
122.0999 	EXP 	window1: mouseVisible = True
122.0999 	EXP 	window1: mouseVisible = True
122.0999 	EXP 	window1: mouseVisible = True
122.1000 	EXP 	window1: mouseVisible = True
122.1000 	EXP 	window1: mouseVisible = True
122.1000 	EXP 	window1: mouseVisible = True
122.1001 	EXP 	window1: mouseVisible = True
122.1001 	EXP 	window1: mouseVisible = True
122.1001 	EXP 	window1: mouseVisible = True
122.1001 	EXP 	window1: mouseVisible = True
122.1002 	EXP 	window1: mouseVisible = True
122.1002 	EXP 	window1: mouseVisible = True
122.1002 	EXP 	window1: mouseVisible = True
122.1003 	EXP 	window1: mouseVisible = True
122.1003 	EXP 	window1: mouseVisible = True
122.1003 	EXP 	window1: mouseVisible = True
122.1003 	EXP 	window1: mouseVisible = True
122.1004 	EXP 	window1: mouseVisible = True
122.1004 	EXP 	window1: mouseVisible = True
122.1004 	EXP 	window1: mouseVisible = True
122.1005 	EXP 	window1: mouseVisible = True
122.1005 	EXP 	window1: mouseVisible = True
122.1005 	EXP 	window1: mouseVisible = True
122.1006 	EXP 	window1: mouseVisible = True
122.1006 	EXP 	window1: mouseVisible = True
122.1006 	EXP 	window1: mouseVisible = True
122.1006 	EXP 	window1: mouseVisible = True
122.1007 	EXP 	window1: mouseVisible = True
122.1007 	EXP 	window1: mouseVisible = True
122.1007 	EXP 	window1: mouseVisible = True
122.1008 	EXP 	window1: mouseVisible = True
122.1008 	EXP 	window1: mouseVisible = True
122.1008 	EXP 	window1: mouseVisible = True
122.1009 	EXP 	window1: mouseVisible = True
122.1009 	EXP 	window1: mouseVisible = True
122.1009 	EXP 	window1: mouseVisible = True
122.1009 	EXP 	window1: mouseVisible = True
122.1010 	EXP 	window1: mouseVisible = True
122.1010 	EXP 	window1: mouseVisible = True
122.1010 	EXP 	window1: mouseVisible = True
122.1011 	EXP 	window1: mouseVisible = True
122.1011 	EXP 	window1: mouseVisible = True
122.1011 	EXP 	window1: mouseVisible = True
122.1011 	EXP 	window1: mouseVisible = True
122.1012 	EXP 	window1: mouseVisible = True
122.1012 	EXP 	window1: mouseVisible = True
122.1012 	EXP 	window1: mouseVisible = True
122.1013 	EXP 	window1: mouseVisible = True
122.1013 	EXP 	window1: mouseVisible = True
122.1013 	EXP 	window1: mouseVisible = True
122.1014 	EXP 	window1: mouseVisible = True
122.1014 	EXP 	window1: mouseVisible = True
122.1014 	EXP 	window1: mouseVisible = True
122.1015 	EXP 	window1: mouseVisible = True
122.1015 	EXP 	window1: mouseVisible = True
122.1015 	EXP 	window1: mouseVisible = True
122.1015 	EXP 	window1: mouseVisible = True
122.1016 	EXP 	window1: mouseVisible = True
122.1016 	EXP 	window1: mouseVisible = True
122.1016 	EXP 	window1: mouseVisible = True
122.1017 	EXP 	window1: mouseVisible = True
122.1017 	EXP 	window1: mouseVisible = True
122.1017 	EXP 	window1: mouseVisible = True
122.1018 	EXP 	window1: mouseVisible = True
122.1018 	EXP 	window1: mouseVisible = True
122.1018 	EXP 	window1: mouseVisible = True
122.1018 	EXP 	window1: mouseVisible = True
122.1019 	EXP 	window1: mouseVisible = True
122.1019 	EXP 	window1: mouseVisible = True
122.1019 	EXP 	window1: mouseVisible = True
122.1020 	EXP 	window1: mouseVisible = True
122.1020 	EXP 	window1: mouseVisible = True
122.1020 	EXP 	window1: mouseVisible = True
122.1021 	EXP 	window1: mouseVisible = True
122.1021 	EXP 	window1: mouseVisible = True
122.1021 	EXP 	window1: mouseVisible = True
122.1021 	EXP 	window1: mouseVisible = True
122.1022 	EXP 	window1: mouseVisible = True
122.1022 	EXP 	window1: mouseVisible = True
122.1022 	EXP 	window1: mouseVisible = True
122.1023 	EXP 	window1: mouseVisible = True
122.1023 	EXP 	window1: mouseVisible = True
122.1027 	EXP 	window1: mouseVisible = True
122.1027 	EXP 	window1: mouseVisible = True
122.1027 	EXP 	window1: mouseVisible = True
122.1028 	EXP 	window1: mouseVisible = True
122.1028 	EXP 	window1: mouseVisible = True
122.1028 	EXP 	window1: mouseVisible = True
122.1029 	EXP 	window1: mouseVisible = True
122.1029 	EXP 	window1: mouseVisible = True
122.1029 	EXP 	window1: mouseVisible = True
122.1030 	EXP 	window1: mouseVisible = True
122.1030 	EXP 	window1: mouseVisible = True
122.1030 	EXP 	window1: mouseVisible = True
122.1031 	EXP 	window1: mouseVisible = True
122.1031 	EXP 	window1: mouseVisible = True
122.1031 	EXP 	window1: mouseVisible = True
122.1031 	EXP 	window1: mouseVisible = True
122.1032 	EXP 	window1: mouseVisible = True
122.1032 	EXP 	window1: mouseVisible = True
122.1032 	EXP 	window1: mouseVisible = True
122.1033 	EXP 	window1: mouseVisible = True
122.1033 	EXP 	window1: mouseVisible = True
122.1033 	EXP 	window1: mouseVisible = True
122.1033 	EXP 	window1: mouseVisible = True
122.1034 	EXP 	window1: mouseVisible = True
122.1034 	EXP 	window1: mouseVisible = True
122.1034 	EXP 	window1: mouseVisible = True
122.1035 	EXP 	window1: mouseVisible = True
122.1035 	EXP 	window1: mouseVisible = True
122.1035 	EXP 	window1: mouseVisible = True
122.1036 	EXP 	window1: mouseVisible = True
122.1036 	EXP 	window1: mouseVisible = True
122.1036 	EXP 	window1: mouseVisible = True
122.1036 	EXP 	window1: mouseVisible = True
122.1037 	EXP 	window1: mouseVisible = True
122.1037 	EXP 	window1: mouseVisible = True
122.1037 	EXP 	window1: mouseVisible = True
122.1038 	EXP 	window1: mouseVisible = True
122.1038 	EXP 	window1: mouseVisible = True
122.1038 	EXP 	window1: mouseVisible = True
122.1038 	EXP 	window1: mouseVisible = True
122.1039 	EXP 	window1: mouseVisible = True
122.1039 	EXP 	window1: mouseVisible = True
122.1039 	EXP 	window1: mouseVisible = True
122.1040 	EXP 	window1: mouseVisible = True
122.1040 	EXP 	window1: mouseVisible = True
122.1040 	EXP 	window1: mouseVisible = True
122.1041 	EXP 	window1: mouseVisible = True
122.1041 	EXP 	window1: mouseVisible = True
122.1041 	EXP 	window1: mouseVisible = True
122.1041 	EXP 	window1: mouseVisible = True
122.1042 	EXP 	window1: mouseVisible = True
122.1042 	EXP 	window1: mouseVisible = True
122.1042 	EXP 	window1: mouseVisible = True
122.1043 	EXP 	window1: mouseVisible = True
122.1043 	EXP 	window1: mouseVisible = True
122.1043 	EXP 	window1: mouseVisible = True
122.1044 	EXP 	window1: mouseVisible = True
122.1044 	EXP 	window1: mouseVisible = True
122.1044 	EXP 	window1: mouseVisible = True
122.1044 	EXP 	window1: mouseVisible = True
122.1045 	EXP 	window1: mouseVisible = True
122.1045 	EXP 	window1: mouseVisible = True
122.1045 	EXP 	window1: mouseVisible = True
122.1046 	EXP 	window1: mouseVisible = True
122.1046 	EXP 	window1: mouseVisible = True
122.1046 	EXP 	window1: mouseVisible = True
122.1046 	EXP 	window1: mouseVisible = True
122.1047 	EXP 	window1: mouseVisible = True
122.1047 	EXP 	window1: mouseVisible = True
122.1047 	EXP 	window1: mouseVisible = True
122.1048 	EXP 	window1: mouseVisible = True
122.1048 	EXP 	window1: mouseVisible = True
122.1048 	EXP 	window1: mouseVisible = True
122.1049 	EXP 	window1: mouseVisible = True
122.1049 	EXP 	window1: mouseVisible = True
122.1049 	EXP 	window1: mouseVisible = True
122.1049 	EXP 	window1: mouseVisible = True
122.1050 	EXP 	window1: mouseVisible = True
122.1050 	EXP 	window1: mouseVisible = True
122.1050 	EXP 	window1: mouseVisible = True
122.1051 	EXP 	window1: mouseVisible = True
122.1051 	EXP 	window1: mouseVisible = True
122.1051 	EXP 	window1: mouseVisible = True
122.1052 	EXP 	window1: mouseVisible = True
122.1052 	EXP 	window1: mouseVisible = True
122.1052 	EXP 	window1: mouseVisible = True
122.1053 	EXP 	window1: mouseVisible = True
122.1053 	EXP 	window1: mouseVisible = True
122.1053 	EXP 	window1: mouseVisible = True
122.1053 	EXP 	window1: mouseVisible = True
122.1054 	EXP 	window1: mouseVisible = True
122.1054 	EXP 	window1: mouseVisible = True
122.1054 	EXP 	window1: mouseVisible = True
122.1055 	EXP 	window1: mouseVisible = True
122.1055 	EXP 	window1: mouseVisible = True
122.1055 	EXP 	window1: mouseVisible = True
122.1055 	EXP 	window1: mouseVisible = True
122.1056 	EXP 	window1: mouseVisible = True
122.1057 	EXP 	window1: mouseVisible = True
122.1057 	EXP 	window1: mouseVisible = True
122.1057 	EXP 	window1: mouseVisible = True
122.1057 	EXP 	window1: mouseVisible = True
122.1058 	EXP 	window1: mouseVisible = True
122.1058 	EXP 	window1: mouseVisible = True
122.1058 	EXP 	window1: mouseVisible = True
122.1059 	EXP 	window1: mouseVisible = True
122.1059 	EXP 	window1: mouseVisible = True
122.1059 	EXP 	window1: mouseVisible = True
122.1060 	EXP 	window1: mouseVisible = True
122.1060 	EXP 	window1: mouseVisible = True
122.1060 	EXP 	window1: mouseVisible = True
122.1060 	EXP 	window1: mouseVisible = True
122.1061 	EXP 	window1: mouseVisible = True
122.1061 	EXP 	window1: mouseVisible = True
122.1061 	EXP 	window1: mouseVisible = True
122.1062 	EXP 	window1: mouseVisible = True
122.1062 	EXP 	window1: mouseVisible = True
122.1062 	EXP 	window1: mouseVisible = True
122.1063 	EXP 	window1: mouseVisible = True
122.1063 	EXP 	window1: mouseVisible = True
122.1063 	EXP 	window1: mouseVisible = True
122.1063 	EXP 	window1: mouseVisible = True
122.1064 	EXP 	window1: mouseVisible = True
122.1064 	EXP 	window1: mouseVisible = True
122.1064 	EXP 	window1: mouseVisible = True
122.1065 	EXP 	window1: mouseVisible = True
122.1065 	EXP 	window1: mouseVisible = True
122.1065 	EXP 	window1: mouseVisible = True
122.1065 	EXP 	window1: mouseVisible = True
122.1066 	EXP 	window1: mouseVisible = True
122.1066 	EXP 	window1: mouseVisible = True
122.1066 	EXP 	window1: mouseVisible = True
122.1067 	EXP 	window1: mouseVisible = True
122.1067 	EXP 	window1: mouseVisible = True
122.1067 	EXP 	window1: mouseVisible = True
122.1068 	EXP 	window1: mouseVisible = True
122.1068 	EXP 	window1: mouseVisible = True
122.1068 	EXP 	window1: mouseVisible = True
122.1068 	EXP 	window1: mouseVisible = True
122.1069 	EXP 	window1: mouseVisible = True
122.1069 	EXP 	window1: mouseVisible = True
122.1069 	EXP 	window1: mouseVisible = True
122.1070 	EXP 	window1: mouseVisible = True
122.1070 	EXP 	window1: mouseVisible = True
122.1070 	EXP 	window1: mouseVisible = True
122.1071 	EXP 	window1: mouseVisible = True
122.1071 	EXP 	window1: mouseVisible = True
122.1071 	EXP 	window1: mouseVisible = True
122.1072 	EXP 	window1: mouseVisible = True
122.1072 	EXP 	window1: mouseVisible = True
122.1072 	EXP 	window1: mouseVisible = True
122.1072 	EXP 	window1: mouseVisible = True
122.1073 	EXP 	window1: mouseVisible = True
122.1073 	EXP 	window1: mouseVisible = True
122.1073 	EXP 	window1: mouseVisible = True
122.1074 	EXP 	window1: mouseVisible = True
122.1074 	EXP 	window1: mouseVisible = True
122.1075 	EXP 	window1: mouseVisible = True
122.1075 	EXP 	window1: mouseVisible = True
122.1075 	EXP 	window1: mouseVisible = True
122.1075 	EXP 	window1: mouseVisible = True
122.1076 	EXP 	window1: mouseVisible = True
122.1076 	EXP 	window1: mouseVisible = True
122.1076 	EXP 	window1: mouseVisible = True
122.1077 	EXP 	window1: mouseVisible = True
122.1077 	EXP 	window1: mouseVisible = True
122.1077 	EXP 	window1: mouseVisible = True
122.1077 	EXP 	window1: mouseVisible = True
122.1078 	EXP 	window1: mouseVisible = True
122.1078 	EXP 	window1: mouseVisible = True
122.1078 	EXP 	window1: mouseVisible = True
122.1079 	EXP 	window1: mouseVisible = True
122.1079 	EXP 	window1: mouseVisible = True
122.1079 	EXP 	window1: mouseVisible = True
122.1080 	EXP 	window1: mouseVisible = True
122.1080 	EXP 	window1: mouseVisible = True
122.1080 	EXP 	window1: mouseVisible = True
122.1080 	EXP 	window1: mouseVisible = True
122.1081 	EXP 	window1: mouseVisible = True
122.1081 	EXP 	window1: mouseVisible = True
122.1081 	EXP 	window1: mouseVisible = True
122.1082 	EXP 	window1: mouseVisible = True
122.1082 	EXP 	window1: mouseVisible = True
122.1082 	EXP 	window1: mouseVisible = True
122.1083 	EXP 	window1: mouseVisible = True
122.1083 	EXP 	window1: mouseVisible = True
122.1083 	EXP 	window1: mouseVisible = True
122.1083 	EXP 	window1: mouseVisible = True
122.1084 	EXP 	window1: mouseVisible = True
122.1084 	EXP 	window1: mouseVisible = True
122.1085 	EXP 	window1: mouseVisible = True
122.1085 	EXP 	window1: mouseVisible = True
122.1086 	EXP 	window1: mouseVisible = True
122.1086 	EXP 	window1: mouseVisible = True
122.1086 	EXP 	window1: mouseVisible = True
122.1086 	EXP 	window1: mouseVisible = True
122.1087 	EXP 	window1: mouseVisible = True
122.1087 	EXP 	window1: mouseVisible = True
122.1087 	EXP 	window1: mouseVisible = True
122.1088 	EXP 	window1: mouseVisible = True
122.1088 	EXP 	window1: mouseVisible = True
122.1088 	EXP 	window1: mouseVisible = True
122.1089 	EXP 	window1: mouseVisible = True
122.1089 	EXP 	window1: mouseVisible = True
122.1089 	EXP 	window1: mouseVisible = True
122.1089 	EXP 	window1: mouseVisible = True
122.1090 	EXP 	window1: mouseVisible = True
122.1090 	EXP 	window1: mouseVisible = True
122.1090 	EXP 	window1: mouseVisible = True
122.1091 	EXP 	window1: mouseVisible = True
122.1091 	EXP 	window1: mouseVisible = True
122.1091 	EXP 	window1: mouseVisible = True
122.1091 	EXP 	window1: mouseVisible = True
122.1092 	EXP 	window1: mouseVisible = True
122.1092 	EXP 	window1: mouseVisible = True
122.1092 	EXP 	window1: mouseVisible = True
122.1093 	EXP 	window1: mouseVisible = True
122.1093 	EXP 	window1: mouseVisible = True
122.1093 	EXP 	window1: mouseVisible = True
122.1094 	EXP 	window1: mouseVisible = True
122.1094 	EXP 	window1: mouseVisible = True
122.1094 	EXP 	window1: mouseVisible = True
122.1094 	EXP 	window1: mouseVisible = True
122.1095 	EXP 	window1: mouseVisible = True
122.1095 	EXP 	window1: mouseVisible = True
122.1095 	EXP 	window1: mouseVisible = True
122.1096 	EXP 	window1: mouseVisible = True
122.1096 	EXP 	window1: mouseVisible = True
122.1096 	EXP 	window1: mouseVisible = True
122.1096 	EXP 	window1: mouseVisible = True
122.1097 	EXP 	window1: mouseVisible = True
122.1097 	EXP 	window1: mouseVisible = True
122.1097 	EXP 	window1: mouseVisible = True
122.1098 	EXP 	window1: mouseVisible = True
122.1098 	EXP 	window1: mouseVisible = True
122.1098 	EXP 	window1: mouseVisible = True
122.1099 	EXP 	window1: mouseVisible = True
122.1099 	EXP 	window1: mouseVisible = True
122.1099 	EXP 	window1: mouseVisible = True
122.1099 	EXP 	window1: mouseVisible = True
122.1100 	EXP 	window1: mouseVisible = True
122.1100 	EXP 	window1: mouseVisible = True
122.1100 	EXP 	window1: mouseVisible = True
122.1101 	EXP 	window1: mouseVisible = True
122.1101 	EXP 	window1: mouseVisible = True
122.1101 	EXP 	window1: mouseVisible = True
122.1101 	EXP 	window1: mouseVisible = True
122.1102 	EXP 	window1: mouseVisible = True
122.1102 	EXP 	window1: mouseVisible = True
122.1102 	EXP 	window1: mouseVisible = True
122.1103 	EXP 	window1: mouseVisible = True
122.1103 	EXP 	window1: mouseVisible = True
122.1103 	EXP 	window1: mouseVisible = True
122.1104 	EXP 	window1: mouseVisible = True
122.1104 	EXP 	window1: mouseVisible = True
122.1104 	EXP 	window1: mouseVisible = True
122.1104 	EXP 	window1: mouseVisible = True
122.1105 	EXP 	window1: mouseVisible = True
122.1105 	EXP 	window1: mouseVisible = True
122.1105 	EXP 	window1: mouseVisible = True
122.1106 	EXP 	window1: mouseVisible = True
122.1106 	EXP 	window1: mouseVisible = True
122.1106 	EXP 	window1: mouseVisible = True
122.1107 	EXP 	window1: mouseVisible = True
122.1107 	EXP 	window1: mouseVisible = True
122.1107 	EXP 	window1: mouseVisible = True
122.1107 	EXP 	window1: mouseVisible = True
122.1108 	EXP 	window1: mouseVisible = True
122.1108 	EXP 	window1: mouseVisible = True
122.1108 	EXP 	window1: mouseVisible = True
122.1109 	EXP 	window1: mouseVisible = True
122.1109 	EXP 	window1: mouseVisible = True
122.1109 	EXP 	window1: mouseVisible = True
122.1109 	EXP 	window1: mouseVisible = True
122.1110 	EXP 	window1: mouseVisible = True
122.1110 	EXP 	window1: mouseVisible = True
122.1110 	EXP 	window1: mouseVisible = True
122.1111 	EXP 	window1: mouseVisible = True
122.1111 	EXP 	window1: mouseVisible = True
122.1111 	EXP 	window1: mouseVisible = True
122.1112 	EXP 	window1: mouseVisible = True
122.1112 	EXP 	window1: mouseVisible = True
122.1112 	EXP 	window1: mouseVisible = True
122.1113 	EXP 	window1: mouseVisible = True
122.1113 	EXP 	window1: mouseVisible = True
122.1113 	EXP 	window1: mouseVisible = True
122.1113 	EXP 	window1: mouseVisible = True
122.1114 	EXP 	window1: mouseVisible = True
122.1114 	EXP 	window1: mouseVisible = True
122.1114 	EXP 	window1: mouseVisible = True
122.1115 	EXP 	window1: mouseVisible = True
122.1115 	EXP 	window1: mouseVisible = True
122.1115 	EXP 	window1: mouseVisible = True
122.1116 	EXP 	window1: mouseVisible = True
122.1116 	EXP 	window1: mouseVisible = True
122.1116 	EXP 	window1: mouseVisible = True
122.1116 	EXP 	window1: mouseVisible = True
122.1117 	EXP 	window1: mouseVisible = True
122.1117 	EXP 	window1: mouseVisible = True
122.1117 	EXP 	window1: mouseVisible = True
122.1118 	EXP 	window1: mouseVisible = True
122.1118 	EXP 	window1: mouseVisible = True
122.1118 	EXP 	window1: mouseVisible = True
122.1119 	EXP 	window1: mouseVisible = True
122.1119 	EXP 	window1: mouseVisible = True
122.1119 	EXP 	window1: mouseVisible = True
122.1119 	EXP 	window1: mouseVisible = True
122.1120 	EXP 	window1: mouseVisible = True
122.1120 	EXP 	window1: mouseVisible = True
122.1120 	EXP 	window1: mouseVisible = True
122.1121 	EXP 	window1: mouseVisible = True
122.1121 	EXP 	window1: mouseVisible = True
122.1122 	EXP 	window1: mouseVisible = True
122.1122 	EXP 	window1: mouseVisible = True
122.1122 	EXP 	window1: mouseVisible = True
122.1122 	EXP 	window1: mouseVisible = True
122.1123 	EXP 	window1: mouseVisible = True
122.1123 	EXP 	window1: mouseVisible = True
122.1123 	EXP 	window1: mouseVisible = True
122.1124 	EXP 	window1: mouseVisible = True
122.1124 	EXP 	window1: mouseVisible = True
122.1124 	EXP 	window1: mouseVisible = True
122.1125 	EXP 	window1: mouseVisible = True
122.1125 	EXP 	window1: mouseVisible = True
122.1125 	EXP 	window1: mouseVisible = True
122.1125 	EXP 	window1: mouseVisible = True
122.1126 	EXP 	window1: mouseVisible = True
122.1126 	EXP 	window1: mouseVisible = True
122.1126 	EXP 	window1: mouseVisible = True
122.1127 	EXP 	window1: mouseVisible = True
122.1127 	EXP 	window1: mouseVisible = True
122.1127 	EXP 	window1: mouseVisible = True
122.1128 	EXP 	window1: mouseVisible = True
122.1128 	EXP 	window1: mouseVisible = True
122.1128 	EXP 	window1: mouseVisible = True
122.1128 	EXP 	window1: mouseVisible = True
122.1129 	EXP 	window1: mouseVisible = True
122.1129 	EXP 	window1: mouseVisible = True
122.1129 	EXP 	window1: mouseVisible = True
122.1130 	EXP 	window1: mouseVisible = True
122.1130 	EXP 	window1: mouseVisible = True
122.1130 	EXP 	window1: mouseVisible = True
122.1130 	EXP 	window1: mouseVisible = True
122.1131 	EXP 	window1: mouseVisible = True
122.1131 	EXP 	window1: mouseVisible = True
122.1131 	EXP 	window1: mouseVisible = True
122.1132 	EXP 	window1: mouseVisible = True
122.1132 	EXP 	window1: mouseVisible = True
122.1132 	EXP 	window1: mouseVisible = True
122.1132 	EXP 	window1: mouseVisible = True
122.1133 	EXP 	window1: mouseVisible = True
122.1133 	EXP 	window1: mouseVisible = True
122.1133 	EXP 	window1: mouseVisible = True
122.1134 	EXP 	window1: mouseVisible = True
122.1134 	EXP 	window1: mouseVisible = True
122.1134 	EXP 	window1: mouseVisible = True
122.1134 	EXP 	window1: mouseVisible = True
122.1135 	EXP 	window1: mouseVisible = True
122.1135 	EXP 	window1: mouseVisible = True
122.1135 	EXP 	window1: mouseVisible = True
122.1136 	EXP 	window1: mouseVisible = True
122.1136 	EXP 	window1: mouseVisible = True
122.1136 	EXP 	window1: mouseVisible = True
122.1137 	EXP 	window1: mouseVisible = True
122.1137 	EXP 	window1: mouseVisible = True
122.1137 	EXP 	window1: mouseVisible = True
122.1137 	EXP 	window1: mouseVisible = True
122.1138 	EXP 	window1: mouseVisible = True
122.1138 	EXP 	window1: mouseVisible = True
122.1138 	EXP 	window1: mouseVisible = True
122.1139 	EXP 	window1: mouseVisible = True
122.1139 	EXP 	window1: mouseVisible = True
122.1139 	EXP 	window1: mouseVisible = True
122.1139 	EXP 	window1: mouseVisible = True
122.1140 	EXP 	window1: mouseVisible = True
122.1140 	EXP 	window1: mouseVisible = True
122.1140 	EXP 	window1: mouseVisible = True
122.1141 	EXP 	window1: mouseVisible = True
122.1141 	EXP 	window1: mouseVisible = True
122.1141 	EXP 	window1: mouseVisible = True
122.1142 	EXP 	window1: mouseVisible = True
122.1142 	EXP 	window1: mouseVisible = True
122.1142 	EXP 	window1: mouseVisible = True
122.1142 	EXP 	window1: mouseVisible = True
122.1143 	EXP 	window1: mouseVisible = True
122.1143 	EXP 	window1: mouseVisible = True
122.1143 	EXP 	window1: mouseVisible = True
122.1144 	EXP 	window1: mouseVisible = True
122.1144 	EXP 	window1: mouseVisible = True
122.1144 	EXP 	window1: mouseVisible = True
122.1144 	EXP 	window1: mouseVisible = True
122.1145 	EXP 	window1: mouseVisible = True
122.1145 	EXP 	window1: mouseVisible = True
122.1145 	EXP 	window1: mouseVisible = True
122.1146 	EXP 	window1: mouseVisible = True
122.1146 	EXP 	window1: mouseVisible = True
122.1146 	EXP 	window1: mouseVisible = True
122.1147 	EXP 	window1: mouseVisible = True
122.1147 	EXP 	window1: mouseVisible = True
122.1147 	EXP 	window1: mouseVisible = True
122.1147 	EXP 	window1: mouseVisible = True
122.1148 	EXP 	window1: mouseVisible = True
122.1148 	EXP 	window1: mouseVisible = True
122.1148 	EXP 	window1: mouseVisible = True
122.1149 	EXP 	window1: mouseVisible = True
122.1149 	EXP 	window1: mouseVisible = True
122.1149 	EXP 	window1: mouseVisible = True
122.1150 	EXP 	window1: mouseVisible = True
122.1150 	EXP 	window1: mouseVisible = True
122.1150 	EXP 	window1: mouseVisible = True
122.1150 	EXP 	window1: mouseVisible = True
122.1151 	EXP 	window1: mouseVisible = True
122.1151 	EXP 	window1: mouseVisible = True
122.1151 	EXP 	window1: mouseVisible = True
122.1152 	EXP 	window1: mouseVisible = True
122.1152 	EXP 	window1: mouseVisible = True
122.1152 	EXP 	window1: mouseVisible = True
122.1153 	EXP 	window1: mouseVisible = True
122.1153 	EXP 	window1: mouseVisible = True
122.1153 	EXP 	window1: mouseVisible = True
122.1153 	EXP 	window1: mouseVisible = True
122.1154 	EXP 	window1: mouseVisible = True
122.1154 	EXP 	window1: mouseVisible = True
122.1154 	EXP 	window1: mouseVisible = True
122.1155 	EXP 	window1: mouseVisible = True
122.1155 	EXP 	window1: mouseVisible = True
122.1155 	EXP 	window1: mouseVisible = True
122.1155 	EXP 	window1: mouseVisible = True
122.1156 	EXP 	window1: mouseVisible = True
122.1156 	EXP 	window1: mouseVisible = True
122.1156 	EXP 	window1: mouseVisible = True
122.1157 	EXP 	window1: mouseVisible = True
122.1157 	EXP 	window1: mouseVisible = True
122.1157 	EXP 	window1: mouseVisible = True
122.1158 	EXP 	window1: mouseVisible = True
122.1158 	EXP 	window1: mouseVisible = True
122.1158 	EXP 	window1: mouseVisible = True
122.1158 	EXP 	window1: mouseVisible = True
122.1159 	EXP 	window1: mouseVisible = True
122.1159 	EXP 	window1: mouseVisible = True
122.1159 	EXP 	window1: mouseVisible = True
122.1160 	EXP 	window1: mouseVisible = True
122.1160 	EXP 	window1: mouseVisible = True
122.1160 	EXP 	window1: mouseVisible = True
122.1161 	EXP 	window1: mouseVisible = True
122.1161 	EXP 	window1: mouseVisible = True
122.1161 	EXP 	window1: mouseVisible = True
122.1162 	EXP 	window1: mouseVisible = True
122.1162 	EXP 	window1: mouseVisible = True
122.1162 	EXP 	window1: mouseVisible = True
122.1162 	EXP 	window1: mouseVisible = True
122.1163 	EXP 	window1: mouseVisible = True
122.1163 	EXP 	window1: mouseVisible = True
122.1163 	EXP 	window1: mouseVisible = True
122.1164 	EXP 	window1: mouseVisible = True
122.1164 	EXP 	window1: mouseVisible = True
122.1164 	EXP 	window1: mouseVisible = True
122.1165 	EXP 	window1: mouseVisible = True
122.1165 	EXP 	window1: mouseVisible = True
122.1165 	EXP 	window1: mouseVisible = True
122.1165 	EXP 	window1: mouseVisible = True
122.1166 	EXP 	window1: mouseVisible = True
122.1166 	EXP 	window1: mouseVisible = True
122.1166 	EXP 	window1: mouseVisible = True
122.1167 	EXP 	window1: mouseVisible = True
122.1167 	EXP 	window1: mouseVisible = True
122.1167 	EXP 	window1: mouseVisible = True
122.1167 	EXP 	window1: mouseVisible = True
122.1168 	EXP 	window1: mouseVisible = True
122.1168 	EXP 	window1: mouseVisible = True
122.1169 	EXP 	window1: mouseVisible = True
122.1169 	EXP 	window1: mouseVisible = True
122.1169 	EXP 	window1: mouseVisible = True
122.1170 	EXP 	window1: mouseVisible = True
122.1170 	EXP 	window1: mouseVisible = True
122.1170 	EXP 	window1: mouseVisible = True
122.1171 	EXP 	window1: mouseVisible = True
122.1171 	EXP 	window1: mouseVisible = True
122.1171 	EXP 	window1: mouseVisible = True
122.1171 	EXP 	window1: mouseVisible = True
122.1172 	EXP 	window1: mouseVisible = True
122.1172 	EXP 	window1: mouseVisible = True
122.1172 	EXP 	window1: mouseVisible = True
122.1173 	EXP 	window1: mouseVisible = True
122.1173 	EXP 	window1: mouseVisible = True
122.1173 	EXP 	window1: mouseVisible = True
122.1174 	EXP 	window1: mouseVisible = True
122.1174 	EXP 	window1: mouseVisible = True
122.1174 	EXP 	window1: mouseVisible = True
122.1174 	EXP 	window1: mouseVisible = True
122.1175 	EXP 	window1: mouseVisible = True
122.1175 	EXP 	window1: mouseVisible = True
122.1175 	EXP 	window1: mouseVisible = True
122.1176 	EXP 	window1: mouseVisible = True
122.1176 	EXP 	window1: mouseVisible = True
122.1176 	EXP 	window1: mouseVisible = True
122.1176 	EXP 	window1: mouseVisible = True
122.1177 	EXP 	window1: mouseVisible = True
122.1177 	EXP 	window1: mouseVisible = True
122.1177 	EXP 	window1: mouseVisible = True
122.1178 	EXP 	window1: mouseVisible = True
122.1178 	EXP 	window1: mouseVisible = True
122.1178 	EXP 	window1: mouseVisible = True
122.1178 	EXP 	window1: mouseVisible = True
122.1179 	EXP 	window1: mouseVisible = True
122.1179 	EXP 	window1: mouseVisible = True
122.1179 	EXP 	window1: mouseVisible = True
122.1180 	EXP 	window1: mouseVisible = True
122.1180 	EXP 	window1: mouseVisible = True
122.1180 	EXP 	window1: mouseVisible = True
122.1181 	EXP 	window1: mouseVisible = True
122.1181 	EXP 	window1: mouseVisible = True
122.1181 	EXP 	window1: mouseVisible = True
122.1181 	EXP 	window1: mouseVisible = True
122.1182 	EXP 	window1: mouseVisible = True
122.1182 	EXP 	window1: mouseVisible = True
122.1182 	EXP 	window1: mouseVisible = True
122.1183 	EXP 	window1: mouseVisible = True
122.1183 	EXP 	window1: mouseVisible = True
122.1183 	EXP 	window1: mouseVisible = True
122.1183 	EXP 	window1: mouseVisible = True
122.1184 	EXP 	window1: mouseVisible = True
122.1184 	EXP 	window1: mouseVisible = True
122.1184 	EXP 	window1: mouseVisible = True
122.1185 	EXP 	window1: mouseVisible = True
122.1185 	EXP 	window1: mouseVisible = True
122.1185 	EXP 	window1: mouseVisible = True
122.1186 	EXP 	window1: mouseVisible = True
122.1186 	EXP 	window1: mouseVisible = True
122.1186 	EXP 	window1: mouseVisible = True
122.1186 	EXP 	window1: mouseVisible = True
122.1187 	EXP 	window1: mouseVisible = True
122.1187 	EXP 	window1: mouseVisible = True
122.1187 	EXP 	window1: mouseVisible = True
122.1188 	EXP 	window1: mouseVisible = True
122.1188 	EXP 	window1: mouseVisible = True
122.1188 	EXP 	window1: mouseVisible = True
122.1188 	EXP 	window1: mouseVisible = True
122.1189 	EXP 	window1: mouseVisible = True
122.1189 	EXP 	window1: mouseVisible = True
122.1189 	EXP 	window1: mouseVisible = True
122.1190 	EXP 	window1: mouseVisible = True
122.1190 	EXP 	window1: mouseVisible = True
122.1190 	EXP 	window1: mouseVisible = True
122.1190 	EXP 	window1: mouseVisible = True
122.1191 	EXP 	window1: mouseVisible = True
122.1191 	EXP 	window1: mouseVisible = True
122.1191 	EXP 	window1: mouseVisible = True
122.1192 	EXP 	window1: mouseVisible = True
122.1192 	EXP 	window1: mouseVisible = True
122.1192 	EXP 	window1: mouseVisible = True
122.1193 	EXP 	window1: mouseVisible = True
122.1193 	EXP 	window1: mouseVisible = True
122.1193 	EXP 	window1: mouseVisible = True
122.1193 	EXP 	window1: mouseVisible = True
122.1194 	EXP 	window1: mouseVisible = True
122.1194 	EXP 	window1: mouseVisible = True
122.1194 	EXP 	window1: mouseVisible = True
122.1195 	EXP 	window1: mouseVisible = True
122.1195 	EXP 	window1: mouseVisible = True
122.1195 	EXP 	window1: mouseVisible = True
122.1196 	EXP 	window1: mouseVisible = True
122.1196 	EXP 	window1: mouseVisible = True
122.1196 	EXP 	window1: mouseVisible = True
122.1196 	EXP 	window1: mouseVisible = True
122.1197 	EXP 	window1: mouseVisible = True
122.1197 	EXP 	window1: mouseVisible = True
122.1197 	EXP 	window1: mouseVisible = True
122.1198 	EXP 	window1: mouseVisible = True
122.1198 	EXP 	window1: mouseVisible = True
122.1198 	EXP 	window1: mouseVisible = True
122.1198 	EXP 	window1: mouseVisible = True
122.1199 	EXP 	window1: mouseVisible = True
122.1199 	EXP 	window1: mouseVisible = True
122.1199 	EXP 	window1: mouseVisible = True
122.1200 	EXP 	window1: mouseVisible = True
122.1200 	EXP 	window1: mouseVisible = True
122.1200 	EXP 	window1: mouseVisible = True
122.1200 	EXP 	window1: mouseVisible = True
122.1201 	EXP 	window1: mouseVisible = True
122.1201 	EXP 	window1: mouseVisible = True
122.1201 	EXP 	window1: mouseVisible = True
122.1202 	EXP 	window1: mouseVisible = True
122.1202 	EXP 	window1: mouseVisible = True
122.1202 	EXP 	window1: mouseVisible = True
122.1203 	EXP 	window1: mouseVisible = True
122.1203 	EXP 	window1: mouseVisible = True
122.1203 	EXP 	window1: mouseVisible = True
122.1203 	EXP 	window1: mouseVisible = True
122.1204 	EXP 	window1: mouseVisible = True
122.1204 	EXP 	window1: mouseVisible = True
122.1204 	EXP 	window1: mouseVisible = True
122.1205 	EXP 	window1: mouseVisible = True
122.1205 	EXP 	window1: mouseVisible = True
122.1205 	EXP 	window1: mouseVisible = True
122.1206 	EXP 	window1: mouseVisible = True
122.1207 	EXP 	window1: mouseVisible = True
122.1207 	EXP 	window1: mouseVisible = True
122.1207 	EXP 	window1: mouseVisible = True
122.1208 	EXP 	window1: mouseVisible = True
122.1208 	EXP 	window1: mouseVisible = True
122.1208 	EXP 	window1: mouseVisible = True
122.1209 	EXP 	window1: mouseVisible = True
122.1209 	EXP 	window1: mouseVisible = True
122.1209 	EXP 	window1: mouseVisible = True
122.1210 	EXP 	window1: mouseVisible = True
122.1210 	EXP 	window1: mouseVisible = True
122.1210 	EXP 	window1: mouseVisible = True
122.1211 	EXP 	window1: mouseVisible = True
122.1211 	EXP 	window1: mouseVisible = True
122.1211 	EXP 	window1: mouseVisible = True
122.1212 	EXP 	window1: mouseVisible = True
122.1212 	EXP 	window1: mouseVisible = True
122.1212 	EXP 	window1: mouseVisible = True
122.1213 	EXP 	window1: mouseVisible = True
122.1213 	EXP 	window1: mouseVisible = True
122.1213 	EXP 	window1: mouseVisible = True
122.1213 	EXP 	window1: mouseVisible = True
122.1214 	EXP 	window1: mouseVisible = True
122.1214 	EXP 	window1: mouseVisible = True
122.1214 	EXP 	window1: mouseVisible = True
122.1215 	EXP 	window1: mouseVisible = True
122.1215 	EXP 	window1: mouseVisible = True
122.1215 	EXP 	window1: mouseVisible = True
122.1216 	EXP 	window1: mouseVisible = True
122.1216 	EXP 	window1: mouseVisible = True
122.1216 	EXP 	window1: mouseVisible = True
122.1217 	EXP 	window1: mouseVisible = True
122.1217 	EXP 	window1: mouseVisible = True
122.1217 	EXP 	window1: mouseVisible = True
122.1218 	EXP 	window1: mouseVisible = True
122.1218 	EXP 	window1: mouseVisible = True
122.1218 	EXP 	window1: mouseVisible = True
122.1219 	EXP 	window1: mouseVisible = True
122.1219 	EXP 	window1: mouseVisible = True
122.1219 	EXP 	window1: mouseVisible = True
122.1219 	EXP 	window1: mouseVisible = True
122.1220 	EXP 	window1: mouseVisible = True
122.1220 	EXP 	window1: mouseVisible = True
122.1220 	EXP 	window1: mouseVisible = True
122.1221 	EXP 	window1: mouseVisible = True
122.1221 	EXP 	window1: mouseVisible = True
122.1221 	EXP 	window1: mouseVisible = True
122.1221 	EXP 	window1: mouseVisible = True
122.1222 	EXP 	window1: mouseVisible = True
122.1222 	EXP 	window1: mouseVisible = True
122.1222 	EXP 	window1: mouseVisible = True
122.1223 	EXP 	window1: mouseVisible = True
122.1223 	EXP 	window1: mouseVisible = True
122.1223 	EXP 	window1: mouseVisible = True
122.1224 	EXP 	window1: mouseVisible = True
122.1224 	EXP 	window1: mouseVisible = True
122.1224 	EXP 	window1: mouseVisible = True
122.1224 	EXP 	window1: mouseVisible = True
122.1225 	EXP 	window1: mouseVisible = True
122.1225 	EXP 	window1: mouseVisible = True
122.1225 	EXP 	window1: mouseVisible = True
122.1226 	EXP 	window1: mouseVisible = True
122.1226 	EXP 	window1: mouseVisible = True
122.1226 	EXP 	window1: mouseVisible = True
122.1227 	EXP 	window1: mouseVisible = True
122.1227 	EXP 	window1: mouseVisible = True
122.1227 	EXP 	window1: mouseVisible = True
122.1227 	EXP 	window1: mouseVisible = True
122.1228 	EXP 	window1: mouseVisible = True
122.1228 	EXP 	window1: mouseVisible = True
122.1228 	EXP 	window1: mouseVisible = True
122.1229 	EXP 	window1: mouseVisible = True
122.1229 	EXP 	window1: mouseVisible = True
122.1229 	EXP 	window1: mouseVisible = True
122.1229 	EXP 	window1: mouseVisible = True
122.1230 	EXP 	window1: mouseVisible = True
122.1230 	EXP 	window1: mouseVisible = True
122.1230 	EXP 	window1: mouseVisible = True
122.1231 	EXP 	window1: mouseVisible = True
122.1231 	EXP 	window1: mouseVisible = True
122.1231 	EXP 	window1: mouseVisible = True
122.1232 	EXP 	window1: mouseVisible = True
122.1232 	EXP 	window1: mouseVisible = True
122.1232 	EXP 	window1: mouseVisible = True
122.1232 	EXP 	window1: mouseVisible = True
122.1233 	EXP 	window1: mouseVisible = True
122.1233 	EXP 	window1: mouseVisible = True
122.1233 	EXP 	window1: mouseVisible = True
122.1234 	EXP 	window1: mouseVisible = True
122.1234 	EXP 	window1: mouseVisible = True
122.1234 	EXP 	window1: mouseVisible = True
122.1235 	EXP 	window1: mouseVisible = True
122.1235 	EXP 	window1: mouseVisible = True
122.1235 	EXP 	window1: mouseVisible = True
122.1236 	EXP 	window1: mouseVisible = True
122.1236 	EXP 	window1: mouseVisible = True
122.1236 	EXP 	window1: mouseVisible = True
122.1236 	EXP 	window1: mouseVisible = True
122.1237 	EXP 	window1: mouseVisible = True
122.1237 	EXP 	window1: mouseVisible = True
122.1237 	EXP 	window1: mouseVisible = True
122.1238 	EXP 	window1: mouseVisible = True
122.1238 	EXP 	window1: mouseVisible = True
122.1238 	EXP 	window1: mouseVisible = True
122.1239 	EXP 	window1: mouseVisible = True
122.1239 	EXP 	window1: mouseVisible = True
122.1239 	EXP 	window1: mouseVisible = True
122.1239 	EXP 	window1: mouseVisible = True
122.1240 	EXP 	window1: mouseVisible = True
122.1240 	EXP 	window1: mouseVisible = True
122.1240 	EXP 	window1: mouseVisible = True
122.1241 	EXP 	window1: mouseVisible = True
122.1241 	EXP 	window1: mouseVisible = True
122.1241 	EXP 	window1: mouseVisible = True
122.1242 	EXP 	window1: mouseVisible = True
122.1242 	EXP 	window1: mouseVisible = True
122.1242 	EXP 	window1: mouseVisible = True
122.1242 	EXP 	window1: mouseVisible = True
122.1243 	EXP 	window1: mouseVisible = True
122.1243 	EXP 	window1: mouseVisible = True
122.1243 	EXP 	window1: mouseVisible = True
122.1244 	EXP 	window1: mouseVisible = True
122.1244 	EXP 	window1: mouseVisible = True
122.1244 	EXP 	window1: mouseVisible = True
122.1245 	EXP 	window1: mouseVisible = True
122.1245 	EXP 	window1: mouseVisible = True
122.1245 	EXP 	window1: mouseVisible = True
122.1246 	EXP 	window1: mouseVisible = True
122.1246 	EXP 	window1: mouseVisible = True
122.1246 	EXP 	window1: mouseVisible = True
122.1246 	EXP 	window1: mouseVisible = True
122.1247 	EXP 	window1: mouseVisible = True
122.1247 	EXP 	window1: mouseVisible = True
122.1247 	EXP 	window1: mouseVisible = True
122.1248 	EXP 	window1: mouseVisible = True
122.1248 	EXP 	window1: mouseVisible = True
122.1248 	EXP 	window1: mouseVisible = True
122.1249 	EXP 	window1: mouseVisible = True
122.1249 	EXP 	window1: mouseVisible = True
122.1249 	EXP 	window1: mouseVisible = True
