6.6025 	WARNING 	Monitor specification not found. Creating a temporary one...
6.6240 	WARNING 	User requested fullscreen with size [800 600], but screen is actually [1280, 1024]. Using actual size
7.1582 	EXP 	Created window1 = Window(allowGUI=True, allowStencil=False, autoLog=True, backendConf=UNKNOWN, bitsMode=UNKNOWN, blendMode='avg', bpc=(8, 8, 8), color=array([0, 0, 0]), colorSpace='rgb', depthBits=8, fullscr=<method-wrapper '__getattribute__' of attributeSetter object at 0x0000022378E48D00>, gamma=None, gammaErrorPolicy='raise', lms=UNKNOWN, monitor=<psychopy.monitors.calibTools.Monitor object at 0x000002230023F4F0>, multiSample=False, name='window1', numSamples=2, pos=(0, 0), screen=0, size=array([1280, 1024]), stencilBits=0, stereo=False, units='pix', useFBO=False, useRetina=False, viewOri=0.0, viewPos=None, viewScale=None, waitBlanking=True, winType='pyglet')
7.1583 	EXP 	window1: mouseVisible = True
7.1588 	EXP 	window1: mouseVisible = False
8.3764 	DATA 	Keypress: space
9.4046 	DATA 	Keypress: space
9.8470 	DATA 	Keypress: o
9.8476 	EXP 	window1: units = 'pix'
9.8771 	WARNING 	User requested fullscreen with size [1280  720], but screen is actually [1280, 1024]. Using actual size
10.2923 	EXP 	Created window1 = Window(allowGUI=False, allowStencil=False, autoLog=True, backendConf=UNKNOWN, bitsMode=UNKNOWN, blendMode='avg', bpc=(8, 8, 8), color=array([0, 0, 0]), colorSpace='rgb', depthBits=8, fullscr=<method-wrapper '__getattribute__' of attributeSetter object at 0x0000022378E48D00>, gamma=None, gammaErrorPolicy='raise', lms=UNKNOWN, monitor=<psychopy.monitors.calibTools.Monitor object at 0x00000223029C9100>, multiSample=False, name='window1', numSamples=2, pos=(0, 0), screen=0, size=array([1280, 1024]), stencilBits=0, stereo=False, units='height', useFBO=True, useRetina=False, viewOri=0.0, viewPos=None, viewScale=None, waitBlanking=True, winType='pyglet')
10.2925 	EXP 	window1: mouseVisible = True
10.2925 	EXP 	window1: Attempting to measure frame rate of screen (0) ...
10.2925 	EXP 	window1: recordFrameIntervals = False
10.4586 	EXP 	window1: recordFrameIntervals = True
10.6423 	EXP 	Screen (0) actual frame rate measured at 59.93Hz
10.6423 	EXP 	window1: recordFrameIntervals = False
10.8289 	EXP 	Created Instructions = TextStim(__class__=<class 'psychopy.visual.text.TextStim'>, alignHoriz=method-wrapper(...), alignText='center', alignVert=method-wrapper(...), anchorHoriz='center', anchorVert='center', antialias=True, autoDraw=False, autoLog=True, bold=False, color=array([1, 1, 1]), colorSpace='rgb', contrast=1.0, depth=0.0, flipHoriz=False, flipVert=False, font='Arial', fontFiles=[], height=0.03, italic=False, languageStyle='LTR', name='Instructions', opacity=1.0, ori=0, pos=array([0., 0.]), rgb=UNKNOWN, text=str(...), units='height', win=Window(...), wrapWidth=1)
10.8337 	EXP 	Created Triplet1 = ImageStim(__class__=<class 'psychopy.visual.image.ImageStim'>, anchor=('center', 'center'), autoLog=True, color=array([1, 1, 1]), colorSpace='rgb', contrast=1.0, depth=-1.0, flipHoriz=False, flipVert=False, image='sin', interpolate=True, mask=None, maskParams=None, name='Triplet1', opacity=1.0, ori=0.0, pos=array([0., 0.]), size=array([0.25, 0.25]), texRes=128, units='height', win=Window(...))
10.8382 	EXP 	Created Triplet2 = ImageStim(__class__=<class 'psychopy.visual.image.ImageStim'>, anchor=('center', 'center'), autoLog=True, color=array([1, 1, 1]), colorSpace='rgb', contrast=1.0, depth=-2.0, flipHoriz=False, flipVert=False, image='sin', interpolate=True, mask=None, maskParams=None, name='Triplet2', opacity=1.0, ori=0.0, pos=array([0., 0.]), size=array([0.25, 0.25]), texRes=128, units='height', win=Window(...))
10.8460 	EXP 	Created Triplet3 = ImageStim(__class__=<class 'psychopy.visual.image.ImageStim'>, anchor=('center', 'center'), autoLog=True, color=array([1, 1, 1]), colorSpace='rgb', contrast=1.0, depth=-3.0, flipHoriz=False, flipVert=False, image='sin', interpolate=True, mask=None, maskParams=None, name='Triplet3', opacity=1.0, ori=0.0, pos=array([0., 0.]), size=array([0.25, 0.25]), texRes=128, units='height', win=Window(...))
10.8549 	EXP 	Sound sound_pop set volume 1.000
10.8638 	EXP 	Sound sound_pop2 set volume 1.000
10.8728 	EXP 	Sound sound_pop3 set volume 1.000
10.8973 	EXP 	Created fix = ImageStim(__class__=<class 'psychopy.visual.image.ImageStim'>, anchor=('center', 'center'), autoLog=True, color=array([1, 1, 1]), colorSpace='rgb', contrast=1.0, depth=0.0, flipHoriz=False, flipVert=False, image='images/fixation.png', interpolate=True, mask=None, maskParams=None, name='fix', opacity=1.0, ori=0.0, pos=array([0., 0.]), size=array([0.1 , 0.05]), texRes=128, units='height', win=Window(...))
10.9858 	EXP 	Created Mask = ImageStim(__class__=<class 'psychopy.visual.image.ImageStim'>, anchor=('center', 'center'), autoLog=True, color=array([1, 1, 1]), colorSpace='rgb', contrast=1.0, depth=0.0, flipHoriz=False, flipVert=False, image='images/Mask.png', interpolate=True, mask=None, maskParams=None, name='Mask', opacity=1.0, ori=0.0, pos=array([0., 0.]), size=array([1.5, 0.5]), texRes=128, units='height', win=Window(...))
10.9910 	EXP 	Created img1 = ImageStim(__class__=<class 'psychopy.visual.image.ImageStim'>, anchor=('center', 'center'), autoLog=True, color=array([1, 1, 1]), colorSpace='rgb', contrast=1.0, depth=-1.0, flipHoriz=False, flipVert=False, image='sin', interpolate=True, mask=None, maskParams=None, name='img1', opacity=1.0, ori=0.0, pos=array([0., 0.]), size=array([0.25, 0.25]), texRes=128, units='height', win=Window(...))
10.9952 	EXP 	Created img2 = ImageStim(__class__=<class 'psychopy.visual.image.ImageStim'>, anchor=('center', 'center'), autoLog=True, color=array([1, 1, 1]), colorSpace='rgb', contrast=1.0, depth=-2.0, flipHoriz=False, flipVert=False, image='sin', interpolate=True, mask=None, maskParams=None, name='img2', opacity=1.0, ori=0.0, pos=array([0., 0.]), size=array([0.25, 0.25]), texRes=128, units='height', win=Window(...))
10.9996 	EXP 	Created img3 = ImageStim(__class__=<class 'psychopy.visual.image.ImageStim'>, anchor=('center', 'center'), autoLog=True, color=array([1, 1, 1]), colorSpace='rgb', contrast=1.0, depth=-3.0, flipHoriz=False, flipVert=False, image='sin', interpolate=True, mask=None, maskParams=None, name='img3', opacity=1.0, ori=0.0, pos=array([0., 0.]), size=array([0.25, 0.25]), texRes=128, units='height', win=Window(...))
11.0085 	EXP 	Sound sound_pop4 set volume 1.000
11.0176 	EXP 	Sound sound_pop5 set volume 1.000
11.0265 	EXP 	Sound sound_pop6 set volume 1.000
11.0315 	EXP 	Created text_2 = TextStim(__class__=<class 'psychopy.visual.text.TextStim'>, alignHoriz=method-wrapper(...), alignText='center', alignVert=method-wrapper(...), anchorHoriz='center', anchorVert='center', antialias=True, autoDraw=False, autoLog=True, bold=False, color=array([1, 1, 1]), colorSpace='rgb', contrast=1.0, depth=0.0, flipHoriz=False, flipVert=False, font='Arial', fontFiles=[], height=0.03, italic=False, languageStyle='LTR', name='text_2', opacity=1.0, ori=0, pos=array([0., 0.]), rgb=UNKNOWN, text=str(...), units='height', win=Window(...), wrapWidth=1)
11.0341 	EXP 	Created text = TextStim(__class__=<class 'psychopy.visual.text.TextStim'>, alignHoriz=method-wrapper(...), alignText='center', alignVert=method-wrapper(...), anchorHoriz='center', anchorVert='center', antialias=True, autoDraw=False, autoLog=True, bold=False, color=array([1, 1, 1]), colorSpace='rgb', contrast=1.0, depth=-1.0, flipHoriz=False, flipVert=False, font='Arial', fontFiles=[], height=0.03, italic=False, languageStyle='LTR', name='text', opacity=1.0, ori=0, pos=array([0., 0.]), rgb=UNKNOWN, text=str(...), units='height', win=Window(...), wrapWidth=1)
11.0346 	EXP 	Created sameText = TextStim(__class__=<class 'psychopy.visual.text.TextStim'>, alignHoriz=method-wrapper(...), alignText='center', alignVert=method-wrapper(...), anchorHoriz='center', anchorVert='center', antialias=True, autoDraw=False, autoLog=True, bold=False, color=array([1, 1, 1]), colorSpace='rgb', contrast=1.0, depth=-2.0, flipHoriz=False, flipVert=False, font='Arial', fontFiles=[], height=0.03, italic=False, languageStyle='LTR', name='sameText', opacity=1.0, ori=0, pos=array([-0.2, -0.3]), rgb=UNKNOWN, text='', units='height', win=Window(...), wrapWidth=1)
11.0351 	EXP 	Created diffText = TextStim(__class__=<class 'psychopy.visual.text.TextStim'>, alignHoriz=method-wrapper(...), alignText='center', alignVert=method-wrapper(...), anchorHoriz='center', anchorVert='center', antialias=True, autoDraw=False, autoLog=True, bold=False, color=array([1, 1, 1]), colorSpace='rgb', contrast=1.0, depth=-3.0, flipHoriz=False, flipVert=False, font='Arial', fontFiles=[], height=0.03, italic=False, languageStyle='LTR', name='diffText', opacity=1.0, ori=0, pos=array([ 0.2, -0.3]), rgb=UNKNOWN, text='', units='height', win=Window(...), wrapWidth=1)
11.0359 	EXP 	Created leftCL = Rect(__class__=<class 'psychopy.visual.rect.Rect'>, anchor=('center', 'center'), autoDraw=False, autoLog=True, closeShape=True, color=method-wrapper(...), colorSpace='rgb', contrast=None, depth=-4.0, fillColor=array([1., 1., 1.]), fillColorSpace='rgb', fillRGB=array([1., 1., 1.]), interpolate=True, lineColor=array([1, 1, 1]), lineColorSpace='rgb', lineRGB=array([1, 1, 1]), lineWidth=3, name='leftCL', opacity=0.5, ori=0.0, pos=array([-0.2, -0.3]), size=array([-0.2, -0.2]), units='height', vertices=ndarray(...), win=Window(...))
11.0368 	EXP 	Created rightCL = Rect(__class__=<class 'psychopy.visual.rect.Rect'>, anchor=('center', 'center'), autoDraw=False, autoLog=True, closeShape=True, color=method-wrapper(...), colorSpace='rgb', contrast=None, depth=-5.0, fillColor=array([1., 1., 1.]), fillColorSpace='rgb', fillRGB=array([1., 1., 1.]), interpolate=True, lineColor=array([1, 1, 1]), lineColorSpace='rgb', lineRGB=array([1, 1, 1]), lineWidth=3, name='rightCL', opacity=0.5, ori=0.0, pos=array([ 0.2, -0.3]), size=array([0.2, 0.2]), units='height', vertices=ndarray(...), win=Window(...))
11.0368 	EXP 	window1: mouseVisible = True
11.0372 	EXP 	Sound clickedSound set volume 1.000
11.0409 	EXP 	Created retIMG = ImageStim(__class__=<class 'psychopy.visual.image.ImageStim'>, anchor=('center', 'center'), autoLog=True, color=array([1, 1, 1]), colorSpace='rgb', contrast=1.0, depth=-1.0, flipHoriz=False, flipVert=False, image='sin', interpolate=True, mask=None, maskParams=None, name='retIMG', opacity=1.0, ori=0.0, pos=array([0., 0.]), size=array([0.25, 0.25]), texRes=128, units='height', win=Window(...))
11.0496 	EXP 	Sound sound_pop7 set volume 1.000
11.0521 	EXP 	Created question_text = TextStim(__class__=<class 'psychopy.visual.text.TextStim'>, alignHoriz=method-wrapper(...), alignText='center', alignVert=method-wrapper(...), anchorHoriz='center', anchorVert='center', antialias=True, autoDraw=False, autoLog=True, bold=False, color=array([1, 1, 1]), colorSpace='rgb', contrast=1.0, depth=0.0, flipHoriz=False, flipVert=False, font='Arial', fontFiles=[], height=0.03, italic=False, languageStyle='LTR', name='question_text', opacity=1.0, ori=0, pos=array([0. , 0.3]), rgb=UNKNOWN, text='When did you see this object?', units='height', win=Window(...), wrapWidth=1)
11.0543 	EXP 	Created decisionQ_2 = TextStim(__class__=<class 'psychopy.visual.text.TextStim'>, alignHoriz=method-wrapper(...), alignText='center', alignVert=method-wrapper(...), anchorHoriz='center', anchorVert='center', antialias=True, autoDraw=False, autoLog=True, bold=False, color=array([1, 1, 1]), colorSpace='rgb', contrast=1.0, depth=-1.0, flipHoriz=False, flipVert=False, font='Arial', fontFiles=[], height=0.03, italic=False, languageStyle='LTR', name='decisionQ_2', opacity=1.0, ori=0, pos=array([0. , 0.3]), rgb=UNKNOWN, text='When did you see this object?', units='height', win=Window(...), wrapWidth=1)
11.0550 	EXP 	Created first_left = Rect(__class__=<class 'psychopy.visual.rect.Rect'>, anchor=('center', 'center'), autoDraw=False, autoLog=True, closeShape=True, color=method-wrapper(...), colorSpace='rgb', contrast=None, depth=-2.0, fillColor=array([1, 1, 1]), fillColorSpace='rgb', fillRGB=array([1, 1, 1]), interpolate=True, lineColor=array([1, 1, 1]), lineColorSpace='rgb', lineRGB=array([1, 1, 1]), lineWidth=3, name='first_left', opacity=0.5, ori=0.0, pos=array([0. , 0.1]), size=array([0.15, 0.15]), units='height', vertices=ndarray(...), win=Window(...))
11.0556 	EXP 	Created second_middle = Rect(__class__=<class 'psychopy.visual.rect.Rect'>, anchor=('center', 'center'), autoDraw=False, autoLog=True, closeShape=True, color=method-wrapper(...), colorSpace='rgb', contrast=None, depth=-3.0, fillColor=array([1, 1, 1]), fillColorSpace='rgb', fillRGB=array([1, 1, 1]), interpolate=True, lineColor=array([1, 1, 1]), lineColorSpace='rgb', lineRGB=array([1, 1, 1]), lineWidth=3, name='second_middle', opacity=0.5, ori=0.0, pos=array([ 0. , -0.1]), size=array([0.15, 0.15]), units='height', vertices=ndarray(...), win=Window(...))
11.0563 	EXP 	Created third_right = Rect(__class__=<class 'psychopy.visual.rect.Rect'>, anchor=('center', 'center'), autoDraw=False, autoLog=True, closeShape=True, color=method-wrapper(...), colorSpace='rgb', contrast=None, depth=-4.0, fillColor=array([1, 1, 1]), fillColorSpace='rgb', fillRGB=array([1, 1, 1]), interpolate=True, lineColor=array([1, 1, 1]), lineColorSpace='rgb', lineRGB=array([1, 1, 1]), lineWidth=3, name='third_right', opacity=0.5, ori=0.0, pos=array([ 0. , -0.3]), size=array([0.15, 0.15]), units='height', vertices=ndarray(...), win=Window(...))
11.0588 	EXP 	Created First = TextStim(__class__=<class 'psychopy.visual.text.TextStim'>, alignHoriz=method-wrapper(...), alignText='center', alignVert=method-wrapper(...), anchorHoriz='center', anchorVert='center', antialias=True, autoDraw=False, autoLog=True, bold=False, color=array([1, 1, 1]), colorSpace='rgb', contrast=1.0, depth=-5.0, flipHoriz=False, flipVert=False, font='Arial', fontFiles=[], height=0.03, italic=False, languageStyle='LTR', name='First', opacity=1.0, ori=0, pos=array([0. , 0.1]), rgb=UNKNOWN, text='First', units='height', win=Window(...), wrapWidth=1)
11.0607 	EXP 	Created Second = TextStim(__class__=<class 'psychopy.visual.text.TextStim'>, alignHoriz=method-wrapper(...), alignText='center', alignVert=method-wrapper(...), anchorHoriz='center', anchorVert='center', antialias=True, autoDraw=False, autoLog=True, bold=False, color=array([1, 1, 1]), colorSpace='rgb', contrast=1.0, depth=-6.0, flipHoriz=False, flipVert=False, font='Arial', fontFiles=[], height=0.03, italic=False, languageStyle='LTR', name='Second', opacity=1.0, ori=0, pos=array([ 0. , -0.1]), rgb=UNKNOWN, text='Second', units='height', win=Window(...), wrapWidth=1)
11.0626 	EXP 	Created Third = TextStim(__class__=<class 'psychopy.visual.text.TextStim'>, alignHoriz=method-wrapper(...), alignText='center', alignVert=method-wrapper(...), anchorHoriz='center', anchorVert='center', antialias=True, autoDraw=False, autoLog=True, bold=False, color=array([1, 1, 1]), colorSpace='rgb', contrast=1.0, depth=-7.0, flipHoriz=False, flipVert=False, font='Arial', fontFiles=[], height=0.03, italic=False, languageStyle='LTR', name='Third', opacity=1.0, ori=0, pos=array([ 0. , -0.3]), rgb=UNKNOWN, text='Third', units='height', win=Window(...), wrapWidth=1)
11.0626 	EXP 	window1: mouseVisible = True
11.0630 	EXP 	Sound clickedSound set volume 1.000
11.0708 	EXP 	Created BlockBreak = TextStim(__class__=<class 'psychopy.visual.text.TextStim'>, alignHoriz=method-wrapper(...), alignText='center', alignVert=method-wrapper(...), anchorHoriz='center', anchorVert='center', antialias=True, autoDraw=False, autoLog=True, bold=False, color=array([1, 1, 1]), colorSpace='rgb', contrast=1.0, depth=0.0, flipHoriz=False, flipVert=False, font='Arial', fontFiles=[], height=0.03, italic=False, languageStyle='LTR', name='BlockBreak', opacity=1.0, ori=0, pos=array([0., 0.]), rgb=UNKNOWN, text=str(...), units='height', win=Window(...), wrapWidth=1)
11.0843 	EXP 	Created text_4 = TextStim(__class__=<class 'psychopy.visual.text.TextStim'>, alignHoriz=method-wrapper(...), alignText='center', alignVert=method-wrapper(...), anchorHoriz='center', anchorVert='center', antialias=True, autoDraw=False, autoLog=True, bold=False, color=array([1, 1, 1]), colorSpace='rgb', contrast=1.0, depth=-1.0, flipHoriz=False, flipVert=False, font='Open Sans', fontFiles=[], height=0.03, italic=False, languageStyle='LTR', name='text_4', opacity=1.0, ori=0.0, pos=array([0., 0.]), rgb=UNKNOWN, text=str(...), units='height', win=Window(...), wrapWidth=1)
11.0879 	EXP 	Created Triplet1 = ImageStim(__class__=<class 'psychopy.visual.image.ImageStim'>, anchor=('center', 'center'), autoLog=True, color=array([1, 1, 1]), colorSpace='rgb', contrast=1.0, depth=-1.0, flipHoriz=False, flipVert=False, image='sin', interpolate=True, mask=None, maskParams=None, name='Triplet1', opacity=1.0, ori=0.0, pos=array([0., 0.]), size=array([0.25, 0.25]), texRes=128, units='height', win=Window(...))
11.0922 	EXP 	Created Triplet2 = ImageStim(__class__=<class 'psychopy.visual.image.ImageStim'>, anchor=('center', 'center'), autoLog=True, color=array([1, 1, 1]), colorSpace='rgb', contrast=1.0, depth=-2.0, flipHoriz=False, flipVert=False, image='sin', interpolate=True, mask=None, maskParams=None, name='Triplet2', opacity=1.0, ori=0.0, pos=array([0., 0.]), size=array([0.25, 0.25]), texRes=128, units='height', win=Window(...))
11.0965 	EXP 	Created Triplet3 = ImageStim(__class__=<class 'psychopy.visual.image.ImageStim'>, anchor=('center', 'center'), autoLog=True, color=array([1, 1, 1]), colorSpace='rgb', contrast=1.0, depth=-3.0, flipHoriz=False, flipVert=False, image='sin', interpolate=True, mask=None, maskParams=None, name='Triplet3', opacity=1.0, ori=0.0, pos=array([0., 0.]), size=array([0.25, 0.25]), texRes=128, units='height', win=Window(...))
11.1053 	EXP 	Sound sound_pop set volume 1.000
11.1143 	EXP 	Sound sound_pop2 set volume 1.000
11.1232 	EXP 	Sound sound_pop3 set volume 1.000
11.1450 	EXP 	Created fix = ImageStim(__class__=<class 'psychopy.visual.image.ImageStim'>, anchor=('center', 'center'), autoLog=True, color=array([1, 1, 1]), colorSpace='rgb', contrast=1.0, depth=0.0, flipHoriz=False, flipVert=False, image='images/fixation.png', interpolate=True, mask=None, maskParams=None, name='fix', opacity=1.0, ori=0.0, pos=array([0., 0.]), size=array([0.1 , 0.05]), texRes=128, units='height', win=Window(...))
11.2312 	EXP 	Created Mask = ImageStim(__class__=<class 'psychopy.visual.image.ImageStim'>, anchor=('center', 'center'), autoLog=True, color=array([1, 1, 1]), colorSpace='rgb', contrast=1.0, depth=0.0, flipHoriz=False, flipVert=False, image='images/Mask.png', interpolate=True, mask=None, maskParams=None, name='Mask', opacity=1.0, ori=0.0, pos=array([0., 0.]), size=array([1.5, 0.5]), texRes=128, units='height', win=Window(...))
11.2367 	EXP 	Created img1 = ImageStim(__class__=<class 'psychopy.visual.image.ImageStim'>, anchor=('center', 'center'), autoLog=True, color=array([1, 1, 1]), colorSpace='rgb', contrast=1.0, depth=-1.0, flipHoriz=False, flipVert=False, image='sin', interpolate=True, mask=None, maskParams=None, name='img1', opacity=1.0, ori=0.0, pos=array([0., 0.]), size=array([0.25, 0.25]), texRes=128, units='height', win=Window(...))
11.2410 	EXP 	Created img2 = ImageStim(__class__=<class 'psychopy.visual.image.ImageStim'>, anchor=('center', 'center'), autoLog=True, color=array([1, 1, 1]), colorSpace='rgb', contrast=1.0, depth=-2.0, flipHoriz=False, flipVert=False, image='sin', interpolate=True, mask=None, maskParams=None, name='img2', opacity=1.0, ori=0.0, pos=array([0., 0.]), size=array([0.25, 0.25]), texRes=128, units='height', win=Window(...))
11.2452 	EXP 	Created img3 = ImageStim(__class__=<class 'psychopy.visual.image.ImageStim'>, anchor=('center', 'center'), autoLog=True, color=array([1, 1, 1]), colorSpace='rgb', contrast=1.0, depth=-3.0, flipHoriz=False, flipVert=False, image='sin', interpolate=True, mask=None, maskParams=None, name='img3', opacity=1.0, ori=0.0, pos=array([0., 0.]), size=array([0.25, 0.25]), texRes=128, units='height', win=Window(...))
11.2540 	EXP 	Sound sound_pop4 set volume 1.000
11.2631 	EXP 	Sound sound_pop5 set volume 1.000
11.2722 	EXP 	Sound sound_pop6 set volume 1.000
11.2756 	EXP 	Created text_2 = TextStim(__class__=<class 'psychopy.visual.text.TextStim'>, alignHoriz=method-wrapper(...), alignText='center', alignVert=method-wrapper(...), anchorHoriz='center', anchorVert='center', antialias=True, autoDraw=False, autoLog=True, bold=False, color=array([1, 1, 1]), colorSpace='rgb', contrast=1.0, depth=0.0, flipHoriz=False, flipVert=False, font='Arial', fontFiles=[], height=0.03, italic=False, languageStyle='LTR', name='text_2', opacity=1.0, ori=0, pos=array([0., 0.]), rgb=UNKNOWN, text=str(...), units='height', win=Window(...), wrapWidth=1)
11.2781 	EXP 	Created text = TextStim(__class__=<class 'psychopy.visual.text.TextStim'>, alignHoriz=method-wrapper(...), alignText='center', alignVert=method-wrapper(...), anchorHoriz='center', anchorVert='center', antialias=True, autoDraw=False, autoLog=True, bold=False, color=array([1, 1, 1]), colorSpace='rgb', contrast=1.0, depth=-1.0, flipHoriz=False, flipVert=False, font='Arial', fontFiles=[], height=0.03, italic=False, languageStyle='LTR', name='text', opacity=1.0, ori=0, pos=array([0., 0.]), rgb=UNKNOWN, text=str(...), units='height', win=Window(...), wrapWidth=1)
11.2786 	EXP 	Created sameText = TextStim(__class__=<class 'psychopy.visual.text.TextStim'>, alignHoriz=method-wrapper(...), alignText='center', alignVert=method-wrapper(...), anchorHoriz='center', anchorVert='center', antialias=True, autoDraw=False, autoLog=True, bold=False, color=array([1, 1, 1]), colorSpace='rgb', contrast=1.0, depth=-2.0, flipHoriz=False, flipVert=False, font='Arial', fontFiles=[], height=0.03, italic=False, languageStyle='LTR', name='sameText', opacity=1.0, ori=0, pos=array([-0.2, -0.3]), rgb=UNKNOWN, text='', units='height', win=Window(...), wrapWidth=1)
11.2791 	EXP 	Created diffText = TextStim(__class__=<class 'psychopy.visual.text.TextStim'>, alignHoriz=method-wrapper(...), alignText='center', alignVert=method-wrapper(...), anchorHoriz='center', anchorVert='center', antialias=True, autoDraw=False, autoLog=True, bold=False, color=array([1, 1, 1]), colorSpace='rgb', contrast=1.0, depth=-3.0, flipHoriz=False, flipVert=False, font='Arial', fontFiles=[], height=0.03, italic=False, languageStyle='LTR', name='diffText', opacity=1.0, ori=0, pos=array([ 0.2, -0.3]), rgb=UNKNOWN, text='', units='height', win=Window(...), wrapWidth=1)
11.2800 	EXP 	Created leftCL = Rect(__class__=<class 'psychopy.visual.rect.Rect'>, anchor=('center', 'center'), autoDraw=False, autoLog=True, closeShape=True, color=method-wrapper(...), colorSpace='rgb', contrast=None, depth=-4.0, fillColor=array([1., 1., 1.]), fillColorSpace='rgb', fillRGB=array([1., 1., 1.]), interpolate=True, lineColor=array([1, 1, 1]), lineColorSpace='rgb', lineRGB=array([1, 1, 1]), lineWidth=3, name='leftCL', opacity=0.5, ori=0.0, pos=array([-0.2, -0.3]), size=array([-0.2, -0.2]), units='height', vertices=ndarray(...), win=Window(...))
11.2808 	EXP 	Created rightCL = Rect(__class__=<class 'psychopy.visual.rect.Rect'>, anchor=('center', 'center'), autoDraw=False, autoLog=True, closeShape=True, color=method-wrapper(...), colorSpace='rgb', contrast=None, depth=-5.0, fillColor=array([1., 1., 1.]), fillColorSpace='rgb', fillRGB=array([1., 1., 1.]), interpolate=True, lineColor=array([1, 1, 1]), lineColorSpace='rgb', lineRGB=array([1, 1, 1]), lineWidth=3, name='rightCL', opacity=0.5, ori=0.0, pos=array([ 0.2, -0.3]), size=array([0.2, 0.2]), units='height', vertices=ndarray(...), win=Window(...))
11.2809 	EXP 	window1: mouseVisible = True
11.2813 	EXP 	Sound clickedSound set volume 1.000
11.2849 	EXP 	Created retIMG = ImageStim(__class__=<class 'psychopy.visual.image.ImageStim'>, anchor=('center', 'center'), autoLog=True, color=array([1, 1, 1]), colorSpace='rgb', contrast=1.0, depth=-1.0, flipHoriz=False, flipVert=False, image='sin', interpolate=True, mask=None, maskParams=None, name='retIMG', opacity=1.0, ori=0.0, pos=array([0., 0.]), size=array([0.25, 0.25]), texRes=128, units='height', win=Window(...))
11.2940 	EXP 	Sound sound_pop7 set volume 1.000
11.2963 	EXP 	Created question_text = TextStim(__class__=<class 'psychopy.visual.text.TextStim'>, alignHoriz=method-wrapper(...), alignText='center', alignVert=method-wrapper(...), anchorHoriz='center', anchorVert='center', antialias=True, autoDraw=False, autoLog=True, bold=False, color=array([1, 1, 1]), colorSpace='rgb', contrast=1.0, depth=0.0, flipHoriz=False, flipVert=False, font='Arial', fontFiles=[], height=0.03, italic=False, languageStyle='LTR', name='question_text', opacity=1.0, ori=0, pos=array([0. , 0.3]), rgb=UNKNOWN, text='When did you see this object?', units='height', win=Window(...), wrapWidth=1)
11.2984 	EXP 	Created decisionQ_2 = TextStim(__class__=<class 'psychopy.visual.text.TextStim'>, alignHoriz=method-wrapper(...), alignText='center', alignVert=method-wrapper(...), anchorHoriz='center', anchorVert='center', antialias=True, autoDraw=False, autoLog=True, bold=False, color=array([1, 1, 1]), colorSpace='rgb', contrast=1.0, depth=-1.0, flipHoriz=False, flipVert=False, font='Arial', fontFiles=[], height=0.03, italic=False, languageStyle='LTR', name='decisionQ_2', opacity=1.0, ori=0, pos=array([0. , 0.3]), rgb=UNKNOWN, text='When did you see this object?', units='height', win=Window(...), wrapWidth=1)
11.2991 	EXP 	Created first_left = Rect(__class__=<class 'psychopy.visual.rect.Rect'>, anchor=('center', 'center'), autoDraw=False, autoLog=True, closeShape=True, color=method-wrapper(...), colorSpace='rgb', contrast=None, depth=-2.0, fillColor=array([1, 1, 1]), fillColorSpace='rgb', fillRGB=array([1, 1, 1]), interpolate=True, lineColor=array([1, 1, 1]), lineColorSpace='rgb', lineRGB=array([1, 1, 1]), lineWidth=3, name='first_left', opacity=0.5, ori=0.0, pos=array([0. , 0.1]), size=array([0.15, 0.15]), units='height', vertices=ndarray(...), win=Window(...))
11.2998 	EXP 	Created second_middle = Rect(__class__=<class 'psychopy.visual.rect.Rect'>, anchor=('center', 'center'), autoDraw=False, autoLog=True, closeShape=True, color=method-wrapper(...), colorSpace='rgb', contrast=None, depth=-3.0, fillColor=array([1, 1, 1]), fillColorSpace='rgb', fillRGB=array([1, 1, 1]), interpolate=True, lineColor=array([1, 1, 1]), lineColorSpace='rgb', lineRGB=array([1, 1, 1]), lineWidth=3, name='second_middle', opacity=0.5, ori=0.0, pos=array([ 0. , -0.1]), size=array([0.15, 0.15]), units='height', vertices=ndarray(...), win=Window(...))
11.3004 	EXP 	Created third_right = Rect(__class__=<class 'psychopy.visual.rect.Rect'>, anchor=('center', 'center'), autoDraw=False, autoLog=True, closeShape=True, color=method-wrapper(...), colorSpace='rgb', contrast=None, depth=-4.0, fillColor=array([1, 1, 1]), fillColorSpace='rgb', fillRGB=array([1, 1, 1]), interpolate=True, lineColor=array([1, 1, 1]), lineColorSpace='rgb', lineRGB=array([1, 1, 1]), lineWidth=3, name='third_right', opacity=0.5, ori=0.0, pos=array([ 0. , -0.3]), size=array([0.15, 0.15]), units='height', vertices=ndarray(...), win=Window(...))
11.3025 	EXP 	Created First = TextStim(__class__=<class 'psychopy.visual.text.TextStim'>, alignHoriz=method-wrapper(...), alignText='center', alignVert=method-wrapper(...), anchorHoriz='center', anchorVert='center', antialias=True, autoDraw=False, autoLog=True, bold=False, color=array([1, 1, 1]), colorSpace='rgb', contrast=1.0, depth=-5.0, flipHoriz=False, flipVert=False, font='Arial', fontFiles=[], height=0.03, italic=False, languageStyle='LTR', name='First', opacity=1.0, ori=0, pos=array([0. , 0.1]), rgb=UNKNOWN, text='First', units='height', win=Window(...), wrapWidth=1)
11.3050 	EXP 	Created Second = TextStim(__class__=<class 'psychopy.visual.text.TextStim'>, alignHoriz=method-wrapper(...), alignText='center', alignVert=method-wrapper(...), anchorHoriz='center', anchorVert='center', antialias=True, autoDraw=False, autoLog=True, bold=False, color=array([1, 1, 1]), colorSpace='rgb', contrast=1.0, depth=-6.0, flipHoriz=False, flipVert=False, font='Arial', fontFiles=[], height=0.03, italic=False, languageStyle='LTR', name='Second', opacity=1.0, ori=0, pos=array([ 0. , -0.1]), rgb=UNKNOWN, text='Second', units='height', win=Window(...), wrapWidth=1)
11.3069 	EXP 	Created Third = TextStim(__class__=<class 'psychopy.visual.text.TextStim'>, alignHoriz=method-wrapper(...), alignText='center', alignVert=method-wrapper(...), anchorHoriz='center', anchorVert='center', antialias=True, autoDraw=False, autoLog=True, bold=False, color=array([1, 1, 1]), colorSpace='rgb', contrast=1.0, depth=-7.0, flipHoriz=False, flipVert=False, font='Arial', fontFiles=[], height=0.03, italic=False, languageStyle='LTR', name='Third', opacity=1.0, ori=0, pos=array([ 0. , -0.3]), rgb=UNKNOWN, text='Third', units='height', win=Window(...), wrapWidth=1)
11.3070 	EXP 	window1: mouseVisible = True
11.3074 	EXP 	Sound clickedSound set volume 1.000
11.3103 	EXP 	Created end = TextStim(__class__=<class 'psychopy.visual.text.TextStim'>, alignHoriz=method-wrapper(...), alignText='center', alignVert=method-wrapper(...), anchorHoriz='center', anchorVert='center', antialias=True, autoDraw=False, autoLog=True, bold=False, color=array([1, 1, 1]), colorSpace='rgb', contrast=1.0, depth=0.0, flipHoriz=False, flipVert=False, font='Arial', fontFiles=[], height=0.03, italic=False, languageStyle='LTR', name='end', opacity=1.0, ori=0, pos=array([0., 0.]), rgb=UNKNOWN, text=str(...), units='height', win=Window(...), wrapWidth=1)
11.3140 	EXP 	Instructions: autoDraw = True
12.5083 	EXP 	Created sequence: random, trialTypes=1, nReps=2, seed=None
12.5084 	EXP 	New trial (rep=0, index=0): None
12.6341 	DATA 	Keypress: space
12.7375 	EXP 	Instructions: autoDraw = False
12.7375 	EXP 	fix: autoDraw = True
14.6072 	EXP 	Sound sound_pop started
14.6018 	EXP 	fix: autoDraw = False
14.6018 	EXP 	fix: autoDraw = False
14.6018 	EXP 	Triplet1: image = 'images/OBJ_165.png'
14.6018 	EXP 	Triplet2: image = 'images/OBJ_44.png'
14.6018 	EXP 	Triplet3: image = 'images/OBJ_97.png'
14.6018 	EXP 	Triplet1: autoDraw = True
14.9744 	EXP 	Sound sound_pop reached end of file
16.1068 	EXP 	Triplet1: autoDraw = False
16.5899 	EXP 	Sound sound_pop2 started
16.5900 	EXP 	Triplet2: autoDraw = True
16.9534 	EXP 	Sound sound_pop2 reached end of file
18.0895 	EXP 	Triplet2: autoDraw = False
18.5893 	EXP 	Sound sound_pop3 started
18.5894 	EXP 	Triplet3: autoDraw = True
18.9546 	EXP 	Sound sound_pop3 reached end of file
20.0889 	EXP 	Triplet3: autoDraw = False
20.0889 	EXP 	Triplet1: autoDraw = False
20.0889 	EXP 	Triplet2: autoDraw = False
20.0889 	EXP 	Triplet3: autoDraw = False
20.0889 	EXP 	Mask: autoDraw = True
21.7217 	EXP 	Sound sound_pop4 started
21.7213 	EXP 	Mask: autoDraw = False
21.7213 	EXP 	Mask: autoDraw = False
21.7213 	EXP 	img1: image = 'images/OBJ_165.png'
21.7213 	EXP 	img2: image = 'images/OBJ_44.png'
21.7213 	EXP 	img3: image = 'images/OBJ_97.png'
21.7213 	EXP 	img1: autoDraw = True
22.0928 	EXP 	Sound sound_pop4 reached end of file
23.2215 	EXP 	img1: autoDraw = False
23.7212 	EXP 	Sound sound_pop5 started
23.7212 	EXP 	img2: autoDraw = True
24.0838 	EXP 	Sound sound_pop5 reached end of file
25.2209 	EXP 	img2: autoDraw = False
25.7208 	EXP 	Sound sound_pop6 started
25.7207 	EXP 	img3: autoDraw = True
26.0832 	EXP 	Sound sound_pop6 reached end of file
27.2203 	EXP 	img3: autoDraw = False
27.2203 	EXP 	img1: autoDraw = False
27.2203 	EXP 	img2: autoDraw = False
27.2203 	EXP 	img3: autoDraw = False
27.2203 	EXP 	text_2: autoDraw = True
28.2204 	EXP 	text_2: autoDraw = False
28.2204 	EXP 	text_2: autoDraw = False
28.2204 	EXP 	sameText: height = 0.03
28.2204 	EXP 	sameText: height = 0.03
28.2204 	EXP 	sameText: height = 0.03
28.2204 	EXP 	sameText: text = 'Same'
28.2204 	EXP 	diffText: height = 0.03
28.2204 	EXP 	diffText: height = 0.03
28.2204 	EXP 	diffText: height = 0.03
28.2204 	EXP 	diffText: text = 'Different'
28.2204 	EXP 	text: autoDraw = True
28.2204 	EXP 	sameText: autoDraw = True
28.2204 	EXP 	diffText: autoDraw = True
28.2204 	EXP 	leftCL: autoDraw = True
28.2204 	EXP 	rightCL: autoDraw = True
33.5685 	DATA 	Mouse: Left button down, pos=(440,245)
33.5850 	EXP 	Sound clickedSound started
33.5854 	EXP 	text: autoDraw = False
33.5854 	EXP 	sameText: autoDraw = False
33.5854 	EXP 	diffText: autoDraw = False
33.5854 	EXP 	leftCL: autoDraw = False
33.5854 	EXP 	rightCL: autoDraw = False
33.6858 	DATA 	Mouse:  Left button up, pos=(440,245)
34.0941 	EXP 	Sound clickedSound stopped
34.0945 	EXP 	New trial (rep=1, index=0): None
34.3239 	EXP 	fix: autoDraw = True
36.1176 	EXP 	Sound sound_pop started
36.1071 	EXP 	fix: autoDraw = False
36.1071 	EXP 	fix: autoDraw = False
36.1071 	EXP 	Triplet1: image = 'images/OBJ_96.png'
36.1071 	EXP 	Triplet2: image = 'images/OBJ_204.png'
36.1071 	EXP 	Triplet3: image = 'images/OBJ_95.png'
36.1071 	EXP 	Triplet1: autoDraw = True
36.4779 	EXP 	Sound sound_pop reached end of file
37.6172 	EXP 	Triplet1: autoDraw = False
38.1004 	EXP 	Sound sound_pop2 started
38.1004 	EXP 	Triplet2: autoDraw = True
38.4652 	EXP 	Sound sound_pop2 reached end of file
39.5999 	EXP 	Triplet2: autoDraw = False
40.0998 	EXP 	Sound sound_pop3 started
40.0998 	EXP 	Triplet3: autoDraw = True
40.4646 	EXP 	Sound sound_pop3 reached end of file
41.5997 	EXP 	Triplet3: autoDraw = False
41.5997 	EXP 	Triplet1: autoDraw = False
41.5997 	EXP 	Triplet2: autoDraw = False
41.5997 	EXP 	Triplet3: autoDraw = False
41.5997 	EXP 	Mask: autoDraw = True
43.1488 	EXP 	Sound sound_pop4 started
43.1432 	EXP 	Mask: autoDraw = False
43.1432 	EXP 	Mask: autoDraw = False
43.1432 	EXP 	img1: image = 'images/OBJ_96.png'
43.1432 	EXP 	img2: image = 'images/OBJ_204.png'
43.1432 	EXP 	img3: image = 'images/OBJ_95.png'
43.1432 	EXP 	img1: autoDraw = True
43.5254 	EXP 	Sound sound_pop4 reached end of file
44.6484 	EXP 	img1: autoDraw = False
45.1316 	EXP 	Sound sound_pop5 started
45.1316 	EXP 	img2: autoDraw = True
45.4940 	EXP 	Sound sound_pop5 reached end of file
46.6312 	EXP 	img2: autoDraw = False
47.1310 	EXP 	Sound sound_pop6 started
47.1310 	EXP 	img3: autoDraw = True
47.4951 	EXP 	Sound sound_pop6 reached end of file
48.6306 	EXP 	img3: autoDraw = False
48.6306 	EXP 	img1: autoDraw = False
48.6306 	EXP 	img2: autoDraw = False
48.6306 	EXP 	img3: autoDraw = False
48.6306 	EXP 	text_2: autoDraw = True
49.6304 	EXP 	text_2: autoDraw = False
49.6304 	EXP 	text_2: autoDraw = False
49.6304 	EXP 	sameText: text = 'Same'
49.6304 	EXP 	diffText: text = 'Different'
49.6304 	EXP 	text: autoDraw = True
49.6304 	EXP 	sameText: autoDraw = True
49.6304 	EXP 	diffText: autoDraw = True
49.6304 	EXP 	leftCL: autoDraw = True
49.6304 	EXP 	rightCL: autoDraw = True
50.1308 	DATA 	Mouse: Left button down, pos=(341,233)
50.1473 	EXP 	Sound clickedSound started
50.1472 	EXP 	text: autoDraw = False
50.1472 	EXP 	sameText: autoDraw = False
50.1472 	EXP 	diffText: autoDraw = False
50.1472 	EXP 	leftCL: autoDraw = False
50.1472 	EXP 	rightCL: autoDraw = False
50.2972 	DATA 	Mouse:  Left button up, pos=(342,233)
50.6439 	EXP 	Sound clickedSound stopped
50.6444 	EXP 	Created sequence: random, trialTypes=1, nReps=2, seed=None
50.6455 	EXP 	New trial (rep=0, index=0): None
50.9133 	EXP 	Sound sound_pop7 started
50.9102 	EXP 	retIMG: image = 'images/OBJ_165.png'
50.9102 	EXP 	retIMG: autoDraw = True
51.2856 	EXP 	Sound sound_pop7 reached end of file
52.4133 	EXP 	retIMG: autoDraw = False
52.4133 	EXP 	retIMG: autoDraw = False
52.4133 	EXP 	question_text: autoDraw = True
53.4126 	EXP 	question_text: autoDraw = False
53.4126 	EXP 	question_text: autoDraw = False
53.4126 	EXP 	decisionQ_2: autoDraw = True
54.3790 	EXP 	first_left: autoDraw = True
54.3790 	EXP 	second_middle: autoDraw = True
54.3790 	EXP 	third_right: autoDraw = True
54.3790 	EXP 	First: autoDraw = True
54.3790 	EXP 	Second: autoDraw = True
54.3790 	EXP 	Third: autoDraw = True
55.1789 	DATA 	Mouse: Left button down, pos=(655,565)
55.1954 	EXP 	Sound clickedSound started
55.1958 	EXP 	decisionQ_2: autoDraw = False
55.1958 	EXP 	first_left: autoDraw = False
55.1958 	EXP 	second_middle: autoDraw = False
55.1958 	EXP 	third_right: autoDraw = False
55.1958 	EXP 	First: autoDraw = False
55.1958 	EXP 	Second: autoDraw = False
55.1958 	EXP 	Third: autoDraw = False
55.3123 	DATA 	Mouse:  Left button up, pos=(655,565)
55.7059 	EXP 	Sound clickedSound stopped
55.7062 	EXP 	New trial (rep=1, index=0): None
55.9618 	EXP 	Sound sound_pop7 started
55.9510 	EXP 	retIMG: image = 'images/OBJ_95.png'
55.9510 	EXP 	retIMG: autoDraw = True
56.3254 	EXP 	Sound sound_pop7 reached end of file
57.4614 	EXP 	retIMG: autoDraw = False
57.4614 	EXP 	retIMG: autoDraw = False
57.4614 	EXP 	question_text: autoDraw = True
58.4611 	EXP 	question_text: autoDraw = False
58.4611 	EXP 	question_text: autoDraw = False
58.4611 	EXP 	decisionQ_2: autoDraw = True
59.4275 	EXP 	first_left: autoDraw = True
59.4275 	EXP 	second_middle: autoDraw = True
59.4275 	EXP 	third_right: autoDraw = True
59.4275 	EXP 	First: autoDraw = True
59.4275 	EXP 	Second: autoDraw = True
59.4275 	EXP 	Third: autoDraw = True
59.8276 	DATA 	Mouse: Left button down, pos=(669,359)
59.8441 	EXP 	Sound clickedSound started
59.8444 	EXP 	decisionQ_2: autoDraw = False
59.8444 	EXP 	first_left: autoDraw = False
59.8444 	EXP 	second_middle: autoDraw = False
59.8444 	EXP 	third_right: autoDraw = False
59.8444 	EXP 	First: autoDraw = False
59.8444 	EXP 	Second: autoDraw = False
59.8444 	EXP 	Third: autoDraw = False
59.9777 	DATA 	Mouse:  Left button up, pos=(669,359)
60.3443 	EXP 	Sound clickedSound stopped
60.3477 	EXP 	BlockBreak: autoDraw = True
62.5272 	EXP 	Created sequence: random, trialTypes=1, nReps=25, seed=None
62.5273 	EXP 	New trial (rep=0, index=0): None
62.6571 	DATA 	Keypress: space
62.7603 	EXP 	BlockBreak: autoDraw = False
62.7603 	EXP 	text_4: autoDraw = False
62.7603 	EXP 	fix: autoDraw = True
64.3094 	EXP 	Sound sound_pop started
64.3019 	DATA 	Keypress: escape
64.3062 	EXP 	fix: autoDraw = False
64.3062 	EXP 	fix: autoDraw = False
64.3062 	EXP 	Triplet1: image = 'images/OBJ_151.png'
64.3062 	EXP 	Triplet2: image = 'images/OBJ_167.png'
64.3062 	EXP 	Triplet3: image = 'images/OBJ_136.png'
64.3062 	EXP 	Triplet1: autoDraw = True
66.5235 	EXP 	window1: mouseVisible = True
66.5236 	EXP 	window1: mouseVisible = True
66.5236 	EXP 	window1: mouseVisible = True
66.5237 	EXP 	window1: mouseVisible = True
66.5237 	EXP 	window1: mouseVisible = True
66.5237 	EXP 	window1: mouseVisible = True
66.5238 	EXP 	window1: mouseVisible = True
66.5238 	EXP 	window1: mouseVisible = True
66.5238 	EXP 	window1: mouseVisible = True
66.5239 	EXP 	window1: mouseVisible = True
66.5239 	EXP 	window1: mouseVisible = True
66.5240 	EXP 	window1: mouseVisible = True
66.5240 	EXP 	window1: mouseVisible = True
66.5240 	EXP 	window1: mouseVisible = True
66.5240 	EXP 	window1: mouseVisible = True
66.5241 	EXP 	window1: mouseVisible = True
66.5241 	EXP 	window1: mouseVisible = True
66.5241 	EXP 	window1: mouseVisible = True
66.5242 	EXP 	window1: mouseVisible = True
66.5242 	EXP 	window1: mouseVisible = True
66.5242 	EXP 	window1: mouseVisible = True
66.5242 	EXP 	window1: mouseVisible = True
66.5243 	EXP 	window1: mouseVisible = True
66.5243 	EXP 	window1: mouseVisible = True
66.5243 	EXP 	window1: mouseVisible = True
66.5244 	EXP 	window1: mouseVisible = True
66.5244 	EXP 	window1: mouseVisible = True
66.5244 	EXP 	window1: mouseVisible = True
66.5244 	EXP 	window1: mouseVisible = True
66.5245 	EXP 	window1: mouseVisible = True
66.5245 	EXP 	window1: mouseVisible = True
66.5245 	EXP 	window1: mouseVisible = True
66.5246 	EXP 	window1: mouseVisible = True
66.5246 	EXP 	window1: mouseVisible = True
66.5246 	EXP 	window1: mouseVisible = True
66.5246 	EXP 	window1: mouseVisible = True
66.5247 	EXP 	window1: mouseVisible = True
66.5247 	EXP 	window1: mouseVisible = True
66.5247 	EXP 	window1: mouseVisible = True
66.5248 	EXP 	window1: mouseVisible = True
66.5248 	EXP 	window1: mouseVisible = True
66.5248 	EXP 	window1: mouseVisible = True
66.5249 	EXP 	window1: mouseVisible = True
66.5249 	EXP 	window1: mouseVisible = True
66.5249 	EXP 	window1: mouseVisible = True
66.5249 	EXP 	window1: mouseVisible = True
66.5250 	EXP 	window1: mouseVisible = True
66.5250 	EXP 	window1: mouseVisible = True
66.5250 	EXP 	window1: mouseVisible = True
66.5251 	EXP 	window1: mouseVisible = True
66.5251 	EXP 	window1: mouseVisible = True
66.5251 	EXP 	window1: mouseVisible = True
66.5251 	EXP 	window1: mouseVisible = True
66.5252 	EXP 	window1: mouseVisible = True
66.5252 	EXP 	window1: mouseVisible = True
66.5252 	EXP 	window1: mouseVisible = True
66.5253 	EXP 	window1: mouseVisible = True
66.5253 	EXP 	window1: mouseVisible = True
66.5253 	EXP 	window1: mouseVisible = True
66.5253 	EXP 	window1: mouseVisible = True
66.5254 	EXP 	window1: mouseVisible = True
66.5254 	EXP 	window1: mouseVisible = True
66.5255 	EXP 	window1: mouseVisible = True
66.5255 	EXP 	window1: mouseVisible = True
66.5255 	EXP 	window1: mouseVisible = True
66.5256 	EXP 	window1: mouseVisible = True
66.5256 	EXP 	window1: mouseVisible = True
66.5256 	EXP 	window1: mouseVisible = True
66.5256 	EXP 	window1: mouseVisible = True
66.5257 	EXP 	window1: mouseVisible = True
66.5257 	EXP 	window1: mouseVisible = True
66.5257 	EXP 	window1: mouseVisible = True
66.5258 	EXP 	window1: mouseVisible = True
66.5258 	EXP 	window1: mouseVisible = True
66.5258 	EXP 	window1: mouseVisible = True
66.5258 	EXP 	window1: mouseVisible = True
66.5259 	EXP 	window1: mouseVisible = True
66.5259 	EXP 	window1: mouseVisible = True
66.5259 	EXP 	window1: mouseVisible = True
66.5260 	EXP 	window1: mouseVisible = True
66.5260 	EXP 	window1: mouseVisible = True
66.5260 	EXP 	window1: mouseVisible = True
66.5260 	EXP 	window1: mouseVisible = True
66.5261 	EXP 	window1: mouseVisible = True
66.5261 	EXP 	window1: mouseVisible = True
66.5261 	EXP 	window1: mouseVisible = True
66.5262 	EXP 	window1: mouseVisible = True
66.5262 	EXP 	window1: mouseVisible = True
66.5262 	EXP 	window1: mouseVisible = True
66.5262 	EXP 	window1: mouseVisible = True
66.5263 	EXP 	window1: mouseVisible = True
66.5263 	EXP 	window1: mouseVisible = True
66.5263 	EXP 	window1: mouseVisible = True
66.5264 	EXP 	window1: mouseVisible = True
66.5264 	EXP 	window1: mouseVisible = True
66.5265 	EXP 	window1: mouseVisible = True
66.5265 	EXP 	window1: mouseVisible = True
66.5265 	EXP 	window1: mouseVisible = True
66.5266 	EXP 	window1: mouseVisible = True
66.5266 	EXP 	window1: mouseVisible = True
66.5266 	EXP 	window1: mouseVisible = True
66.5266 	EXP 	window1: mouseVisible = True
66.5267 	EXP 	window1: mouseVisible = True
66.5267 	EXP 	window1: mouseVisible = True
66.5267 	EXP 	window1: mouseVisible = True
66.5268 	EXP 	window1: mouseVisible = True
66.5268 	EXP 	window1: mouseVisible = True
66.5268 	EXP 	window1: mouseVisible = True
66.5268 	EXP 	window1: mouseVisible = True
66.5269 	EXP 	window1: mouseVisible = True
66.5269 	EXP 	window1: mouseVisible = True
66.5269 	EXP 	window1: mouseVisible = True
66.5270 	EXP 	window1: mouseVisible = True
66.5270 	EXP 	window1: mouseVisible = True
66.5270 	EXP 	window1: mouseVisible = True
66.5270 	EXP 	window1: mouseVisible = True
66.5271 	EXP 	window1: mouseVisible = True
66.5271 	EXP 	window1: mouseVisible = True
66.5271 	EXP 	window1: mouseVisible = True
66.5272 	EXP 	window1: mouseVisible = True
66.5272 	EXP 	window1: mouseVisible = True
66.5272 	EXP 	window1: mouseVisible = True
66.5272 	EXP 	window1: mouseVisible = True
66.5273 	EXP 	window1: mouseVisible = True
66.5273 	EXP 	window1: mouseVisible = True
66.5273 	EXP 	window1: mouseVisible = True
66.5274 	EXP 	window1: mouseVisible = True
66.5274 	EXP 	window1: mouseVisible = True
66.5274 	EXP 	window1: mouseVisible = True
66.5274 	EXP 	window1: mouseVisible = True
66.5275 	EXP 	window1: mouseVisible = True
66.5275 	EXP 	window1: mouseVisible = True
66.5275 	EXP 	window1: mouseVisible = True
66.5276 	EXP 	window1: mouseVisible = True
66.5276 	EXP 	window1: mouseVisible = True
66.5276 	EXP 	window1: mouseVisible = True
66.5276 	EXP 	window1: mouseVisible = True
66.5277 	EXP 	window1: mouseVisible = True
66.5277 	EXP 	window1: mouseVisible = True
66.5277 	EXP 	window1: mouseVisible = True
66.5278 	EXP 	window1: mouseVisible = True
66.5278 	EXP 	window1: mouseVisible = True
66.5278 	EXP 	window1: mouseVisible = True
66.5278 	EXP 	window1: mouseVisible = True
66.5279 	EXP 	window1: mouseVisible = True
66.5279 	EXP 	window1: mouseVisible = True
66.5279 	EXP 	window1: mouseVisible = True
66.5280 	EXP 	window1: mouseVisible = True
66.5280 	EXP 	window1: mouseVisible = True
66.5280 	EXP 	window1: mouseVisible = True
66.5280 	EXP 	window1: mouseVisible = True
66.5281 	EXP 	window1: mouseVisible = True
66.5281 	EXP 	window1: mouseVisible = True
66.5281 	EXP 	window1: mouseVisible = True
66.5282 	EXP 	window1: mouseVisible = True
66.5282 	EXP 	window1: mouseVisible = True
66.5282 	EXP 	window1: mouseVisible = True
66.5283 	EXP 	window1: mouseVisible = True
66.5283 	EXP 	window1: mouseVisible = True
66.5283 	EXP 	window1: mouseVisible = True
66.5284 	EXP 	window1: mouseVisible = True
66.5284 	EXP 	window1: mouseVisible = True
66.5284 	EXP 	window1: mouseVisible = True
66.5284 	EXP 	window1: mouseVisible = True
66.5285 	EXP 	window1: mouseVisible = True
66.5285 	EXP 	window1: mouseVisible = True
66.5285 	EXP 	window1: mouseVisible = True
66.5286 	EXP 	window1: mouseVisible = True
66.5286 	EXP 	window1: mouseVisible = True
66.5286 	EXP 	window1: mouseVisible = True
66.5286 	EXP 	window1: mouseVisible = True
66.5287 	EXP 	window1: mouseVisible = True
66.5287 	EXP 	window1: mouseVisible = True
66.5287 	EXP 	window1: mouseVisible = True
66.5288 	EXP 	window1: mouseVisible = True
66.5288 	EXP 	window1: mouseVisible = True
66.5288 	EXP 	window1: mouseVisible = True
66.5288 	EXP 	window1: mouseVisible = True
66.5289 	EXP 	window1: mouseVisible = True
66.5289 	EXP 	window1: mouseVisible = True
66.5289 	EXP 	window1: mouseVisible = True
66.5290 	EXP 	window1: mouseVisible = True
66.5290 	EXP 	window1: mouseVisible = True
66.5290 	EXP 	window1: mouseVisible = True
66.5290 	EXP 	window1: mouseVisible = True
66.5291 	EXP 	window1: mouseVisible = True
66.5291 	EXP 	window1: mouseVisible = True
66.5291 	EXP 	window1: mouseVisible = True
66.5292 	EXP 	window1: mouseVisible = True
66.5292 	EXP 	window1: mouseVisible = True
66.5292 	EXP 	window1: mouseVisible = True
66.5292 	EXP 	window1: mouseVisible = True
66.5293 	EXP 	window1: mouseVisible = True
66.5293 	EXP 	window1: mouseVisible = True
66.5293 	EXP 	window1: mouseVisible = True
66.5294 	EXP 	window1: mouseVisible = True
66.5294 	EXP 	window1: mouseVisible = True
66.5294 	EXP 	window1: mouseVisible = True
66.5294 	EXP 	window1: mouseVisible = True
66.5295 	EXP 	window1: mouseVisible = True
66.5295 	EXP 	window1: mouseVisible = True
66.5295 	EXP 	window1: mouseVisible = True
66.5295 	EXP 	window1: mouseVisible = True
66.5296 	EXP 	window1: mouseVisible = True
66.5296 	EXP 	window1: mouseVisible = True
66.5296 	EXP 	window1: mouseVisible = True
66.5297 	EXP 	window1: mouseVisible = True
66.5297 	EXP 	window1: mouseVisible = True
66.5297 	EXP 	window1: mouseVisible = True
66.5298 	EXP 	window1: mouseVisible = True
66.5298 	EXP 	window1: mouseVisible = True
66.5298 	EXP 	window1: mouseVisible = True
66.5298 	EXP 	window1: mouseVisible = True
66.5299 	EXP 	window1: mouseVisible = True
66.5299 	EXP 	window1: mouseVisible = True
66.5299 	EXP 	window1: mouseVisible = True
66.5299 	EXP 	window1: mouseVisible = True
66.5300 	EXP 	window1: mouseVisible = True
66.5300 	EXP 	window1: mouseVisible = True
66.5300 	EXP 	window1: mouseVisible = True
66.5301 	EXP 	window1: mouseVisible = True
66.5301 	EXP 	window1: mouseVisible = True
66.5301 	EXP 	window1: mouseVisible = True
66.5301 	EXP 	window1: mouseVisible = True
66.5302 	EXP 	window1: mouseVisible = True
66.5302 	EXP 	window1: mouseVisible = True
66.5302 	EXP 	window1: mouseVisible = True
66.5303 	EXP 	window1: mouseVisible = True
66.5303 	EXP 	window1: mouseVisible = True
66.5303 	EXP 	window1: mouseVisible = True
66.5303 	EXP 	window1: mouseVisible = True
66.5304 	EXP 	window1: mouseVisible = True
66.5304 	EXP 	window1: mouseVisible = True
66.5304 	EXP 	window1: mouseVisible = True
66.5305 	EXP 	window1: mouseVisible = True
66.5305 	EXP 	window1: mouseVisible = True
66.5305 	EXP 	window1: mouseVisible = True
66.5305 	EXP 	window1: mouseVisible = True
66.5306 	EXP 	window1: mouseVisible = True
66.5306 	EXP 	window1: mouseVisible = True
66.5306 	EXP 	window1: mouseVisible = True
66.5307 	EXP 	window1: mouseVisible = True
66.5307 	EXP 	window1: mouseVisible = True
66.5307 	EXP 	window1: mouseVisible = True
66.5307 	EXP 	window1: mouseVisible = True
66.5308 	EXP 	window1: mouseVisible = True
66.5308 	EXP 	window1: mouseVisible = True
66.5308 	EXP 	window1: mouseVisible = True
66.5309 	EXP 	window1: mouseVisible = True
66.5309 	EXP 	window1: mouseVisible = True
66.5309 	EXP 	window1: mouseVisible = True
66.5310 	EXP 	window1: mouseVisible = True
66.5310 	EXP 	window1: mouseVisible = True
66.5311 	EXP 	window1: mouseVisible = True
66.5311 	EXP 	window1: mouseVisible = True
66.5311 	EXP 	window1: mouseVisible = True
66.5312 	EXP 	window1: mouseVisible = True
66.5312 	EXP 	window1: mouseVisible = True
66.5312 	EXP 	window1: mouseVisible = True
66.5313 	EXP 	window1: mouseVisible = True
66.5313 	EXP 	window1: mouseVisible = True
66.5313 	EXP 	window1: mouseVisible = True
66.5313 	EXP 	window1: mouseVisible = True
66.5314 	EXP 	window1: mouseVisible = True
66.5314 	EXP 	window1: mouseVisible = True
66.5314 	EXP 	window1: mouseVisible = True
66.5315 	EXP 	window1: mouseVisible = True
66.5315 	EXP 	window1: mouseVisible = True
66.5315 	EXP 	window1: mouseVisible = True
66.5315 	EXP 	window1: mouseVisible = True
66.5316 	EXP 	window1: mouseVisible = True
66.5316 	EXP 	window1: mouseVisible = True
66.5316 	EXP 	window1: mouseVisible = True
66.5317 	EXP 	window1: mouseVisible = True
66.5317 	EXP 	window1: mouseVisible = True
66.5317 	EXP 	window1: mouseVisible = True
66.5318 	EXP 	window1: mouseVisible = True
66.5318 	EXP 	window1: mouseVisible = True
66.5318 	EXP 	window1: mouseVisible = True
66.5318 	EXP 	window1: mouseVisible = True
66.5319 	EXP 	window1: mouseVisible = True
66.5319 	EXP 	window1: mouseVisible = True
66.5319 	EXP 	window1: mouseVisible = True
66.5320 	EXP 	window1: mouseVisible = True
66.5320 	EXP 	window1: mouseVisible = True
66.5320 	EXP 	window1: mouseVisible = True
66.5320 	EXP 	window1: mouseVisible = True
66.5321 	EXP 	window1: mouseVisible = True
66.5321 	EXP 	window1: mouseVisible = True
66.5321 	EXP 	window1: mouseVisible = True
66.5322 	EXP 	window1: mouseVisible = True
66.5322 	EXP 	window1: mouseVisible = True
66.5322 	EXP 	window1: mouseVisible = True
66.5322 	EXP 	window1: mouseVisible = True
66.5323 	EXP 	window1: mouseVisible = True
66.5323 	EXP 	window1: mouseVisible = True
66.5323 	EXP 	window1: mouseVisible = True
66.5324 	EXP 	window1: mouseVisible = True
66.5324 	EXP 	window1: mouseVisible = True
66.5324 	EXP 	window1: mouseVisible = True
66.5325 	EXP 	window1: mouseVisible = True
66.5325 	EXP 	window1: mouseVisible = True
66.5325 	EXP 	window1: mouseVisible = True
66.5325 	EXP 	window1: mouseVisible = True
66.5326 	EXP 	window1: mouseVisible = True
66.5326 	EXP 	window1: mouseVisible = True
66.5326 	EXP 	window1: mouseVisible = True
66.5327 	EXP 	window1: mouseVisible = True
66.5327 	EXP 	window1: mouseVisible = True
66.5327 	EXP 	window1: mouseVisible = True
66.5327 	EXP 	window1: mouseVisible = True
66.5328 	EXP 	window1: mouseVisible = True
66.5328 	EXP 	window1: mouseVisible = True
66.5328 	EXP 	window1: mouseVisible = True
66.5329 	EXP 	window1: mouseVisible = True
66.5329 	EXP 	window1: mouseVisible = True
66.5329 	EXP 	window1: mouseVisible = True
66.5329 	EXP 	window1: mouseVisible = True
66.5330 	EXP 	window1: mouseVisible = True
66.5330 	EXP 	window1: mouseVisible = True
66.5330 	EXP 	window1: mouseVisible = True
66.5331 	EXP 	window1: mouseVisible = True
66.5331 	EXP 	window1: mouseVisible = True
66.5331 	EXP 	window1: mouseVisible = True
66.5331 	EXP 	window1: mouseVisible = True
66.5332 	EXP 	window1: mouseVisible = True
66.5332 	EXP 	window1: mouseVisible = True
66.5332 	EXP 	window1: mouseVisible = True
66.5333 	EXP 	window1: mouseVisible = True
66.5333 	EXP 	window1: mouseVisible = True
66.5333 	EXP 	window1: mouseVisible = True
66.5333 	EXP 	window1: mouseVisible = True
66.5334 	EXP 	window1: mouseVisible = True
66.5334 	EXP 	window1: mouseVisible = True
66.5334 	EXP 	window1: mouseVisible = True
66.5335 	EXP 	window1: mouseVisible = True
66.5335 	EXP 	window1: mouseVisible = True
66.5335 	EXP 	window1: mouseVisible = True
66.5335 	EXP 	window1: mouseVisible = True
66.5336 	EXP 	window1: mouseVisible = True
66.5336 	EXP 	window1: mouseVisible = True
66.5336 	EXP 	window1: mouseVisible = True
66.5337 	EXP 	window1: mouseVisible = True
66.5337 	EXP 	window1: mouseVisible = True
66.5337 	EXP 	window1: mouseVisible = True
66.5337 	EXP 	window1: mouseVisible = True
66.5338 	EXP 	window1: mouseVisible = True
66.5338 	EXP 	window1: mouseVisible = True
66.5338 	EXP 	window1: mouseVisible = True
66.5339 	EXP 	window1: mouseVisible = True
66.5339 	EXP 	window1: mouseVisible = True
66.5339 	EXP 	window1: mouseVisible = True
66.5339 	EXP 	window1: mouseVisible = True
66.5340 	EXP 	window1: mouseVisible = True
66.5340 	EXP 	window1: mouseVisible = True
66.5340 	EXP 	window1: mouseVisible = True
66.5341 	EXP 	window1: mouseVisible = True
66.5341 	EXP 	window1: mouseVisible = True
66.5341 	EXP 	window1: mouseVisible = True
66.5341 	EXP 	window1: mouseVisible = True
66.5342 	EXP 	window1: mouseVisible = True
66.5342 	EXP 	window1: mouseVisible = True
66.5342 	EXP 	window1: mouseVisible = True
66.5343 	EXP 	window1: mouseVisible = True
66.5343 	EXP 	window1: mouseVisible = True
66.5343 	EXP 	window1: mouseVisible = True
66.5343 	EXP 	window1: mouseVisible = True
66.5344 	EXP 	window1: mouseVisible = True
66.5344 	EXP 	window1: mouseVisible = True
66.5344 	EXP 	window1: mouseVisible = True
66.5345 	EXP 	window1: mouseVisible = True
66.5345 	EXP 	window1: mouseVisible = True
66.5345 	EXP 	window1: mouseVisible = True
66.5345 	EXP 	window1: mouseVisible = True
66.5346 	EXP 	window1: mouseVisible = True
66.5346 	EXP 	window1: mouseVisible = True
66.5346 	EXP 	window1: mouseVisible = True
66.5347 	EXP 	window1: mouseVisible = True
66.5347 	EXP 	window1: mouseVisible = True
66.5347 	EXP 	window1: mouseVisible = True
66.5348 	EXP 	window1: mouseVisible = True
66.5348 	EXP 	window1: mouseVisible = True
66.5348 	EXP 	window1: mouseVisible = True
66.5348 	EXP 	window1: mouseVisible = True
66.5349 	EXP 	window1: mouseVisible = True
66.5349 	EXP 	window1: mouseVisible = True
66.5349 	EXP 	window1: mouseVisible = True
66.5350 	EXP 	window1: mouseVisible = True
66.5350 	EXP 	window1: mouseVisible = True
66.5350 	EXP 	window1: mouseVisible = True
66.5350 	EXP 	window1: mouseVisible = True
66.5351 	EXP 	window1: mouseVisible = True
66.5351 	EXP 	window1: mouseVisible = True
66.5351 	EXP 	window1: mouseVisible = True
66.5352 	EXP 	window1: mouseVisible = True
66.5352 	EXP 	window1: mouseVisible = True
66.5352 	EXP 	window1: mouseVisible = True
66.5352 	EXP 	window1: mouseVisible = True
66.5353 	EXP 	window1: mouseVisible = True
66.5353 	EXP 	window1: mouseVisible = True
66.5353 	EXP 	window1: mouseVisible = True
66.5354 	EXP 	window1: mouseVisible = True
66.5354 	EXP 	window1: mouseVisible = True
66.5354 	EXP 	window1: mouseVisible = True
66.5354 	EXP 	window1: mouseVisible = True
66.5355 	EXP 	window1: mouseVisible = True
66.5355 	EXP 	window1: mouseVisible = True
66.5356 	EXP 	window1: mouseVisible = True
66.5356 	EXP 	window1: mouseVisible = True
66.5356 	EXP 	window1: mouseVisible = True
66.5356 	EXP 	window1: mouseVisible = True
66.5357 	EXP 	window1: mouseVisible = True
66.5357 	EXP 	window1: mouseVisible = True
66.5357 	EXP 	window1: mouseVisible = True
66.5358 	EXP 	window1: mouseVisible = True
66.5358 	EXP 	window1: mouseVisible = True
66.5358 	EXP 	window1: mouseVisible = True
66.5358 	EXP 	window1: mouseVisible = True
66.5359 	EXP 	window1: mouseVisible = True
66.5359 	EXP 	window1: mouseVisible = True
66.5359 	EXP 	window1: mouseVisible = True
66.5360 	EXP 	window1: mouseVisible = True
66.5360 	EXP 	window1: mouseVisible = True
66.5360 	EXP 	window1: mouseVisible = True
66.5360 	EXP 	window1: mouseVisible = True
66.5361 	EXP 	window1: mouseVisible = True
66.5361 	EXP 	window1: mouseVisible = True
66.5361 	EXP 	window1: mouseVisible = True
66.5362 	EXP 	window1: mouseVisible = True
66.5362 	EXP 	window1: mouseVisible = True
66.5362 	EXP 	window1: mouseVisible = True
66.5362 	EXP 	window1: mouseVisible = True
66.5363 	EXP 	window1: mouseVisible = True
66.5363 	EXP 	window1: mouseVisible = True
66.5363 	EXP 	window1: mouseVisible = True
66.5364 	EXP 	window1: mouseVisible = True
66.5364 	EXP 	window1: mouseVisible = True
66.5364 	EXP 	window1: mouseVisible = True
66.5364 	EXP 	window1: mouseVisible = True
66.5365 	EXP 	window1: mouseVisible = True
66.5365 	EXP 	window1: mouseVisible = True
66.5365 	EXP 	window1: mouseVisible = True
66.5366 	EXP 	window1: mouseVisible = True
66.5366 	EXP 	window1: mouseVisible = True
66.5366 	EXP 	window1: mouseVisible = True
66.5366 	EXP 	window1: mouseVisible = True
66.5367 	EXP 	window1: mouseVisible = True
66.5367 	EXP 	window1: mouseVisible = True
66.5367 	EXP 	window1: mouseVisible = True
66.5368 	EXP 	window1: mouseVisible = True
66.5368 	EXP 	window1: mouseVisible = True
66.5368 	EXP 	window1: mouseVisible = True
66.5368 	EXP 	window1: mouseVisible = True
66.5369 	EXP 	window1: mouseVisible = True
66.5369 	EXP 	window1: mouseVisible = True
66.5369 	EXP 	window1: mouseVisible = True
66.5370 	EXP 	window1: mouseVisible = True
66.5370 	EXP 	window1: mouseVisible = True
66.5370 	EXP 	window1: mouseVisible = True
66.5370 	EXP 	window1: mouseVisible = True
66.5371 	EXP 	window1: mouseVisible = True
66.5371 	EXP 	window1: mouseVisible = True
66.5371 	EXP 	window1: mouseVisible = True
66.5372 	EXP 	window1: mouseVisible = True
66.5372 	EXP 	window1: mouseVisible = True
66.5372 	EXP 	window1: mouseVisible = True
66.5373 	EXP 	window1: mouseVisible = True
66.5373 	EXP 	window1: mouseVisible = True
66.5373 	EXP 	window1: mouseVisible = True
66.5373 	EXP 	window1: mouseVisible = True
66.5374 	EXP 	window1: mouseVisible = True
66.5374 	EXP 	window1: mouseVisible = True
66.5374 	EXP 	window1: mouseVisible = True
66.5374 	EXP 	window1: mouseVisible = True
66.5375 	EXP 	window1: mouseVisible = True
66.5375 	EXP 	window1: mouseVisible = True
66.5375 	EXP 	window1: mouseVisible = True
66.5376 	EXP 	window1: mouseVisible = True
66.5376 	EXP 	window1: mouseVisible = True
66.5376 	EXP 	window1: mouseVisible = True
66.5376 	EXP 	window1: mouseVisible = True
66.5377 	EXP 	window1: mouseVisible = True
66.5377 	EXP 	window1: mouseVisible = True
66.5377 	EXP 	window1: mouseVisible = True
66.5378 	EXP 	window1: mouseVisible = True
66.5378 	EXP 	window1: mouseVisible = True
66.5378 	EXP 	window1: mouseVisible = True
66.5378 	EXP 	window1: mouseVisible = True
66.5379 	EXP 	window1: mouseVisible = True
66.5379 	EXP 	window1: mouseVisible = True
66.5379 	EXP 	window1: mouseVisible = True
66.5380 	EXP 	window1: mouseVisible = True
66.5380 	EXP 	window1: mouseVisible = True
66.5380 	EXP 	window1: mouseVisible = True
66.5380 	EXP 	window1: mouseVisible = True
66.5381 	EXP 	window1: mouseVisible = True
66.5381 	EXP 	window1: mouseVisible = True
66.5381 	EXP 	window1: mouseVisible = True
66.5382 	EXP 	window1: mouseVisible = True
66.5382 	EXP 	window1: mouseVisible = True
66.5382 	EXP 	window1: mouseVisible = True
66.5383 	EXP 	window1: mouseVisible = True
66.5383 	EXP 	window1: mouseVisible = True
66.5383 	EXP 	window1: mouseVisible = True
66.5383 	EXP 	window1: mouseVisible = True
66.5384 	EXP 	window1: mouseVisible = True
66.5384 	EXP 	window1: mouseVisible = True
66.5384 	EXP 	window1: mouseVisible = True
66.5385 	EXP 	window1: mouseVisible = True
66.5385 	EXP 	window1: mouseVisible = True
66.5385 	EXP 	window1: mouseVisible = True
66.5385 	EXP 	window1: mouseVisible = True
66.5386 	EXP 	window1: mouseVisible = True
66.5386 	EXP 	window1: mouseVisible = True
66.5386 	EXP 	window1: mouseVisible = True
66.5387 	EXP 	window1: mouseVisible = True
66.5387 	EXP 	window1: mouseVisible = True
66.5387 	EXP 	window1: mouseVisible = True
66.5387 	EXP 	window1: mouseVisible = True
66.5388 	EXP 	window1: mouseVisible = True
66.5388 	EXP 	window1: mouseVisible = True
66.5388 	EXP 	window1: mouseVisible = True
66.5389 	EXP 	window1: mouseVisible = True
66.5389 	EXP 	window1: mouseVisible = True
66.5389 	EXP 	window1: mouseVisible = True
66.5389 	EXP 	window1: mouseVisible = True
66.5390 	EXP 	window1: mouseVisible = True
66.5390 	EXP 	window1: mouseVisible = True
66.5390 	EXP 	window1: mouseVisible = True
66.5391 	EXP 	window1: mouseVisible = True
66.5391 	EXP 	window1: mouseVisible = True
66.5391 	EXP 	window1: mouseVisible = True
66.5391 	EXP 	window1: mouseVisible = True
66.5392 	EXP 	window1: mouseVisible = True
66.5392 	EXP 	window1: mouseVisible = True
66.5392 	EXP 	window1: mouseVisible = True
66.5393 	EXP 	window1: mouseVisible = True
66.5393 	EXP 	window1: mouseVisible = True
66.5393 	EXP 	window1: mouseVisible = True
66.5393 	EXP 	window1: mouseVisible = True
66.5394 	EXP 	window1: mouseVisible = True
66.5394 	EXP 	window1: mouseVisible = True
66.5394 	EXP 	window1: mouseVisible = True
66.5395 	EXP 	window1: mouseVisible = True
66.5395 	EXP 	window1: mouseVisible = True
66.5395 	EXP 	window1: mouseVisible = True
66.5396 	EXP 	window1: mouseVisible = True
66.5396 	EXP 	window1: mouseVisible = True
66.5396 	EXP 	window1: mouseVisible = True
66.5396 	EXP 	window1: mouseVisible = True
66.5397 	EXP 	window1: mouseVisible = True
66.5397 	EXP 	window1: mouseVisible = True
66.5397 	EXP 	window1: mouseVisible = True
66.5398 	EXP 	window1: mouseVisible = True
66.5398 	EXP 	window1: mouseVisible = True
66.5398 	EXP 	window1: mouseVisible = True
66.5398 	EXP 	window1: mouseVisible = True
66.5399 	EXP 	window1: mouseVisible = True
66.5399 	EXP 	window1: mouseVisible = True
66.5399 	EXP 	window1: mouseVisible = True
66.5400 	EXP 	window1: mouseVisible = True
66.5400 	EXP 	window1: mouseVisible = True
66.5400 	EXP 	window1: mouseVisible = True
66.5404 	EXP 	window1: mouseVisible = True
66.5404 	EXP 	window1: mouseVisible = True
66.5405 	EXP 	window1: mouseVisible = True
66.5405 	EXP 	window1: mouseVisible = True
66.5405 	EXP 	window1: mouseVisible = True
66.5406 	EXP 	window1: mouseVisible = True
66.5406 	EXP 	window1: mouseVisible = True
66.5406 	EXP 	window1: mouseVisible = True
66.5406 	EXP 	window1: mouseVisible = True
66.5407 	EXP 	window1: mouseVisible = True
66.5407 	EXP 	window1: mouseVisible = True
66.5407 	EXP 	window1: mouseVisible = True
66.5408 	EXP 	window1: mouseVisible = True
66.5408 	EXP 	window1: mouseVisible = True
66.5408 	EXP 	window1: mouseVisible = True
66.5408 	EXP 	window1: mouseVisible = True
66.5409 	EXP 	window1: mouseVisible = True
66.5409 	EXP 	window1: mouseVisible = True
66.5409 	EXP 	window1: mouseVisible = True
66.5410 	EXP 	window1: mouseVisible = True
66.5410 	EXP 	window1: mouseVisible = True
66.5410 	EXP 	window1: mouseVisible = True
66.5411 	EXP 	window1: mouseVisible = True
66.5411 	EXP 	window1: mouseVisible = True
66.5411 	EXP 	window1: mouseVisible = True
66.5411 	EXP 	window1: mouseVisible = True
66.5412 	EXP 	window1: mouseVisible = True
66.5412 	EXP 	window1: mouseVisible = True
66.5412 	EXP 	window1: mouseVisible = True
66.5413 	EXP 	window1: mouseVisible = True
66.5413 	EXP 	window1: mouseVisible = True
66.5413 	EXP 	window1: mouseVisible = True
66.5413 	EXP 	window1: mouseVisible = True
66.5414 	EXP 	window1: mouseVisible = True
66.5414 	EXP 	window1: mouseVisible = True
66.5414 	EXP 	window1: mouseVisible = True
66.5415 	EXP 	window1: mouseVisible = True
66.5415 	EXP 	window1: mouseVisible = True
66.5415 	EXP 	window1: mouseVisible = True
66.5415 	EXP 	window1: mouseVisible = True
66.5416 	EXP 	window1: mouseVisible = True
66.5416 	EXP 	window1: mouseVisible = True
66.5416 	EXP 	window1: mouseVisible = True
66.5417 	EXP 	window1: mouseVisible = True
66.5417 	EXP 	window1: mouseVisible = True
66.5417 	EXP 	window1: mouseVisible = True
66.5417 	EXP 	window1: mouseVisible = True
66.5418 	EXP 	window1: mouseVisible = True
66.5418 	EXP 	window1: mouseVisible = True
66.5418 	EXP 	window1: mouseVisible = True
66.5419 	EXP 	window1: mouseVisible = True
66.5419 	EXP 	window1: mouseVisible = True
66.5419 	EXP 	window1: mouseVisible = True
66.5420 	EXP 	window1: mouseVisible = True
66.5420 	EXP 	window1: mouseVisible = True
66.5420 	EXP 	window1: mouseVisible = True
66.5420 	EXP 	window1: mouseVisible = True
66.5421 	EXP 	window1: mouseVisible = True
66.5421 	EXP 	window1: mouseVisible = True
66.5421 	EXP 	window1: mouseVisible = True
66.5422 	EXP 	window1: mouseVisible = True
66.5422 	EXP 	window1: mouseVisible = True
66.5422 	EXP 	window1: mouseVisible = True
66.5422 	EXP 	window1: mouseVisible = True
66.5423 	EXP 	window1: mouseVisible = True
66.5423 	EXP 	window1: mouseVisible = True
66.5423 	EXP 	window1: mouseVisible = True
66.5424 	EXP 	window1: mouseVisible = True
66.5424 	EXP 	window1: mouseVisible = True
66.5424 	EXP 	window1: mouseVisible = True
66.5424 	EXP 	window1: mouseVisible = True
66.5425 	EXP 	window1: mouseVisible = True
66.5425 	EXP 	window1: mouseVisible = True
66.5425 	EXP 	window1: mouseVisible = True
66.5426 	EXP 	window1: mouseVisible = True
66.5426 	EXP 	window1: mouseVisible = True
66.5426 	EXP 	window1: mouseVisible = True
66.5426 	EXP 	window1: mouseVisible = True
66.5427 	EXP 	window1: mouseVisible = True
66.5427 	EXP 	window1: mouseVisible = True
66.5427 	EXP 	window1: mouseVisible = True
66.5428 	EXP 	window1: mouseVisible = True
66.5428 	EXP 	window1: mouseVisible = True
66.5428 	EXP 	window1: mouseVisible = True
66.5429 	EXP 	window1: mouseVisible = True
66.5429 	EXP 	window1: mouseVisible = True
66.5429 	EXP 	window1: mouseVisible = True
66.5429 	EXP 	window1: mouseVisible = True
66.5430 	EXP 	window1: mouseVisible = True
66.5430 	EXP 	window1: mouseVisible = True
66.5430 	EXP 	window1: mouseVisible = True
66.5431 	EXP 	window1: mouseVisible = True
66.5431 	EXP 	window1: mouseVisible = True
66.5431 	EXP 	window1: mouseVisible = True
66.5432 	EXP 	window1: mouseVisible = True
66.5432 	EXP 	window1: mouseVisible = True
66.5432 	EXP 	window1: mouseVisible = True
66.5432 	EXP 	window1: mouseVisible = True
66.5433 	EXP 	window1: mouseVisible = True
66.5433 	EXP 	window1: mouseVisible = True
66.5433 	EXP 	window1: mouseVisible = True
66.5434 	EXP 	window1: mouseVisible = True
66.5434 	EXP 	window1: mouseVisible = True
66.5434 	EXP 	window1: mouseVisible = True
66.5434 	EXP 	window1: mouseVisible = True
66.5435 	EXP 	window1: mouseVisible = True
66.5435 	EXP 	window1: mouseVisible = True
66.5435 	EXP 	window1: mouseVisible = True
66.5436 	EXP 	window1: mouseVisible = True
66.5436 	EXP 	window1: mouseVisible = True
66.5436 	EXP 	window1: mouseVisible = True
66.5437 	EXP 	window1: mouseVisible = True
66.5437 	EXP 	window1: mouseVisible = True
66.5437 	EXP 	window1: mouseVisible = True
66.5437 	EXP 	window1: mouseVisible = True
66.5438 	EXP 	window1: mouseVisible = True
66.5438 	EXP 	window1: mouseVisible = True
66.5438 	EXP 	window1: mouseVisible = True
66.5439 	EXP 	window1: mouseVisible = True
66.5439 	EXP 	window1: mouseVisible = True
66.5439 	EXP 	window1: mouseVisible = True
66.5439 	EXP 	window1: mouseVisible = True
66.5440 	EXP 	window1: mouseVisible = True
66.5440 	EXP 	window1: mouseVisible = True
66.5440 	EXP 	window1: mouseVisible = True
66.5441 	EXP 	window1: mouseVisible = True
66.5441 	EXP 	window1: mouseVisible = True
66.5441 	EXP 	window1: mouseVisible = True
66.5441 	EXP 	window1: mouseVisible = True
66.5442 	EXP 	window1: mouseVisible = True
66.5442 	EXP 	window1: mouseVisible = True
66.5442 	EXP 	window1: mouseVisible = True
66.5443 	EXP 	window1: mouseVisible = True
66.5443 	EXP 	window1: mouseVisible = True
66.5443 	EXP 	window1: mouseVisible = True
66.5444 	EXP 	window1: mouseVisible = True
66.5444 	EXP 	window1: mouseVisible = True
66.5444 	EXP 	window1: mouseVisible = True
66.5445 	EXP 	window1: mouseVisible = True
66.5445 	EXP 	window1: mouseVisible = True
66.5446 	EXP 	window1: mouseVisible = True
66.5446 	EXP 	window1: mouseVisible = True
66.5446 	EXP 	window1: mouseVisible = True
66.5447 	EXP 	window1: mouseVisible = True
66.5447 	EXP 	window1: mouseVisible = True
66.5447 	EXP 	window1: mouseVisible = True
66.5448 	EXP 	window1: mouseVisible = True
66.5448 	EXP 	window1: mouseVisible = True
66.5448 	EXP 	window1: mouseVisible = True
66.5448 	EXP 	window1: mouseVisible = True
66.5449 	EXP 	window1: mouseVisible = True
66.5449 	EXP 	window1: mouseVisible = True
66.5449 	EXP 	window1: mouseVisible = True
66.5450 	EXP 	window1: mouseVisible = True
66.5450 	EXP 	window1: mouseVisible = True
66.5450 	EXP 	window1: mouseVisible = True
66.5451 	EXP 	window1: mouseVisible = True
66.5451 	EXP 	window1: mouseVisible = True
66.5451 	EXP 	window1: mouseVisible = True
66.5452 	EXP 	window1: mouseVisible = True
66.5452 	EXP 	window1: mouseVisible = True
66.5452 	EXP 	window1: mouseVisible = True
66.5453 	EXP 	window1: mouseVisible = True
66.5453 	EXP 	window1: mouseVisible = True
66.5453 	EXP 	window1: mouseVisible = True
66.5453 	EXP 	window1: mouseVisible = True
66.5454 	EXP 	window1: mouseVisible = True
66.5454 	EXP 	window1: mouseVisible = True
66.5454 	EXP 	window1: mouseVisible = True
66.5455 	EXP 	window1: mouseVisible = True
66.5455 	EXP 	window1: mouseVisible = True
66.5455 	EXP 	window1: mouseVisible = True
66.5456 	EXP 	window1: mouseVisible = True
66.5456 	EXP 	window1: mouseVisible = True
66.5456 	EXP 	window1: mouseVisible = True
66.5456 	EXP 	window1: mouseVisible = True
66.5457 	EXP 	window1: mouseVisible = True
66.5457 	EXP 	window1: mouseVisible = True
66.5457 	EXP 	window1: mouseVisible = True
66.5458 	EXP 	window1: mouseVisible = True
66.5458 	EXP 	window1: mouseVisible = True
66.5458 	EXP 	window1: mouseVisible = True
66.5459 	EXP 	window1: mouseVisible = True
66.5459 	EXP 	window1: mouseVisible = True
66.5459 	EXP 	window1: mouseVisible = True
66.5459 	EXP 	window1: mouseVisible = True
66.5460 	EXP 	window1: mouseVisible = True
66.5460 	EXP 	window1: mouseVisible = True
66.5460 	EXP 	window1: mouseVisible = True
66.5461 	EXP 	window1: mouseVisible = True
66.5461 	EXP 	window1: mouseVisible = True
66.5461 	EXP 	window1: mouseVisible = True
66.5461 	EXP 	window1: mouseVisible = True
66.5462 	EXP 	window1: mouseVisible = True
66.5462 	EXP 	window1: mouseVisible = True
66.5462 	EXP 	window1: mouseVisible = True
66.5463 	EXP 	window1: mouseVisible = True
66.5463 	EXP 	window1: mouseVisible = True
66.5463 	EXP 	window1: mouseVisible = True
66.5463 	EXP 	window1: mouseVisible = True
66.5464 	EXP 	window1: mouseVisible = True
66.5464 	EXP 	window1: mouseVisible = True
66.5464 	EXP 	window1: mouseVisible = True
66.5465 	EXP 	window1: mouseVisible = True
66.5465 	EXP 	window1: mouseVisible = True
66.5465 	EXP 	window1: mouseVisible = True
66.5465 	EXP 	window1: mouseVisible = True
66.5466 	EXP 	window1: mouseVisible = True
66.5466 	EXP 	window1: mouseVisible = True
66.5466 	EXP 	window1: mouseVisible = True
66.5467 	EXP 	window1: mouseVisible = True
66.5467 	EXP 	window1: mouseVisible = True
66.5467 	EXP 	window1: mouseVisible = True
66.5468 	EXP 	window1: mouseVisible = True
66.5468 	EXP 	window1: mouseVisible = True
66.5468 	EXP 	window1: mouseVisible = True
66.5468 	EXP 	window1: mouseVisible = True
66.5469 	EXP 	window1: mouseVisible = True
66.5469 	EXP 	window1: mouseVisible = True
66.5469 	EXP 	window1: mouseVisible = True
66.5470 	EXP 	window1: mouseVisible = True
66.5470 	EXP 	window1: mouseVisible = True
66.5470 	EXP 	window1: mouseVisible = True
66.5470 	EXP 	window1: mouseVisible = True
66.5471 	EXP 	window1: mouseVisible = True
66.5471 	EXP 	window1: mouseVisible = True
66.5471 	EXP 	window1: mouseVisible = True
66.5472 	EXP 	window1: mouseVisible = True
66.5472 	EXP 	window1: mouseVisible = True
66.5472 	EXP 	window1: mouseVisible = True
66.5472 	EXP 	window1: mouseVisible = True
66.5473 	EXP 	window1: mouseVisible = True
66.5473 	EXP 	window1: mouseVisible = True
66.5473 	EXP 	window1: mouseVisible = True
66.5474 	EXP 	window1: mouseVisible = True
66.5474 	EXP 	window1: mouseVisible = True
66.5474 	EXP 	window1: mouseVisible = True
66.5475 	EXP 	window1: mouseVisible = True
66.5475 	EXP 	window1: mouseVisible = True
66.5475 	EXP 	window1: mouseVisible = True
66.5475 	EXP 	window1: mouseVisible = True
66.5476 	EXP 	window1: mouseVisible = True
66.5476 	EXP 	window1: mouseVisible = True
66.5476 	EXP 	window1: mouseVisible = True
66.5477 	EXP 	window1: mouseVisible = True
66.5477 	EXP 	window1: mouseVisible = True
66.5477 	EXP 	window1: mouseVisible = True
66.5477 	EXP 	window1: mouseVisible = True
66.5478 	EXP 	window1: mouseVisible = True
66.5478 	EXP 	window1: mouseVisible = True
66.5478 	EXP 	window1: mouseVisible = True
66.5479 	EXP 	window1: mouseVisible = True
66.5479 	EXP 	window1: mouseVisible = True
66.5479 	EXP 	window1: mouseVisible = True
66.5479 	EXP 	window1: mouseVisible = True
66.5480 	EXP 	window1: mouseVisible = True
66.5480 	EXP 	window1: mouseVisible = True
66.5480 	EXP 	window1: mouseVisible = True
66.5481 	EXP 	window1: mouseVisible = True
66.5481 	EXP 	window1: mouseVisible = True
66.5481 	EXP 	window1: mouseVisible = True
66.5481 	EXP 	window1: mouseVisible = True
66.5482 	EXP 	window1: mouseVisible = True
66.5482 	EXP 	window1: mouseVisible = True
66.5482 	EXP 	window1: mouseVisible = True
66.5483 	EXP 	window1: mouseVisible = True
66.5483 	EXP 	window1: mouseVisible = True
66.5483 	EXP 	window1: mouseVisible = True
66.5483 	EXP 	window1: mouseVisible = True
66.5484 	EXP 	window1: mouseVisible = True
66.5484 	EXP 	window1: mouseVisible = True
66.5484 	EXP 	window1: mouseVisible = True
66.5485 	EXP 	window1: mouseVisible = True
66.5485 	EXP 	window1: mouseVisible = True
66.5485 	EXP 	window1: mouseVisible = True
66.5485 	EXP 	window1: mouseVisible = True
66.5486 	EXP 	window1: mouseVisible = True
66.5486 	EXP 	window1: mouseVisible = True
66.5486 	EXP 	window1: mouseVisible = True
66.5487 	EXP 	window1: mouseVisible = True
66.5487 	EXP 	window1: mouseVisible = True
66.5487 	EXP 	window1: mouseVisible = True
66.5487 	EXP 	window1: mouseVisible = True
66.5488 	EXP 	window1: mouseVisible = True
66.5488 	EXP 	window1: mouseVisible = True
66.5488 	EXP 	window1: mouseVisible = True
66.5489 	EXP 	window1: mouseVisible = True
66.5489 	EXP 	window1: mouseVisible = True
66.5489 	EXP 	window1: mouseVisible = True
66.5489 	EXP 	window1: mouseVisible = True
66.5490 	EXP 	window1: mouseVisible = True
66.5490 	EXP 	window1: mouseVisible = True
66.5490 	EXP 	window1: mouseVisible = True
66.5491 	EXP 	window1: mouseVisible = True
66.5491 	EXP 	window1: mouseVisible = True
66.5491 	EXP 	window1: mouseVisible = True
66.5491 	EXP 	window1: mouseVisible = True
66.5492 	EXP 	window1: mouseVisible = True
66.5492 	EXP 	window1: mouseVisible = True
66.5492 	EXP 	window1: mouseVisible = True
66.5493 	EXP 	window1: mouseVisible = True
66.5493 	EXP 	window1: mouseVisible = True
66.5493 	EXP 	window1: mouseVisible = True
66.5493 	EXP 	window1: mouseVisible = True
66.5494 	EXP 	window1: mouseVisible = True
66.5494 	EXP 	window1: mouseVisible = True
66.5494 	EXP 	window1: mouseVisible = True
66.5495 	EXP 	window1: mouseVisible = True
66.5495 	EXP 	window1: mouseVisible = True
66.5495 	EXP 	window1: mouseVisible = True
66.5495 	EXP 	window1: mouseVisible = True
66.5496 	EXP 	window1: mouseVisible = True
66.5496 	EXP 	window1: mouseVisible = True
66.5497 	EXP 	window1: mouseVisible = True
66.5497 	EXP 	window1: mouseVisible = True
66.5497 	EXP 	window1: mouseVisible = True
66.5498 	EXP 	window1: mouseVisible = True
66.5498 	EXP 	window1: mouseVisible = True
66.5498 	EXP 	window1: mouseVisible = True
66.5498 	EXP 	window1: mouseVisible = True
66.5499 	EXP 	window1: mouseVisible = True
66.5499 	EXP 	window1: mouseVisible = True
66.5499 	EXP 	window1: mouseVisible = True
66.5500 	EXP 	window1: mouseVisible = True
66.5500 	EXP 	window1: mouseVisible = True
66.5500 	EXP 	window1: mouseVisible = True
66.5500 	EXP 	window1: mouseVisible = True
66.5501 	EXP 	window1: mouseVisible = True
66.5501 	EXP 	window1: mouseVisible = True
66.5501 	EXP 	window1: mouseVisible = True
66.5502 	EXP 	window1: mouseVisible = True
66.5502 	EXP 	window1: mouseVisible = True
66.5502 	EXP 	window1: mouseVisible = True
66.5502 	EXP 	window1: mouseVisible = True
66.5503 	EXP 	window1: mouseVisible = True
66.5503 	EXP 	window1: mouseVisible = True
66.5503 	EXP 	window1: mouseVisible = True
66.5504 	EXP 	window1: mouseVisible = True
66.5504 	EXP 	window1: mouseVisible = True
66.5504 	EXP 	window1: mouseVisible = True
66.5504 	EXP 	window1: mouseVisible = True
66.5505 	EXP 	window1: mouseVisible = True
66.5505 	EXP 	window1: mouseVisible = True
66.5505 	EXP 	window1: mouseVisible = True
66.5506 	EXP 	window1: mouseVisible = True
66.5506 	EXP 	window1: mouseVisible = True
66.5506 	EXP 	window1: mouseVisible = True
66.5506 	EXP 	window1: mouseVisible = True
66.5507 	EXP 	window1: mouseVisible = True
66.5507 	EXP 	window1: mouseVisible = True
66.5507 	EXP 	window1: mouseVisible = True
66.5508 	EXP 	window1: mouseVisible = True
66.5508 	EXP 	window1: mouseVisible = True
66.5508 	EXP 	window1: mouseVisible = True
66.5508 	EXP 	window1: mouseVisible = True
66.5509 	EXP 	window1: mouseVisible = True
66.5509 	EXP 	window1: mouseVisible = True
66.5509 	EXP 	window1: mouseVisible = True
66.5510 	EXP 	window1: mouseVisible = True
66.5510 	EXP 	window1: mouseVisible = True
66.5510 	EXP 	window1: mouseVisible = True
66.5511 	EXP 	window1: mouseVisible = True
66.5511 	EXP 	window1: mouseVisible = True
66.5511 	EXP 	window1: mouseVisible = True
66.5511 	EXP 	window1: mouseVisible = True
66.5512 	EXP 	window1: mouseVisible = True
66.5512 	EXP 	window1: mouseVisible = True
66.5512 	EXP 	window1: mouseVisible = True
66.5513 	EXP 	window1: mouseVisible = True
66.5513 	EXP 	window1: mouseVisible = True
66.5513 	EXP 	window1: mouseVisible = True
66.5513 	EXP 	window1: mouseVisible = True
66.5514 	EXP 	window1: mouseVisible = True
66.5514 	EXP 	window1: mouseVisible = True
66.5514 	EXP 	window1: mouseVisible = True
66.5515 	EXP 	window1: mouseVisible = True
66.5515 	EXP 	window1: mouseVisible = True
66.5515 	EXP 	window1: mouseVisible = True
66.5515 	EXP 	window1: mouseVisible = True
66.5516 	EXP 	window1: mouseVisible = True
66.5516 	EXP 	window1: mouseVisible = True
66.5516 	EXP 	window1: mouseVisible = True
66.5517 	EXP 	window1: mouseVisible = True
66.5517 	EXP 	window1: mouseVisible = True
66.5517 	EXP 	window1: mouseVisible = True
66.5518 	EXP 	window1: mouseVisible = True
66.5518 	EXP 	window1: mouseVisible = True
66.5518 	EXP 	window1: mouseVisible = True
66.5518 	EXP 	window1: mouseVisible = True
66.5519 	EXP 	window1: mouseVisible = True
66.5519 	EXP 	window1: mouseVisible = True
66.5519 	EXP 	window1: mouseVisible = True
66.5520 	EXP 	window1: mouseVisible = True
66.5520 	EXP 	window1: mouseVisible = True
66.5520 	EXP 	window1: mouseVisible = True
66.5520 	EXP 	window1: mouseVisible = True
66.5521 	EXP 	window1: mouseVisible = True
66.5521 	EXP 	window1: mouseVisible = True
66.5521 	EXP 	window1: mouseVisible = True
66.5522 	EXP 	window1: mouseVisible = True
66.5522 	EXP 	window1: mouseVisible = True
66.5522 	EXP 	window1: mouseVisible = True
66.5523 	EXP 	window1: mouseVisible = True
66.5523 	EXP 	window1: mouseVisible = True
66.5523 	EXP 	window1: mouseVisible = True
66.5523 	EXP 	window1: mouseVisible = True
66.5524 	EXP 	window1: mouseVisible = True
66.5524 	EXP 	window1: mouseVisible = True
66.5524 	EXP 	window1: mouseVisible = True
66.5525 	EXP 	window1: mouseVisible = True
66.5525 	EXP 	window1: mouseVisible = True
66.5525 	EXP 	window1: mouseVisible = True
66.5525 	EXP 	window1: mouseVisible = True
66.5526 	EXP 	window1: mouseVisible = True
66.5526 	EXP 	window1: mouseVisible = True
66.5526 	EXP 	window1: mouseVisible = True
66.5527 	EXP 	window1: mouseVisible = True
66.5527 	EXP 	window1: mouseVisible = True
66.5527 	EXP 	window1: mouseVisible = True
66.5527 	EXP 	window1: mouseVisible = True
66.5528 	EXP 	window1: mouseVisible = True
66.5528 	EXP 	window1: mouseVisible = True
66.5528 	EXP 	window1: mouseVisible = True
66.5529 	EXP 	window1: mouseVisible = True
66.5529 	EXP 	window1: mouseVisible = True
66.5529 	EXP 	window1: mouseVisible = True
66.5530 	EXP 	window1: mouseVisible = True
66.5530 	EXP 	window1: mouseVisible = True
66.5530 	EXP 	window1: mouseVisible = True
66.5531 	EXP 	window1: mouseVisible = True
66.5531 	EXP 	window1: mouseVisible = True
66.5531 	EXP 	window1: mouseVisible = True
66.5532 	EXP 	window1: mouseVisible = True
66.5532 	EXP 	window1: mouseVisible = True
66.5532 	EXP 	window1: mouseVisible = True
66.5532 	EXP 	window1: mouseVisible = True
66.5533 	EXP 	window1: mouseVisible = True
66.5533 	EXP 	window1: mouseVisible = True
66.5533 	EXP 	window1: mouseVisible = True
66.5534 	EXP 	window1: mouseVisible = True
66.5534 	EXP 	window1: mouseVisible = True
66.5534 	EXP 	window1: mouseVisible = True
66.5534 	EXP 	window1: mouseVisible = True
66.5535 	EXP 	window1: mouseVisible = True
66.5535 	EXP 	window1: mouseVisible = True
66.5535 	EXP 	window1: mouseVisible = True
66.5536 	EXP 	window1: mouseVisible = True
66.5536 	EXP 	window1: mouseVisible = True
66.5536 	EXP 	window1: mouseVisible = True
66.5537 	EXP 	window1: mouseVisible = True
66.5537 	EXP 	window1: mouseVisible = True
66.5537 	EXP 	window1: mouseVisible = True
66.5538 	EXP 	window1: mouseVisible = True
66.5538 	EXP 	window1: mouseVisible = True
66.5538 	EXP 	window1: mouseVisible = True
66.5539 	EXP 	window1: mouseVisible = True
66.5539 	EXP 	window1: mouseVisible = True
66.5539 	EXP 	window1: mouseVisible = True
66.5539 	EXP 	window1: mouseVisible = True
66.5540 	EXP 	window1: mouseVisible = True
66.5540 	EXP 	window1: mouseVisible = True
66.5540 	EXP 	window1: mouseVisible = True
66.5541 	EXP 	window1: mouseVisible = True
66.5541 	EXP 	window1: mouseVisible = True
66.5541 	EXP 	window1: mouseVisible = True
66.5542 	EXP 	window1: mouseVisible = True
66.5542 	EXP 	window1: mouseVisible = True
66.5542 	EXP 	window1: mouseVisible = True
66.5543 	EXP 	window1: mouseVisible = True
66.5543 	EXP 	window1: mouseVisible = True
66.5543 	EXP 	window1: mouseVisible = True
66.5544 	EXP 	window1: mouseVisible = True
66.5544 	EXP 	window1: mouseVisible = True
