5.5139 	WARNING 	Monitor specification not found. Creating a temporary one...
5.5344 	WARNING 	User requested fullscreen with size [800 600], but screen is actually [1280, 1024]. Using actual size
6.0535 	EXP 	Created window1 = Window(allowGUI=True, allowStencil=False, autoLog=True, backendConf=UNKNOWN, bitsMode=UNKNOWN, blendMode='avg', bpc=(8, 8, 8), color=array([0, 0, 0]), colorSpace='rgb', depthBits=8, fullscr=<method-wrapper '__getattribute__' of attributeSetter object at 0x0000025B5EB08D00>, gamma=None, gammaErrorPolicy='raise', lms=UNKNOWN, monitor=<psychopy.monitors.calibTools.Monitor object at 0x0000025B5F07E4F0>, multiSample=False, name='window1', numSamples=2, pos=(0, 0), screen=0, size=array([1280, 1024]), stencilBits=0, stereo=False, units='pix', useFBO=False, useRetina=False, viewOri=0.0, viewPos=None, viewScale=None, waitBlanking=True, winType='pyglet')
6.0535 	EXP 	window1: mouseVisible = True
6.0539 	EXP 	window1: mouseVisible = False
7.2275 	DATA 	Keypress: space
7.8178 	DATA 	Keypress: o
7.8187 	EXP 	window1: units = 'pix'
7.8560 	WARNING 	User requested fullscreen with size [1280  720], but screen is actually [1280, 1024]. Using actual size
8.2711 	EXP 	Created window1 = Window(allowGUI=False, allowStencil=False, autoLog=True, backendConf=UNKNOWN, bitsMode=UNKNOWN, blendMode='avg', bpc=(8, 8, 8), color=array([0, 0, 0]), colorSpace='rgb', depthBits=8, fullscr=<method-wrapper '__getattribute__' of attributeSetter object at 0x0000025B5EB08D00>, gamma=None, gammaErrorPolicy='raise', lms=UNKNOWN, monitor=<psychopy.monitors.calibTools.Monitor object at 0x0000025B657A8100>, multiSample=False, name='window1', numSamples=2, pos=(0, 0), screen=0, size=array([1280, 1024]), stencilBits=0, stereo=False, units='height', useFBO=True, useRetina=False, viewOri=0.0, viewPos=None, viewScale=None, waitBlanking=True, winType='pyglet')
8.2713 	EXP 	window1: mouseVisible = True
8.2713 	EXP 	window1: Attempting to measure frame rate of screen (0) ...
8.2713 	EXP 	window1: recordFrameIntervals = False
8.4375 	EXP 	window1: recordFrameIntervals = True
8.6209 	EXP 	Screen (0) actual frame rate measured at 59.91Hz
8.6209 	EXP 	window1: recordFrameIntervals = False
8.8117 	EXP 	Created Instructions = TextStim(__class__=<class 'psychopy.visual.text.TextStim'>, alignHoriz=method-wrapper(...), alignText='center', alignVert=method-wrapper(...), anchorHoriz='center', anchorVert='center', antialias=True, autoDraw=False, autoLog=True, bold=False, color=array([1, 1, 1]), colorSpace='rgb', contrast=1.0, depth=0.0, flipHoriz=False, flipVert=False, font='Arial', fontFiles=[], height=0.03, italic=False, languageStyle='LTR', name='Instructions', opacity=1.0, ori=0, pos=array([0., 0.]), rgb=UNKNOWN, text=str(...), units='height', win=Window(...), wrapWidth=1)
8.8156 	EXP 	Created Triplet1 = ImageStim(__class__=<class 'psychopy.visual.image.ImageStim'>, anchor=('center', 'center'), autoLog=True, color=array([1, 1, 1]), colorSpace='rgb', contrast=1.0, depth=-1.0, flipHoriz=False, flipVert=False, image='sin', interpolate=True, mask=None, maskParams=None, name='Triplet1', opacity=1.0, ori=0.0, pos=array([0., 0.]), size=array([0.25, 0.25]), texRes=128, units='height', win=Window(...))
8.8216 	EXP 	Created Triplet2 = ImageStim(__class__=<class 'psychopy.visual.image.ImageStim'>, anchor=('center', 'center'), autoLog=True, color=array([1, 1, 1]), colorSpace='rgb', contrast=1.0, depth=-2.0, flipHoriz=False, flipVert=False, image='sin', interpolate=True, mask=None, maskParams=None, name='Triplet2', opacity=1.0, ori=0.0, pos=array([0., 0.]), size=array([0.25, 0.25]), texRes=128, units='height', win=Window(...))
8.8273 	EXP 	Created Triplet3 = ImageStim(__class__=<class 'psychopy.visual.image.ImageStim'>, anchor=('center', 'center'), autoLog=True, color=array([1, 1, 1]), colorSpace='rgb', contrast=1.0, depth=-3.0, flipHoriz=False, flipVert=False, image='sin', interpolate=True, mask=None, maskParams=None, name='Triplet3', opacity=1.0, ori=0.0, pos=array([0., 0.]), size=array([0.25, 0.25]), texRes=128, units='height', win=Window(...))
8.8361 	EXP 	Sound sound_pop set volume 1.000
8.8449 	EXP 	Sound sound_pop2 set volume 1.000
8.8536 	EXP 	Sound sound_pop3 set volume 1.000
8.8779 	EXP 	Created fixation = ImageStim(__class__=<class 'psychopy.visual.image.ImageStim'>, anchor=('center', 'center'), autoLog=True, color=array([1, 1, 1]), colorSpace='rgb', contrast=1.0, depth=0.0, flipHoriz=False, flipVert=False, image='images/fixation.png', interpolate=True, mask=None, maskParams=None, name='fixation', opacity=1.0, ori=0.0, pos=array([0., 0.]), size=array([0.1 , 0.05]), texRes=128, units='height', win=Window(...))
8.9655 	EXP 	Created Mask = ImageStim(__class__=<class 'psychopy.visual.image.ImageStim'>, anchor=('center', 'center'), autoLog=True, color=array([1, 1, 1]), colorSpace='rgb', contrast=1.0, depth=0.0, flipHoriz=False, flipVert=False, image='images/Mask.png', interpolate=True, mask=None, maskParams=None, name='Mask', opacity=1.0, ori=0.0, pos=array([0., 0.]), size=array([1.5, 0.5]), texRes=128, units='height', win=Window(...))
8.9722 	EXP 	Created img1 = ImageStim(__class__=<class 'psychopy.visual.image.ImageStim'>, anchor=('center', 'center'), autoLog=True, color=array([1, 1, 1]), colorSpace='rgb', contrast=1.0, depth=-1.0, flipHoriz=False, flipVert=False, image='sin', interpolate=True, mask=None, maskParams=None, name='img1', opacity=1.0, ori=0.0, pos=array([0., 0.]), size=array([0.25, 0.25]), texRes=128, units='height', win=Window(...))
8.9763 	EXP 	Created img2 = ImageStim(__class__=<class 'psychopy.visual.image.ImageStim'>, anchor=('center', 'center'), autoLog=True, color=array([1, 1, 1]), colorSpace='rgb', contrast=1.0, depth=-2.0, flipHoriz=False, flipVert=False, image='sin', interpolate=True, mask=None, maskParams=None, name='img2', opacity=1.0, ori=0.0, pos=array([0., 0.]), size=array([0.25, 0.25]), texRes=128, units='height', win=Window(...))
8.9807 	EXP 	Created img3 = ImageStim(__class__=<class 'psychopy.visual.image.ImageStim'>, anchor=('center', 'center'), autoLog=True, color=array([1, 1, 1]), colorSpace='rgb', contrast=1.0, depth=-3.0, flipHoriz=False, flipVert=False, image='sin', interpolate=True, mask=None, maskParams=None, name='img3', opacity=1.0, ori=0.0, pos=array([0., 0.]), size=array([0.25, 0.25]), texRes=128, units='height', win=Window(...))
8.9895 	EXP 	Sound sound_pop4 set volume 1.000
8.9984 	EXP 	Sound sound_pop5 set volume 1.000
9.0082 	EXP 	Sound sound_pop6 set volume 1.000
9.0132 	EXP 	Created text_2 = TextStim(__class__=<class 'psychopy.visual.text.TextStim'>, alignHoriz=method-wrapper(...), alignText='center', alignVert=method-wrapper(...), anchorHoriz='center', anchorVert='center', antialias=True, autoDraw=False, autoLog=True, bold=False, color=array([1, 1, 1]), colorSpace='rgb', contrast=1.0, depth=0.0, flipHoriz=False, flipVert=False, font='Arial', fontFiles=[], height=0.03, italic=False, languageStyle='LTR', name='text_2', opacity=1.0, ori=0, pos=array([0., 0.]), rgb=UNKNOWN, text=str(...), units='height', win=Window(...), wrapWidth=1)
9.0158 	EXP 	Created text = TextStim(__class__=<class 'psychopy.visual.text.TextStim'>, alignHoriz=method-wrapper(...), alignText='center', alignVert=method-wrapper(...), anchorHoriz='center', anchorVert='center', antialias=True, autoDraw=False, autoLog=True, bold=False, color=array([1, 1, 1]), colorSpace='rgb', contrast=1.0, depth=-1.0, flipHoriz=False, flipVert=False, font='Arial', fontFiles=[], height=0.03, italic=False, languageStyle='LTR', name='text', opacity=1.0, ori=0, pos=array([0., 0.]), rgb=UNKNOWN, text=str(...), units='height', win=Window(...), wrapWidth=1)
9.0163 	EXP 	Created sameText = TextStim(__class__=<class 'psychopy.visual.text.TextStim'>, alignHoriz=method-wrapper(...), alignText='center', alignVert=method-wrapper(...), anchorHoriz='center', anchorVert='center', antialias=True, autoDraw=False, autoLog=True, bold=False, color=array([1, 1, 1]), colorSpace='rgb', contrast=1.0, depth=-2.0, flipHoriz=False, flipVert=False, font='Arial', fontFiles=[], height=0.03, italic=False, languageStyle='LTR', name='sameText', opacity=1.0, ori=0, pos=array([-0.2, -0.3]), rgb=UNKNOWN, text='', units='height', win=Window(...), wrapWidth=1)
9.0167 	EXP 	Created diffText = TextStim(__class__=<class 'psychopy.visual.text.TextStim'>, alignHoriz=method-wrapper(...), alignText='center', alignVert=method-wrapper(...), anchorHoriz='center', anchorVert='center', antialias=True, autoDraw=False, autoLog=True, bold=False, color=array([1, 1, 1]), colorSpace='rgb', contrast=1.0, depth=-3.0, flipHoriz=False, flipVert=False, font='Arial', fontFiles=[], height=0.03, italic=False, languageStyle='LTR', name='diffText', opacity=1.0, ori=0, pos=array([ 0.2, -0.3]), rgb=UNKNOWN, text='', units='height', win=Window(...), wrapWidth=1)
9.0176 	EXP 	Created leftCL = Rect(__class__=<class 'psychopy.visual.rect.Rect'>, anchor=('center', 'center'), autoDraw=False, autoLog=True, closeShape=True, color=method-wrapper(...), colorSpace='rgb', contrast=None, depth=-4.0, fillColor=array([1., 1., 1.]), fillColorSpace='rgb', fillRGB=array([1., 1., 1.]), interpolate=True, lineColor=array([1, 1, 1]), lineColorSpace='rgb', lineRGB=array([1, 1, 1]), lineWidth=3, name='leftCL', opacity=0.5, ori=0.0, pos=array([-0.2, -0.3]), size=array([-0.2, -0.2]), units='height', vertices=ndarray(...), win=Window(...))
9.0185 	EXP 	Created rightCL = Rect(__class__=<class 'psychopy.visual.rect.Rect'>, anchor=('center', 'center'), autoDraw=False, autoLog=True, closeShape=True, color=method-wrapper(...), colorSpace='rgb', contrast=None, depth=-5.0, fillColor=array([1., 1., 1.]), fillColorSpace='rgb', fillRGB=array([1., 1., 1.]), interpolate=True, lineColor=array([1, 1, 1]), lineColorSpace='rgb', lineRGB=array([1, 1, 1]), lineWidth=3, name='rightCL', opacity=0.5, ori=0.0, pos=array([ 0.2, -0.3]), size=array([0.2, 0.2]), units='height', vertices=ndarray(...), win=Window(...))
9.0185 	EXP 	window1: mouseVisible = True
9.0190 	EXP 	Sound clickedSound set volume 1.000
9.0226 	EXP 	Created retIMG = ImageStim(__class__=<class 'psychopy.visual.image.ImageStim'>, anchor=('center', 'center'), autoLog=True, color=array([1, 1, 1]), colorSpace='rgb', contrast=1.0, depth=-1.0, flipHoriz=False, flipVert=False, image='sin', interpolate=True, mask=None, maskParams=None, name='retIMG', opacity=1.0, ori=0.0, pos=array([0., 0.]), size=array([0.25, 0.25]), texRes=128, units='height', win=Window(...))
9.0313 	EXP 	Sound sound_pop7 set volume 1.000
9.0338 	EXP 	Created question_text = TextStim(__class__=<class 'psychopy.visual.text.TextStim'>, alignHoriz=method-wrapper(...), alignText='center', alignVert=method-wrapper(...), anchorHoriz='center', anchorVert='center', antialias=True, autoDraw=False, autoLog=True, bold=False, color=array([1, 1, 1]), colorSpace='rgb', contrast=1.0, depth=0.0, flipHoriz=False, flipVert=False, font='Arial', fontFiles=[], height=0.03, italic=False, languageStyle='LTR', name='question_text', opacity=1.0, ori=0, pos=array([0. , 0.3]), rgb=UNKNOWN, text='When did you see this object?', units='height', win=Window(...), wrapWidth=1)
9.0362 	EXP 	Created decisionQ_2 = TextStim(__class__=<class 'psychopy.visual.text.TextStim'>, alignHoriz=method-wrapper(...), alignText='center', alignVert=method-wrapper(...), anchorHoriz='center', anchorVert='center', antialias=True, autoDraw=False, autoLog=True, bold=False, color=array([1, 1, 1]), colorSpace='rgb', contrast=1.0, depth=-1.0, flipHoriz=False, flipVert=False, font='Arial', fontFiles=[], height=0.03, italic=False, languageStyle='LTR', name='decisionQ_2', opacity=1.0, ori=0, pos=array([0. , 0.3]), rgb=UNKNOWN, text='When did you see this object?', units='height', win=Window(...), wrapWidth=1)
9.0369 	EXP 	Created first_left = Rect(__class__=<class 'psychopy.visual.rect.Rect'>, anchor=('center', 'center'), autoDraw=False, autoLog=True, closeShape=True, color=method-wrapper(...), colorSpace='rgb', contrast=None, depth=-2.0, fillColor=array([1, 1, 1]), fillColorSpace='rgb', fillRGB=array([1, 1, 1]), interpolate=True, lineColor=array([1, 1, 1]), lineColorSpace='rgb', lineRGB=array([1, 1, 1]), lineWidth=3, name='first_left', opacity=0.5, ori=0.0, pos=array([0. , 0.1]), size=array([0.15, 0.15]), units='height', vertices=ndarray(...), win=Window(...))
9.0376 	EXP 	Created second_middle = Rect(__class__=<class 'psychopy.visual.rect.Rect'>, anchor=('center', 'center'), autoDraw=False, autoLog=True, closeShape=True, color=method-wrapper(...), colorSpace='rgb', contrast=None, depth=-3.0, fillColor=array([1, 1, 1]), fillColorSpace='rgb', fillRGB=array([1, 1, 1]), interpolate=True, lineColor=array([1, 1, 1]), lineColorSpace='rgb', lineRGB=array([1, 1, 1]), lineWidth=3, name='second_middle', opacity=0.5, ori=0.0, pos=array([ 0. , -0.1]), size=array([0.15, 0.15]), units='height', vertices=ndarray(...), win=Window(...))
9.0383 	EXP 	Created third_right = Rect(__class__=<class 'psychopy.visual.rect.Rect'>, anchor=('center', 'center'), autoDraw=False, autoLog=True, closeShape=True, color=method-wrapper(...), colorSpace='rgb', contrast=None, depth=-4.0, fillColor=array([1, 1, 1]), fillColorSpace='rgb', fillRGB=array([1, 1, 1]), interpolate=True, lineColor=array([1, 1, 1]), lineColorSpace='rgb', lineRGB=array([1, 1, 1]), lineWidth=3, name='third_right', opacity=0.5, ori=0.0, pos=array([ 0. , -0.3]), size=array([0.15, 0.15]), units='height', vertices=ndarray(...), win=Window(...))
9.0408 	EXP 	Created First = TextStim(__class__=<class 'psychopy.visual.text.TextStim'>, alignHoriz=method-wrapper(...), alignText='center', alignVert=method-wrapper(...), anchorHoriz='center', anchorVert='center', antialias=True, autoDraw=False, autoLog=True, bold=False, color=array([1, 1, 1]), colorSpace='rgb', contrast=1.0, depth=-5.0, flipHoriz=False, flipVert=False, font='Arial', fontFiles=[], height=0.03, italic=False, languageStyle='LTR', name='First', opacity=1.0, ori=0, pos=array([0. , 0.1]), rgb=UNKNOWN, text='First', units='height', win=Window(...), wrapWidth=1)
9.0427 	EXP 	Created Second = TextStim(__class__=<class 'psychopy.visual.text.TextStim'>, alignHoriz=method-wrapper(...), alignText='center', alignVert=method-wrapper(...), anchorHoriz='center', anchorVert='center', antialias=True, autoDraw=False, autoLog=True, bold=False, color=array([1, 1, 1]), colorSpace='rgb', contrast=1.0, depth=-6.0, flipHoriz=False, flipVert=False, font='Arial', fontFiles=[], height=0.03, italic=False, languageStyle='LTR', name='Second', opacity=1.0, ori=0, pos=array([ 0. , -0.1]), rgb=UNKNOWN, text='Second', units='height', win=Window(...), wrapWidth=1)
9.0446 	EXP 	Created Third = TextStim(__class__=<class 'psychopy.visual.text.TextStim'>, alignHoriz=method-wrapper(...), alignText='center', alignVert=method-wrapper(...), anchorHoriz='center', anchorVert='center', antialias=True, autoDraw=False, autoLog=True, bold=False, color=array([1, 1, 1]), colorSpace='rgb', contrast=1.0, depth=-7.0, flipHoriz=False, flipVert=False, font='Arial', fontFiles=[], height=0.03, italic=False, languageStyle='LTR', name='Third', opacity=1.0, ori=0, pos=array([ 0. , -0.3]), rgb=UNKNOWN, text='Third', units='height', win=Window(...), wrapWidth=1)
9.0446 	EXP 	window1: mouseVisible = True
9.0451 	EXP 	Sound clickedSound set volume 1.000
9.0531 	EXP 	Created BlockBreak = TextStim(__class__=<class 'psychopy.visual.text.TextStim'>, alignHoriz=method-wrapper(...), alignText='center', alignVert=method-wrapper(...), anchorHoriz='center', anchorVert='center', antialias=True, autoDraw=False, autoLog=True, bold=False, color=array([1, 1, 1]), colorSpace='rgb', contrast=1.0, depth=0.0, flipHoriz=False, flipVert=False, font='Arial', fontFiles=[], height=0.03, italic=False, languageStyle='LTR', name='BlockBreak', opacity=1.0, ori=0, pos=array([0., 0.]), rgb=UNKNOWN, text=str(...), units='height', win=Window(...), wrapWidth=1)
9.0668 	EXP 	Created text_4 = TextStim(__class__=<class 'psychopy.visual.text.TextStim'>, alignHoriz=method-wrapper(...), alignText='center', alignVert=method-wrapper(...), anchorHoriz='center', anchorVert='center', antialias=True, autoDraw=False, autoLog=True, bold=False, color=array([1, 1, 1]), colorSpace='rgb', contrast=1.0, depth=-1.0, flipHoriz=False, flipVert=False, font='Open Sans', fontFiles=[], height=0.03, italic=False, languageStyle='LTR', name='text_4', opacity=1.0, ori=0.0, pos=array([0., 0.]), rgb=UNKNOWN, text=str(...), units='height', win=Window(...), wrapWidth=1)
9.0705 	EXP 	Created Triplet1 = ImageStim(__class__=<class 'psychopy.visual.image.ImageStim'>, anchor=('center', 'center'), autoLog=True, color=array([1, 1, 1]), colorSpace='rgb', contrast=1.0, depth=-1.0, flipHoriz=False, flipVert=False, image='sin', interpolate=True, mask=None, maskParams=None, name='Triplet1', opacity=1.0, ori=0.0, pos=array([0., 0.]), size=array([0.25, 0.25]), texRes=128, units='height', win=Window(...))
9.0749 	EXP 	Created Triplet2 = ImageStim(__class__=<class 'psychopy.visual.image.ImageStim'>, anchor=('center', 'center'), autoLog=True, color=array([1, 1, 1]), colorSpace='rgb', contrast=1.0, depth=-2.0, flipHoriz=False, flipVert=False, image='sin', interpolate=True, mask=None, maskParams=None, name='Triplet2', opacity=1.0, ori=0.0, pos=array([0., 0.]), size=array([0.25, 0.25]), texRes=128, units='height', win=Window(...))
9.0792 	EXP 	Created Triplet3 = ImageStim(__class__=<class 'psychopy.visual.image.ImageStim'>, anchor=('center', 'center'), autoLog=True, color=array([1, 1, 1]), colorSpace='rgb', contrast=1.0, depth=-3.0, flipHoriz=False, flipVert=False, image='sin', interpolate=True, mask=None, maskParams=None, name='Triplet3', opacity=1.0, ori=0.0, pos=array([0., 0.]), size=array([0.25, 0.25]), texRes=128, units='height', win=Window(...))
9.0879 	EXP 	Sound sound_pop set volume 1.000
9.0967 	EXP 	Sound sound_pop2 set volume 1.000
9.1055 	EXP 	Sound sound_pop3 set volume 1.000
9.1926 	EXP 	Created Mask = ImageStim(__class__=<class 'psychopy.visual.image.ImageStim'>, anchor=('center', 'center'), autoLog=True, color=array([1, 1, 1]), colorSpace='rgb', contrast=1.0, depth=0.0, flipHoriz=False, flipVert=False, image='images/Mask.png', interpolate=True, mask=None, maskParams=None, name='Mask', opacity=1.0, ori=0.0, pos=array([0., 0.]), size=array([1.5, 0.5]), texRes=128, units='height', win=Window(...))
9.1978 	EXP 	Created img1 = ImageStim(__class__=<class 'psychopy.visual.image.ImageStim'>, anchor=('center', 'center'), autoLog=True, color=array([1, 1, 1]), colorSpace='rgb', contrast=1.0, depth=-1.0, flipHoriz=False, flipVert=False, image='sin', interpolate=True, mask=None, maskParams=None, name='img1', opacity=1.0, ori=0.0, pos=array([0., 0.]), size=array([0.25, 0.25]), texRes=128, units='height', win=Window(...))
9.2022 	EXP 	Created img2 = ImageStim(__class__=<class 'psychopy.visual.image.ImageStim'>, anchor=('center', 'center'), autoLog=True, color=array([1, 1, 1]), colorSpace='rgb', contrast=1.0, depth=-2.0, flipHoriz=False, flipVert=False, image='sin', interpolate=True, mask=None, maskParams=None, name='img2', opacity=1.0, ori=0.0, pos=array([0., 0.]), size=array([0.25, 0.25]), texRes=128, units='height', win=Window(...))
9.2064 	EXP 	Created img3 = ImageStim(__class__=<class 'psychopy.visual.image.ImageStim'>, anchor=('center', 'center'), autoLog=True, color=array([1, 1, 1]), colorSpace='rgb', contrast=1.0, depth=-3.0, flipHoriz=False, flipVert=False, image='sin', interpolate=True, mask=None, maskParams=None, name='img3', opacity=1.0, ori=0.0, pos=array([0., 0.]), size=array([0.25, 0.25]), texRes=128, units='height', win=Window(...))
9.2151 	EXP 	Sound sound_pop4 set volume 1.000
9.2239 	EXP 	Sound sound_pop5 set volume 1.000
9.2327 	EXP 	Sound sound_pop6 set volume 1.000
9.2370 	EXP 	Created text_2 = TextStim(__class__=<class 'psychopy.visual.text.TextStim'>, alignHoriz=method-wrapper(...), alignText='center', alignVert=method-wrapper(...), anchorHoriz='center', anchorVert='center', antialias=True, autoDraw=False, autoLog=True, bold=False, color=array([1, 1, 1]), colorSpace='rgb', contrast=1.0, depth=0.0, flipHoriz=False, flipVert=False, font='Arial', fontFiles=[], height=0.03, italic=False, languageStyle='LTR', name='text_2', opacity=1.0, ori=0, pos=array([0., 0.]), rgb=UNKNOWN, text=str(...), units='height', win=Window(...), wrapWidth=1)
9.2395 	EXP 	Created text = TextStim(__class__=<class 'psychopy.visual.text.TextStim'>, alignHoriz=method-wrapper(...), alignText='center', alignVert=method-wrapper(...), anchorHoriz='center', anchorVert='center', antialias=True, autoDraw=False, autoLog=True, bold=False, color=array([1, 1, 1]), colorSpace='rgb', contrast=1.0, depth=-1.0, flipHoriz=False, flipVert=False, font='Arial', fontFiles=[], height=0.03, italic=False, languageStyle='LTR', name='text', opacity=1.0, ori=0, pos=array([0., 0.]), rgb=UNKNOWN, text=str(...), units='height', win=Window(...), wrapWidth=1)
9.2400 	EXP 	Created sameText = TextStim(__class__=<class 'psychopy.visual.text.TextStim'>, alignHoriz=method-wrapper(...), alignText='center', alignVert=method-wrapper(...), anchorHoriz='center', anchorVert='center', antialias=True, autoDraw=False, autoLog=True, bold=False, color=array([1, 1, 1]), colorSpace='rgb', contrast=1.0, depth=-2.0, flipHoriz=False, flipVert=False, font='Arial', fontFiles=[], height=0.03, italic=False, languageStyle='LTR', name='sameText', opacity=1.0, ori=0, pos=array([-0.2, -0.3]), rgb=UNKNOWN, text='', units='height', win=Window(...), wrapWidth=1)
9.2405 	EXP 	Created diffText = TextStim(__class__=<class 'psychopy.visual.text.TextStim'>, alignHoriz=method-wrapper(...), alignText='center', alignVert=method-wrapper(...), anchorHoriz='center', anchorVert='center', antialias=True, autoDraw=False, autoLog=True, bold=False, color=array([1, 1, 1]), colorSpace='rgb', contrast=1.0, depth=-3.0, flipHoriz=False, flipVert=False, font='Arial', fontFiles=[], height=0.03, italic=False, languageStyle='LTR', name='diffText', opacity=1.0, ori=0, pos=array([ 0.2, -0.3]), rgb=UNKNOWN, text='', units='height', win=Window(...), wrapWidth=1)
9.2414 	EXP 	Created leftCL = Rect(__class__=<class 'psychopy.visual.rect.Rect'>, anchor=('center', 'center'), autoDraw=False, autoLog=True, closeShape=True, color=method-wrapper(...), colorSpace='rgb', contrast=None, depth=-4.0, fillColor=array([1., 1., 1.]), fillColorSpace='rgb', fillRGB=array([1., 1., 1.]), interpolate=True, lineColor=array([1, 1, 1]), lineColorSpace='rgb', lineRGB=array([1, 1, 1]), lineWidth=3, name='leftCL', opacity=0.5, ori=0.0, pos=array([-0.2, -0.3]), size=array([-0.2, -0.2]), units='height', vertices=ndarray(...), win=Window(...))
9.2422 	EXP 	Created rightCL = Rect(__class__=<class 'psychopy.visual.rect.Rect'>, anchor=('center', 'center'), autoDraw=False, autoLog=True, closeShape=True, color=method-wrapper(...), colorSpace='rgb', contrast=None, depth=-5.0, fillColor=array([1., 1., 1.]), fillColorSpace='rgb', fillRGB=array([1., 1., 1.]), interpolate=True, lineColor=array([1, 1, 1]), lineColorSpace='rgb', lineRGB=array([1, 1, 1]), lineWidth=3, name='rightCL', opacity=0.5, ori=0.0, pos=array([ 0.2, -0.3]), size=array([0.2, 0.2]), units='height', vertices=ndarray(...), win=Window(...))
9.2423 	EXP 	window1: mouseVisible = True
9.2427 	EXP 	Sound clickedSound set volume 1.000
9.2464 	EXP 	Created retIMG = ImageStim(__class__=<class 'psychopy.visual.image.ImageStim'>, anchor=('center', 'center'), autoLog=True, color=array([1, 1, 1]), colorSpace='rgb', contrast=1.0, depth=-1.0, flipHoriz=False, flipVert=False, image='sin', interpolate=True, mask=None, maskParams=None, name='retIMG', opacity=1.0, ori=0.0, pos=array([0., 0.]), size=array([0.25, 0.25]), texRes=128, units='height', win=Window(...))
9.2551 	EXP 	Sound sound_pop7 set volume 1.000
9.2574 	EXP 	Created question_text = TextStim(__class__=<class 'psychopy.visual.text.TextStim'>, alignHoriz=method-wrapper(...), alignText='center', alignVert=method-wrapper(...), anchorHoriz='center', anchorVert='center', antialias=True, autoDraw=False, autoLog=True, bold=False, color=array([1, 1, 1]), colorSpace='rgb', contrast=1.0, depth=0.0, flipHoriz=False, flipVert=False, font='Arial', fontFiles=[], height=0.03, italic=False, languageStyle='LTR', name='question_text', opacity=1.0, ori=0, pos=array([0. , 0.3]), rgb=UNKNOWN, text='When did you see this object?', units='height', win=Window(...), wrapWidth=1)
9.2596 	EXP 	Created decisionQ_2 = TextStim(__class__=<class 'psychopy.visual.text.TextStim'>, alignHoriz=method-wrapper(...), alignText='center', alignVert=method-wrapper(...), anchorHoriz='center', anchorVert='center', antialias=True, autoDraw=False, autoLog=True, bold=False, color=array([1, 1, 1]), colorSpace='rgb', contrast=1.0, depth=-1.0, flipHoriz=False, flipVert=False, font='Arial', fontFiles=[], height=0.03, italic=False, languageStyle='LTR', name='decisionQ_2', opacity=1.0, ori=0, pos=array([0. , 0.3]), rgb=UNKNOWN, text='When did you see this object?', units='height', win=Window(...), wrapWidth=1)
9.2603 	EXP 	Created first_left = Rect(__class__=<class 'psychopy.visual.rect.Rect'>, anchor=('center', 'center'), autoDraw=False, autoLog=True, closeShape=True, color=method-wrapper(...), colorSpace='rgb', contrast=None, depth=-2.0, fillColor=array([1, 1, 1]), fillColorSpace='rgb', fillRGB=array([1, 1, 1]), interpolate=True, lineColor=array([1, 1, 1]), lineColorSpace='rgb', lineRGB=array([1, 1, 1]), lineWidth=3, name='first_left', opacity=0.5, ori=0.0, pos=array([0. , 0.1]), size=array([0.15, 0.15]), units='height', vertices=ndarray(...), win=Window(...))
9.2610 	EXP 	Created second_middle = Rect(__class__=<class 'psychopy.visual.rect.Rect'>, anchor=('center', 'center'), autoDraw=False, autoLog=True, closeShape=True, color=method-wrapper(...), colorSpace='rgb', contrast=None, depth=-3.0, fillColor=array([1, 1, 1]), fillColorSpace='rgb', fillRGB=array([1, 1, 1]), interpolate=True, lineColor=array([1, 1, 1]), lineColorSpace='rgb', lineRGB=array([1, 1, 1]), lineWidth=3, name='second_middle', opacity=0.5, ori=0.0, pos=array([ 0. , -0.1]), size=array([0.15, 0.15]), units='height', vertices=ndarray(...), win=Window(...))
9.2617 	EXP 	Created third_right = Rect(__class__=<class 'psychopy.visual.rect.Rect'>, anchor=('center', 'center'), autoDraw=False, autoLog=True, closeShape=True, color=method-wrapper(...), colorSpace='rgb', contrast=None, depth=-4.0, fillColor=array([1, 1, 1]), fillColorSpace='rgb', fillRGB=array([1, 1, 1]), interpolate=True, lineColor=array([1, 1, 1]), lineColorSpace='rgb', lineRGB=array([1, 1, 1]), lineWidth=3, name='third_right', opacity=0.5, ori=0.0, pos=array([ 0. , -0.3]), size=array([0.15, 0.15]), units='height', vertices=ndarray(...), win=Window(...))
9.2637 	EXP 	Created First = TextStim(__class__=<class 'psychopy.visual.text.TextStim'>, alignHoriz=method-wrapper(...), alignText='center', alignVert=method-wrapper(...), anchorHoriz='center', anchorVert='center', antialias=True, autoDraw=False, autoLog=True, bold=False, color=array([1, 1, 1]), colorSpace='rgb', contrast=1.0, depth=-5.0, flipHoriz=False, flipVert=False, font='Arial', fontFiles=[], height=0.03, italic=False, languageStyle='LTR', name='First', opacity=1.0, ori=0, pos=array([0. , 0.1]), rgb=UNKNOWN, text='First', units='height', win=Window(...), wrapWidth=1)
9.2656 	EXP 	Created Second = TextStim(__class__=<class 'psychopy.visual.text.TextStim'>, alignHoriz=method-wrapper(...), alignText='center', alignVert=method-wrapper(...), anchorHoriz='center', anchorVert='center', antialias=True, autoDraw=False, autoLog=True, bold=False, color=array([1, 1, 1]), colorSpace='rgb', contrast=1.0, depth=-6.0, flipHoriz=False, flipVert=False, font='Arial', fontFiles=[], height=0.03, italic=False, languageStyle='LTR', name='Second', opacity=1.0, ori=0, pos=array([ 0. , -0.1]), rgb=UNKNOWN, text='Second', units='height', win=Window(...), wrapWidth=1)
9.2675 	EXP 	Created Third = TextStim(__class__=<class 'psychopy.visual.text.TextStim'>, alignHoriz=method-wrapper(...), alignText='center', alignVert=method-wrapper(...), anchorHoriz='center', anchorVert='center', antialias=True, autoDraw=False, autoLog=True, bold=False, color=array([1, 1, 1]), colorSpace='rgb', contrast=1.0, depth=-7.0, flipHoriz=False, flipVert=False, font='Arial', fontFiles=[], height=0.03, italic=False, languageStyle='LTR', name='Third', opacity=1.0, ori=0, pos=array([ 0. , -0.3]), rgb=UNKNOWN, text='Third', units='height', win=Window(...), wrapWidth=1)
9.2676 	EXP 	window1: mouseVisible = True
9.2680 	EXP 	Sound clickedSound set volume 1.000
9.2710 	EXP 	Created end = TextStim(__class__=<class 'psychopy.visual.text.TextStim'>, alignHoriz=method-wrapper(...), alignText='center', alignVert=method-wrapper(...), anchorHoriz='center', anchorVert='center', antialias=True, autoDraw=False, autoLog=True, bold=False, color=array([1, 1, 1]), colorSpace='rgb', contrast=1.0, depth=0.0, flipHoriz=False, flipVert=False, font='Arial', fontFiles=[], height=0.03, italic=False, languageStyle='LTR', name='end', opacity=1.0, ori=0, pos=array([0., 0.]), rgb=UNKNOWN, text=str(...), units='height', win=Window(...), wrapWidth=1)
9.2721 	DATA 	Keypress: space
9.2749 	EXP 	Instructions: autoDraw = True
9.6046 	EXP 	Created sequence: random, trialTypes=1, nReps=5, seed=None
9.6047 	EXP 	New trial (rep=0, index=0): None
9.6055 	DATA 	Keypress: space
9.6208 	EXP 	Instructions: autoDraw = False
9.6208 	EXP 	fixation: autoDraw = True
11.4695 	EXP 	Sound sound_pop started
11.4709 	EXP 	fixation: autoDraw = False
11.4709 	EXP 	fixation: autoDraw = False
11.4709 	EXP 	Triplet1: image = 'images/OBJ_170.png'
11.4709 	EXP 	Triplet2: image = 'images/OBJ_4.png'
11.4709 	EXP 	Triplet3: image = 'images/OBJ_74.png'
11.4709 	EXP 	Triplet1: autoDraw = True
11.8387 	EXP 	Sound sound_pop reached end of file
12.9859 	EXP 	Triplet1: autoDraw = False
13.4696 	EXP 	Sound sound_pop2 started
13.4691 	EXP 	Triplet2: autoDraw = True
13.6862 	DATA 	Keypress: escape
13.8298 	EXP 	Sound sound_pop2 reached end of file
15.6400 	EXP 	window1: mouseVisible = True
15.6401 	EXP 	window1: mouseVisible = True
15.6401 	EXP 	window1: mouseVisible = True
15.6402 	EXP 	window1: mouseVisible = True
15.6402 	EXP 	window1: mouseVisible = True
15.6402 	EXP 	window1: mouseVisible = True
15.6403 	EXP 	window1: mouseVisible = True
15.6403 	EXP 	window1: mouseVisible = True
15.6403 	EXP 	window1: mouseVisible = True
15.6404 	EXP 	window1: mouseVisible = True
15.6404 	EXP 	window1: mouseVisible = True
15.6404 	EXP 	window1: mouseVisible = True
15.6405 	EXP 	window1: mouseVisible = True
15.6405 	EXP 	window1: mouseVisible = True
15.6405 	EXP 	window1: mouseVisible = True
15.6406 	EXP 	window1: mouseVisible = True
15.6406 	EXP 	window1: mouseVisible = True
15.6406 	EXP 	window1: mouseVisible = True
15.6407 	EXP 	window1: mouseVisible = True
15.6407 	EXP 	window1: mouseVisible = True
15.6407 	EXP 	window1: mouseVisible = True
15.6408 	EXP 	window1: mouseVisible = True
15.6408 	EXP 	window1: mouseVisible = True
15.6408 	EXP 	window1: mouseVisible = True
15.6409 	EXP 	window1: mouseVisible = True
15.6409 	EXP 	window1: mouseVisible = True
15.6409 	EXP 	window1: mouseVisible = True
15.6410 	EXP 	window1: mouseVisible = True
15.6410 	EXP 	window1: mouseVisible = True
15.6410 	EXP 	window1: mouseVisible = True
15.6411 	EXP 	window1: mouseVisible = True
15.6411 	EXP 	window1: mouseVisible = True
15.6411 	EXP 	window1: mouseVisible = True
15.6411 	EXP 	window1: mouseVisible = True
15.6412 	EXP 	window1: mouseVisible = True
15.6412 	EXP 	window1: mouseVisible = True
15.6412 	EXP 	window1: mouseVisible = True
15.6413 	EXP 	window1: mouseVisible = True
15.6413 	EXP 	window1: mouseVisible = True
15.6413 	EXP 	window1: mouseVisible = True
15.6414 	EXP 	window1: mouseVisible = True
15.6414 	EXP 	window1: mouseVisible = True
15.6414 	EXP 	window1: mouseVisible = True
15.6415 	EXP 	window1: mouseVisible = True
15.6415 	EXP 	window1: mouseVisible = True
15.6415 	EXP 	window1: mouseVisible = True
15.6416 	EXP 	window1: mouseVisible = True
15.6416 	EXP 	window1: mouseVisible = True
15.6416 	EXP 	window1: mouseVisible = True
15.6417 	EXP 	window1: mouseVisible = True
15.6417 	EXP 	window1: mouseVisible = True
15.6417 	EXP 	window1: mouseVisible = True
15.6418 	EXP 	window1: mouseVisible = True
15.6418 	EXP 	window1: mouseVisible = True
15.6418 	EXP 	window1: mouseVisible = True
15.6418 	EXP 	window1: mouseVisible = True
15.6419 	EXP 	window1: mouseVisible = True
15.6419 	EXP 	window1: mouseVisible = True
15.6419 	EXP 	window1: mouseVisible = True
15.6420 	EXP 	window1: mouseVisible = True
15.6420 	EXP 	window1: mouseVisible = True
15.6420 	EXP 	window1: mouseVisible = True
15.6421 	EXP 	window1: mouseVisible = True
15.6421 	EXP 	window1: mouseVisible = True
15.6421 	EXP 	window1: mouseVisible = True
15.6422 	EXP 	window1: mouseVisible = True
15.6422 	EXP 	window1: mouseVisible = True
15.6422 	EXP 	window1: mouseVisible = True
15.6423 	EXP 	window1: mouseVisible = True
15.6423 	EXP 	window1: mouseVisible = True
15.6423 	EXP 	window1: mouseVisible = True
15.6423 	EXP 	window1: mouseVisible = True
15.6424 	EXP 	window1: mouseVisible = True
15.6424 	EXP 	window1: mouseVisible = True
15.6424 	EXP 	window1: mouseVisible = True
15.6425 	EXP 	window1: mouseVisible = True
15.6425 	EXP 	window1: mouseVisible = True
15.6425 	EXP 	window1: mouseVisible = True
15.6426 	EXP 	window1: mouseVisible = True
15.6426 	EXP 	window1: mouseVisible = True
15.6426 	EXP 	window1: mouseVisible = True
15.6426 	EXP 	window1: mouseVisible = True
15.6427 	EXP 	window1: mouseVisible = True
15.6427 	EXP 	window1: mouseVisible = True
15.6427 	EXP 	window1: mouseVisible = True
15.6428 	EXP 	window1: mouseVisible = True
15.6428 	EXP 	window1: mouseVisible = True
15.6429 	EXP 	window1: mouseVisible = True
15.6429 	EXP 	window1: mouseVisible = True
15.6429 	EXP 	window1: mouseVisible = True
15.6430 	EXP 	window1: mouseVisible = True
15.6430 	EXP 	window1: mouseVisible = True
15.6430 	EXP 	window1: mouseVisible = True
15.6430 	EXP 	window1: mouseVisible = True
15.6431 	EXP 	window1: mouseVisible = True
15.6431 	EXP 	window1: mouseVisible = True
15.6432 	EXP 	window1: mouseVisible = True
15.6432 	EXP 	window1: mouseVisible = True
15.6432 	EXP 	window1: mouseVisible = True
15.6433 	EXP 	window1: mouseVisible = True
15.6433 	EXP 	window1: mouseVisible = True
15.6433 	EXP 	window1: mouseVisible = True
15.6433 	EXP 	window1: mouseVisible = True
15.6434 	EXP 	window1: mouseVisible = True
15.6434 	EXP 	window1: mouseVisible = True
15.6434 	EXP 	window1: mouseVisible = True
15.6435 	EXP 	window1: mouseVisible = True
15.6435 	EXP 	window1: mouseVisible = True
15.6435 	EXP 	window1: mouseVisible = True
15.6435 	EXP 	window1: mouseVisible = True
15.6436 	EXP 	window1: mouseVisible = True
15.6436 	EXP 	window1: mouseVisible = True
15.6436 	EXP 	window1: mouseVisible = True
15.6437 	EXP 	window1: mouseVisible = True
15.6437 	EXP 	window1: mouseVisible = True
15.6437 	EXP 	window1: mouseVisible = True
15.6437 	EXP 	window1: mouseVisible = True
15.6438 	EXP 	window1: mouseVisible = True
15.6438 	EXP 	window1: mouseVisible = True
15.6438 	EXP 	window1: mouseVisible = True
15.6439 	EXP 	window1: mouseVisible = True
15.6439 	EXP 	window1: mouseVisible = True
15.6439 	EXP 	window1: mouseVisible = True
15.6440 	EXP 	window1: mouseVisible = True
15.6440 	EXP 	window1: mouseVisible = True
15.6440 	EXP 	window1: mouseVisible = True
15.6440 	EXP 	window1: mouseVisible = True
15.6441 	EXP 	window1: mouseVisible = True
15.6441 	EXP 	window1: mouseVisible = True
15.6441 	EXP 	window1: mouseVisible = True
15.6442 	EXP 	window1: mouseVisible = True
15.6442 	EXP 	window1: mouseVisible = True
15.6442 	EXP 	window1: mouseVisible = True
15.6442 	EXP 	window1: mouseVisible = True
15.6443 	EXP 	window1: mouseVisible = True
15.6443 	EXP 	window1: mouseVisible = True
15.6443 	EXP 	window1: mouseVisible = True
15.6444 	EXP 	window1: mouseVisible = True
15.6444 	EXP 	window1: mouseVisible = True
15.6444 	EXP 	window1: mouseVisible = True
15.6444 	EXP 	window1: mouseVisible = True
15.6445 	EXP 	window1: mouseVisible = True
15.6445 	EXP 	window1: mouseVisible = True
15.6445 	EXP 	window1: mouseVisible = True
15.6446 	EXP 	window1: mouseVisible = True
15.6446 	EXP 	window1: mouseVisible = True
15.6446 	EXP 	window1: mouseVisible = True
15.6447 	EXP 	window1: mouseVisible = True
15.6447 	EXP 	window1: mouseVisible = True
15.6447 	EXP 	window1: mouseVisible = True
15.6447 	EXP 	window1: mouseVisible = True
15.6448 	EXP 	window1: mouseVisible = True
15.6448 	EXP 	window1: mouseVisible = True
15.6448 	EXP 	window1: mouseVisible = True
15.6449 	EXP 	window1: mouseVisible = True
15.6449 	EXP 	window1: mouseVisible = True
15.6449 	EXP 	window1: mouseVisible = True
15.6449 	EXP 	window1: mouseVisible = True
15.6450 	EXP 	window1: mouseVisible = True
15.6450 	EXP 	window1: mouseVisible = True
15.6450 	EXP 	window1: mouseVisible = True
15.6451 	EXP 	window1: mouseVisible = True
15.6451 	EXP 	window1: mouseVisible = True
15.6451 	EXP 	window1: mouseVisible = True
15.6451 	EXP 	window1: mouseVisible = True
15.6452 	EXP 	window1: mouseVisible = True
15.6452 	EXP 	window1: mouseVisible = True
15.6452 	EXP 	window1: mouseVisible = True
15.6453 	EXP 	window1: mouseVisible = True
15.6453 	EXP 	window1: mouseVisible = True
15.6453 	EXP 	window1: mouseVisible = True
15.6454 	EXP 	window1: mouseVisible = True
15.6454 	EXP 	window1: mouseVisible = True
15.6454 	EXP 	window1: mouseVisible = True
15.6454 	EXP 	window1: mouseVisible = True
15.6455 	EXP 	window1: mouseVisible = True
15.6455 	EXP 	window1: mouseVisible = True
15.6455 	EXP 	window1: mouseVisible = True
15.6456 	EXP 	window1: mouseVisible = True
15.6456 	EXP 	window1: mouseVisible = True
15.6456 	EXP 	window1: mouseVisible = True
15.6456 	EXP 	window1: mouseVisible = True
15.6457 	EXP 	window1: mouseVisible = True
15.6457 	EXP 	window1: mouseVisible = True
15.6457 	EXP 	window1: mouseVisible = True
15.6458 	EXP 	window1: mouseVisible = True
15.6458 	EXP 	window1: mouseVisible = True
15.6458 	EXP 	window1: mouseVisible = True
15.6458 	EXP 	window1: mouseVisible = True
15.6459 	EXP 	window1: mouseVisible = True
15.6459 	EXP 	window1: mouseVisible = True
15.6459 	EXP 	window1: mouseVisible = True
15.6460 	EXP 	window1: mouseVisible = True
15.6460 	EXP 	window1: mouseVisible = True
15.6460 	EXP 	window1: mouseVisible = True
15.6460 	EXP 	window1: mouseVisible = True
15.6461 	EXP 	window1: mouseVisible = True
15.6461 	EXP 	window1: mouseVisible = True
15.6461 	EXP 	window1: mouseVisible = True
15.6462 	EXP 	window1: mouseVisible = True
15.6462 	EXP 	window1: mouseVisible = True
15.6462 	EXP 	window1: mouseVisible = True
15.6463 	EXP 	window1: mouseVisible = True
15.6463 	EXP 	window1: mouseVisible = True
15.6463 	EXP 	window1: mouseVisible = True
15.6463 	EXP 	window1: mouseVisible = True
15.6464 	EXP 	window1: mouseVisible = True
15.6464 	EXP 	window1: mouseVisible = True
15.6464 	EXP 	window1: mouseVisible = True
15.6465 	EXP 	window1: mouseVisible = True
15.6465 	EXP 	window1: mouseVisible = True
15.6465 	EXP 	window1: mouseVisible = True
15.6465 	EXP 	window1: mouseVisible = True
15.6466 	EXP 	window1: mouseVisible = True
15.6466 	EXP 	window1: mouseVisible = True
15.6466 	EXP 	window1: mouseVisible = True
15.6467 	EXP 	window1: mouseVisible = True
15.6467 	EXP 	window1: mouseVisible = True
15.6467 	EXP 	window1: mouseVisible = True
15.6467 	EXP 	window1: mouseVisible = True
15.6468 	EXP 	window1: mouseVisible = True
15.6468 	EXP 	window1: mouseVisible = True
15.6468 	EXP 	window1: mouseVisible = True
15.6469 	EXP 	window1: mouseVisible = True
15.6469 	EXP 	window1: mouseVisible = True
15.6469 	EXP 	window1: mouseVisible = True
15.6469 	EXP 	window1: mouseVisible = True
15.6470 	EXP 	window1: mouseVisible = True
15.6470 	EXP 	window1: mouseVisible = True
15.6470 	EXP 	window1: mouseVisible = True
15.6471 	EXP 	window1: mouseVisible = True
15.6471 	EXP 	window1: mouseVisible = True
15.6471 	EXP 	window1: mouseVisible = True
15.6472 	EXP 	window1: mouseVisible = True
15.6472 	EXP 	window1: mouseVisible = True
15.6472 	EXP 	window1: mouseVisible = True
15.6472 	EXP 	window1: mouseVisible = True
15.6473 	EXP 	window1: mouseVisible = True
15.6473 	EXP 	window1: mouseVisible = True
15.6473 	EXP 	window1: mouseVisible = True
15.6474 	EXP 	window1: mouseVisible = True
15.6474 	EXP 	window1: mouseVisible = True
15.6474 	EXP 	window1: mouseVisible = True
15.6475 	EXP 	window1: mouseVisible = True
15.6475 	EXP 	window1: mouseVisible = True
15.6476 	EXP 	window1: mouseVisible = True
15.6476 	EXP 	window1: mouseVisible = True
15.6476 	EXP 	window1: mouseVisible = True
15.6476 	EXP 	window1: mouseVisible = True
15.6477 	EXP 	window1: mouseVisible = True
15.6477 	EXP 	window1: mouseVisible = True
15.6477 	EXP 	window1: mouseVisible = True
15.6478 	EXP 	window1: mouseVisible = True
15.6478 	EXP 	window1: mouseVisible = True
15.6478 	EXP 	window1: mouseVisible = True
15.6478 	EXP 	window1: mouseVisible = True
15.6479 	EXP 	window1: mouseVisible = True
15.6479 	EXP 	window1: mouseVisible = True
15.6479 	EXP 	window1: mouseVisible = True
15.6480 	EXP 	window1: mouseVisible = True
15.6480 	EXP 	window1: mouseVisible = True
15.6480 	EXP 	window1: mouseVisible = True
15.6481 	EXP 	window1: mouseVisible = True
15.6481 	EXP 	window1: mouseVisible = True
15.6481 	EXP 	window1: mouseVisible = True
15.6482 	EXP 	window1: mouseVisible = True
15.6482 	EXP 	window1: mouseVisible = True
15.6482 	EXP 	window1: mouseVisible = True
15.6482 	EXP 	window1: mouseVisible = True
15.6483 	EXP 	window1: mouseVisible = True
15.6483 	EXP 	window1: mouseVisible = True
15.6483 	EXP 	window1: mouseVisible = True
15.6484 	EXP 	window1: mouseVisible = True
15.6484 	EXP 	window1: mouseVisible = True
15.6484 	EXP 	window1: mouseVisible = True
15.6484 	EXP 	window1: mouseVisible = True
15.6485 	EXP 	window1: mouseVisible = True
15.6485 	EXP 	window1: mouseVisible = True
15.6485 	EXP 	window1: mouseVisible = True
15.6486 	EXP 	window1: mouseVisible = True
15.6486 	EXP 	window1: mouseVisible = True
15.6486 	EXP 	window1: mouseVisible = True
15.6487 	EXP 	window1: mouseVisible = True
15.6487 	EXP 	window1: mouseVisible = True
15.6487 	EXP 	window1: mouseVisible = True
15.6487 	EXP 	window1: mouseVisible = True
15.6488 	EXP 	window1: mouseVisible = True
15.6488 	EXP 	window1: mouseVisible = True
15.6488 	EXP 	window1: mouseVisible = True
15.6489 	EXP 	window1: mouseVisible = True
15.6489 	EXP 	window1: mouseVisible = True
15.6489 	EXP 	window1: mouseVisible = True
15.6489 	EXP 	window1: mouseVisible = True
15.6490 	EXP 	window1: mouseVisible = True
15.6490 	EXP 	window1: mouseVisible = True
15.6490 	EXP 	window1: mouseVisible = True
15.6491 	EXP 	window1: mouseVisible = True
15.6491 	EXP 	window1: mouseVisible = True
15.6491 	EXP 	window1: mouseVisible = True
15.6492 	EXP 	window1: mouseVisible = True
15.6492 	EXP 	window1: mouseVisible = True
15.6492 	EXP 	window1: mouseVisible = True
15.6492 	EXP 	window1: mouseVisible = True
15.6493 	EXP 	window1: mouseVisible = True
15.6493 	EXP 	window1: mouseVisible = True
15.6493 	EXP 	window1: mouseVisible = True
15.6494 	EXP 	window1: mouseVisible = True
15.6494 	EXP 	window1: mouseVisible = True
15.6494 	EXP 	window1: mouseVisible = True
15.6495 	EXP 	window1: mouseVisible = True
15.6495 	EXP 	window1: mouseVisible = True
15.6495 	EXP 	window1: mouseVisible = True
15.6496 	EXP 	window1: mouseVisible = True
15.6496 	EXP 	window1: mouseVisible = True
15.6496 	EXP 	window1: mouseVisible = True
15.6496 	EXP 	window1: mouseVisible = True
15.6497 	EXP 	window1: mouseVisible = True
15.6497 	EXP 	window1: mouseVisible = True
15.6497 	EXP 	window1: mouseVisible = True
15.6498 	EXP 	window1: mouseVisible = True
15.6498 	EXP 	window1: mouseVisible = True
15.6498 	EXP 	window1: mouseVisible = True
15.6498 	EXP 	window1: mouseVisible = True
15.6499 	EXP 	window1: mouseVisible = True
15.6499 	EXP 	window1: mouseVisible = True
15.6499 	EXP 	window1: mouseVisible = True
15.6500 	EXP 	window1: mouseVisible = True
15.6500 	EXP 	window1: mouseVisible = True
15.6500 	EXP 	window1: mouseVisible = True
15.6501 	EXP 	window1: mouseVisible = True
15.6501 	EXP 	window1: mouseVisible = True
15.6501 	EXP 	window1: mouseVisible = True
15.6501 	EXP 	window1: mouseVisible = True
15.6502 	EXP 	window1: mouseVisible = True
15.6502 	EXP 	window1: mouseVisible = True
15.6502 	EXP 	window1: mouseVisible = True
15.6503 	EXP 	window1: mouseVisible = True
15.6503 	EXP 	window1: mouseVisible = True
15.6503 	EXP 	window1: mouseVisible = True
15.6504 	EXP 	window1: mouseVisible = True
15.6504 	EXP 	window1: mouseVisible = True
15.6504 	EXP 	window1: mouseVisible = True
15.6504 	EXP 	window1: mouseVisible = True
15.6505 	EXP 	window1: mouseVisible = True
15.6505 	EXP 	window1: mouseVisible = True
15.6505 	EXP 	window1: mouseVisible = True
15.6506 	EXP 	window1: mouseVisible = True
15.6506 	EXP 	window1: mouseVisible = True
15.6506 	EXP 	window1: mouseVisible = True
15.6507 	EXP 	window1: mouseVisible = True
15.6507 	EXP 	window1: mouseVisible = True
15.6507 	EXP 	window1: mouseVisible = True
15.6507 	EXP 	window1: mouseVisible = True
15.6508 	EXP 	window1: mouseVisible = True
15.6508 	EXP 	window1: mouseVisible = True
15.6508 	EXP 	window1: mouseVisible = True
15.6509 	EXP 	window1: mouseVisible = True
15.6509 	EXP 	window1: mouseVisible = True
15.6509 	EXP 	window1: mouseVisible = True
15.6510 	EXP 	window1: mouseVisible = True
15.6510 	EXP 	window1: mouseVisible = True
15.6510 	EXP 	window1: mouseVisible = True
15.6510 	EXP 	window1: mouseVisible = True
15.6511 	EXP 	window1: mouseVisible = True
15.6511 	EXP 	window1: mouseVisible = True
15.6511 	EXP 	window1: mouseVisible = True
15.6512 	EXP 	window1: mouseVisible = True
15.6512 	EXP 	window1: mouseVisible = True
15.6512 	EXP 	window1: mouseVisible = True
15.6512 	EXP 	window1: mouseVisible = True
15.6513 	EXP 	window1: mouseVisible = True
15.6513 	EXP 	window1: mouseVisible = True
15.6513 	EXP 	window1: mouseVisible = True
15.6514 	EXP 	window1: mouseVisible = True
15.6514 	EXP 	window1: mouseVisible = True
15.6514 	EXP 	window1: mouseVisible = True
15.6515 	EXP 	window1: mouseVisible = True
15.6515 	EXP 	window1: mouseVisible = True
15.6515 	EXP 	window1: mouseVisible = True
15.6515 	EXP 	window1: mouseVisible = True
15.6516 	EXP 	window1: mouseVisible = True
15.6516 	EXP 	window1: mouseVisible = True
15.6516 	EXP 	window1: mouseVisible = True
15.6517 	EXP 	window1: mouseVisible = True
15.6517 	EXP 	window1: mouseVisible = True
15.6517 	EXP 	window1: mouseVisible = True
15.6518 	EXP 	window1: mouseVisible = True
15.6518 	EXP 	window1: mouseVisible = True
15.6518 	EXP 	window1: mouseVisible = True
15.6518 	EXP 	window1: mouseVisible = True
15.6519 	EXP 	window1: mouseVisible = True
15.6519 	EXP 	window1: mouseVisible = True
15.6519 	EXP 	window1: mouseVisible = True
15.6520 	EXP 	window1: mouseVisible = True
15.6520 	EXP 	window1: mouseVisible = True
15.6520 	EXP 	window1: mouseVisible = True
15.6520 	EXP 	window1: mouseVisible = True
15.6521 	EXP 	window1: mouseVisible = True
15.6521 	EXP 	window1: mouseVisible = True
15.6522 	EXP 	window1: mouseVisible = True
15.6522 	EXP 	window1: mouseVisible = True
15.6522 	EXP 	window1: mouseVisible = True
15.6523 	EXP 	window1: mouseVisible = True
15.6523 	EXP 	window1: mouseVisible = True
15.6523 	EXP 	window1: mouseVisible = True
15.6523 	EXP 	window1: mouseVisible = True
15.6524 	EXP 	window1: mouseVisible = True
15.6524 	EXP 	window1: mouseVisible = True
15.6524 	EXP 	window1: mouseVisible = True
15.6525 	EXP 	window1: mouseVisible = True
15.6525 	EXP 	window1: mouseVisible = True
15.6525 	EXP 	window1: mouseVisible = True
15.6526 	EXP 	window1: mouseVisible = True
15.6526 	EXP 	window1: mouseVisible = True
15.6526 	EXP 	window1: mouseVisible = True
15.6526 	EXP 	window1: mouseVisible = True
15.6527 	EXP 	window1: mouseVisible = True
15.6527 	EXP 	window1: mouseVisible = True
15.6527 	EXP 	window1: mouseVisible = True
15.6528 	EXP 	window1: mouseVisible = True
15.6528 	EXP 	window1: mouseVisible = True
15.6528 	EXP 	window1: mouseVisible = True
15.6529 	EXP 	window1: mouseVisible = True
15.6529 	EXP 	window1: mouseVisible = True
15.6529 	EXP 	window1: mouseVisible = True
15.6530 	EXP 	window1: mouseVisible = True
15.6530 	EXP 	window1: mouseVisible = True
15.6530 	EXP 	window1: mouseVisible = True
15.6531 	EXP 	window1: mouseVisible = True
15.6531 	EXP 	window1: mouseVisible = True
15.6531 	EXP 	window1: mouseVisible = True
15.6531 	EXP 	window1: mouseVisible = True
15.6532 	EXP 	window1: mouseVisible = True
15.6532 	EXP 	window1: mouseVisible = True
15.6532 	EXP 	window1: mouseVisible = True
15.6533 	EXP 	window1: mouseVisible = True
15.6533 	EXP 	window1: mouseVisible = True
15.6533 	EXP 	window1: mouseVisible = True
15.6534 	EXP 	window1: mouseVisible = True
15.6534 	EXP 	window1: mouseVisible = True
15.6534 	EXP 	window1: mouseVisible = True
15.6534 	EXP 	window1: mouseVisible = True
15.6535 	EXP 	window1: mouseVisible = True
15.6535 	EXP 	window1: mouseVisible = True
15.6535 	EXP 	window1: mouseVisible = True
15.6536 	EXP 	window1: mouseVisible = True
15.6536 	EXP 	window1: mouseVisible = True
15.6536 	EXP 	window1: mouseVisible = True
15.6537 	EXP 	window1: mouseVisible = True
15.6537 	EXP 	window1: mouseVisible = True
15.6537 	EXP 	window1: mouseVisible = True
15.6537 	EXP 	window1: mouseVisible = True
15.6538 	EXP 	window1: mouseVisible = True
15.6538 	EXP 	window1: mouseVisible = True
15.6538 	EXP 	window1: mouseVisible = True
15.6539 	EXP 	window1: mouseVisible = True
15.6539 	EXP 	window1: mouseVisible = True
15.6539 	EXP 	window1: mouseVisible = True
15.6540 	EXP 	window1: mouseVisible = True
15.6540 	EXP 	window1: mouseVisible = True
15.6540 	EXP 	window1: mouseVisible = True
15.6540 	EXP 	window1: mouseVisible = True
15.6541 	EXP 	window1: mouseVisible = True
15.6541 	EXP 	window1: mouseVisible = True
15.6541 	EXP 	window1: mouseVisible = True
15.6542 	EXP 	window1: mouseVisible = True
15.6542 	EXP 	window1: mouseVisible = True
15.6542 	EXP 	window1: mouseVisible = True
15.6543 	EXP 	window1: mouseVisible = True
15.6543 	EXP 	window1: mouseVisible = True
15.6543 	EXP 	window1: mouseVisible = True
15.6543 	EXP 	window1: mouseVisible = True
15.6544 	EXP 	window1: mouseVisible = True
15.6544 	EXP 	window1: mouseVisible = True
15.6544 	EXP 	window1: mouseVisible = True
15.6545 	EXP 	window1: mouseVisible = True
15.6545 	EXP 	window1: mouseVisible = True
15.6545 	EXP 	window1: mouseVisible = True
15.6546 	EXP 	window1: mouseVisible = True
15.6546 	EXP 	window1: mouseVisible = True
15.6546 	EXP 	window1: mouseVisible = True
15.6546 	EXP 	window1: mouseVisible = True
15.6547 	EXP 	window1: mouseVisible = True
15.6547 	EXP 	window1: mouseVisible = True
15.6547 	EXP 	window1: mouseVisible = True
15.6548 	EXP 	window1: mouseVisible = True
15.6548 	EXP 	window1: mouseVisible = True
15.6548 	EXP 	window1: mouseVisible = True
15.6549 	EXP 	window1: mouseVisible = True
15.6549 	EXP 	window1: mouseVisible = True
15.6549 	EXP 	window1: mouseVisible = True
15.6549 	EXP 	window1: mouseVisible = True
15.6550 	EXP 	window1: mouseVisible = True
15.6550 	EXP 	window1: mouseVisible = True
15.6550 	EXP 	window1: mouseVisible = True
15.6551 	EXP 	window1: mouseVisible = True
15.6551 	EXP 	window1: mouseVisible = True
15.6551 	EXP 	window1: mouseVisible = True
15.6551 	EXP 	window1: mouseVisible = True
15.6552 	EXP 	window1: mouseVisible = True
15.6552 	EXP 	window1: mouseVisible = True
15.6552 	EXP 	window1: mouseVisible = True
15.6553 	EXP 	window1: mouseVisible = True
15.6553 	EXP 	window1: mouseVisible = True
15.6553 	EXP 	window1: mouseVisible = True
15.6554 	EXP 	window1: mouseVisible = True
15.6554 	EXP 	window1: mouseVisible = True
15.6554 	EXP 	window1: mouseVisible = True
15.6554 	EXP 	window1: mouseVisible = True
15.6555 	EXP 	window1: mouseVisible = True
15.6555 	EXP 	window1: mouseVisible = True
15.6555 	EXP 	window1: mouseVisible = True
15.6556 	EXP 	window1: mouseVisible = True
15.6556 	EXP 	window1: mouseVisible = True
15.6556 	EXP 	window1: mouseVisible = True
15.6557 	EXP 	window1: mouseVisible = True
15.6557 	EXP 	window1: mouseVisible = True
15.6557 	EXP 	window1: mouseVisible = True
15.6557 	EXP 	window1: mouseVisible = True
15.6558 	EXP 	window1: mouseVisible = True
15.6558 	EXP 	window1: mouseVisible = True
15.6558 	EXP 	window1: mouseVisible = True
15.6559 	EXP 	window1: mouseVisible = True
15.6559 	EXP 	window1: mouseVisible = True
15.6559 	EXP 	window1: mouseVisible = True
15.6559 	EXP 	window1: mouseVisible = True
15.6560 	EXP 	window1: mouseVisible = True
15.6560 	EXP 	window1: mouseVisible = True
15.6560 	EXP 	window1: mouseVisible = True
15.6561 	EXP 	window1: mouseVisible = True
15.6561 	EXP 	window1: mouseVisible = True
15.6561 	EXP 	window1: mouseVisible = True
15.6562 	EXP 	window1: mouseVisible = True
15.6562 	EXP 	window1: mouseVisible = True
15.6562 	EXP 	window1: mouseVisible = True
15.6562 	EXP 	window1: mouseVisible = True
15.6563 	EXP 	window1: mouseVisible = True
15.6563 	EXP 	window1: mouseVisible = True
15.6563 	EXP 	window1: mouseVisible = True
15.6564 	EXP 	window1: mouseVisible = True
15.6564 	EXP 	window1: mouseVisible = True
15.6564 	EXP 	window1: mouseVisible = True
15.6565 	EXP 	window1: mouseVisible = True
15.6565 	EXP 	window1: mouseVisible = True
15.6565 	EXP 	window1: mouseVisible = True
15.6565 	EXP 	window1: mouseVisible = True
15.6566 	EXP 	window1: mouseVisible = True
15.6566 	EXP 	window1: mouseVisible = True
15.6566 	EXP 	window1: mouseVisible = True
15.6567 	EXP 	window1: mouseVisible = True
15.6567 	EXP 	window1: mouseVisible = True
15.6567 	EXP 	window1: mouseVisible = True
15.6567 	EXP 	window1: mouseVisible = True
15.6568 	EXP 	window1: mouseVisible = True
15.6568 	EXP 	window1: mouseVisible = True
15.6569 	EXP 	window1: mouseVisible = True
15.6569 	EXP 	window1: mouseVisible = True
15.6569 	EXP 	window1: mouseVisible = True
15.6570 	EXP 	window1: mouseVisible = True
15.6570 	EXP 	window1: mouseVisible = True
15.6570 	EXP 	window1: mouseVisible = True
15.6570 	EXP 	window1: mouseVisible = True
15.6571 	EXP 	window1: mouseVisible = True
15.6571 	EXP 	window1: mouseVisible = True
15.6571 	EXP 	window1: mouseVisible = True
15.6572 	EXP 	window1: mouseVisible = True
15.6572 	EXP 	window1: mouseVisible = True
15.6572 	EXP 	window1: mouseVisible = True
15.6573 	EXP 	window1: mouseVisible = True
15.6573 	EXP 	window1: mouseVisible = True
15.6573 	EXP 	window1: mouseVisible = True
15.6573 	EXP 	window1: mouseVisible = True
15.6574 	EXP 	window1: mouseVisible = True
15.6574 	EXP 	window1: mouseVisible = True
15.6574 	EXP 	window1: mouseVisible = True
15.6575 	EXP 	window1: mouseVisible = True
15.6575 	EXP 	window1: mouseVisible = True
15.6575 	EXP 	window1: mouseVisible = True
15.6576 	EXP 	window1: mouseVisible = True
15.6576 	EXP 	window1: mouseVisible = True
15.6576 	EXP 	window1: mouseVisible = True
15.6576 	EXP 	window1: mouseVisible = True
15.6577 	EXP 	window1: mouseVisible = True
15.6577 	EXP 	window1: mouseVisible = True
15.6577 	EXP 	window1: mouseVisible = True
15.6578 	EXP 	window1: mouseVisible = True
15.6578 	EXP 	window1: mouseVisible = True
15.6578 	EXP 	window1: mouseVisible = True
15.6578 	EXP 	window1: mouseVisible = True
15.6579 	EXP 	window1: mouseVisible = True
15.6579 	EXP 	window1: mouseVisible = True
15.6579 	EXP 	window1: mouseVisible = True
15.6580 	EXP 	window1: mouseVisible = True
15.6580 	EXP 	window1: mouseVisible = True
15.6580 	EXP 	window1: mouseVisible = True
15.6581 	EXP 	window1: mouseVisible = True
15.6581 	EXP 	window1: mouseVisible = True
15.6581 	EXP 	window1: mouseVisible = True
15.6581 	EXP 	window1: mouseVisible = True
15.6582 	EXP 	window1: mouseVisible = True
15.6582 	EXP 	window1: mouseVisible = True
15.6582 	EXP 	window1: mouseVisible = True
15.6583 	EXP 	window1: mouseVisible = True
15.6583 	EXP 	window1: mouseVisible = True
15.6583 	EXP 	window1: mouseVisible = True
15.6584 	EXP 	window1: mouseVisible = True
15.6584 	EXP 	window1: mouseVisible = True
15.6584 	EXP 	window1: mouseVisible = True
15.6584 	EXP 	window1: mouseVisible = True
15.6585 	EXP 	window1: mouseVisible = True
15.6586 	EXP 	window1: mouseVisible = True
15.6587 	EXP 	window1: mouseVisible = True
15.6587 	EXP 	window1: mouseVisible = True
15.6588 	EXP 	window1: mouseVisible = True
15.6588 	EXP 	window1: mouseVisible = True
15.6589 	EXP 	window1: mouseVisible = True
15.6589 	EXP 	window1: mouseVisible = True
15.6590 	EXP 	window1: mouseVisible = True
15.6590 	EXP 	window1: mouseVisible = True
15.6590 	EXP 	window1: mouseVisible = True
15.6591 	EXP 	window1: mouseVisible = True
15.6591 	EXP 	window1: mouseVisible = True
15.6591 	EXP 	window1: mouseVisible = True
15.6592 	EXP 	window1: mouseVisible = True
15.6592 	EXP 	window1: mouseVisible = True
15.6592 	EXP 	window1: mouseVisible = True
15.6592 	EXP 	window1: mouseVisible = True
15.6593 	EXP 	window1: mouseVisible = True
15.6593 	EXP 	window1: mouseVisible = True
15.6593 	EXP 	window1: mouseVisible = True
15.6594 	EXP 	window1: mouseVisible = True
15.6594 	EXP 	window1: mouseVisible = True
15.6594 	EXP 	window1: mouseVisible = True
15.6594 	EXP 	window1: mouseVisible = True
15.6595 	EXP 	window1: mouseVisible = True
15.6595 	EXP 	window1: mouseVisible = True
15.6595 	EXP 	window1: mouseVisible = True
15.6596 	EXP 	window1: mouseVisible = True
15.6596 	EXP 	window1: mouseVisible = True
15.6596 	EXP 	window1: mouseVisible = True
15.6597 	EXP 	window1: mouseVisible = True
15.6597 	EXP 	window1: mouseVisible = True
15.6597 	EXP 	window1: mouseVisible = True
15.6597 	EXP 	window1: mouseVisible = True
15.6598 	EXP 	window1: mouseVisible = True
15.6598 	EXP 	window1: mouseVisible = True
15.6598 	EXP 	window1: mouseVisible = True
15.6599 	EXP 	window1: mouseVisible = True
15.6599 	EXP 	window1: mouseVisible = True
15.6599 	EXP 	window1: mouseVisible = True
15.6600 	EXP 	window1: mouseVisible = True
15.6600 	EXP 	window1: mouseVisible = True
15.6600 	EXP 	window1: mouseVisible = True
15.6600 	EXP 	window1: mouseVisible = True
15.6601 	EXP 	window1: mouseVisible = True
15.6601 	EXP 	window1: mouseVisible = True
15.6602 	EXP 	window1: mouseVisible = True
15.6602 	EXP 	window1: mouseVisible = True
15.6603 	EXP 	window1: mouseVisible = True
15.6603 	EXP 	window1: mouseVisible = True
15.6604 	EXP 	window1: mouseVisible = True
15.6604 	EXP 	window1: mouseVisible = True
15.6604 	EXP 	window1: mouseVisible = True
15.6605 	EXP 	window1: mouseVisible = True
15.6605 	EXP 	window1: mouseVisible = True
15.6606 	EXP 	window1: mouseVisible = True
15.6606 	EXP 	window1: mouseVisible = True
15.6606 	EXP 	window1: mouseVisible = True
15.6606 	EXP 	window1: mouseVisible = True
15.6607 	EXP 	window1: mouseVisible = True
15.6607 	EXP 	window1: mouseVisible = True
15.6607 	EXP 	window1: mouseVisible = True
15.6608 	EXP 	window1: mouseVisible = True
15.6608 	EXP 	window1: mouseVisible = True
15.6608 	EXP 	window1: mouseVisible = True
15.6609 	EXP 	window1: mouseVisible = True
15.6609 	EXP 	window1: mouseVisible = True
15.6609 	EXP 	window1: mouseVisible = True
15.6610 	EXP 	window1: mouseVisible = True
15.6610 	EXP 	window1: mouseVisible = True
15.6610 	EXP 	window1: mouseVisible = True
15.6611 	EXP 	window1: mouseVisible = True
15.6611 	EXP 	window1: mouseVisible = True
15.6611 	EXP 	window1: mouseVisible = True
15.6612 	EXP 	window1: mouseVisible = True
15.6612 	EXP 	window1: mouseVisible = True
15.6612 	EXP 	window1: mouseVisible = True
15.6613 	EXP 	window1: mouseVisible = True
15.6613 	EXP 	window1: mouseVisible = True
15.6613 	EXP 	window1: mouseVisible = True
15.6613 	EXP 	window1: mouseVisible = True
15.6614 	EXP 	window1: mouseVisible = True
15.6614 	EXP 	window1: mouseVisible = True
15.6614 	EXP 	window1: mouseVisible = True
15.6615 	EXP 	window1: mouseVisible = True
15.6615 	EXP 	window1: mouseVisible = True
15.6616 	EXP 	window1: mouseVisible = True
15.6617 	EXP 	window1: mouseVisible = True
15.6617 	EXP 	window1: mouseVisible = True
15.6617 	EXP 	window1: mouseVisible = True
15.6618 	EXP 	window1: mouseVisible = True
15.6618 	EXP 	window1: mouseVisible = True
15.6618 	EXP 	window1: mouseVisible = True
15.6619 	EXP 	window1: mouseVisible = True
15.6619 	EXP 	window1: mouseVisible = True
15.6619 	EXP 	window1: mouseVisible = True
15.6620 	EXP 	window1: mouseVisible = True
15.6620 	EXP 	window1: mouseVisible = True
15.6620 	EXP 	window1: mouseVisible = True
15.6621 	EXP 	window1: mouseVisible = True
15.6621 	EXP 	window1: mouseVisible = True
15.6622 	EXP 	window1: mouseVisible = True
15.6622 	EXP 	window1: mouseVisible = True
15.6622 	EXP 	window1: mouseVisible = True
15.6623 	EXP 	window1: mouseVisible = True
15.6623 	EXP 	window1: mouseVisible = True
15.6623 	EXP 	window1: mouseVisible = True
15.6624 	EXP 	window1: mouseVisible = True
15.6624 	EXP 	window1: mouseVisible = True
15.6624 	EXP 	window1: mouseVisible = True
15.6625 	EXP 	window1: mouseVisible = True
15.6625 	EXP 	window1: mouseVisible = True
15.6625 	EXP 	window1: mouseVisible = True
15.6626 	EXP 	window1: mouseVisible = True
15.6626 	EXP 	window1: mouseVisible = True
15.6626 	EXP 	window1: mouseVisible = True
15.6626 	EXP 	window1: mouseVisible = True
15.6627 	EXP 	window1: mouseVisible = True
15.6627 	EXP 	window1: mouseVisible = True
15.6627 	EXP 	window1: mouseVisible = True
15.6628 	EXP 	window1: mouseVisible = True
15.6628 	EXP 	window1: mouseVisible = True
15.6628 	EXP 	window1: mouseVisible = True
15.6629 	EXP 	window1: mouseVisible = True
15.6629 	EXP 	window1: mouseVisible = True
15.6629 	EXP 	window1: mouseVisible = True
15.6630 	EXP 	window1: mouseVisible = True
15.6630 	EXP 	window1: mouseVisible = True
15.6631 	EXP 	window1: mouseVisible = True
15.6631 	EXP 	window1: mouseVisible = True
15.6632 	EXP 	window1: mouseVisible = True
15.6632 	EXP 	window1: mouseVisible = True
15.6633 	EXP 	window1: mouseVisible = True
15.6633 	EXP 	window1: mouseVisible = True
15.6634 	EXP 	window1: mouseVisible = True
15.6634 	EXP 	window1: mouseVisible = True
15.6634 	EXP 	window1: mouseVisible = True
15.6635 	EXP 	window1: mouseVisible = True
15.6635 	EXP 	window1: mouseVisible = True
15.6635 	EXP 	window1: mouseVisible = True
15.6635 	EXP 	window1: mouseVisible = True
15.6636 	EXP 	window1: mouseVisible = True
15.6636 	EXP 	window1: mouseVisible = True
15.6636 	EXP 	window1: mouseVisible = True
15.6637 	EXP 	window1: mouseVisible = True
15.6637 	EXP 	window1: mouseVisible = True
15.6637 	EXP 	window1: mouseVisible = True
15.6638 	EXP 	window1: mouseVisible = True
15.6638 	EXP 	window1: mouseVisible = True
15.6638 	EXP 	window1: mouseVisible = True
15.6639 	EXP 	window1: mouseVisible = True
15.6639 	EXP 	window1: mouseVisible = True
15.6639 	EXP 	window1: mouseVisible = True
15.6640 	EXP 	window1: mouseVisible = True
15.6640 	EXP 	window1: mouseVisible = True
15.6640 	EXP 	window1: mouseVisible = True
15.6641 	EXP 	window1: mouseVisible = True
15.6641 	EXP 	window1: mouseVisible = True
15.6641 	EXP 	window1: mouseVisible = True
15.6641 	EXP 	window1: mouseVisible = True
15.6642 	EXP 	window1: mouseVisible = True
15.6642 	EXP 	window1: mouseVisible = True
15.6642 	EXP 	window1: mouseVisible = True
15.6643 	EXP 	window1: mouseVisible = True
15.6643 	EXP 	window1: mouseVisible = True
15.6643 	EXP 	window1: mouseVisible = True
15.6644 	EXP 	window1: mouseVisible = True
15.6644 	EXP 	window1: mouseVisible = True
15.6644 	EXP 	window1: mouseVisible = True
15.6645 	EXP 	window1: mouseVisible = True
15.6646 	EXP 	window1: mouseVisible = True
15.6646 	EXP 	window1: mouseVisible = True
15.6647 	EXP 	window1: mouseVisible = True
15.6647 	EXP 	window1: mouseVisible = True
15.6648 	EXP 	window1: mouseVisible = True
15.6648 	EXP 	window1: mouseVisible = True
15.6648 	EXP 	window1: mouseVisible = True
15.6649 	EXP 	window1: mouseVisible = True
15.6649 	EXP 	window1: mouseVisible = True
15.6649 	EXP 	window1: mouseVisible = True
15.6650 	EXP 	window1: mouseVisible = True
15.6650 	EXP 	window1: mouseVisible = True
15.6650 	EXP 	window1: mouseVisible = True
15.6651 	EXP 	window1: mouseVisible = True
15.6651 	EXP 	window1: mouseVisible = True
15.6651 	EXP 	window1: mouseVisible = True
15.6652 	EXP 	window1: mouseVisible = True
15.6652 	EXP 	window1: mouseVisible = True
15.6652 	EXP 	window1: mouseVisible = True
15.6652 	EXP 	window1: mouseVisible = True
15.6653 	EXP 	window1: mouseVisible = True
15.6653 	EXP 	window1: mouseVisible = True
15.6653 	EXP 	window1: mouseVisible = True
15.6654 	EXP 	window1: mouseVisible = True
15.6654 	EXP 	window1: mouseVisible = True
15.6654 	EXP 	window1: mouseVisible = True
15.6655 	EXP 	window1: mouseVisible = True
15.6655 	EXP 	window1: mouseVisible = True
15.6655 	EXP 	window1: mouseVisible = True
15.6655 	EXP 	window1: mouseVisible = True
15.6656 	EXP 	window1: mouseVisible = True
15.6656 	EXP 	window1: mouseVisible = True
15.6656 	EXP 	window1: mouseVisible = True
15.6657 	EXP 	window1: mouseVisible = True
15.6657 	EXP 	window1: mouseVisible = True
15.6657 	EXP 	window1: mouseVisible = True
15.6658 	EXP 	window1: mouseVisible = True
15.6658 	EXP 	window1: mouseVisible = True
15.6658 	EXP 	window1: mouseVisible = True
15.6658 	EXP 	window1: mouseVisible = True
15.6659 	EXP 	window1: mouseVisible = True
15.6659 	EXP 	window1: mouseVisible = True
15.6659 	EXP 	window1: mouseVisible = True
15.6660 	EXP 	window1: mouseVisible = True
15.6660 	EXP 	window1: mouseVisible = True
15.6660 	EXP 	window1: mouseVisible = True
15.6661 	EXP 	window1: mouseVisible = True
15.6661 	EXP 	window1: mouseVisible = True
15.6662 	EXP 	window1: mouseVisible = True
15.6662 	EXP 	window1: mouseVisible = True
15.6662 	EXP 	window1: mouseVisible = True
15.6662 	EXP 	window1: mouseVisible = True
15.6663 	EXP 	window1: mouseVisible = True
15.6663 	EXP 	window1: mouseVisible = True
15.6663 	EXP 	window1: mouseVisible = True
15.6664 	EXP 	window1: mouseVisible = True
15.6664 	EXP 	window1: mouseVisible = True
15.6664 	EXP 	window1: mouseVisible = True
15.6665 	EXP 	window1: mouseVisible = True
15.6665 	EXP 	window1: mouseVisible = True
15.6665 	EXP 	window1: mouseVisible = True
15.6666 	EXP 	window1: mouseVisible = True
15.6666 	EXP 	window1: mouseVisible = True
15.6666 	EXP 	window1: mouseVisible = True
15.6666 	EXP 	window1: mouseVisible = True
15.6667 	EXP 	window1: mouseVisible = True
15.6667 	EXP 	window1: mouseVisible = True
15.6667 	EXP 	window1: mouseVisible = True
15.6668 	EXP 	window1: mouseVisible = True
15.6668 	EXP 	window1: mouseVisible = True
15.6668 	EXP 	window1: mouseVisible = True
15.6669 	EXP 	window1: mouseVisible = True
15.6669 	EXP 	window1: mouseVisible = True
15.6669 	EXP 	window1: mouseVisible = True
15.6669 	EXP 	window1: mouseVisible = True
15.6670 	EXP 	window1: mouseVisible = True
15.6670 	EXP 	window1: mouseVisible = True
15.6670 	EXP 	window1: mouseVisible = True
15.6671 	EXP 	window1: mouseVisible = True
15.6671 	EXP 	window1: mouseVisible = True
15.6671 	EXP 	window1: mouseVisible = True
15.6672 	EXP 	window1: mouseVisible = True
15.6672 	EXP 	window1: mouseVisible = True
15.6672 	EXP 	window1: mouseVisible = True
15.6672 	EXP 	window1: mouseVisible = True
15.6673 	EXP 	window1: mouseVisible = True
15.6673 	EXP 	window1: mouseVisible = True
15.6674 	EXP 	window1: mouseVisible = True
15.6674 	EXP 	window1: mouseVisible = True
15.6674 	EXP 	window1: mouseVisible = True
15.6675 	EXP 	window1: mouseVisible = True
15.6675 	EXP 	window1: mouseVisible = True
15.6675 	EXP 	window1: mouseVisible = True
15.6675 	EXP 	window1: mouseVisible = True
15.6676 	EXP 	window1: mouseVisible = True
15.6676 	EXP 	window1: mouseVisible = True
15.6676 	EXP 	window1: mouseVisible = True
15.6677 	EXP 	window1: mouseVisible = True
15.6677 	EXP 	window1: mouseVisible = True
15.6677 	EXP 	window1: mouseVisible = True
15.6678 	EXP 	window1: mouseVisible = True
15.6678 	EXP 	window1: mouseVisible = True
15.6678 	EXP 	window1: mouseVisible = True
15.6678 	EXP 	window1: mouseVisible = True
15.6679 	EXP 	window1: mouseVisible = True
15.6679 	EXP 	window1: mouseVisible = True
15.6679 	EXP 	window1: mouseVisible = True
15.6680 	EXP 	window1: mouseVisible = True
15.6680 	EXP 	window1: mouseVisible = True
15.6680 	EXP 	window1: mouseVisible = True
15.6680 	EXP 	window1: mouseVisible = True
15.6681 	EXP 	window1: mouseVisible = True
15.6681 	EXP 	window1: mouseVisible = True
15.6681 	EXP 	window1: mouseVisible = True
15.6682 	EXP 	window1: mouseVisible = True
15.6682 	EXP 	window1: mouseVisible = True
15.6682 	EXP 	window1: mouseVisible = True
15.6683 	EXP 	window1: mouseVisible = True
15.6683 	EXP 	window1: mouseVisible = True
15.6683 	EXP 	window1: mouseVisible = True
15.6683 	EXP 	window1: mouseVisible = True
15.6684 	EXP 	window1: mouseVisible = True
15.6684 	EXP 	window1: mouseVisible = True
15.6684 	EXP 	window1: mouseVisible = True
15.6685 	EXP 	window1: mouseVisible = True
15.6685 	EXP 	window1: mouseVisible = True
15.6685 	EXP 	window1: mouseVisible = True
15.6685 	EXP 	window1: mouseVisible = True
15.6686 	EXP 	window1: mouseVisible = True
15.6686 	EXP 	window1: mouseVisible = True
15.6686 	EXP 	window1: mouseVisible = True
15.6687 	EXP 	window1: mouseVisible = True
15.6687 	EXP 	window1: mouseVisible = True
15.6687 	EXP 	window1: mouseVisible = True
15.6688 	EXP 	window1: mouseVisible = True
15.6688 	EXP 	window1: mouseVisible = True
15.6688 	EXP 	window1: mouseVisible = True
15.6688 	EXP 	window1: mouseVisible = True
15.6689 	EXP 	window1: mouseVisible = True
15.6689 	EXP 	window1: mouseVisible = True
15.6689 	EXP 	window1: mouseVisible = True
15.6690 	EXP 	window1: mouseVisible = True
15.6690 	EXP 	window1: mouseVisible = True
15.6691 	EXP 	window1: mouseVisible = True
15.6691 	EXP 	window1: mouseVisible = True
15.6691 	EXP 	window1: mouseVisible = True
15.6691 	EXP 	window1: mouseVisible = True
15.6692 	EXP 	window1: mouseVisible = True
15.6692 	EXP 	window1: mouseVisible = True
15.6692 	EXP 	window1: mouseVisible = True
15.6693 	EXP 	window1: mouseVisible = True
15.6693 	EXP 	window1: mouseVisible = True
15.6693 	EXP 	window1: mouseVisible = True
15.6693 	EXP 	window1: mouseVisible = True
15.6694 	EXP 	window1: mouseVisible = True
15.6694 	EXP 	window1: mouseVisible = True
15.6694 	EXP 	window1: mouseVisible = True
15.6695 	EXP 	window1: mouseVisible = True
15.6695 	EXP 	window1: mouseVisible = True
15.6695 	EXP 	window1: mouseVisible = True
15.6696 	EXP 	window1: mouseVisible = True
15.6696 	EXP 	window1: mouseVisible = True
15.6696 	EXP 	window1: mouseVisible = True
15.6696 	EXP 	window1: mouseVisible = True
15.6697 	EXP 	window1: mouseVisible = True
15.6697 	EXP 	window1: mouseVisible = True
15.6697 	EXP 	window1: mouseVisible = True
15.6698 	EXP 	window1: mouseVisible = True
15.6698 	EXP 	window1: mouseVisible = True
15.6698 	EXP 	window1: mouseVisible = True
15.6699 	EXP 	window1: mouseVisible = True
15.6699 	EXP 	window1: mouseVisible = True
15.6699 	EXP 	window1: mouseVisible = True
15.6700 	EXP 	window1: mouseVisible = True
15.6700 	EXP 	window1: mouseVisible = True
15.6700 	EXP 	window1: mouseVisible = True
15.6700 	EXP 	window1: mouseVisible = True
15.6701 	EXP 	window1: mouseVisible = True
15.6701 	EXP 	window1: mouseVisible = True
15.6701 	EXP 	window1: mouseVisible = True
15.6702 	EXP 	window1: mouseVisible = True
15.6702 	EXP 	window1: mouseVisible = True
15.6702 	EXP 	window1: mouseVisible = True
15.6703 	EXP 	window1: mouseVisible = True
15.6703 	EXP 	window1: mouseVisible = True
15.6703 	EXP 	window1: mouseVisible = True
15.6703 	EXP 	window1: mouseVisible = True
15.6704 	EXP 	window1: mouseVisible = True
15.6704 	EXP 	window1: mouseVisible = True
15.6704 	EXP 	window1: mouseVisible = True
15.6705 	EXP 	window1: mouseVisible = True
15.6705 	EXP 	window1: mouseVisible = True
15.6705 	EXP 	window1: mouseVisible = True
15.6705 	EXP 	window1: mouseVisible = True
15.6706 	EXP 	window1: mouseVisible = True
15.6706 	EXP 	window1: mouseVisible = True
15.6706 	EXP 	window1: mouseVisible = True
15.6707 	EXP 	window1: mouseVisible = True
15.6707 	EXP 	window1: mouseVisible = True
15.6707 	EXP 	window1: mouseVisible = True
15.6708 	EXP 	window1: mouseVisible = True
15.6708 	EXP 	window1: mouseVisible = True
15.6708 	EXP 	window1: mouseVisible = True
15.6708 	EXP 	window1: mouseVisible = True
15.6709 	EXP 	window1: mouseVisible = True
15.6709 	EXP 	window1: mouseVisible = True
15.6709 	EXP 	window1: mouseVisible = True
15.6710 	EXP 	window1: mouseVisible = True
15.6710 	EXP 	window1: mouseVisible = True
15.6711 	EXP 	window1: mouseVisible = True
15.6711 	EXP 	window1: mouseVisible = True
15.6711 	EXP 	window1: mouseVisible = True
15.6711 	EXP 	window1: mouseVisible = True
15.6712 	EXP 	window1: mouseVisible = True
15.6712 	EXP 	window1: mouseVisible = True
15.6712 	EXP 	window1: mouseVisible = True
15.6713 	EXP 	window1: mouseVisible = True
15.6713 	EXP 	window1: mouseVisible = True
15.6713 	EXP 	window1: mouseVisible = True
15.6714 	EXP 	window1: mouseVisible = True
15.6714 	EXP 	window1: mouseVisible = True
15.6714 	EXP 	window1: mouseVisible = True
15.6715 	EXP 	window1: mouseVisible = True
15.6715 	EXP 	window1: mouseVisible = True
15.6715 	EXP 	window1: mouseVisible = True
15.6715 	EXP 	window1: mouseVisible = True
15.6716 	EXP 	window1: mouseVisible = True
15.6716 	EXP 	window1: mouseVisible = True
15.6716 	EXP 	window1: mouseVisible = True
15.6717 	EXP 	window1: mouseVisible = True
15.6717 	EXP 	window1: mouseVisible = True
15.6717 	EXP 	window1: mouseVisible = True
15.6718 	EXP 	window1: mouseVisible = True
15.6718 	EXP 	window1: mouseVisible = True
15.6718 	EXP 	window1: mouseVisible = True
15.6719 	EXP 	window1: mouseVisible = True
15.6719 	EXP 	window1: mouseVisible = True
15.6719 	EXP 	window1: mouseVisible = True
15.6720 	EXP 	window1: mouseVisible = True
15.6720 	EXP 	window1: mouseVisible = True
15.6721 	EXP 	window1: mouseVisible = True
15.6721 	EXP 	window1: mouseVisible = True
15.6722 	EXP 	window1: mouseVisible = True
15.6722 	EXP 	window1: mouseVisible = True
15.6722 	EXP 	window1: mouseVisible = True
15.6723 	EXP 	window1: mouseVisible = True
15.6723 	EXP 	window1: mouseVisible = True
15.6723 	EXP 	window1: mouseVisible = True
15.6724 	EXP 	window1: mouseVisible = True
15.6724 	EXP 	window1: mouseVisible = True
15.6724 	EXP 	window1: mouseVisible = True
15.6725 	EXP 	window1: mouseVisible = True
15.6725 	EXP 	window1: mouseVisible = True
15.6725 	EXP 	window1: mouseVisible = True
15.6726 	EXP 	window1: mouseVisible = True
15.6726 	EXP 	window1: mouseVisible = True
