9.7345 	WARNING 	Monitor specification not found. Creating a temporary one...
9.7563 	WARNING 	User requested fullscreen with size [800 600], but screen is actually [1280, 1024]. Using actual size
10.3382 	EXP 	Created window1 = Window(allowGUI=True, allowStencil=False, autoLog=True, backendConf=UNKNOWN, bitsMode=UNKNOWN, blendMode='avg', bpc=(8, 8, 8), color=array([0, 0, 0]), colorSpace='rgb', depthBits=8, fullscr=<method-wrapper '__getattribute__' of attributeSetter object at 0x0000023A4AB89CD0>, gamma=None, gammaErrorPolicy='raise', lms=UNKNOWN, monitor=<psychopy.monitors.calibTools.Monitor object at 0x0000023A4B09D490>, multiSample=False, name='window1', numSamples=2, pos=(0, 0), screen=0, size=array([1280, 1024]), stencilBits=0, stereo=False, units='pix', useFBO=False, useRetina=False, viewOri=0.0, viewPos=None, viewScale=None, waitBlanking=True, winType='pyglet')
10.3382 	EXP 	window1: mouseVisible = True
10.3389 	EXP 	window1: mouseVisible = False
10.7675 	DATA 	Keypress: space
11.7473 	DATA 	Keypress: o
11.7480 	EXP 	window1: units = 'pix'
11.7741 	WARNING 	User requested fullscreen with size [1280  720], but screen is actually [1280, 1024]. Using actual size
12.2064 	EXP 	Created window1 = Window(allowGUI=False, allowStencil=False, autoLog=True, backendConf=UNKNOWN, bitsMode=UNKNOWN, blendMode='avg', bpc=(8, 8, 8), color=array([0, 0, 0]), colorSpace='rgb', depthBits=8, fullscr=<method-wrapper '__getattribute__' of attributeSetter object at 0x0000023A4AB89CD0>, gamma=None, gammaErrorPolicy='raise', lms=UNKNOWN, monitor=<psychopy.monitors.calibTools.Monitor object at 0x0000023A51E9E0D0>, multiSample=False, name='window1', numSamples=2, pos=(0, 0), screen=0, size=array([1280, 1024]), stencilBits=0, stereo=False, units='height', useFBO=True, useRetina=False, viewOri=0.0, viewPos=None, viewScale=None, waitBlanking=True, winType='pyglet')
12.2067 	EXP 	window1: mouseVisible = True
12.2067 	EXP 	window1: Attempting to measure frame rate of screen (0) ...
12.2067 	EXP 	window1: recordFrameIntervals = False
12.2395 	DATA 	Keypress: space
12.3728 	EXP 	window1: recordFrameIntervals = True
12.5563 	EXP 	Screen (0) actual frame rate measured at 59.88Hz
12.5564 	EXP 	window1: recordFrameIntervals = False
12.7489 	EXP 	Created Instructions = TextStim(__class__=<class 'psychopy.visual.text.TextStim'>, alignHoriz=method-wrapper(...), alignText='center', alignVert=method-wrapper(...), anchorHoriz='center', anchorVert='center', antialias=True, autoDraw=False, autoLog=True, bold=False, color=array([1, 1, 1]), colorSpace='rgb', contrast=1.0, depth=0.0, flipHoriz=False, flipVert=False, font='Arial', fontFiles=[], height=0.03, italic=False, languageStyle='LTR', name='Instructions', opacity=1.0, ori=0, pos=array([0., 0.]), rgb=UNKNOWN, text=str(...), units='height', win=Window(...), wrapWidth=1)
12.7526 	EXP 	Created Triplet1 = ImageStim(__class__=<class 'psychopy.visual.image.ImageStim'>, anchor=('center', 'center'), autoLog=True, color=array([1, 1, 1]), colorSpace='rgb', contrast=1.0, depth=-1.0, flipHoriz=False, flipVert=False, image='sin', interpolate=True, mask=None, maskParams=None, name='Triplet1', opacity=1.0, ori=0.0, pos=array([0., 0.]), size=array([0.25, 0.25]), texRes=128, units='height', win=Window(...))
12.7593 	EXP 	Created Triplet2 = ImageStim(__class__=<class 'psychopy.visual.image.ImageStim'>, anchor=('center', 'center'), autoLog=True, color=array([1, 1, 1]), colorSpace='rgb', contrast=1.0, depth=-2.0, flipHoriz=False, flipVert=False, image='sin', interpolate=True, mask=None, maskParams=None, name='Triplet2', opacity=1.0, ori=0.0, pos=array([0., 0.]), size=array([0.25, 0.25]), texRes=128, units='height', win=Window(...))
12.7649 	EXP 	Created Triplet3 = ImageStim(__class__=<class 'psychopy.visual.image.ImageStim'>, anchor=('center', 'center'), autoLog=True, color=array([1, 1, 1]), colorSpace='rgb', contrast=1.0, depth=-3.0, flipHoriz=False, flipVert=False, image='sin', interpolate=True, mask=None, maskParams=None, name='Triplet3', opacity=1.0, ori=0.0, pos=array([0., 0.]), size=array([0.25, 0.25]), texRes=128, units='height', win=Window(...))
12.7744 	EXP 	Sound sound_pop set volume 1.000
12.7834 	EXP 	Sound sound_pop2 set volume 1.000
12.7926 	EXP 	Sound sound_pop3 set volume 1.000
12.8173 	EXP 	Created fix = ImageStim(__class__=<class 'psychopy.visual.image.ImageStim'>, anchor=('center', 'center'), autoLog=True, color=array([1, 1, 1]), colorSpace='rgb', contrast=1.0, depth=0.0, flipHoriz=False, flipVert=False, image='images/fixation.png', interpolate=True, mask=None, maskParams=None, name='fix', opacity=1.0, ori=0.0, pos=array([0., 0.]), size=array([0.1 , 0.05]), texRes=128, units='height', win=Window(...))
12.9086 	EXP 	Created Mask = ImageStim(__class__=<class 'psychopy.visual.image.ImageStim'>, anchor=('center', 'center'), autoLog=True, color=array([1, 1, 1]), colorSpace='rgb', contrast=1.0, depth=0.0, flipHoriz=False, flipVert=False, image='images/Mask.png', interpolate=True, mask=None, maskParams=None, name='Mask', opacity=1.0, ori=0.0, pos=array([0., 0.]), size=array([1.5, 0.5]), texRes=128, units='height', win=Window(...))
12.9137 	EXP 	Created img1 = ImageStim(__class__=<class 'psychopy.visual.image.ImageStim'>, anchor=('center', 'center'), autoLog=True, color=array([1, 1, 1]), colorSpace='rgb', contrast=1.0, depth=-1.0, flipHoriz=False, flipVert=False, image='sin', interpolate=True, mask=None, maskParams=None, name='img1', opacity=1.0, ori=0.0, pos=array([0., 0.]), size=array([0.25, 0.25]), texRes=128, units='height', win=Window(...))
12.9179 	EXP 	Created img2 = ImageStim(__class__=<class 'psychopy.visual.image.ImageStim'>, anchor=('center', 'center'), autoLog=True, color=array([1, 1, 1]), colorSpace='rgb', contrast=1.0, depth=-2.0, flipHoriz=False, flipVert=False, image='sin', interpolate=True, mask=None, maskParams=None, name='img2', opacity=1.0, ori=0.0, pos=array([0., 0.]), size=array([0.25, 0.25]), texRes=128, units='height', win=Window(...))
12.9255 	EXP 	Created img3 = ImageStim(__class__=<class 'psychopy.visual.image.ImageStim'>, anchor=('center', 'center'), autoLog=True, color=array([1, 1, 1]), colorSpace='rgb', contrast=1.0, depth=-3.0, flipHoriz=False, flipVert=False, image='sin', interpolate=True, mask=None, maskParams=None, name='img3', opacity=1.0, ori=0.0, pos=array([0., 0.]), size=array([0.25, 0.25]), texRes=128, units='height', win=Window(...))
12.9343 	EXP 	Sound sound_pop4 set volume 1.000
12.9432 	EXP 	Sound sound_pop5 set volume 1.000
12.9520 	EXP 	Sound sound_pop6 set volume 1.000
12.9573 	EXP 	Created text_2 = TextStim(__class__=<class 'psychopy.visual.text.TextStim'>, alignHoriz=method-wrapper(...), alignText='center', alignVert=method-wrapper(...), anchorHoriz='center', anchorVert='center', antialias=True, autoDraw=False, autoLog=True, bold=False, color=array([1, 1, 1]), colorSpace='rgb', contrast=1.0, depth=0.0, flipHoriz=False, flipVert=False, font='Arial', fontFiles=[], height=0.03, italic=False, languageStyle='LTR', name='text_2', opacity=1.0, ori=0, pos=array([0., 0.]), rgb=UNKNOWN, text=str(...), units='height', win=Window(...), wrapWidth=1)
12.9598 	EXP 	Created text = TextStim(__class__=<class 'psychopy.visual.text.TextStim'>, alignHoriz=method-wrapper(...), alignText='center', alignVert=method-wrapper(...), anchorHoriz='center', anchorVert='center', antialias=True, autoDraw=False, autoLog=True, bold=False, color=array([1, 1, 1]), colorSpace='rgb', contrast=1.0, depth=-1.0, flipHoriz=False, flipVert=False, font='Arial', fontFiles=[], height=0.03, italic=False, languageStyle='LTR', name='text', opacity=1.0, ori=0, pos=array([0., 0.]), rgb=UNKNOWN, text=str(...), units='height', win=Window(...), wrapWidth=1)
12.9603 	EXP 	Created sameText = TextStim(__class__=<class 'psychopy.visual.text.TextStim'>, alignHoriz=method-wrapper(...), alignText='center', alignVert=method-wrapper(...), anchorHoriz='center', anchorVert='center', antialias=True, autoDraw=False, autoLog=True, bold=False, color=array([1, 1, 1]), colorSpace='rgb', contrast=1.0, depth=-2.0, flipHoriz=False, flipVert=False, font='Arial', fontFiles=[], height=0.03, italic=False, languageStyle='LTR', name='sameText', opacity=1.0, ori=0, pos=array([-0.2, -0.3]), rgb=UNKNOWN, text='', units='height', win=Window(...), wrapWidth=1)
12.9608 	EXP 	Created diffText = TextStim(__class__=<class 'psychopy.visual.text.TextStim'>, alignHoriz=method-wrapper(...), alignText='center', alignVert=method-wrapper(...), anchorHoriz='center', anchorVert='center', antialias=True, autoDraw=False, autoLog=True, bold=False, color=array([1, 1, 1]), colorSpace='rgb', contrast=1.0, depth=-3.0, flipHoriz=False, flipVert=False, font='Arial', fontFiles=[], height=0.03, italic=False, languageStyle='LTR', name='diffText', opacity=1.0, ori=0, pos=array([ 0.2, -0.3]), rgb=UNKNOWN, text='', units='height', win=Window(...), wrapWidth=1)
12.9616 	EXP 	Created leftCL = Rect(__class__=<class 'psychopy.visual.rect.Rect'>, anchor=('center', 'center'), autoDraw=False, autoLog=True, closeShape=True, color=method-wrapper(...), colorSpace='rgb', contrast=None, depth=-4.0, fillColor=array([1., 1., 1.]), fillColorSpace='rgb', fillRGB=array([1., 1., 1.]), interpolate=True, lineColor=array([1, 1, 1]), lineColorSpace='rgb', lineRGB=array([1, 1, 1]), lineWidth=3, name='leftCL', opacity=0.5, ori=0.0, pos=array([-0.2, -0.3]), size=array([-0.2, -0.2]), units='height', vertices=ndarray(...), win=Window(...))
12.9624 	EXP 	Created rightCL = Rect(__class__=<class 'psychopy.visual.rect.Rect'>, anchor=('center', 'center'), autoDraw=False, autoLog=True, closeShape=True, color=method-wrapper(...), colorSpace='rgb', contrast=None, depth=-5.0, fillColor=array([1., 1., 1.]), fillColorSpace='rgb', fillRGB=array([1., 1., 1.]), interpolate=True, lineColor=array([1, 1, 1]), lineColorSpace='rgb', lineRGB=array([1, 1, 1]), lineWidth=3, name='rightCL', opacity=0.5, ori=0.0, pos=array([ 0.2, -0.3]), size=array([0.2, 0.2]), units='height', vertices=ndarray(...), win=Window(...))
12.9625 	EXP 	window1: mouseVisible = True
12.9629 	EXP 	Sound clickedSound set volume 1.000
12.9665 	EXP 	Created retIMG = ImageStim(__class__=<class 'psychopy.visual.image.ImageStim'>, anchor=('center', 'center'), autoLog=True, color=array([1, 1, 1]), colorSpace='rgb', contrast=1.0, depth=-1.0, flipHoriz=False, flipVert=False, image='sin', interpolate=True, mask=None, maskParams=None, name='retIMG', opacity=1.0, ori=0.0, pos=array([0., 0.]), size=array([0.25, 0.25]), texRes=128, units='height', win=Window(...))
12.9754 	EXP 	Sound sound_pop7 set volume 1.000
12.9778 	EXP 	Created question_text = TextStim(__class__=<class 'psychopy.visual.text.TextStim'>, alignHoriz=method-wrapper(...), alignText='center', alignVert=method-wrapper(...), anchorHoriz='center', anchorVert='center', antialias=True, autoDraw=False, autoLog=True, bold=False, color=array([1, 1, 1]), colorSpace='rgb', contrast=1.0, depth=0.0, flipHoriz=False, flipVert=False, font='Arial', fontFiles=[], height=0.03, italic=False, languageStyle='LTR', name='question_text', opacity=1.0, ori=0, pos=array([0. , 0.3]), rgb=UNKNOWN, text='When did you see this object?', units='height', win=Window(...), wrapWidth=1)
12.9801 	EXP 	Created decisionQ_2 = TextStim(__class__=<class 'psychopy.visual.text.TextStim'>, alignHoriz=method-wrapper(...), alignText='center', alignVert=method-wrapper(...), anchorHoriz='center', anchorVert='center', antialias=True, autoDraw=False, autoLog=True, bold=False, color=array([1, 1, 1]), colorSpace='rgb', contrast=1.0, depth=-1.0, flipHoriz=False, flipVert=False, font='Arial', fontFiles=[], height=0.03, italic=False, languageStyle='LTR', name='decisionQ_2', opacity=1.0, ori=0, pos=array([0. , 0.3]), rgb=UNKNOWN, text='When did you see this object?', units='height', win=Window(...), wrapWidth=1)
12.9808 	EXP 	Created first_left = Rect(__class__=<class 'psychopy.visual.rect.Rect'>, anchor=('center', 'center'), autoDraw=False, autoLog=True, closeShape=True, color=method-wrapper(...), colorSpace='rgb', contrast=None, depth=-2.0, fillColor=array([1, 1, 1]), fillColorSpace='rgb', fillRGB=array([1, 1, 1]), interpolate=True, lineColor=array([1, 1, 1]), lineColorSpace='rgb', lineRGB=array([1, 1, 1]), lineWidth=3, name='first_left', opacity=0.5, ori=0.0, pos=array([0. , 0.1]), size=array([0.15, 0.15]), units='height', vertices=ndarray(...), win=Window(...))
12.9814 	EXP 	Created second_middle = Rect(__class__=<class 'psychopy.visual.rect.Rect'>, anchor=('center', 'center'), autoDraw=False, autoLog=True, closeShape=True, color=method-wrapper(...), colorSpace='rgb', contrast=None, depth=-3.0, fillColor=array([1, 1, 1]), fillColorSpace='rgb', fillRGB=array([1, 1, 1]), interpolate=True, lineColor=array([1, 1, 1]), lineColorSpace='rgb', lineRGB=array([1, 1, 1]), lineWidth=3, name='second_middle', opacity=0.5, ori=0.0, pos=array([ 0. , -0.1]), size=array([0.15, 0.15]), units='height', vertices=ndarray(...), win=Window(...))
12.9821 	EXP 	Created third_right = Rect(__class__=<class 'psychopy.visual.rect.Rect'>, anchor=('center', 'center'), autoDraw=False, autoLog=True, closeShape=True, color=method-wrapper(...), colorSpace='rgb', contrast=None, depth=-4.0, fillColor=array([1, 1, 1]), fillColorSpace='rgb', fillRGB=array([1, 1, 1]), interpolate=True, lineColor=array([1, 1, 1]), lineColorSpace='rgb', lineRGB=array([1, 1, 1]), lineWidth=3, name='third_right', opacity=0.5, ori=0.0, pos=array([ 0. , -0.3]), size=array([0.15, 0.15]), units='height', vertices=ndarray(...), win=Window(...))
12.9845 	EXP 	Created First = TextStim(__class__=<class 'psychopy.visual.text.TextStim'>, alignHoriz=method-wrapper(...), alignText='center', alignVert=method-wrapper(...), anchorHoriz='center', anchorVert='center', antialias=True, autoDraw=False, autoLog=True, bold=False, color=array([1, 1, 1]), colorSpace='rgb', contrast=1.0, depth=-5.0, flipHoriz=False, flipVert=False, font='Arial', fontFiles=[], height=0.03, italic=False, languageStyle='LTR', name='First', opacity=1.0, ori=0, pos=array([0. , 0.1]), rgb=UNKNOWN, text='First', units='height', win=Window(...), wrapWidth=1)
12.9865 	EXP 	Created Second = TextStim(__class__=<class 'psychopy.visual.text.TextStim'>, alignHoriz=method-wrapper(...), alignText='center', alignVert=method-wrapper(...), anchorHoriz='center', anchorVert='center', antialias=True, autoDraw=False, autoLog=True, bold=False, color=array([1, 1, 1]), colorSpace='rgb', contrast=1.0, depth=-6.0, flipHoriz=False, flipVert=False, font='Arial', fontFiles=[], height=0.03, italic=False, languageStyle='LTR', name='Second', opacity=1.0, ori=0, pos=array([ 0. , -0.1]), rgb=UNKNOWN, text='Second', units='height', win=Window(...), wrapWidth=1)
12.9885 	EXP 	Created Third = TextStim(__class__=<class 'psychopy.visual.text.TextStim'>, alignHoriz=method-wrapper(...), alignText='center', alignVert=method-wrapper(...), anchorHoriz='center', anchorVert='center', antialias=True, autoDraw=False, autoLog=True, bold=False, color=array([1, 1, 1]), colorSpace='rgb', contrast=1.0, depth=-7.0, flipHoriz=False, flipVert=False, font='Arial', fontFiles=[], height=0.03, italic=False, languageStyle='LTR', name='Third', opacity=1.0, ori=0, pos=array([ 0. , -0.3]), rgb=UNKNOWN, text='Third', units='height', win=Window(...), wrapWidth=1)
12.9886 	EXP 	window1: mouseVisible = True
12.9890 	EXP 	Sound clickedSound set volume 1.000
12.9956 	EXP 	Created BlockBreak = TextStim(__class__=<class 'psychopy.visual.text.TextStim'>, alignHoriz=method-wrapper(...), alignText='center', alignVert=method-wrapper(...), anchorHoriz='center', anchorVert='center', antialias=True, autoDraw=False, autoLog=True, bold=False, color=array([1, 1, 1]), colorSpace='rgb', contrast=1.0, depth=0.0, flipHoriz=False, flipVert=False, font='Arial', fontFiles=[], height=0.03, italic=False, languageStyle='LTR', name='BlockBreak', opacity=1.0, ori=0, pos=array([0., 0.]), rgb=UNKNOWN, text=str(...), units='height', win=Window(...), wrapWidth=1)
13.0095 	EXP 	Created text_4 = TextStim(__class__=<class 'psychopy.visual.text.TextStim'>, alignHoriz=method-wrapper(...), alignText='center', alignVert=method-wrapper(...), anchorHoriz='center', anchorVert='center', antialias=True, autoDraw=False, autoLog=True, bold=False, color=array([1, 1, 1]), colorSpace='rgb', contrast=1.0, depth=-1.0, flipHoriz=False, flipVert=False, font='Open Sans', fontFiles=[], height=0.03, italic=False, languageStyle='LTR', name='text_4', opacity=1.0, ori=0.0, pos=array([0., 0.]), rgb=UNKNOWN, text=str(...), units='height', win=Window(...), wrapWidth=1)
13.0133 	EXP 	Created Triplet1 = ImageStim(__class__=<class 'psychopy.visual.image.ImageStim'>, anchor=('center', 'center'), autoLog=True, color=array([1, 1, 1]), colorSpace='rgb', contrast=1.0, depth=-1.0, flipHoriz=False, flipVert=False, image='sin', interpolate=True, mask=None, maskParams=None, name='Triplet1', opacity=1.0, ori=0.0, pos=array([0., 0.]), size=array([0.25, 0.25]), texRes=128, units='height', win=Window(...))
13.0176 	EXP 	Created Triplet2 = ImageStim(__class__=<class 'psychopy.visual.image.ImageStim'>, anchor=('center', 'center'), autoLog=True, color=array([1, 1, 1]), colorSpace='rgb', contrast=1.0, depth=-2.0, flipHoriz=False, flipVert=False, image='sin', interpolate=True, mask=None, maskParams=None, name='Triplet2', opacity=1.0, ori=0.0, pos=array([0., 0.]), size=array([0.25, 0.25]), texRes=128, units='height', win=Window(...))
13.0254 	EXP 	Created Triplet3 = ImageStim(__class__=<class 'psychopy.visual.image.ImageStim'>, anchor=('center', 'center'), autoLog=True, color=array([1, 1, 1]), colorSpace='rgb', contrast=1.0, depth=-3.0, flipHoriz=False, flipVert=False, image='sin', interpolate=True, mask=None, maskParams=None, name='Triplet3', opacity=1.0, ori=0.0, pos=array([0., 0.]), size=array([0.25, 0.25]), texRes=128, units='height', win=Window(...))
13.0346 	EXP 	Sound sound_pop set volume 1.000
13.0437 	EXP 	Sound sound_pop2 set volume 1.000
13.0529 	EXP 	Sound sound_pop3 set volume 1.000
13.0755 	EXP 	Created fix = ImageStim(__class__=<class 'psychopy.visual.image.ImageStim'>, anchor=('center', 'center'), autoLog=True, color=array([1, 1, 1]), colorSpace='rgb', contrast=1.0, depth=0.0, flipHoriz=False, flipVert=False, image='images/fixation.png', interpolate=True, mask=None, maskParams=None, name='fix', opacity=1.0, ori=0.0, pos=array([0., 0.]), size=array([0.1 , 0.05]), texRes=128, units='height', win=Window(...))
13.1639 	EXP 	Created Mask = ImageStim(__class__=<class 'psychopy.visual.image.ImageStim'>, anchor=('center', 'center'), autoLog=True, color=array([1, 1, 1]), colorSpace='rgb', contrast=1.0, depth=0.0, flipHoriz=False, flipVert=False, image='images/Mask.png', interpolate=True, mask=None, maskParams=None, name='Mask', opacity=1.0, ori=0.0, pos=array([0., 0.]), size=array([1.5, 0.5]), texRes=128, units='height', win=Window(...))
13.1694 	EXP 	Created img1 = ImageStim(__class__=<class 'psychopy.visual.image.ImageStim'>, anchor=('center', 'center'), autoLog=True, color=array([1, 1, 1]), colorSpace='rgb', contrast=1.0, depth=-1.0, flipHoriz=False, flipVert=False, image='sin', interpolate=True, mask=None, maskParams=None, name='img1', opacity=1.0, ori=0.0, pos=array([0., 0.]), size=array([0.25, 0.25]), texRes=128, units='height', win=Window(...))
13.1747 	EXP 	Created img2 = ImageStim(__class__=<class 'psychopy.visual.image.ImageStim'>, anchor=('center', 'center'), autoLog=True, color=array([1, 1, 1]), colorSpace='rgb', contrast=1.0, depth=-2.0, flipHoriz=False, flipVert=False, image='sin', interpolate=True, mask=None, maskParams=None, name='img2', opacity=1.0, ori=0.0, pos=array([0., 0.]), size=array([0.25, 0.25]), texRes=128, units='height', win=Window(...))
13.1791 	EXP 	Created img3 = ImageStim(__class__=<class 'psychopy.visual.image.ImageStim'>, anchor=('center', 'center'), autoLog=True, color=array([1, 1, 1]), colorSpace='rgb', contrast=1.0, depth=-3.0, flipHoriz=False, flipVert=False, image='sin', interpolate=True, mask=None, maskParams=None, name='img3', opacity=1.0, ori=0.0, pos=array([0., 0.]), size=array([0.25, 0.25]), texRes=128, units='height', win=Window(...))
13.1882 	EXP 	Sound sound_pop4 set volume 1.000
13.1971 	EXP 	Sound sound_pop5 set volume 1.000
13.2062 	EXP 	Sound sound_pop6 set volume 1.000
13.2098 	EXP 	Created text_2 = TextStim(__class__=<class 'psychopy.visual.text.TextStim'>, alignHoriz=method-wrapper(...), alignText='center', alignVert=method-wrapper(...), anchorHoriz='center', anchorVert='center', antialias=True, autoDraw=False, autoLog=True, bold=False, color=array([1, 1, 1]), colorSpace='rgb', contrast=1.0, depth=0.0, flipHoriz=False, flipVert=False, font='Arial', fontFiles=[], height=0.03, italic=False, languageStyle='LTR', name='text_2', opacity=1.0, ori=0, pos=array([0., 0.]), rgb=UNKNOWN, text=str(...), units='height', win=Window(...), wrapWidth=1)
13.2123 	EXP 	Created text = TextStim(__class__=<class 'psychopy.visual.text.TextStim'>, alignHoriz=method-wrapper(...), alignText='center', alignVert=method-wrapper(...), anchorHoriz='center', anchorVert='center', antialias=True, autoDraw=False, autoLog=True, bold=False, color=array([1, 1, 1]), colorSpace='rgb', contrast=1.0, depth=-1.0, flipHoriz=False, flipVert=False, font='Arial', fontFiles=[], height=0.03, italic=False, languageStyle='LTR', name='text', opacity=1.0, ori=0, pos=array([0., 0.]), rgb=UNKNOWN, text=str(...), units='height', win=Window(...), wrapWidth=1)
13.2128 	EXP 	Created sameText = TextStim(__class__=<class 'psychopy.visual.text.TextStim'>, alignHoriz=method-wrapper(...), alignText='center', alignVert=method-wrapper(...), anchorHoriz='center', anchorVert='center', antialias=True, autoDraw=False, autoLog=True, bold=False, color=array([1, 1, 1]), colorSpace='rgb', contrast=1.0, depth=-2.0, flipHoriz=False, flipVert=False, font='Arial', fontFiles=[], height=0.03, italic=False, languageStyle='LTR', name='sameText', opacity=1.0, ori=0, pos=array([-0.2, -0.3]), rgb=UNKNOWN, text='', units='height', win=Window(...), wrapWidth=1)
13.2133 	EXP 	Created diffText = TextStim(__class__=<class 'psychopy.visual.text.TextStim'>, alignHoriz=method-wrapper(...), alignText='center', alignVert=method-wrapper(...), anchorHoriz='center', anchorVert='center', antialias=True, autoDraw=False, autoLog=True, bold=False, color=array([1, 1, 1]), colorSpace='rgb', contrast=1.0, depth=-3.0, flipHoriz=False, flipVert=False, font='Arial', fontFiles=[], height=0.03, italic=False, languageStyle='LTR', name='diffText', opacity=1.0, ori=0, pos=array([ 0.2, -0.3]), rgb=UNKNOWN, text='', units='height', win=Window(...), wrapWidth=1)
13.2142 	EXP 	Created leftCL = Rect(__class__=<class 'psychopy.visual.rect.Rect'>, anchor=('center', 'center'), autoDraw=False, autoLog=True, closeShape=True, color=method-wrapper(...), colorSpace='rgb', contrast=None, depth=-4.0, fillColor=array([1., 1., 1.]), fillColorSpace='rgb', fillRGB=array([1., 1., 1.]), interpolate=True, lineColor=array([1, 1, 1]), lineColorSpace='rgb', lineRGB=array([1, 1, 1]), lineWidth=3, name='leftCL', opacity=0.5, ori=0.0, pos=array([-0.2, -0.3]), size=array([-0.2, -0.2]), units='height', vertices=ndarray(...), win=Window(...))
13.2151 	EXP 	Created rightCL = Rect(__class__=<class 'psychopy.visual.rect.Rect'>, anchor=('center', 'center'), autoDraw=False, autoLog=True, closeShape=True, color=method-wrapper(...), colorSpace='rgb', contrast=None, depth=-5.0, fillColor=array([1., 1., 1.]), fillColorSpace='rgb', fillRGB=array([1., 1., 1.]), interpolate=True, lineColor=array([1, 1, 1]), lineColorSpace='rgb', lineRGB=array([1, 1, 1]), lineWidth=3, name='rightCL', opacity=0.5, ori=0.0, pos=array([ 0.2, -0.3]), size=array([0.2, 0.2]), units='height', vertices=ndarray(...), win=Window(...))
13.2151 	EXP 	window1: mouseVisible = True
13.2156 	EXP 	Sound clickedSound set volume 1.000
13.2192 	EXP 	Created retIMG = ImageStim(__class__=<class 'psychopy.visual.image.ImageStim'>, anchor=('center', 'center'), autoLog=True, color=array([1, 1, 1]), colorSpace='rgb', contrast=1.0, depth=-1.0, flipHoriz=False, flipVert=False, image='sin', interpolate=True, mask=None, maskParams=None, name='retIMG', opacity=1.0, ori=0.0, pos=array([0., 0.]), size=array([0.25, 0.25]), texRes=128, units='height', win=Window(...))
13.2283 	EXP 	Sound sound_pop7 set volume 1.000
13.2307 	EXP 	Created question_text = TextStim(__class__=<class 'psychopy.visual.text.TextStim'>, alignHoriz=method-wrapper(...), alignText='center', alignVert=method-wrapper(...), anchorHoriz='center', anchorVert='center', antialias=True, autoDraw=False, autoLog=True, bold=False, color=array([1, 1, 1]), colorSpace='rgb', contrast=1.0, depth=0.0, flipHoriz=False, flipVert=False, font='Arial', fontFiles=[], height=0.03, italic=False, languageStyle='LTR', name='question_text', opacity=1.0, ori=0, pos=array([0. , 0.3]), rgb=UNKNOWN, text='When did you see this object?', units='height', win=Window(...), wrapWidth=1)
13.2329 	EXP 	Created decisionQ_2 = TextStim(__class__=<class 'psychopy.visual.text.TextStim'>, alignHoriz=method-wrapper(...), alignText='center', alignVert=method-wrapper(...), anchorHoriz='center', anchorVert='center', antialias=True, autoDraw=False, autoLog=True, bold=False, color=array([1, 1, 1]), colorSpace='rgb', contrast=1.0, depth=-1.0, flipHoriz=False, flipVert=False, font='Arial', fontFiles=[], height=0.03, italic=False, languageStyle='LTR', name='decisionQ_2', opacity=1.0, ori=0, pos=array([0. , 0.3]), rgb=UNKNOWN, text='When did you see this object?', units='height', win=Window(...), wrapWidth=1)
13.2337 	EXP 	Created first_left = Rect(__class__=<class 'psychopy.visual.rect.Rect'>, anchor=('center', 'center'), autoDraw=False, autoLog=True, closeShape=True, color=method-wrapper(...), colorSpace='rgb', contrast=None, depth=-2.0, fillColor=array([1, 1, 1]), fillColorSpace='rgb', fillRGB=array([1, 1, 1]), interpolate=True, lineColor=array([1, 1, 1]), lineColorSpace='rgb', lineRGB=array([1, 1, 1]), lineWidth=3, name='first_left', opacity=0.5, ori=0.0, pos=array([0. , 0.1]), size=array([0.15, 0.15]), units='height', vertices=ndarray(...), win=Window(...))
13.2344 	EXP 	Created second_middle = Rect(__class__=<class 'psychopy.visual.rect.Rect'>, anchor=('center', 'center'), autoDraw=False, autoLog=True, closeShape=True, color=method-wrapper(...), colorSpace='rgb', contrast=None, depth=-3.0, fillColor=array([1, 1, 1]), fillColorSpace='rgb', fillRGB=array([1, 1, 1]), interpolate=True, lineColor=array([1, 1, 1]), lineColorSpace='rgb', lineRGB=array([1, 1, 1]), lineWidth=3, name='second_middle', opacity=0.5, ori=0.0, pos=array([ 0. , -0.1]), size=array([0.15, 0.15]), units='height', vertices=ndarray(...), win=Window(...))
13.2351 	EXP 	Created third_right = Rect(__class__=<class 'psychopy.visual.rect.Rect'>, anchor=('center', 'center'), autoDraw=False, autoLog=True, closeShape=True, color=method-wrapper(...), colorSpace='rgb', contrast=None, depth=-4.0, fillColor=array([1, 1, 1]), fillColorSpace='rgb', fillRGB=array([1, 1, 1]), interpolate=True, lineColor=array([1, 1, 1]), lineColorSpace='rgb', lineRGB=array([1, 1, 1]), lineWidth=3, name='third_right', opacity=0.5, ori=0.0, pos=array([ 0. , -0.3]), size=array([0.15, 0.15]), units='height', vertices=ndarray(...), win=Window(...))
13.2379 	EXP 	Created First = TextStim(__class__=<class 'psychopy.visual.text.TextStim'>, alignHoriz=method-wrapper(...), alignText='center', alignVert=method-wrapper(...), anchorHoriz='center', anchorVert='center', antialias=True, autoDraw=False, autoLog=True, bold=False, color=array([1, 1, 1]), colorSpace='rgb', contrast=1.0, depth=-5.0, flipHoriz=False, flipVert=False, font='Arial', fontFiles=[], height=0.03, italic=False, languageStyle='LTR', name='First', opacity=1.0, ori=0, pos=array([0. , 0.1]), rgb=UNKNOWN, text='First', units='height', win=Window(...), wrapWidth=1)
13.2400 	EXP 	Created Second = TextStim(__class__=<class 'psychopy.visual.text.TextStim'>, alignHoriz=method-wrapper(...), alignText='center', alignVert=method-wrapper(...), anchorHoriz='center', anchorVert='center', antialias=True, autoDraw=False, autoLog=True, bold=False, color=array([1, 1, 1]), colorSpace='rgb', contrast=1.0, depth=-6.0, flipHoriz=False, flipVert=False, font='Arial', fontFiles=[], height=0.03, italic=False, languageStyle='LTR', name='Second', opacity=1.0, ori=0, pos=array([ 0. , -0.1]), rgb=UNKNOWN, text='Second', units='height', win=Window(...), wrapWidth=1)
13.2424 	EXP 	Created Third = TextStim(__class__=<class 'psychopy.visual.text.TextStim'>, alignHoriz=method-wrapper(...), alignText='center', alignVert=method-wrapper(...), anchorHoriz='center', anchorVert='center', antialias=True, autoDraw=False, autoLog=True, bold=False, color=array([1, 1, 1]), colorSpace='rgb', contrast=1.0, depth=-7.0, flipHoriz=False, flipVert=False, font='Arial', fontFiles=[], height=0.03, italic=False, languageStyle='LTR', name='Third', opacity=1.0, ori=0, pos=array([ 0. , -0.3]), rgb=UNKNOWN, text='Third', units='height', win=Window(...), wrapWidth=1)
13.2425 	EXP 	window1: mouseVisible = True
13.2430 	EXP 	Sound clickedSound set volume 1.000
13.2458 	EXP 	Created end = TextStim(__class__=<class 'psychopy.visual.text.TextStim'>, alignHoriz=method-wrapper(...), alignText='center', alignVert=method-wrapper(...), anchorHoriz='center', anchorVert='center', antialias=True, autoDraw=False, autoLog=True, bold=False, color=array([1, 1, 1]), colorSpace='rgb', contrast=1.0, depth=0.0, flipHoriz=False, flipVert=False, font='Arial', fontFiles=[], height=0.03, italic=False, languageStyle='LTR', name='end', opacity=1.0, ori=0, pos=array([0., 0.]), rgb=UNKNOWN, text=str(...), units='height', win=Window(...), wrapWidth=1)
13.2496 	EXP 	Instructions: autoDraw = True
14.3052 	EXP 	Created sequence: random, trialTypes=1, nReps=2, seed=None
14.3053 	EXP 	New trial (rep=0, index=0): None
14.3727 	DATA 	Keypress: space
14.4787 	EXP 	Instructions: autoDraw = False
14.4787 	EXP 	fix: autoDraw = True
16.1712 	EXP 	Sound sound_pop started
16.1761 	EXP 	fix: autoDraw = False
16.1761 	EXP 	fix: autoDraw = False
16.1761 	EXP 	Triplet1: image = 'images/OBJ_16.png'
16.1761 	EXP 	Triplet2: image = 'images/OBJ_6.png'
16.1761 	EXP 	Triplet3: image = 'images/OBJ_173.png'
16.1761 	EXP 	Triplet1: image = 'images/OBJ_16.png'
16.1761 	EXP 	Triplet2: image = 'images/OBJ_6.png'
16.1761 	EXP 	Triplet3: image = 'images/OBJ_173.png'
16.1761 	EXP 	Triplet1: autoDraw = True
16.5578 	EXP 	Sound sound_pop reached end of file
17.6871 	EXP 	Triplet1: autoDraw = False
18.1707 	EXP 	Sound sound_pop2 started
18.1708 	EXP 	Triplet2: autoDraw = True
18.5311 	EXP 	Sound sound_pop2 reached end of file
19.6699 	EXP 	Triplet2: autoDraw = False
20.1701 	EXP 	Sound sound_pop3 started
20.1697 	EXP 	Triplet3: autoDraw = True
20.5285 	EXP 	Sound sound_pop3 reached end of file
21.6699 	EXP 	Triplet3: autoDraw = False
21.6699 	EXP 	Triplet1: autoDraw = False
21.6699 	EXP 	Triplet2: autoDraw = False
21.6699 	EXP 	Triplet3: autoDraw = False
21.6699 	EXP 	Mask: autoDraw = True
23.3190 	EXP 	Sound sound_pop4 started
23.3222 	EXP 	Mask: autoDraw = False
23.3222 	EXP 	Mask: autoDraw = False
23.3222 	EXP 	img1: image = 'images/OBJ_16.png'
23.3222 	EXP 	img2: image = 'images/OBJ_6.png'
23.3222 	EXP 	img3: image = 'images/OBJ_173.png'
23.3222 	EXP 	img1: autoDraw = True
23.6986 	EXP 	Sound sound_pop4 reached end of file
24.8349 	EXP 	img1: autoDraw = False
25.3183 	EXP 	Sound sound_pop5 started
25.3183 	EXP 	img2: autoDraw = True
25.6895 	EXP 	Sound sound_pop5 reached end of file
26.8177 	EXP 	img2: autoDraw = False
27.3177 	EXP 	Sound sound_pop6 started
27.3177 	EXP 	img3: autoDraw = True
27.6785 	EXP 	Sound sound_pop6 reached end of file
28.8173 	EXP 	img3: autoDraw = False
28.8173 	EXP 	img1: autoDraw = False
28.8173 	EXP 	img2: autoDraw = False
28.8173 	EXP 	img3: autoDraw = False
28.8173 	EXP 	text_2: autoDraw = True
29.8172 	EXP 	text_2: autoDraw = False
29.8172 	EXP 	text_2: autoDraw = False
29.8172 	EXP 	sameText: height = 0.03
29.8172 	EXP 	sameText: height = 0.03
29.8172 	EXP 	sameText: height = 0.03
29.8172 	EXP 	sameText: text = 'Same'
29.8172 	EXP 	diffText: height = 0.03
29.8172 	EXP 	diffText: height = 0.03
29.8172 	EXP 	diffText: height = 0.03
29.8172 	EXP 	diffText: text = 'Different'
29.8172 	EXP 	text: autoDraw = True
29.8172 	EXP 	sameText: autoDraw = True
29.8172 	EXP 	diffText: autoDraw = True
29.8172 	EXP 	leftCL: autoDraw = True
29.8172 	EXP 	rightCL: autoDraw = True
30.8171 	DATA 	Mouse: Left button down, pos=(492,264)
30.8335 	EXP 	Sound clickedSound started
30.8334 	EXP 	text: autoDraw = False
30.8334 	EXP 	sameText: autoDraw = False
30.8334 	EXP 	diffText: autoDraw = False
30.8334 	EXP 	leftCL: autoDraw = False
30.8334 	EXP 	rightCL: autoDraw = False
30.9169 	DATA 	Mouse:  Left button up, pos=(492,264)
31.3388 	EXP 	Sound clickedSound stopped
31.3393 	EXP 	New trial (rep=1, index=0): None
31.5125 	EXP 	fix: autoDraw = True
33.1163 	EXP 	Sound sound_pop started
33.1078 	EXP 	fix: autoDraw = False
33.1078 	EXP 	fix: autoDraw = False
33.1078 	EXP 	Triplet1: image = 'images/OBJ_88.png'
33.1078 	EXP 	Triplet2: image = 'images/OBJ_183.png'
33.1078 	EXP 	Triplet3: image = 'images/OBJ_177.png'
33.1078 	EXP 	Triplet1: image = 'images/OBJ_88.png'
33.1078 	EXP 	Triplet2: image = 'images/OBJ_183.png'
33.1078 	EXP 	Triplet3: image = 'images/OBJ_177.png'
33.1078 	EXP 	Triplet1: autoDraw = True
33.4784 	EXP 	Sound sound_pop reached end of file
34.6156 	EXP 	Triplet1: autoDraw = False
35.0986 	EXP 	Sound sound_pop2 started
35.0988 	EXP 	Triplet2: autoDraw = True
35.4593 	EXP 	Sound sound_pop2 reached end of file
36.5980 	EXP 	Triplet2: autoDraw = False
37.0981 	EXP 	Sound sound_pop3 started
37.0983 	EXP 	Triplet3: autoDraw = True
37.4585 	EXP 	Sound sound_pop3 reached end of file
38.5978 	EXP 	Triplet3: autoDraw = False
38.5978 	EXP 	Triplet1: autoDraw = False
38.5978 	EXP 	Triplet2: autoDraw = False
38.5978 	EXP 	Triplet3: autoDraw = False
38.5978 	EXP 	Mask: autoDraw = True
40.1473 	EXP 	Sound sound_pop4 started
40.1351 	EXP 	Mask: autoDraw = False
40.1351 	EXP 	Mask: autoDraw = False
40.1351 	EXP 	img1: image = 'images/OBJ_88.png'
40.1351 	EXP 	img2: image = 'images/OBJ_183.png'
40.1351 	EXP 	img3: image = 'images/OBJ_177.png'
40.1351 	EXP 	img1: autoDraw = True
40.5193 	EXP 	Sound sound_pop4 reached end of file
41.6469 	EXP 	img1: autoDraw = False
42.1299 	EXP 	Sound sound_pop5 started
42.1301 	EXP 	img2: autoDraw = True
42.5001 	EXP 	Sound sound_pop5 reached end of file
43.6295 	EXP 	img2: autoDraw = False
44.1293 	EXP 	Sound sound_pop6 started
44.1295 	EXP 	img3: autoDraw = True
44.4898 	EXP 	Sound sound_pop6 reached end of file
45.6291 	EXP 	img3: autoDraw = False
45.6291 	EXP 	img1: autoDraw = False
45.6291 	EXP 	img2: autoDraw = False
45.6291 	EXP 	img3: autoDraw = False
45.6291 	EXP 	text_2: autoDraw = True
46.6288 	EXP 	text_2: autoDraw = False
46.6288 	EXP 	text_2: autoDraw = False
46.6288 	EXP 	sameText: text = 'Same'
46.6288 	EXP 	diffText: text = 'Different'
46.6288 	EXP 	text: autoDraw = True
46.6288 	EXP 	sameText: autoDraw = True
46.6288 	EXP 	diffText: autoDraw = True
46.6288 	EXP 	leftCL: autoDraw = True
46.6288 	EXP 	rightCL: autoDraw = True
47.2122 	DATA 	Mouse: Left button down, pos=(337,163)
47.2287 	EXP 	Sound clickedSound started
47.2286 	EXP 	text: autoDraw = False
47.2286 	EXP 	sameText: autoDraw = False
47.2286 	EXP 	diffText: autoDraw = False
47.2286 	EXP 	leftCL: autoDraw = False
47.2286 	EXP 	rightCL: autoDraw = False
47.3622 	DATA 	Mouse:  Left button up, pos=(337,163)
47.7295 	EXP 	Sound clickedSound stopped
47.7328 	EXP 	BlockBreak: autoDraw = True
49.0285 	EXP 	Created sequence: random, trialTypes=1, nReps=1, seed=None
49.0286 	EXP 	New trial (rep=0, index=0): None
49.1001 	DATA 	Keypress: space
49.2616 	EXP 	Sound sound_pop7 started
49.2512 	EXP 	BlockBreak: autoDraw = False
49.2512 	EXP 	text_4: autoDraw = False
49.2512 	EXP 	retIMG: image = 'images/OBJ_177.png'
49.2512 	EXP 	retIMG: autoDraw = True
49.6288 	EXP 	Sound sound_pop7 reached end of file
50.7609 	EXP 	retIMG: autoDraw = False
50.7609 	EXP 	retIMG: autoDraw = False
50.7609 	EXP 	question_text: autoDraw = True
51.7606 	EXP 	question_text: autoDraw = False
51.7606 	EXP 	question_text: autoDraw = False
51.7606 	EXP 	decisionQ_2: autoDraw = True
52.7270 	EXP 	first_left: autoDraw = True
52.7270 	EXP 	second_middle: autoDraw = True
52.7270 	EXP 	third_right: autoDraw = True
52.7270 	EXP 	First: autoDraw = True
52.7270 	EXP 	Second: autoDraw = True
52.7270 	EXP 	Third: autoDraw = True
53.3104 	DATA 	Mouse: Left button down, pos=(615,391)
53.3269 	EXP 	Sound clickedSound started
53.3268 	EXP 	decisionQ_2: autoDraw = False
53.3268 	EXP 	first_left: autoDraw = False
53.3268 	EXP 	second_middle: autoDraw = False
53.3268 	EXP 	third_right: autoDraw = False
53.3268 	EXP 	First: autoDraw = False
53.3268 	EXP 	Second: autoDraw = False
53.3268 	EXP 	Third: autoDraw = False
53.4770 	DATA 	Mouse:  Left button up, pos=(615,391)
53.8290 	EXP 	Sound clickedSound stopped
53.8324 	EXP 	Instructions: autoDraw = True
54.8769 	EXP 	Created sequence: random, trialTypes=1, nReps=2, seed=None
54.8770 	EXP 	New trial (rep=0, index=0): None
54.9492 	DATA 	Keypress: space
55.0526 	EXP 	Instructions: autoDraw = False
55.0526 	EXP 	fix: autoDraw = True
56.6095 	EXP 	Sound sound_pop started
56.6068 	EXP 	fix: autoDraw = False
56.6068 	EXP 	fix: autoDraw = False
56.6068 	EXP 	Triplet1: image = 'images/OBJ_54.png'
56.6068 	EXP 	Triplet2: image = 'images/OBJ_187.png'
56.6068 	EXP 	Triplet3: image = 'images/OBJ_15.png'
56.6068 	EXP 	Triplet1: autoDraw = True
56.9794 	EXP 	Sound sound_pop reached end of file
58.1086 	EXP 	Triplet1: autoDraw = False
58.6085 	EXP 	Sound sound_pop2 started
58.6086 	EXP 	Triplet2: autoDraw = True
58.9703 	EXP 	Sound sound_pop2 reached end of file
60.1080 	EXP 	Triplet2: autoDraw = False
60.6080 	EXP 	Sound sound_pop3 started
60.6081 	EXP 	Triplet3: autoDraw = True
60.9697 	EXP 	Sound sound_pop3 reached end of file
62.1076 	EXP 	Triplet3: autoDraw = False
62.1076 	EXP 	Triplet1: autoDraw = False
62.1076 	EXP 	Triplet2: autoDraw = False
62.1076 	EXP 	Triplet3: autoDraw = False
62.1076 	EXP 	Mask: autoDraw = True
63.6569 	EXP 	Sound sound_pop4 started
63.6483 	EXP 	Mask: autoDraw = False
63.6483 	EXP 	Mask: autoDraw = False
63.6483 	EXP 	img1: image = 'images/OBJ_15.png'
63.6483 	EXP 	img2: image = 'images/OBJ_54.png'
63.6483 	EXP 	img3: image = 'images/OBJ_187.png'
63.6483 	EXP 	img1: autoDraw = True
64.0305 	EXP 	Sound sound_pop4 reached end of file
65.1565 	EXP 	img1: autoDraw = False
65.6399 	EXP 	Sound sound_pop5 started
65.6399 	EXP 	img2: autoDraw = True
66.0093 	EXP 	Sound sound_pop5 reached end of file
67.1393 	EXP 	img2: autoDraw = False
67.6391 	EXP 	Sound sound_pop6 started
67.6393 	EXP 	img3: autoDraw = True
68.0003 	EXP 	Sound sound_pop6 reached end of file
69.1389 	EXP 	img3: autoDraw = False
69.1389 	EXP 	img1: autoDraw = False
69.1389 	EXP 	img2: autoDraw = False
69.1389 	EXP 	img3: autoDraw = False
69.1389 	EXP 	text_2: autoDraw = True
70.1386 	EXP 	text_2: autoDraw = False
70.1386 	EXP 	text_2: autoDraw = False
70.1386 	EXP 	sameText: text = 'Same'
70.1386 	EXP 	diffText: text = 'Different'
70.1386 	EXP 	text: autoDraw = True
70.1386 	EXP 	sameText: autoDraw = True
70.1386 	EXP 	diffText: autoDraw = True
70.1386 	EXP 	leftCL: autoDraw = True
70.1386 	EXP 	rightCL: autoDraw = True
70.7053 	DATA 	Mouse: Left button down, pos=(472,275)
70.7218 	EXP 	Sound clickedSound started
70.7218 	EXP 	text: autoDraw = False
70.7218 	EXP 	sameText: autoDraw = False
70.7218 	EXP 	diffText: autoDraw = False
70.7218 	EXP 	leftCL: autoDraw = False
70.7218 	EXP 	rightCL: autoDraw = False
70.8387 	DATA 	Mouse:  Left button up, pos=(472,275)
71.2204 	EXP 	Sound clickedSound stopped
71.2207 	EXP 	New trial (rep=1, index=0): None
71.3925 	EXP 	fix: autoDraw = True
72.9543 	EXP 	Sound sound_pop started
72.9567 	EXP 	fix: autoDraw = False
72.9567 	EXP 	fix: autoDraw = False
72.9567 	EXP 	Triplet1: image = 'images/OBJ_123.png'
72.9567 	EXP 	Triplet2: image = 'images/OBJ_4.png'
72.9567 	EXP 	Triplet3: image = 'images/OBJ_55.png'
72.9567 	EXP 	Triplet1: autoDraw = True
73.3314 	EXP 	Sound sound_pop reached end of file
74.4705 	EXP 	Triplet1: autoDraw = False
74.9540 	EXP 	Sound sound_pop2 started
74.9539 	EXP 	Triplet2: autoDraw = True
75.3205 	EXP 	Sound sound_pop2 reached end of file
76.4534 	EXP 	Triplet2: autoDraw = False
76.9533 	EXP 	Sound sound_pop3 started
76.9533 	EXP 	Triplet3: autoDraw = True
77.3197 	EXP 	Sound sound_pop3 reached end of file
78.4528 	EXP 	Triplet3: autoDraw = False
78.4528 	EXP 	Triplet1: autoDraw = False
78.4528 	EXP 	Triplet2: autoDraw = False
78.4528 	EXP 	Triplet3: autoDraw = False
78.4528 	EXP 	Mask: autoDraw = True
80.0022 	EXP 	Sound sound_pop4 started
79.9980 	EXP 	Mask: autoDraw = False
79.9980 	EXP 	Mask: autoDraw = False
79.9980 	EXP 	img1: image = 'images/OBJ_123.png'
79.9980 	EXP 	img2: image = 'images/OBJ_4.png'
79.9980 	EXP 	img3: image = 'images/OBJ_55.png'
79.9980 	EXP 	img1: autoDraw = True
80.3805 	EXP 	Sound sound_pop4 reached end of file
81.5020 	EXP 	img1: autoDraw = False
81.9850 	EXP 	Sound sound_pop5 started
81.9852 	EXP 	img2: autoDraw = True
82.3512 	EXP 	Sound sound_pop5 reached end of file
83.4847 	EXP 	img2: autoDraw = False
83.9846 	EXP 	Sound sound_pop6 started
83.9845 	EXP 	img3: autoDraw = True
84.3430 	EXP 	Sound sound_pop6 reached end of file
85.4842 	EXP 	img3: autoDraw = False
85.4842 	EXP 	img1: autoDraw = False
85.4842 	EXP 	img2: autoDraw = False
85.4842 	EXP 	img3: autoDraw = False
85.4842 	EXP 	text_2: autoDraw = True
86.4839 	EXP 	text_2: autoDraw = False
86.4839 	EXP 	text_2: autoDraw = False
86.4839 	EXP 	sameText: text = 'Same'
86.4839 	EXP 	diffText: text = 'Different'
86.4839 	EXP 	text: autoDraw = True
86.4839 	EXP 	sameText: autoDraw = True
86.4839 	EXP 	diffText: autoDraw = True
86.4839 	EXP 	leftCL: autoDraw = True
86.4839 	EXP 	rightCL: autoDraw = True
87.6671 	DATA 	Mouse: Left button down, pos=(937,138)
87.6835 	EXP 	Sound clickedSound started
87.6836 	EXP 	text: autoDraw = False
87.6836 	EXP 	sameText: autoDraw = False
87.6836 	EXP 	diffText: autoDraw = False
87.6836 	EXP 	leftCL: autoDraw = False
87.6836 	EXP 	rightCL: autoDraw = False
87.8170 	DATA 	Mouse:  Left button up, pos=(937,138)
88.1918 	EXP 	Sound clickedSound stopped
88.1951 	EXP 	BlockBreak: autoDraw = True
89.4501 	EXP 	Created sequence: random, trialTypes=1, nReps=1, seed=None
89.4503 	EXP 	New trial (rep=0, index=0): None
89.5183 	DATA 	Keypress: space
89.6191 	EXP 	Created sequence: random, trialTypes=1, nReps=1, seed=None
89.6192 	EXP 	New trial (rep=0, index=0): None
89.8169 	EXP 	Sound sound_pop7 started
89.8134 	EXP 	BlockBreak: autoDraw = False
89.8134 	EXP 	text_4: autoDraw = False
89.8134 	EXP 	retIMG: image = None
89.8134 	EXP 	retIMG: autoDraw = True
90.1911 	EXP 	Sound sound_pop7 reached end of file
91.3094 	EXP 	window1: mouseVisible = True
